14:38:15.270 [main                     ] DEBUG Logger               - Configured Logger
14:38:15.300 [main                     ] DEBUG GameApplication      - Logging settings
Title: Suika FXGL
Version: 0.1
Width: 1280
Height: 720
Fullscreen: false
Intro: false
Profiling: false
Single step:false
App Mode: DEVELOPER
Menu Key: ESCAPE
Stage Style: DECORATED
Scene Factory: class com.almasb.fxgl.app.scene.SceneFactory

14:38:15.844 [JavaFX Application Thread] DEBUG FXGLApplication      - Initializing FXGL
14:38:15.849 [JavaFX Application Thread] INFO  Engine               - FXGL-21 (28.12.2023 13.35) on WINDOWS (J:21.0.2 FX:21.0.1)
14:38:15.849 [JavaFX Application Thread] DEBUG Engine               - JRE Vendor Name: Oracle Corporation
14:38:15.850 [JavaFX Application Thread] DEBUG Engine               - Running on OS: Windows 10 version 10.0
14:38:15.850 [JavaFX Application Thread] DEBUG Engine               - Architecture: amd64
14:38:15.850 [JavaFX Application Thread] INFO  Engine               - Source code and latest versions at: https://github.com/AlmasB/FXGL
14:38:15.850 [JavaFX Application Thread] INFO  Engine               -       Ask questions and discuss at: https://github.com/AlmasB/FXGL/discussions
14:38:15.850 [JavaFX Application Thread] INFO  Engine               -              Join the FXGL chat at: https://gitter.im/AlmasB/FXGL
14:38:16.013 [JavaFX Application Thread] DEBUG PrimaryStageWindow   - Creating a JavaFX scene
14:38:16.083 [JavaFX Application Thread] DEBUG PrimaryStageWindow   - Target settings size: 1280.0 x 720.0
14:38:16.084 [JavaFX Application Thread] DEBUG PrimaryStageWindow   - Scaled scene size:    1280.0 x 720.0
14:38:16.084 [JavaFX Application Thread] DEBUG PrimaryStageWindow   - Scaled ratio: (1.0, 1.0)
14:38:16.085 [JavaFX Application Thread] DEBUG PrimaryStageWindow   - Set initial scene to FXGLStartupScene
14:38:16.091 [JavaFX Application Thread] DEBUG PrimaryStageWindow   - Opening main window
14:38:16.219 [JavaFX Application Thread] DEBUG PrimaryStageWindow   - Window border size: (16.0, 39.0)
14:38:16.220 [JavaFX Application Thread] DEBUG PrimaryStageWindow   - Scaled size: 1280.0 x 720.0
14:38:16.220 [JavaFX Application Thread] DEBUG PrimaryStageWindow   - Scaled ratio: (1.0, 1.0)
14:38:16.220 [JavaFX Application Thread] DEBUG PrimaryStageWindow   - Scene size: 1280.0 x 720.0
14:38:16.220 [JavaFX Application Thread] DEBUG PrimaryStageWindow   - Stage size: 1296.0 x 759.0
14:38:16.239 [FXGL Background Thread 1 ] DEBUG Engine               - Initializing environment variables
14:38:16.348 [FXGL Background Thread 1 ] DEBUG FXGLAssetLoaderServi - User app class for loading assets: class com.lucenstuff.fxglgames.suikagame.SuikaGame
14:38:16.348 [FXGL Background Thread 1 ] DEBUG GameApplicationServi - Applying CSS: fxgl_dark.css
14:38:16.352 [FXGL Background Thread 1 ] DEBUG FXGLAssetLoaderServi - Loading from file system: jar:file:/C:/Users/agust/.m2/repository/com/github/almasb/fxgl/21/fxgl-21.jar!/fxglassets/ui/css/fxgl_dark.css
14:38:16.455 [FXGL Background Thread 1 ] DEBUG GameApplicationServi - Initializing application scenes
14:38:16.567 [FXGL Background Thread 1 ] DEBUG GameWorld            - Game world initialized
14:38:16.646 [FXGL Background Thread 1 ] DEBUG PhysicsWorld         - Physics world initialized: appHeight=720, physics.ppm=50,0
14:38:16.646 [FXGL Background Thread 1 ] DEBUG PhysicsWorld         - Using strategy: BRUTE_FORCE
14:38:16.651 [FXGL Background Thread 1 ] DEBUG GameScene            - Game scene initialized: 1280x720
14:38:16.668 [FXGL Background Thread 1 ] DEBUG FXGL.DefaultMenu     - createMenuBodyGameMenu()
14:38:16.689 [FXGL Background Thread 1 ] DEBUG FXGL.DefaultMenu     - createOptionsMenu()
14:38:16.704 [FXGL Background Thread 1 ] DEBUG FXGLAssetLoaderServi - Loading from file system: jar:file:/C:/Users/agust/.m2/repository/com/github/almasb/fxgl/21/fxgl-21.jar!/fxglassets/textures/particles/smoke.png
14:38:16.820 [FXGL Background Thread 1 ] DEBUG FXGLAssetLoaderServi - Loading from file system: jar:file:/C:/Users/agust/.m2/repository/com/github/almasb/fxgl/21/fxgl-21.jar!/fxglassets/textures/particles/trace_horizontal.png
14:38:16.854 [FXGL Background Thread 1 ] DEBUG GameApplicationServi - Application scenes initialized
14:38:16.871 [FXGL Background Thread 1 ] DEBUG SystemBundleService  - Loading FXGL system data
14:38:16.876 [FXGL Background Thread 1 ] DEBUG FileSystemAccess     - Reading from: C:\Users\agust\IdeaProjects\SuikaGameJavaFXGL2\system\fxgl.bundle
14:38:16.888 [FXGL Background Thread 1 ] DEBUG SystemBundleService  - Bundle FXGL: {}
14:38:16.888 [FXGL Background Thread 1 ] DEBUG UpdaterService       - Checking for updates
14:38:16.939 [FXGL Background Thread 1 ] DEBUG FXGLApplication      - Loading default localization
14:38:16.940 [FXGL Background Thread 1 ] DEBUG FXGLAssetLoaderServi - Loading from file system: jar:file:/C:/Users/agust/.m2/repository/com/github/almasb/fxgl/21/fxgl-21.jar!/fxglassets/languages/english.lang
14:38:16.968 [FXGL Background Thread 1 ] INFO  FXGLApplication      - FXGL initialization took: 0,728 sec
14:38:16.969 [JavaFX Application Thread] DEBUG FXGLAssetLoaderServi - Loading from file system: file:/C:/Users/agust/IdeaProjects/SuikaGameJavaFXGL2/target/classes/assets/textures/watermelon_view.png
14:38:16.994 [FXGL Background Thread 4 ] DEBUG FXGLApplication      - Loading fonts
14:38:16.994 [FXGL Background Thread 4 ] DEBUG FXGLAssetLoaderServi - Loading from file system: jar:file:/C:/Users/agust/.m2/repository/com/github/almasb/fxgl/21/fxgl-21.jar!/fxglassets/ui/fonts/VarelaRound-Regular.ttf
14:38:17.026 [JavaFX Application Thread] DEBUG FXGLAssetLoaderServi - Loading from file system: jar:file:/C:/Users/agust/.m2/repository/com/github/almasb/fxgl/21/fxgl-21.jar!/fxglassets/textures/fxgl_default_cursor.png
14:38:17.038 [JavaFX Application Thread] DEBUG Input                - Registered new binding: Screenshot - CTRL+8
14:38:17.039 [JavaFX Application Thread] DEBUG Input                - Registered new binding: Dev Options - 1
14:38:17.039 [JavaFX Application Thread] DEBUG Input                - Registered new binding: Dev Console - 2
14:38:17.040 [JavaFX Application Thread] DEBUG Input                - Registered new binding: System info dump - CTRL+9
14:38:17.040 [JavaFX Application Thread] DEBUG Input                - Registered new binding: Restart - CTRL+R
14:38:17.041 [JavaFX Application Thread] DEBUG Input                - Registered new binding: Toggle Debug Camera - CTRL+7
14:38:17.045 [JavaFX Application Thread] DEBUG LoopRunner           - Starting loop
14:38:17.091 [FXGL Background Thread 4 ] DEBUG FXGLAssetLoaderServi - Loading from file system: jar:file:/C:/Users/agust/.m2/repository/com/github/almasb/fxgl/21/fxgl-21.jar!/fxglassets/ui/fonts/Abel-Regular.ttf
14:38:17.102 [JavaFX Application Thread] DEBUG LoopRunner           - Initializing JavaFX AnimationTimerLoop
14:38:17.105 [JavaFX Application Thread] DEBUG GameApplicationServi - Starting new game
14:38:17.105 [JavaFX Application Thread] DEBUG Input                - Clearing active input actions
14:38:17.125 [JavaFX Application Thread] DEBUG GameApplicationServi - Removing overlay from FXGLStartupScene and adding to FXGLLoadingScene
14:38:17.128 [JavaFX Application Thread] DEBUG PrimaryStageWindow   - FXGLStartupScene -> FXGLLoadingScene
14:38:17.128 [JavaFX Application Thread] DEBUG GameApplicationServi - Clearing previous game
14:38:17.128 [JavaFX Application Thread] DEBUG GameScene            - Clearing game scene
14:38:17.128 [JavaFX Application Thread] DEBUG GameWorld            - Clearing game world
14:38:17.129 [JavaFX Application Thread] DEBUG PhysicsWorld         - Clearing physics world
14:38:17.131 [FXGL Background Thread 1 ] DEBUG FXGLApplication      - Initializing game
14:38:17.167 [FXGL Background Thread 4 ] DEBUG FXGLAssetLoaderServi - Loading from file system: jar:file:/C:/Users/agust/.m2/repository/com/github/almasb/fxgl/21/fxgl-21.jar!/fxglassets/ui/fonts/TerminalLandMono-Regular.otf
14:38:17.189 [FXGL Background Thread 1 ] DEBUG FXGLAssetLoaderServi - Loading from file system: file:/C:/Users/agust/IdeaProjects/SuikaGameJavaFXGL2/target/classes/assets/textures/background_view.png
14:38:17.223 [FXGL Background Thread 1 ] DEBUG FXGLAssetLoaderServi - Loading from file system: file:/C:/Users/agust/IdeaProjects/SuikaGameJavaFXGL2/target/classes/assets/textures/container_view.png
14:38:17.407 [FXGL Background Thread 4 ] DEBUG FXGLAssetLoaderServi - Loading from file system: jar:file:/C:/Users/agust/.m2/repository/com/github/almasb/fxgl/21/fxgl-21.jar!/fxglassets/ui/fonts/Courier-Prime.ttf
14:38:17.410 [FXGL Background Thread 1 ] DEBUG FXGLAssetLoaderServi - Loading from file system: file:/C:/Users/agust/IdeaProjects/SuikaGameJavaFXGL2/target/classes/assets/textures/ring_view.png
14:38:17.422 [FXGL Background Thread 1 ] DEBUG FXGLAssetLoaderServi - Loading from file system: file:/C:/Users/agust/IdeaProjects/SuikaGameJavaFXGL2/target/classes/assets/textures/next_fruit_view.png
14:38:17.424 [FXGL Background Thread 1 ] DEBUG FXGLAssetLoaderServi - Loading from file system: file:/C:/Users/agust/IdeaProjects/SuikaGameJavaFXGL2/target/classes/assets/textures/score_view.png
14:38:17.432 [FXGL Background Thread 1 ] DEBUG FXGLAssetLoaderServi - Loading from file system: file:/C:/Users/agust/IdeaProjects/SuikaGameJavaFXGL2/target/classes/assets/textures/lemon_view.png
14:38:17.434 [FXGL Background Thread 1 ] DEBUG FXGLAssetLoaderServi - Loading from file system: file:/C:/Users/agust/IdeaProjects/SuikaGameJavaFXGL2/target/classes/assets/textures/grape_view.png
14:38:17.435 [FXGL Background Thread 1 ] DEBUG FXGLAssetLoaderServi - Loading from file system: file:/C:/Users/agust/IdeaProjects/SuikaGameJavaFXGL2/target/classes/assets/textures/apple_view.png
14:38:17.444 [FXGL Background Thread 1 ] INFO  FXGLApplication      - Game initialization took: 0,313 sec
14:38:17.504 [JavaFX Application Thread] DEBUG Input                - Clearing active input actions
14:38:17.517 [JavaFX Application Thread] DEBUG GameApplicationServi - Removing overlay from FXGLLoadingScene and adding to GameScene
14:38:17.522 [JavaFX Application Thread] DEBUG PrimaryStageWindow   - FXGLLoadingScene -> GameScene
14:38:17.740 [JavaFX Application Thread] DEBUG FXGLApplication      - Registering font factories with UI factory
14:38:18.428 [JavaFX Application Thread] DEBUG FXGLAssetLoaderServi - Loading from file system: file:/C:/Users/agust/IdeaProjects/SuikaGameJavaFXGL2/target/classes/assets/textures/strawberry_view.png
14:38:18.432 [JavaFX Application Thread] DEBUG FXGLAssetLoaderServi - Loading from file system: file:/C:/Users/agust/IdeaProjects/SuikaGameJavaFXGL2/target/classes/assets/sounds/fruit_drop.wav
14:38:19.625 [JavaFX Application Thread] DEBUG FXGLAssetLoaderServi - Loading from file system: file:/C:/Users/agust/IdeaProjects/SuikaGameJavaFXGL2/target/classes/assets/textures/cherry_view.png
14:38:19.937 [FXGL Background Thread 3 ] DEBUG Engine               - Logging environment variables
14:38:19.937 [FXGL Background Thread 3 ] DEBUG Engine               - achievements: []
14:38:19.937 [FXGL Background Thread 3 ] DEBUG Engine               - actualHeight: 720.0
14:38:19.937 [FXGL Background Thread 3 ] DEBUG Engine               - actualHeightProperty: ReadOnlyDoubleProperty [value: 720.0]
14:38:19.937 [FXGL Background Thread 3 ] DEBUG Engine               - actualWidth: 1280.0
14:38:19.937 [FXGL Background Thread 3 ] DEBUG Engine               - actualWidthProperty: ReadOnlyDoubleProperty [value: 1280.0]
14:38:19.938 [FXGL Background Thread 3 ] DEBUG Engine               - appIcon: watermelon_view.png
14:38:19.938 [FXGL Background Thread 3 ] DEBUG Engine               - applicationMode: DEVELOPER
14:38:19.938 [FXGL Background Thread 3 ] DEBUG Engine               - cSSList: [fxgl_dark.css]
14:38:19.938 [FXGL Background Thread 3 ] DEBUG Engine               - collisionDetectionStrategy: BRUTE_FORCE
14:38:19.938 [FXGL Background Thread 3 ] DEBUG Engine               - configClass: Optional.empty
14:38:19.938 [FXGL Background Thread 3 ] DEBUG Engine               - credits: []
14:38:19.938 [FXGL Background Thread 3 ] DEBUG Engine               - defaultCursor: CursorInfo(imageName=fxgl_default_cursor.png, hotspotX=7.0, hotspotY=6.0)
14:38:19.938 [FXGL Background Thread 3 ] DEBUG Engine               - devBBoxColorProperty: ObjectProperty [value: 0xff0000ff]
14:38:19.938 [FXGL Background Thread 3 ] DEBUG Engine               - devEnableDebugCameraProperty: BooleanProperty [value: false]
14:38:19.939 [FXGL Background Thread 3 ] DEBUG Engine               - devSensorColorProperty: ObjectProperty [value: 0xffff00ff]
14:38:19.939 [FXGL Background Thread 3 ] DEBUG Engine               - devShowBBoxProperty: BooleanProperty [value: false]
14:38:19.939 [FXGL Background Thread 3 ] DEBUG Engine               - devShowPositionProperty: BooleanProperty [value: false]
14:38:19.939 [FXGL Background Thread 3 ] DEBUG Engine               - enabledMenuItems: []
14:38:19.939 [FXGL Background Thread 3 ] DEBUG Engine               - engineServices: [class com.almasb.fxgl.app.services.FXGLAssetLoaderService, class com.almasb.fxgl.app.FXGLApplication$GameApplicationService, class com.almasb.fxgl.app.services.FXGLDialogService, class com.almasb.fxgl.app.services.IOTaskExecutorService, class com.almasb.fxgl.io.FileSystemService, class com.almasb.fxgl.localization.LocalizationService, class com.almasb.fxgl.app.services.SystemBundleService, class com.almasb.fxgl.profile.SaveLoadService, class com.almasb.fxgl.ui.FXGLUIFactoryServiceProvider, class com.almasb.fxgl.ui.FXGLDialogFactoryServiceProvider, class com.almasb.fxgl.audio.AudioPlayer, class com.almasb.fxgl.notification.impl.NotificationServiceProvider, class com.almasb.fxgl.achievement.AchievementService, class com.almasb.fxgl.cutscene.CutsceneService, class com.almasb.fxgl.minigames.MiniGameService, class com.almasb.fxgl.net.NetService, class com.almasb.fxgl.app.services.UpdaterService, class com.almasb.fxgl.dev.DevService]
14:38:19.939 [FXGL Background Thread 3 ] DEBUG Engine               - fontGame: Abel-Regular.ttf
14:38:19.939 [FXGL Background Thread 3 ] DEBUG Engine               - fontMono: TerminalLandMono-Regular.otf
14:38:19.939 [FXGL Background Thread 3 ] DEBUG Engine               - fontSizeScaleUI: 1.0
14:38:19.939 [FXGL Background Thread 3 ] DEBUG Engine               - fontText: Courier-Prime.ttf
14:38:19.939 [FXGL Background Thread 3 ] DEBUG Engine               - fontUI: VarelaRound-Regular.ttf
14:38:19.939 [FXGL Background Thread 3 ] DEBUG Engine               - fullScreen: BooleanProperty [value: false]
14:38:19.939 [FXGL Background Thread 3 ] DEBUG Engine               - gameDifficulty: MEDIUM
14:38:19.939 [FXGL Background Thread 3 ] DEBUG Engine               - gameDifficultyProperty: ObjectProperty [value: MEDIUM]
14:38:19.939 [FXGL Background Thread 3 ] DEBUG Engine               - globalMusicVolume: 0.5
14:38:19.940 [FXGL Background Thread 3 ] DEBUG Engine               - globalMusicVolumeProperty: DoubleProperty [value: 0.5]
14:38:19.941 [FXGL Background Thread 3 ] DEBUG Engine               - globalSoundVolume: 0.5
14:38:19.941 [FXGL Background Thread 3 ] DEBUG Engine               - globalSoundVolumeProperty: DoubleProperty [value: 0.5]
14:38:19.941 [FXGL Background Thread 3 ] DEBUG Engine               - height: 720
14:38:19.941 [FXGL Background Thread 3 ] DEBUG Engine               - is3D: false
14:38:19.941 [FXGL Background Thread 3 ] DEBUG Engine               - isAndroid: false
14:38:19.941 [FXGL Background Thread 3 ] DEBUG Engine               - isBrowser: false
14:38:19.942 [FXGL Background Thread 3 ] DEBUG Engine               - isClickFeedbackEnabled: false
14:38:19.942 [FXGL Background Thread 3 ] DEBUG Engine               - isCloseConfirmation: false
14:38:19.943 [FXGL Background Thread 3 ] DEBUG Engine               - isDesktop: true
14:38:19.943 [FXGL Background Thread 3 ] DEBUG Engine               - isDeveloperMenuEnabled: true
14:38:19.943 [FXGL Background Thread 3 ] DEBUG Engine               - isEmbedded: false
14:38:19.943 [FXGL Background Thread 3 ] DEBUG Engine               - isEntityPreloadEnabled: true
14:38:19.944 [FXGL Background Thread 3 ] DEBUG Engine               - isExperimentalTiledLargeMap: false
14:38:19.944 [FXGL Background Thread 3 ] DEBUG Engine               - isFileSystemWriteAllowed: true
14:38:19.944 [FXGL Background Thread 3 ] DEBUG Engine               - isFullScreenAllowed: false
14:38:19.944 [FXGL Background Thread 3 ] DEBUG Engine               - isFullScreenFromStart: false
14:38:19.944 [FXGL Background Thread 3 ] DEBUG Engine               - isGameMenuEnabled: true
14:38:19.944 [FXGL Background Thread 3 ] DEBUG Engine               - isIOS: false
14:38:19.945 [FXGL Background Thread 3 ] DEBUG Engine               - isIntroEnabled: false
14:38:19.945 [FXGL Background Thread 3 ] DEBUG Engine               - isLinux: false
14:38:19.945 [FXGL Background Thread 3 ] DEBUG Engine               - isMac: false
14:38:19.945 [FXGL Background Thread 3 ] DEBUG Engine               - isMainMenuEnabled: false
14:38:19.945 [FXGL Background Thread 3 ] DEBUG Engine               - isManualResizeEnabled: false
14:38:19.945 [FXGL Background Thread 3 ] DEBUG Engine               - isMobile: false
14:38:19.945 [FXGL Background Thread 3 ] DEBUG Engine               - isNative: false
14:38:19.945 [FXGL Background Thread 3 ] DEBUG Engine               - isPauseMusicWhenMinimized: true
14:38:19.945 [FXGL Background Thread 3 ] DEBUG Engine               - isPreserveResizeRatio: false
14:38:19.945 [FXGL Background Thread 3 ] DEBUG Engine               - isProfilingEnabled: false
14:38:19.945 [FXGL Background Thread 3 ] DEBUG Engine               - isScaleAffectedOnResize: true
14:38:19.945 [FXGL Background Thread 3 ] DEBUG Engine               - isSingleStep: false
14:38:19.945 [FXGL Background Thread 3 ] DEBUG Engine               - isUserProfileEnabled: false
14:38:19.945 [FXGL Background Thread 3 ] DEBUG Engine               - isWindows: true
14:38:19.945 [FXGL Background Thread 3 ] DEBUG Engine               - language: ObjectProperty [value: ENGLISH]
14:38:19.945 [FXGL Background Thread 3 ] DEBUG Engine               - menuKey: ESCAPE
14:38:19.945 [FXGL Background Thread 3 ] DEBUG Engine               - mouseSensitivity: 0.2
14:38:19.945 [FXGL Background Thread 3 ] DEBUG Engine               - notificationViewClass: class com.almasb.fxgl.notification.view.XboxNotificationView
14:38:19.945 [FXGL Background Thread 3 ] DEBUG Engine               - pixelsPerMeter: 50.0
14:38:19.945 [FXGL Background Thread 3 ] DEBUG Engine               - platform: WINDOWS
14:38:19.946 [FXGL Background Thread 3 ] DEBUG Engine               - prefHeightProperty: ReadOnlyDoubleProperty [value: 720.0]
14:38:19.946 [FXGL Background Thread 3 ] DEBUG Engine               - prefWidthProperty: ReadOnlyDoubleProperty [value: 1280.0]
14:38:19.946 [FXGL Background Thread 3 ] DEBUG Engine               - profileDir: profiles/
14:38:19.946 [FXGL Background Thread 3 ] DEBUG Engine               - profileName: StringProperty [value: DEFAULT]
14:38:19.946 [FXGL Background Thread 3 ] DEBUG Engine               - randomSeed: -1
14:38:19.946 [FXGL Background Thread 3 ] DEBUG Engine               - runtimeInfo: RuntimeInfo(platform=WINDOWS, version=21, build=28.12.2023 13.35)
14:38:19.946 [FXGL Background Thread 3 ] DEBUG Engine               - saveFileExt: sav
14:38:19.946 [FXGL Background Thread 3 ] DEBUG Engine               - scaledHeightProp$fxgl: DoubleProperty [bound, value: 720.0]
14:38:19.946 [FXGL Background Thread 3 ] DEBUG Engine               - scaledWidthProp$fxgl: DoubleProperty [bound, value: 1280.0]
14:38:19.946 [FXGL Background Thread 3 ] DEBUG Engine               - sceneFactory: com.almasb.fxgl.app.scene.SceneFactory@43fe1680
14:38:19.946 [FXGL Background Thread 3 ] DEBUG Engine               - secondsIn24h: 60
14:38:19.946 [FXGL Background Thread 3 ] DEBUG Engine               - soundMenuBack: menu/back.wav
14:38:19.946 [FXGL Background Thread 3 ] DEBUG Engine               - soundMenuPress: menu/press.wav
14:38:19.947 [FXGL Background Thread 3 ] DEBUG Engine               - soundMenuSelect: menu/select.wav
14:38:19.947 [FXGL Background Thread 3 ] DEBUG Engine               - soundNotification: core/notification.wav
14:38:19.947 [FXGL Background Thread 3 ] DEBUG Engine               - stageStyle: DECORATED
14:38:19.947 [FXGL Background Thread 3 ] DEBUG Engine               - supportedLanguages: [ENGLISH, FRENCH, GERMAN, HUNGARIAN, RUSSIAN]
14:38:19.947 [FXGL Background Thread 3 ] DEBUG Engine               - ticksPerSecond: -1
14:38:19.947 [FXGL Background Thread 3 ] DEBUG Engine               - title: Suika FXGL
14:38:19.947 [FXGL Background Thread 3 ] DEBUG Engine               - urlGithub: https://github.com/AlmasB/FXGL
14:38:19.947 [FXGL Background Thread 3 ] DEBUG Engine               - urlLeaderboard: http://fxgl-top.herokuapp.com/
14:38:19.947 [FXGL Background Thread 3 ] DEBUG Engine               - urlPOM: https://raw.githubusercontent.com/AlmasB/FXGL/release/README.md
14:38:19.947 [FXGL Background Thread 3 ] DEBUG Engine               - userAppClass: class com.lucenstuff.fxglgames.suikagame.SuikaGame
14:38:19.947 [FXGL Background Thread 3 ] DEBUG Engine               - version: 0.1
14:38:19.947 [FXGL Background Thread 3 ] DEBUG Engine               - versionCheckDays: 7
14:38:19.947 [FXGL Background Thread 3 ] DEBUG Engine               - width: 1280
14:38:19.947 [FXGL Background Thread 3 ] DEBUG Engine               - Logging services
14:38:19.947 [FXGL Background Thread 3 ] DEBUG Engine               - class com.almasb.fxgl.app.services.FXGLAssetLoaderService
14:38:19.947 [FXGL Background Thread 3 ] DEBUG Engine               - class com.almasb.fxgl.app.FXGLApplication$GameApplicationService
14:38:19.947 [FXGL Background Thread 3 ] DEBUG Engine               - class com.almasb.fxgl.app.services.FXGLDialogService
14:38:19.948 [FXGL Background Thread 3 ] DEBUG Engine               - class com.almasb.fxgl.app.services.IOTaskExecutorService
14:38:19.948 [FXGL Background Thread 3 ] DEBUG Engine               - class com.almasb.fxgl.io.FileSystemService
14:38:19.948 [FXGL Background Thread 3 ] DEBUG Engine               - class com.almasb.fxgl.localization.LocalizationService
14:38:19.948 [FXGL Background Thread 3 ] DEBUG Engine               - class com.almasb.fxgl.app.services.SystemBundleService
14:38:19.948 [FXGL Background Thread 3 ] DEBUG Engine               - class com.almasb.fxgl.profile.SaveLoadService
14:38:19.948 [FXGL Background Thread 3 ] DEBUG Engine               - class com.almasb.fxgl.ui.FXGLUIFactoryServiceProvider
14:38:19.948 [FXGL Background Thread 3 ] DEBUG Engine               - class com.almasb.fxgl.ui.FXGLDialogFactoryServiceProvider
14:38:19.948 [FXGL Background Thread 3 ] DEBUG Engine               - class com.almasb.fxgl.audio.AudioPlayer
14:38:19.948 [FXGL Background Thread 3 ] DEBUG Engine               - class com.almasb.fxgl.notification.impl.NotificationServiceProvider
14:38:19.948 [FXGL Background Thread 3 ] DEBUG Engine               - class com.almasb.fxgl.achievement.AchievementService
14:38:19.948 [FXGL Background Thread 3 ] DEBUG Engine               - class com.almasb.fxgl.cutscene.CutsceneService
14:38:19.948 [FXGL Background Thread 3 ] DEBUG Engine               - class com.almasb.fxgl.minigames.MiniGameService
14:38:19.948 [FXGL Background Thread 3 ] DEBUG Engine               - class com.almasb.fxgl.net.NetService
14:38:19.948 [FXGL Background Thread 3 ] DEBUG Engine               - class com.almasb.fxgl.app.services.UpdaterService
14:38:19.948 [FXGL Background Thread 3 ] DEBUG Engine               - class com.almasb.fxgl.dev.DevService
14:38:20.556 [JavaFX Application Thread] DEBUG FXGLAssetLoaderServi - Loading from file system: file:/C:/Users/agust/IdeaProjects/SuikaGameJavaFXGL2/target/classes/assets/textures/orange_view.png
14:38:24.657 [JavaFX Application Thread] DEBUG FXGLAssetLoaderServi - Loading from file system: file:/C:/Users/agust/IdeaProjects/SuikaGameJavaFXGL2/target/classes/assets/sounds/fruit_merge.wav
14:38:25.972 [JavaFX Application Thread] DEBUG FXGLApplication      - Exiting FXGL
14:38:25.972 [JavaFX Application Thread] DEBUG LoopRunner           - Stopping loop
14:38:25.972 [JavaFX Application Thread] DEBUG SystemBundleService  - Saving FXGL system data
14:38:25.975 [JavaFX Application Thread] DEBUG FileSystemAccess     - Writing to: C:\Users\agust\IdeaProjects\SuikaGameJavaFXGL2\system\fxgl.bundle
14:38:25.977 [JavaFX Application Thread] DEBUG Async                - Shutting down background threads
14:38:25.977 [JavaFX Application Thread] DEBUG PrimaryStageWindow   - Closing main window
14:38:25.988 [JavaFX Application Thread] DEBUG Logger               - Closing Logger
