18:01:47.653 [main                     ] DEBUG Logger               - Configured Logger
18:01:47.671 [main                     ] DEBUG GameApplication      - Logging settings
Title: Suika FXGL
Version: 0.1
Width: 1280
Height: 720
Fullscreen: false
Intro: false
Profiling: false
Single step:false
App Mode: DEVELOPER
Menu Key: ESCAPE
Stage Style: DECORATED
Scene Factory: class com.almasb.fxgl.app.scene.SceneFactory

18:01:48.061 [JavaFX Application Thread] DEBUG FXGLApplication      - Initializing FXGL
18:01:48.064 [JavaFX Application Thread] INFO  Engine               - FXGL-21 (28.12.2023 13.35) on WINDOWS (J:21.0.2 FX:21.0.1)
18:01:48.064 [JavaFX Application Thread] DEBUG Engine               - JRE Vendor Name: Oracle Corporation
18:01:48.065 [JavaFX Application Thread] DEBUG Engine               - Running on OS: Windows 10 version 10.0
18:01:48.065 [JavaFX Application Thread] DEBUG Engine               - Architecture: amd64
18:01:48.065 [JavaFX Application Thread] INFO  Engine               - Source code and latest versions at: https://github.com/AlmasB/FXGL
18:01:48.065 [JavaFX Application Thread] INFO  Engine               -       Ask questions and discuss at: https://github.com/AlmasB/FXGL/discussions
18:01:48.065 [JavaFX Application Thread] INFO  Engine               -              Join the FXGL chat at: https://gitter.im/AlmasB/FXGL
18:01:48.151 [JavaFX Application Thread] DEBUG PrimaryStageWindow   - Creating a JavaFX scene
18:01:48.190 [JavaFX Application Thread] DEBUG PrimaryStageWindow   - Target settings size: 1280.0 x 720.0
18:01:48.190 [JavaFX Application Thread] DEBUG PrimaryStageWindow   - Scaled scene size:    1280.0 x 720.0
18:01:48.191 [JavaFX Application Thread] DEBUG PrimaryStageWindow   - Scaled ratio: (1.0, 1.0)
18:01:48.192 [JavaFX Application Thread] DEBUG PrimaryStageWindow   - Set initial scene to FXGLStartupScene
18:01:48.194 [JavaFX Application Thread] DEBUG PrimaryStageWindow   - Opening main window
18:01:48.261 [JavaFX Application Thread] DEBUG PrimaryStageWindow   - Window border size: (16.0, 39.0)
18:01:48.261 [JavaFX Application Thread] DEBUG PrimaryStageWindow   - Scaled size: 1280.0 x 720.0
18:01:48.262 [JavaFX Application Thread] DEBUG PrimaryStageWindow   - Scaled ratio: (1.0, 1.0)
18:01:48.262 [JavaFX Application Thread] DEBUG PrimaryStageWindow   - Scene size: 1280.0 x 720.0
18:01:48.262 [JavaFX Application Thread] DEBUG PrimaryStageWindow   - Stage size: 1296.0 x 759.0
18:01:48.267 [FXGL Background Thread 1 ] DEBUG Engine               - Initializing environment variables
18:01:48.304 [FXGL Background Thread 1 ] DEBUG FXGLAssetLoaderServi - User app class for loading assets: class com.lucenstuff.fxglgames.suikagame.SuikaGame
18:01:48.305 [FXGL Background Thread 1 ] DEBUG GameApplicationServi - Applying CSS: fxgl_dark.css
18:01:48.305 [FXGL Background Thread 1 ] DEBUG FXGLAssetLoaderServi - Loading from file system: jar:file:/C:/Users/Fabrizio/.m2/repository/com/github/almasb/fxgl/21/fxgl-21.jar!/fxglassets/ui/css/fxgl_dark.css
18:01:48.339 [FXGL Background Thread 1 ] DEBUG GameApplicationServi - Initializing application scenes
18:01:48.363 [FXGL Background Thread 1 ] DEBUG GameWorld            - Game world initialized
18:01:48.412 [FXGL Background Thread 1 ] DEBUG PhysicsWorld         - Physics world initialized: appHeight=720, physics.ppm=50,0
18:01:48.412 [FXGL Background Thread 1 ] DEBUG PhysicsWorld         - Using strategy: BRUTE_FORCE
18:01:48.416 [FXGL Background Thread 1 ] DEBUG GameScene            - Game scene initialized: 1280x720
18:01:48.424 [FXGL Background Thread 1 ] DEBUG FXGL.DefaultMenu     - createMenuBodyGameMenu()
18:01:48.436 [FXGL Background Thread 1 ] DEBUG FXGL.DefaultMenu     - createOptionsMenu()
18:01:48.445 [FXGL Background Thread 1 ] DEBUG FXGLAssetLoaderServi - Loading from file system: jar:file:/C:/Users/Fabrizio/.m2/repository/com/github/almasb/fxgl/21/fxgl-21.jar!/fxglassets/textures/particles/smoke.png
18:01:48.528 [FXGL Background Thread 1 ] DEBUG FXGLAssetLoaderServi - Loading from file system: jar:file:/C:/Users/Fabrizio/.m2/repository/com/github/almasb/fxgl/21/fxgl-21.jar!/fxglassets/textures/particles/trace_horizontal.png
18:01:48.557 [FXGL Background Thread 1 ] DEBUG GameApplicationServi - Application scenes initialized
18:01:48.566 [FXGL Background Thread 1 ] DEBUG SystemBundleService  - Loading FXGL system data
18:01:48.570 [FXGL Background Thread 1 ] DEBUG FileSystemAccess     - Reading from: D:\Intellij\Project\system\fxgl.bundle
18:01:48.577 [FXGL Background Thread 1 ] DEBUG SystemBundleService  - Bundle FXGL: {}
18:01:48.577 [FXGL Background Thread 1 ] DEBUG UpdaterService       - Checking for updates
18:01:48.599 [FXGL Background Thread 4 ] DEBUG FXGLApplication      - Loading fonts
18:01:48.599 [FXGL Background Thread 4 ] DEBUG FXGLAssetLoaderServi - Loading from file system: jar:file:/C:/Users/Fabrizio/.m2/repository/com/github/almasb/fxgl/21/fxgl-21.jar!/fxglassets/ui/fonts/VarelaRound-Regular.ttf
18:01:48.599 [FXGL Background Thread 1 ] DEBUG FXGLApplication      - Loading default localization
18:01:48.600 [FXGL Background Thread 1 ] DEBUG FXGLAssetLoaderServi - Loading from file system: jar:file:/C:/Users/Fabrizio/.m2/repository/com/github/almasb/fxgl/21/fxgl-21.jar!/fxglassets/languages/english.lang
18:01:48.612 [FXGL Background Thread 1 ] INFO  FXGLApplication      - FXGL initialization took: 0,345 sec
18:01:48.612 [JavaFX Application Thread] DEBUG FXGLAssetLoaderServi - Loading from file system: file:/D:/Intellij/Project/target/classes/assets/textures/watermelon_view.png
18:01:48.622 [FXGL Background Thread 4 ] DEBUG FXGLAssetLoaderServi - Loading from file system: jar:file:/C:/Users/Fabrizio/.m2/repository/com/github/almasb/fxgl/21/fxgl-21.jar!/fxglassets/ui/fonts/Abel-Regular.ttf
18:01:48.630 [FXGL Background Thread 4 ] DEBUG FXGLAssetLoaderServi - Loading from file system: jar:file:/C:/Users/Fabrizio/.m2/repository/com/github/almasb/fxgl/21/fxgl-21.jar!/fxglassets/ui/fonts/TerminalLandMono-Regular.otf
18:01:48.632 [JavaFX Application Thread] DEBUG FXGLAssetLoaderServi - Loading from file system: jar:file:/C:/Users/Fabrizio/.m2/repository/com/github/almasb/fxgl/21/fxgl-21.jar!/fxglassets/textures/fxgl_default_cursor.png
18:01:48.638 [FXGL Background Thread 4 ] DEBUG FXGLAssetLoaderServi - Loading from file system: jar:file:/C:/Users/Fabrizio/.m2/repository/com/github/almasb/fxgl/21/fxgl-21.jar!/fxglassets/ui/fonts/Courier-Prime.ttf
18:01:48.641 [JavaFX Application Thread] DEBUG Input                - Registered new binding: Screenshot - CTRL+8
18:01:48.642 [JavaFX Application Thread] DEBUG Input                - Registered new binding: Dev Options - 1
18:01:48.642 [JavaFX Application Thread] DEBUG Input                - Registered new binding: Dev Console - 2
18:01:48.642 [JavaFX Application Thread] DEBUG Input                - Registered new binding: System info dump - CTRL+9
18:01:48.643 [JavaFX Application Thread] DEBUG Input                - Registered new binding: Restart - CTRL+R
18:01:48.643 [JavaFX Application Thread] DEBUG Input                - Registered new binding: Toggle Debug Camera - CTRL+7
18:01:48.646 [JavaFX Application Thread] DEBUG LoopRunner           - Starting loop
18:01:48.658 [JavaFX Application Thread] DEBUG LoopRunner           - Initializing JavaFX AnimationTimerLoop
18:01:48.659 [JavaFX Application Thread] DEBUG GameApplicationServi - Starting new game
18:01:48.660 [JavaFX Application Thread] DEBUG Input                - Clearing active input actions
18:01:48.668 [JavaFX Application Thread] DEBUG GameApplicationServi - Removing overlay from FXGLStartupScene and adding to FXGLLoadingScene
18:01:48.670 [JavaFX Application Thread] DEBUG PrimaryStageWindow   - FXGLStartupScene -> FXGLLoadingScene
18:01:48.671 [JavaFX Application Thread] DEBUG GameApplicationServi - Clearing previous game
18:01:48.671 [JavaFX Application Thread] DEBUG GameScene            - Clearing game scene
18:01:48.671 [JavaFX Application Thread] DEBUG GameWorld            - Clearing game world
18:01:48.671 [JavaFX Application Thread] DEBUG PhysicsWorld         - Clearing physics world
18:01:48.672 [JavaFX Application Thread] DEBUG FXGLApplication      - Registering font factories with UI factory
18:01:48.672 [FXGL Background Thread 4 ] DEBUG FXGLApplication      - Initializing game
18:01:48.681 [FXGL Background Thread 4 ] DEBUG FXGLAssetLoaderServi - Loading from file system: file:/D:/Intellij/Project/target/classes/assets/textures/background_view.png
18:01:48.705 [FXGL Background Thread 4 ] DEBUG FXGLAssetLoaderServi - Loading from file system: file:/D:/Intellij/Project/target/classes/assets/textures/container_view.png
18:01:48.728 [FXGL Background Thread 4 ] DEBUG FXGLAssetLoaderServi - Loading from file system: file:/D:/Intellij/Project/target/classes/assets/textures/ring_view.png
18:01:48.731 [FXGL Background Thread 4 ] DEBUG FXGLAssetLoaderServi - Loading from file system: file:/D:/Intellij/Project/target/classes/assets/textures/next_fruit_view.png
18:01:48.733 [FXGL Background Thread 4 ] DEBUG FXGLAssetLoaderServi - Loading from file system: file:/D:/Intellij/Project/target/classes/assets/textures/score_view.png
18:01:48.737 [FXGL Background Thread 4 ] DEBUG FXGLAssetLoaderServi - Loading from file system: file:/D:/Intellij/Project/target/classes/assets/textures/lemon_view.png
18:01:48.739 [FXGL Background Thread 4 ] DEBUG FXGLAssetLoaderServi - Loading from file system: file:/D:/Intellij/Project/target/classes/assets/textures/orange_view.png
18:01:48.740 [FXGL Background Thread 4 ] DEBUG FXGLAssetLoaderServi - Loading from file system: file:/D:/Intellij/Project/target/classes/assets/textures/strawberry_view.png
18:01:48.742 [FXGL Background Thread 4 ] INFO  FXGLApplication      - Game initialization took: 0,070 sec
18:01:48.833 [JavaFX Application Thread] DEBUG Input                - Clearing active input actions
18:01:48.844 [JavaFX Application Thread] DEBUG GameApplicationServi - Removing overlay from FXGLLoadingScene and adding to GameScene
18:01:48.847 [JavaFX Application Thread] DEBUG PrimaryStageWindow   - FXGLLoadingScene -> GameScene
18:01:51.337 [JavaFX Application Thread] DEBUG FXGLAssetLoaderServi - Loading from file system: file:/D:/Intellij/Project/target/classes/assets/textures/cherry_view.png
18:01:51.339 [JavaFX Application Thread] DEBUG FXGLAssetLoaderServi - Loading from file system: file:/D:/Intellij/Project/target/classes/assets/sounds/fruit_drop.wav
18:01:51.598 [FXGL Background Thread 3 ] DEBUG Engine               - Logging environment variables
18:01:51.598 [FXGL Background Thread 3 ] DEBUG Engine               - achievements: []
18:01:51.598 [FXGL Background Thread 3 ] DEBUG Engine               - actualHeight: 720.0
18:01:51.598 [FXGL Background Thread 3 ] DEBUG Engine               - actualHeightProperty: ReadOnlyDoubleProperty [value: 720.0]
18:01:51.598 [FXGL Background Thread 3 ] DEBUG Engine               - actualWidth: 1280.0
18:01:51.598 [FXGL Background Thread 3 ] DEBUG Engine               - actualWidthProperty: ReadOnlyDoubleProperty [value: 1280.0]
18:01:51.598 [FXGL Background Thread 3 ] DEBUG Engine               - appIcon: watermelon_view.png
18:01:51.599 [FXGL Background Thread 3 ] DEBUG Engine               - applicationMode: DEVELOPER
18:01:51.599 [FXGL Background Thread 3 ] DEBUG Engine               - cSSList: [fxgl_dark.css]
18:01:51.599 [FXGL Background Thread 3 ] DEBUG Engine               - collisionDetectionStrategy: BRUTE_FORCE
18:01:51.599 [FXGL Background Thread 3 ] DEBUG Engine               - configClass: Optional.empty
18:01:51.599 [FXGL Background Thread 3 ] DEBUG Engine               - credits: []
18:01:51.599 [FXGL Background Thread 3 ] DEBUG Engine               - defaultCursor: CursorInfo(imageName=fxgl_default_cursor.png, hotspotX=7.0, hotspotY=6.0)
18:01:51.599 [FXGL Background Thread 3 ] DEBUG Engine               - devBBoxColorProperty: ObjectProperty [value: 0xff0000ff]
18:01:51.599 [FXGL Background Thread 3 ] DEBUG Engine               - devEnableDebugCameraProperty: BooleanProperty [value: false]
18:01:51.599 [FXGL Background Thread 3 ] DEBUG Engine               - devSensorColorProperty: ObjectProperty [value: 0xffff00ff]
18:01:51.599 [FXGL Background Thread 3 ] DEBUG Engine               - devShowBBoxProperty: BooleanProperty [value: false]
18:01:51.599 [FXGL Background Thread 3 ] DEBUG Engine               - devShowPositionProperty: BooleanProperty [value: false]
18:01:51.599 [FXGL Background Thread 3 ] DEBUG Engine               - enabledMenuItems: []
18:01:51.599 [FXGL Background Thread 3 ] DEBUG Engine               - engineServices: [class com.almasb.fxgl.app.services.FXGLAssetLoaderService, class com.almasb.fxgl.app.FXGLApplication$GameApplicationService, class com.almasb.fxgl.app.services.FXGLDialogService, class com.almasb.fxgl.app.services.IOTaskExecutorService, class com.almasb.fxgl.io.FileSystemService, class com.almasb.fxgl.localization.LocalizationService, class com.almasb.fxgl.app.services.SystemBundleService, class com.almasb.fxgl.profile.SaveLoadService, class com.almasb.fxgl.ui.FXGLUIFactoryServiceProvider, class com.almasb.fxgl.ui.FXGLDialogFactoryServiceProvider, class com.almasb.fxgl.audio.AudioPlayer, class com.almasb.fxgl.notification.impl.NotificationServiceProvider, class com.almasb.fxgl.achievement.AchievementService, class com.almasb.fxgl.cutscene.CutsceneService, class com.almasb.fxgl.minigames.MiniGameService, class com.almasb.fxgl.net.NetService, class com.almasb.fxgl.app.services.UpdaterService, class com.almasb.fxgl.dev.DevService]
18:01:51.600 [FXGL Background Thread 3 ] DEBUG Engine               - fontGame: Abel-Regular.ttf
18:01:51.600 [FXGL Background Thread 3 ] DEBUG Engine               - fontMono: TerminalLandMono-Regular.otf
18:01:51.600 [FXGL Background Thread 3 ] DEBUG Engine               - fontSizeScaleUI: 1.0
18:01:51.600 [FXGL Background Thread 3 ] DEBUG Engine               - fontText: Courier-Prime.ttf
18:01:51.600 [FXGL Background Thread 3 ] DEBUG Engine               - fontUI: VarelaRound-Regular.ttf
18:01:51.600 [FXGL Background Thread 3 ] DEBUG Engine               - fullScreen: BooleanProperty [value: false]
18:01:51.600 [FXGL Background Thread 3 ] DEBUG Engine               - gameDifficulty: MEDIUM
18:01:51.600 [FXGL Background Thread 3 ] DEBUG Engine               - gameDifficultyProperty: ObjectProperty [value: MEDIUM]
18:01:51.600 [FXGL Background Thread 3 ] DEBUG Engine               - globalMusicVolume: 0.5
18:01:51.600 [FXGL Background Thread 3 ] DEBUG Engine               - globalMusicVolumeProperty: DoubleProperty [value: 0.5]
18:01:51.600 [FXGL Background Thread 3 ] DEBUG Engine               - globalSoundVolume: 0.5
18:01:51.600 [FXGL Background Thread 3 ] DEBUG Engine               - globalSoundVolumeProperty: DoubleProperty [value: 0.5]
18:01:51.600 [FXGL Background Thread 3 ] DEBUG Engine               - height: 720
18:01:51.600 [FXGL Background Thread 3 ] DEBUG Engine               - is3D: false
18:01:51.600 [FXGL Background Thread 3 ] DEBUG Engine               - isAndroid: false
18:01:51.600 [FXGL Background Thread 3 ] DEBUG Engine               - isBrowser: false
18:01:51.600 [FXGL Background Thread 3 ] DEBUG Engine               - isClickFeedbackEnabled: false
18:01:51.600 [FXGL Background Thread 3 ] DEBUG Engine               - isCloseConfirmation: false
18:01:51.600 [FXGL Background Thread 3 ] DEBUG Engine               - isDesktop: true
18:01:51.600 [FXGL Background Thread 3 ] DEBUG Engine               - isDeveloperMenuEnabled: true
18:01:51.600 [FXGL Background Thread 3 ] DEBUG Engine               - isEmbedded: false
18:01:51.600 [FXGL Background Thread 3 ] DEBUG Engine               - isEntityPreloadEnabled: true
18:01:51.601 [FXGL Background Thread 3 ] DEBUG Engine               - isExperimentalTiledLargeMap: false
18:01:51.601 [FXGL Background Thread 3 ] DEBUG Engine               - isFileSystemWriteAllowed: true
18:01:51.601 [FXGL Background Thread 3 ] DEBUG Engine               - isFullScreenAllowed: false
18:01:51.601 [FXGL Background Thread 3 ] DEBUG Engine               - isFullScreenFromStart: false
18:01:51.601 [FXGL Background Thread 3 ] DEBUG Engine               - isGameMenuEnabled: true
18:01:51.601 [FXGL Background Thread 3 ] DEBUG Engine               - isIOS: false
18:01:51.601 [FXGL Background Thread 3 ] DEBUG Engine               - isIntroEnabled: false
18:01:51.601 [FXGL Background Thread 3 ] DEBUG Engine               - isLinux: false
18:01:51.601 [FXGL Background Thread 3 ] DEBUG Engine               - isMac: false
18:01:51.601 [FXGL Background Thread 3 ] DEBUG Engine               - isMainMenuEnabled: false
18:01:51.601 [FXGL Background Thread 3 ] DEBUG Engine               - isManualResizeEnabled: false
18:01:51.601 [FXGL Background Thread 3 ] DEBUG Engine               - isMobile: false
18:01:51.601 [FXGL Background Thread 3 ] DEBUG Engine               - isNative: false
18:01:51.601 [FXGL Background Thread 3 ] DEBUG Engine               - isPauseMusicWhenMinimized: true
18:01:51.601 [FXGL Background Thread 3 ] DEBUG Engine               - isPreserveResizeRatio: false
18:01:51.601 [FXGL Background Thread 3 ] DEBUG Engine               - isProfilingEnabled: false
18:01:51.601 [FXGL Background Thread 3 ] DEBUG Engine               - isScaleAffectedOnResize: true
18:01:51.601 [FXGL Background Thread 3 ] DEBUG Engine               - isSingleStep: false
18:01:51.601 [FXGL Background Thread 3 ] DEBUG Engine               - isUserProfileEnabled: false
18:01:51.601 [FXGL Background Thread 3 ] DEBUG Engine               - isWindows: true
18:01:51.601 [FXGL Background Thread 3 ] DEBUG Engine               - language: ObjectProperty [value: ENGLISH]
18:01:51.601 [FXGL Background Thread 3 ] DEBUG Engine               - menuKey: ESCAPE
18:01:51.601 [FXGL Background Thread 3 ] DEBUG Engine               - mouseSensitivity: 0.2
18:01:51.601 [FXGL Background Thread 3 ] DEBUG Engine               - notificationViewClass: class com.almasb.fxgl.notification.view.XboxNotificationView
18:01:51.602 [FXGL Background Thread 3 ] DEBUG Engine               - pixelsPerMeter: 50.0
18:01:51.602 [FXGL Background Thread 3 ] DEBUG Engine               - platform: WINDOWS
18:01:51.602 [FXGL Background Thread 3 ] DEBUG Engine               - prefHeightProperty: ReadOnlyDoubleProperty [value: 720.0]
18:01:51.602 [FXGL Background Thread 3 ] DEBUG Engine               - prefWidthProperty: ReadOnlyDoubleProperty [value: 1280.0]
18:01:51.602 [FXGL Background Thread 3 ] DEBUG Engine               - profileDir: profiles/
18:01:51.602 [FXGL Background Thread 3 ] DEBUG Engine               - profileName: StringProperty [value: DEFAULT]
18:01:51.602 [FXGL Background Thread 3 ] DEBUG Engine               - randomSeed: -1
18:01:51.602 [FXGL Background Thread 3 ] DEBUG Engine               - runtimeInfo: RuntimeInfo(platform=WINDOWS, version=21, build=28.12.2023 13.35)
18:01:51.602 [FXGL Background Thread 3 ] DEBUG Engine               - saveFileExt: sav
18:01:51.602 [FXGL Background Thread 3 ] DEBUG Engine               - scaledHeightProp$fxgl: DoubleProperty [bound, value: 720.0]
18:01:51.602 [FXGL Background Thread 3 ] DEBUG Engine               - scaledWidthProp$fxgl: DoubleProperty [bound, value: 1280.0]
18:01:51.602 [FXGL Background Thread 3 ] DEBUG Engine               - sceneFactory: com.almasb.fxgl.app.scene.SceneFactory@56579beb
18:01:51.602 [FXGL Background Thread 3 ] DEBUG Engine               - secondsIn24h: 60
18:01:51.602 [FXGL Background Thread 3 ] DEBUG Engine               - soundMenuBack: menu/back.wav
18:01:51.602 [FXGL Background Thread 3 ] DEBUG Engine               - soundMenuPress: menu/press.wav
18:01:51.602 [FXGL Background Thread 3 ] DEBUG Engine               - soundMenuSelect: menu/select.wav
18:01:51.602 [FXGL Background Thread 3 ] DEBUG Engine               - soundNotification: core/notification.wav
18:01:51.602 [FXGL Background Thread 3 ] DEBUG Engine               - stageStyle: DECORATED
18:01:51.602 [FXGL Background Thread 3 ] DEBUG Engine               - supportedLanguages: [ENGLISH, FRENCH, GERMAN, HUNGARIAN, RUSSIAN]
18:01:51.602 [FXGL Background Thread 3 ] DEBUG Engine               - ticksPerSecond: -1
18:01:51.603 [FXGL Background Thread 3 ] DEBUG Engine               - title: Suika FXGL
18:01:51.603 [FXGL Background Thread 3 ] DEBUG Engine               - urlGithub: https://github.com/AlmasB/FXGL
18:01:51.603 [FXGL Background Thread 3 ] DEBUG Engine               - urlLeaderboard: http://fxgl-top.herokuapp.com/
18:01:51.603 [FXGL Background Thread 3 ] DEBUG Engine               - urlPOM: https://raw.githubusercontent.com/AlmasB/FXGL/release/README.md
18:01:51.603 [FXGL Background Thread 3 ] DEBUG Engine               - userAppClass: class com.lucenstuff.fxglgames.suikagame.SuikaGame
18:01:51.603 [FXGL Background Thread 3 ] DEBUG Engine               - version: 0.1
18:01:51.603 [FXGL Background Thread 3 ] DEBUG Engine               - versionCheckDays: 7
18:01:51.603 [FXGL Background Thread 3 ] DEBUG Engine               - width: 1280
18:01:51.603 [FXGL Background Thread 3 ] DEBUG Engine               - Logging services
18:01:51.603 [FXGL Background Thread 3 ] DEBUG Engine               - class com.almasb.fxgl.app.services.FXGLAssetLoaderService
18:01:51.603 [FXGL Background Thread 3 ] DEBUG Engine               - class com.almasb.fxgl.app.FXGLApplication$GameApplicationService
18:01:51.603 [FXGL Background Thread 3 ] DEBUG Engine               - class com.almasb.fxgl.app.services.FXGLDialogService
18:01:51.603 [FXGL Background Thread 3 ] DEBUG Engine               - class com.almasb.fxgl.app.services.IOTaskExecutorService
18:01:51.603 [FXGL Background Thread 3 ] DEBUG Engine               - class com.almasb.fxgl.io.FileSystemService
18:01:51.603 [FXGL Background Thread 3 ] DEBUG Engine               - class com.almasb.fxgl.localization.LocalizationService
18:01:51.603 [FXGL Background Thread 3 ] DEBUG Engine               - class com.almasb.fxgl.app.services.SystemBundleService
18:01:51.603 [FXGL Background Thread 3 ] DEBUG Engine               - class com.almasb.fxgl.profile.SaveLoadService
18:01:51.603 [FXGL Background Thread 3 ] DEBUG Engine               - class com.almasb.fxgl.ui.FXGLUIFactoryServiceProvider
18:01:51.603 [FXGL Background Thread 3 ] DEBUG Engine               - class com.almasb.fxgl.ui.FXGLDialogFactoryServiceProvider
18:01:51.603 [FXGL Background Thread 3 ] DEBUG Engine               - class com.almasb.fxgl.audio.AudioPlayer
18:01:51.603 [FXGL Background Thread 3 ] DEBUG Engine               - class com.almasb.fxgl.notification.impl.NotificationServiceProvider
18:01:51.603 [FXGL Background Thread 3 ] DEBUG Engine               - class com.almasb.fxgl.achievement.AchievementService
18:01:51.604 [FXGL Background Thread 3 ] DEBUG Engine               - class com.almasb.fxgl.cutscene.CutsceneService
18:01:51.604 [FXGL Background Thread 3 ] DEBUG Engine               - class com.almasb.fxgl.minigames.MiniGameService
18:01:51.604 [FXGL Background Thread 3 ] DEBUG Engine               - class com.almasb.fxgl.net.NetService
18:01:51.604 [FXGL Background Thread 3 ] DEBUG Engine               - class com.almasb.fxgl.app.services.UpdaterService
18:01:51.604 [FXGL Background Thread 3 ] DEBUG Engine               - class com.almasb.fxgl.dev.DevService
18:01:58.529 [JavaFX Application Thread] DEBUG FXGLAssetLoaderServi - Loading from file system: file:/D:/Intellij/Project/target/classes/assets/textures/grape_view.png
18:01:59.698 [JavaFX Application Thread] DEBUG FXGLAssetLoaderServi - Loading from file system: file:/D:/Intellij/Project/target/classes/assets/textures/apple_view.png
18:02:09.955 [JavaFX Application Thread] DEBUG FXGLAssetLoaderServi - Loading from file system: file:/D:/Intellij/Project/target/classes/assets/sounds/fruit_merge.wav
18:03:59.429 [JavaFX Application Thread] DEBUG FXGLApplication      - Exiting FXGL
18:03:59.429 [JavaFX Application Thread] DEBUG LoopRunner           - Stopping loop
18:03:59.429 [JavaFX Application Thread] DEBUG SystemBundleService  - Saving FXGL system data
18:03:59.431 [JavaFX Application Thread] DEBUG FileSystemAccess     - Writing to: D:\Intellij\Project\system\fxgl.bundle
18:03:59.433 [JavaFX Application Thread] DEBUG Async                - Shutting down background threads
18:03:59.433 [JavaFX Application Thread] DEBUG PrimaryStageWindow   - Closing main window
18:03:59.441 [JavaFX Application Thread] DEBUG Logger               - Closing Logger
