17:52:51.022 [main                     ] DEBUG Logger               - Configured Logger
17:52:51.040 [main                     ] DEBUG GameApplication      - Logging settings
Title: Suika FXGL
Version: 0.1
Width: 1280
Height: 720
Fullscreen: false
Intro: false
Profiling: false
Single step:false
App Mode: DEVELOPER
Menu Key: ESCAPE
Stage Style: DECORATED
Scene Factory: class com.almasb.fxgl.app.scene.SceneFactory

17:52:51.476 [JavaFX Application Thread] DEBUG FXGLApplication      - Initializing FXGL
17:52:51.479 [JavaFX Application Thread] INFO  Engine               - FXGL-21 (28.12.2023 13.35) on WINDOWS (J:21.0.2 FX:21.0.1)
17:52:51.480 [JavaFX Application Thread] DEBUG Engine               - JRE Vendor Name: Oracle Corporation
17:52:51.480 [JavaFX Application Thread] DEBUG Engine               - Running on OS: Windows 10 version 10.0
17:52:51.480 [JavaFX Application Thread] DEBUG Engine               - Architecture: amd64
17:52:51.480 [JavaFX Application Thread] INFO  Engine               - Source code and latest versions at: https://github.com/AlmasB/FXGL
17:52:51.480 [JavaFX Application Thread] INFO  Engine               -       Ask questions and discuss at: https://github.com/AlmasB/FXGL/discussions
17:52:51.480 [JavaFX Application Thread] INFO  Engine               -              Join the FXGL chat at: https://gitter.im/AlmasB/FXGL
17:52:51.566 [JavaFX Application Thread] DEBUG PrimaryStageWindow   - Creating a JavaFX scene
17:52:51.607 [JavaFX Application Thread] DEBUG PrimaryStageWindow   - Target settings size: 1280.0 x 720.0
17:52:51.607 [JavaFX Application Thread] DEBUG PrimaryStageWindow   - Scaled scene size:    1280.0 x 720.0
17:52:51.607 [JavaFX Application Thread] DEBUG PrimaryStageWindow   - Scaled ratio: (1.0, 1.0)
17:52:51.608 [JavaFX Application Thread] DEBUG PrimaryStageWindow   - Set initial scene to FXGLStartupScene
17:52:51.610 [JavaFX Application Thread] DEBUG PrimaryStageWindow   - Opening main window
17:52:51.679 [JavaFX Application Thread] DEBUG PrimaryStageWindow   - Window border size: (16.0, 39.0)
17:52:51.679 [JavaFX Application Thread] DEBUG PrimaryStageWindow   - Scaled size: 1280.0 x 720.0
17:52:51.679 [JavaFX Application Thread] DEBUG PrimaryStageWindow   - Scaled ratio: (1.0, 1.0)
17:52:51.679 [JavaFX Application Thread] DEBUG PrimaryStageWindow   - Scene size: 1280.0 x 720.0
17:52:51.679 [JavaFX Application Thread] DEBUG PrimaryStageWindow   - Stage size: 1296.0 x 759.0
17:52:51.685 [FXGL Background Thread 1 ] DEBUG Engine               - Initializing environment variables
17:52:51.724 [FXGL Background Thread 1 ] DEBUG FXGLAssetLoaderServi - User app class for loading assets: class com.lucenstuff.fxglgames.suikagame.SuikaGame
17:52:51.724 [FXGL Background Thread 1 ] DEBUG GameApplicationServi - Applying CSS: fxgl_dark.css
17:52:51.725 [FXGL Background Thread 1 ] DEBUG FXGLAssetLoaderServi - Loading from file system: jar:file:/C:/Users/Fabrizio/.m2/repository/com/github/almasb/fxgl/21/fxgl-21.jar!/fxglassets/ui/css/fxgl_dark.css
17:52:51.759 [FXGL Background Thread 1 ] DEBUG GameApplicationServi - Initializing application scenes
17:52:51.784 [FXGL Background Thread 1 ] DEBUG GameWorld            - Game world initialized
17:52:51.836 [FXGL Background Thread 1 ] DEBUG PhysicsWorld         - Physics world initialized: appHeight=720, physics.ppm=50,0
17:52:51.836 [FXGL Background Thread 1 ] DEBUG PhysicsWorld         - Using strategy: BRUTE_FORCE
17:52:51.839 [FXGL Background Thread 1 ] DEBUG GameScene            - Game scene initialized: 1280x720
17:52:51.849 [FXGL Background Thread 1 ] DEBUG FXGL.DefaultMenu     - createMenuBodyGameMenu()
17:52:51.862 [FXGL Background Thread 1 ] DEBUG FXGL.DefaultMenu     - createOptionsMenu()
17:52:51.869 [FXGL Background Thread 1 ] DEBUG FXGLAssetLoaderServi - Loading from file system: jar:file:/C:/Users/Fabrizio/.m2/repository/com/github/almasb/fxgl/21/fxgl-21.jar!/fxglassets/textures/particles/smoke.png
17:52:51.949 [FXGL Background Thread 1 ] DEBUG FXGLAssetLoaderServi - Loading from file system: jar:file:/C:/Users/Fabrizio/.m2/repository/com/github/almasb/fxgl/21/fxgl-21.jar!/fxglassets/textures/particles/trace_horizontal.png
17:52:51.973 [FXGL Background Thread 1 ] DEBUG GameApplicationServi - Application scenes initialized
17:52:51.983 [FXGL Background Thread 1 ] DEBUG SystemBundleService  - Loading FXGL system data
17:52:51.986 [FXGL Background Thread 1 ] DEBUG FileSystemAccess     - Reading from: D:\Intellij\Project\system\fxgl.bundle
17:52:51.994 [FXGL Background Thread 1 ] DEBUG SystemBundleService  - Bundle FXGL: {}
17:52:51.994 [FXGL Background Thread 1 ] DEBUG UpdaterService       - Checking for updates
17:52:52.014 [FXGL Background Thread 4 ] DEBUG FXGLApplication      - Loading fonts
17:52:52.015 [FXGL Background Thread 4 ] DEBUG FXGLAssetLoaderServi - Loading from file system: jar:file:/C:/Users/Fabrizio/.m2/repository/com/github/almasb/fxgl/21/fxgl-21.jar!/fxglassets/ui/fonts/VarelaRound-Regular.ttf
17:52:52.015 [FXGL Background Thread 1 ] DEBUG FXGLApplication      - Loading default localization
17:52:52.015 [FXGL Background Thread 1 ] DEBUG FXGLAssetLoaderServi - Loading from file system: jar:file:/C:/Users/Fabrizio/.m2/repository/com/github/almasb/fxgl/21/fxgl-21.jar!/fxglassets/languages/english.lang
17:52:52.027 [FXGL Background Thread 1 ] INFO  FXGLApplication      - FXGL initialization took: 0,342 sec
17:52:52.028 [JavaFX Application Thread] DEBUG FXGLAssetLoaderServi - Loading from file system: file:/D:/Intellij/Project/target/classes/assets/textures/watermelon_view.png
17:52:52.038 [FXGL Background Thread 4 ] DEBUG FXGLAssetLoaderServi - Loading from file system: jar:file:/C:/Users/Fabrizio/.m2/repository/com/github/almasb/fxgl/21/fxgl-21.jar!/fxglassets/ui/fonts/Abel-Regular.ttf
17:52:52.039 [JavaFX Application Thread] DEBUG FXGLAssetLoaderServi - Loading from file system: jar:file:/C:/Users/Fabrizio/.m2/repository/com/github/almasb/fxgl/21/fxgl-21.jar!/fxglassets/textures/fxgl_default_cursor.png
17:52:52.046 [FXGL Background Thread 4 ] DEBUG FXGLAssetLoaderServi - Loading from file system: jar:file:/C:/Users/Fabrizio/.m2/repository/com/github/almasb/fxgl/21/fxgl-21.jar!/fxglassets/ui/fonts/TerminalLandMono-Regular.otf
17:52:52.050 [JavaFX Application Thread] DEBUG Input                - Registered new binding: Screenshot - CTRL+8
17:52:52.050 [JavaFX Application Thread] DEBUG Input                - Registered new binding: Dev Options - 1
17:52:52.050 [JavaFX Application Thread] DEBUG Input                - Registered new binding: Dev Console - 2
17:52:52.051 [JavaFX Application Thread] DEBUG Input                - Registered new binding: System info dump - CTRL+9
17:52:52.051 [JavaFX Application Thread] DEBUG Input                - Registered new binding: Restart - CTRL+R
17:52:52.051 [JavaFX Application Thread] DEBUG Input                - Registered new binding: Toggle Debug Camera - CTRL+7
17:52:52.053 [JavaFX Application Thread] DEBUG LoopRunner           - Starting loop
17:52:52.054 [FXGL Background Thread 4 ] DEBUG FXGLAssetLoaderServi - Loading from file system: jar:file:/C:/Users/Fabrizio/.m2/repository/com/github/almasb/fxgl/21/fxgl-21.jar!/fxglassets/ui/fonts/Courier-Prime.ttf
17:52:52.065 [JavaFX Application Thread] DEBUG LoopRunner           - Initializing JavaFX AnimationTimerLoop
17:52:52.066 [JavaFX Application Thread] DEBUG GameApplicationServi - Starting new game
17:52:52.066 [JavaFX Application Thread] DEBUG Input                - Clearing active input actions
17:52:52.076 [JavaFX Application Thread] DEBUG GameApplicationServi - Removing overlay from FXGLStartupScene and adding to FXGLLoadingScene
17:52:52.079 [JavaFX Application Thread] DEBUG PrimaryStageWindow   - FXGLStartupScene -> FXGLLoadingScene
17:52:52.079 [JavaFX Application Thread] DEBUG GameApplicationServi - Clearing previous game
17:52:52.079 [JavaFX Application Thread] DEBUG GameScene            - Clearing game scene
17:52:52.079 [JavaFX Application Thread] DEBUG GameWorld            - Clearing game world
17:52:52.080 [JavaFX Application Thread] DEBUG PhysicsWorld         - Clearing physics world
17:52:52.081 [FXGL Background Thread 4 ] DEBUG FXGLApplication      - Initializing game
17:52:52.085 [FXGL Background Thread 4 ] DEBUG FXGLAssetLoaderServi - Loading from file system: file:/D:/Intellij/Project/target/classes/assets/textures/background_view.png
17:52:52.117 [FXGL Background Thread 4 ] DEBUG FXGLAssetLoaderServi - Loading from file system: file:/D:/Intellij/Project/target/classes/assets/textures/container_view.png
17:52:52.144 [FXGL Background Thread 4 ] DEBUG FXGLAssetLoaderServi - Loading from file system: file:/D:/Intellij/Project/target/classes/assets/textures/ring_view.png
17:52:52.147 [FXGL Background Thread 4 ] DEBUG FXGLAssetLoaderServi - Loading from file system: file:/D:/Intellij/Project/target/classes/assets/textures/next_fruit_view.png
17:52:52.149 [FXGL Background Thread 4 ] DEBUG FXGLAssetLoaderServi - Loading from file system: file:/D:/Intellij/Project/target/classes/assets/textures/score_view.png
17:52:52.153 [FXGL Background Thread 4 ] DEBUG FXGLAssetLoaderServi - Loading from file system: file:/D:/Intellij/Project/target/classes/assets/textures/lemon_view.png
17:52:52.154 [FXGL Background Thread 4 ] DEBUG FXGLAssetLoaderServi - Loading from file system: file:/D:/Intellij/Project/target/classes/assets/textures/apple_view.png
17:52:52.156 [FXGL Background Thread 4 ] DEBUG FXGLAssetLoaderServi - Loading from file system: file:/D:/Intellij/Project/target/classes/assets/textures/orange_view.png
17:52:52.158 [FXGL Background Thread 4 ] INFO  FXGLApplication      - Game initialization took: 0,078 sec
17:52:52.250 [JavaFX Application Thread] DEBUG FXGLApplication      - Registering font factories with UI factory
17:52:52.263 [JavaFX Application Thread] DEBUG Input                - Clearing active input actions
17:52:52.273 [JavaFX Application Thread] DEBUG GameApplicationServi - Removing overlay from FXGLLoadingScene and adding to GameScene
17:52:52.278 [JavaFX Application Thread] DEBUG PrimaryStageWindow   - FXGLLoadingScene -> GameScene
17:52:53.471 [JavaFX Application Thread] DEBUG FXGLAssetLoaderServi - Loading from file system: file:/D:/Intellij/Project/target/classes/assets/textures/cherry_view.png
17:52:53.474 [JavaFX Application Thread] DEBUG FXGLAssetLoaderServi - Loading from file system: file:/D:/Intellij/Project/target/classes/assets/sounds/fruit_drop.wav
17:52:53.895 [JavaFX Application Thread] DEBUG FXGLAssetLoaderServi - Loading from file system: file:/D:/Intellij/Project/target/classes/assets/textures/grape_view.png
17:52:54.261 [JavaFX Application Thread] DEBUG FXGLAssetLoaderServi - Loading from file system: file:/D:/Intellij/Project/target/classes/assets/textures/strawberry_view.png
17:52:55.014 [FXGL Background Thread 3 ] DEBUG Engine               - Logging environment variables
17:52:55.014 [FXGL Background Thread 3 ] DEBUG Engine               - achievements: []
17:52:55.014 [FXGL Background Thread 3 ] DEBUG Engine               - actualHeight: 720.0
17:52:55.015 [FXGL Background Thread 3 ] DEBUG Engine               - actualHeightProperty: ReadOnlyDoubleProperty [value: 720.0]
17:52:55.015 [FXGL Background Thread 3 ] DEBUG Engine               - actualWidth: 1280.0
17:52:55.015 [FXGL Background Thread 3 ] DEBUG Engine               - actualWidthProperty: ReadOnlyDoubleProperty [value: 1280.0]
17:52:55.015 [FXGL Background Thread 3 ] DEBUG Engine               - appIcon: watermelon_view.png
17:52:55.015 [FXGL Background Thread 3 ] DEBUG Engine               - applicationMode: DEVELOPER
17:52:55.015 [FXGL Background Thread 3 ] DEBUG Engine               - cSSList: [fxgl_dark.css]
17:52:55.015 [FXGL Background Thread 3 ] DEBUG Engine               - collisionDetectionStrategy: BRUTE_FORCE
17:52:55.015 [FXGL Background Thread 3 ] DEBUG Engine               - configClass: Optional.empty
17:52:55.015 [FXGL Background Thread 3 ] DEBUG Engine               - credits: []
17:52:55.015 [FXGL Background Thread 3 ] DEBUG Engine               - defaultCursor: CursorInfo(imageName=fxgl_default_cursor.png, hotspotX=7.0, hotspotY=6.0)
17:52:55.015 [FXGL Background Thread 3 ] DEBUG Engine               - devBBoxColorProperty: ObjectProperty [value: 0xff0000ff]
17:52:55.016 [FXGL Background Thread 3 ] DEBUG Engine               - devEnableDebugCameraProperty: BooleanProperty [value: false]
17:52:55.016 [FXGL Background Thread 3 ] DEBUG Engine               - devSensorColorProperty: ObjectProperty [value: 0xffff00ff]
17:52:55.016 [FXGL Background Thread 3 ] DEBUG Engine               - devShowBBoxProperty: BooleanProperty [value: false]
17:52:55.016 [FXGL Background Thread 3 ] DEBUG Engine               - devShowPositionProperty: BooleanProperty [value: false]
17:52:55.016 [FXGL Background Thread 3 ] DEBUG Engine               - enabledMenuItems: []
17:52:55.016 [FXGL Background Thread 3 ] DEBUG Engine               - engineServices: [class com.almasb.fxgl.app.services.FXGLAssetLoaderService, class com.almasb.fxgl.app.FXGLApplication$GameApplicationService, class com.almasb.fxgl.app.services.FXGLDialogService, class com.almasb.fxgl.app.services.IOTaskExecutorService, class com.almasb.fxgl.io.FileSystemService, class com.almasb.fxgl.localization.LocalizationService, class com.almasb.fxgl.app.services.SystemBundleService, class com.almasb.fxgl.profile.SaveLoadService, class com.almasb.fxgl.ui.FXGLUIFactoryServiceProvider, class com.almasb.fxgl.ui.FXGLDialogFactoryServiceProvider, class com.almasb.fxgl.audio.AudioPlayer, class com.almasb.fxgl.notification.impl.NotificationServiceProvider, class com.almasb.fxgl.achievement.AchievementService, class com.almasb.fxgl.cutscene.CutsceneService, class com.almasb.fxgl.minigames.MiniGameService, class com.almasb.fxgl.net.NetService, class com.almasb.fxgl.app.services.UpdaterService, class com.almasb.fxgl.dev.DevService]
17:52:55.016 [FXGL Background Thread 3 ] DEBUG Engine               - fontGame: Abel-Regular.ttf
17:52:55.016 [FXGL Background Thread 3 ] DEBUG Engine               - fontMono: TerminalLandMono-Regular.otf
17:52:55.016 [FXGL Background Thread 3 ] DEBUG Engine               - fontSizeScaleUI: 1.0
17:52:55.016 [FXGL Background Thread 3 ] DEBUG Engine               - fontText: Courier-Prime.ttf
17:52:55.016 [FXGL Background Thread 3 ] DEBUG Engine               - fontUI: VarelaRound-Regular.ttf
17:52:55.016 [FXGL Background Thread 3 ] DEBUG Engine               - fullScreen: BooleanProperty [value: false]
17:52:55.016 [FXGL Background Thread 3 ] DEBUG Engine               - gameDifficulty: MEDIUM
17:52:55.016 [FXGL Background Thread 3 ] DEBUG Engine               - gameDifficultyProperty: ObjectProperty [value: MEDIUM]
17:52:55.016 [FXGL Background Thread 3 ] DEBUG Engine               - globalMusicVolume: 0.5
17:52:55.016 [FXGL Background Thread 3 ] DEBUG Engine               - globalMusicVolumeProperty: DoubleProperty [value: 0.5]
17:52:55.016 [FXGL Background Thread 3 ] DEBUG Engine               - globalSoundVolume: 0.5
17:52:55.016 [FXGL Background Thread 3 ] DEBUG Engine               - globalSoundVolumeProperty: DoubleProperty [value: 0.5]
17:52:55.016 [FXGL Background Thread 3 ] DEBUG Engine               - height: 720
17:52:55.016 [FXGL Background Thread 3 ] DEBUG Engine               - is3D: false
17:52:55.016 [FXGL Background Thread 3 ] DEBUG Engine               - isAndroid: false
17:52:55.017 [FXGL Background Thread 3 ] DEBUG Engine               - isBrowser: false
17:52:55.017 [FXGL Background Thread 3 ] DEBUG Engine               - isClickFeedbackEnabled: false
17:52:55.017 [FXGL Background Thread 3 ] DEBUG Engine               - isCloseConfirmation: false
17:52:55.017 [FXGL Background Thread 3 ] DEBUG Engine               - isDesktop: true
17:52:55.017 [FXGL Background Thread 3 ] DEBUG Engine               - isDeveloperMenuEnabled: true
17:52:55.017 [FXGL Background Thread 3 ] DEBUG Engine               - isEmbedded: false
17:52:55.017 [FXGL Background Thread 3 ] DEBUG Engine               - isEntityPreloadEnabled: true
17:52:55.017 [FXGL Background Thread 3 ] DEBUG Engine               - isExperimentalTiledLargeMap: false
17:52:55.017 [FXGL Background Thread 3 ] DEBUG Engine               - isFileSystemWriteAllowed: true
17:52:55.017 [FXGL Background Thread 3 ] DEBUG Engine               - isFullScreenAllowed: false
17:52:55.017 [FXGL Background Thread 3 ] DEBUG Engine               - isFullScreenFromStart: false
17:52:55.017 [FXGL Background Thread 3 ] DEBUG Engine               - isGameMenuEnabled: true
17:52:55.017 [FXGL Background Thread 3 ] DEBUG Engine               - isIOS: false
17:52:55.017 [FXGL Background Thread 3 ] DEBUG Engine               - isIntroEnabled: false
17:52:55.017 [FXGL Background Thread 3 ] DEBUG Engine               - isLinux: false
17:52:55.017 [FXGL Background Thread 3 ] DEBUG Engine               - isMac: false
17:52:55.017 [FXGL Background Thread 3 ] DEBUG Engine               - isMainMenuEnabled: false
17:52:55.018 [FXGL Background Thread 3 ] DEBUG Engine               - isManualResizeEnabled: false
17:52:55.018 [FXGL Background Thread 3 ] DEBUG Engine               - isMobile: false
17:52:55.018 [FXGL Background Thread 3 ] DEBUG Engine               - isNative: false
17:52:55.018 [FXGL Background Thread 3 ] DEBUG Engine               - isPauseMusicWhenMinimized: true
17:52:55.018 [FXGL Background Thread 3 ] DEBUG Engine               - isPreserveResizeRatio: false
17:52:55.018 [FXGL Background Thread 3 ] DEBUG Engine               - isProfilingEnabled: false
17:52:55.018 [FXGL Background Thread 3 ] DEBUG Engine               - isScaleAffectedOnResize: true
17:52:55.018 [FXGL Background Thread 3 ] DEBUG Engine               - isSingleStep: false
17:52:55.018 [FXGL Background Thread 3 ] DEBUG Engine               - isUserProfileEnabled: false
17:52:55.018 [FXGL Background Thread 3 ] DEBUG Engine               - isWindows: true
17:52:55.018 [FXGL Background Thread 3 ] DEBUG Engine               - language: ObjectProperty [value: ENGLISH]
17:52:55.018 [FXGL Background Thread 3 ] DEBUG Engine               - menuKey: ESCAPE
17:52:55.018 [FXGL Background Thread 3 ] DEBUG Engine               - mouseSensitivity: 0.2
17:52:55.018 [FXGL Background Thread 3 ] DEBUG Engine               - notificationViewClass: class com.almasb.fxgl.notification.view.XboxNotificationView
17:52:55.018 [FXGL Background Thread 3 ] DEBUG Engine               - pixelsPerMeter: 50.0
17:52:55.018 [FXGL Background Thread 3 ] DEBUG Engine               - platform: WINDOWS
17:52:55.018 [FXGL Background Thread 3 ] DEBUG Engine               - prefHeightProperty: ReadOnlyDoubleProperty [value: 720.0]
17:52:55.018 [FXGL Background Thread 3 ] DEBUG Engine               - prefWidthProperty: ReadOnlyDoubleProperty [value: 1280.0]
17:52:55.018 [FXGL Background Thread 3 ] DEBUG Engine               - profileDir: profiles/
17:52:55.018 [FXGL Background Thread 3 ] DEBUG Engine               - profileName: StringProperty [value: DEFAULT]
17:52:55.019 [FXGL Background Thread 3 ] DEBUG Engine               - randomSeed: -1
17:52:55.019 [FXGL Background Thread 3 ] DEBUG Engine               - runtimeInfo: RuntimeInfo(platform=WINDOWS, version=21, build=28.12.2023 13.35)
17:52:55.019 [FXGL Background Thread 3 ] DEBUG Engine               - saveFileExt: sav
17:52:55.019 [FXGL Background Thread 3 ] DEBUG Engine               - scaledHeightProp$fxgl: DoubleProperty [bound, value: 720.0]
17:52:55.019 [FXGL Background Thread 3 ] DEBUG Engine               - scaledWidthProp$fxgl: DoubleProperty [bound, value: 1280.0]
17:52:55.019 [FXGL Background Thread 3 ] DEBUG Engine               - sceneFactory: com.almasb.fxgl.app.scene.SceneFactory@448ceed5
17:52:55.019 [FXGL Background Thread 3 ] DEBUG Engine               - secondsIn24h: 60
17:52:55.019 [FXGL Background Thread 3 ] DEBUG Engine               - soundMenuBack: menu/back.wav
17:52:55.019 [FXGL Background Thread 3 ] DEBUG Engine               - soundMenuPress: menu/press.wav
17:52:55.019 [FXGL Background Thread 3 ] DEBUG Engine               - soundMenuSelect: menu/select.wav
17:52:55.019 [FXGL Background Thread 3 ] DEBUG Engine               - soundNotification: core/notification.wav
17:52:55.020 [FXGL Background Thread 3 ] DEBUG Engine               - stageStyle: DECORATED
17:52:55.020 [FXGL Background Thread 3 ] DEBUG Engine               - supportedLanguages: [ENGLISH, FRENCH, GERMAN, HUNGARIAN, RUSSIAN]
17:52:55.020 [FXGL Background Thread 3 ] DEBUG Engine               - ticksPerSecond: -1
17:52:55.020 [FXGL Background Thread 3 ] DEBUG Engine               - title: Suika FXGL
17:52:55.020 [FXGL Background Thread 3 ] DEBUG Engine               - urlGithub: https://github.com/AlmasB/FXGL
17:52:55.020 [FXGL Background Thread 3 ] DEBUG Engine               - urlLeaderboard: http://fxgl-top.herokuapp.com/
17:52:55.020 [FXGL Background Thread 3 ] DEBUG Engine               - urlPOM: https://raw.githubusercontent.com/AlmasB/FXGL/release/README.md
17:52:55.020 [FXGL Background Thread 3 ] DEBUG Engine               - userAppClass: class com.lucenstuff.fxglgames.suikagame.SuikaGame
17:52:55.020 [FXGL Background Thread 3 ] DEBUG Engine               - version: 0.1
17:52:55.020 [FXGL Background Thread 3 ] DEBUG Engine               - versionCheckDays: 7
17:52:55.020 [FXGL Background Thread 3 ] DEBUG Engine               - width: 1280
17:52:55.020 [FXGL Background Thread 3 ] DEBUG Engine               - Logging services
17:52:55.020 [FXGL Background Thread 3 ] DEBUG Engine               - class com.almasb.fxgl.app.services.FXGLAssetLoaderService
17:52:55.020 [FXGL Background Thread 3 ] DEBUG Engine               - class com.almasb.fxgl.app.FXGLApplication$GameApplicationService
17:52:55.020 [FXGL Background Thread 3 ] DEBUG Engine               - class com.almasb.fxgl.app.services.FXGLDialogService
17:52:55.020 [FXGL Background Thread 3 ] DEBUG Engine               - class com.almasb.fxgl.app.services.IOTaskExecutorService
17:52:55.021 [FXGL Background Thread 3 ] DEBUG Engine               - class com.almasb.fxgl.io.FileSystemService
17:52:55.021 [FXGL Background Thread 3 ] DEBUG Engine               - class com.almasb.fxgl.localization.LocalizationService
17:52:55.021 [FXGL Background Thread 3 ] DEBUG Engine               - class com.almasb.fxgl.app.services.SystemBundleService
17:52:55.021 [FXGL Background Thread 3 ] DEBUG Engine               - class com.almasb.fxgl.profile.SaveLoadService
17:52:55.021 [FXGL Background Thread 3 ] DEBUG Engine               - class com.almasb.fxgl.ui.FXGLUIFactoryServiceProvider
17:52:55.021 [FXGL Background Thread 3 ] DEBUG Engine               - class com.almasb.fxgl.ui.FXGLDialogFactoryServiceProvider
17:52:55.021 [FXGL Background Thread 3 ] DEBUG Engine               - class com.almasb.fxgl.audio.AudioPlayer
17:52:55.021 [FXGL Background Thread 3 ] DEBUG Engine               - class com.almasb.fxgl.notification.impl.NotificationServiceProvider
17:52:55.021 [FXGL Background Thread 3 ] DEBUG Engine               - class com.almasb.fxgl.achievement.AchievementService
17:52:55.021 [FXGL Background Thread 3 ] DEBUG Engine               - class com.almasb.fxgl.cutscene.CutsceneService
17:52:55.021 [FXGL Background Thread 3 ] DEBUG Engine               - class com.almasb.fxgl.minigames.MiniGameService
17:52:55.021 [FXGL Background Thread 3 ] DEBUG Engine               - class com.almasb.fxgl.net.NetService
17:52:55.021 [FXGL Background Thread 3 ] DEBUG Engine               - class com.almasb.fxgl.app.services.UpdaterService
17:52:55.021 [FXGL Background Thread 3 ] DEBUG Engine               - class com.almasb.fxgl.dev.DevService
17:52:55.955 [JavaFX Application Thread] DEBUG FXGLAssetLoaderServi - Loading from file system: file:/D:/Intellij/Project/target/classes/assets/textures/pear_view.png
17:52:55.957 [JavaFX Application Thread] DEBUG FXGLAssetLoaderServi - Loading from file system: file:/D:/Intellij/Project/target/classes/assets/sounds/fruit_merge.wav
17:52:59.631 [JavaFX Application Thread] DEBUG FXGLAssetLoaderServi - Loading from file system: file:/D:/Intellij/Project/target/classes/assets/textures/peach_view.png
17:53:23.480 [JavaFX Application Thread] DEBUG FXGLAssetLoaderServi - Loading from file system: file:/D:/Intellij/Project/target/classes/assets/textures/pineapple_view.png
17:53:29.878 [JavaFX Application Thread] DEBUG PrimaryStageWindow   - Push state: DialogSubScene
17:53:29.879 [JavaFX Application Thread] DEBUG Input                - Clearing active input actions
17:53:29.879 [JavaFX Application Thread] DEBUG GameApplicationServi - Removing overlay from GameScene and adding to DialogSubScene
17:53:29.880 [JavaFX Application Thread] DEBUG PrimaryStageWindow   - GameScene -> DialogSubScene
17:53:32.851 [JavaFX Application Thread] DEBUG PrimaryStageWindow   - Pop state: DialogSubScene
17:53:32.851 [JavaFX Application Thread] DEBUG Input                - Clearing active input actions
17:53:32.852 [JavaFX Application Thread] DEBUG GameApplicationServi - Removing overlay from DialogSubScene and adding to GameScene
17:53:32.853 [JavaFX Application Thread] DEBUG PrimaryStageWindow   - GameScene <- DialogSubScene
17:53:34.844 [JavaFX Application Thread] DEBUG FXGLApplication      - Exiting FXGL
17:53:34.844 [JavaFX Application Thread] DEBUG LoopRunner           - Stopping loop
17:53:34.844 [JavaFX Application Thread] DEBUG SystemBundleService  - Saving FXGL system data
17:53:34.845 [JavaFX Application Thread] DEBUG FileSystemAccess     - Writing to: D:\Intellij\Project\system\fxgl.bundle
17:53:34.847 [JavaFX Application Thread] DEBUG Async                - Shutting down background threads
17:53:34.847 [JavaFX Application Thread] DEBUG PrimaryStageWindow   - Closing main window
17:53:34.855 [JavaFX Application Thread] DEBUG Logger               - Closing Logger
