21:40:15.698 [main                     ] DEBUG Logger               - Configured Logger
21:40:15.716 [main                     ] DEBUG GameApplication      - Logging settings
Title: Suika FXGL
Version: 0.1
Width: 1280
Height: 720
Fullscreen: false
Intro: false
Profiling: false
Single step:false
App Mode: DEVELOPER
Menu Key: ESCAPE
Stage Style: DECORATED
Scene Factory: class com.almasb.fxgl.app.scene.SceneFactory

21:40:16.100 [JavaFX Application Thread] DEBUG FXGLApplication      - Initializing FXGL
21:40:16.103 [JavaFX Application Thread] INFO  Engine               - FXGL-21 (28.12.2023 13.35) on WINDOWS (J:21.0.2 FX:21.0.1)
21:40:16.104 [JavaFX Application Thread] DEBUG Engine               - JRE Vendor Name: Oracle Corporation
21:40:16.104 [JavaFX Application Thread] DEBUG Engine               - Running on OS: Windows 10 version 10.0
21:40:16.104 [JavaFX Application Thread] DEBUG Engine               - Architecture: amd64
21:40:16.104 [JavaFX Application Thread] INFO  Engine               - Source code and latest versions at: https://github.com/AlmasB/FXGL
21:40:16.104 [JavaFX Application Thread] INFO  Engine               -       Ask questions and discuss at: https://github.com/AlmasB/FXGL/discussions
21:40:16.104 [JavaFX Application Thread] INFO  Engine               -              Join the FXGL chat at: https://gitter.im/AlmasB/FXGL
21:40:16.189 [JavaFX Application Thread] DEBUG PrimaryStageWindow   - Creating a JavaFX scene
21:40:16.227 [JavaFX Application Thread] DEBUG PrimaryStageWindow   - Target settings size: 1280.0 x 720.0
21:40:16.227 [JavaFX Application Thread] DEBUG PrimaryStageWindow   - Scaled scene size:    1280.0 x 720.0
21:40:16.228 [JavaFX Application Thread] DEBUG PrimaryStageWindow   - Scaled ratio: (1.0, 1.0)
21:40:16.228 [JavaFX Application Thread] DEBUG PrimaryStageWindow   - Set initial scene to FXGLStartupScene
21:40:16.231 [JavaFX Application Thread] DEBUG PrimaryStageWindow   - Opening main window
21:40:16.298 [JavaFX Application Thread] DEBUG PrimaryStageWindow   - Window border size: (16.0, 39.0)
21:40:16.298 [JavaFX Application Thread] DEBUG PrimaryStageWindow   - Scaled size: 1280.0 x 720.0
21:40:16.298 [JavaFX Application Thread] DEBUG PrimaryStageWindow   - Scaled ratio: (1.0, 1.0)
21:40:16.298 [JavaFX Application Thread] DEBUG PrimaryStageWindow   - Scene size: 1280.0 x 720.0
21:40:16.298 [JavaFX Application Thread] DEBUG PrimaryStageWindow   - Stage size: 1296.0 x 759.0
21:40:16.303 [FXGL Background Thread 1 ] DEBUG Engine               - Initializing environment variables
21:40:16.341 [FXGL Background Thread 1 ] DEBUG FXGLAssetLoaderServi - User app class for loading assets: class com.lucenstuff.fxglgames.suikagame.SuikaGame
21:40:16.341 [FXGL Background Thread 1 ] DEBUG GameApplicationServi - Applying CSS: fxgl_dark.css
21:40:16.342 [FXGL Background Thread 1 ] DEBUG FXGLAssetLoaderServi - Loading from file system: jar:file:/C:/Users/Fabrizio/.m2/repository/com/github/almasb/fxgl/21/fxgl-21.jar!/fxglassets/ui/css/fxgl_dark.css
21:40:16.375 [FXGL Background Thread 1 ] DEBUG GameApplicationServi - Initializing application scenes
21:40:16.397 [FXGL Background Thread 1 ] DEBUG GameWorld            - Game world initialized
21:40:16.446 [FXGL Background Thread 1 ] DEBUG PhysicsWorld         - Physics world initialized: appHeight=720, physics.ppm=50,0
21:40:16.447 [FXGL Background Thread 1 ] DEBUG PhysicsWorld         - Using strategy: BRUTE_FORCE
21:40:16.450 [FXGL Background Thread 1 ] DEBUG GameScene            - Game scene initialized: 1280x720
21:40:16.460 [FXGL Background Thread 1 ] DEBUG FXGL.DefaultMenu     - createMenuBodyGameMenu()
21:40:16.472 [FXGL Background Thread 1 ] DEBUG FXGL.DefaultMenu     - createOptionsMenu()
21:40:16.479 [FXGL Background Thread 1 ] DEBUG FXGLAssetLoaderServi - Loading from file system: jar:file:/C:/Users/Fabrizio/.m2/repository/com/github/almasb/fxgl/21/fxgl-21.jar!/fxglassets/textures/particles/smoke.png
21:40:16.564 [FXGL Background Thread 1 ] DEBUG FXGLAssetLoaderServi - Loading from file system: jar:file:/C:/Users/Fabrizio/.m2/repository/com/github/almasb/fxgl/21/fxgl-21.jar!/fxglassets/textures/particles/trace_horizontal.png
21:40:16.594 [FXGL Background Thread 1 ] DEBUG GameApplicationServi - Application scenes initialized
21:40:16.604 [FXGL Background Thread 1 ] DEBUG SystemBundleService  - Loading FXGL system data
21:40:16.607 [FXGL Background Thread 1 ] DEBUG FileSystemAccess     - Reading from: D:\Intellij\Project\system\fxgl.bundle
21:40:16.614 [FXGL Background Thread 1 ] DEBUG SystemBundleService  - Bundle FXGL: {}
21:40:16.614 [FXGL Background Thread 1 ] DEBUG UpdaterService       - Checking for updates
21:40:16.635 [FXGL Background Thread 4 ] DEBUG FXGLApplication      - Loading fonts
21:40:16.636 [FXGL Background Thread 4 ] DEBUG FXGLAssetLoaderServi - Loading from file system: jar:file:/C:/Users/Fabrizio/.m2/repository/com/github/almasb/fxgl/21/fxgl-21.jar!/fxglassets/ui/fonts/VarelaRound-Regular.ttf
21:40:16.636 [FXGL Background Thread 1 ] DEBUG FXGLApplication      - Loading default localization
21:40:16.636 [FXGL Background Thread 1 ] DEBUG FXGLAssetLoaderServi - Loading from file system: jar:file:/C:/Users/Fabrizio/.m2/repository/com/github/almasb/fxgl/21/fxgl-21.jar!/fxglassets/languages/english.lang
21:40:16.648 [FXGL Background Thread 1 ] INFO  FXGLApplication      - FXGL initialization took: 0,345 sec
21:40:16.649 [JavaFX Application Thread] DEBUG FXGLAssetLoaderServi - Loading from file system: file:/D:/Intellij/Project/target/classes/assets/textures/watermelon_view.png
21:40:16.663 [FXGL Background Thread 4 ] DEBUG FXGLAssetLoaderServi - Loading from file system: jar:file:/C:/Users/Fabrizio/.m2/repository/com/github/almasb/fxgl/21/fxgl-21.jar!/fxglassets/ui/fonts/Abel-Regular.ttf
21:40:16.670 [JavaFX Application Thread] DEBUG FXGLAssetLoaderServi - Loading from file system: jar:file:/C:/Users/Fabrizio/.m2/repository/com/github/almasb/fxgl/21/fxgl-21.jar!/fxglassets/textures/fxgl_default_cursor.png
21:40:16.671 [FXGL Background Thread 4 ] DEBUG FXGLAssetLoaderServi - Loading from file system: jar:file:/C:/Users/Fabrizio/.m2/repository/com/github/almasb/fxgl/21/fxgl-21.jar!/fxglassets/ui/fonts/TerminalLandMono-Regular.otf
21:40:16.679 [JavaFX Application Thread] DEBUG Input                - Registered new binding: Screenshot - CTRL+8
21:40:16.679 [FXGL Background Thread 4 ] DEBUG FXGLAssetLoaderServi - Loading from file system: jar:file:/C:/Users/Fabrizio/.m2/repository/com/github/almasb/fxgl/21/fxgl-21.jar!/fxglassets/ui/fonts/Courier-Prime.ttf
21:40:16.679 [JavaFX Application Thread] DEBUG Input                - Registered new binding: Dev Options - 1
21:40:16.680 [JavaFX Application Thread] DEBUG Input                - Registered new binding: Dev Console - 2
21:40:16.680 [JavaFX Application Thread] DEBUG Input                - Registered new binding: System info dump - CTRL+9
21:40:16.680 [JavaFX Application Thread] DEBUG Input                - Registered new binding: Restart - CTRL+R
21:40:16.681 [JavaFX Application Thread] DEBUG Input                - Registered new binding: Toggle Debug Camera - CTRL+7
21:40:16.684 [JavaFX Application Thread] DEBUG LoopRunner           - Starting loop
21:40:16.698 [JavaFX Application Thread] DEBUG LoopRunner           - Initializing JavaFX AnimationTimerLoop
21:40:16.700 [JavaFX Application Thread] DEBUG GameApplicationServi - Starting new game
21:40:16.700 [JavaFX Application Thread] DEBUG Input                - Clearing active input actions
21:40:16.709 [JavaFX Application Thread] DEBUG GameApplicationServi - Removing overlay from FXGLStartupScene and adding to FXGLLoadingScene
21:40:16.713 [JavaFX Application Thread] DEBUG PrimaryStageWindow   - FXGLStartupScene -> FXGLLoadingScene
21:40:16.713 [JavaFX Application Thread] DEBUG GameApplicationServi - Clearing previous game
21:40:16.713 [JavaFX Application Thread] DEBUG GameScene            - Clearing game scene
21:40:16.713 [JavaFX Application Thread] DEBUG GameWorld            - Clearing game world
21:40:16.713 [JavaFX Application Thread] DEBUG PhysicsWorld         - Clearing physics world
21:40:16.715 [FXGL Background Thread 4 ] DEBUG FXGLApplication      - Initializing game
21:40:16.715 [JavaFX Application Thread] DEBUG FXGLApplication      - Registering font factories with UI factory
21:40:16.719 [FXGL Background Thread 4 ] DEBUG FXGLAssetLoaderServi - Loading from file system: file:/D:/Intellij/Project/target/classes/assets/textures/background_view.png
21:40:16.750 [FXGL Background Thread 4 ] DEBUG FXGLAssetLoaderServi - Loading from file system: file:/D:/Intellij/Project/target/classes/assets/textures/container_view.png
21:40:16.776 [FXGL Background Thread 4 ] DEBUG FXGLAssetLoaderServi - Loading from file system: file:/D:/Intellij/Project/target/classes/assets/textures/ring_view.png
21:40:16.779 [FXGL Background Thread 4 ] DEBUG FXGLAssetLoaderServi - Loading from file system: file:/D:/Intellij/Project/target/classes/assets/textures/next_fruit_view.png
21:40:16.781 [FXGL Background Thread 4 ] DEBUG FXGLAssetLoaderServi - Loading from file system: file:/D:/Intellij/Project/target/classes/assets/textures/score_view.png
21:40:16.786 [FXGL Background Thread 4 ] DEBUG FXGLAssetLoaderServi - Loading from file system: file:/D:/Intellij/Project/target/classes/assets/textures/apple_view.png
21:40:16.787 [FXGL Background Thread 4 ] DEBUG FXGLAssetLoaderServi - Loading from file system: file:/D:/Intellij/Project/target/classes/assets/textures/lemon_view.png
21:40:16.789 [FXGL Background Thread 4 ] DEBUG FXGLAssetLoaderServi - Loading from file system: file:/D:/Intellij/Project/target/classes/assets/textures/cherry_view.png
21:40:16.791 [FXGL Background Thread 4 ] INFO  FXGLApplication      - Game initialization took: 0,076 sec
21:40:16.874 [JavaFX Application Thread] DEBUG Input                - Clearing active input actions
21:40:16.883 [JavaFX Application Thread] DEBUG GameApplicationServi - Removing overlay from FXGLLoadingScene and adding to GameScene
21:40:16.887 [JavaFX Application Thread] DEBUG PrimaryStageWindow   - FXGLLoadingScene -> GameScene
21:40:17.590 [JavaFX Application Thread] DEBUG FXGLAssetLoaderServi - Loading from file system: file:/D:/Intellij/Project/target/classes/assets/textures/grape_view.png
21:40:17.592 [JavaFX Application Thread] DEBUG FXGLAssetLoaderServi - Loading from file system: file:/D:/Intellij/Project/target/classes/assets/sounds/fruit_drop.wav
21:40:17.713 [JavaFX Application Thread] DEBUG FXGLAssetLoaderServi - Loading from file system: file:/D:/Intellij/Project/target/classes/assets/textures/strawberry_view.png
21:40:17.800 [JavaFX Application Thread] DEBUG FXGLAssetLoaderServi - Loading from file system: file:/D:/Intellij/Project/target/classes/assets/textures/orange_view.png
21:40:18.729 [JavaFX Application Thread] DEBUG FXGLAssetLoaderServi - Loading from file system: file:/D:/Intellij/Project/target/classes/assets/textures/pear_view.png
21:40:18.731 [JavaFX Application Thread] DEBUG FXGLAssetLoaderServi - Loading from file system: file:/D:/Intellij/Project/target/classes/assets/sounds/fruit_merge.wav
21:40:19.635 [FXGL Background Thread 3 ] DEBUG Engine               - Logging environment variables
21:40:19.636 [FXGL Background Thread 3 ] DEBUG Engine               - achievements: []
21:40:19.636 [FXGL Background Thread 3 ] DEBUG Engine               - actualHeight: 720.0
21:40:19.636 [FXGL Background Thread 3 ] DEBUG Engine               - actualHeightProperty: ReadOnlyDoubleProperty [value: 720.0]
21:40:19.636 [FXGL Background Thread 3 ] DEBUG Engine               - actualWidth: 1280.0
21:40:19.636 [FXGL Background Thread 3 ] DEBUG Engine               - actualWidthProperty: ReadOnlyDoubleProperty [value: 1280.0]
21:40:19.636 [FXGL Background Thread 3 ] DEBUG Engine               - appIcon: watermelon_view.png
21:40:19.636 [FXGL Background Thread 3 ] DEBUG Engine               - applicationMode: DEVELOPER
21:40:19.636 [FXGL Background Thread 3 ] DEBUG Engine               - cSSList: [fxgl_dark.css]
21:40:19.636 [FXGL Background Thread 3 ] DEBUG Engine               - collisionDetectionStrategy: BRUTE_FORCE
21:40:19.636 [FXGL Background Thread 3 ] DEBUG Engine               - configClass: Optional.empty
21:40:19.636 [FXGL Background Thread 3 ] DEBUG Engine               - credits: []
21:40:19.636 [FXGL Background Thread 3 ] DEBUG Engine               - defaultCursor: CursorInfo(imageName=fxgl_default_cursor.png, hotspotX=7.0, hotspotY=6.0)
21:40:19.637 [FXGL Background Thread 3 ] DEBUG Engine               - devBBoxColorProperty: ObjectProperty [value: 0xff0000ff]
21:40:19.637 [FXGL Background Thread 3 ] DEBUG Engine               - devEnableDebugCameraProperty: BooleanProperty [value: false]
21:40:19.637 [FXGL Background Thread 3 ] DEBUG Engine               - devSensorColorProperty: ObjectProperty [value: 0xffff00ff]
21:40:19.637 [FXGL Background Thread 3 ] DEBUG Engine               - devShowBBoxProperty: BooleanProperty [value: false]
21:40:19.637 [FXGL Background Thread 3 ] DEBUG Engine               - devShowPositionProperty: BooleanProperty [value: false]
21:40:19.637 [FXGL Background Thread 3 ] DEBUG Engine               - enabledMenuItems: []
21:40:19.637 [FXGL Background Thread 3 ] DEBUG Engine               - engineServices: [class com.almasb.fxgl.app.services.FXGLAssetLoaderService, class com.almasb.fxgl.app.FXGLApplication$GameApplicationService, class com.almasb.fxgl.app.services.FXGLDialogService, class com.almasb.fxgl.app.services.IOTaskExecutorService, class com.almasb.fxgl.io.FileSystemService, class com.almasb.fxgl.localization.LocalizationService, class com.almasb.fxgl.app.services.SystemBundleService, class com.almasb.fxgl.profile.SaveLoadService, class com.almasb.fxgl.ui.FXGLUIFactoryServiceProvider, class com.almasb.fxgl.ui.FXGLDialogFactoryServiceProvider, class com.almasb.fxgl.audio.AudioPlayer, class com.almasb.fxgl.notification.impl.NotificationServiceProvider, class com.almasb.fxgl.achievement.AchievementService, class com.almasb.fxgl.cutscene.CutsceneService, class com.almasb.fxgl.minigames.MiniGameService, class com.almasb.fxgl.net.NetService, class com.almasb.fxgl.app.services.UpdaterService, class com.almasb.fxgl.dev.DevService]
21:40:19.637 [FXGL Background Thread 3 ] DEBUG Engine               - fontGame: Abel-Regular.ttf
21:40:19.637 [FXGL Background Thread 3 ] DEBUG Engine               - fontMono: TerminalLandMono-Regular.otf
21:40:19.637 [FXGL Background Thread 3 ] DEBUG Engine               - fontSizeScaleUI: 1.0
21:40:19.637 [FXGL Background Thread 3 ] DEBUG Engine               - fontText: Courier-Prime.ttf
21:40:19.637 [FXGL Background Thread 3 ] DEBUG Engine               - fontUI: VarelaRound-Regular.ttf
21:40:19.637 [FXGL Background Thread 3 ] DEBUG Engine               - fullScreen: BooleanProperty [value: false]
21:40:19.637 [FXGL Background Thread 3 ] DEBUG Engine               - gameDifficulty: MEDIUM
21:40:19.637 [FXGL Background Thread 3 ] DEBUG Engine               - gameDifficultyProperty: ObjectProperty [value: MEDIUM]
21:40:19.637 [FXGL Background Thread 3 ] DEBUG Engine               - globalMusicVolume: 0.5
21:40:19.638 [FXGL Background Thread 3 ] DEBUG Engine               - globalMusicVolumeProperty: DoubleProperty [value: 0.5]
21:40:19.638 [FXGL Background Thread 3 ] DEBUG Engine               - globalSoundVolume: 0.5
21:40:19.638 [FXGL Background Thread 3 ] DEBUG Engine               - globalSoundVolumeProperty: DoubleProperty [value: 0.5]
21:40:19.638 [FXGL Background Thread 3 ] DEBUG Engine               - height: 720
21:40:19.638 [FXGL Background Thread 3 ] DEBUG Engine               - is3D: false
21:40:19.638 [FXGL Background Thread 3 ] DEBUG Engine               - isAndroid: false
21:40:19.638 [FXGL Background Thread 3 ] DEBUG Engine               - isBrowser: false
21:40:19.638 [FXGL Background Thread 3 ] DEBUG Engine               - isClickFeedbackEnabled: false
21:40:19.638 [FXGL Background Thread 3 ] DEBUG Engine               - isCloseConfirmation: false
21:40:19.638 [FXGL Background Thread 3 ] DEBUG Engine               - isDesktop: true
21:40:19.638 [FXGL Background Thread 3 ] DEBUG Engine               - isDeveloperMenuEnabled: true
21:40:19.638 [FXGL Background Thread 3 ] DEBUG Engine               - isEmbedded: false
21:40:19.638 [FXGL Background Thread 3 ] DEBUG Engine               - isEntityPreloadEnabled: true
21:40:19.638 [FXGL Background Thread 3 ] DEBUG Engine               - isExperimentalTiledLargeMap: false
21:40:19.638 [FXGL Background Thread 3 ] DEBUG Engine               - isFileSystemWriteAllowed: true
21:40:19.638 [FXGL Background Thread 3 ] DEBUG Engine               - isFullScreenAllowed: false
21:40:19.638 [FXGL Background Thread 3 ] DEBUG Engine               - isFullScreenFromStart: false
21:40:19.638 [FXGL Background Thread 3 ] DEBUG Engine               - isGameMenuEnabled: true
21:40:19.638 [FXGL Background Thread 3 ] DEBUG Engine               - isIOS: false
21:40:19.638 [FXGL Background Thread 3 ] DEBUG Engine               - isIntroEnabled: false
21:40:19.638 [FXGL Background Thread 3 ] DEBUG Engine               - isLinux: false
21:40:19.639 [FXGL Background Thread 3 ] DEBUG Engine               - isMac: false
21:40:19.639 [FXGL Background Thread 3 ] DEBUG Engine               - isMainMenuEnabled: false
21:40:19.639 [FXGL Background Thread 3 ] DEBUG Engine               - isManualResizeEnabled: false
21:40:19.639 [FXGL Background Thread 3 ] DEBUG Engine               - isMobile: false
21:40:19.639 [FXGL Background Thread 3 ] DEBUG Engine               - isNative: false
21:40:19.639 [FXGL Background Thread 3 ] DEBUG Engine               - isPauseMusicWhenMinimized: true
21:40:19.639 [FXGL Background Thread 3 ] DEBUG Engine               - isPreserveResizeRatio: false
21:40:19.639 [FXGL Background Thread 3 ] DEBUG Engine               - isProfilingEnabled: false
21:40:19.639 [FXGL Background Thread 3 ] DEBUG Engine               - isScaleAffectedOnResize: true
21:40:19.639 [FXGL Background Thread 3 ] DEBUG Engine               - isSingleStep: false
21:40:19.639 [FXGL Background Thread 3 ] DEBUG Engine               - isUserProfileEnabled: false
21:40:19.639 [FXGL Background Thread 3 ] DEBUG Engine               - isWindows: true
21:40:19.639 [FXGL Background Thread 3 ] DEBUG Engine               - language: ObjectProperty [value: ENGLISH]
21:40:19.639 [FXGL Background Thread 3 ] DEBUG Engine               - menuKey: ESCAPE
21:40:19.639 [FXGL Background Thread 3 ] DEBUG Engine               - mouseSensitivity: 0.2
21:40:19.639 [FXGL Background Thread 3 ] DEBUG Engine               - notificationViewClass: class com.almasb.fxgl.notification.view.XboxNotificationView
21:40:19.639 [FXGL Background Thread 3 ] DEBUG Engine               - pixelsPerMeter: 50.0
21:40:19.639 [FXGL Background Thread 3 ] DEBUG Engine               - platform: WINDOWS
21:40:19.639 [FXGL Background Thread 3 ] DEBUG Engine               - prefHeightProperty: ReadOnlyDoubleProperty [value: 720.0]
21:40:19.639 [FXGL Background Thread 3 ] DEBUG Engine               - prefWidthProperty: ReadOnlyDoubleProperty [value: 1280.0]
21:40:19.639 [FXGL Background Thread 3 ] DEBUG Engine               - profileDir: profiles/
21:40:19.639 [FXGL Background Thread 3 ] DEBUG Engine               - profileName: StringProperty [value: DEFAULT]
21:40:19.639 [FXGL Background Thread 3 ] DEBUG Engine               - randomSeed: -1
21:40:19.640 [FXGL Background Thread 3 ] DEBUG Engine               - runtimeInfo: RuntimeInfo(platform=WINDOWS, version=21, build=28.12.2023 13.35)
21:40:19.640 [FXGL Background Thread 3 ] DEBUG Engine               - saveFileExt: sav
21:40:19.640 [FXGL Background Thread 3 ] DEBUG Engine               - scaledHeightProp$fxgl: DoubleProperty [bound, value: 720.0]
21:40:19.640 [FXGL Background Thread 3 ] DEBUG Engine               - scaledWidthProp$fxgl: DoubleProperty [bound, value: 1280.0]
21:40:19.640 [FXGL Background Thread 3 ] DEBUG Engine               - sceneFactory: com.almasb.fxgl.app.scene.SceneFactory@f8887da
21:40:19.640 [FXGL Background Thread 3 ] DEBUG Engine               - secondsIn24h: 60
21:40:19.640 [FXGL Background Thread 3 ] DEBUG Engine               - soundMenuBack: menu/back.wav
21:40:19.640 [FXGL Background Thread 3 ] DEBUG Engine               - soundMenuPress: menu/press.wav
21:40:19.640 [FXGL Background Thread 3 ] DEBUG Engine               - soundMenuSelect: menu/select.wav
21:40:19.640 [FXGL Background Thread 3 ] DEBUG Engine               - soundNotification: core/notification.wav
21:40:19.640 [FXGL Background Thread 3 ] DEBUG Engine               - stageStyle: DECORATED
21:40:19.640 [FXGL Background Thread 3 ] DEBUG Engine               - supportedLanguages: [ENGLISH, FRENCH, GERMAN, HUNGARIAN, RUSSIAN]
21:40:19.640 [FXGL Background Thread 3 ] DEBUG Engine               - ticksPerSecond: -1
21:40:19.640 [FXGL Background Thread 3 ] DEBUG Engine               - title: Suika FXGL
21:40:19.640 [FXGL Background Thread 3 ] DEBUG Engine               - urlGithub: https://github.com/AlmasB/FXGL
21:40:19.641 [FXGL Background Thread 3 ] DEBUG Engine               - urlLeaderboard: http://fxgl-top.herokuapp.com/
21:40:19.641 [FXGL Background Thread 3 ] DEBUG Engine               - urlPOM: https://raw.githubusercontent.com/AlmasB/FXGL/release/README.md
21:40:19.641 [FXGL Background Thread 3 ] DEBUG Engine               - userAppClass: class com.lucenstuff.fxglgames.suikagame.SuikaGame
21:40:19.641 [FXGL Background Thread 3 ] DEBUG Engine               - version: 0.1
21:40:19.641 [FXGL Background Thread 3 ] DEBUG Engine               - versionCheckDays: 7
21:40:19.641 [FXGL Background Thread 3 ] DEBUG Engine               - width: 1280
21:40:19.641 [FXGL Background Thread 3 ] DEBUG Engine               - Logging services
21:40:19.641 [FXGL Background Thread 3 ] DEBUG Engine               - class com.almasb.fxgl.app.services.FXGLAssetLoaderService
21:40:19.641 [FXGL Background Thread 3 ] DEBUG Engine               - class com.almasb.fxgl.app.FXGLApplication$GameApplicationService
21:40:19.641 [FXGL Background Thread 3 ] DEBUG Engine               - class com.almasb.fxgl.app.services.FXGLDialogService
21:40:19.641 [FXGL Background Thread 3 ] DEBUG Engine               - class com.almasb.fxgl.app.services.IOTaskExecutorService
21:40:19.641 [FXGL Background Thread 3 ] DEBUG Engine               - class com.almasb.fxgl.io.FileSystemService
21:40:19.641 [FXGL Background Thread 3 ] DEBUG Engine               - class com.almasb.fxgl.localization.LocalizationService
21:40:19.641 [FXGL Background Thread 3 ] DEBUG Engine               - class com.almasb.fxgl.app.services.SystemBundleService
21:40:19.641 [FXGL Background Thread 3 ] DEBUG Engine               - class com.almasb.fxgl.profile.SaveLoadService
21:40:19.641 [FXGL Background Thread 3 ] DEBUG Engine               - class com.almasb.fxgl.ui.FXGLUIFactoryServiceProvider
21:40:19.641 [FXGL Background Thread 3 ] DEBUG Engine               - class com.almasb.fxgl.ui.FXGLDialogFactoryServiceProvider
21:40:19.641 [FXGL Background Thread 3 ] DEBUG Engine               - class com.almasb.fxgl.audio.AudioPlayer
21:40:19.641 [FXGL Background Thread 3 ] DEBUG Engine               - class com.almasb.fxgl.notification.impl.NotificationServiceProvider
21:40:19.641 [FXGL Background Thread 3 ] DEBUG Engine               - class com.almasb.fxgl.achievement.AchievementService
21:40:19.641 [FXGL Background Thread 3 ] DEBUG Engine               - class com.almasb.fxgl.cutscene.CutsceneService
21:40:19.641 [FXGL Background Thread 3 ] DEBUG Engine               - class com.almasb.fxgl.minigames.MiniGameService
21:40:19.641 [FXGL Background Thread 3 ] DEBUG Engine               - class com.almasb.fxgl.net.NetService
21:40:19.641 [FXGL Background Thread 3 ] DEBUG Engine               - class com.almasb.fxgl.app.services.UpdaterService
21:40:19.642 [FXGL Background Thread 3 ] DEBUG Engine               - class com.almasb.fxgl.dev.DevService
21:40:22.713 [JavaFX Application Thread] DEBUG FXGLAssetLoaderServi - Loading from file system: file:/D:/Intellij/Project/target/classes/assets/textures/peach_view.png
21:40:23.793 [JavaFX Application Thread] DEBUG FXGLAssetLoaderServi - Loading from file system: file:/D:/Intellij/Project/target/classes/assets/textures/pineapple_view.png
21:40:30.538 [JavaFX Application Thread] DEBUG PrimaryStageWindow   - Push state: DialogSubScene
21:40:30.538 [JavaFX Application Thread] DEBUG Input                - Clearing active input actions
21:40:30.539 [JavaFX Application Thread] DEBUG GameApplicationServi - Removing overlay from GameScene and adding to DialogSubScene
21:40:30.540 [JavaFX Application Thread] DEBUG PrimaryStageWindow   - GameScene -> DialogSubScene
21:40:32.465 [JavaFX Application Thread] DEBUG PrimaryStageWindow   - Pop state: DialogSubScene
21:40:32.465 [JavaFX Application Thread] DEBUG Input                - Clearing active input actions
21:40:32.465 [JavaFX Application Thread] DEBUG GameApplicationServi - Removing overlay from DialogSubScene and adding to GameScene
21:40:32.467 [JavaFX Application Thread] DEBUG PrimaryStageWindow   - GameScene <- DialogSubScene
21:40:37.862 [JavaFX Application Thread] DEBUG FXGLApplication      - Exiting FXGL
21:40:37.862 [JavaFX Application Thread] DEBUG LoopRunner           - Stopping loop
21:40:37.862 [JavaFX Application Thread] DEBUG SystemBundleService  - Saving FXGL system data
21:40:37.864 [JavaFX Application Thread] DEBUG FileSystemAccess     - Writing to: D:\Intellij\Project\system\fxgl.bundle
21:40:37.865 [JavaFX Application Thread] DEBUG Async                - Shutting down background threads
21:40:37.865 [JavaFX Application Thread] DEBUG PrimaryStageWindow   - Closing main window
21:40:37.874 [JavaFX Application Thread] DEBUG Logger               - Closing Logger
