15:47:19.779 [main                     ] DEBUG Logger               - Configured Logger
15:47:19.807 [main                     ] DEBUG GameApplication      - Logging settings
Title: Suika FXGL
Version: 0.1
Width: 1280
Height: 720
Fullscreen: false
Intro: false
Profiling: false
Single step:false
App Mode: DEVELOPER
Menu Key: ESCAPE
Stage Style: DECORATED
Scene Factory: class com.almasb.fxgl.app.scene.SceneFactory

15:47:20.201 [JavaFX Application Thread] DEBUG FXGLApplication      - Initializing FXGL
15:47:20.205 [JavaFX Application Thread] INFO  Engine               - FXGL-21 (28.12.2023 13.35) on WINDOWS (J:21.0.2 FX:21.0.1)
15:47:20.206 [JavaFX Application Thread] DEBUG Engine               - JRE Vendor Name: Oracle Corporation
15:47:20.206 [JavaFX Application Thread] DEBUG Engine               - Running on OS: Windows 10 version 10.0
15:47:20.206 [JavaFX Application Thread] DEBUG Engine               - Architecture: amd64
15:47:20.206 [JavaFX Application Thread] INFO  Engine               - Source code and latest versions at: https://github.com/AlmasB/FXGL
15:47:20.206 [JavaFX Application Thread] INFO  Engine               -       Ask questions and discuss at: https://github.com/AlmasB/FXGL/discussions
15:47:20.206 [JavaFX Application Thread] INFO  Engine               -              Join the FXGL chat at: https://gitter.im/AlmasB/FXGL
15:47:20.340 [JavaFX Application Thread] DEBUG PrimaryStageWindow   - Creating a JavaFX scene
15:47:20.394 [JavaFX Application Thread] DEBUG PrimaryStageWindow   - Target settings size: 1280.0 x 720.0
15:47:20.395 [JavaFX Application Thread] DEBUG PrimaryStageWindow   - Scaled scene size:    1280.0 x 720.0
15:47:20.395 [JavaFX Application Thread] DEBUG PrimaryStageWindow   - Scaled ratio: (1.0, 1.0)
15:47:20.396 [JavaFX Application Thread] DEBUG PrimaryStageWindow   - Set initial scene to FXGLStartupScene
15:47:20.400 [JavaFX Application Thread] DEBUG PrimaryStageWindow   - Opening main window
15:47:20.498 [JavaFX Application Thread] DEBUG PrimaryStageWindow   - Window border size: (16.0, 39.0)
15:47:20.499 [JavaFX Application Thread] DEBUG PrimaryStageWindow   - Scaled size: 1280.0 x 720.0
15:47:20.499 [JavaFX Application Thread] DEBUG PrimaryStageWindow   - Scaled ratio: (1.0, 1.0)
15:47:20.499 [JavaFX Application Thread] DEBUG PrimaryStageWindow   - Scene size: 1280.0 x 720.0
15:47:20.499 [JavaFX Application Thread] DEBUG PrimaryStageWindow   - Stage size: 1296.0 x 759.0
15:47:20.509 [FXGL Background Thread 1 ] DEBUG Engine               - Initializing environment variables
15:47:20.587 [FXGL Background Thread 1 ] DEBUG FXGLAssetLoaderServi - User app class for loading assets: class com.lucenstuff.fxglgames.suikagame.SuikaGame
15:47:20.588 [FXGL Background Thread 1 ] DEBUG GameApplicationServi - Applying CSS: fxgl_dark.css
15:47:20.589 [FXGL Background Thread 1 ] DEBUG FXGLAssetLoaderServi - Loading from file system: jar:file:/C:/Users/agust/.m2/repository/com/github/almasb/fxgl/21/fxgl-21.jar!/fxglassets/ui/css/fxgl_dark.css
15:47:20.645 [FXGL Background Thread 1 ] DEBUG GameApplicationServi - Initializing application scenes
15:47:20.740 [FXGL Background Thread 1 ] DEBUG GameWorld            - Game world initialized
15:47:20.804 [FXGL Background Thread 1 ] DEBUG PhysicsWorld         - Physics world initialized: appHeight=720, physics.ppm=50,0
15:47:20.804 [FXGL Background Thread 1 ] DEBUG PhysicsWorld         - Using strategy: BRUTE_FORCE
15:47:20.808 [FXGL Background Thread 1 ] DEBUG GameScene            - Game scene initialized: 1280x720
15:47:20.831 [FXGL Background Thread 1 ] DEBUG FXGL.DefaultMenu     - createMenuBodyGameMenu()
15:47:20.849 [FXGL Background Thread 1 ] DEBUG FXGL.DefaultMenu     - createOptionsMenu()
15:47:20.860 [FXGL Background Thread 1 ] DEBUG FXGLAssetLoaderServi - Loading from file system: jar:file:/C:/Users/agust/.m2/repository/com/github/almasb/fxgl/21/fxgl-21.jar!/fxglassets/textures/particles/smoke.png
15:47:20.975 [FXGL Background Thread 1 ] DEBUG FXGLAssetLoaderServi - Loading from file system: jar:file:/C:/Users/agust/.m2/repository/com/github/almasb/fxgl/21/fxgl-21.jar!/fxglassets/textures/particles/trace_horizontal.png
15:47:21.008 [FXGL Background Thread 1 ] DEBUG GameApplicationServi - Application scenes initialized
15:47:21.025 [FXGL Background Thread 1 ] DEBUG SystemBundleService  - Loading FXGL system data
15:47:21.029 [FXGL Background Thread 1 ] DEBUG FileSystemAccess     - Reading from: D:\Programación\JAVA\SuikaGame\system\fxgl.bundle
15:47:21.039 [FXGL Background Thread 1 ] DEBUG SystemBundleService  - Bundle FXGL: {}
15:47:21.040 [FXGL Background Thread 1 ] DEBUG UpdaterService       - Checking for updates
15:47:21.082 [FXGL Background Thread 1 ] DEBUG FXGLApplication      - Loading default localization
15:47:21.083 [FXGL Background Thread 1 ] DEBUG FXGLAssetLoaderServi - Loading from file system: jar:file:/C:/Users/agust/.m2/repository/com/github/almasb/fxgl/21/fxgl-21.jar!/fxglassets/languages/english.lang
15:47:21.086 [FXGL Background Thread 4 ] DEBUG FXGLApplication      - Loading fonts
15:47:21.087 [FXGL Background Thread 4 ] DEBUG FXGLAssetLoaderServi - Loading from file system: jar:file:/C:/Users/agust/.m2/repository/com/github/almasb/fxgl/21/fxgl-21.jar!/fxglassets/ui/fonts/VarelaRound-Regular.ttf
15:47:21.111 [FXGL Background Thread 1 ] INFO  FXGLApplication      - FXGL initialization took: 0,603 sec
15:47:21.113 [JavaFX Application Thread] DEBUG FXGLAssetLoaderServi - Loading from file system: jar:file:/C:/Users/agust/.m2/repository/com/github/almasb/fxgl/21/fxgl-21.jar!/fxglassets/textures/fxgl_icon.png
15:47:21.131 [JavaFX Application Thread] DEBUG FXGLAssetLoaderServi - Loading from file system: jar:file:/C:/Users/agust/.m2/repository/com/github/almasb/fxgl/21/fxgl-21.jar!/fxglassets/textures/fxgl_default_cursor.png
15:47:21.142 [JavaFX Application Thread] DEBUG Input                - Registered new binding: Screenshot - CTRL+8
15:47:21.143 [JavaFX Application Thread] DEBUG Input                - Registered new binding: Dev Options - 1
15:47:21.143 [JavaFX Application Thread] DEBUG Input                - Registered new binding: Dev Console - 2
15:47:21.143 [JavaFX Application Thread] DEBUG Input                - Registered new binding: System info dump - CTRL+9
15:47:21.144 [JavaFX Application Thread] DEBUG Input                - Registered new binding: Restart - CTRL+R
15:47:21.145 [JavaFX Application Thread] DEBUG Input                - Registered new binding: Toggle Debug Camera - CTRL+7
15:47:21.148 [JavaFX Application Thread] DEBUG LoopRunner           - Starting loop
15:47:21.184 [FXGL Background Thread 4 ] DEBUG FXGLAssetLoaderServi - Loading from file system: jar:file:/C:/Users/agust/.m2/repository/com/github/almasb/fxgl/21/fxgl-21.jar!/fxglassets/ui/fonts/Abel-Regular.ttf
15:47:21.189 [JavaFX Application Thread] DEBUG LoopRunner           - Initializing JavaFX AnimationTimerLoop
15:47:21.192 [JavaFX Application Thread] DEBUG GameApplicationServi - Starting new game
15:47:21.193 [JavaFX Application Thread] DEBUG Input                - Clearing active input actions
15:47:21.206 [JavaFX Application Thread] DEBUG GameApplicationServi - Removing overlay from FXGLStartupScene and adding to FXGLLoadingScene
15:47:21.209 [JavaFX Application Thread] DEBUG PrimaryStageWindow   - FXGLStartupScene -> FXGLLoadingScene
15:47:21.209 [JavaFX Application Thread] DEBUG GameApplicationServi - Clearing previous game
15:47:21.209 [JavaFX Application Thread] DEBUG GameScene            - Clearing game scene
15:47:21.209 [JavaFX Application Thread] DEBUG GameWorld            - Clearing game world
15:47:21.209 [JavaFX Application Thread] DEBUG PhysicsWorld         - Clearing physics world
15:47:21.212 [FXGL Background Thread 1 ] DEBUG FXGLApplication      - Initializing game
15:47:21.235 [FXGL Background Thread 1 ] DEBUG FXGLAssetLoaderServi - Loading from file system: file:/D:/Programaci%c3%b3n/JAVA/SuikaGame/target/classes/assets/textures/background_view.png
15:47:21.284 [FXGL Background Thread 1 ] DEBUG FXGLAssetLoaderServi - Loading from file system: file:/D:/Programaci%c3%b3n/JAVA/SuikaGame/target/classes/assets/textures/container_view.png
15:47:21.330 [FXGL Background Thread 4 ] DEBUG FXGLAssetLoaderServi - Loading from file system: jar:file:/C:/Users/agust/.m2/repository/com/github/almasb/fxgl/21/fxgl-21.jar!/fxglassets/ui/fonts/TerminalLandMono-Regular.otf
15:47:21.342 [FXGL Background Thread 1 ] DEBUG FXGLAssetLoaderServi - Loading from file system: file:/D:/Programaci%c3%b3n/JAVA/SuikaGame/target/classes/assets/textures/ring_view.png
15:47:21.349 [FXGL Background Thread 1 ] DEBUG FXGLAssetLoaderServi - Loading from file system: file:/D:/Programaci%c3%b3n/JAVA/SuikaGame/target/classes/assets/textures/next_fruit_view.png
15:47:21.357 [FXGL Background Thread 1 ] DEBUG FXGLAssetLoaderServi - Loading from file system: file:/D:/Programaci%c3%b3n/JAVA/SuikaGame/target/classes/assets/textures/score_view.png
15:47:21.360 [FXGL Background Thread 1 ] INFO  FXGLApplication      - Game initialization took: 0,148 sec
15:47:21.549 [FXGL Background Thread 4 ] DEBUG FXGLAssetLoaderServi - Loading from file system: jar:file:/C:/Users/agust/.m2/repository/com/github/almasb/fxgl/21/fxgl-21.jar!/fxglassets/ui/fonts/Courier-Prime.ttf
15:47:21.569 [JavaFX Application Thread] DEBUG Input                - Clearing active input actions
15:47:21.579 [JavaFX Application Thread] DEBUG GameApplicationServi - Removing overlay from FXGLLoadingScene and adding to GameScene
15:47:21.585 [JavaFX Application Thread] DEBUG PrimaryStageWindow   - FXGLLoadingScene -> GameScene
15:47:21.756 [JavaFX Application Thread] DEBUG FXGLApplication      - Registering font factories with UI factory
15:47:24.079 [FXGL Background Thread 3 ] DEBUG Engine               - Logging environment variables
15:47:24.079 [FXGL Background Thread 3 ] DEBUG Engine               - achievements: []
15:47:24.080 [FXGL Background Thread 3 ] DEBUG Engine               - actualHeight: 720.0
15:47:24.080 [FXGL Background Thread 3 ] DEBUG Engine               - actualHeightProperty: ReadOnlyDoubleProperty [value: 720.0]
15:47:24.080 [FXGL Background Thread 3 ] DEBUG Engine               - actualWidth: 1280.0
15:47:24.080 [FXGL Background Thread 3 ] DEBUG Engine               - actualWidthProperty: ReadOnlyDoubleProperty [value: 1280.0]
15:47:24.080 [FXGL Background Thread 3 ] DEBUG Engine               - appIcon: fxgl_icon.png
15:47:24.080 [FXGL Background Thread 3 ] DEBUG Engine               - applicationMode: DEVELOPER
15:47:24.080 [FXGL Background Thread 3 ] DEBUG Engine               - cSSList: [fxgl_dark.css]
15:47:24.080 [FXGL Background Thread 3 ] DEBUG Engine               - collisionDetectionStrategy: BRUTE_FORCE
15:47:24.081 [FXGL Background Thread 3 ] DEBUG Engine               - configClass: Optional.empty
15:47:24.081 [FXGL Background Thread 3 ] DEBUG Engine               - credits: []
15:47:24.082 [FXGL Background Thread 3 ] DEBUG Engine               - defaultCursor: CursorInfo(imageName=fxgl_default_cursor.png, hotspotX=7.0, hotspotY=6.0)
15:47:24.082 [FXGL Background Thread 3 ] DEBUG Engine               - devBBoxColorProperty: ObjectProperty [value: 0xff0000ff]
15:47:24.082 [FXGL Background Thread 3 ] DEBUG Engine               - devEnableDebugCameraProperty: BooleanProperty [value: false]
15:47:24.082 [FXGL Background Thread 3 ] DEBUG Engine               - devSensorColorProperty: ObjectProperty [value: 0xffff00ff]
15:47:24.082 [FXGL Background Thread 3 ] DEBUG Engine               - devShowBBoxProperty: BooleanProperty [value: false]
15:47:24.082 [FXGL Background Thread 3 ] DEBUG Engine               - devShowPositionProperty: BooleanProperty [value: false]
15:47:24.082 [FXGL Background Thread 3 ] DEBUG Engine               - enabledMenuItems: []
15:47:24.083 [FXGL Background Thread 3 ] DEBUG Engine               - engineServices: [class com.almasb.fxgl.app.services.FXGLAssetLoaderService, class com.almasb.fxgl.app.FXGLApplication$GameApplicationService, class com.almasb.fxgl.app.services.FXGLDialogService, class com.almasb.fxgl.app.services.IOTaskExecutorService, class com.almasb.fxgl.io.FileSystemService, class com.almasb.fxgl.localization.LocalizationService, class com.almasb.fxgl.app.services.SystemBundleService, class com.almasb.fxgl.profile.SaveLoadService, class com.almasb.fxgl.ui.FXGLUIFactoryServiceProvider, class com.almasb.fxgl.ui.FXGLDialogFactoryServiceProvider, class com.almasb.fxgl.audio.AudioPlayer, class com.almasb.fxgl.notification.impl.NotificationServiceProvider, class com.almasb.fxgl.achievement.AchievementService, class com.almasb.fxgl.cutscene.CutsceneService, class com.almasb.fxgl.minigames.MiniGameService, class com.almasb.fxgl.net.NetService, class com.almasb.fxgl.app.services.UpdaterService, class com.almasb.fxgl.dev.DevService]
15:47:24.083 [FXGL Background Thread 3 ] DEBUG Engine               - fontGame: Abel-Regular.ttf
15:47:24.083 [FXGL Background Thread 3 ] DEBUG Engine               - fontMono: TerminalLandMono-Regular.otf
15:47:24.083 [FXGL Background Thread 3 ] DEBUG Engine               - fontSizeScaleUI: 1.0
15:47:24.083 [FXGL Background Thread 3 ] DEBUG Engine               - fontText: Courier-Prime.ttf
15:47:24.083 [FXGL Background Thread 3 ] DEBUG Engine               - fontUI: VarelaRound-Regular.ttf
15:47:24.083 [FXGL Background Thread 3 ] DEBUG Engine               - fullScreen: BooleanProperty [value: false]
15:47:24.083 [FXGL Background Thread 3 ] DEBUG Engine               - gameDifficulty: MEDIUM
15:47:24.083 [FXGL Background Thread 3 ] DEBUG Engine               - gameDifficultyProperty: ObjectProperty [value: MEDIUM]
15:47:24.083 [FXGL Background Thread 3 ] DEBUG Engine               - globalMusicVolume: 0.5
15:47:24.083 [FXGL Background Thread 3 ] DEBUG Engine               - globalMusicVolumeProperty: DoubleProperty [value: 0.5]
15:47:24.083 [FXGL Background Thread 3 ] DEBUG Engine               - globalSoundVolume: 0.5
15:47:24.083 [FXGL Background Thread 3 ] DEBUG Engine               - globalSoundVolumeProperty: DoubleProperty [value: 0.5]
15:47:24.084 [FXGL Background Thread 3 ] DEBUG Engine               - height: 720
15:47:24.084 [FXGL Background Thread 3 ] DEBUG Engine               - is3D: false
15:47:24.084 [FXGL Background Thread 3 ] DEBUG Engine               - isAndroid: false
15:47:24.084 [FXGL Background Thread 3 ] DEBUG Engine               - isBrowser: false
15:47:24.084 [FXGL Background Thread 3 ] DEBUG Engine               - isClickFeedbackEnabled: false
15:47:24.084 [FXGL Background Thread 3 ] DEBUG Engine               - isCloseConfirmation: false
15:47:24.084 [FXGL Background Thread 3 ] DEBUG Engine               - isDesktop: true
15:47:24.084 [FXGL Background Thread 3 ] DEBUG Engine               - isDeveloperMenuEnabled: true
15:47:24.084 [FXGL Background Thread 3 ] DEBUG Engine               - isEmbedded: false
15:47:24.084 [FXGL Background Thread 3 ] DEBUG Engine               - isEntityPreloadEnabled: true
15:47:24.084 [FXGL Background Thread 3 ] DEBUG Engine               - isExperimentalTiledLargeMap: false
15:47:24.084 [FXGL Background Thread 3 ] DEBUG Engine               - isFileSystemWriteAllowed: true
15:47:24.084 [FXGL Background Thread 3 ] DEBUG Engine               - isFullScreenAllowed: false
15:47:24.085 [FXGL Background Thread 3 ] DEBUG Engine               - isFullScreenFromStart: false
15:47:24.085 [FXGL Background Thread 3 ] DEBUG Engine               - isGameMenuEnabled: true
15:47:24.085 [FXGL Background Thread 3 ] DEBUG Engine               - isIOS: false
15:47:24.085 [FXGL Background Thread 3 ] DEBUG Engine               - isIntroEnabled: false
15:47:24.085 [FXGL Background Thread 3 ] DEBUG Engine               - isLinux: false
15:47:24.085 [FXGL Background Thread 3 ] DEBUG Engine               - isMac: false
15:47:24.085 [FXGL Background Thread 3 ] DEBUG Engine               - isMainMenuEnabled: false
15:47:24.085 [FXGL Background Thread 3 ] DEBUG Engine               - isManualResizeEnabled: false
15:47:24.085 [FXGL Background Thread 3 ] DEBUG Engine               - isMobile: false
15:47:24.085 [FXGL Background Thread 3 ] DEBUG Engine               - isNative: false
15:47:24.085 [FXGL Background Thread 3 ] DEBUG Engine               - isPauseMusicWhenMinimized: true
15:47:24.085 [FXGL Background Thread 3 ] DEBUG Engine               - isPreserveResizeRatio: false
15:47:24.085 [FXGL Background Thread 3 ] DEBUG Engine               - isProfilingEnabled: false
15:47:24.085 [FXGL Background Thread 3 ] DEBUG Engine               - isScaleAffectedOnResize: true
15:47:24.086 [FXGL Background Thread 3 ] DEBUG Engine               - isSingleStep: false
15:47:24.086 [FXGL Background Thread 3 ] DEBUG Engine               - isUserProfileEnabled: false
15:47:24.086 [FXGL Background Thread 3 ] DEBUG Engine               - isWindows: true
15:47:24.086 [FXGL Background Thread 3 ] DEBUG Engine               - language: ObjectProperty [value: ENGLISH]
15:47:24.086 [FXGL Background Thread 3 ] DEBUG Engine               - menuKey: ESCAPE
15:47:24.086 [FXGL Background Thread 3 ] DEBUG Engine               - mouseSensitivity: 0.2
15:47:24.086 [FXGL Background Thread 3 ] DEBUG Engine               - notificationViewClass: class com.almasb.fxgl.notification.view.XboxNotificationView
15:47:24.086 [FXGL Background Thread 3 ] DEBUG Engine               - pixelsPerMeter: 50.0
15:47:24.086 [FXGL Background Thread 3 ] DEBUG Engine               - platform: WINDOWS
15:47:24.086 [FXGL Background Thread 3 ] DEBUG Engine               - prefHeightProperty: ReadOnlyDoubleProperty [value: 720.0]
15:47:24.086 [FXGL Background Thread 3 ] DEBUG Engine               - prefWidthProperty: ReadOnlyDoubleProperty [value: 1280.0]
15:47:24.086 [FXGL Background Thread 3 ] DEBUG Engine               - profileDir: profiles/
15:47:24.086 [FXGL Background Thread 3 ] DEBUG Engine               - profileName: StringProperty [value: DEFAULT]
15:47:24.086 [FXGL Background Thread 3 ] DEBUG Engine               - randomSeed: -1
15:47:24.087 [FXGL Background Thread 3 ] DEBUG Engine               - runtimeInfo: RuntimeInfo(platform=WINDOWS, version=21, build=28.12.2023 13.35)
15:47:24.087 [FXGL Background Thread 3 ] DEBUG Engine               - saveFileExt: sav
15:47:24.087 [FXGL Background Thread 3 ] DEBUG Engine               - scaledHeightProp$fxgl: DoubleProperty [bound, value: 720.0]
15:47:24.087 [FXGL Background Thread 3 ] DEBUG Engine               - scaledWidthProp$fxgl: DoubleProperty [bound, value: 1280.0]
15:47:24.087 [FXGL Background Thread 3 ] DEBUG Engine               - sceneFactory: com.almasb.fxgl.app.scene.SceneFactory@57c7f12b
15:47:24.087 [FXGL Background Thread 3 ] DEBUG Engine               - secondsIn24h: 60
15:47:24.087 [FXGL Background Thread 3 ] DEBUG Engine               - soundMenuBack: menu/back.wav
15:47:24.087 [FXGL Background Thread 3 ] DEBUG Engine               - soundMenuPress: menu/press.wav
15:47:24.087 [FXGL Background Thread 3 ] DEBUG Engine               - soundMenuSelect: menu/select.wav
15:47:24.087 [FXGL Background Thread 3 ] DEBUG Engine               - soundNotification: core/notification.wav
15:47:24.087 [FXGL Background Thread 3 ] DEBUG Engine               - stageStyle: DECORATED
15:47:24.087 [FXGL Background Thread 3 ] DEBUG Engine               - supportedLanguages: [ENGLISH, FRENCH, GERMAN, HUNGARIAN, RUSSIAN]
15:47:24.088 [FXGL Background Thread 3 ] DEBUG Engine               - ticksPerSecond: -1
15:47:24.088 [FXGL Background Thread 3 ] DEBUG Engine               - title: Suika FXGL
15:47:24.088 [FXGL Background Thread 3 ] DEBUG Engine               - urlGithub: https://github.com/AlmasB/FXGL
15:47:24.088 [FXGL Background Thread 3 ] DEBUG Engine               - urlLeaderboard: http://fxgl-top.herokuapp.com/
15:47:24.088 [FXGL Background Thread 3 ] DEBUG Engine               - urlPOM: https://raw.githubusercontent.com/AlmasB/FXGL/release/README.md
15:47:24.088 [FXGL Background Thread 3 ] DEBUG Engine               - userAppClass: class com.lucenstuff.fxglgames.suikagame.SuikaGame
15:47:24.088 [FXGL Background Thread 3 ] DEBUG Engine               - version: 0.1
15:47:24.088 [FXGL Background Thread 3 ] DEBUG Engine               - versionCheckDays: 7
15:47:24.088 [FXGL Background Thread 3 ] DEBUG Engine               - width: 1280
15:47:24.088 [FXGL Background Thread 3 ] DEBUG Engine               - Logging services
15:47:24.088 [FXGL Background Thread 3 ] DEBUG Engine               - class com.almasb.fxgl.app.services.FXGLAssetLoaderService
15:47:24.088 [FXGL Background Thread 3 ] DEBUG Engine               - class com.almasb.fxgl.app.FXGLApplication$GameApplicationService
15:47:24.088 [FXGL Background Thread 3 ] DEBUG Engine               - class com.almasb.fxgl.app.services.FXGLDialogService
15:47:24.088 [FXGL Background Thread 3 ] DEBUG Engine               - class com.almasb.fxgl.app.services.IOTaskExecutorService
15:47:24.088 [FXGL Background Thread 3 ] DEBUG Engine               - class com.almasb.fxgl.io.FileSystemService
15:47:24.088 [FXGL Background Thread 3 ] DEBUG Engine               - class com.almasb.fxgl.localization.LocalizationService
15:47:24.088 [FXGL Background Thread 3 ] DEBUG Engine               - class com.almasb.fxgl.app.services.SystemBundleService
15:47:24.089 [FXGL Background Thread 3 ] DEBUG Engine               - class com.almasb.fxgl.profile.SaveLoadService
15:47:24.089 [FXGL Background Thread 3 ] DEBUG Engine               - class com.almasb.fxgl.ui.FXGLUIFactoryServiceProvider
15:47:24.089 [FXGL Background Thread 3 ] DEBUG Engine               - class com.almasb.fxgl.ui.FXGLDialogFactoryServiceProvider
15:47:24.089 [FXGL Background Thread 3 ] DEBUG Engine               - class com.almasb.fxgl.audio.AudioPlayer
15:47:24.089 [FXGL Background Thread 3 ] DEBUG Engine               - class com.almasb.fxgl.notification.impl.NotificationServiceProvider
15:47:24.089 [FXGL Background Thread 3 ] DEBUG Engine               - class com.almasb.fxgl.achievement.AchievementService
15:47:24.089 [FXGL Background Thread 3 ] DEBUG Engine               - class com.almasb.fxgl.cutscene.CutsceneService
15:47:24.089 [FXGL Background Thread 3 ] DEBUG Engine               - class com.almasb.fxgl.minigames.MiniGameService
15:47:24.089 [FXGL Background Thread 3 ] DEBUG Engine               - class com.almasb.fxgl.net.NetService
15:47:24.090 [FXGL Background Thread 3 ] DEBUG Engine               - class com.almasb.fxgl.app.services.UpdaterService
15:47:24.090 [FXGL Background Thread 3 ] DEBUG Engine               - class com.almasb.fxgl.dev.DevService
15:47:24.465 [JavaFX Application Thread] DEBUG FXGLAssetLoaderServi - Loading from file system: file:/D:/Programaci%c3%b3n/JAVA/SuikaGame/target/classes/assets/textures/apple_view.png
15:47:24.467 [JavaFX Application Thread] DEBUG FXGLAssetLoaderServi - Loading from file system: file:/D:/Programaci%c3%b3n/JAVA/SuikaGame/target/classes/assets/textures/strawberry_view.png
15:47:25.198 [JavaFX Application Thread] DEBUG FXGLAssetLoaderServi - Loading from file system: file:/D:/Programaci%c3%b3n/JAVA/SuikaGame/target/classes/assets/textures/grape_view.png
15:47:26.138 [JavaFX Application Thread] DEBUG FXGLAssetLoaderServi - Loading from file system: file:/D:/Programaci%c3%b3n/JAVA/SuikaGame/target/classes/assets/textures/cherry_view.png
15:47:27.214 [JavaFX Application Thread] DEBUG FXGLAssetLoaderServi - Loading from file system: file:/D:/Programaci%c3%b3n/JAVA/SuikaGame/target/classes/assets/textures/orange_view.png
15:47:45.858 [JavaFX Application Thread] DEBUG FXGLAssetLoaderServi - Loading from file system: file:/D:/Programaci%c3%b3n/JAVA/SuikaGame/target/classes/assets/textures/lemon_view.png
15:48:00.088 [JavaFX Application Thread] DEBUG FXGLAssetLoaderServi - Loading from file system: file:/D:/Programaci%c3%b3n/JAVA/SuikaGame/target/classes/assets/textures/pear_view.png
15:48:45.077 [JavaFX Application Thread] DEBUG FXGLAssetLoaderServi - Loading from file system: file:/D:/Programaci%c3%b3n/JAVA/SuikaGame/target/classes/assets/textures/peach_view.png
15:49:42.867 [JavaFX Application Thread] DEBUG FXGLAssetLoaderServi - Loading from file system: file:/D:/Programaci%c3%b3n/JAVA/SuikaGame/target/classes/assets/textures/pineapple_view.png
15:50:36.083 [JavaFX Application Thread] DEBUG FXGLAssetLoaderServi - Loading from file system: file:/D:/Programaci%c3%b3n/JAVA/SuikaGame/target/classes/assets/textures/melon_view.png
15:50:43.354 [JavaFX Application Thread] DEBUG PrimaryStageWindow   - Push state: DialogSubScene
15:50:43.354 [JavaFX Application Thread] DEBUG Input                - Clearing active input actions
15:50:43.356 [JavaFX Application Thread] DEBUG GameApplicationServi - Removing overlay from GameScene and adding to DialogSubScene
15:50:43.361 [JavaFX Application Thread] DEBUG PrimaryStageWindow   - GameScene -> DialogSubScene
15:50:43.487 [JavaFX Application Thread] DEBUG PrimaryStageWindow   - Pop state: DialogSubScene
15:50:43.487 [JavaFX Application Thread] DEBUG Input                - Clearing active input actions
15:50:43.487 [JavaFX Application Thread] DEBUG GameApplicationServi - Removing overlay from DialogSubScene and adding to GameScene
15:50:43.489 [JavaFX Application Thread] DEBUG PrimaryStageWindow   - GameScene <- DialogSubScene
15:50:45.843 [JavaFX Application Thread] DEBUG PrimaryStageWindow   - Push state: DialogSubScene
15:50:45.843 [JavaFX Application Thread] DEBUG Input                - Clearing active input actions
15:50:45.843 [JavaFX Application Thread] DEBUG GameApplicationServi - Removing overlay from GameScene and adding to DialogSubScene
15:50:45.844 [JavaFX Application Thread] DEBUG PrimaryStageWindow   - GameScene -> DialogSubScene
15:50:52.336 [JavaFX Application Thread] DEBUG PrimaryStageWindow   - Pop state: DialogSubScene
15:50:52.336 [JavaFX Application Thread] DEBUG Input                - Clearing active input actions
15:50:52.336 [JavaFX Application Thread] DEBUG GameApplicationServi - Removing overlay from DialogSubScene and adding to GameScene
15:50:52.336 [JavaFX Application Thread] DEBUG PrimaryStageWindow   - GameScene <- DialogSubScene
15:50:53.508 [JavaFX Application Thread] DEBUG PrimaryStageWindow   - Push state: DialogSubScene
15:50:53.508 [JavaFX Application Thread] DEBUG Input                - Clearing active input actions
15:50:53.509 [JavaFX Application Thread] DEBUG GameApplicationServi - Removing overlay from GameScene and adding to DialogSubScene
15:50:53.509 [JavaFX Application Thread] DEBUG PrimaryStageWindow   - GameScene -> DialogSubScene
15:50:54.520 [JavaFX Application Thread] DEBUG PrimaryStageWindow   - Pop state: DialogSubScene
15:50:54.520 [JavaFX Application Thread] DEBUG Input                - Clearing active input actions
15:50:54.521 [JavaFX Application Thread] DEBUG GameApplicationServi - Removing overlay from DialogSubScene and adding to GameScene
15:50:54.522 [JavaFX Application Thread] DEBUG PrimaryStageWindow   - GameScene <- DialogSubScene
15:50:54.825 [JavaFX Application Thread] DEBUG PrimaryStageWindow   - Push state: DialogSubScene
15:50:54.825 [JavaFX Application Thread] DEBUG Input                - Clearing active input actions
15:50:54.826 [JavaFX Application Thread] DEBUG GameApplicationServi - Removing overlay from GameScene and adding to DialogSubScene
15:50:54.827 [JavaFX Application Thread] DEBUG PrimaryStageWindow   - GameScene -> DialogSubScene
15:50:55.738 [JavaFX Application Thread] DEBUG PrimaryStageWindow   - Pop state: DialogSubScene
15:50:55.738 [JavaFX Application Thread] DEBUG Input                - Clearing active input actions
15:50:55.738 [JavaFX Application Thread] DEBUG GameApplicationServi - Removing overlay from DialogSubScene and adding to GameScene
15:50:55.740 [JavaFX Application Thread] DEBUG PrimaryStageWindow   - GameScene <- DialogSubScene
15:50:57.079 [JavaFX Application Thread] DEBUG PrimaryStageWindow   - Push state: DialogSubScene
15:50:57.080 [JavaFX Application Thread] DEBUG Input                - Clearing active input actions
15:50:57.080 [JavaFX Application Thread] DEBUG GameApplicationServi - Removing overlay from GameScene and adding to DialogSubScene
15:50:57.081 [JavaFX Application Thread] DEBUG PrimaryStageWindow   - GameScene -> DialogSubScene
15:50:58.458 [JavaFX Application Thread] DEBUG PrimaryStageWindow   - Pop state: DialogSubScene
15:50:58.458 [JavaFX Application Thread] DEBUG Input                - Clearing active input actions
15:50:58.459 [JavaFX Application Thread] DEBUG GameApplicationServi - Removing overlay from DialogSubScene and adding to GameScene
15:50:58.460 [JavaFX Application Thread] DEBUG PrimaryStageWindow   - GameScene <- DialogSubScene
15:50:58.787 [JavaFX Application Thread] DEBUG PrimaryStageWindow   - Push state: DialogSubScene
15:50:58.787 [JavaFX Application Thread] DEBUG Input                - Clearing active input actions
15:50:58.788 [JavaFX Application Thread] DEBUG GameApplicationServi - Removing overlay from GameScene and adding to DialogSubScene
15:50:58.789 [JavaFX Application Thread] DEBUG PrimaryStageWindow   - GameScene -> DialogSubScene
15:51:03.639 [JavaFX Application Thread] DEBUG PrimaryStageWindow   - Pop state: DialogSubScene
15:51:03.639 [JavaFX Application Thread] DEBUG Input                - Clearing active input actions
15:51:03.640 [JavaFX Application Thread] DEBUG GameApplicationServi - Removing overlay from DialogSubScene and adding to GameScene
15:51:03.640 [JavaFX Application Thread] DEBUG PrimaryStageWindow   - GameScene <- DialogSubScene
15:51:05.031 [JavaFX Application Thread] DEBUG PrimaryStageWindow   - Push state: DialogSubScene
15:51:05.031 [JavaFX Application Thread] DEBUG Input                - Clearing active input actions
15:51:05.032 [JavaFX Application Thread] DEBUG GameApplicationServi - Removing overlay from GameScene and adding to DialogSubScene
15:51:05.032 [JavaFX Application Thread] DEBUG PrimaryStageWindow   - GameScene -> DialogSubScene
15:51:06.084 [JavaFX Application Thread] DEBUG FXGLApplication      - Exiting FXGL
15:51:06.084 [JavaFX Application Thread] DEBUG LoopRunner           - Stopping loop
15:51:06.084 [JavaFX Application Thread] DEBUG SystemBundleService  - Saving FXGL system data
15:51:06.086 [JavaFX Application Thread] DEBUG FileSystemAccess     - Writing to: D:\Programación\JAVA\SuikaGame\system\fxgl.bundle
15:51:06.088 [JavaFX Application Thread] DEBUG Async                - Shutting down background threads
15:51:06.089 [JavaFX Application Thread] DEBUG PrimaryStageWindow   - Closing main window
15:51:06.111 [JavaFX Application Thread] DEBUG Logger               - Closing Logger
