13:13:06.523 [main                     ] DEBUG Logger               - Configured Logger
13:13:06.558 [main                     ] DEBUG GameApplication      - Logging settings
Title: Basic Game App
Version: 0.1
Width: 1280
Height: 720
Fullscreen: false
Intro: false
Profiling: false
Single step:false
App Mode: DEVELOPER
Menu Key: ESCAPE
Stage Style: DECORATED
Scene Factory: class com.almasb.fxgl.app.scene.SceneFactory

13:13:07.289 [JavaFX Application Thread] DEBUG FXGLApplication      - Initializing FXGL
13:13:07.294 [JavaFX Application Thread] INFO  Engine               - FXGL-21 (28.12.2023 13.35) on WINDOWS (J:21.0.1 FX:21.0.1)
13:13:07.294 [JavaFX Application Thread] DEBUG Engine               - JRE Vendor Name: Oracle Corporation
13:13:07.295 [JavaFX Application Thread] DEBUG Engine               - Running on OS: Windows 11 version 10.0
13:13:07.295 [JavaFX Application Thread] DEBUG Engine               - Architecture: amd64
13:13:07.295 [JavaFX Application Thread] INFO  Engine               - Source code and latest versions at: https://github.com/AlmasB/FXGL
13:13:07.295 [JavaFX Application Thread] INFO  Engine               -       Ask questions and discuss at: https://github.com/AlmasB/FXGL/discussions
13:13:07.295 [JavaFX Application Thread] INFO  Engine               -              Join the FXGL chat at: https://gitter.im/AlmasB/FXGL
13:13:07.474 [JavaFX Application Thread] DEBUG PrimaryStageWindow   - Creating a JavaFX scene
13:13:07.555 [JavaFX Application Thread] DEBUG PrimaryStageWindow   - Target settings size: 1280.0 x 720.0
13:13:07.556 [JavaFX Application Thread] DEBUG PrimaryStageWindow   - Scaled scene size:    1280.0 x 720.0
13:13:07.556 [JavaFX Application Thread] DEBUG PrimaryStageWindow   - Scaled ratio: (1.0, 1.0)
13:13:07.557 [JavaFX Application Thread] DEBUG PrimaryStageWindow   - Set initial scene to FXGLStartupScene
13:13:07.561 [JavaFX Application Thread] DEBUG PrimaryStageWindow   - Opening main window
13:13:07.701 [JavaFX Application Thread] DEBUG PrimaryStageWindow   - Window border size: (16.0, 39.0)
13:13:07.701 [JavaFX Application Thread] DEBUG PrimaryStageWindow   - Scaled size: 1280.0 x 720.0
13:13:07.702 [JavaFX Application Thread] DEBUG PrimaryStageWindow   - Scaled ratio: (1.0, 1.0)
13:13:07.703 [JavaFX Application Thread] DEBUG PrimaryStageWindow   - Scene size: 1280.0 x 720.0
13:13:07.703 [JavaFX Application Thread] DEBUG PrimaryStageWindow   - Stage size: 1296.0 x 759.0
13:13:07.748 [FXGL Background Thread 1 ] DEBUG Engine               - Initializing environment variables
13:13:07.858 [FXGL Background Thread 1 ] DEBUG FXGLAssetLoaderServi - User app class for loading assets: class com.lucenstuff.fxglgames.suikagame.SuikaGame
13:13:07.858 [FXGL Background Thread 1 ] DEBUG GameApplicationServi - Applying CSS: fxgl_dark.css
13:13:07.859 [FXGL Background Thread 1 ] DEBUG FXGLAssetLoaderServi - Loading from file system: jar:file:/C:/Users/agust/.m2/repository/com/github/almasb/fxgl/21/fxgl-21.jar!/fxglassets/ui/css/fxgl_dark.css
13:13:07.947 [FXGL Background Thread 1 ] DEBUG GameApplicationServi - Initializing application scenes
13:13:08.075 [FXGL Background Thread 1 ] DEBUG GameWorld            - Game world initialized
13:13:08.175 [FXGL Background Thread 1 ] DEBUG PhysicsWorld         - Physics world initialized: appHeight=720, physics.ppm=50,0
13:13:08.176 [FXGL Background Thread 1 ] DEBUG PhysicsWorld         - Using strategy: BRUTE_FORCE
13:13:08.183 [FXGL Background Thread 1 ] DEBUG GameScene            - Game scene initialized: 1280x720
13:13:08.205 [FXGL Background Thread 1 ] DEBUG FXGL.DefaultMenu     - createMenuBodyGameMenu()
13:13:08.232 [FXGL Background Thread 1 ] DEBUG FXGL.DefaultMenu     - createOptionsMenu()
13:13:08.254 [FXGL Background Thread 1 ] DEBUG FXGLAssetLoaderServi - Loading from file system: jar:file:/C:/Users/agust/.m2/repository/com/github/almasb/fxgl/21/fxgl-21.jar!/fxglassets/textures/particles/smoke.png
13:13:08.438 [FXGL Background Thread 1 ] DEBUG FXGLAssetLoaderServi - Loading from file system: jar:file:/C:/Users/agust/.m2/repository/com/github/almasb/fxgl/21/fxgl-21.jar!/fxglassets/textures/particles/trace_horizontal.png
13:13:08.482 [FXGL Background Thread 1 ] DEBUG GameApplicationServi - Application scenes initialized
13:13:08.512 [FXGL Background Thread 1 ] DEBUG SystemBundleService  - Loading FXGL system data
13:13:08.525 [FXGL Background Thread 1 ] DEBUG FileSystemAccess     - Reading from: D:\Programación\JAVA\SuikaGame\system\fxgl.bundle
13:13:08.545 [FXGL Background Thread 1 ] DEBUG SystemBundleService  - Bundle FXGL: {}
13:13:08.545 [FXGL Background Thread 1 ] DEBUG UpdaterService       - Checking for updates
13:13:08.599 [FXGL Background Thread 1 ] DEBUG FXGLApplication      - Loading default localization
13:13:08.601 [FXGL Background Thread 1 ] DEBUG FXGLAssetLoaderServi - Loading from file system: jar:file:/C:/Users/agust/.m2/repository/com/github/almasb/fxgl/21/fxgl-21.jar!/fxglassets/languages/english.lang
13:13:08.659 [FXGL Background Thread 1 ] INFO  FXGLApplication      - FXGL initialization took: 0,911 sec
13:13:08.661 [JavaFX Application Thread] DEBUG FXGLAssetLoaderServi - Loading from file system: jar:file:/C:/Users/agust/.m2/repository/com/github/almasb/fxgl/21/fxgl-21.jar!/fxglassets/textures/fxgl_icon.png
13:13:08.745 [FXGL Background Thread 4 ] DEBUG FXGLApplication      - Loading fonts
13:13:08.753 [JavaFX Application Thread] DEBUG FXGLAssetLoaderServi - Loading from file system: jar:file:/C:/Users/agust/.m2/repository/com/github/almasb/fxgl/21/fxgl-21.jar!/fxglassets/textures/fxgl_default_cursor.png
13:13:08.752 [FXGL Background Thread 4 ] DEBUG FXGLAssetLoaderServi - Loading from file system: jar:file:/C:/Users/agust/.m2/repository/com/github/almasb/fxgl/21/fxgl-21.jar!/fxglassets/ui/fonts/VarelaRound-Regular.ttf
13:13:08.769 [JavaFX Application Thread] DEBUG Input                - Registered new binding: Screenshot - CTRL+8
13:13:08.769 [JavaFX Application Thread] DEBUG Input                - Registered new binding: Dev Options - 1
13:13:08.770 [JavaFX Application Thread] DEBUG Input                - Registered new binding: Dev Console - 2
13:13:08.770 [JavaFX Application Thread] DEBUG Input                - Registered new binding: System info dump - CTRL+9
13:13:08.771 [JavaFX Application Thread] DEBUG Input                - Registered new binding: Restart - CTRL+R
13:13:08.772 [JavaFX Application Thread] DEBUG Input                - Registered new binding: Toggle Debug Camera - CTRL+7
13:13:08.776 [JavaFX Application Thread] DEBUG LoopRunner           - Starting loop
13:13:08.822 [JavaFX Application Thread] DEBUG LoopRunner           - Initializing JavaFX AnimationTimerLoop
13:13:08.824 [JavaFX Application Thread] DEBUG GameApplicationServi - Starting new game
13:13:08.824 [JavaFX Application Thread] DEBUG Input                - Clearing active input actions
13:13:08.851 [JavaFX Application Thread] DEBUG GameApplicationServi - Removing overlay from FXGLStartupScene and adding to FXGLLoadingScene
13:13:08.856 [JavaFX Application Thread] DEBUG PrimaryStageWindow   - FXGLStartupScene -> FXGLLoadingScene
13:13:08.856 [JavaFX Application Thread] DEBUG GameApplicationServi - Clearing previous game
13:13:08.856 [JavaFX Application Thread] DEBUG GameScene            - Clearing game scene
13:13:08.856 [JavaFX Application Thread] DEBUG GameWorld            - Clearing game world
13:13:08.857 [JavaFX Application Thread] DEBUG PhysicsWorld         - Clearing physics world
13:13:08.859 [FXGL Background Thread 1 ] DEBUG FXGLApplication      - Initializing game
13:13:08.948 [FXGL Background Thread 1 ] INFO  FXGLApplication      - Game initialization took: 0,089 sec
13:13:09.027 [FXGL Background Thread 4 ] DEBUG FXGLAssetLoaderServi - Loading from file system: jar:file:/C:/Users/agust/.m2/repository/com/github/almasb/fxgl/21/fxgl-21.jar!/fxglassets/ui/fonts/Abel-Regular.ttf
13:13:09.441 [JavaFX Application Thread] DEBUG Input                - Clearing active input actions
13:13:09.463 [JavaFX Application Thread] DEBUG GameApplicationServi - Removing overlay from FXGLLoadingScene and adding to GameScene
13:13:09.473 [JavaFX Application Thread] DEBUG PrimaryStageWindow   - FXGLLoadingScene -> GameScene
13:13:09.535 [FXGL Background Thread 4 ] DEBUG FXGLAssetLoaderServi - Loading from file system: jar:file:/C:/Users/agust/.m2/repository/com/github/almasb/fxgl/21/fxgl-21.jar!/fxglassets/ui/fonts/TerminalLandMono-Regular.otf
13:13:09.614 [FXGL Background Thread 4 ] DEBUG FXGLAssetLoaderServi - Loading from file system: jar:file:/C:/Users/agust/.m2/repository/com/github/almasb/fxgl/21/fxgl-21.jar!/fxglassets/ui/fonts/Courier-Prime.ttf
13:13:09.678 [JavaFX Application Thread] DEBUG FXGLApplication      - Registering font factories with UI factory
13:13:10.377 [JavaFX Application Thread] DEBUG FXGLAssetLoaderServi - Loading from file system: file:/D:/Programaci%c3%b3n/JAVA/SuikaGame/target/classes/assets/textures/orange.png
13:13:11.595 [FXGL Background Thread 3 ] DEBUG Engine               - Logging environment variables
13:13:11.595 [FXGL Background Thread 3 ] DEBUG Engine               - achievements: []
13:13:11.596 [FXGL Background Thread 3 ] DEBUG Engine               - actualHeight: 720.0
13:13:11.596 [FXGL Background Thread 3 ] DEBUG Engine               - actualHeightProperty: ReadOnlyDoubleProperty [value: 720.0]
13:13:11.597 [FXGL Background Thread 3 ] DEBUG Engine               - actualWidth: 1280.0
13:13:11.597 [FXGL Background Thread 3 ] DEBUG Engine               - actualWidthProperty: ReadOnlyDoubleProperty [value: 1280.0]
13:13:11.597 [FXGL Background Thread 3 ] DEBUG Engine               - appIcon: fxgl_icon.png
13:13:11.597 [FXGL Background Thread 3 ] DEBUG Engine               - applicationMode: DEVELOPER
13:13:11.597 [FXGL Background Thread 3 ] DEBUG Engine               - cSSList: [fxgl_dark.css]
13:13:11.597 [FXGL Background Thread 3 ] DEBUG Engine               - collisionDetectionStrategy: BRUTE_FORCE
13:13:11.597 [FXGL Background Thread 3 ] DEBUG Engine               - configClass: Optional.empty
13:13:11.598 [FXGL Background Thread 3 ] DEBUG Engine               - credits: []
13:13:11.598 [FXGL Background Thread 3 ] DEBUG Engine               - defaultCursor: CursorInfo(imageName=fxgl_default_cursor.png, hotspotX=7.0, hotspotY=6.0)
13:13:11.598 [FXGL Background Thread 3 ] DEBUG Engine               - devBBoxColorProperty: ObjectProperty [value: 0xff0000ff]
13:13:11.599 [FXGL Background Thread 3 ] DEBUG Engine               - devEnableDebugCameraProperty: BooleanProperty [value: false]
13:13:11.599 [FXGL Background Thread 3 ] DEBUG Engine               - devSensorColorProperty: ObjectProperty [value: 0xffff00ff]
13:13:11.599 [FXGL Background Thread 3 ] DEBUG Engine               - devShowBBoxProperty: BooleanProperty [value: false]
13:13:11.599 [FXGL Background Thread 3 ] DEBUG Engine               - devShowPositionProperty: BooleanProperty [value: false]
13:13:11.599 [FXGL Background Thread 3 ] DEBUG Engine               - enabledMenuItems: []
13:13:11.600 [FXGL Background Thread 3 ] DEBUG Engine               - engineServices: [class com.almasb.fxgl.app.services.FXGLAssetLoaderService, class com.almasb.fxgl.app.FXGLApplication$GameApplicationService, class com.almasb.fxgl.app.services.FXGLDialogService, class com.almasb.fxgl.app.services.IOTaskExecutorService, class com.almasb.fxgl.io.FileSystemService, class com.almasb.fxgl.localization.LocalizationService, class com.almasb.fxgl.app.services.SystemBundleService, class com.almasb.fxgl.profile.SaveLoadService, class com.almasb.fxgl.ui.FXGLUIFactoryServiceProvider, class com.almasb.fxgl.ui.FXGLDialogFactoryServiceProvider, class com.almasb.fxgl.audio.AudioPlayer, class com.almasb.fxgl.notification.impl.NotificationServiceProvider, class com.almasb.fxgl.achievement.AchievementService, class com.almasb.fxgl.cutscene.CutsceneService, class com.almasb.fxgl.minigames.MiniGameService, class com.almasb.fxgl.net.NetService, class com.almasb.fxgl.app.services.UpdaterService, class com.almasb.fxgl.dev.DevService]
13:13:11.600 [FXGL Background Thread 3 ] DEBUG Engine               - fontGame: Abel-Regular.ttf
13:13:11.600 [FXGL Background Thread 3 ] DEBUG Engine               - fontMono: TerminalLandMono-Regular.otf
13:13:11.600 [FXGL Background Thread 3 ] DEBUG Engine               - fontSizeScaleUI: 1.0
13:13:11.600 [FXGL Background Thread 3 ] DEBUG Engine               - fontText: Courier-Prime.ttf
13:13:11.600 [FXGL Background Thread 3 ] DEBUG Engine               - fontUI: VarelaRound-Regular.ttf
13:13:11.600 [FXGL Background Thread 3 ] DEBUG Engine               - fullScreen: BooleanProperty [value: false]
13:13:11.600 [FXGL Background Thread 3 ] DEBUG Engine               - gameDifficulty: MEDIUM
13:13:11.600 [FXGL Background Thread 3 ] DEBUG Engine               - gameDifficultyProperty: ObjectProperty [value: MEDIUM]
13:13:11.601 [FXGL Background Thread 3 ] DEBUG Engine               - globalMusicVolume: 0.5
13:13:11.601 [FXGL Background Thread 3 ] DEBUG Engine               - globalMusicVolumeProperty: DoubleProperty [value: 0.5]
13:13:11.601 [FXGL Background Thread 3 ] DEBUG Engine               - globalSoundVolume: 0.5
13:13:11.601 [FXGL Background Thread 3 ] DEBUG Engine               - globalSoundVolumeProperty: DoubleProperty [value: 0.5]
13:13:11.601 [FXGL Background Thread 3 ] DEBUG Engine               - height: 720
13:13:11.602 [FXGL Background Thread 3 ] DEBUG Engine               - is3D: false
13:13:11.602 [FXGL Background Thread 3 ] DEBUG Engine               - isAndroid: false
13:13:11.602 [FXGL Background Thread 3 ] DEBUG Engine               - isBrowser: false
13:13:11.602 [FXGL Background Thread 3 ] DEBUG Engine               - isClickFeedbackEnabled: false
13:13:11.602 [FXGL Background Thread 3 ] DEBUG Engine               - isCloseConfirmation: false
13:13:11.602 [FXGL Background Thread 3 ] DEBUG Engine               - isDesktop: true
13:13:11.602 [FXGL Background Thread 3 ] DEBUG Engine               - isDeveloperMenuEnabled: true
13:13:11.602 [FXGL Background Thread 3 ] DEBUG Engine               - isEmbedded: false
13:13:11.602 [FXGL Background Thread 3 ] DEBUG Engine               - isEntityPreloadEnabled: true
13:13:11.603 [FXGL Background Thread 3 ] DEBUG Engine               - isExperimentalTiledLargeMap: false
13:13:11.603 [FXGL Background Thread 3 ] DEBUG Engine               - isFileSystemWriteAllowed: true
13:13:11.603 [FXGL Background Thread 3 ] DEBUG Engine               - isFullScreenAllowed: false
13:13:11.603 [FXGL Background Thread 3 ] DEBUG Engine               - isFullScreenFromStart: false
13:13:11.604 [FXGL Background Thread 3 ] DEBUG Engine               - isGameMenuEnabled: true
13:13:11.605 [FXGL Background Thread 3 ] DEBUG Engine               - isIOS: false
13:13:11.605 [FXGL Background Thread 3 ] DEBUG Engine               - isIntroEnabled: false
13:13:11.605 [FXGL Background Thread 3 ] DEBUG Engine               - isLinux: false
13:13:11.606 [FXGL Background Thread 3 ] DEBUG Engine               - isMac: false
13:13:11.607 [FXGL Background Thread 3 ] DEBUG Engine               - isMainMenuEnabled: false
13:13:11.607 [FXGL Background Thread 3 ] DEBUG Engine               - isManualResizeEnabled: false
13:13:11.607 [FXGL Background Thread 3 ] DEBUG Engine               - isMobile: false
13:13:11.607 [FXGL Background Thread 3 ] DEBUG Engine               - isNative: false
13:13:11.607 [FXGL Background Thread 3 ] DEBUG Engine               - isPauseMusicWhenMinimized: true
13:13:11.608 [FXGL Background Thread 3 ] DEBUG Engine               - isPreserveResizeRatio: false
13:13:11.608 [FXGL Background Thread 3 ] DEBUG Engine               - isProfilingEnabled: false
13:13:11.608 [FXGL Background Thread 3 ] DEBUG Engine               - isScaleAffectedOnResize: true
13:13:11.608 [FXGL Background Thread 3 ] DEBUG Engine               - isSingleStep: false
13:13:11.608 [FXGL Background Thread 3 ] DEBUG Engine               - isUserProfileEnabled: false
13:13:11.608 [FXGL Background Thread 3 ] DEBUG Engine               - isWindows: true
13:13:11.608 [FXGL Background Thread 3 ] DEBUG Engine               - language: ObjectProperty [value: ENGLISH]
13:13:11.608 [FXGL Background Thread 3 ] DEBUG Engine               - menuKey: ESCAPE
13:13:11.609 [FXGL Background Thread 3 ] DEBUG Engine               - mouseSensitivity: 0.2
13:13:11.609 [FXGL Background Thread 3 ] DEBUG Engine               - notificationViewClass: class com.almasb.fxgl.notification.view.XboxNotificationView
13:13:11.609 [FXGL Background Thread 3 ] DEBUG Engine               - pixelsPerMeter: 50.0
13:13:11.609 [FXGL Background Thread 3 ] DEBUG Engine               - platform: WINDOWS
13:13:11.609 [FXGL Background Thread 3 ] DEBUG Engine               - prefHeightProperty: ReadOnlyDoubleProperty [value: 720.0]
13:13:11.609 [FXGL Background Thread 3 ] DEBUG Engine               - prefWidthProperty: ReadOnlyDoubleProperty [value: 1280.0]
13:13:11.609 [FXGL Background Thread 3 ] DEBUG Engine               - profileDir: profiles/
13:13:11.610 [FXGL Background Thread 3 ] DEBUG Engine               - profileName: StringProperty [value: DEFAULT]
13:13:11.610 [FXGL Background Thread 3 ] DEBUG Engine               - randomSeed: -1
13:13:11.610 [FXGL Background Thread 3 ] DEBUG Engine               - runtimeInfo: RuntimeInfo(platform=WINDOWS, version=21, build=28.12.2023 13.35)
13:13:11.611 [FXGL Background Thread 3 ] DEBUG Engine               - saveFileExt: sav
13:13:11.611 [FXGL Background Thread 3 ] DEBUG Engine               - scaledHeightProp$fxgl: DoubleProperty [bound, value: 720.0]
13:13:11.611 [FXGL Background Thread 3 ] DEBUG Engine               - scaledWidthProp$fxgl: DoubleProperty [bound, value: 1280.0]
13:13:11.611 [FXGL Background Thread 3 ] DEBUG Engine               - sceneFactory: com.almasb.fxgl.app.scene.SceneFactory@13cb4341
13:13:11.611 [FXGL Background Thread 3 ] DEBUG Engine               - secondsIn24h: 60
13:13:11.612 [FXGL Background Thread 3 ] DEBUG Engine               - soundMenuBack: menu/back.wav
13:13:11.612 [FXGL Background Thread 3 ] DEBUG Engine               - soundMenuPress: menu/press.wav
13:13:11.612 [FXGL Background Thread 3 ] DEBUG Engine               - soundMenuSelect: menu/select.wav
13:13:11.612 [FXGL Background Thread 3 ] DEBUG Engine               - soundNotification: core/notification.wav
13:13:11.612 [FXGL Background Thread 3 ] DEBUG Engine               - stageStyle: DECORATED
13:13:11.612 [FXGL Background Thread 3 ] DEBUG Engine               - supportedLanguages: [ENGLISH, FRENCH, GERMAN, HUNGARIAN, RUSSIAN]
13:13:11.612 [FXGL Background Thread 3 ] DEBUG Engine               - ticksPerSecond: -1
13:13:11.612 [FXGL Background Thread 3 ] DEBUG Engine               - title: Basic Game App
13:13:11.612 [FXGL Background Thread 3 ] DEBUG Engine               - urlGithub: https://github.com/AlmasB/FXGL
13:13:11.613 [FXGL Background Thread 3 ] DEBUG Engine               - urlLeaderboard: http://fxgl-top.herokuapp.com/
13:13:11.613 [FXGL Background Thread 3 ] DEBUG Engine               - urlPOM: https://raw.githubusercontent.com/AlmasB/FXGL/release/README.md
13:13:11.613 [FXGL Background Thread 3 ] DEBUG Engine               - userAppClass: class com.lucenstuff.fxglgames.suikagame.SuikaGame
13:13:11.613 [FXGL Background Thread 3 ] DEBUG Engine               - version: 0.1
13:13:11.613 [FXGL Background Thread 3 ] DEBUG Engine               - versionCheckDays: 7
13:13:11.613 [FXGL Background Thread 3 ] DEBUG Engine               - width: 1280
13:13:11.613 [FXGL Background Thread 3 ] DEBUG Engine               - Logging services
13:13:11.613 [FXGL Background Thread 3 ] DEBUG Engine               - class com.almasb.fxgl.app.services.FXGLAssetLoaderService
13:13:11.613 [FXGL Background Thread 3 ] DEBUG Engine               - class com.almasb.fxgl.app.FXGLApplication$GameApplicationService
13:13:11.615 [FXGL Background Thread 3 ] DEBUG Engine               - class com.almasb.fxgl.app.services.FXGLDialogService
13:13:11.615 [FXGL Background Thread 3 ] DEBUG Engine               - class com.almasb.fxgl.app.services.IOTaskExecutorService
13:13:11.615 [FXGL Background Thread 3 ] DEBUG Engine               - class com.almasb.fxgl.io.FileSystemService
13:13:11.615 [FXGL Background Thread 3 ] DEBUG Engine               - class com.almasb.fxgl.localization.LocalizationService
13:13:11.615 [FXGL Background Thread 3 ] DEBUG Engine               - class com.almasb.fxgl.app.services.SystemBundleService
13:13:11.615 [FXGL Background Thread 3 ] DEBUG Engine               - class com.almasb.fxgl.profile.SaveLoadService
13:13:11.615 [FXGL Background Thread 3 ] DEBUG Engine               - class com.almasb.fxgl.ui.FXGLUIFactoryServiceProvider
13:13:11.616 [FXGL Background Thread 3 ] DEBUG Engine               - class com.almasb.fxgl.ui.FXGLDialogFactoryServiceProvider
13:13:11.616 [FXGL Background Thread 3 ] DEBUG Engine               - class com.almasb.fxgl.audio.AudioPlayer
13:13:11.616 [FXGL Background Thread 3 ] DEBUG Engine               - class com.almasb.fxgl.notification.impl.NotificationServiceProvider
13:13:11.616 [FXGL Background Thread 3 ] DEBUG Engine               - class com.almasb.fxgl.achievement.AchievementService
13:13:11.616 [FXGL Background Thread 3 ] DEBUG Engine               - class com.almasb.fxgl.cutscene.CutsceneService
13:13:11.617 [FXGL Background Thread 3 ] DEBUG Engine               - class com.almasb.fxgl.minigames.MiniGameService
13:13:11.617 [FXGL Background Thread 3 ] DEBUG Engine               - class com.almasb.fxgl.net.NetService
13:13:11.617 [FXGL Background Thread 3 ] DEBUG Engine               - class com.almasb.fxgl.app.services.UpdaterService
13:13:11.617 [FXGL Background Thread 3 ] DEBUG Engine               - class com.almasb.fxgl.dev.DevService
13:13:27.219 [JavaFX Application Thread] DEBUG FXGLApplication      - Exiting FXGL
13:13:27.219 [JavaFX Application Thread] DEBUG LoopRunner           - Stopping loop
13:13:27.220 [JavaFX Application Thread] DEBUG SystemBundleService  - Saving FXGL system data
13:13:27.223 [JavaFX Application Thread] DEBUG FileSystemAccess     - Writing to: D:\Programación\JAVA\SuikaGame\system\fxgl.bundle
13:13:27.226 [JavaFX Application Thread] DEBUG Async                - Shutting down background threads
13:13:27.226 [JavaFX Application Thread] DEBUG PrimaryStageWindow   - Closing main window
13:13:27.245 [JavaFX Application Thread] DEBUG Logger               - Closing Logger
