12:43:53.062 [main                     ] DEBUG Logger               - Configured Logger
12:43:53.085 [main                     ] DEBUG GameApplication      - Logging settings
Title: Basic Game App
Version: 0.1
Width: 1280
Height: 720
Fullscreen: false
Intro: false
Profiling: false
Single step:false
App Mode: DEVELOPER
Menu Key: ESCAPE
Stage Style: DECORATED
Scene Factory: class com.almasb.fxgl.app.scene.SceneFactory

12:43:53.586 [JavaFX Application Thread] DEBUG FXGLApplication      - Initializing FXGL
12:43:53.591 [JavaFX Application Thread] INFO  Engine               - FXGL-21 (28.12.2023 13.35) on WINDOWS (J:21.0.1 FX:21.0.1)
12:43:53.591 [JavaFX Application Thread] DEBUG Engine               - JRE Vendor Name: Oracle Corporation
12:43:53.591 [JavaFX Application Thread] DEBUG Engine               - Running on OS: Windows 11 version 10.0
12:43:53.591 [JavaFX Application Thread] DEBUG Engine               - Architecture: amd64
12:43:53.591 [JavaFX Application Thread] INFO  Engine               - Source code and latest versions at: https://github.com/AlmasB/FXGL
12:43:53.592 [JavaFX Application Thread] INFO  Engine               -       Ask questions and discuss at: https://github.com/AlmasB/FXGL/discussions
12:43:53.592 [JavaFX Application Thread] INFO  Engine               -              Join the FXGL chat at: https://gitter.im/AlmasB/FXGL
12:43:53.718 [JavaFX Application Thread] DEBUG PrimaryStageWindow   - Creating a JavaFX scene
12:43:53.769 [JavaFX Application Thread] DEBUG PrimaryStageWindow   - Target settings size: 1280.0 x 720.0
12:43:53.769 [JavaFX Application Thread] DEBUG PrimaryStageWindow   - Scaled scene size:    1280.0 x 720.0
12:43:53.769 [JavaFX Application Thread] DEBUG PrimaryStageWindow   - Scaled ratio: (1.0, 1.0)
12:43:53.770 [JavaFX Application Thread] DEBUG PrimaryStageWindow   - Set initial scene to FXGLStartupScene
12:43:53.774 [JavaFX Application Thread] DEBUG PrimaryStageWindow   - Opening main window
12:43:53.894 [JavaFX Application Thread] DEBUG PrimaryStageWindow   - Window border size: (16.0, 39.0)
12:43:53.894 [JavaFX Application Thread] DEBUG PrimaryStageWindow   - Scaled size: 1280.0 x 720.0
12:43:53.895 [JavaFX Application Thread] DEBUG PrimaryStageWindow   - Scaled ratio: (1.0, 1.0)
12:43:53.895 [JavaFX Application Thread] DEBUG PrimaryStageWindow   - Scene size: 1280.0 x 720.0
12:43:53.895 [JavaFX Application Thread] DEBUG PrimaryStageWindow   - Stage size: 1296.0 x 759.0
12:43:53.906 [FXGL Background Thread 1 ] DEBUG Engine               - Initializing environment variables
12:43:53.980 [FXGL Background Thread 1 ] DEBUG FXGLAssetLoaderServi - User app class for loading assets: class com.lucenstuff.fxglgames.suikagame.SuikaGame
12:43:53.980 [FXGL Background Thread 1 ] DEBUG GameApplicationServi - Applying CSS: fxgl_dark.css
12:43:53.980 [FXGL Background Thread 1 ] DEBUG FXGLAssetLoaderServi - Loading from file system: jar:file:/C:/Users/agust/.m2/repository/com/github/almasb/fxgl/21/fxgl-21.jar!/fxglassets/ui/css/fxgl_dark.css
12:43:54.031 [FXGL Background Thread 1 ] DEBUG GameApplicationServi - Initializing application scenes
12:43:54.125 [FXGL Background Thread 1 ] DEBUG GameWorld            - Game world initialized
12:43:54.188 [FXGL Background Thread 1 ] DEBUG PhysicsWorld         - Physics world initialized: appHeight=720, physics.ppm=50,0
12:43:54.189 [FXGL Background Thread 1 ] DEBUG PhysicsWorld         - Using strategy: BRUTE_FORCE
12:43:54.193 [FXGL Background Thread 1 ] DEBUG GameScene            - Game scene initialized: 1280x720
12:43:54.205 [FXGL Background Thread 1 ] DEBUG FXGL.DefaultMenu     - createMenuBodyGameMenu()
12:43:54.222 [FXGL Background Thread 1 ] DEBUG FXGL.DefaultMenu     - createOptionsMenu()
12:43:54.232 [FXGL Background Thread 1 ] DEBUG FXGLAssetLoaderServi - Loading from file system: jar:file:/C:/Users/agust/.m2/repository/com/github/almasb/fxgl/21/fxgl-21.jar!/fxglassets/textures/particles/smoke.png
12:43:54.344 [FXGL Background Thread 1 ] DEBUG FXGLAssetLoaderServi - Loading from file system: jar:file:/C:/Users/agust/.m2/repository/com/github/almasb/fxgl/21/fxgl-21.jar!/fxglassets/textures/particles/trace_horizontal.png
12:43:54.376 [FXGL Background Thread 1 ] DEBUG GameApplicationServi - Application scenes initialized
12:43:54.391 [FXGL Background Thread 1 ] DEBUG SystemBundleService  - Loading FXGL system data
12:43:54.395 [FXGL Background Thread 1 ] DEBUG FileSystemAccess     - Reading from: D:\Programación\JAVA\SuikaGame\system\fxgl.bundle
12:43:54.406 [FXGL Background Thread 1 ] DEBUG SystemBundleService  - Bundle FXGL: {}
12:43:54.406 [FXGL Background Thread 1 ] DEBUG UpdaterService       - Checking for updates
12:43:54.443 [FXGL Background Thread 4 ] DEBUG FXGLApplication      - Loading fonts
12:43:54.444 [FXGL Background Thread 1 ] DEBUG FXGLApplication      - Loading default localization
12:43:54.445 [FXGL Background Thread 1 ] DEBUG FXGLAssetLoaderServi - Loading from file system: jar:file:/C:/Users/agust/.m2/repository/com/github/almasb/fxgl/21/fxgl-21.jar!/fxglassets/languages/english.lang
12:43:54.454 [FXGL Background Thread 4 ] DEBUG FXGLAssetLoaderServi - Loading from file system: jar:file:/C:/Users/agust/.m2/repository/com/github/almasb/fxgl/21/fxgl-21.jar!/fxglassets/ui/fonts/VarelaRound-Regular.ttf
12:43:54.492 [FXGL Background Thread 1 ] INFO  FXGLApplication      - FXGL initialization took: 0,586 sec
12:43:54.494 [JavaFX Application Thread] DEBUG FXGLAssetLoaderServi - Loading from file system: jar:file:/C:/Users/agust/.m2/repository/com/github/almasb/fxgl/21/fxgl-21.jar!/fxglassets/textures/fxgl_icon.png
12:43:54.517 [JavaFX Application Thread] DEBUG FXGLAssetLoaderServi - Loading from file system: jar:file:/C:/Users/agust/.m2/repository/com/github/almasb/fxgl/21/fxgl-21.jar!/fxglassets/textures/fxgl_default_cursor.png
12:43:54.531 [JavaFX Application Thread] DEBUG Input                - Registered new binding: Screenshot - CTRL+8
12:43:54.531 [JavaFX Application Thread] DEBUG Input                - Registered new binding: Dev Options - 1
12:43:54.532 [JavaFX Application Thread] DEBUG Input                - Registered new binding: Dev Console - 2
12:43:54.532 [JavaFX Application Thread] DEBUG Input                - Registered new binding: System info dump - CTRL+9
12:43:54.532 [JavaFX Application Thread] DEBUG Input                - Registered new binding: Restart - CTRL+R
12:43:54.533 [JavaFX Application Thread] DEBUG Input                - Registered new binding: Toggle Debug Camera - CTRL+7
12:43:54.536 [JavaFX Application Thread] DEBUG LoopRunner           - Starting loop
12:43:54.554 [FXGL Background Thread 4 ] DEBUG FXGLAssetLoaderServi - Loading from file system: jar:file:/C:/Users/agust/.m2/repository/com/github/almasb/fxgl/21/fxgl-21.jar!/fxglassets/ui/fonts/Abel-Regular.ttf
12:43:54.559 [JavaFX Application Thread] DEBUG LoopRunner           - Initializing JavaFX AnimationTimerLoop
12:43:54.561 [JavaFX Application Thread] DEBUG GameApplicationServi - Starting new game
12:43:54.561 [JavaFX Application Thread] DEBUG Input                - Clearing active input actions
12:43:54.576 [JavaFX Application Thread] DEBUG GameApplicationServi - Removing overlay from FXGLStartupScene and adding to FXGLLoadingScene
12:43:54.580 [JavaFX Application Thread] DEBUG PrimaryStageWindow   - FXGLStartupScene -> FXGLLoadingScene
12:43:54.580 [JavaFX Application Thread] DEBUG GameApplicationServi - Clearing previous game
12:43:54.580 [JavaFX Application Thread] DEBUG GameScene            - Clearing game scene
12:43:54.580 [JavaFX Application Thread] DEBUG GameWorld            - Clearing game world
12:43:54.580 [JavaFX Application Thread] DEBUG PhysicsWorld         - Clearing physics world
12:43:54.582 [FXGL Background Thread 1 ] DEBUG FXGLApplication      - Initializing game
12:43:54.625 [FXGL Background Thread 4 ] DEBUG FXGLAssetLoaderServi - Loading from file system: jar:file:/C:/Users/agust/.m2/repository/com/github/almasb/fxgl/21/fxgl-21.jar!/fxglassets/ui/fonts/TerminalLandMono-Regular.otf
12:43:54.650 [FXGL Background Thread 1 ] DEBUG FXGLAssetLoaderServi - Loading from file system: file:/D:/Programaci%c3%b3n/JAVA/SuikaGame/target/classes/assets/textures/background_view.png
12:43:54.680 [FXGL Background Thread 1 ] DEBUG FXGLAssetLoaderServi - Loading from file system: file:/D:/Programaci%c3%b3n/JAVA/SuikaGame/target/classes/assets/textures/container_view.png
12:43:54.685 [FXGL Background Thread 1 ] INFO  FXGLApplication      - Game initialization took: 0,103 sec
12:43:54.741 [FXGL Background Thread 4 ] DEBUG FXGLAssetLoaderServi - Loading from file system: jar:file:/C:/Users/agust/.m2/repository/com/github/almasb/fxgl/21/fxgl-21.jar!/fxglassets/ui/fonts/Courier-Prime.ttf
12:43:54.878 [JavaFX Application Thread] DEBUG Input                - Clearing active input actions
12:43:54.888 [JavaFX Application Thread] DEBUG GameApplicationServi - Removing overlay from FXGLLoadingScene and adding to GameScene
12:43:54.898 [JavaFX Application Thread] DEBUG PrimaryStageWindow   - FXGLLoadingScene -> GameScene
12:43:54.903 [JavaFX Application Thread] DEBUG FXGLApplication      - Registering font factories with UI factory
12:43:57.442 [FXGL Background Thread 3 ] DEBUG Engine               - Logging environment variables
12:43:57.442 [FXGL Background Thread 3 ] DEBUG Engine               - achievements: []
12:43:57.443 [FXGL Background Thread 3 ] DEBUG Engine               - actualHeight: 720.0
12:43:57.443 [FXGL Background Thread 3 ] DEBUG Engine               - actualHeightProperty: ReadOnlyDoubleProperty [value: 720.0]
12:43:57.443 [FXGL Background Thread 3 ] DEBUG Engine               - actualWidth: 1280.0
12:43:57.443 [FXGL Background Thread 3 ] DEBUG Engine               - actualWidthProperty: ReadOnlyDoubleProperty [value: 1280.0]
12:43:57.443 [FXGL Background Thread 3 ] DEBUG Engine               - appIcon: fxgl_icon.png
12:43:57.443 [FXGL Background Thread 3 ] DEBUG Engine               - applicationMode: DEVELOPER
12:43:57.443 [FXGL Background Thread 3 ] DEBUG Engine               - cSSList: [fxgl_dark.css]
12:43:57.443 [FXGL Background Thread 3 ] DEBUG Engine               - collisionDetectionStrategy: BRUTE_FORCE
12:43:57.443 [FXGL Background Thread 3 ] DEBUG Engine               - configClass: Optional.empty
12:43:57.444 [FXGL Background Thread 3 ] DEBUG Engine               - credits: []
12:43:57.444 [FXGL Background Thread 3 ] DEBUG Engine               - defaultCursor: CursorInfo(imageName=fxgl_default_cursor.png, hotspotX=7.0, hotspotY=6.0)
12:43:57.444 [FXGL Background Thread 3 ] DEBUG Engine               - devBBoxColorProperty: ObjectProperty [value: 0xff0000ff]
12:43:57.444 [FXGL Background Thread 3 ] DEBUG Engine               - devEnableDebugCameraProperty: BooleanProperty [value: false]
12:43:57.444 [FXGL Background Thread 3 ] DEBUG Engine               - devSensorColorProperty: ObjectProperty [value: 0xffff00ff]
12:43:57.445 [FXGL Background Thread 3 ] DEBUG Engine               - devShowBBoxProperty: BooleanProperty [value: false]
12:43:57.445 [FXGL Background Thread 3 ] DEBUG Engine               - devShowPositionProperty: BooleanProperty [value: false]
12:43:57.445 [FXGL Background Thread 3 ] DEBUG Engine               - enabledMenuItems: []
12:43:57.445 [FXGL Background Thread 3 ] DEBUG Engine               - engineServices: [class com.almasb.fxgl.app.services.FXGLAssetLoaderService, class com.almasb.fxgl.app.FXGLApplication$GameApplicationService, class com.almasb.fxgl.app.services.FXGLDialogService, class com.almasb.fxgl.app.services.IOTaskExecutorService, class com.almasb.fxgl.io.FileSystemService, class com.almasb.fxgl.localization.LocalizationService, class com.almasb.fxgl.app.services.SystemBundleService, class com.almasb.fxgl.profile.SaveLoadService, class com.almasb.fxgl.ui.FXGLUIFactoryServiceProvider, class com.almasb.fxgl.ui.FXGLDialogFactoryServiceProvider, class com.almasb.fxgl.audio.AudioPlayer, class com.almasb.fxgl.notification.impl.NotificationServiceProvider, class com.almasb.fxgl.achievement.AchievementService, class com.almasb.fxgl.cutscene.CutsceneService, class com.almasb.fxgl.minigames.MiniGameService, class com.almasb.fxgl.net.NetService, class com.almasb.fxgl.app.services.UpdaterService, class com.almasb.fxgl.dev.DevService]
12:43:57.445 [FXGL Background Thread 3 ] DEBUG Engine               - fontGame: Abel-Regular.ttf
12:43:57.445 [FXGL Background Thread 3 ] DEBUG Engine               - fontMono: TerminalLandMono-Regular.otf
12:43:57.445 [FXGL Background Thread 3 ] DEBUG Engine               - fontSizeScaleUI: 1.0
12:43:57.445 [FXGL Background Thread 3 ] DEBUG Engine               - fontText: Courier-Prime.ttf
12:43:57.445 [FXGL Background Thread 3 ] DEBUG Engine               - fontUI: VarelaRound-Regular.ttf
12:43:57.445 [FXGL Background Thread 3 ] DEBUG Engine               - fullScreen: BooleanProperty [value: false]
12:43:57.445 [FXGL Background Thread 3 ] DEBUG Engine               - gameDifficulty: MEDIUM
12:43:57.445 [FXGL Background Thread 3 ] DEBUG Engine               - gameDifficultyProperty: ObjectProperty [value: MEDIUM]
12:43:57.446 [FXGL Background Thread 3 ] DEBUG Engine               - globalMusicVolume: 0.5
12:43:57.446 [FXGL Background Thread 3 ] DEBUG Engine               - globalMusicVolumeProperty: DoubleProperty [value: 0.5]
12:43:57.446 [FXGL Background Thread 3 ] DEBUG Engine               - globalSoundVolume: 0.5
12:43:57.446 [FXGL Background Thread 3 ] DEBUG Engine               - globalSoundVolumeProperty: DoubleProperty [value: 0.5]
12:43:57.446 [FXGL Background Thread 3 ] DEBUG Engine               - height: 720
12:43:57.446 [FXGL Background Thread 3 ] DEBUG Engine               - is3D: false
12:43:57.446 [FXGL Background Thread 3 ] DEBUG Engine               - isAndroid: false
12:43:57.446 [FXGL Background Thread 3 ] DEBUG Engine               - isBrowser: false
12:43:57.446 [FXGL Background Thread 3 ] DEBUG Engine               - isClickFeedbackEnabled: false
12:43:57.446 [FXGL Background Thread 3 ] DEBUG Engine               - isCloseConfirmation: false
12:43:57.447 [FXGL Background Thread 3 ] DEBUG Engine               - isDesktop: true
12:43:57.447 [FXGL Background Thread 3 ] DEBUG Engine               - isDeveloperMenuEnabled: true
12:43:57.447 [FXGL Background Thread 3 ] DEBUG Engine               - isEmbedded: false
12:43:57.447 [FXGL Background Thread 3 ] DEBUG Engine               - isEntityPreloadEnabled: true
12:43:57.447 [FXGL Background Thread 3 ] DEBUG Engine               - isExperimentalTiledLargeMap: false
12:43:57.447 [FXGL Background Thread 3 ] DEBUG Engine               - isFileSystemWriteAllowed: true
12:43:57.447 [FXGL Background Thread 3 ] DEBUG Engine               - isFullScreenAllowed: false
12:43:57.447 [FXGL Background Thread 3 ] DEBUG Engine               - isFullScreenFromStart: false
12:43:57.447 [FXGL Background Thread 3 ] DEBUG Engine               - isGameMenuEnabled: true
12:43:57.447 [FXGL Background Thread 3 ] DEBUG Engine               - isIOS: false
12:43:57.447 [FXGL Background Thread 3 ] DEBUG Engine               - isIntroEnabled: false
12:43:57.447 [FXGL Background Thread 3 ] DEBUG Engine               - isLinux: false
12:43:57.447 [FXGL Background Thread 3 ] DEBUG Engine               - isMac: false
12:43:57.448 [FXGL Background Thread 3 ] DEBUG Engine               - isMainMenuEnabled: false
12:43:57.448 [FXGL Background Thread 3 ] DEBUG Engine               - isManualResizeEnabled: false
12:43:57.448 [FXGL Background Thread 3 ] DEBUG Engine               - isMobile: false
12:43:57.448 [FXGL Background Thread 3 ] DEBUG Engine               - isNative: false
12:43:57.448 [FXGL Background Thread 3 ] DEBUG Engine               - isPauseMusicWhenMinimized: true
12:43:57.448 [FXGL Background Thread 3 ] DEBUG Engine               - isPreserveResizeRatio: false
12:43:57.448 [FXGL Background Thread 3 ] DEBUG Engine               - isProfilingEnabled: false
12:43:57.448 [FXGL Background Thread 3 ] DEBUG Engine               - isScaleAffectedOnResize: true
12:43:57.448 [FXGL Background Thread 3 ] DEBUG Engine               - isSingleStep: false
12:43:57.448 [FXGL Background Thread 3 ] DEBUG Engine               - isUserProfileEnabled: false
12:43:57.448 [FXGL Background Thread 3 ] DEBUG Engine               - isWindows: true
12:43:57.448 [FXGL Background Thread 3 ] DEBUG Engine               - language: ObjectProperty [value: ENGLISH]
12:43:57.449 [FXGL Background Thread 3 ] DEBUG Engine               - menuKey: ESCAPE
12:43:57.449 [FXGL Background Thread 3 ] DEBUG Engine               - mouseSensitivity: 0.2
12:43:57.449 [FXGL Background Thread 3 ] DEBUG Engine               - notificationViewClass: class com.almasb.fxgl.notification.view.XboxNotificationView
12:43:57.449 [FXGL Background Thread 3 ] DEBUG Engine               - pixelsPerMeter: 50.0
12:43:57.449 [FXGL Background Thread 3 ] DEBUG Engine               - platform: WINDOWS
12:43:57.449 [FXGL Background Thread 3 ] DEBUG Engine               - prefHeightProperty: ReadOnlyDoubleProperty [value: 720.0]
12:43:57.449 [FXGL Background Thread 3 ] DEBUG Engine               - prefWidthProperty: ReadOnlyDoubleProperty [value: 1280.0]
12:43:57.449 [FXGL Background Thread 3 ] DEBUG Engine               - profileDir: profiles/
12:43:57.449 [FXGL Background Thread 3 ] DEBUG Engine               - profileName: StringProperty [value: DEFAULT]
12:43:57.449 [FXGL Background Thread 3 ] DEBUG Engine               - randomSeed: -1
12:43:57.450 [FXGL Background Thread 3 ] DEBUG Engine               - runtimeInfo: RuntimeInfo(platform=WINDOWS, version=21, build=28.12.2023 13.35)
12:43:57.450 [FXGL Background Thread 3 ] DEBUG Engine               - saveFileExt: sav
12:43:57.450 [FXGL Background Thread 3 ] DEBUG Engine               - scaledHeightProp$fxgl: DoubleProperty [bound, value: 720.0]
12:43:57.450 [FXGL Background Thread 3 ] DEBUG Engine               - scaledWidthProp$fxgl: DoubleProperty [bound, value: 1280.0]
12:43:57.450 [FXGL Background Thread 3 ] DEBUG Engine               - sceneFactory: com.almasb.fxgl.app.scene.SceneFactory@5c9f173a
12:43:57.450 [FXGL Background Thread 3 ] DEBUG Engine               - secondsIn24h: 60
12:43:57.450 [FXGL Background Thread 3 ] DEBUG Engine               - soundMenuBack: menu/back.wav
12:43:57.450 [FXGL Background Thread 3 ] DEBUG Engine               - soundMenuPress: menu/press.wav
12:43:57.450 [FXGL Background Thread 3 ] DEBUG Engine               - soundMenuSelect: menu/select.wav
12:43:57.450 [FXGL Background Thread 3 ] DEBUG Engine               - soundNotification: core/notification.wav
12:43:57.450 [FXGL Background Thread 3 ] DEBUG Engine               - stageStyle: DECORATED
12:43:57.450 [FXGL Background Thread 3 ] DEBUG Engine               - supportedLanguages: [ENGLISH, FRENCH, GERMAN, HUNGARIAN, RUSSIAN]
12:43:57.451 [FXGL Background Thread 3 ] DEBUG Engine               - ticksPerSecond: -1
12:43:57.451 [FXGL Background Thread 3 ] DEBUG Engine               - title: Basic Game App
12:43:57.451 [FXGL Background Thread 3 ] DEBUG Engine               - urlGithub: https://github.com/AlmasB/FXGL
12:43:57.451 [FXGL Background Thread 3 ] DEBUG Engine               - urlLeaderboard: http://fxgl-top.herokuapp.com/
12:43:57.451 [FXGL Background Thread 3 ] DEBUG Engine               - urlPOM: https://raw.githubusercontent.com/AlmasB/FXGL/release/README.md
12:43:57.451 [FXGL Background Thread 3 ] DEBUG Engine               - userAppClass: class com.lucenstuff.fxglgames.suikagame.SuikaGame
12:43:57.451 [FXGL Background Thread 3 ] DEBUG Engine               - version: 0.1
12:43:57.451 [FXGL Background Thread 3 ] DEBUG Engine               - versionCheckDays: 7
12:43:57.451 [FXGL Background Thread 3 ] DEBUG Engine               - width: 1280
12:43:57.451 [FXGL Background Thread 3 ] DEBUG Engine               - Logging services
12:43:57.451 [FXGL Background Thread 3 ] DEBUG Engine               - class com.almasb.fxgl.app.services.FXGLAssetLoaderService
12:43:57.451 [FXGL Background Thread 3 ] DEBUG Engine               - class com.almasb.fxgl.app.FXGLApplication$GameApplicationService
12:43:57.451 [FXGL Background Thread 3 ] DEBUG Engine               - class com.almasb.fxgl.app.services.FXGLDialogService
12:43:57.452 [FXGL Background Thread 3 ] DEBUG Engine               - class com.almasb.fxgl.app.services.IOTaskExecutorService
12:43:57.452 [FXGL Background Thread 3 ] DEBUG Engine               - class com.almasb.fxgl.io.FileSystemService
12:43:57.452 [FXGL Background Thread 3 ] DEBUG Engine               - class com.almasb.fxgl.localization.LocalizationService
12:43:57.452 [FXGL Background Thread 3 ] DEBUG Engine               - class com.almasb.fxgl.app.services.SystemBundleService
12:43:57.452 [FXGL Background Thread 3 ] DEBUG Engine               - class com.almasb.fxgl.profile.SaveLoadService
12:43:57.452 [FXGL Background Thread 3 ] DEBUG Engine               - class com.almasb.fxgl.ui.FXGLUIFactoryServiceProvider
12:43:57.452 [FXGL Background Thread 3 ] DEBUG Engine               - class com.almasb.fxgl.ui.FXGLDialogFactoryServiceProvider
12:43:57.452 [FXGL Background Thread 3 ] DEBUG Engine               - class com.almasb.fxgl.audio.AudioPlayer
12:43:57.452 [FXGL Background Thread 3 ] DEBUG Engine               - class com.almasb.fxgl.notification.impl.NotificationServiceProvider
12:43:57.452 [FXGL Background Thread 3 ] DEBUG Engine               - class com.almasb.fxgl.achievement.AchievementService
12:43:57.452 [FXGL Background Thread 3 ] DEBUG Engine               - class com.almasb.fxgl.cutscene.CutsceneService
12:43:57.452 [FXGL Background Thread 3 ] DEBUG Engine               - class com.almasb.fxgl.minigames.MiniGameService
12:43:57.452 [FXGL Background Thread 3 ] DEBUG Engine               - class com.almasb.fxgl.net.NetService
12:43:57.452 [FXGL Background Thread 3 ] DEBUG Engine               - class com.almasb.fxgl.app.services.UpdaterService
12:43:57.452 [FXGL Background Thread 3 ] DEBUG Engine               - class com.almasb.fxgl.dev.DevService
12:43:59.782 [JavaFX Application Thread] DEBUG FXGLApplication      - Exiting FXGL
12:43:59.782 [JavaFX Application Thread] DEBUG LoopRunner           - Stopping loop
12:43:59.783 [JavaFX Application Thread] DEBUG SystemBundleService  - Saving FXGL system data
12:43:59.785 [JavaFX Application Thread] DEBUG FileSystemAccess     - Writing to: D:\Programación\JAVA\SuikaGame\system\fxgl.bundle
12:43:59.787 [JavaFX Application Thread] DEBUG Async                - Shutting down background threads
12:43:59.787 [JavaFX Application Thread] DEBUG PrimaryStageWindow   - Closing main window
12:43:59.804 [JavaFX Application Thread] DEBUG Logger               - Closing Logger
