23:43:11.886 [main                     ] DEBUG Logger               - Configured Logger
23:43:11.905 [main                     ] DEBUG GameApplication      - Logging settings
Title: Suika FXGL
Version: 0.1
Width: 1280
Height: 720
Fullscreen: false
Intro: false
Profiling: false
Single step:false
App Mode: DEVELOPER
Menu Key: ESCAPE
Stage Style: DECORATED
Scene Factory: class com.almasb.fxgl.app.scene.SceneFactory

23:43:12.375 [JavaFX Application Thread] DEBUG FXGLApplication      - Initializing FXGL
23:43:12.378 [JavaFX Application Thread] INFO  Engine               - FXGL-21 (28.12.2023 13.35) on WINDOWS (J:21.0.2 FX:21.0.1)
23:43:12.379 [JavaFX Application Thread] DEBUG Engine               - JRE Vendor Name: Oracle Corporation
23:43:12.379 [JavaFX Application Thread] DEBUG Engine               - Running on OS: Windows 10 version 10.0
23:43:12.379 [JavaFX Application Thread] DEBUG Engine               - Architecture: amd64
23:43:12.379 [JavaFX Application Thread] INFO  Engine               - Source code and latest versions at: https://github.com/AlmasB/FXGL
23:43:12.379 [JavaFX Application Thread] INFO  Engine               -       Ask questions and discuss at: https://github.com/AlmasB/FXGL/discussions
23:43:12.379 [JavaFX Application Thread] INFO  Engine               -              Join the FXGL chat at: https://gitter.im/AlmasB/FXGL
23:43:12.463 [JavaFX Application Thread] DEBUG PrimaryStageWindow   - Creating a JavaFX scene
23:43:12.521 [JavaFX Application Thread] DEBUG PrimaryStageWindow   - Target settings size: 1280.0 x 720.0
23:43:12.521 [JavaFX Application Thread] DEBUG PrimaryStageWindow   - Scaled scene size:    1280.0 x 720.0
23:43:12.521 [JavaFX Application Thread] DEBUG PrimaryStageWindow   - Scaled ratio: (1.0, 1.0)
23:43:12.522 [JavaFX Application Thread] DEBUG PrimaryStageWindow   - Set initial scene to FXGLStartupScene
23:43:12.524 [JavaFX Application Thread] DEBUG PrimaryStageWindow   - Opening main window
23:43:12.612 [JavaFX Application Thread] DEBUG PrimaryStageWindow   - Window border size: (16.0, 39.0)
23:43:12.613 [JavaFX Application Thread] DEBUG PrimaryStageWindow   - Scaled size: 1280.0 x 720.0
23:43:12.613 [JavaFX Application Thread] DEBUG PrimaryStageWindow   - Scaled ratio: (1.0, 1.0)
23:43:12.613 [JavaFX Application Thread] DEBUG PrimaryStageWindow   - Scene size: 1280.0 x 720.0
23:43:12.613 [JavaFX Application Thread] DEBUG PrimaryStageWindow   - Stage size: 1296.0 x 759.0
23:43:12.619 [FXGL Background Thread 1 ] DEBUG Engine               - Initializing environment variables
23:43:12.664 [FXGL Background Thread 1 ] DEBUG FXGLAssetLoaderServi - User app class for loading assets: class com.lucenstuff.fxglgames.suikagame.SuikaGame
23:43:12.664 [FXGL Background Thread 1 ] DEBUG GameApplicationServi - Applying CSS: fxgl_dark.css
23:43:12.665 [FXGL Background Thread 1 ] DEBUG FXGLAssetLoaderServi - Loading from file system: jar:file:/C:/Users/Fabrizio/.m2/repository/com/github/almasb/fxgl/21/fxgl-21.jar!/fxglassets/ui/css/fxgl_dark.css
23:43:12.705 [FXGL Background Thread 1 ] DEBUG GameApplicationServi - Initializing application scenes
23:43:12.734 [FXGL Background Thread 1 ] DEBUG GameWorld            - Game world initialized
23:43:12.787 [FXGL Background Thread 1 ] DEBUG PhysicsWorld         - Physics world initialized: appHeight=720, physics.ppm=50,0
23:43:12.788 [FXGL Background Thread 1 ] DEBUG PhysicsWorld         - Using strategy: BRUTE_FORCE
23:43:12.791 [FXGL Background Thread 1 ] DEBUG GameScene            - Game scene initialized: 1280x720
23:43:12.801 [FXGL Background Thread 1 ] DEBUG FXGL.DefaultMenu     - createMenuBodyGameMenu()
23:43:12.813 [FXGL Background Thread 1 ] DEBUG FXGL.DefaultMenu     - createOptionsMenu()
23:43:12.820 [FXGL Background Thread 1 ] DEBUG FXGLAssetLoaderServi - Loading from file system: jar:file:/C:/Users/Fabrizio/.m2/repository/com/github/almasb/fxgl/21/fxgl-21.jar!/fxglassets/textures/particles/smoke.png
23:43:12.902 [FXGL Background Thread 1 ] DEBUG FXGLAssetLoaderServi - Loading from file system: jar:file:/C:/Users/Fabrizio/.m2/repository/com/github/almasb/fxgl/21/fxgl-21.jar!/fxglassets/textures/particles/trace_horizontal.png
23:43:12.927 [FXGL Background Thread 1 ] DEBUG GameApplicationServi - Application scenes initialized
23:43:12.938 [FXGL Background Thread 1 ] DEBUG SystemBundleService  - Loading FXGL system data
23:43:12.946 [FXGL Background Thread 1 ] DEBUG FileSystemAccess     - Reading from: D:\Intellij\Project\system\fxgl.bundle
23:43:12.953 [FXGL Background Thread 1 ] DEBUG SystemBundleService  - Bundle FXGL: {}
23:43:12.954 [FXGL Background Thread 1 ] DEBUG UpdaterService       - Checking for updates
23:43:12.974 [FXGL Background Thread 4 ] DEBUG FXGLApplication      - Loading fonts
23:43:12.975 [FXGL Background Thread 4 ] DEBUG FXGLAssetLoaderServi - Loading from file system: jar:file:/C:/Users/Fabrizio/.m2/repository/com/github/almasb/fxgl/21/fxgl-21.jar!/fxglassets/ui/fonts/VarelaRound-Regular.ttf
23:43:12.975 [FXGL Background Thread 1 ] DEBUG FXGLApplication      - Loading default localization
23:43:12.975 [FXGL Background Thread 1 ] DEBUG FXGLAssetLoaderServi - Loading from file system: jar:file:/C:/Users/Fabrizio/.m2/repository/com/github/almasb/fxgl/21/fxgl-21.jar!/fxglassets/languages/english.lang
23:43:12.988 [FXGL Background Thread 1 ] INFO  FXGLApplication      - FXGL initialization took: 0,368 sec
23:43:12.989 [JavaFX Application Thread] DEBUG FXGLAssetLoaderServi - Loading from file system: file:/D:/Intellij/Project/target/classes/assets/textures/watermelon_view.png
23:43:13.000 [FXGL Background Thread 4 ] DEBUG FXGLAssetLoaderServi - Loading from file system: jar:file:/C:/Users/Fabrizio/.m2/repository/com/github/almasb/fxgl/21/fxgl-21.jar!/fxglassets/ui/fonts/Abel-Regular.ttf
23:43:13.003 [JavaFX Application Thread] DEBUG FXGLAssetLoaderServi - Loading from file system: jar:file:/C:/Users/Fabrizio/.m2/repository/com/github/almasb/fxgl/21/fxgl-21.jar!/fxglassets/textures/fxgl_default_cursor.png
23:43:13.009 [FXGL Background Thread 4 ] DEBUG FXGLAssetLoaderServi - Loading from file system: jar:file:/C:/Users/Fabrizio/.m2/repository/com/github/almasb/fxgl/21/fxgl-21.jar!/fxglassets/ui/fonts/TerminalLandMono-Regular.otf
23:43:13.013 [JavaFX Application Thread] DEBUG Input                - Registered new binding: Screenshot - CTRL+8
23:43:13.013 [JavaFX Application Thread] DEBUG Input                - Registered new binding: Dev Options - 1
23:43:13.014 [JavaFX Application Thread] DEBUG Input                - Registered new binding: Dev Console - 2
23:43:13.014 [JavaFX Application Thread] DEBUG Input                - Registered new binding: System info dump - CTRL+9
23:43:13.014 [JavaFX Application Thread] DEBUG Input                - Registered new binding: Restart - CTRL+R
23:43:13.015 [JavaFX Application Thread] DEBUG Input                - Registered new binding: Toggle Debug Camera - CTRL+7
23:43:13.018 [JavaFX Application Thread] DEBUG LoopRunner           - Starting loop
23:43:13.019 [FXGL Background Thread 4 ] DEBUG FXGLAssetLoaderServi - Loading from file system: jar:file:/C:/Users/Fabrizio/.m2/repository/com/github/almasb/fxgl/21/fxgl-21.jar!/fxglassets/ui/fonts/Courier-Prime.ttf
23:43:13.030 [JavaFX Application Thread] DEBUG LoopRunner           - Initializing JavaFX AnimationTimerLoop
23:43:13.031 [JavaFX Application Thread] DEBUG GameApplicationServi - Starting new game
23:43:13.032 [JavaFX Application Thread] DEBUG Input                - Clearing active input actions
23:43:13.041 [JavaFX Application Thread] DEBUG GameApplicationServi - Removing overlay from FXGLStartupScene and adding to FXGLLoadingScene
23:43:13.044 [JavaFX Application Thread] DEBUG PrimaryStageWindow   - FXGLStartupScene -> FXGLLoadingScene
23:43:13.044 [JavaFX Application Thread] DEBUG GameApplicationServi - Clearing previous game
23:43:13.044 [JavaFX Application Thread] DEBUG GameScene            - Clearing game scene
23:43:13.044 [JavaFX Application Thread] DEBUG GameWorld            - Clearing game world
23:43:13.044 [JavaFX Application Thread] DEBUG PhysicsWorld         - Clearing physics world
23:43:13.046 [FXGL Background Thread 4 ] DEBUG FXGLApplication      - Initializing game
23:43:13.051 [FXGL Background Thread 4 ] DEBUG FXGLAssetLoaderServi - Loading from file system: file:/D:/Intellij/Project/target/classes/assets/textures/background_view.png
23:43:13.082 [FXGL Background Thread 4 ] DEBUG FXGLAssetLoaderServi - Loading from file system: file:/D:/Intellij/Project/target/classes/assets/textures/container_view.png
23:43:13.114 [FXGL Background Thread 4 ] DEBUG FXGLAssetLoaderServi - Loading from file system: file:/D:/Intellij/Project/target/classes/assets/textures/ring_view.png
23:43:13.118 [FXGL Background Thread 4 ] DEBUG FXGLAssetLoaderServi - Loading from file system: file:/D:/Intellij/Project/target/classes/assets/textures/next_fruit_view.png
23:43:13.120 [FXGL Background Thread 4 ] DEBUG FXGLAssetLoaderServi - Loading from file system: file:/D:/Intellij/Project/target/classes/assets/textures/score_view.png
23:43:13.161 [FXGL Background Thread 4 ] DEBUG FXGLAssetLoaderServi - Loading from file system: file:/D:/Intellij/Project/target/classes/assets/textures/orange_view.png
23:43:13.163 [FXGL Background Thread 4 ] DEBUG FXGLAssetLoaderServi - Loading from file system: file:/D:/Intellij/Project/target/classes/assets/textures/grape_view.png
23:43:13.164 [FXGL Background Thread 4 ] DEBUG FXGLAssetLoaderServi - Loading from file system: file:/D:/Intellij/Project/target/classes/assets/textures/lemon_view.png
23:43:13.167 [FXGL Background Thread 4 ] INFO  FXGLApplication      - Game initialization took: 0,121 sec
23:43:13.209 [JavaFX Application Thread] DEBUG FXGLApplication      - Registering font factories with UI factory
23:43:13.219 [JavaFX Application Thread] DEBUG Input                - Clearing active input actions
23:43:13.229 [JavaFX Application Thread] DEBUG GameApplicationServi - Removing overlay from FXGLLoadingScene and adding to GameScene
23:43:13.234 [JavaFX Application Thread] DEBUG PrimaryStageWindow   - FXGLLoadingScene -> GameScene
23:43:15.974 [FXGL Background Thread 3 ] DEBUG Engine               - Logging environment variables
23:43:15.975 [FXGL Background Thread 3 ] DEBUG Engine               - achievements: []
23:43:15.975 [FXGL Background Thread 3 ] DEBUG Engine               - actualHeight: 720.0
23:43:15.975 [FXGL Background Thread 3 ] DEBUG Engine               - actualHeightProperty: ReadOnlyDoubleProperty [value: 720.0]
23:43:15.975 [FXGL Background Thread 3 ] DEBUG Engine               - actualWidth: 1280.0
23:43:15.975 [FXGL Background Thread 3 ] DEBUG Engine               - actualWidthProperty: ReadOnlyDoubleProperty [value: 1280.0]
23:43:15.975 [FXGL Background Thread 3 ] DEBUG Engine               - appIcon: watermelon_view.png
23:43:15.975 [FXGL Background Thread 3 ] DEBUG Engine               - applicationMode: DEVELOPER
23:43:15.975 [FXGL Background Thread 3 ] DEBUG Engine               - cSSList: [fxgl_dark.css]
23:43:15.975 [FXGL Background Thread 3 ] DEBUG Engine               - collisionDetectionStrategy: BRUTE_FORCE
23:43:15.975 [FXGL Background Thread 3 ] DEBUG Engine               - configClass: Optional.empty
23:43:15.975 [FXGL Background Thread 3 ] DEBUG Engine               - credits: []
23:43:15.975 [FXGL Background Thread 3 ] DEBUG Engine               - defaultCursor: CursorInfo(imageName=fxgl_default_cursor.png, hotspotX=7.0, hotspotY=6.0)
23:43:15.976 [FXGL Background Thread 3 ] DEBUG Engine               - devBBoxColorProperty: ObjectProperty [value: 0xff0000ff]
23:43:15.976 [FXGL Background Thread 3 ] DEBUG Engine               - devEnableDebugCameraProperty: BooleanProperty [value: false]
23:43:15.976 [FXGL Background Thread 3 ] DEBUG Engine               - devSensorColorProperty: ObjectProperty [value: 0xffff00ff]
23:43:15.976 [FXGL Background Thread 3 ] DEBUG Engine               - devShowBBoxProperty: BooleanProperty [value: false]
23:43:15.976 [FXGL Background Thread 3 ] DEBUG Engine               - devShowPositionProperty: BooleanProperty [value: false]
23:43:15.976 [FXGL Background Thread 3 ] DEBUG Engine               - enabledMenuItems: []
23:43:15.976 [FXGL Background Thread 3 ] DEBUG Engine               - engineServices: [class com.almasb.fxgl.app.services.FXGLAssetLoaderService, class com.almasb.fxgl.app.FXGLApplication$GameApplicationService, class com.almasb.fxgl.app.services.FXGLDialogService, class com.almasb.fxgl.app.services.IOTaskExecutorService, class com.almasb.fxgl.io.FileSystemService, class com.almasb.fxgl.localization.LocalizationService, class com.almasb.fxgl.app.services.SystemBundleService, class com.almasb.fxgl.profile.SaveLoadService, class com.almasb.fxgl.ui.FXGLUIFactoryServiceProvider, class com.almasb.fxgl.ui.FXGLDialogFactoryServiceProvider, class com.almasb.fxgl.audio.AudioPlayer, class com.almasb.fxgl.notification.impl.NotificationServiceProvider, class com.almasb.fxgl.achievement.AchievementService, class com.almasb.fxgl.cutscene.CutsceneService, class com.almasb.fxgl.minigames.MiniGameService, class com.almasb.fxgl.net.NetService, class com.almasb.fxgl.app.services.UpdaterService, class com.almasb.fxgl.dev.DevService]
23:43:15.976 [FXGL Background Thread 3 ] DEBUG Engine               - fontGame: Abel-Regular.ttf
23:43:15.976 [FXGL Background Thread 3 ] DEBUG Engine               - fontMono: TerminalLandMono-Regular.otf
23:43:15.976 [FXGL Background Thread 3 ] DEBUG Engine               - fontSizeScaleUI: 1.0
23:43:15.976 [FXGL Background Thread 3 ] DEBUG Engine               - fontText: Courier-Prime.ttf
23:43:15.976 [FXGL Background Thread 3 ] DEBUG Engine               - fontUI: VarelaRound-Regular.ttf
23:43:15.976 [FXGL Background Thread 3 ] DEBUG Engine               - fullScreen: BooleanProperty [value: false]
23:43:15.976 [FXGL Background Thread 3 ] DEBUG Engine               - gameDifficulty: MEDIUM
23:43:15.976 [FXGL Background Thread 3 ] DEBUG Engine               - gameDifficultyProperty: ObjectProperty [value: MEDIUM]
23:43:15.976 [FXGL Background Thread 3 ] DEBUG Engine               - globalMusicVolume: 0.5
23:43:15.977 [FXGL Background Thread 3 ] DEBUG Engine               - globalMusicVolumeProperty: DoubleProperty [value: 0.5]
23:43:15.977 [FXGL Background Thread 3 ] DEBUG Engine               - globalSoundVolume: 0.5
23:43:15.977 [FXGL Background Thread 3 ] DEBUG Engine               - globalSoundVolumeProperty: DoubleProperty [value: 0.5]
23:43:15.977 [FXGL Background Thread 3 ] DEBUG Engine               - height: 720
23:43:15.977 [FXGL Background Thread 3 ] DEBUG Engine               - is3D: false
23:43:15.977 [FXGL Background Thread 3 ] DEBUG Engine               - isAndroid: false
23:43:15.977 [FXGL Background Thread 3 ] DEBUG Engine               - isBrowser: false
23:43:15.977 [FXGL Background Thread 3 ] DEBUG Engine               - isClickFeedbackEnabled: false
23:43:15.977 [FXGL Background Thread 3 ] DEBUG Engine               - isCloseConfirmation: false
23:43:15.977 [FXGL Background Thread 3 ] DEBUG Engine               - isDesktop: true
23:43:15.977 [FXGL Background Thread 3 ] DEBUG Engine               - isDeveloperMenuEnabled: true
23:43:15.977 [FXGL Background Thread 3 ] DEBUG Engine               - isEmbedded: false
23:43:15.977 [FXGL Background Thread 3 ] DEBUG Engine               - isEntityPreloadEnabled: true
23:43:15.977 [FXGL Background Thread 3 ] DEBUG Engine               - isExperimentalTiledLargeMap: false
23:43:15.977 [FXGL Background Thread 3 ] DEBUG Engine               - isFileSystemWriteAllowed: true
23:43:15.977 [FXGL Background Thread 3 ] DEBUG Engine               - isFullScreenAllowed: false
23:43:15.977 [FXGL Background Thread 3 ] DEBUG Engine               - isFullScreenFromStart: false
23:43:15.978 [FXGL Background Thread 3 ] DEBUG Engine               - isGameMenuEnabled: true
23:43:15.978 [FXGL Background Thread 3 ] DEBUG Engine               - isIOS: false
23:43:15.978 [FXGL Background Thread 3 ] DEBUG Engine               - isIntroEnabled: false
23:43:15.978 [FXGL Background Thread 3 ] DEBUG Engine               - isLinux: false
23:43:15.978 [FXGL Background Thread 3 ] DEBUG Engine               - isMac: false
23:43:15.978 [FXGL Background Thread 3 ] DEBUG Engine               - isMainMenuEnabled: false
23:43:15.978 [FXGL Background Thread 3 ] DEBUG Engine               - isManualResizeEnabled: false
23:43:15.978 [FXGL Background Thread 3 ] DEBUG Engine               - isMobile: false
23:43:15.978 [FXGL Background Thread 3 ] DEBUG Engine               - isNative: false
23:43:15.978 [FXGL Background Thread 3 ] DEBUG Engine               - isPauseMusicWhenMinimized: true
23:43:15.978 [FXGL Background Thread 3 ] DEBUG Engine               - isPreserveResizeRatio: false
23:43:15.978 [FXGL Background Thread 3 ] DEBUG Engine               - isProfilingEnabled: false
23:43:15.978 [FXGL Background Thread 3 ] DEBUG Engine               - isScaleAffectedOnResize: true
23:43:15.978 [FXGL Background Thread 3 ] DEBUG Engine               - isSingleStep: false
23:43:15.978 [FXGL Background Thread 3 ] DEBUG Engine               - isUserProfileEnabled: false
23:43:15.978 [FXGL Background Thread 3 ] DEBUG Engine               - isWindows: true
23:43:15.978 [FXGL Background Thread 3 ] DEBUG Engine               - language: ObjectProperty [value: ENGLISH]
23:43:15.978 [FXGL Background Thread 3 ] DEBUG Engine               - menuKey: ESCAPE
23:43:15.978 [FXGL Background Thread 3 ] DEBUG Engine               - mouseSensitivity: 0.2
23:43:15.978 [FXGL Background Thread 3 ] DEBUG Engine               - notificationViewClass: class com.almasb.fxgl.notification.view.XboxNotificationView
23:43:15.978 [FXGL Background Thread 3 ] DEBUG Engine               - pixelsPerMeter: 50.0
23:43:15.979 [FXGL Background Thread 3 ] DEBUG Engine               - platform: WINDOWS
23:43:15.979 [FXGL Background Thread 3 ] DEBUG Engine               - prefHeightProperty: ReadOnlyDoubleProperty [value: 720.0]
23:43:15.979 [FXGL Background Thread 3 ] DEBUG Engine               - prefWidthProperty: ReadOnlyDoubleProperty [value: 1280.0]
23:43:15.979 [FXGL Background Thread 3 ] DEBUG Engine               - profileDir: profiles/
23:43:15.979 [FXGL Background Thread 3 ] DEBUG Engine               - profileName: StringProperty [value: DEFAULT]
23:43:15.979 [FXGL Background Thread 3 ] DEBUG Engine               - randomSeed: -1
23:43:15.979 [FXGL Background Thread 3 ] DEBUG Engine               - runtimeInfo: RuntimeInfo(platform=WINDOWS, version=21, build=28.12.2023 13.35)
23:43:15.979 [FXGL Background Thread 3 ] DEBUG Engine               - saveFileExt: sav
23:43:15.979 [FXGL Background Thread 3 ] DEBUG Engine               - scaledHeightProp$fxgl: DoubleProperty [bound, value: 720.0]
23:43:15.979 [FXGL Background Thread 3 ] DEBUG Engine               - scaledWidthProp$fxgl: DoubleProperty [bound, value: 1280.0]
23:43:15.979 [FXGL Background Thread 3 ] DEBUG Engine               - sceneFactory: com.almasb.fxgl.app.scene.SceneFactory@2a8eff9c
23:43:15.979 [FXGL Background Thread 3 ] DEBUG Engine               - secondsIn24h: 60
23:43:15.979 [FXGL Background Thread 3 ] DEBUG Engine               - soundMenuBack: menu/back.wav
23:43:15.979 [FXGL Background Thread 3 ] DEBUG Engine               - soundMenuPress: menu/press.wav
23:43:15.979 [FXGL Background Thread 3 ] DEBUG Engine               - soundMenuSelect: menu/select.wav
23:43:15.979 [FXGL Background Thread 3 ] DEBUG Engine               - soundNotification: core/notification.wav
23:43:15.980 [FXGL Background Thread 3 ] DEBUG Engine               - stageStyle: DECORATED
23:43:15.980 [FXGL Background Thread 3 ] DEBUG Engine               - supportedLanguages: [ENGLISH, FRENCH, GERMAN, HUNGARIAN, RUSSIAN]
23:43:15.980 [FXGL Background Thread 3 ] DEBUG Engine               - ticksPerSecond: -1
23:43:15.980 [FXGL Background Thread 3 ] DEBUG Engine               - title: Suika FXGL
23:43:15.980 [FXGL Background Thread 3 ] DEBUG Engine               - urlGithub: https://github.com/AlmasB/FXGL
23:43:15.980 [FXGL Background Thread 3 ] DEBUG Engine               - urlLeaderboard: http://fxgl-top.herokuapp.com/
23:43:15.980 [FXGL Background Thread 3 ] DEBUG Engine               - urlPOM: https://raw.githubusercontent.com/AlmasB/FXGL/release/README.md
23:43:15.980 [FXGL Background Thread 3 ] DEBUG Engine               - userAppClass: class com.lucenstuff.fxglgames.suikagame.SuikaGame
23:43:15.980 [FXGL Background Thread 3 ] DEBUG Engine               - version: 0.1
23:43:15.980 [FXGL Background Thread 3 ] DEBUG Engine               - versionCheckDays: 7
23:43:15.980 [FXGL Background Thread 3 ] DEBUG Engine               - width: 1280
23:43:15.980 [FXGL Background Thread 3 ] DEBUG Engine               - Logging services
23:43:15.980 [FXGL Background Thread 3 ] DEBUG Engine               - class com.almasb.fxgl.app.services.FXGLAssetLoaderService
23:43:15.981 [FXGL Background Thread 3 ] DEBUG Engine               - class com.almasb.fxgl.app.FXGLApplication$GameApplicationService
23:43:15.981 [FXGL Background Thread 3 ] DEBUG Engine               - class com.almasb.fxgl.app.services.FXGLDialogService
23:43:15.981 [FXGL Background Thread 3 ] DEBUG Engine               - class com.almasb.fxgl.app.services.IOTaskExecutorService
23:43:15.981 [FXGL Background Thread 3 ] DEBUG Engine               - class com.almasb.fxgl.io.FileSystemService
23:43:15.981 [FXGL Background Thread 3 ] DEBUG Engine               - class com.almasb.fxgl.localization.LocalizationService
23:43:15.981 [FXGL Background Thread 3 ] DEBUG Engine               - class com.almasb.fxgl.app.services.SystemBundleService
23:43:15.981 [FXGL Background Thread 3 ] DEBUG Engine               - class com.almasb.fxgl.profile.SaveLoadService
23:43:15.981 [FXGL Background Thread 3 ] DEBUG Engine               - class com.almasb.fxgl.ui.FXGLUIFactoryServiceProvider
23:43:15.981 [FXGL Background Thread 3 ] DEBUG Engine               - class com.almasb.fxgl.ui.FXGLDialogFactoryServiceProvider
23:43:15.981 [FXGL Background Thread 3 ] DEBUG Engine               - class com.almasb.fxgl.audio.AudioPlayer
23:43:15.981 [FXGL Background Thread 3 ] DEBUG Engine               - class com.almasb.fxgl.notification.impl.NotificationServiceProvider
23:43:15.981 [FXGL Background Thread 3 ] DEBUG Engine               - class com.almasb.fxgl.achievement.AchievementService
23:43:15.981 [FXGL Background Thread 3 ] DEBUG Engine               - class com.almasb.fxgl.cutscene.CutsceneService
23:43:15.981 [FXGL Background Thread 3 ] DEBUG Engine               - class com.almasb.fxgl.minigames.MiniGameService
23:43:15.981 [FXGL Background Thread 3 ] DEBUG Engine               - class com.almasb.fxgl.net.NetService
23:43:15.981 [FXGL Background Thread 3 ] DEBUG Engine               - class com.almasb.fxgl.app.services.UpdaterService
23:43:15.981 [FXGL Background Thread 3 ] DEBUG Engine               - class com.almasb.fxgl.dev.DevService
23:43:16.043 [JavaFX Application Thread] DEBUG FXGLAssetLoaderServi - Loading from file system: file:/D:/Intellij/Project/target/classes/assets/textures/cherry_view.png
23:43:16.045 [JavaFX Application Thread] DEBUG FXGLAssetLoaderServi - Loading from file system: file:/D:/Intellij/Project/target/classes/assets/sounds/fruit_drop.wav
23:43:16.515 [JavaFX Application Thread] DEBUG FXGLAssetLoaderServi - Loading from file system: file:/D:/Intellij/Project/target/classes/assets/textures/apple_view.png
23:43:16.866 [JavaFX Application Thread] DEBUG FXGLAssetLoaderServi - Loading from file system: file:/D:/Intellij/Project/target/classes/assets/textures/strawberry_view.png
23:43:18.945 [JavaFX Application Thread] DEBUG FXGLAssetLoaderServi - Loading from file system: file:/D:/Intellij/Project/target/classes/assets/textures/pear_view.png
23:43:18.948 [JavaFX Application Thread] DEBUG FXGLAssetLoaderServi - Loading from file system: file:/D:/Intellij/Project/target/classes/assets/sounds/fruit_merge.wav
23:43:32.318 [JavaFX Application Thread] DEBUG PrimaryStageWindow   - Push state: DialogSubScene
23:43:32.318 [JavaFX Application Thread] DEBUG Input                - Clearing active input actions
23:43:32.319 [JavaFX Application Thread] DEBUG GameApplicationServi - Removing overlay from GameScene and adding to DialogSubScene
23:43:32.320 [JavaFX Application Thread] DEBUG PrimaryStageWindow   - GameScene -> DialogSubScene
23:43:34.448 [JavaFX Application Thread] DEBUG FXGLApplication      - Exiting FXGL
23:43:34.448 [JavaFX Application Thread] DEBUG LoopRunner           - Stopping loop
23:43:34.448 [JavaFX Application Thread] DEBUG SystemBundleService  - Saving FXGL system data
23:43:34.450 [JavaFX Application Thread] DEBUG FileSystemAccess     - Writing to: D:\Intellij\Project\system\fxgl.bundle
23:43:34.451 [JavaFX Application Thread] DEBUG Async                - Shutting down background threads
23:43:34.452 [JavaFX Application Thread] DEBUG PrimaryStageWindow   - Closing main window
23:43:34.462 [JavaFX Application Thread] DEBUG Logger               - Closing Logger
