17:26:24.813 [main                     ] DEBUG Logger               - Configured Logger
17:26:24.850 [main                     ] DEBUG GameApplication      - Logging settings
Title: Basic Game App
Version: 0.1
Width: 1280
Height: 720
Fullscreen: false
Intro: false
Profiling: false
Single step:false
App Mode: DEVELOPER
Menu Key: ESCAPE
Stage Style: DECORATED
Scene Factory: class com.almasb.fxgl.app.scene.SceneFactory

17:26:25.626 [JavaFX Application Thread] DEBUG FXGLApplication      - Initializing FXGL
17:26:25.631 [JavaFX Application Thread] INFO  Engine               - FXGL-21 (28.12.2023 13.35) on WINDOWS (J:21.0.1 FX:21.0.1)
17:26:25.631 [JavaFX Application Thread] DEBUG Engine               - JRE Vendor Name: Oracle Corporation
17:26:25.631 [JavaFX Application Thread] DEBUG Engine               - Running on OS: Windows 11 version 10.0
17:26:25.632 [JavaFX Application Thread] DEBUG Engine               - Architecture: amd64
17:26:25.632 [JavaFX Application Thread] INFO  Engine               - Source code and latest versions at: https://github.com/AlmasB/FXGL
17:26:25.632 [JavaFX Application Thread] INFO  Engine               -       Ask questions and discuss at: https://github.com/AlmasB/FXGL/discussions
17:26:25.632 [JavaFX Application Thread] INFO  Engine               -              Join the FXGL chat at: https://gitter.im/AlmasB/FXGL
17:26:25.847 [JavaFX Application Thread] DEBUG PrimaryStageWindow   - Creating a JavaFX scene
17:26:25.939 [JavaFX Application Thread] DEBUG PrimaryStageWindow   - Target settings size: 1280.0 x 720.0
17:26:25.940 [JavaFX Application Thread] DEBUG PrimaryStageWindow   - Scaled scene size:    1280.0 x 720.0
17:26:25.940 [JavaFX Application Thread] DEBUG PrimaryStageWindow   - Scaled ratio: (1.0, 1.0)
17:26:25.942 [JavaFX Application Thread] DEBUG PrimaryStageWindow   - Set initial scene to FXGLStartupScene
17:26:25.946 [JavaFX Application Thread] DEBUG PrimaryStageWindow   - Opening main window
17:26:26.089 [JavaFX Application Thread] DEBUG PrimaryStageWindow   - Window border size: (16.0, 39.0)
17:26:26.089 [JavaFX Application Thread] DEBUG PrimaryStageWindow   - Scaled size: 1280.0 x 720.0
17:26:26.089 [JavaFX Application Thread] DEBUG PrimaryStageWindow   - Scaled ratio: (1.0, 1.0)
17:26:26.089 [JavaFX Application Thread] DEBUG PrimaryStageWindow   - Scene size: 1280.0 x 720.0
17:26:26.090 [JavaFX Application Thread] DEBUG PrimaryStageWindow   - Stage size: 1296.0 x 759.0
17:26:26.165 [FXGL Background Thread 1 ] DEBUG Engine               - Initializing environment variables
17:26:26.263 [FXGL Background Thread 1 ] DEBUG FXGLAssetLoaderServi - User app class for loading assets: class com.lucenstuff.fxglgames.suikagame.SuikaGame
17:26:26.263 [FXGL Background Thread 1 ] DEBUG GameApplicationServi - Applying CSS: fxgl_dark.css
17:26:26.264 [FXGL Background Thread 1 ] DEBUG FXGLAssetLoaderServi - Loading from file system: jar:file:/C:/Users/agust/.m2/repository/com/github/almasb/fxgl/21/fxgl-21.jar!/fxglassets/ui/css/fxgl_dark.css
17:26:26.353 [FXGL Background Thread 1 ] DEBUG GameApplicationServi - Initializing application scenes
17:26:26.474 [FXGL Background Thread 1 ] DEBUG GameWorld            - Game world initialized
17:26:26.580 [FXGL Background Thread 1 ] DEBUG PhysicsWorld         - Physics world initialized: appHeight=720, physics.ppm=50,0
17:26:26.580 [FXGL Background Thread 1 ] DEBUG PhysicsWorld         - Using strategy: BRUTE_FORCE
17:26:26.585 [FXGL Background Thread 1 ] DEBUG GameScene            - Game scene initialized: 1280x720
17:26:26.610 [FXGL Background Thread 1 ] DEBUG FXGL.DefaultMenu     - createMenuBodyGameMenu()
17:26:26.633 [FXGL Background Thread 1 ] DEBUG FXGL.DefaultMenu     - createOptionsMenu()
17:26:26.653 [FXGL Background Thread 1 ] DEBUG FXGLAssetLoaderServi - Loading from file system: jar:file:/C:/Users/agust/.m2/repository/com/github/almasb/fxgl/21/fxgl-21.jar!/fxglassets/textures/particles/smoke.png
17:26:26.820 [FXGL Background Thread 1 ] DEBUG FXGLAssetLoaderServi - Loading from file system: jar:file:/C:/Users/agust/.m2/repository/com/github/almasb/fxgl/21/fxgl-21.jar!/fxglassets/textures/particles/trace_horizontal.png
17:26:26.867 [FXGL Background Thread 1 ] DEBUG GameApplicationServi - Application scenes initialized
17:26:26.895 [FXGL Background Thread 1 ] DEBUG SystemBundleService  - Loading FXGL system data
17:26:26.901 [FXGL Background Thread 1 ] DEBUG FileSystemAccess     - Reading from: D:\Programación\JAVA\SuikaGame\system\fxgl.bundle
17:26:26.920 [FXGL Background Thread 1 ] DEBUG SystemBundleService  - Bundle FXGL: {}
17:26:26.921 [FXGL Background Thread 1 ] DEBUG UpdaterService       - Checking for updates
17:26:26.994 [FXGL Background Thread 1 ] DEBUG FXGLApplication      - Loading default localization
17:26:26.995 [FXGL Background Thread 1 ] DEBUG FXGLAssetLoaderServi - Loading from file system: jar:file:/C:/Users/agust/.m2/repository/com/github/almasb/fxgl/21/fxgl-21.jar!/fxglassets/languages/english.lang
17:26:27.035 [FXGL Background Thread 1 ] INFO  FXGLApplication      - FXGL initialization took: 0,869 sec
17:26:27.037 [JavaFX Application Thread] DEBUG FXGLAssetLoaderServi - Loading from file system: jar:file:/C:/Users/agust/.m2/repository/com/github/almasb/fxgl/21/fxgl-21.jar!/fxglassets/textures/fxgl_icon.png
17:26:27.087 [FXGL Background Thread 4 ] DEBUG FXGLApplication      - Loading fonts
17:26:27.093 [JavaFX Application Thread] DEBUG FXGLAssetLoaderServi - Loading from file system: jar:file:/C:/Users/agust/.m2/repository/com/github/almasb/fxgl/21/fxgl-21.jar!/fxglassets/textures/fxgl_default_cursor.png
17:26:27.094 [FXGL Background Thread 4 ] DEBUG FXGLAssetLoaderServi - Loading from file system: jar:file:/C:/Users/agust/.m2/repository/com/github/almasb/fxgl/21/fxgl-21.jar!/fxglassets/ui/fonts/VarelaRound-Regular.ttf
17:26:27.112 [JavaFX Application Thread] DEBUG Input                - Registered new binding: Screenshot - CTRL+8
17:26:27.112 [JavaFX Application Thread] DEBUG Input                - Registered new binding: Dev Options - 1
17:26:27.113 [JavaFX Application Thread] DEBUG Input                - Registered new binding: Dev Console - 2
17:26:27.113 [JavaFX Application Thread] DEBUG Input                - Registered new binding: System info dump - CTRL+9
17:26:27.114 [JavaFX Application Thread] DEBUG Input                - Registered new binding: Restart - CTRL+R
17:26:27.115 [JavaFX Application Thread] DEBUG Input                - Registered new binding: Toggle Debug Camera - CTRL+7
17:26:27.119 [JavaFX Application Thread] DEBUG LoopRunner           - Starting loop
17:26:27.148 [JavaFX Application Thread] DEBUG LoopRunner           - Initializing JavaFX AnimationTimerLoop
17:26:27.150 [JavaFX Application Thread] DEBUG GameApplicationServi - Starting new game
17:26:27.151 [JavaFX Application Thread] DEBUG Input                - Clearing active input actions
17:26:27.166 [JavaFX Application Thread] DEBUG GameApplicationServi - Removing overlay from FXGLStartupScene and adding to FXGLLoadingScene
17:26:27.182 [JavaFX Application Thread] DEBUG PrimaryStageWindow   - FXGLStartupScene -> FXGLLoadingScene
17:26:27.183 [JavaFX Application Thread] DEBUG GameApplicationServi - Clearing previous game
17:26:27.183 [JavaFX Application Thread] DEBUG GameScene            - Clearing game scene
17:26:27.183 [JavaFX Application Thread] DEBUG GameWorld            - Clearing game world
17:26:27.183 [JavaFX Application Thread] DEBUG PhysicsWorld         - Clearing physics world
17:26:27.186 [FXGL Background Thread 1 ] DEBUG FXGLApplication      - Initializing game
17:26:27.238 [FXGL Background Thread 1 ] INFO  FXGLApplication      - Game initialization took: 0,053 sec
17:26:27.321 [FXGL Background Thread 4 ] DEBUG FXGLAssetLoaderServi - Loading from file system: jar:file:/C:/Users/agust/.m2/repository/com/github/almasb/fxgl/21/fxgl-21.jar!/fxglassets/ui/fonts/Abel-Regular.ttf
17:26:27.669 [FXGL Background Thread 4 ] DEBUG FXGLAssetLoaderServi - Loading from file system: jar:file:/C:/Users/agust/.m2/repository/com/github/almasb/fxgl/21/fxgl-21.jar!/fxglassets/ui/fonts/TerminalLandMono-Regular.otf
17:26:27.681 [JavaFX Application Thread] DEBUG Input                - Clearing active input actions
17:26:27.697 [JavaFX Application Thread] DEBUG GameApplicationServi - Removing overlay from FXGLLoadingScene and adding to GameScene
17:26:27.705 [JavaFX Application Thread] DEBUG PrimaryStageWindow   - FXGLLoadingScene -> GameScene
17:26:27.980 [FXGL Background Thread 4 ] DEBUG FXGLAssetLoaderServi - Loading from file system: jar:file:/C:/Users/agust/.m2/repository/com/github/almasb/fxgl/21/fxgl-21.jar!/fxglassets/ui/fonts/Courier-Prime.ttf
17:26:27.996 [JavaFX Application Thread] DEBUG FXGLApplication      - Registering font factories with UI factory
17:26:28.833 [JavaFX Application Thread] DEBUG FXGLAssetLoaderServi - Loading from file system: file:/D:/Programaci%c3%b3n/JAVA/SuikaGame/target/classes/assets/textures/orange.png
17:26:29.988 [FXGL Background Thread 3 ] DEBUG Engine               - Logging environment variables
17:26:29.988 [FXGL Background Thread 3 ] DEBUG Engine               - achievements: []
17:26:29.988 [FXGL Background Thread 3 ] DEBUG Engine               - actualHeight: 720.0
17:26:29.989 [FXGL Background Thread 3 ] DEBUG Engine               - actualHeightProperty: ReadOnlyDoubleProperty [value: 720.0]
17:26:29.989 [FXGL Background Thread 3 ] DEBUG Engine               - actualWidth: 1280.0
17:26:29.989 [FXGL Background Thread 3 ] DEBUG Engine               - actualWidthProperty: ReadOnlyDoubleProperty [value: 1280.0]
17:26:29.989 [FXGL Background Thread 3 ] DEBUG Engine               - appIcon: fxgl_icon.png
17:26:29.989 [FXGL Background Thread 3 ] DEBUG Engine               - applicationMode: DEVELOPER
17:26:29.989 [FXGL Background Thread 3 ] DEBUG Engine               - cSSList: [fxgl_dark.css]
17:26:29.989 [FXGL Background Thread 3 ] DEBUG Engine               - collisionDetectionStrategy: BRUTE_FORCE
17:26:29.989 [FXGL Background Thread 3 ] DEBUG Engine               - configClass: Optional.empty
17:26:29.989 [FXGL Background Thread 3 ] DEBUG Engine               - credits: []
17:26:29.990 [FXGL Background Thread 3 ] DEBUG Engine               - defaultCursor: CursorInfo(imageName=fxgl_default_cursor.png, hotspotX=7.0, hotspotY=6.0)
17:26:29.990 [FXGL Background Thread 3 ] DEBUG Engine               - devBBoxColorProperty: ObjectProperty [value: 0xff0000ff]
17:26:29.990 [FXGL Background Thread 3 ] DEBUG Engine               - devEnableDebugCameraProperty: BooleanProperty [value: false]
17:26:29.990 [FXGL Background Thread 3 ] DEBUG Engine               - devSensorColorProperty: ObjectProperty [value: 0xffff00ff]
17:26:29.990 [FXGL Background Thread 3 ] DEBUG Engine               - devShowBBoxProperty: BooleanProperty [value: false]
17:26:29.990 [FXGL Background Thread 3 ] DEBUG Engine               - devShowPositionProperty: BooleanProperty [value: false]
17:26:29.990 [FXGL Background Thread 3 ] DEBUG Engine               - enabledMenuItems: []
17:26:29.991 [FXGL Background Thread 3 ] DEBUG Engine               - engineServices: [class com.almasb.fxgl.app.services.FXGLAssetLoaderService, class com.almasb.fxgl.app.FXGLApplication$GameApplicationService, class com.almasb.fxgl.app.services.FXGLDialogService, class com.almasb.fxgl.app.services.IOTaskExecutorService, class com.almasb.fxgl.io.FileSystemService, class com.almasb.fxgl.localization.LocalizationService, class com.almasb.fxgl.app.services.SystemBundleService, class com.almasb.fxgl.profile.SaveLoadService, class com.almasb.fxgl.ui.FXGLUIFactoryServiceProvider, class com.almasb.fxgl.ui.FXGLDialogFactoryServiceProvider, class com.almasb.fxgl.audio.AudioPlayer, class com.almasb.fxgl.notification.impl.NotificationServiceProvider, class com.almasb.fxgl.achievement.AchievementService, class com.almasb.fxgl.cutscene.CutsceneService, class com.almasb.fxgl.minigames.MiniGameService, class com.almasb.fxgl.net.NetService, class com.almasb.fxgl.app.services.UpdaterService, class com.almasb.fxgl.dev.DevService]
17:26:29.991 [FXGL Background Thread 3 ] DEBUG Engine               - fontGame: Abel-Regular.ttf
17:26:29.991 [FXGL Background Thread 3 ] DEBUG Engine               - fontMono: TerminalLandMono-Regular.otf
17:26:29.991 [FXGL Background Thread 3 ] DEBUG Engine               - fontSizeScaleUI: 1.0
17:26:29.991 [FXGL Background Thread 3 ] DEBUG Engine               - fontText: Courier-Prime.ttf
17:26:29.991 [FXGL Background Thread 3 ] DEBUG Engine               - fontUI: VarelaRound-Regular.ttf
17:26:29.991 [FXGL Background Thread 3 ] DEBUG Engine               - fullScreen: BooleanProperty [value: false]
17:26:29.991 [FXGL Background Thread 3 ] DEBUG Engine               - gameDifficulty: MEDIUM
17:26:29.991 [FXGL Background Thread 3 ] DEBUG Engine               - gameDifficultyProperty: ObjectProperty [value: MEDIUM]
17:26:29.992 [FXGL Background Thread 3 ] DEBUG Engine               - globalMusicVolume: 0.5
17:26:29.992 [FXGL Background Thread 3 ] DEBUG Engine               - globalMusicVolumeProperty: DoubleProperty [value: 0.5]
17:26:29.992 [FXGL Background Thread 3 ] DEBUG Engine               - globalSoundVolume: 0.5
17:26:29.992 [FXGL Background Thread 3 ] DEBUG Engine               - globalSoundVolumeProperty: DoubleProperty [value: 0.5]
17:26:29.992 [FXGL Background Thread 3 ] DEBUG Engine               - height: 720
17:26:29.992 [FXGL Background Thread 3 ] DEBUG Engine               - is3D: false
17:26:29.992 [FXGL Background Thread 3 ] DEBUG Engine               - isAndroid: false
17:26:29.992 [FXGL Background Thread 3 ] DEBUG Engine               - isBrowser: false
17:26:29.993 [FXGL Background Thread 3 ] DEBUG Engine               - isClickFeedbackEnabled: false
17:26:29.993 [FXGL Background Thread 3 ] DEBUG Engine               - isCloseConfirmation: false
17:26:29.993 [FXGL Background Thread 3 ] DEBUG Engine               - isDesktop: true
17:26:29.993 [FXGL Background Thread 3 ] DEBUG Engine               - isDeveloperMenuEnabled: true
17:26:29.993 [FXGL Background Thread 3 ] DEBUG Engine               - isEmbedded: false
17:26:29.993 [FXGL Background Thread 3 ] DEBUG Engine               - isEntityPreloadEnabled: true
17:26:29.993 [FXGL Background Thread 3 ] DEBUG Engine               - isExperimentalTiledLargeMap: false
17:26:29.993 [FXGL Background Thread 3 ] DEBUG Engine               - isFileSystemWriteAllowed: true
17:26:29.993 [FXGL Background Thread 3 ] DEBUG Engine               - isFullScreenAllowed: false
17:26:29.993 [FXGL Background Thread 3 ] DEBUG Engine               - isFullScreenFromStart: false
17:26:29.993 [FXGL Background Thread 3 ] DEBUG Engine               - isGameMenuEnabled: true
17:26:29.994 [FXGL Background Thread 3 ] DEBUG Engine               - isIOS: false
17:26:29.994 [FXGL Background Thread 3 ] DEBUG Engine               - isIntroEnabled: false
17:26:29.994 [FXGL Background Thread 3 ] DEBUG Engine               - isLinux: false
17:26:29.994 [FXGL Background Thread 3 ] DEBUG Engine               - isMac: false
17:26:29.994 [FXGL Background Thread 3 ] DEBUG Engine               - isMainMenuEnabled: false
17:26:29.996 [FXGL Background Thread 3 ] DEBUG Engine               - isManualResizeEnabled: false
17:26:29.996 [FXGL Background Thread 3 ] DEBUG Engine               - isMobile: false
17:26:29.996 [FXGL Background Thread 3 ] DEBUG Engine               - isNative: false
17:26:29.996 [FXGL Background Thread 3 ] DEBUG Engine               - isPauseMusicWhenMinimized: true
17:26:29.996 [FXGL Background Thread 3 ] DEBUG Engine               - isPreserveResizeRatio: false
17:26:29.996 [FXGL Background Thread 3 ] DEBUG Engine               - isProfilingEnabled: false
17:26:29.997 [FXGL Background Thread 3 ] DEBUG Engine               - isScaleAffectedOnResize: true
17:26:29.997 [FXGL Background Thread 3 ] DEBUG Engine               - isSingleStep: false
17:26:29.997 [FXGL Background Thread 3 ] DEBUG Engine               - isUserProfileEnabled: false
17:26:29.997 [FXGL Background Thread 3 ] DEBUG Engine               - isWindows: true
17:26:29.997 [FXGL Background Thread 3 ] DEBUG Engine               - language: ObjectProperty [value: ENGLISH]
17:26:29.997 [FXGL Background Thread 3 ] DEBUG Engine               - menuKey: ESCAPE
17:26:29.997 [FXGL Background Thread 3 ] DEBUG Engine               - mouseSensitivity: 0.2
17:26:29.998 [FXGL Background Thread 3 ] DEBUG Engine               - notificationViewClass: class com.almasb.fxgl.notification.view.XboxNotificationView
17:26:29.998 [FXGL Background Thread 3 ] DEBUG Engine               - pixelsPerMeter: 50.0
17:26:29.998 [FXGL Background Thread 3 ] DEBUG Engine               - platform: WINDOWS
17:26:29.998 [FXGL Background Thread 3 ] DEBUG Engine               - prefHeightProperty: ReadOnlyDoubleProperty [value: 720.0]
17:26:29.998 [FXGL Background Thread 3 ] DEBUG Engine               - prefWidthProperty: ReadOnlyDoubleProperty [value: 1280.0]
17:26:29.998 [FXGL Background Thread 3 ] DEBUG Engine               - profileDir: profiles/
17:26:29.998 [FXGL Background Thread 3 ] DEBUG Engine               - profileName: StringProperty [value: DEFAULT]
17:26:29.998 [FXGL Background Thread 3 ] DEBUG Engine               - randomSeed: -1
17:26:29.999 [FXGL Background Thread 3 ] DEBUG Engine               - runtimeInfo: RuntimeInfo(platform=WINDOWS, version=21, build=28.12.2023 13.35)
17:26:29.999 [FXGL Background Thread 3 ] DEBUG Engine               - saveFileExt: sav
17:26:29.999 [FXGL Background Thread 3 ] DEBUG Engine               - scaledHeightProp$fxgl: DoubleProperty [bound, value: 720.0]
17:26:29.999 [FXGL Background Thread 3 ] DEBUG Engine               - scaledWidthProp$fxgl: DoubleProperty [bound, value: 1280.0]
17:26:29.999 [FXGL Background Thread 3 ] DEBUG Engine               - sceneFactory: com.almasb.fxgl.app.scene.SceneFactory@531fc996
17:26:29.999 [FXGL Background Thread 3 ] DEBUG Engine               - secondsIn24h: 60
17:26:29.999 [FXGL Background Thread 3 ] DEBUG Engine               - soundMenuBack: menu/back.wav
17:26:29.999 [FXGL Background Thread 3 ] DEBUG Engine               - soundMenuPress: menu/press.wav
17:26:29.999 [FXGL Background Thread 3 ] DEBUG Engine               - soundMenuSelect: menu/select.wav
17:26:30.000 [FXGL Background Thread 3 ] DEBUG Engine               - soundNotification: core/notification.wav
17:26:30.001 [FXGL Background Thread 3 ] DEBUG Engine               - stageStyle: DECORATED
17:26:30.001 [FXGL Background Thread 3 ] DEBUG Engine               - supportedLanguages: [ENGLISH, FRENCH, GERMAN, HUNGARIAN, RUSSIAN]
17:26:30.001 [FXGL Background Thread 3 ] DEBUG Engine               - ticksPerSecond: -1
17:26:30.001 [FXGL Background Thread 3 ] DEBUG Engine               - title: Basic Game App
17:26:30.001 [FXGL Background Thread 3 ] DEBUG Engine               - urlGithub: https://github.com/AlmasB/FXGL
17:26:30.001 [FXGL Background Thread 3 ] DEBUG Engine               - urlLeaderboard: http://fxgl-top.herokuapp.com/
17:26:30.001 [FXGL Background Thread 3 ] DEBUG Engine               - urlPOM: https://raw.githubusercontent.com/AlmasB/FXGL/release/README.md
17:26:30.002 [FXGL Background Thread 3 ] DEBUG Engine               - userAppClass: class com.lucenstuff.fxglgames.suikagame.SuikaGame
17:26:30.002 [FXGL Background Thread 3 ] DEBUG Engine               - version: 0.1
17:26:30.002 [FXGL Background Thread 3 ] DEBUG Engine               - versionCheckDays: 7
17:26:30.003 [FXGL Background Thread 3 ] DEBUG Engine               - width: 1280
17:26:30.003 [FXGL Background Thread 3 ] DEBUG Engine               - Logging services
17:26:30.003 [FXGL Background Thread 3 ] DEBUG Engine               - class com.almasb.fxgl.app.services.FXGLAssetLoaderService
17:26:30.003 [FXGL Background Thread 3 ] DEBUG Engine               - class com.almasb.fxgl.app.FXGLApplication$GameApplicationService
17:26:30.004 [FXGL Background Thread 3 ] DEBUG Engine               - class com.almasb.fxgl.app.services.FXGLDialogService
17:26:30.004 [FXGL Background Thread 3 ] DEBUG Engine               - class com.almasb.fxgl.app.services.IOTaskExecutorService
17:26:30.004 [FXGL Background Thread 3 ] DEBUG Engine               - class com.almasb.fxgl.io.FileSystemService
17:26:30.004 [FXGL Background Thread 3 ] DEBUG Engine               - class com.almasb.fxgl.localization.LocalizationService
17:26:30.005 [FXGL Background Thread 3 ] DEBUG Engine               - class com.almasb.fxgl.app.services.SystemBundleService
17:26:30.005 [FXGL Background Thread 3 ] DEBUG Engine               - class com.almasb.fxgl.profile.SaveLoadService
17:26:30.005 [FXGL Background Thread 3 ] DEBUG Engine               - class com.almasb.fxgl.ui.FXGLUIFactoryServiceProvider
17:26:30.005 [FXGL Background Thread 3 ] DEBUG Engine               - class com.almasb.fxgl.ui.FXGLDialogFactoryServiceProvider
17:26:30.005 [FXGL Background Thread 3 ] DEBUG Engine               - class com.almasb.fxgl.audio.AudioPlayer
17:26:30.005 [FXGL Background Thread 3 ] DEBUG Engine               - class com.almasb.fxgl.notification.impl.NotificationServiceProvider
17:26:30.005 [FXGL Background Thread 3 ] DEBUG Engine               - class com.almasb.fxgl.achievement.AchievementService
17:26:30.005 [FXGL Background Thread 3 ] DEBUG Engine               - class com.almasb.fxgl.cutscene.CutsceneService
17:26:30.005 [FXGL Background Thread 3 ] DEBUG Engine               - class com.almasb.fxgl.minigames.MiniGameService
17:26:30.005 [FXGL Background Thread 3 ] DEBUG Engine               - class com.almasb.fxgl.net.NetService
17:26:30.005 [FXGL Background Thread 3 ] DEBUG Engine               - class com.almasb.fxgl.app.services.UpdaterService
17:26:30.005 [FXGL Background Thread 3 ] DEBUG Engine               - class com.almasb.fxgl.dev.DevService
17:26:40.122 [JavaFX Application Thread] DEBUG FXGLApplication      - Exiting FXGL
17:26:40.122 [JavaFX Application Thread] DEBUG LoopRunner           - Stopping loop
17:26:40.122 [JavaFX Application Thread] DEBUG SystemBundleService  - Saving FXGL system data
17:26:40.126 [JavaFX Application Thread] DEBUG FileSystemAccess     - Writing to: D:\Programación\JAVA\SuikaGame\system\fxgl.bundle
17:26:40.128 [JavaFX Application Thread] DEBUG Async                - Shutting down background threads
17:26:40.128 [JavaFX Application Thread] DEBUG PrimaryStageWindow   - Closing main window
17:26:40.157 [JavaFX Application Thread] DEBUG Logger               - Closing Logger
