11:13:30.648 [main                     ] DEBUG Logger               - Configured Logger
11:13:30.679 [main                     ] DEBUG GameApplication      - Logging settings
Title: Suika FXGL
Version: 0.1
Width: 1280
Height: 720
Fullscreen: false
Intro: false
Profiling: false
Single step:false
App Mode: DEVELOPER
Menu Key: ESCAPE
Stage Style: DECORATED
Scene Factory: class com.almasb.fxgl.app.scene.SceneFactory

11:13:31.383 [JavaFX Application Thread] DEBUG FXGLApplication      - Initializing FXGL
11:13:31.388 [JavaFX Application Thread] INFO  Engine               - FXGL-21 (28.12.2023 13.35) on WINDOWS (J:21.0.2 FX:21.0.1)
11:13:31.389 [JavaFX Application Thread] DEBUG Engine               - JRE Vendor Name: Oracle Corporation
11:13:31.389 [JavaFX Application Thread] DEBUG Engine               - Running on OS: Windows 10 version 10.0
11:13:31.389 [JavaFX Application Thread] DEBUG Engine               - Architecture: amd64
11:13:31.389 [JavaFX Application Thread] INFO  Engine               - Source code and latest versions at: https://github.com/AlmasB/FXGL
11:13:31.389 [JavaFX Application Thread] INFO  Engine               -       Ask questions and discuss at: https://github.com/AlmasB/FXGL/discussions
11:13:31.390 [JavaFX Application Thread] INFO  Engine               -              Join the FXGL chat at: https://gitter.im/AlmasB/FXGL
11:13:31.574 [JavaFX Application Thread] DEBUG PrimaryStageWindow   - Creating a JavaFX scene
11:13:31.684 [JavaFX Application Thread] DEBUG PrimaryStageWindow   - Target settings size: 1280.0 x 720.0
11:13:31.684 [JavaFX Application Thread] DEBUG PrimaryStageWindow   - Scaled scene size:    1280.0 x 720.0
11:13:31.684 [JavaFX Application Thread] DEBUG PrimaryStageWindow   - Scaled ratio: (1.0, 1.0)
11:13:31.686 [JavaFX Application Thread] DEBUG PrimaryStageWindow   - Set initial scene to FXGLStartupScene
11:13:31.690 [JavaFX Application Thread] DEBUG PrimaryStageWindow   - Opening main window
11:13:31.830 [JavaFX Application Thread] DEBUG PrimaryStageWindow   - Window border size: (16.0, 39.0)
11:13:31.831 [JavaFX Application Thread] DEBUG PrimaryStageWindow   - Scaled size: 1280.0 x 720.0
11:13:31.832 [JavaFX Application Thread] DEBUG PrimaryStageWindow   - Scaled ratio: (1.0, 1.0)
11:13:31.832 [JavaFX Application Thread] DEBUG PrimaryStageWindow   - Scene size: 1280.0 x 720.0
11:13:31.832 [JavaFX Application Thread] DEBUG PrimaryStageWindow   - Stage size: 1296.0 x 759.0
11:13:31.924 [FXGL Background Thread 1 ] DEBUG Engine               - Initializing environment variables
11:13:31.998 [FXGL Background Thread 1 ] DEBUG FXGLAssetLoaderServi - User app class for loading assets: class com.lucenstuff.fxglgames.suikagame.SuikaGame
11:13:31.998 [FXGL Background Thread 1 ] DEBUG GameApplicationServi - Applying CSS: fxgl_dark.css
11:13:32.000 [FXGL Background Thread 1 ] DEBUG FXGLAssetLoaderServi - Loading from file system: jar:file:/C:/Users/agust/.m2/repository/com/github/almasb/fxgl/21/fxgl-21.jar!/fxglassets/ui/css/fxgl_dark.css
11:13:32.065 [FXGL Background Thread 1 ] DEBUG GameApplicationServi - Initializing application scenes
11:13:32.250 [FXGL Background Thread 1 ] DEBUG GameWorld            - Game world initialized
11:13:32.333 [FXGL Background Thread 1 ] DEBUG PhysicsWorld         - Physics world initialized: appHeight=720, physics.ppm=50,0
11:13:32.333 [FXGL Background Thread 1 ] DEBUG PhysicsWorld         - Using strategy: BRUTE_FORCE
11:13:32.339 [FXGL Background Thread 1 ] DEBUG GameScene            - Game scene initialized: 1280x720
11:13:32.357 [FXGL Background Thread 1 ] DEBUG FXGL.DefaultMenu     - createMenuBodyGameMenu()
11:13:32.381 [FXGL Background Thread 1 ] DEBUG FXGL.DefaultMenu     - createOptionsMenu()
11:13:32.394 [FXGL Background Thread 1 ] DEBUG FXGLAssetLoaderServi - Loading from file system: jar:file:/C:/Users/agust/.m2/repository/com/github/almasb/fxgl/21/fxgl-21.jar!/fxglassets/textures/particles/smoke.png
11:13:32.538 [FXGL Background Thread 1 ] DEBUG FXGLAssetLoaderServi - Loading from file system: jar:file:/C:/Users/agust/.m2/repository/com/github/almasb/fxgl/21/fxgl-21.jar!/fxglassets/textures/particles/trace_horizontal.png
11:13:32.571 [FXGL Background Thread 1 ] DEBUG GameApplicationServi - Application scenes initialized
11:13:32.591 [FXGL Background Thread 1 ] DEBUG SystemBundleService  - Loading FXGL system data
11:13:32.601 [FXGL Background Thread 1 ] DEBUG FileSystemAccess     - Reading from: C:\Users\agust\IdeaProjects\SuikaGameJavaFXGL2\system\fxgl.bundle
11:13:32.612 [FXGL Background Thread 1 ] DEBUG SystemBundleService  - Bundle FXGL: {}
11:13:32.612 [FXGL Background Thread 1 ] DEBUG UpdaterService       - Checking for updates
11:13:32.658 [FXGL Background Thread 1 ] DEBUG FXGLApplication      - Loading default localization
11:13:32.659 [FXGL Background Thread 1 ] DEBUG FXGLAssetLoaderServi - Loading from file system: jar:file:/C:/Users/agust/.m2/repository/com/github/almasb/fxgl/21/fxgl-21.jar!/fxglassets/languages/english.lang
11:13:32.662 [FXGL Background Thread 4 ] DEBUG FXGLApplication      - Loading fonts
11:13:32.663 [FXGL Background Thread 4 ] DEBUG FXGLAssetLoaderServi - Loading from file system: jar:file:/C:/Users/agust/.m2/repository/com/github/almasb/fxgl/21/fxgl-21.jar!/fxglassets/ui/fonts/VarelaRound-Regular.ttf
11:13:32.690 [FXGL Background Thread 1 ] INFO  FXGLApplication      - FXGL initialization took: 0,766 sec
11:13:32.692 [JavaFX Application Thread] DEBUG FXGLAssetLoaderServi - Loading from file system: file:/C:/Users/agust/IdeaProjects/SuikaGameJavaFXGL2/target/classes/assets/textures/watermelon_view.png
11:13:32.716 [JavaFX Application Thread] DEBUG FXGLAssetLoaderServi - Loading from file system: jar:file:/C:/Users/agust/.m2/repository/com/github/almasb/fxgl/21/fxgl-21.jar!/fxglassets/textures/fxgl_default_cursor.png
11:13:32.733 [JavaFX Application Thread] DEBUG Input                - Registered new binding: Screenshot - CTRL+8
11:13:32.733 [JavaFX Application Thread] DEBUG Input                - Registered new binding: Dev Options - 1
11:13:32.734 [JavaFX Application Thread] DEBUG Input                - Registered new binding: Dev Console - 2
11:13:32.735 [JavaFX Application Thread] DEBUG Input                - Registered new binding: System info dump - CTRL+9
11:13:32.735 [JavaFX Application Thread] DEBUG Input                - Registered new binding: Restart - CTRL+R
11:13:32.736 [JavaFX Application Thread] DEBUG Input                - Registered new binding: Toggle Debug Camera - CTRL+7
11:13:32.740 [JavaFX Application Thread] DEBUG LoopRunner           - Starting loop
11:13:32.774 [FXGL Background Thread 4 ] DEBUG FXGLAssetLoaderServi - Loading from file system: jar:file:/C:/Users/agust/.m2/repository/com/github/almasb/fxgl/21/fxgl-21.jar!/fxglassets/ui/fonts/Abel-Regular.ttf
11:13:32.783 [JavaFX Application Thread] DEBUG LoopRunner           - Initializing JavaFX AnimationTimerLoop
11:13:32.784 [JavaFX Application Thread] DEBUG GameApplicationServi - Starting new game
11:13:32.787 [JavaFX Application Thread] DEBUG Input                - Clearing active input actions
11:13:32.799 [JavaFX Application Thread] DEBUG GameApplicationServi - Removing overlay from FXGLStartupScene and adding to FXGLLoadingScene
11:13:32.804 [JavaFX Application Thread] DEBUG PrimaryStageWindow   - FXGLStartupScene -> FXGLLoadingScene
11:13:32.804 [JavaFX Application Thread] DEBUG GameApplicationServi - Clearing previous game
11:13:32.804 [JavaFX Application Thread] DEBUG GameScene            - Clearing game scene
11:13:32.804 [JavaFX Application Thread] DEBUG GameWorld            - Clearing game world
11:13:32.804 [JavaFX Application Thread] DEBUG PhysicsWorld         - Clearing physics world
11:13:32.823 [FXGL Background Thread 1 ] DEBUG FXGLApplication      - Initializing game
11:13:32.829 [FXGL Background Thread 1 ] DEBUG FXGLAssetLoaderServi - Loading from file system: file:/C:/Users/agust/IdeaProjects/SuikaGameJavaFXGL2/target/classes/assets/textures/background_view.png
11:13:32.833 [FXGL Background Thread 4 ] DEBUG FXGLAssetLoaderServi - Loading from file system: jar:file:/C:/Users/agust/.m2/repository/com/github/almasb/fxgl/21/fxgl-21.jar!/fxglassets/ui/fonts/TerminalLandMono-Regular.otf
11:13:32.862 [FXGL Background Thread 4 ] DEBUG FXGLAssetLoaderServi - Loading from file system: jar:file:/C:/Users/agust/.m2/repository/com/github/almasb/fxgl/21/fxgl-21.jar!/fxglassets/ui/fonts/Courier-Prime.ttf
11:13:32.877 [FXGL Background Thread 1 ] DEBUG FXGLAssetLoaderServi - Loading from file system: file:/C:/Users/agust/IdeaProjects/SuikaGameJavaFXGL2/target/classes/assets/textures/container_view.png
11:13:33.014 [FXGL Background Thread 1 ] DEBUG FXGLAssetLoaderServi - Loading from file system: file:/C:/Users/agust/IdeaProjects/SuikaGameJavaFXGL2/target/classes/assets/textures/ring_view.png
11:13:33.023 [FXGL Background Thread 1 ] DEBUG FXGLAssetLoaderServi - Loading from file system: file:/C:/Users/agust/IdeaProjects/SuikaGameJavaFXGL2/target/classes/assets/textures/next_fruit_view.png
11:13:33.028 [FXGL Background Thread 1 ] DEBUG FXGLAssetLoaderServi - Loading from file system: file:/C:/Users/agust/IdeaProjects/SuikaGameJavaFXGL2/target/classes/assets/textures/score_view.png
11:13:33.035 [FXGL Background Thread 1 ] DEBUG FXGLAssetLoaderServi - Loading from file system: file:/C:/Users/agust/IdeaProjects/SuikaGameJavaFXGL2/target/classes/assets/textures/grape_view.png
11:13:33.039 [FXGL Background Thread 1 ] DEBUG FXGLAssetLoaderServi - Loading from file system: file:/C:/Users/agust/IdeaProjects/SuikaGameJavaFXGL2/target/classes/assets/textures/lemon_view.png
11:13:33.041 [FXGL Background Thread 1 ] DEBUG FXGLAssetLoaderServi - Loading from file system: file:/C:/Users/agust/IdeaProjects/SuikaGameJavaFXGL2/target/classes/assets/textures/strawberry_view.png
11:13:33.045 [FXGL Background Thread 1 ] INFO  FXGLApplication      - Game initialization took: 0,223 sec
11:13:33.213 [JavaFX Application Thread] DEBUG FXGLApplication      - Registering font factories with UI factory
11:13:33.219 [JavaFX Application Thread] DEBUG Input                - Clearing active input actions
11:13:33.227 [JavaFX Application Thread] DEBUG GameApplicationServi - Removing overlay from FXGLLoadingScene and adding to GameScene
11:13:33.232 [JavaFX Application Thread] DEBUG PrimaryStageWindow   - FXGLLoadingScene -> GameScene
11:13:35.657 [FXGL Background Thread 3 ] DEBUG Engine               - Logging environment variables
11:13:35.658 [FXGL Background Thread 3 ] DEBUG Engine               - achievements: []
11:13:35.658 [FXGL Background Thread 3 ] DEBUG Engine               - actualHeight: 720.0
11:13:35.659 [FXGL Background Thread 3 ] DEBUG Engine               - actualHeightProperty: ReadOnlyDoubleProperty [value: 720.0]
11:13:35.659 [FXGL Background Thread 3 ] DEBUG Engine               - actualWidth: 1280.0
11:13:35.659 [FXGL Background Thread 3 ] DEBUG Engine               - actualWidthProperty: ReadOnlyDoubleProperty [value: 1280.0]
11:13:35.659 [FXGL Background Thread 3 ] DEBUG Engine               - appIcon: watermelon_view.png
11:13:35.659 [FXGL Background Thread 3 ] DEBUG Engine               - applicationMode: DEVELOPER
11:13:35.659 [FXGL Background Thread 3 ] DEBUG Engine               - cSSList: [fxgl_dark.css]
11:13:35.659 [FXGL Background Thread 3 ] DEBUG Engine               - collisionDetectionStrategy: BRUTE_FORCE
11:13:35.659 [FXGL Background Thread 3 ] DEBUG Engine               - configClass: Optional.empty
11:13:35.660 [FXGL Background Thread 3 ] DEBUG Engine               - credits: []
11:13:35.660 [FXGL Background Thread 3 ] DEBUG Engine               - defaultCursor: CursorInfo(imageName=fxgl_default_cursor.png, hotspotX=7.0, hotspotY=6.0)
11:13:35.660 [FXGL Background Thread 3 ] DEBUG Engine               - devBBoxColorProperty: ObjectProperty [value: 0xff0000ff]
11:13:35.660 [FXGL Background Thread 3 ] DEBUG Engine               - devEnableDebugCameraProperty: BooleanProperty [value: false]
11:13:35.660 [FXGL Background Thread 3 ] DEBUG Engine               - devSensorColorProperty: ObjectProperty [value: 0xffff00ff]
11:13:35.660 [FXGL Background Thread 3 ] DEBUG Engine               - devShowBBoxProperty: BooleanProperty [value: false]
11:13:35.661 [FXGL Background Thread 3 ] DEBUG Engine               - devShowPositionProperty: BooleanProperty [value: false]
11:13:35.661 [FXGL Background Thread 3 ] DEBUG Engine               - enabledMenuItems: []
11:13:35.661 [FXGL Background Thread 3 ] DEBUG Engine               - engineServices: [class com.almasb.fxgl.app.services.FXGLAssetLoaderService, class com.almasb.fxgl.app.FXGLApplication$GameApplicationService, class com.almasb.fxgl.app.services.FXGLDialogService, class com.almasb.fxgl.app.services.IOTaskExecutorService, class com.almasb.fxgl.io.FileSystemService, class com.almasb.fxgl.localization.LocalizationService, class com.almasb.fxgl.app.services.SystemBundleService, class com.almasb.fxgl.profile.SaveLoadService, class com.almasb.fxgl.ui.FXGLUIFactoryServiceProvider, class com.almasb.fxgl.ui.FXGLDialogFactoryServiceProvider, class com.almasb.fxgl.audio.AudioPlayer, class com.almasb.fxgl.notification.impl.NotificationServiceProvider, class com.almasb.fxgl.achievement.AchievementService, class com.almasb.fxgl.cutscene.CutsceneService, class com.almasb.fxgl.minigames.MiniGameService, class com.almasb.fxgl.net.NetService, class com.almasb.fxgl.app.services.UpdaterService, class com.almasb.fxgl.dev.DevService]
11:13:35.661 [FXGL Background Thread 3 ] DEBUG Engine               - fontGame: Abel-Regular.ttf
11:13:35.661 [FXGL Background Thread 3 ] DEBUG Engine               - fontMono: TerminalLandMono-Regular.otf
11:13:35.661 [FXGL Background Thread 3 ] DEBUG Engine               - fontSizeScaleUI: 1.0
11:13:35.661 [FXGL Background Thread 3 ] DEBUG Engine               - fontText: Courier-Prime.ttf
11:13:35.661 [FXGL Background Thread 3 ] DEBUG Engine               - fontUI: VarelaRound-Regular.ttf
11:13:35.662 [FXGL Background Thread 3 ] DEBUG Engine               - fullScreen: BooleanProperty [value: false]
11:13:35.662 [FXGL Background Thread 3 ] DEBUG Engine               - gameDifficulty: MEDIUM
11:13:35.662 [FXGL Background Thread 3 ] DEBUG Engine               - gameDifficultyProperty: ObjectProperty [value: MEDIUM]
11:13:35.662 [FXGL Background Thread 3 ] DEBUG Engine               - globalMusicVolume: 0.5
11:13:35.662 [FXGL Background Thread 3 ] DEBUG Engine               - globalMusicVolumeProperty: DoubleProperty [value: 0.5]
11:13:35.662 [FXGL Background Thread 3 ] DEBUG Engine               - globalSoundVolume: 0.5
11:13:35.662 [FXGL Background Thread 3 ] DEBUG Engine               - globalSoundVolumeProperty: DoubleProperty [value: 0.5]
11:13:35.662 [FXGL Background Thread 3 ] DEBUG Engine               - height: 720
11:13:35.662 [FXGL Background Thread 3 ] DEBUG Engine               - is3D: false
11:13:35.662 [FXGL Background Thread 3 ] DEBUG Engine               - isAndroid: false
11:13:35.662 [FXGL Background Thread 3 ] DEBUG Engine               - isBrowser: false
11:13:35.662 [FXGL Background Thread 3 ] DEBUG Engine               - isClickFeedbackEnabled: false
11:13:35.662 [FXGL Background Thread 3 ] DEBUG Engine               - isCloseConfirmation: false
11:13:35.662 [FXGL Background Thread 3 ] DEBUG Engine               - isDesktop: true
11:13:35.662 [FXGL Background Thread 3 ] DEBUG Engine               - isDeveloperMenuEnabled: true
11:13:35.663 [FXGL Background Thread 3 ] DEBUG Engine               - isEmbedded: false
11:13:35.663 [FXGL Background Thread 3 ] DEBUG Engine               - isEntityPreloadEnabled: true
11:13:35.663 [FXGL Background Thread 3 ] DEBUG Engine               - isExperimentalTiledLargeMap: false
11:13:35.663 [FXGL Background Thread 3 ] DEBUG Engine               - isFileSystemWriteAllowed: true
11:13:35.663 [FXGL Background Thread 3 ] DEBUG Engine               - isFullScreenAllowed: false
11:13:35.663 [FXGL Background Thread 3 ] DEBUG Engine               - isFullScreenFromStart: false
11:13:35.663 [FXGL Background Thread 3 ] DEBUG Engine               - isGameMenuEnabled: true
11:13:35.663 [FXGL Background Thread 3 ] DEBUG Engine               - isIOS: false
11:13:35.663 [FXGL Background Thread 3 ] DEBUG Engine               - isIntroEnabled: false
11:13:35.663 [FXGL Background Thread 3 ] DEBUG Engine               - isLinux: false
11:13:35.663 [FXGL Background Thread 3 ] DEBUG Engine               - isMac: false
11:13:35.663 [FXGL Background Thread 3 ] DEBUG Engine               - isMainMenuEnabled: false
11:13:35.663 [FXGL Background Thread 3 ] DEBUG Engine               - isManualResizeEnabled: false
11:13:35.663 [FXGL Background Thread 3 ] DEBUG Engine               - isMobile: false
11:13:35.663 [FXGL Background Thread 3 ] DEBUG Engine               - isNative: false
11:13:35.663 [FXGL Background Thread 3 ] DEBUG Engine               - isPauseMusicWhenMinimized: true
11:13:35.663 [FXGL Background Thread 3 ] DEBUG Engine               - isPreserveResizeRatio: false
11:13:35.664 [FXGL Background Thread 3 ] DEBUG Engine               - isProfilingEnabled: false
11:13:35.664 [FXGL Background Thread 3 ] DEBUG Engine               - isScaleAffectedOnResize: true
11:13:35.664 [FXGL Background Thread 3 ] DEBUG Engine               - isSingleStep: false
11:13:35.664 [FXGL Background Thread 3 ] DEBUG Engine               - isUserProfileEnabled: false
11:13:35.664 [FXGL Background Thread 3 ] DEBUG Engine               - isWindows: true
11:13:35.664 [FXGL Background Thread 3 ] DEBUG Engine               - language: ObjectProperty [value: ENGLISH]
11:13:35.664 [FXGL Background Thread 3 ] DEBUG Engine               - menuKey: ESCAPE
11:13:35.664 [FXGL Background Thread 3 ] DEBUG Engine               - mouseSensitivity: 0.2
11:13:35.664 [FXGL Background Thread 3 ] DEBUG Engine               - notificationViewClass: class com.almasb.fxgl.notification.view.XboxNotificationView
11:13:35.664 [FXGL Background Thread 3 ] DEBUG Engine               - pixelsPerMeter: 50.0
11:13:35.664 [FXGL Background Thread 3 ] DEBUG Engine               - platform: WINDOWS
11:13:35.665 [FXGL Background Thread 3 ] DEBUG Engine               - prefHeightProperty: ReadOnlyDoubleProperty [value: 720.0]
11:13:35.665 [FXGL Background Thread 3 ] DEBUG Engine               - prefWidthProperty: ReadOnlyDoubleProperty [value: 1280.0]
11:13:35.665 [FXGL Background Thread 3 ] DEBUG Engine               - profileDir: profiles/
11:13:35.665 [FXGL Background Thread 3 ] DEBUG Engine               - profileName: StringProperty [value: DEFAULT]
11:13:35.665 [FXGL Background Thread 3 ] DEBUG Engine               - randomSeed: -1
11:13:35.666 [FXGL Background Thread 3 ] DEBUG Engine               - runtimeInfo: RuntimeInfo(platform=WINDOWS, version=21, build=28.12.2023 13.35)
11:13:35.666 [FXGL Background Thread 3 ] DEBUG Engine               - saveFileExt: sav
11:13:35.666 [FXGL Background Thread 3 ] DEBUG Engine               - scaledHeightProp$fxgl: DoubleProperty [bound, value: 720.0]
11:13:35.666 [FXGL Background Thread 3 ] DEBUG Engine               - scaledWidthProp$fxgl: DoubleProperty [bound, value: 1280.0]
11:13:35.666 [FXGL Background Thread 3 ] DEBUG Engine               - sceneFactory: com.almasb.fxgl.app.scene.SceneFactory@3b135a12
11:13:35.667 [FXGL Background Thread 3 ] DEBUG Engine               - secondsIn24h: 60
11:13:35.667 [FXGL Background Thread 3 ] DEBUG Engine               - soundMenuBack: menu/back.wav
11:13:35.667 [FXGL Background Thread 3 ] DEBUG Engine               - soundMenuPress: menu/press.wav
11:13:35.667 [FXGL Background Thread 3 ] DEBUG Engine               - soundMenuSelect: menu/select.wav
11:13:35.667 [FXGL Background Thread 3 ] DEBUG Engine               - soundNotification: core/notification.wav
11:13:35.667 [FXGL Background Thread 3 ] DEBUG Engine               - stageStyle: DECORATED
11:13:35.667 [FXGL Background Thread 3 ] DEBUG Engine               - supportedLanguages: [ENGLISH, FRENCH, GERMAN, HUNGARIAN, RUSSIAN]
11:13:35.667 [FXGL Background Thread 3 ] DEBUG Engine               - ticksPerSecond: -1
11:13:35.667 [FXGL Background Thread 3 ] DEBUG Engine               - title: Suika FXGL
11:13:35.667 [FXGL Background Thread 3 ] DEBUG Engine               - urlGithub: https://github.com/AlmasB/FXGL
11:13:35.667 [FXGL Background Thread 3 ] DEBUG Engine               - urlLeaderboard: http://fxgl-top.herokuapp.com/
11:13:35.667 [FXGL Background Thread 3 ] DEBUG Engine               - urlPOM: https://raw.githubusercontent.com/AlmasB/FXGL/release/README.md
11:13:35.667 [FXGL Background Thread 3 ] DEBUG Engine               - userAppClass: class com.lucenstuff.fxglgames.suikagame.SuikaGame
11:13:35.667 [FXGL Background Thread 3 ] DEBUG Engine               - version: 0.1
11:13:35.667 [FXGL Background Thread 3 ] DEBUG Engine               - versionCheckDays: 7
11:13:35.667 [FXGL Background Thread 3 ] DEBUG Engine               - width: 1280
11:13:35.667 [FXGL Background Thread 3 ] DEBUG Engine               - Logging services
11:13:35.667 [FXGL Background Thread 3 ] DEBUG Engine               - class com.almasb.fxgl.app.services.FXGLAssetLoaderService
11:13:35.667 [FXGL Background Thread 3 ] DEBUG Engine               - class com.almasb.fxgl.app.FXGLApplication$GameApplicationService
11:13:35.667 [FXGL Background Thread 3 ] DEBUG Engine               - class com.almasb.fxgl.app.services.FXGLDialogService
11:13:35.667 [FXGL Background Thread 3 ] DEBUG Engine               - class com.almasb.fxgl.app.services.IOTaskExecutorService
11:13:35.667 [FXGL Background Thread 3 ] DEBUG Engine               - class com.almasb.fxgl.io.FileSystemService
11:13:35.667 [FXGL Background Thread 3 ] DEBUG Engine               - class com.almasb.fxgl.localization.LocalizationService
11:13:35.667 [FXGL Background Thread 3 ] DEBUG Engine               - class com.almasb.fxgl.app.services.SystemBundleService
11:13:35.668 [FXGL Background Thread 3 ] DEBUG Engine               - class com.almasb.fxgl.profile.SaveLoadService
11:13:35.668 [FXGL Background Thread 3 ] DEBUG Engine               - class com.almasb.fxgl.ui.FXGLUIFactoryServiceProvider
11:13:35.668 [FXGL Background Thread 3 ] DEBUG Engine               - class com.almasb.fxgl.ui.FXGLDialogFactoryServiceProvider
11:13:35.668 [FXGL Background Thread 3 ] DEBUG Engine               - class com.almasb.fxgl.audio.AudioPlayer
11:13:35.668 [FXGL Background Thread 3 ] DEBUG Engine               - class com.almasb.fxgl.notification.impl.NotificationServiceProvider
11:13:35.668 [FXGL Background Thread 3 ] DEBUG Engine               - class com.almasb.fxgl.achievement.AchievementService
11:13:35.668 [FXGL Background Thread 3 ] DEBUG Engine               - class com.almasb.fxgl.cutscene.CutsceneService
11:13:35.668 [FXGL Background Thread 3 ] DEBUG Engine               - class com.almasb.fxgl.minigames.MiniGameService
11:13:35.668 [FXGL Background Thread 3 ] DEBUG Engine               - class com.almasb.fxgl.net.NetService
11:13:35.668 [FXGL Background Thread 3 ] DEBUG Engine               - class com.almasb.fxgl.app.services.UpdaterService
11:13:35.668 [FXGL Background Thread 3 ] DEBUG Engine               - class com.almasb.fxgl.dev.DevService
11:13:36.705 [JavaFX Application Thread] DEBUG FXGLAssetLoaderServi - Loading from file system: file:/C:/Users/agust/IdeaProjects/SuikaGameJavaFXGL2/target/classes/assets/textures/apple_view.png
11:13:36.710 [JavaFX Application Thread] DEBUG FXGLAssetLoaderServi - Loading from file system: file:/C:/Users/agust/IdeaProjects/SuikaGameJavaFXGL2/target/classes/assets/sounds/fruit_drop.wav
11:13:38.068 [JavaFX Application Thread] DEBUG FXGLAssetLoaderServi - Loading from file system: file:/C:/Users/agust/IdeaProjects/SuikaGameJavaFXGL2/target/classes/assets/textures/cherry_view.png
11:13:38.877 [JavaFX Application Thread] DEBUG FXGLAssetLoaderServi - Loading from file system: file:/C:/Users/agust/IdeaProjects/SuikaGameJavaFXGL2/target/classes/assets/textures/orange_view.png
11:13:48.117 [JavaFX Application Thread] DEBUG FXGLAssetLoaderServi - Loading from file system: file:/C:/Users/agust/IdeaProjects/SuikaGameJavaFXGL2/target/classes/assets/sounds/fruit_merge.wav
11:13:49.362 [JavaFX Application Thread] DEBUG FXGLAssetLoaderServi - Loading from file system: file:/C:/Users/agust/IdeaProjects/SuikaGameJavaFXGL2/target/classes/assets/textures/pear_view.png
11:14:00.660 [JavaFX Application Thread] DEBUG FXGLAssetLoaderServi - Loading from file system: file:/C:/Users/agust/IdeaProjects/SuikaGameJavaFXGL2/target/classes/assets/textures/peach_view.png
11:14:25.557 [JavaFX Application Thread] DEBUG FXGLAssetLoaderServi - Loading from file system: file:/C:/Users/agust/IdeaProjects/SuikaGameJavaFXGL2/target/classes/assets/textures/pineapple_view.png
11:15:33.636 [JavaFX Application Thread] DEBUG FXGLAssetLoaderServi - Loading from file system: file:/C:/Users/agust/IdeaProjects/SuikaGameJavaFXGL2/target/classes/assets/textures/melon_view.png
11:16:33.077 [JavaFX Application Thread] DEBUG PrimaryStageWindow   - Push state: DialogSubScene
11:16:33.077 [JavaFX Application Thread] DEBUG Input                - Clearing active input actions
11:16:33.078 [JavaFX Application Thread] DEBUG GameApplicationServi - Removing overlay from GameScene and adding to DialogSubScene
11:16:33.081 [JavaFX Application Thread] DEBUG PrimaryStageWindow   - GameScene -> DialogSubScene
11:16:35.817 [JavaFX Application Thread] DEBUG PrimaryStageWindow   - Pop state: DialogSubScene
11:16:35.817 [JavaFX Application Thread] DEBUG Input                - Clearing active input actions
11:16:35.818 [JavaFX Application Thread] DEBUG GameApplicationServi - Removing overlay from DialogSubScene and adding to GameScene
11:16:35.819 [JavaFX Application Thread] DEBUG PrimaryStageWindow   - GameScene <- DialogSubScene
11:16:57.242 [JavaFX Application Thread] DEBUG FXGLApplication      - Exiting FXGL
11:16:57.243 [JavaFX Application Thread] DEBUG LoopRunner           - Stopping loop
11:16:57.243 [JavaFX Application Thread] DEBUG SystemBundleService  - Saving FXGL system data
11:16:57.245 [JavaFX Application Thread] DEBUG FileSystemAccess     - Writing to: C:\Users\agust\IdeaProjects\SuikaGameJavaFXGL2\system\fxgl.bundle
11:16:57.248 [JavaFX Application Thread] DEBUG Async                - Shutting down background threads
11:16:57.248 [JavaFX Application Thread] DEBUG PrimaryStageWindow   - Closing main window
11:16:57.258 [JavaFX Application Thread] DEBUG Logger               - Closing Logger
