17:13:38.708 [main                     ] DEBUG Logger               - Configured Logger
17:13:38.726 [main                     ] DEBUG GameApplication      - Logging settings
Title: Suika FXGL
Version: 0.1
Width: 1280
Height: 720
Fullscreen: false
Intro: false
Profiling: false
Single step:false
App Mode: DEVELOPER
Menu Key: ESCAPE
Stage Style: DECORATED
Scene Factory: class com.almasb.fxgl.app.scene.SceneFactory

17:13:39.118 [JavaFX Application Thread] DEBUG FXGLApplication      - Initializing FXGL
17:13:39.122 [JavaFX Application Thread] INFO  Engine               - FXGL-21 (28.12.2023 13.35) on WINDOWS (J:21.0.2 FX:21.0.1)
17:13:39.122 [JavaFX Application Thread] DEBUG Engine               - JRE Vendor Name: Oracle Corporation
17:13:39.122 [JavaFX Application Thread] DEBUG Engine               - Running on OS: Windows 10 version 10.0
17:13:39.122 [JavaFX Application Thread] DEBUG Engine               - Architecture: amd64
17:13:39.122 [JavaFX Application Thread] INFO  Engine               - Source code and latest versions at: https://github.com/AlmasB/FXGL
17:13:39.122 [JavaFX Application Thread] INFO  Engine               -       Ask questions and discuss at: https://github.com/AlmasB/FXGL/discussions
17:13:39.122 [JavaFX Application Thread] INFO  Engine               -              Join the FXGL chat at: https://gitter.im/AlmasB/FXGL
17:13:39.208 [JavaFX Application Thread] DEBUG PrimaryStageWindow   - Creating a JavaFX scene
17:13:39.247 [JavaFX Application Thread] DEBUG PrimaryStageWindow   - Target settings size: 1280.0 x 720.0
17:13:39.247 [JavaFX Application Thread] DEBUG PrimaryStageWindow   - Scaled scene size:    1280.0 x 720.0
17:13:39.248 [JavaFX Application Thread] DEBUG PrimaryStageWindow   - Scaled ratio: (1.0, 1.0)
17:13:39.248 [JavaFX Application Thread] DEBUG PrimaryStageWindow   - Set initial scene to FXGLStartupScene
17:13:39.251 [JavaFX Application Thread] DEBUG PrimaryStageWindow   - Opening main window
17:13:39.316 [JavaFX Application Thread] DEBUG PrimaryStageWindow   - Window border size: (16.0, 39.0)
17:13:39.316 [JavaFX Application Thread] DEBUG PrimaryStageWindow   - Scaled size: 1280.0 x 720.0
17:13:39.317 [JavaFX Application Thread] DEBUG PrimaryStageWindow   - Scaled ratio: (1.0, 1.0)
17:13:39.317 [JavaFX Application Thread] DEBUG PrimaryStageWindow   - Scene size: 1280.0 x 720.0
17:13:39.317 [JavaFX Application Thread] DEBUG PrimaryStageWindow   - Stage size: 1296.0 x 759.0
17:13:39.322 [FXGL Background Thread 1 ] DEBUG Engine               - Initializing environment variables
17:13:39.358 [FXGL Background Thread 1 ] DEBUG FXGLAssetLoaderServi - User app class for loading assets: class com.lucenstuff.fxglgames.suikagame.SuikaGame
17:13:39.358 [FXGL Background Thread 1 ] DEBUG GameApplicationServi - Applying CSS: fxgl_dark.css
17:13:39.359 [FXGL Background Thread 1 ] DEBUG FXGLAssetLoaderServi - Loading from file system: jar:file:/C:/Users/Fabrizio/.m2/repository/com/github/almasb/fxgl/21/fxgl-21.jar!/fxglassets/ui/css/fxgl_dark.css
17:13:39.392 [FXGL Background Thread 1 ] DEBUG GameApplicationServi - Initializing application scenes
17:13:39.416 [FXGL Background Thread 1 ] DEBUG GameWorld            - Game world initialized
17:13:39.464 [FXGL Background Thread 1 ] DEBUG PhysicsWorld         - Physics world initialized: appHeight=720, physics.ppm=50,0
17:13:39.464 [FXGL Background Thread 1 ] DEBUG PhysicsWorld         - Using strategy: BRUTE_FORCE
17:13:39.467 [FXGL Background Thread 1 ] DEBUG GameScene            - Game scene initialized: 1280x720
17:13:39.476 [FXGL Background Thread 1 ] DEBUG FXGL.DefaultMenu     - createMenuBodyGameMenu()
17:13:39.488 [FXGL Background Thread 1 ] DEBUG FXGL.DefaultMenu     - createOptionsMenu()
17:13:39.496 [FXGL Background Thread 1 ] DEBUG FXGLAssetLoaderServi - Loading from file system: jar:file:/C:/Users/Fabrizio/.m2/repository/com/github/almasb/fxgl/21/fxgl-21.jar!/fxglassets/textures/particles/smoke.png
17:13:39.574 [FXGL Background Thread 1 ] DEBUG FXGLAssetLoaderServi - Loading from file system: jar:file:/C:/Users/Fabrizio/.m2/repository/com/github/almasb/fxgl/21/fxgl-21.jar!/fxglassets/textures/particles/trace_horizontal.png
17:13:39.596 [FXGL Background Thread 1 ] DEBUG GameApplicationServi - Application scenes initialized
17:13:39.605 [FXGL Background Thread 1 ] DEBUG SystemBundleService  - Loading FXGL system data
17:13:39.609 [FXGL Background Thread 1 ] DEBUG FileSystemAccess     - Reading from: D:\Intellij\Project\system\fxgl.bundle
17:13:39.616 [FXGL Background Thread 1 ] DEBUG SystemBundleService  - Bundle FXGL: {}
17:13:39.616 [FXGL Background Thread 1 ] DEBUG UpdaterService       - Checking for updates
17:13:39.637 [FXGL Background Thread 4 ] DEBUG FXGLApplication      - Loading fonts
17:13:39.637 [FXGL Background Thread 1 ] DEBUG FXGLApplication      - Loading default localization
17:13:39.637 [FXGL Background Thread 4 ] DEBUG FXGLAssetLoaderServi - Loading from file system: jar:file:/C:/Users/Fabrizio/.m2/repository/com/github/almasb/fxgl/21/fxgl-21.jar!/fxglassets/ui/fonts/VarelaRound-Regular.ttf
17:13:39.637 [FXGL Background Thread 1 ] DEBUG FXGLAssetLoaderServi - Loading from file system: jar:file:/C:/Users/Fabrizio/.m2/repository/com/github/almasb/fxgl/21/fxgl-21.jar!/fxglassets/languages/english.lang
17:13:39.649 [FXGL Background Thread 1 ] INFO  FXGLApplication      - FXGL initialization took: 0,328 sec
17:13:39.650 [JavaFX Application Thread] DEBUG FXGLAssetLoaderServi - Loading from file system: file:/D:/Intellij/Project/target/classes/assets/textures/watermelon_view.png
17:13:39.662 [JavaFX Application Thread] DEBUG FXGLAssetLoaderServi - Loading from file system: jar:file:/C:/Users/Fabrizio/.m2/repository/com/github/almasb/fxgl/21/fxgl-21.jar!/fxglassets/textures/fxgl_default_cursor.png
17:13:39.662 [FXGL Background Thread 4 ] DEBUG FXGLAssetLoaderServi - Loading from file system: jar:file:/C:/Users/Fabrizio/.m2/repository/com/github/almasb/fxgl/21/fxgl-21.jar!/fxglassets/ui/fonts/Abel-Regular.ttf
17:13:39.670 [FXGL Background Thread 4 ] DEBUG FXGLAssetLoaderServi - Loading from file system: jar:file:/C:/Users/Fabrizio/.m2/repository/com/github/almasb/fxgl/21/fxgl-21.jar!/fxglassets/ui/fonts/TerminalLandMono-Regular.otf
17:13:39.672 [JavaFX Application Thread] DEBUG Input                - Registered new binding: Screenshot - CTRL+8
17:13:39.673 [JavaFX Application Thread] DEBUG Input                - Registered new binding: Dev Options - 1
17:13:39.673 [JavaFX Application Thread] DEBUG Input                - Registered new binding: Dev Console - 2
17:13:39.673 [JavaFX Application Thread] DEBUG Input                - Registered new binding: System info dump - CTRL+9
17:13:39.674 [JavaFX Application Thread] DEBUG Input                - Registered new binding: Restart - CTRL+R
17:13:39.674 [JavaFX Application Thread] DEBUG Input                - Registered new binding: Toggle Debug Camera - CTRL+7
17:13:39.677 [JavaFX Application Thread] DEBUG LoopRunner           - Starting loop
17:13:39.678 [FXGL Background Thread 4 ] DEBUG FXGLAssetLoaderServi - Loading from file system: jar:file:/C:/Users/Fabrizio/.m2/repository/com/github/almasb/fxgl/21/fxgl-21.jar!/fxglassets/ui/fonts/Courier-Prime.ttf
17:13:39.687 [JavaFX Application Thread] DEBUG LoopRunner           - Initializing JavaFX AnimationTimerLoop
17:13:39.688 [JavaFX Application Thread] DEBUG GameApplicationServi - Starting new game
17:13:39.689 [JavaFX Application Thread] DEBUG Input                - Clearing active input actions
17:13:39.698 [JavaFX Application Thread] DEBUG GameApplicationServi - Removing overlay from FXGLStartupScene and adding to FXGLLoadingScene
17:13:39.700 [JavaFX Application Thread] DEBUG PrimaryStageWindow   - FXGLStartupScene -> FXGLLoadingScene
17:13:39.700 [JavaFX Application Thread] DEBUG GameApplicationServi - Clearing previous game
17:13:39.700 [JavaFX Application Thread] DEBUG GameScene            - Clearing game scene
17:13:39.700 [JavaFX Application Thread] DEBUG GameWorld            - Clearing game world
17:13:39.701 [JavaFX Application Thread] DEBUG PhysicsWorld         - Clearing physics world
17:13:39.702 [FXGL Background Thread 4 ] DEBUG FXGLApplication      - Initializing game
17:13:39.705 [JavaFX Application Thread] DEBUG FXGLApplication      - Registering font factories with UI factory
17:13:39.706 [FXGL Background Thread 4 ] DEBUG FXGLAssetLoaderServi - Loading from file system: file:/D:/Intellij/Project/target/classes/assets/textures/background_view.png
17:13:39.736 [FXGL Background Thread 4 ] DEBUG FXGLAssetLoaderServi - Loading from file system: file:/D:/Intellij/Project/target/classes/assets/textures/container_view.png
17:13:39.762 [FXGL Background Thread 4 ] DEBUG FXGLAssetLoaderServi - Loading from file system: file:/D:/Intellij/Project/target/classes/assets/textures/ring_view.png
17:13:39.765 [FXGL Background Thread 4 ] DEBUG FXGLAssetLoaderServi - Loading from file system: file:/D:/Intellij/Project/target/classes/assets/textures/next_fruit_view.png
17:13:39.766 [FXGL Background Thread 4 ] DEBUG FXGLAssetLoaderServi - Loading from file system: file:/D:/Intellij/Project/target/classes/assets/textures/score_view.png
17:13:39.770 [FXGL Background Thread 4 ] DEBUG FXGLAssetLoaderServi - Loading from file system: file:/D:/Intellij/Project/target/classes/assets/textures/grape_view.png
17:13:39.860 [JavaFX Application Thread] DEBUG LoopRunner           - Stopping loop
17:13:39.862 [JavaFX Application Thread] FATAL FXGLApplication      - Uncaught Exception:
java.lang.RuntimeException: Initialization failed
	at com.almasb.fxgl.app.FXGLApplication$InitAppTask.failed(FXGLApplication.kt:343)
	at javafx.concurrent.Task.setState(Task.java:710)
	at javafx.concurrent.Task$TaskCallable.lambda$call$2(Task.java:1429)
	at com.sun.javafx.application.PlatformImpl.lambda$runLater$10(PlatformImpl.java:456)
	at java.base/java.security.AccessController.doPrivileged(AccessController.java:400)
	at com.sun.javafx.application.PlatformImpl.lambda$runLater$11(PlatformImpl.java:455)
	at com.sun.glass.ui.InvokeLaterDispatcher$Future.run(InvokeLaterDispatcher.java:95)
	at com.sun.glass.ui.win.WinApplication._runLoop(Native Method)
	at com.sun.glass.ui.win.WinApplication.lambda$runLoop$3(WinApplication.java:185)
	at java.base/java.lang.Thread.run(Thread.java:1583)
Caused by: java.lang.NullPointerException: Cannot invoke "javafx.scene.image.ImageView.setImage(javafx.scene.image.Image)" because "this.currentFruitImageView" is null
	at com.lucenstuff.fxglgames.suikagame.SuikaGame.updateCurrentFruitImageView(SuikaGame.java:197)
	at com.lucenstuff.fxglgames.suikagame.SuikaGame.spawnFruitAt(SuikaGame.java:159)
	at com.lucenstuff.fxglgames.suikagame.SuikaGame.initFruits(SuikaGame.java:433)
	at com.lucenstuff.fxglgames.suikagame.SuikaGame.initUI(SuikaGame.java:428)
	at com.almasb.fxgl.app.FXGLApplication$InitAppTask.call(FXGLApplication.kt:321)
	at com.almasb.fxgl.app.FXGLApplication$InitAppTask.call(FXGLApplication.kt:311)
	at javafx.concurrent.Task$TaskCallable.call(Task.java:1399)
	at java.base/java.util.concurrent.FutureTask.run(FutureTask.java:317)
	at java.base/java.util.concurrent.Executors$RunnableAdapter.call(Executors.java:572)
	at java.base/java.util.concurrent.FutureTask.run(FutureTask.java:317)
	at java.base/java.util.concurrent.ThreadPoolExecutor.runWorker(ThreadPoolExecutor.java:1144)
	at java.base/java.util.concurrent.ThreadPoolExecutor$Worker.run(ThreadPoolExecutor.java:642)
	... 1 more

17:13:39.862 [JavaFX Application Thread] FATAL FXGLApplication      - Application will now exit
17:13:39.866 [JavaFX Application Thread] DEBUG PrimaryStageWindow   - Push state: ErrorSubScene
17:13:39.867 [JavaFX Application Thread] DEBUG Input                - Clearing active input actions
17:13:39.868 [JavaFX Application Thread] DEBUG GameApplicationServi - Removing overlay from FXGLLoadingScene and adding to ErrorSubScene
17:13:39.870 [JavaFX Application Thread] DEBUG PrimaryStageWindow   - FXGLLoadingScene -> ErrorSubScene
17:13:40.979 [JavaFX Application Thread] DEBUG FXGLApplication      - Exiting FXGL
17:13:40.979 [JavaFX Application Thread] DEBUG Async                - Shutting down background threads
17:13:40.979 [JavaFX Application Thread] DEBUG PrimaryStageWindow   - Closing main window
17:13:40.987 [JavaFX Application Thread] DEBUG Logger               - Closing Logger
