16:59:06.687 [main                     ] DEBUG Logger               - Configured Logger
16:59:06.705 [main                     ] DEBUG GameApplication      - Logging settings
Title: Suika FXGL
Version: 0.1
Width: 1280
Height: 720
Fullscreen: false
Intro: false
Profiling: false
Single step:false
App Mode: DEVELOPER
Menu Key: ESCAPE
Stage Style: DECORATED
Scene Factory: class com.almasb.fxgl.app.scene.SceneFactory

16:59:07.104 [JavaFX Application Thread] DEBUG FXGLApplication      - Initializing FXGL
16:59:07.107 [JavaFX Application Thread] INFO  Engine               - FXGL-21 (28.12.2023 13.35) on WINDOWS (J:21.0.2 FX:21.0.1)
16:59:07.107 [JavaFX Application Thread] DEBUG Engine               - JRE Vendor Name: Oracle Corporation
16:59:07.108 [JavaFX Application Thread] DEBUG Engine               - Running on OS: Windows 10 version 10.0
16:59:07.108 [JavaFX Application Thread] DEBUG Engine               - Architecture: amd64
16:59:07.108 [JavaFX Application Thread] INFO  Engine               - Source code and latest versions at: https://github.com/AlmasB/FXGL
16:59:07.108 [JavaFX Application Thread] INFO  Engine               -       Ask questions and discuss at: https://github.com/AlmasB/FXGL/discussions
16:59:07.108 [JavaFX Application Thread] INFO  Engine               -              Join the FXGL chat at: https://gitter.im/AlmasB/FXGL
16:59:07.192 [JavaFX Application Thread] DEBUG PrimaryStageWindow   - Creating a JavaFX scene
16:59:07.230 [JavaFX Application Thread] DEBUG PrimaryStageWindow   - Target settings size: 1280.0 x 720.0
16:59:07.231 [JavaFX Application Thread] DEBUG PrimaryStageWindow   - Scaled scene size:    1280.0 x 720.0
16:59:07.231 [JavaFX Application Thread] DEBUG PrimaryStageWindow   - Scaled ratio: (1.0, 1.0)
16:59:07.232 [JavaFX Application Thread] DEBUG PrimaryStageWindow   - Set initial scene to FXGLStartupScene
16:59:07.234 [JavaFX Application Thread] DEBUG PrimaryStageWindow   - Opening main window
16:59:07.301 [JavaFX Application Thread] DEBUG PrimaryStageWindow   - Window border size: (16.0, 39.0)
16:59:07.301 [JavaFX Application Thread] DEBUG PrimaryStageWindow   - Scaled size: 1280.0 x 720.0
16:59:07.301 [JavaFX Application Thread] DEBUG PrimaryStageWindow   - Scaled ratio: (1.0, 1.0)
16:59:07.302 [JavaFX Application Thread] DEBUG PrimaryStageWindow   - Scene size: 1280.0 x 720.0
16:59:07.302 [JavaFX Application Thread] DEBUG PrimaryStageWindow   - Stage size: 1296.0 x 759.0
16:59:07.307 [FXGL Background Thread 1 ] DEBUG Engine               - Initializing environment variables
16:59:07.345 [FXGL Background Thread 1 ] DEBUG FXGLAssetLoaderServi - User app class for loading assets: class com.lucenstuff.fxglgames.suikagame.SuikaGame
16:59:07.345 [FXGL Background Thread 1 ] DEBUG GameApplicationServi - Applying CSS: fxgl_dark.css
16:59:07.345 [FXGL Background Thread 1 ] DEBUG FXGLAssetLoaderServi - Loading from file system: jar:file:/C:/Users/Fabrizio/.m2/repository/com/github/almasb/fxgl/21/fxgl-21.jar!/fxglassets/ui/css/fxgl_dark.css
16:59:07.378 [FXGL Background Thread 1 ] DEBUG GameApplicationServi - Initializing application scenes
16:59:07.401 [FXGL Background Thread 1 ] DEBUG GameWorld            - Game world initialized
16:59:07.453 [FXGL Background Thread 1 ] DEBUG PhysicsWorld         - Physics world initialized: appHeight=720, physics.ppm=50,0
16:59:07.453 [FXGL Background Thread 1 ] DEBUG PhysicsWorld         - Using strategy: BRUTE_FORCE
16:59:07.456 [FXGL Background Thread 1 ] DEBUG GameScene            - Game scene initialized: 1280x720
16:59:07.466 [FXGL Background Thread 1 ] DEBUG FXGL.DefaultMenu     - createMenuBodyGameMenu()
16:59:07.478 [FXGL Background Thread 1 ] DEBUG FXGL.DefaultMenu     - createOptionsMenu()
16:59:07.485 [FXGL Background Thread 1 ] DEBUG FXGLAssetLoaderServi - Loading from file system: jar:file:/C:/Users/Fabrizio/.m2/repository/com/github/almasb/fxgl/21/fxgl-21.jar!/fxglassets/textures/particles/smoke.png
16:59:07.563 [FXGL Background Thread 1 ] DEBUG FXGLAssetLoaderServi - Loading from file system: jar:file:/C:/Users/Fabrizio/.m2/repository/com/github/almasb/fxgl/21/fxgl-21.jar!/fxglassets/textures/particles/trace_horizontal.png
16:59:07.584 [FXGL Background Thread 1 ] DEBUG GameApplicationServi - Application scenes initialized
16:59:07.594 [FXGL Background Thread 1 ] DEBUG SystemBundleService  - Loading FXGL system data
16:59:07.597 [FXGL Background Thread 1 ] DEBUG FileSystemAccess     - Reading from: D:\Intellij\Project\system\fxgl.bundle
16:59:07.604 [FXGL Background Thread 1 ] DEBUG SystemBundleService  - Bundle FXGL: {}
16:59:07.604 [FXGL Background Thread 1 ] DEBUG UpdaterService       - Checking for updates
16:59:07.625 [FXGL Background Thread 4 ] DEBUG FXGLApplication      - Loading fonts
16:59:07.625 [FXGL Background Thread 1 ] DEBUG FXGLApplication      - Loading default localization
16:59:07.625 [FXGL Background Thread 4 ] DEBUG FXGLAssetLoaderServi - Loading from file system: jar:file:/C:/Users/Fabrizio/.m2/repository/com/github/almasb/fxgl/21/fxgl-21.jar!/fxglassets/ui/fonts/VarelaRound-Regular.ttf
16:59:07.626 [FXGL Background Thread 1 ] DEBUG FXGLAssetLoaderServi - Loading from file system: jar:file:/C:/Users/Fabrizio/.m2/repository/com/github/almasb/fxgl/21/fxgl-21.jar!/fxglassets/languages/english.lang
16:59:07.639 [FXGL Background Thread 1 ] INFO  FXGLApplication      - FXGL initialization took: 0,332 sec
16:59:07.639 [JavaFX Application Thread] DEBUG FXGLAssetLoaderServi - Loading from file system: file:/D:/Intellij/Project/target/classes/assets/textures/watermelon_view.png
16:59:07.649 [FXGL Background Thread 4 ] DEBUG FXGLAssetLoaderServi - Loading from file system: jar:file:/C:/Users/Fabrizio/.m2/repository/com/github/almasb/fxgl/21/fxgl-21.jar!/fxglassets/ui/fonts/Abel-Regular.ttf
16:59:07.654 [JavaFX Application Thread] DEBUG FXGLAssetLoaderServi - Loading from file system: jar:file:/C:/Users/Fabrizio/.m2/repository/com/github/almasb/fxgl/21/fxgl-21.jar!/fxglassets/textures/fxgl_default_cursor.png
16:59:07.658 [FXGL Background Thread 4 ] DEBUG FXGLAssetLoaderServi - Loading from file system: jar:file:/C:/Users/Fabrizio/.m2/repository/com/github/almasb/fxgl/21/fxgl-21.jar!/fxglassets/ui/fonts/TerminalLandMono-Regular.otf
16:59:07.664 [JavaFX Application Thread] DEBUG Input                - Registered new binding: Screenshot - CTRL+8
16:59:07.665 [JavaFX Application Thread] DEBUG Input                - Registered new binding: Dev Options - 1
16:59:07.665 [JavaFX Application Thread] DEBUG Input                - Registered new binding: Dev Console - 2
16:59:07.665 [JavaFX Application Thread] DEBUG Input                - Registered new binding: System info dump - CTRL+9
16:59:07.665 [FXGL Background Thread 4 ] DEBUG FXGLAssetLoaderServi - Loading from file system: jar:file:/C:/Users/Fabrizio/.m2/repository/com/github/almasb/fxgl/21/fxgl-21.jar!/fxglassets/ui/fonts/Courier-Prime.ttf
16:59:07.665 [JavaFX Application Thread] DEBUG Input                - Registered new binding: Restart - CTRL+R
16:59:07.666 [JavaFX Application Thread] DEBUG Input                - Registered new binding: Toggle Debug Camera - CTRL+7
16:59:07.669 [JavaFX Application Thread] DEBUG LoopRunner           - Starting loop
16:59:07.683 [JavaFX Application Thread] DEBUG LoopRunner           - Initializing JavaFX AnimationTimerLoop
16:59:07.684 [JavaFX Application Thread] DEBUG GameApplicationServi - Starting new game
16:59:07.685 [JavaFX Application Thread] DEBUG Input                - Clearing active input actions
16:59:07.693 [JavaFX Application Thread] DEBUG GameApplicationServi - Removing overlay from FXGLStartupScene and adding to FXGLLoadingScene
16:59:07.696 [JavaFX Application Thread] DEBUG PrimaryStageWindow   - FXGLStartupScene -> FXGLLoadingScene
16:59:07.696 [JavaFX Application Thread] DEBUG GameApplicationServi - Clearing previous game
16:59:07.696 [JavaFX Application Thread] DEBUG GameScene            - Clearing game scene
16:59:07.696 [JavaFX Application Thread] DEBUG GameWorld            - Clearing game world
16:59:07.696 [JavaFX Application Thread] DEBUG PhysicsWorld         - Clearing physics world
16:59:07.697 [JavaFX Application Thread] DEBUG FXGLApplication      - Registering font factories with UI factory
16:59:07.697 [FXGL Background Thread 4 ] DEBUG FXGLApplication      - Initializing game
16:59:07.702 [FXGL Background Thread 4 ] DEBUG FXGLAssetLoaderServi - Loading from file system: file:/D:/Intellij/Project/target/classes/assets/textures/background_view.png
16:59:07.732 [FXGL Background Thread 4 ] DEBUG FXGLAssetLoaderServi - Loading from file system: file:/D:/Intellij/Project/target/classes/assets/textures/container_view.png
16:59:07.757 [FXGL Background Thread 4 ] DEBUG FXGLAssetLoaderServi - Loading from file system: file:/D:/Intellij/Project/target/classes/assets/textures/ring_view.png
16:59:07.760 [FXGL Background Thread 4 ] DEBUG FXGLAssetLoaderServi - Loading from file system: file:/D:/Intellij/Project/target/classes/assets/textures/next_fruit_view.png
16:59:07.763 [FXGL Background Thread 4 ] DEBUG FXGLAssetLoaderServi - Loading from file system: file:/D:/Intellij/Project/target/classes/assets/textures/score_view.png
16:59:07.767 [FXGL Background Thread 4 ] DEBUG FXGLAssetLoaderServi - Loading from file system: file:/D:/Intellij/Project/target/classes/assets/textures/cherry_view.png
16:59:07.852 [JavaFX Application Thread] DEBUG LoopRunner           - Stopping loop
16:59:07.853 [JavaFX Application Thread] FATAL FXGLApplication      - Uncaught Exception:
java.lang.RuntimeException: Initialization failed
	at com.almasb.fxgl.app.FXGLApplication$InitAppTask.failed(FXGLApplication.kt:343)
	at javafx.concurrent.Task.setState(Task.java:710)
	at javafx.concurrent.Task$TaskCallable.lambda$call$2(Task.java:1429)
	at com.sun.javafx.application.PlatformImpl.lambda$runLater$10(PlatformImpl.java:456)
	at java.base/java.security.AccessController.doPrivileged(AccessController.java:400)
	at com.sun.javafx.application.PlatformImpl.lambda$runLater$11(PlatformImpl.java:455)
	at com.sun.glass.ui.InvokeLaterDispatcher$Future.run(InvokeLaterDispatcher.java:95)
	at com.sun.glass.ui.win.WinApplication._runLoop(Native Method)
	at com.sun.glass.ui.win.WinApplication.lambda$runLoop$3(WinApplication.java:185)
	at java.base/java.lang.Thread.run(Thread.java:1583)
Caused by: java.lang.NullPointerException: Cannot invoke "javafx.scene.image.ImageView.setImage(javafx.scene.image.Image)" because "this.currentFruitImageView" is null
	at com.lucenstuff.fxglgames.suikagame.SuikaGame.updateCurrentFruitImageView(SuikaGame.java:203)
	at com.lucenstuff.fxglgames.suikagame.SuikaGame.spawnFruitAt(SuikaGame.java:165)
	at com.lucenstuff.fxglgames.suikagame.SuikaGame.initFruits(SuikaGame.java:439)
	at com.lucenstuff.fxglgames.suikagame.SuikaGame.initUI(SuikaGame.java:434)
	at com.almasb.fxgl.app.FXGLApplication$InitAppTask.call(FXGLApplication.kt:321)
	at com.almasb.fxgl.app.FXGLApplication$InitAppTask.call(FXGLApplication.kt:311)
	at javafx.concurrent.Task$TaskCallable.call(Task.java:1399)
	at java.base/java.util.concurrent.FutureTask.run(FutureTask.java:317)
	at java.base/java.util.concurrent.Executors$RunnableAdapter.call(Executors.java:572)
	at java.base/java.util.concurrent.FutureTask.run(FutureTask.java:317)
	at java.base/java.util.concurrent.ThreadPoolExecutor.runWorker(ThreadPoolExecutor.java:1144)
	at java.base/java.util.concurrent.ThreadPoolExecutor$Worker.run(ThreadPoolExecutor.java:642)
	... 1 more

16:59:07.853 [JavaFX Application Thread] FATAL FXGLApplication      - Application will now exit
16:59:07.858 [JavaFX Application Thread] DEBUG PrimaryStageWindow   - Push state: ErrorSubScene
16:59:07.858 [JavaFX Application Thread] DEBUG Input                - Clearing active input actions
16:59:07.859 [JavaFX Application Thread] DEBUG GameApplicationServi - Removing overlay from FXGLLoadingScene and adding to ErrorSubScene
16:59:07.861 [JavaFX Application Thread] DEBUG PrimaryStageWindow   - FXGLLoadingScene -> ErrorSubScene
16:59:10.624 [FXGL Background Thread 3 ] DEBUG Engine               - Logging environment variables
16:59:10.625 [FXGL Background Thread 3 ] DEBUG Engine               - achievements: []
16:59:10.625 [FXGL Background Thread 3 ] DEBUG Engine               - actualHeight: 720.0
16:59:10.625 [FXGL Background Thread 3 ] DEBUG Engine               - actualHeightProperty: ReadOnlyDoubleProperty [value: 720.0]
16:59:10.625 [FXGL Background Thread 3 ] DEBUG Engine               - actualWidth: 1280.0
16:59:10.625 [FXGL Background Thread 3 ] DEBUG Engine               - actualWidthProperty: ReadOnlyDoubleProperty [value: 1280.0]
16:59:10.625 [FXGL Background Thread 3 ] DEBUG Engine               - appIcon: watermelon_view.png
16:59:10.625 [FXGL Background Thread 3 ] DEBUG Engine               - applicationMode: DEVELOPER
16:59:10.625 [FXGL Background Thread 3 ] DEBUG Engine               - cSSList: [fxgl_dark.css]
16:59:10.625 [FXGL Background Thread 3 ] DEBUG Engine               - collisionDetectionStrategy: BRUTE_FORCE
16:59:10.625 [FXGL Background Thread 3 ] DEBUG Engine               - configClass: Optional.empty
16:59:10.625 [FXGL Background Thread 3 ] DEBUG Engine               - credits: []
16:59:10.626 [FXGL Background Thread 3 ] DEBUG Engine               - defaultCursor: CursorInfo(imageName=fxgl_default_cursor.png, hotspotX=7.0, hotspotY=6.0)
16:59:10.626 [FXGL Background Thread 3 ] DEBUG Engine               - devBBoxColorProperty: ObjectProperty [value: 0xff0000ff]
16:59:10.626 [FXGL Background Thread 3 ] DEBUG Engine               - devEnableDebugCameraProperty: BooleanProperty [value: false]
16:59:10.626 [FXGL Background Thread 3 ] DEBUG Engine               - devSensorColorProperty: ObjectProperty [value: 0xffff00ff]
16:59:10.626 [FXGL Background Thread 3 ] DEBUG Engine               - devShowBBoxProperty: BooleanProperty [value: false]
16:59:10.626 [FXGL Background Thread 3 ] DEBUG Engine               - devShowPositionProperty: BooleanProperty [value: false]
16:59:10.626 [FXGL Background Thread 3 ] DEBUG Engine               - enabledMenuItems: []
16:59:10.626 [FXGL Background Thread 3 ] DEBUG Engine               - engineServices: [class com.almasb.fxgl.app.services.FXGLAssetLoaderService, class com.almasb.fxgl.app.FXGLApplication$GameApplicationService, class com.almasb.fxgl.app.services.FXGLDialogService, class com.almasb.fxgl.app.services.IOTaskExecutorService, class com.almasb.fxgl.io.FileSystemService, class com.almasb.fxgl.localization.LocalizationService, class com.almasb.fxgl.app.services.SystemBundleService, class com.almasb.fxgl.profile.SaveLoadService, class com.almasb.fxgl.ui.FXGLUIFactoryServiceProvider, class com.almasb.fxgl.ui.FXGLDialogFactoryServiceProvider, class com.almasb.fxgl.audio.AudioPlayer, class com.almasb.fxgl.notification.impl.NotificationServiceProvider, class com.almasb.fxgl.achievement.AchievementService, class com.almasb.fxgl.cutscene.CutsceneService, class com.almasb.fxgl.minigames.MiniGameService, class com.almasb.fxgl.net.NetService, class com.almasb.fxgl.app.services.UpdaterService, class com.almasb.fxgl.dev.DevService]
16:59:10.626 [FXGL Background Thread 3 ] DEBUG Engine               - fontGame: Abel-Regular.ttf
16:59:10.626 [FXGL Background Thread 3 ] DEBUG Engine               - fontMono: TerminalLandMono-Regular.otf
16:59:10.626 [FXGL Background Thread 3 ] DEBUG Engine               - fontSizeScaleUI: 1.0
16:59:10.626 [FXGL Background Thread 3 ] DEBUG Engine               - fontText: Courier-Prime.ttf
16:59:10.626 [FXGL Background Thread 3 ] DEBUG Engine               - fontUI: VarelaRound-Regular.ttf
16:59:10.626 [FXGL Background Thread 3 ] DEBUG Engine               - fullScreen: BooleanProperty [value: false]
16:59:10.627 [FXGL Background Thread 3 ] DEBUG Engine               - gameDifficulty: MEDIUM
16:59:10.627 [FXGL Background Thread 3 ] DEBUG Engine               - gameDifficultyProperty: ObjectProperty [value: MEDIUM]
16:59:10.627 [FXGL Background Thread 3 ] DEBUG Engine               - globalMusicVolume: 0.5
16:59:10.627 [FXGL Background Thread 3 ] DEBUG Engine               - globalMusicVolumeProperty: DoubleProperty [value: 0.5]
16:59:10.627 [FXGL Background Thread 3 ] DEBUG Engine               - globalSoundVolume: 0.5
16:59:10.627 [FXGL Background Thread 3 ] DEBUG Engine               - globalSoundVolumeProperty: DoubleProperty [value: 0.5]
16:59:10.627 [FXGL Background Thread 3 ] DEBUG Engine               - height: 720
16:59:10.627 [FXGL Background Thread 3 ] DEBUG Engine               - is3D: false
16:59:10.627 [FXGL Background Thread 3 ] DEBUG Engine               - isAndroid: false
16:59:10.627 [FXGL Background Thread 3 ] DEBUG Engine               - isBrowser: false
16:59:10.627 [FXGL Background Thread 3 ] DEBUG Engine               - isClickFeedbackEnabled: false
16:59:10.627 [FXGL Background Thread 3 ] DEBUG Engine               - isCloseConfirmation: false
16:59:10.627 [FXGL Background Thread 3 ] DEBUG Engine               - isDesktop: true
16:59:10.627 [FXGL Background Thread 3 ] DEBUG Engine               - isDeveloperMenuEnabled: true
16:59:10.627 [FXGL Background Thread 3 ] DEBUG Engine               - isEmbedded: false
16:59:10.627 [FXGL Background Thread 3 ] DEBUG Engine               - isEntityPreloadEnabled: true
16:59:10.627 [FXGL Background Thread 3 ] DEBUG Engine               - isExperimentalTiledLargeMap: false
16:59:10.627 [FXGL Background Thread 3 ] DEBUG Engine               - isFileSystemWriteAllowed: true
16:59:10.627 [FXGL Background Thread 3 ] DEBUG Engine               - isFullScreenAllowed: false
16:59:10.628 [FXGL Background Thread 3 ] DEBUG Engine               - isFullScreenFromStart: false
16:59:10.628 [FXGL Background Thread 3 ] DEBUG Engine               - isGameMenuEnabled: true
16:59:10.628 [FXGL Background Thread 3 ] DEBUG Engine               - isIOS: false
16:59:10.628 [FXGL Background Thread 3 ] DEBUG Engine               - isIntroEnabled: false
16:59:10.628 [FXGL Background Thread 3 ] DEBUG Engine               - isLinux: false
16:59:10.628 [FXGL Background Thread 3 ] DEBUG Engine               - isMac: false
16:59:10.628 [FXGL Background Thread 3 ] DEBUG Engine               - isMainMenuEnabled: false
16:59:10.628 [FXGL Background Thread 3 ] DEBUG Engine               - isManualResizeEnabled: false
16:59:10.628 [FXGL Background Thread 3 ] DEBUG Engine               - isMobile: false
16:59:10.628 [FXGL Background Thread 3 ] DEBUG Engine               - isNative: false
16:59:10.628 [FXGL Background Thread 3 ] DEBUG Engine               - isPauseMusicWhenMinimized: true
16:59:10.628 [FXGL Background Thread 3 ] DEBUG Engine               - isPreserveResizeRatio: false
16:59:10.628 [FXGL Background Thread 3 ] DEBUG Engine               - isProfilingEnabled: false
16:59:10.628 [FXGL Background Thread 3 ] DEBUG Engine               - isScaleAffectedOnResize: true
16:59:10.628 [FXGL Background Thread 3 ] DEBUG Engine               - isSingleStep: false
16:59:10.628 [FXGL Background Thread 3 ] DEBUG Engine               - isUserProfileEnabled: false
16:59:10.628 [FXGL Background Thread 3 ] DEBUG Engine               - isWindows: true
16:59:10.628 [FXGL Background Thread 3 ] DEBUG Engine               - language: ObjectProperty [value: ENGLISH]
16:59:10.628 [FXGL Background Thread 3 ] DEBUG Engine               - menuKey: ESCAPE
16:59:10.629 [FXGL Background Thread 3 ] DEBUG Engine               - mouseSensitivity: 0.2
16:59:10.629 [FXGL Background Thread 3 ] DEBUG Engine               - notificationViewClass: class com.almasb.fxgl.notification.view.XboxNotificationView
16:59:10.629 [FXGL Background Thread 3 ] DEBUG Engine               - pixelsPerMeter: 50.0
16:59:10.629 [FXGL Background Thread 3 ] DEBUG Engine               - platform: WINDOWS
16:59:10.629 [FXGL Background Thread 3 ] DEBUG Engine               - prefHeightProperty: ReadOnlyDoubleProperty [value: 720.0]
16:59:10.629 [FXGL Background Thread 3 ] DEBUG Engine               - prefWidthProperty: ReadOnlyDoubleProperty [value: 1280.0]
16:59:10.629 [FXGL Background Thread 3 ] DEBUG Engine               - profileDir: profiles/
16:59:10.629 [FXGL Background Thread 3 ] DEBUG Engine               - profileName: StringProperty [value: DEFAULT]
16:59:10.629 [FXGL Background Thread 3 ] DEBUG Engine               - randomSeed: -1
16:59:10.629 [FXGL Background Thread 3 ] DEBUG Engine               - runtimeInfo: RuntimeInfo(platform=WINDOWS, version=21, build=28.12.2023 13.35)
16:59:10.629 [FXGL Background Thread 3 ] DEBUG Engine               - saveFileExt: sav
16:59:10.629 [FXGL Background Thread 3 ] DEBUG Engine               - scaledHeightProp$fxgl: DoubleProperty [bound, value: 720.0]
16:59:10.629 [FXGL Background Thread 3 ] DEBUG Engine               - scaledWidthProp$fxgl: DoubleProperty [bound, value: 1280.0]
16:59:10.629 [FXGL Background Thread 3 ] DEBUG Engine               - sceneFactory: com.almasb.fxgl.app.scene.SceneFactory@31bcca3f
16:59:10.629 [FXGL Background Thread 3 ] DEBUG Engine               - secondsIn24h: 60
16:59:10.629 [FXGL Background Thread 3 ] DEBUG Engine               - soundMenuBack: menu/back.wav
16:59:10.629 [FXGL Background Thread 3 ] DEBUG Engine               - soundMenuPress: menu/press.wav
16:59:10.630 [FXGL Background Thread 3 ] DEBUG Engine               - soundMenuSelect: menu/select.wav
16:59:10.630 [FXGL Background Thread 3 ] DEBUG Engine               - soundNotification: core/notification.wav
16:59:10.630 [FXGL Background Thread 3 ] DEBUG Engine               - stageStyle: DECORATED
16:59:10.630 [FXGL Background Thread 3 ] DEBUG Engine               - supportedLanguages: [ENGLISH, FRENCH, GERMAN, HUNGARIAN, RUSSIAN]
16:59:10.630 [FXGL Background Thread 3 ] DEBUG Engine               - ticksPerSecond: -1
16:59:10.630 [FXGL Background Thread 3 ] DEBUG Engine               - title: Suika FXGL
16:59:10.630 [FXGL Background Thread 3 ] DEBUG Engine               - urlGithub: https://github.com/AlmasB/FXGL
16:59:10.630 [FXGL Background Thread 3 ] DEBUG Engine               - urlLeaderboard: http://fxgl-top.herokuapp.com/
16:59:10.630 [FXGL Background Thread 3 ] DEBUG Engine               - urlPOM: https://raw.githubusercontent.com/AlmasB/FXGL/release/README.md
16:59:10.630 [FXGL Background Thread 3 ] DEBUG Engine               - userAppClass: class com.lucenstuff.fxglgames.suikagame.SuikaGame
16:59:10.630 [FXGL Background Thread 3 ] DEBUG Engine               - version: 0.1
16:59:10.630 [FXGL Background Thread 3 ] DEBUG Engine               - versionCheckDays: 7
16:59:10.630 [FXGL Background Thread 3 ] DEBUG Engine               - width: 1280
16:59:10.630 [FXGL Background Thread 3 ] DEBUG Engine               - Logging services
16:59:10.630 [FXGL Background Thread 3 ] DEBUG Engine               - class com.almasb.fxgl.app.services.FXGLAssetLoaderService
16:59:10.630 [FXGL Background Thread 3 ] DEBUG Engine               - class com.almasb.fxgl.app.FXGLApplication$GameApplicationService
16:59:10.630 [FXGL Background Thread 3 ] DEBUG Engine               - class com.almasb.fxgl.app.services.FXGLDialogService
16:59:10.630 [FXGL Background Thread 3 ] DEBUG Engine               - class com.almasb.fxgl.app.services.IOTaskExecutorService
16:59:10.630 [FXGL Background Thread 3 ] DEBUG Engine               - class com.almasb.fxgl.io.FileSystemService
16:59:10.630 [FXGL Background Thread 3 ] DEBUG Engine               - class com.almasb.fxgl.localization.LocalizationService
16:59:10.630 [FXGL Background Thread 3 ] DEBUG Engine               - class com.almasb.fxgl.app.services.SystemBundleService
16:59:10.631 [FXGL Background Thread 3 ] DEBUG Engine               - class com.almasb.fxgl.profile.SaveLoadService
16:59:10.631 [FXGL Background Thread 3 ] DEBUG Engine               - class com.almasb.fxgl.ui.FXGLUIFactoryServiceProvider
16:59:10.631 [FXGL Background Thread 3 ] DEBUG Engine               - class com.almasb.fxgl.ui.FXGLDialogFactoryServiceProvider
16:59:10.631 [FXGL Background Thread 3 ] DEBUG Engine               - class com.almasb.fxgl.audio.AudioPlayer
16:59:10.631 [FXGL Background Thread 3 ] DEBUG Engine               - class com.almasb.fxgl.notification.impl.NotificationServiceProvider
16:59:10.631 [FXGL Background Thread 3 ] DEBUG Engine               - class com.almasb.fxgl.achievement.AchievementService
16:59:10.631 [FXGL Background Thread 3 ] DEBUG Engine               - class com.almasb.fxgl.cutscene.CutsceneService
16:59:10.631 [FXGL Background Thread 3 ] DEBUG Engine               - class com.almasb.fxgl.minigames.MiniGameService
16:59:10.631 [FXGL Background Thread 3 ] DEBUG Engine               - class com.almasb.fxgl.net.NetService
16:59:10.631 [FXGL Background Thread 3 ] DEBUG Engine               - class com.almasb.fxgl.app.services.UpdaterService
16:59:10.631 [FXGL Background Thread 3 ] DEBUG Engine               - class com.almasb.fxgl.dev.DevService
16:59:12.772 [JavaFX Application Thread] DEBUG FXGLApplication      - Exiting FXGL
16:59:12.773 [JavaFX Application Thread] DEBUG Async                - Shutting down background threads
16:59:12.773 [JavaFX Application Thread] DEBUG PrimaryStageWindow   - Closing main window
16:59:12.780 [JavaFX Application Thread] DEBUG Logger               - Closing Logger
