13:51:24.881 [main                     ] DEBUG Logger               - Configured Logger
13:51:24.902 [main                     ] DEBUG GameApplication      - Logging settings
Title: Suika FXGL
Version: 0.1
Width: 1280
Height: 720
Fullscreen: false
Intro: false
Profiling: false
Single step:false
App Mode: DEVELOPER
Menu Key: ESCAPE
Stage Style: DECORATED
Scene Factory: class com.almasb.fxgl.app.scene.SceneFactory

13:51:25.414 [JavaFX Application Thread] DEBUG FXGLApplication      - Initializing FXGL
13:51:25.418 [JavaFX Application Thread] INFO  Engine               - FXGL-21 (28.12.2023 13.35) on WINDOWS (J:21.0.2 FX:21.0.1)
13:51:25.418 [JavaFX Application Thread] DEBUG Engine               - JRE Vendor Name: Oracle Corporation
13:51:25.418 [JavaFX Application Thread] DEBUG Engine               - Running on OS: Windows 10 version 10.0
13:51:25.418 [JavaFX Application Thread] DEBUG Engine               - Architecture: amd64
13:51:25.419 [JavaFX Application Thread] INFO  Engine               - Source code and latest versions at: https://github.com/AlmasB/FXGL
13:51:25.419 [JavaFX Application Thread] INFO  Engine               -       Ask questions and discuss at: https://github.com/AlmasB/FXGL/discussions
13:51:25.419 [JavaFX Application Thread] INFO  Engine               -              Join the FXGL chat at: https://gitter.im/AlmasB/FXGL
13:51:25.516 [JavaFX Application Thread] DEBUG PrimaryStageWindow   - Creating a JavaFX scene
13:51:25.562 [JavaFX Application Thread] DEBUG PrimaryStageWindow   - Target settings size: 1280.0 x 720.0
13:51:25.562 [JavaFX Application Thread] DEBUG PrimaryStageWindow   - Scaled scene size:    1280.0 x 720.0
13:51:25.563 [JavaFX Application Thread] DEBUG PrimaryStageWindow   - Scaled ratio: (1.0, 1.0)
13:51:25.564 [JavaFX Application Thread] DEBUG PrimaryStageWindow   - Set initial scene to FXGLStartupScene
13:51:25.567 [JavaFX Application Thread] DEBUG PrimaryStageWindow   - Opening main window
13:51:25.641 [JavaFX Application Thread] DEBUG PrimaryStageWindow   - Window border size: (16.0, 39.0)
13:51:25.642 [JavaFX Application Thread] DEBUG PrimaryStageWindow   - Scaled size: 1280.0 x 720.0
13:51:25.642 [JavaFX Application Thread] DEBUG PrimaryStageWindow   - Scaled ratio: (1.0, 1.0)
13:51:25.642 [JavaFX Application Thread] DEBUG PrimaryStageWindow   - Scene size: 1280.0 x 720.0
13:51:25.642 [JavaFX Application Thread] DEBUG PrimaryStageWindow   - Stage size: 1296.0 x 759.0
13:51:25.648 [FXGL Background Thread 1 ] DEBUG Engine               - Initializing environment variables
13:51:25.695 [FXGL Background Thread 1 ] DEBUG FXGLAssetLoaderServi - User app class for loading assets: class com.lucenstuff.fxglgames.suikagame.SuikaGame
13:51:25.695 [FXGL Background Thread 1 ] DEBUG GameApplicationServi - Applying CSS: fxgl_dark.css
13:51:25.696 [FXGL Background Thread 1 ] DEBUG FXGLAssetLoaderServi - Loading from file system: jar:file:/C:/Users/Fabrizio/.m2/repository/com/github/almasb/fxgl/21/fxgl-21.jar!/fxglassets/ui/css/fxgl_dark.css
13:51:25.733 [FXGL Background Thread 1 ] DEBUG GameApplicationServi - Initializing application scenes
13:51:25.764 [FXGL Background Thread 1 ] DEBUG GameWorld            - Game world initialized
13:51:25.824 [FXGL Background Thread 1 ] DEBUG PhysicsWorld         - Physics world initialized: appHeight=720, physics.ppm=50,0
13:51:25.824 [FXGL Background Thread 1 ] DEBUG PhysicsWorld         - Using strategy: BRUTE_FORCE
13:51:25.828 [FXGL Background Thread 1 ] DEBUG GameScene            - Game scene initialized: 1280x720
13:51:25.839 [FXGL Background Thread 1 ] DEBUG FXGL.DefaultMenu     - createMenuBodyGameMenu()
13:51:25.851 [FXGL Background Thread 1 ] DEBUG FXGL.DefaultMenu     - createOptionsMenu()
13:51:25.860 [FXGL Background Thread 1 ] DEBUG FXGLAssetLoaderServi - Loading from file system: jar:file:/C:/Users/Fabrizio/.m2/repository/com/github/almasb/fxgl/21/fxgl-21.jar!/fxglassets/textures/particles/smoke.png
13:51:25.950 [FXGL Background Thread 1 ] DEBUG FXGLAssetLoaderServi - Loading from file system: jar:file:/C:/Users/Fabrizio/.m2/repository/com/github/almasb/fxgl/21/fxgl-21.jar!/fxglassets/textures/particles/trace_horizontal.png
13:51:25.974 [FXGL Background Thread 1 ] DEBUG GameApplicationServi - Application scenes initialized
13:51:25.984 [FXGL Background Thread 1 ] DEBUG SystemBundleService  - Loading FXGL system data
13:51:25.992 [FXGL Background Thread 1 ] DEBUG FileSystemAccess     - Reading from: D:\Intellij\Project\system\fxgl.bundle
13:51:26.000 [FXGL Background Thread 1 ] DEBUG SystemBundleService  - Bundle FXGL: {}
13:51:26.000 [FXGL Background Thread 1 ] DEBUG UpdaterService       - Checking for updates
13:51:26.025 [FXGL Background Thread 4 ] DEBUG FXGLApplication      - Loading fonts
13:51:26.026 [FXGL Background Thread 4 ] DEBUG FXGLAssetLoaderServi - Loading from file system: jar:file:/C:/Users/Fabrizio/.m2/repository/com/github/almasb/fxgl/21/fxgl-21.jar!/fxglassets/ui/fonts/VarelaRound-Regular.ttf
13:51:26.026 [FXGL Background Thread 1 ] DEBUG FXGLApplication      - Loading default localization
13:51:26.027 [FXGL Background Thread 1 ] DEBUG FXGLAssetLoaderServi - Loading from file system: jar:file:/C:/Users/Fabrizio/.m2/repository/com/github/almasb/fxgl/21/fxgl-21.jar!/fxglassets/languages/english.lang
13:51:26.040 [FXGL Background Thread 1 ] INFO  FXGLApplication      - FXGL initialization took: 0,392 sec
13:51:26.041 [JavaFX Application Thread] DEBUG FXGLAssetLoaderServi - Loading from file system: file:/D:/Intellij/Project/target/classes/assets/textures/watermelon_view.png
13:51:26.054 [JavaFX Application Thread] DEBUG FXGLAssetLoaderServi - Loading from file system: jar:file:/C:/Users/Fabrizio/.m2/repository/com/github/almasb/fxgl/21/fxgl-21.jar!/fxglassets/textures/fxgl_default_cursor.png
13:51:26.057 [FXGL Background Thread 4 ] DEBUG FXGLAssetLoaderServi - Loading from file system: jar:file:/C:/Users/Fabrizio/.m2/repository/com/github/almasb/fxgl/21/fxgl-21.jar!/fxglassets/ui/fonts/Abel-Regular.ttf
13:51:26.065 [FXGL Background Thread 4 ] DEBUG FXGLAssetLoaderServi - Loading from file system: jar:file:/C:/Users/Fabrizio/.m2/repository/com/github/almasb/fxgl/21/fxgl-21.jar!/fxglassets/ui/fonts/TerminalLandMono-Regular.otf
13:51:26.066 [JavaFX Application Thread] DEBUG Input                - Registered new binding: Screenshot - CTRL+8
13:51:26.066 [JavaFX Application Thread] DEBUG Input                - Registered new binding: Dev Options - 1
13:51:26.066 [JavaFX Application Thread] DEBUG Input                - Registered new binding: Dev Console - 2
13:51:26.066 [JavaFX Application Thread] DEBUG Input                - Registered new binding: System info dump - CTRL+9
13:51:26.067 [JavaFX Application Thread] DEBUG Input                - Registered new binding: Restart - CTRL+R
13:51:26.067 [JavaFX Application Thread] DEBUG Input                - Registered new binding: Toggle Debug Camera - CTRL+7
13:51:26.070 [JavaFX Application Thread] DEBUG LoopRunner           - Starting loop
13:51:26.073 [FXGL Background Thread 4 ] DEBUG FXGLAssetLoaderServi - Loading from file system: jar:file:/C:/Users/Fabrizio/.m2/repository/com/github/almasb/fxgl/21/fxgl-21.jar!/fxglassets/ui/fonts/Courier-Prime.ttf
13:51:26.083 [JavaFX Application Thread] DEBUG LoopRunner           - Initializing JavaFX AnimationTimerLoop
13:51:26.084 [JavaFX Application Thread] DEBUG GameApplicationServi - Starting new game
13:51:26.085 [JavaFX Application Thread] DEBUG Input                - Clearing active input actions
13:51:26.094 [JavaFX Application Thread] DEBUG GameApplicationServi - Removing overlay from FXGLStartupScene and adding to FXGLLoadingScene
13:51:26.097 [JavaFX Application Thread] DEBUG PrimaryStageWindow   - FXGLStartupScene -> FXGLLoadingScene
13:51:26.097 [JavaFX Application Thread] DEBUG GameApplicationServi - Clearing previous game
13:51:26.097 [JavaFX Application Thread] DEBUG GameScene            - Clearing game scene
13:51:26.097 [JavaFX Application Thread] DEBUG GameWorld            - Clearing game world
13:51:26.097 [JavaFX Application Thread] DEBUG PhysicsWorld         - Clearing physics world
13:51:26.099 [FXGL Background Thread 4 ] DEBUG FXGLApplication      - Initializing game
13:51:26.126 [FXGL Background Thread 4 ] DEBUG FXGLAssetLoaderServi - Loading from file system: file:/D:/Intellij/Project/target/classes/assets/textures/background_view.png
13:51:26.150 [FXGL Background Thread 4 ] DEBUG FXGLAssetLoaderServi - Loading from file system: file:/D:/Intellij/Project/target/classes/assets/textures/container_view.png
13:51:26.163 [FXGL Background Thread 4 ] DEBUG FXGLAssetLoaderServi - Loading from file system: file:/D:/Intellij/Project/target/classes/assets/textures/ring_view.png
13:51:26.166 [FXGL Background Thread 4 ] DEBUG FXGLAssetLoaderServi - Loading from file system: file:/D:/Intellij/Project/target/classes/assets/textures/next_fruit_view.png
13:51:26.168 [FXGL Background Thread 4 ] DEBUG FXGLAssetLoaderServi - Loading from file system: file:/D:/Intellij/Project/target/classes/assets/textures/score_view.png
13:51:26.172 [FXGL Background Thread 4 ] DEBUG FXGLAssetLoaderServi - Loading from file system: file:/D:/Intellij/Project/target/classes/assets/textures/orange_view.png
13:51:26.173 [FXGL Background Thread 4 ] DEBUG FXGLAssetLoaderServi - Loading from file system: file:/D:/Intellij/Project/target/classes/assets/textures/strawberry_view.png
13:51:26.174 [FXGL Background Thread 4 ] DEBUG FXGLAssetLoaderServi - Loading from file system: file:/D:/Intellij/Project/target/classes/assets/textures/grape_view.png
13:51:26.176 [FXGL Background Thread 4 ] INFO  FXGLApplication      - Game initialization took: 0,078 sec
13:51:26.265 [JavaFX Application Thread] DEBUG FXGLApplication      - Registering font factories with UI factory
13:51:26.284 [JavaFX Application Thread] DEBUG Input                - Clearing active input actions
13:51:26.294 [JavaFX Application Thread] DEBUG GameApplicationServi - Removing overlay from FXGLLoadingScene and adding to GameScene
13:51:26.299 [JavaFX Application Thread] DEBUG PrimaryStageWindow   - FXGLLoadingScene -> GameScene
13:51:26.976 [JavaFX Application Thread] DEBUG FXGLAssetLoaderServi - Loading from file system: file:/D:/Intellij/Project/target/classes/assets/textures/cherry_view.png
13:51:26.979 [JavaFX Application Thread] DEBUG FXGLAssetLoaderServi - Loading from file system: file:/D:/Intellij/Project/target/classes/assets/sounds/fruit_drop.wav
13:51:27.717 [JavaFX Application Thread] DEBUG FXGLAssetLoaderServi - Loading from file system: file:/D:/Intellij/Project/target/classes/assets/textures/apple_view.png
13:51:29.025 [FXGL Background Thread 3 ] DEBUG Engine               - Logging environment variables
13:51:29.025 [FXGL Background Thread 3 ] DEBUG Engine               - achievements: []
13:51:29.025 [FXGL Background Thread 3 ] DEBUG Engine               - actualHeight: 720.0
13:51:29.025 [FXGL Background Thread 3 ] DEBUG Engine               - actualHeightProperty: ReadOnlyDoubleProperty [value: 720.0]
13:51:29.025 [FXGL Background Thread 3 ] DEBUG Engine               - actualWidth: 1280.0
13:51:29.025 [FXGL Background Thread 3 ] DEBUG Engine               - actualWidthProperty: ReadOnlyDoubleProperty [value: 1280.0]
13:51:29.025 [FXGL Background Thread 3 ] DEBUG Engine               - appIcon: watermelon_view.png
13:51:29.025 [FXGL Background Thread 3 ] DEBUG Engine               - applicationMode: DEVELOPER
13:51:29.026 [FXGL Background Thread 3 ] DEBUG Engine               - cSSList: [fxgl_dark.css]
13:51:29.026 [FXGL Background Thread 3 ] DEBUG Engine               - collisionDetectionStrategy: BRUTE_FORCE
13:51:29.026 [FXGL Background Thread 3 ] DEBUG Engine               - configClass: Optional.empty
13:51:29.026 [FXGL Background Thread 3 ] DEBUG Engine               - credits: []
13:51:29.026 [FXGL Background Thread 3 ] DEBUG Engine               - defaultCursor: CursorInfo(imageName=fxgl_default_cursor.png, hotspotX=7.0, hotspotY=6.0)
13:51:29.026 [FXGL Background Thread 3 ] DEBUG Engine               - devBBoxColorProperty: ObjectProperty [value: 0xff0000ff]
13:51:29.026 [FXGL Background Thread 3 ] DEBUG Engine               - devEnableDebugCameraProperty: BooleanProperty [value: false]
13:51:29.026 [FXGL Background Thread 3 ] DEBUG Engine               - devSensorColorProperty: ObjectProperty [value: 0xffff00ff]
13:51:29.026 [FXGL Background Thread 3 ] DEBUG Engine               - devShowBBoxProperty: BooleanProperty [value: false]
13:51:29.026 [FXGL Background Thread 3 ] DEBUG Engine               - devShowPositionProperty: BooleanProperty [value: false]
13:51:29.026 [FXGL Background Thread 3 ] DEBUG Engine               - enabledMenuItems: []
13:51:29.026 [FXGL Background Thread 3 ] DEBUG Engine               - engineServices: [class com.almasb.fxgl.app.services.FXGLAssetLoaderService, class com.almasb.fxgl.app.FXGLApplication$GameApplicationService, class com.almasb.fxgl.app.services.FXGLDialogService, class com.almasb.fxgl.app.services.IOTaskExecutorService, class com.almasb.fxgl.io.FileSystemService, class com.almasb.fxgl.localization.LocalizationService, class com.almasb.fxgl.app.services.SystemBundleService, class com.almasb.fxgl.profile.SaveLoadService, class com.almasb.fxgl.ui.FXGLUIFactoryServiceProvider, class com.almasb.fxgl.ui.FXGLDialogFactoryServiceProvider, class com.almasb.fxgl.audio.AudioPlayer, class com.almasb.fxgl.notification.impl.NotificationServiceProvider, class com.almasb.fxgl.achievement.AchievementService, class com.almasb.fxgl.cutscene.CutsceneService, class com.almasb.fxgl.minigames.MiniGameService, class com.almasb.fxgl.net.NetService, class com.almasb.fxgl.app.services.UpdaterService, class com.almasb.fxgl.dev.DevService]
13:51:29.026 [FXGL Background Thread 3 ] DEBUG Engine               - fontGame: Abel-Regular.ttf
13:51:29.027 [FXGL Background Thread 3 ] DEBUG Engine               - fontMono: TerminalLandMono-Regular.otf
13:51:29.027 [FXGL Background Thread 3 ] DEBUG Engine               - fontSizeScaleUI: 1.0
13:51:29.027 [FXGL Background Thread 3 ] DEBUG Engine               - fontText: Courier-Prime.ttf
13:51:29.027 [FXGL Background Thread 3 ] DEBUG Engine               - fontUI: VarelaRound-Regular.ttf
13:51:29.027 [FXGL Background Thread 3 ] DEBUG Engine               - fullScreen: BooleanProperty [value: false]
13:51:29.027 [FXGL Background Thread 3 ] DEBUG Engine               - gameDifficulty: MEDIUM
13:51:29.027 [FXGL Background Thread 3 ] DEBUG Engine               - gameDifficultyProperty: ObjectProperty [value: MEDIUM]
13:51:29.027 [FXGL Background Thread 3 ] DEBUG Engine               - globalMusicVolume: 0.5
13:51:29.027 [FXGL Background Thread 3 ] DEBUG Engine               - globalMusicVolumeProperty: DoubleProperty [value: 0.5]
13:51:29.027 [FXGL Background Thread 3 ] DEBUG Engine               - globalSoundVolume: 0.5
13:51:29.027 [FXGL Background Thread 3 ] DEBUG Engine               - globalSoundVolumeProperty: DoubleProperty [value: 0.5]
13:51:29.027 [FXGL Background Thread 3 ] DEBUG Engine               - height: 720
13:51:29.027 [FXGL Background Thread 3 ] DEBUG Engine               - is3D: false
13:51:29.027 [FXGL Background Thread 3 ] DEBUG Engine               - isAndroid: false
13:51:29.027 [FXGL Background Thread 3 ] DEBUG Engine               - isBrowser: false
13:51:29.027 [FXGL Background Thread 3 ] DEBUG Engine               - isClickFeedbackEnabled: false
13:51:29.027 [FXGL Background Thread 3 ] DEBUG Engine               - isCloseConfirmation: false
13:51:29.027 [FXGL Background Thread 3 ] DEBUG Engine               - isDesktop: true
13:51:29.028 [FXGL Background Thread 3 ] DEBUG Engine               - isDeveloperMenuEnabled: true
13:51:29.028 [FXGL Background Thread 3 ] DEBUG Engine               - isEmbedded: false
13:51:29.028 [FXGL Background Thread 3 ] DEBUG Engine               - isEntityPreloadEnabled: true
13:51:29.028 [FXGL Background Thread 3 ] DEBUG Engine               - isExperimentalTiledLargeMap: false
13:51:29.028 [FXGL Background Thread 3 ] DEBUG Engine               - isFileSystemWriteAllowed: true
13:51:29.028 [FXGL Background Thread 3 ] DEBUG Engine               - isFullScreenAllowed: false
13:51:29.028 [FXGL Background Thread 3 ] DEBUG Engine               - isFullScreenFromStart: false
13:51:29.028 [FXGL Background Thread 3 ] DEBUG Engine               - isGameMenuEnabled: true
13:51:29.028 [FXGL Background Thread 3 ] DEBUG Engine               - isIOS: false
13:51:29.028 [FXGL Background Thread 3 ] DEBUG Engine               - isIntroEnabled: false
13:51:29.028 [FXGL Background Thread 3 ] DEBUG Engine               - isLinux: false
13:51:29.028 [FXGL Background Thread 3 ] DEBUG Engine               - isMac: false
13:51:29.028 [FXGL Background Thread 3 ] DEBUG Engine               - isMainMenuEnabled: false
13:51:29.028 [FXGL Background Thread 3 ] DEBUG Engine               - isManualResizeEnabled: false
13:51:29.028 [FXGL Background Thread 3 ] DEBUG Engine               - isMobile: false
13:51:29.028 [FXGL Background Thread 3 ] DEBUG Engine               - isNative: false
13:51:29.029 [FXGL Background Thread 3 ] DEBUG Engine               - isPauseMusicWhenMinimized: true
13:51:29.029 [FXGL Background Thread 3 ] DEBUG Engine               - isPreserveResizeRatio: false
13:51:29.029 [FXGL Background Thread 3 ] DEBUG Engine               - isProfilingEnabled: false
13:51:29.029 [FXGL Background Thread 3 ] DEBUG Engine               - isScaleAffectedOnResize: true
13:51:29.029 [FXGL Background Thread 3 ] DEBUG Engine               - isSingleStep: false
13:51:29.029 [FXGL Background Thread 3 ] DEBUG Engine               - isUserProfileEnabled: false
13:51:29.029 [FXGL Background Thread 3 ] DEBUG Engine               - isWindows: true
13:51:29.029 [FXGL Background Thread 3 ] DEBUG Engine               - language: ObjectProperty [value: ENGLISH]
13:51:29.029 [FXGL Background Thread 3 ] DEBUG Engine               - menuKey: ESCAPE
13:51:29.029 [FXGL Background Thread 3 ] DEBUG Engine               - mouseSensitivity: 0.2
13:51:29.029 [FXGL Background Thread 3 ] DEBUG Engine               - notificationViewClass: class com.almasb.fxgl.notification.view.XboxNotificationView
13:51:29.029 [FXGL Background Thread 3 ] DEBUG Engine               - pixelsPerMeter: 50.0
13:51:29.029 [FXGL Background Thread 3 ] DEBUG Engine               - platform: WINDOWS
13:51:29.029 [FXGL Background Thread 3 ] DEBUG Engine               - prefHeightProperty: ReadOnlyDoubleProperty [value: 720.0]
13:51:29.029 [FXGL Background Thread 3 ] DEBUG Engine               - prefWidthProperty: ReadOnlyDoubleProperty [value: 1280.0]
13:51:29.029 [FXGL Background Thread 3 ] DEBUG Engine               - profileDir: profiles/
13:51:29.029 [FXGL Background Thread 3 ] DEBUG Engine               - profileName: StringProperty [value: DEFAULT]
13:51:29.029 [FXGL Background Thread 3 ] DEBUG Engine               - randomSeed: -1
13:51:29.029 [FXGL Background Thread 3 ] DEBUG Engine               - runtimeInfo: RuntimeInfo(platform=WINDOWS, version=21, build=28.12.2023 13.35)
13:51:29.030 [FXGL Background Thread 3 ] DEBUG Engine               - saveFileExt: sav
13:51:29.030 [FXGL Background Thread 3 ] DEBUG Engine               - scaledHeightProp$fxgl: DoubleProperty [bound, value: 720.0]
13:51:29.030 [FXGL Background Thread 3 ] DEBUG Engine               - scaledWidthProp$fxgl: DoubleProperty [bound, value: 1280.0]
13:51:29.030 [FXGL Background Thread 3 ] DEBUG Engine               - sceneFactory: com.almasb.fxgl.app.scene.SceneFactory@3dc1188d
13:51:29.030 [FXGL Background Thread 3 ] DEBUG Engine               - secondsIn24h: 60
13:51:29.030 [FXGL Background Thread 3 ] DEBUG Engine               - soundMenuBack: menu/back.wav
13:51:29.030 [FXGL Background Thread 3 ] DEBUG Engine               - soundMenuPress: menu/press.wav
13:51:29.030 [FXGL Background Thread 3 ] DEBUG Engine               - soundMenuSelect: menu/select.wav
13:51:29.030 [FXGL Background Thread 3 ] DEBUG Engine               - soundNotification: core/notification.wav
13:51:29.030 [FXGL Background Thread 3 ] DEBUG Engine               - stageStyle: DECORATED
13:51:29.030 [FXGL Background Thread 3 ] DEBUG Engine               - supportedLanguages: [ENGLISH, FRENCH, GERMAN, HUNGARIAN, RUSSIAN]
13:51:29.030 [FXGL Background Thread 3 ] DEBUG Engine               - ticksPerSecond: -1
13:51:29.031 [FXGL Background Thread 3 ] DEBUG Engine               - title: Suika FXGL
13:51:29.031 [FXGL Background Thread 3 ] DEBUG Engine               - urlGithub: https://github.com/AlmasB/FXGL
13:51:29.031 [FXGL Background Thread 3 ] DEBUG Engine               - urlLeaderboard: http://fxgl-top.herokuapp.com/
13:51:29.031 [FXGL Background Thread 3 ] DEBUG Engine               - urlPOM: https://raw.githubusercontent.com/AlmasB/FXGL/release/README.md
13:51:29.031 [FXGL Background Thread 3 ] DEBUG Engine               - userAppClass: class com.lucenstuff.fxglgames.suikagame.SuikaGame
13:51:29.031 [FXGL Background Thread 3 ] DEBUG Engine               - version: 0.1
13:51:29.031 [FXGL Background Thread 3 ] DEBUG Engine               - versionCheckDays: 7
13:51:29.031 [FXGL Background Thread 3 ] DEBUG Engine               - width: 1280
13:51:29.031 [FXGL Background Thread 3 ] DEBUG Engine               - Logging services
13:51:29.031 [FXGL Background Thread 3 ] DEBUG Engine               - class com.almasb.fxgl.app.services.FXGLAssetLoaderService
13:51:29.031 [FXGL Background Thread 3 ] DEBUG Engine               - class com.almasb.fxgl.app.FXGLApplication$GameApplicationService
13:51:29.031 [FXGL Background Thread 3 ] DEBUG Engine               - class com.almasb.fxgl.app.services.FXGLDialogService
13:51:29.031 [FXGL Background Thread 3 ] DEBUG Engine               - class com.almasb.fxgl.app.services.IOTaskExecutorService
13:51:29.031 [FXGL Background Thread 3 ] DEBUG Engine               - class com.almasb.fxgl.io.FileSystemService
13:51:29.031 [FXGL Background Thread 3 ] DEBUG Engine               - class com.almasb.fxgl.localization.LocalizationService
13:51:29.031 [FXGL Background Thread 3 ] DEBUG Engine               - class com.almasb.fxgl.app.services.SystemBundleService
13:51:29.031 [FXGL Background Thread 3 ] DEBUG Engine               - class com.almasb.fxgl.profile.SaveLoadService
13:51:29.031 [FXGL Background Thread 3 ] DEBUG Engine               - class com.almasb.fxgl.ui.FXGLUIFactoryServiceProvider
13:51:29.031 [FXGL Background Thread 3 ] DEBUG Engine               - class com.almasb.fxgl.ui.FXGLDialogFactoryServiceProvider
13:51:29.031 [FXGL Background Thread 3 ] DEBUG Engine               - class com.almasb.fxgl.audio.AudioPlayer
13:51:29.031 [FXGL Background Thread 3 ] DEBUG Engine               - class com.almasb.fxgl.notification.impl.NotificationServiceProvider
13:51:29.031 [FXGL Background Thread 3 ] DEBUG Engine               - class com.almasb.fxgl.achievement.AchievementService
13:51:29.032 [FXGL Background Thread 3 ] DEBUG Engine               - class com.almasb.fxgl.cutscene.CutsceneService
13:51:29.032 [FXGL Background Thread 3 ] DEBUG Engine               - class com.almasb.fxgl.minigames.MiniGameService
13:51:29.032 [FXGL Background Thread 3 ] DEBUG Engine               - class com.almasb.fxgl.net.NetService
13:51:29.032 [FXGL Background Thread 3 ] DEBUG Engine               - class com.almasb.fxgl.app.services.UpdaterService
13:51:29.032 [FXGL Background Thread 3 ] DEBUG Engine               - class com.almasb.fxgl.dev.DevService
13:51:29.461 [JavaFX Application Thread] DEBUG FXGLAssetLoaderServi - Loading from file system: file:/D:/Intellij/Project/target/classes/assets/textures/lemon_view.png
13:51:30.376 [JavaFX Application Thread] DEBUG FXGLAssetLoaderServi - Loading from file system: file:/D:/Intellij/Project/target/classes/assets/sounds/fruit_merge.wav
13:51:32.032 [JavaFX Application Thread] DEBUG FXGLAssetLoaderServi - Loading from file system: file:/D:/Intellij/Project/target/classes/assets/textures/pear_view.png
13:51:38.111 [JavaFX Application Thread] DEBUG FXGLApplication      - Exiting FXGL
13:51:38.112 [JavaFX Application Thread] DEBUG LoopRunner           - Stopping loop
13:51:38.112 [JavaFX Application Thread] DEBUG SystemBundleService  - Saving FXGL system data
13:51:38.113 [JavaFX Application Thread] DEBUG FileSystemAccess     - Writing to: D:\Intellij\Project\system\fxgl.bundle
13:51:38.115 [JavaFX Application Thread] DEBUG Async                - Shutting down background threads
13:51:38.115 [JavaFX Application Thread] DEBUG PrimaryStageWindow   - Closing main window
13:51:38.124 [JavaFX Application Thread] DEBUG Logger               - Closing Logger
