12:26:58.957 [main                     ] DEBUG Logger               - Configured Logger
12:26:58.987 [main                     ] DEBUG GameApplication      - Logging settings
Title: Suika FXGL
Version: 0.1
Width: 1280
Height: 720
Fullscreen: false
Intro: false
Profiling: false
Single step:false
App Mode: DEVELOPER
Menu Key: ESCAPE
Stage Style: DECORATED
Scene Factory: class com.almasb.fxgl.app.scene.SceneFactory

12:26:59.508 [JavaFX Application Thread] DEBUG FXGLApplication      - Initializing FXGL
12:26:59.513 [JavaFX Application Thread] INFO  Engine               - FXGL-21 (28.12.2023 13.35) on WINDOWS (J:21.0.2 FX:21.0.1)
12:26:59.513 [JavaFX Application Thread] DEBUG Engine               - JRE Vendor Name: Oracle Corporation
12:26:59.513 [JavaFX Application Thread] DEBUG Engine               - Running on OS: Windows 10 version 10.0
12:26:59.513 [JavaFX Application Thread] DEBUG Engine               - Architecture: amd64
12:26:59.513 [JavaFX Application Thread] INFO  Engine               - Source code and latest versions at: https://github.com/AlmasB/FXGL
12:26:59.514 [JavaFX Application Thread] INFO  Engine               -       Ask questions and discuss at: https://github.com/AlmasB/FXGL/discussions
12:26:59.514 [JavaFX Application Thread] INFO  Engine               -              Join the FXGL chat at: https://gitter.im/AlmasB/FXGL
12:26:59.656 [JavaFX Application Thread] DEBUG PrimaryStageWindow   - Creating a JavaFX scene
12:26:59.719 [JavaFX Application Thread] DEBUG PrimaryStageWindow   - Target settings size: 1280.0 x 720.0
12:26:59.720 [JavaFX Application Thread] DEBUG PrimaryStageWindow   - Scaled scene size:    1280.0 x 720.0
12:26:59.720 [JavaFX Application Thread] DEBUG PrimaryStageWindow   - Scaled ratio: (1.0, 1.0)
12:26:59.721 [JavaFX Application Thread] DEBUG PrimaryStageWindow   - Set initial scene to FXGLStartupScene
12:26:59.727 [JavaFX Application Thread] DEBUG PrimaryStageWindow   - Opening main window
12:26:59.832 [JavaFX Application Thread] DEBUG PrimaryStageWindow   - Window border size: (16.0, 39.0)
12:26:59.832 [JavaFX Application Thread] DEBUG PrimaryStageWindow   - Scaled size: 1280.0 x 720.0
12:26:59.832 [JavaFX Application Thread] DEBUG PrimaryStageWindow   - Scaled ratio: (1.0, 1.0)
12:26:59.833 [JavaFX Application Thread] DEBUG PrimaryStageWindow   - Scene size: 1280.0 x 720.0
12:26:59.833 [JavaFX Application Thread] DEBUG PrimaryStageWindow   - Stage size: 1296.0 x 759.0
12:26:59.843 [FXGL Background Thread 1 ] DEBUG Engine               - Initializing environment variables
12:26:59.924 [FXGL Background Thread 1 ] DEBUG FXGLAssetLoaderServi - User app class for loading assets: class com.lucenstuff.fxglgames.suikagame.SuikaGame
12:26:59.924 [FXGL Background Thread 1 ] DEBUG GameApplicationServi - Applying CSS: fxgl_dark.css
12:26:59.925 [FXGL Background Thread 1 ] DEBUG FXGLAssetLoaderServi - Loading from file system: jar:file:/C:/Users/agust/.m2/repository/com/github/almasb/fxgl/21/fxgl-21.jar!/fxglassets/ui/css/fxgl_dark.css
12:26:59.993 [FXGL Background Thread 1 ] DEBUG GameApplicationServi - Initializing application scenes
12:27:00.101 [FXGL Background Thread 1 ] DEBUG GameWorld            - Game world initialized
12:27:00.171 [FXGL Background Thread 1 ] DEBUG PhysicsWorld         - Physics world initialized: appHeight=720, physics.ppm=50,0
12:27:00.172 [FXGL Background Thread 1 ] DEBUG PhysicsWorld         - Using strategy: BRUTE_FORCE
12:27:00.175 [FXGL Background Thread 1 ] DEBUG GameScene            - Game scene initialized: 1280x720
12:27:00.189 [FXGL Background Thread 1 ] DEBUG FXGL.DefaultMenu     - createMenuBodyGameMenu()
12:27:00.207 [FXGL Background Thread 1 ] DEBUG FXGL.DefaultMenu     - createOptionsMenu()
12:27:00.219 [FXGL Background Thread 1 ] DEBUG FXGLAssetLoaderServi - Loading from file system: jar:file:/C:/Users/agust/.m2/repository/com/github/almasb/fxgl/21/fxgl-21.jar!/fxglassets/textures/particles/smoke.png
12:27:00.327 [FXGL Background Thread 1 ] DEBUG FXGLAssetLoaderServi - Loading from file system: jar:file:/C:/Users/agust/.m2/repository/com/github/almasb/fxgl/21/fxgl-21.jar!/fxglassets/textures/particles/trace_horizontal.png
12:27:00.372 [FXGL Background Thread 1 ] DEBUG GameApplicationServi - Application scenes initialized
12:27:00.391 [FXGL Background Thread 1 ] DEBUG SystemBundleService  - Loading FXGL system data
12:27:00.395 [FXGL Background Thread 1 ] DEBUG FileSystemAccess     - Reading from: D:\Programación\JAVA\SuikaGame\system\fxgl.bundle
12:27:00.407 [FXGL Background Thread 1 ] DEBUG SystemBundleService  - Bundle FXGL: {}
12:27:00.407 [FXGL Background Thread 1 ] DEBUG UpdaterService       - Checking for updates
12:27:00.452 [FXGL Background Thread 1 ] DEBUG FXGLApplication      - Loading default localization
12:27:00.452 [FXGL Background Thread 4 ] DEBUG FXGLApplication      - Loading fonts
12:27:00.452 [FXGL Background Thread 1 ] DEBUG FXGLAssetLoaderServi - Loading from file system: jar:file:/C:/Users/agust/.m2/repository/com/github/almasb/fxgl/21/fxgl-21.jar!/fxglassets/languages/english.lang
12:27:00.452 [FXGL Background Thread 4 ] DEBUG FXGLAssetLoaderServi - Loading from file system: jar:file:/C:/Users/agust/.m2/repository/com/github/almasb/fxgl/21/fxgl-21.jar!/fxglassets/ui/fonts/VarelaRound-Regular.ttf
12:27:00.512 [FXGL Background Thread 1 ] INFO  FXGLApplication      - FXGL initialization took: 0,670 sec
12:27:00.515 [JavaFX Application Thread] DEBUG FXGLAssetLoaderServi - Loading from file system: jar:file:/C:/Users/agust/.m2/repository/com/github/almasb/fxgl/21/fxgl-21.jar!/fxglassets/textures/fxgl_icon.png
12:27:00.532 [JavaFX Application Thread] DEBUG FXGLAssetLoaderServi - Loading from file system: jar:file:/C:/Users/agust/.m2/repository/com/github/almasb/fxgl/21/fxgl-21.jar!/fxglassets/textures/fxgl_default_cursor.png
12:27:00.544 [JavaFX Application Thread] DEBUG Input                - Registered new binding: Screenshot - CTRL+8
12:27:00.544 [JavaFX Application Thread] DEBUG Input                - Registered new binding: Dev Options - 1
12:27:00.545 [JavaFX Application Thread] DEBUG Input                - Registered new binding: Dev Console - 2
12:27:00.545 [JavaFX Application Thread] DEBUG Input                - Registered new binding: System info dump - CTRL+9
12:27:00.546 [JavaFX Application Thread] DEBUG Input                - Registered new binding: Restart - CTRL+R
12:27:00.546 [JavaFX Application Thread] DEBUG Input                - Registered new binding: Toggle Debug Camera - CTRL+7
12:27:00.552 [JavaFX Application Thread] DEBUG LoopRunner           - Starting loop
12:27:00.626 [FXGL Background Thread 4 ] DEBUG FXGLAssetLoaderServi - Loading from file system: jar:file:/C:/Users/agust/.m2/repository/com/github/almasb/fxgl/21/fxgl-21.jar!/fxglassets/ui/fonts/Abel-Regular.ttf
12:27:00.629 [JavaFX Application Thread] DEBUG LoopRunner           - Initializing JavaFX AnimationTimerLoop
12:27:00.630 [JavaFX Application Thread] DEBUG GameApplicationServi - Starting new game
12:27:00.631 [JavaFX Application Thread] DEBUG Input                - Clearing active input actions
12:27:00.643 [JavaFX Application Thread] DEBUG GameApplicationServi - Removing overlay from FXGLStartupScene and adding to FXGLLoadingScene
12:27:00.646 [JavaFX Application Thread] DEBUG PrimaryStageWindow   - FXGLStartupScene -> FXGLLoadingScene
12:27:00.646 [JavaFX Application Thread] DEBUG GameApplicationServi - Clearing previous game
12:27:00.646 [JavaFX Application Thread] DEBUG GameScene            - Clearing game scene
12:27:00.646 [JavaFX Application Thread] DEBUG GameWorld            - Clearing game world
12:27:00.647 [JavaFX Application Thread] DEBUG PhysicsWorld         - Clearing physics world
12:27:00.648 [FXGL Background Thread 1 ] DEBUG FXGLApplication      - Initializing game
12:27:00.662 [FXGL Background Thread 1 ] DEBUG FXGLAssetLoaderServi - Loading from file system: file:/D:/Programaci%c3%b3n/JAVA/SuikaGame/target/classes/assets/textures/background_view.png
12:27:00.694 [FXGL Background Thread 1 ] DEBUG FXGLAssetLoaderServi - Loading from file system: file:/D:/Programaci%c3%b3n/JAVA/SuikaGame/target/classes/assets/textures/container_view.png
12:27:00.704 [FXGL Background Thread 4 ] DEBUG FXGLAssetLoaderServi - Loading from file system: jar:file:/C:/Users/agust/.m2/repository/com/github/almasb/fxgl/21/fxgl-21.jar!/fxglassets/ui/fonts/TerminalLandMono-Regular.otf
12:27:00.764 [FXGL Background Thread 4 ] DEBUG FXGLAssetLoaderServi - Loading from file system: jar:file:/C:/Users/agust/.m2/repository/com/github/almasb/fxgl/21/fxgl-21.jar!/fxglassets/ui/fonts/Courier-Prime.ttf
12:27:00.767 [FXGL Background Thread 1 ] DEBUG FXGLAssetLoaderServi - Loading from file system: file:/D:/Programaci%c3%b3n/JAVA/SuikaGame/target/classes/assets/textures/ring_view.png
12:27:00.776 [FXGL Background Thread 1 ] DEBUG FXGLAssetLoaderServi - Loading from file system: file:/D:/Programaci%c3%b3n/JAVA/SuikaGame/target/classes/assets/textures/next_fruit_view.png
12:27:00.780 [FXGL Background Thread 1 ] DEBUG FXGLAssetLoaderServi - Loading from file system: file:/D:/Programaci%c3%b3n/JAVA/SuikaGame/target/classes/assets/textures/score_view.png
12:27:00.783 [FXGL Background Thread 1 ] INFO  FXGLApplication      - Game initialization took: 0,134 sec
12:27:01.072 [JavaFX Application Thread] DEBUG Input                - Clearing active input actions
12:27:01.085 [JavaFX Application Thread] DEBUG GameApplicationServi - Removing overlay from FXGLLoadingScene and adding to GameScene
12:27:01.104 [JavaFX Application Thread] DEBUG PrimaryStageWindow   - FXGLLoadingScene -> GameScene
12:27:01.105 [JavaFX Application Thread] DEBUG FXGLApplication      - Registering font factories with UI factory
12:27:01.901 [JavaFX Application Thread] DEBUG FXGLAssetLoaderServi - Loading from file system: file:/D:/Programaci%c3%b3n/JAVA/SuikaGame/target/classes/assets/textures/apple_view.png
12:27:01.903 [JavaFX Application Thread] DEBUG FXGLAssetLoaderServi - Loading from file system: file:/D:/Programaci%c3%b3n/JAVA/SuikaGame/target/classes/assets/textures/lemon_view.png
12:27:01.907 [JavaFX Application Thread] DEBUG FXGLAssetLoaderServi - Loading from file system: file:/D:/Programaci%c3%b3n/JAVA/SuikaGame/target/classes/assets/sounds/fruit_drop.wav
12:27:03.014 [JavaFX Application Thread] DEBUG FXGLApplication      - Exiting FXGL
12:27:03.014 [JavaFX Application Thread] DEBUG LoopRunner           - Stopping loop
12:27:03.014 [JavaFX Application Thread] DEBUG SystemBundleService  - Saving FXGL system data
12:27:03.017 [JavaFX Application Thread] DEBUG FileSystemAccess     - Writing to: D:\Programación\JAVA\SuikaGame\system\fxgl.bundle
12:27:03.018 [JavaFX Application Thread] DEBUG Async                - Shutting down background threads
12:27:03.019 [JavaFX Application Thread] DEBUG PrimaryStageWindow   - Closing main window
12:27:03.034 [JavaFX Application Thread] DEBUG Logger               - Closing Logger
