17:21:15.861 [main                     ] DEBUG Logger               - Configured Logger
17:21:15.902 [main                     ] DEBUG GameApplication      - Logging settings
Title: Basic Game App
Version: 0.1
Width: 1280
Height: 720
Fullscreen: false
Intro: false
Profiling: false
Single step:false
App Mode: DEVELOPER
Menu Key: ESCAPE
Stage Style: DECORATED
Scene Factory: class com.almasb.fxgl.app.scene.SceneFactory

17:21:16.655 [JavaFX Application Thread] DEBUG FXGLApplication      - Initializing FXGL
17:21:16.661 [JavaFX Application Thread] INFO  Engine               - FXGL-21 (28.12.2023 13.35) on WINDOWS (J:21.0.1 FX:21.0.1)
17:21:16.661 [JavaFX Application Thread] DEBUG Engine               - JRE Vendor Name: Oracle Corporation
17:21:16.662 [JavaFX Application Thread] DEBUG Engine               - Running on OS: Windows 11 version 10.0
17:21:16.662 [JavaFX Application Thread] DEBUG Engine               - Architecture: amd64
17:21:16.662 [JavaFX Application Thread] INFO  Engine               - Source code and latest versions at: https://github.com/AlmasB/FXGL
17:21:16.662 [JavaFX Application Thread] INFO  Engine               -       Ask questions and discuss at: https://github.com/AlmasB/FXGL/discussions
17:21:16.662 [JavaFX Application Thread] INFO  Engine               -              Join the FXGL chat at: https://gitter.im/AlmasB/FXGL
17:21:16.834 [JavaFX Application Thread] DEBUG PrimaryStageWindow   - Creating a JavaFX scene
17:21:16.921 [JavaFX Application Thread] DEBUG PrimaryStageWindow   - Target settings size: 1280.0 x 720.0
17:21:16.921 [JavaFX Application Thread] DEBUG PrimaryStageWindow   - Scaled scene size:    1280.0 x 720.0
17:21:16.922 [JavaFX Application Thread] DEBUG PrimaryStageWindow   - Scaled ratio: (1.0, 1.0)
17:21:16.923 [JavaFX Application Thread] DEBUG PrimaryStageWindow   - Set initial scene to FXGLStartupScene
17:21:16.927 [JavaFX Application Thread] DEBUG PrimaryStageWindow   - Opening main window
17:21:17.080 [JavaFX Application Thread] DEBUG PrimaryStageWindow   - Window border size: (16.0, 39.0)
17:21:17.081 [JavaFX Application Thread] DEBUG PrimaryStageWindow   - Scaled size: 1280.0 x 720.0
17:21:17.081 [JavaFX Application Thread] DEBUG PrimaryStageWindow   - Scaled ratio: (1.0, 1.0)
17:21:17.081 [JavaFX Application Thread] DEBUG PrimaryStageWindow   - Scene size: 1280.0 x 720.0
17:21:17.081 [JavaFX Application Thread] DEBUG PrimaryStageWindow   - Stage size: 1296.0 x 759.0
17:21:17.145 [FXGL Background Thread 1 ] DEBUG Engine               - Initializing environment variables
17:21:17.246 [FXGL Background Thread 1 ] DEBUG FXGLAssetLoaderServi - User app class for loading assets: class com.lucenstuff.fxglgames.suikagame.SuikaGame
17:21:17.247 [FXGL Background Thread 1 ] DEBUG GameApplicationServi - Applying CSS: fxgl_dark.css
17:21:17.249 [FXGL Background Thread 1 ] DEBUG FXGLAssetLoaderServi - Loading from file system: jar:file:/C:/Users/agust/.m2/repository/com/github/almasb/fxgl/21/fxgl-21.jar!/fxglassets/ui/css/fxgl_dark.css
17:21:17.338 [FXGL Background Thread 1 ] DEBUG GameApplicationServi - Initializing application scenes
17:21:17.588 [FXGL Background Thread 1 ] DEBUG GameWorld            - Game world initialized
17:21:17.681 [FXGL Background Thread 1 ] DEBUG PhysicsWorld         - Physics world initialized: appHeight=720, physics.ppm=50,0
17:21:17.681 [FXGL Background Thread 1 ] DEBUG PhysicsWorld         - Using strategy: BRUTE_FORCE
17:21:17.690 [FXGL Background Thread 1 ] DEBUG GameScene            - Game scene initialized: 1280x720
17:21:17.712 [FXGL Background Thread 1 ] DEBUG FXGL.DefaultMenu     - createMenuBodyGameMenu()
17:21:17.738 [FXGL Background Thread 1 ] DEBUG FXGL.DefaultMenu     - createOptionsMenu()
17:21:17.756 [FXGL Background Thread 1 ] DEBUG FXGLAssetLoaderServi - Loading from file system: jar:file:/C:/Users/agust/.m2/repository/com/github/almasb/fxgl/21/fxgl-21.jar!/fxglassets/textures/particles/smoke.png
17:21:17.938 [FXGL Background Thread 1 ] DEBUG FXGLAssetLoaderServi - Loading from file system: jar:file:/C:/Users/agust/.m2/repository/com/github/almasb/fxgl/21/fxgl-21.jar!/fxglassets/textures/particles/trace_horizontal.png
17:21:17.992 [FXGL Background Thread 1 ] DEBUG GameApplicationServi - Application scenes initialized
17:21:18.021 [FXGL Background Thread 1 ] DEBUG SystemBundleService  - Loading FXGL system data
17:21:18.028 [FXGL Background Thread 1 ] DEBUG FileSystemAccess     - Reading from: D:\Programación\JAVA\SuikaGame\system\fxgl.bundle
17:21:18.047 [FXGL Background Thread 1 ] DEBUG SystemBundleService  - Bundle FXGL: {}
17:21:18.048 [FXGL Background Thread 1 ] DEBUG UpdaterService       - Checking for updates
17:21:18.108 [FXGL Background Thread 1 ] DEBUG FXGLApplication      - Loading default localization
17:21:18.110 [FXGL Background Thread 1 ] DEBUG FXGLAssetLoaderServi - Loading from file system: jar:file:/C:/Users/agust/.m2/repository/com/github/almasb/fxgl/21/fxgl-21.jar!/fxglassets/languages/english.lang
17:21:18.149 [FXGL Background Thread 1 ] INFO  FXGLApplication      - FXGL initialization took: 1,003 sec
17:21:18.150 [JavaFX Application Thread] DEBUG FXGLAssetLoaderServi - Loading from file system: jar:file:/C:/Users/agust/.m2/repository/com/github/almasb/fxgl/21/fxgl-21.jar!/fxglassets/textures/fxgl_icon.png
17:21:18.205 [FXGL Background Thread 4 ] DEBUG FXGLApplication      - Loading fonts
17:21:18.205 [FXGL Background Thread 4 ] DEBUG FXGLAssetLoaderServi - Loading from file system: jar:file:/C:/Users/agust/.m2/repository/com/github/almasb/fxgl/21/fxgl-21.jar!/fxglassets/ui/fonts/VarelaRound-Regular.ttf
17:21:18.211 [JavaFX Application Thread] DEBUG FXGLAssetLoaderServi - Loading from file system: jar:file:/C:/Users/agust/.m2/repository/com/github/almasb/fxgl/21/fxgl-21.jar!/fxglassets/textures/fxgl_default_cursor.png
17:21:18.243 [JavaFX Application Thread] DEBUG Input                - Registered new binding: Screenshot - CTRL+8
17:21:18.245 [JavaFX Application Thread] DEBUG Input                - Registered new binding: Dev Options - 1
17:21:18.247 [JavaFX Application Thread] DEBUG Input                - Registered new binding: Dev Console - 2
17:21:18.248 [JavaFX Application Thread] DEBUG Input                - Registered new binding: System info dump - CTRL+9
17:21:18.248 [JavaFX Application Thread] DEBUG Input                - Registered new binding: Restart - CTRL+R
17:21:18.249 [JavaFX Application Thread] DEBUG Input                - Registered new binding: Toggle Debug Camera - CTRL+7
17:21:18.254 [JavaFX Application Thread] DEBUG LoopRunner           - Starting loop
17:21:18.328 [FXGL Background Thread 4 ] DEBUG FXGLAssetLoaderServi - Loading from file system: jar:file:/C:/Users/agust/.m2/repository/com/github/almasb/fxgl/21/fxgl-21.jar!/fxglassets/ui/fonts/Abel-Regular.ttf
17:21:18.349 [JavaFX Application Thread] DEBUG LoopRunner           - Initializing JavaFX AnimationTimerLoop
17:21:18.351 [JavaFX Application Thread] DEBUG GameApplicationServi - Starting new game
17:21:18.354 [JavaFX Application Thread] DEBUG Input                - Clearing active input actions
17:21:18.380 [JavaFX Application Thread] DEBUG GameApplicationServi - Removing overlay from FXGLStartupScene and adding to FXGLLoadingScene
17:21:18.388 [JavaFX Application Thread] DEBUG PrimaryStageWindow   - FXGLStartupScene -> FXGLLoadingScene
17:21:18.388 [JavaFX Application Thread] DEBUG GameApplicationServi - Clearing previous game
17:21:18.388 [JavaFX Application Thread] DEBUG GameScene            - Clearing game scene
17:21:18.389 [JavaFX Application Thread] DEBUG GameWorld            - Clearing game world
17:21:18.389 [JavaFX Application Thread] DEBUG PhysicsWorld         - Clearing physics world
17:21:18.391 [FXGL Background Thread 1 ] DEBUG FXGLApplication      - Initializing game
17:21:18.469 [FXGL Background Thread 1 ] INFO  FXGLApplication      - Game initialization took: 0,076 sec
17:21:18.774 [FXGL Background Thread 4 ] DEBUG FXGLAssetLoaderServi - Loading from file system: jar:file:/C:/Users/agust/.m2/repository/com/github/almasb/fxgl/21/fxgl-21.jar!/fxglassets/ui/fonts/TerminalLandMono-Regular.otf
17:21:18.951 [FXGL Background Thread 4 ] DEBUG FXGLAssetLoaderServi - Loading from file system: jar:file:/C:/Users/agust/.m2/repository/com/github/almasb/fxgl/21/fxgl-21.jar!/fxglassets/ui/fonts/Courier-Prime.ttf
17:21:19.071 [JavaFX Application Thread] DEBUG Input                - Clearing active input actions
17:21:19.089 [JavaFX Application Thread] DEBUG GameApplicationServi - Removing overlay from FXGLLoadingScene and adding to GameScene
17:21:19.096 [JavaFX Application Thread] DEBUG PrimaryStageWindow   - FXGLLoadingScene -> GameScene
17:21:19.297 [JavaFX Application Thread] DEBUG FXGLApplication      - Registering font factories with UI factory
17:21:20.820 [JavaFX Application Thread] DEBUG FXGLAssetLoaderServi - Loading from file system: file:/D:/Programaci%c3%b3n/JAVA/SuikaGame/target/classes/assets/textures/orange.png
17:21:21.102 [FXGL Background Thread 3 ] DEBUG Engine               - Logging environment variables
17:21:21.104 [FXGL Background Thread 3 ] DEBUG Engine               - achievements: []
17:21:21.105 [FXGL Background Thread 3 ] DEBUG Engine               - actualHeight: 720.0
17:21:21.105 [FXGL Background Thread 3 ] DEBUG Engine               - actualHeightProperty: ReadOnlyDoubleProperty [value: 720.0]
17:21:21.106 [FXGL Background Thread 3 ] DEBUG Engine               - actualWidth: 1280.0
17:21:21.106 [FXGL Background Thread 3 ] DEBUG Engine               - actualWidthProperty: ReadOnlyDoubleProperty [value: 1280.0]
17:21:21.106 [FXGL Background Thread 3 ] DEBUG Engine               - appIcon: fxgl_icon.png
17:21:21.107 [FXGL Background Thread 3 ] DEBUG Engine               - applicationMode: DEVELOPER
17:21:21.107 [FXGL Background Thread 3 ] DEBUG Engine               - cSSList: [fxgl_dark.css]
17:21:21.107 [FXGL Background Thread 3 ] DEBUG Engine               - collisionDetectionStrategy: BRUTE_FORCE
17:21:21.107 [FXGL Background Thread 3 ] DEBUG Engine               - configClass: Optional.empty
17:21:21.107 [FXGL Background Thread 3 ] DEBUG Engine               - credits: []
17:21:21.109 [FXGL Background Thread 3 ] DEBUG Engine               - defaultCursor: CursorInfo(imageName=fxgl_default_cursor.png, hotspotX=7.0, hotspotY=6.0)
17:21:21.110 [FXGL Background Thread 3 ] DEBUG Engine               - devBBoxColorProperty: ObjectProperty [value: 0xff0000ff]
17:21:21.111 [FXGL Background Thread 3 ] DEBUG Engine               - devEnableDebugCameraProperty: BooleanProperty [value: false]
17:21:21.111 [FXGL Background Thread 3 ] DEBUG Engine               - devSensorColorProperty: ObjectProperty [value: 0xffff00ff]
17:21:21.112 [FXGL Background Thread 3 ] DEBUG Engine               - devShowBBoxProperty: BooleanProperty [value: false]
17:21:21.112 [FXGL Background Thread 3 ] DEBUG Engine               - devShowPositionProperty: BooleanProperty [value: false]
17:21:21.112 [FXGL Background Thread 3 ] DEBUG Engine               - enabledMenuItems: []
17:21:21.112 [FXGL Background Thread 3 ] DEBUG Engine               - engineServices: [class com.almasb.fxgl.app.services.FXGLAssetLoaderService, class com.almasb.fxgl.app.FXGLApplication$GameApplicationService, class com.almasb.fxgl.app.services.FXGLDialogService, class com.almasb.fxgl.app.services.IOTaskExecutorService, class com.almasb.fxgl.io.FileSystemService, class com.almasb.fxgl.localization.LocalizationService, class com.almasb.fxgl.app.services.SystemBundleService, class com.almasb.fxgl.profile.SaveLoadService, class com.almasb.fxgl.ui.FXGLUIFactoryServiceProvider, class com.almasb.fxgl.ui.FXGLDialogFactoryServiceProvider, class com.almasb.fxgl.audio.AudioPlayer, class com.almasb.fxgl.notification.impl.NotificationServiceProvider, class com.almasb.fxgl.achievement.AchievementService, class com.almasb.fxgl.cutscene.CutsceneService, class com.almasb.fxgl.minigames.MiniGameService, class com.almasb.fxgl.net.NetService, class com.almasb.fxgl.app.services.UpdaterService, class com.almasb.fxgl.dev.DevService]
17:21:21.112 [FXGL Background Thread 3 ] DEBUG Engine               - fontGame: Abel-Regular.ttf
17:21:21.112 [FXGL Background Thread 3 ] DEBUG Engine               - fontMono: TerminalLandMono-Regular.otf
17:21:21.112 [FXGL Background Thread 3 ] DEBUG Engine               - fontSizeScaleUI: 1.0
17:21:21.113 [FXGL Background Thread 3 ] DEBUG Engine               - fontText: Courier-Prime.ttf
17:21:21.113 [FXGL Background Thread 3 ] DEBUG Engine               - fontUI: VarelaRound-Regular.ttf
17:21:21.113 [FXGL Background Thread 3 ] DEBUG Engine               - fullScreen: BooleanProperty [value: false]
17:21:21.113 [FXGL Background Thread 3 ] DEBUG Engine               - gameDifficulty: MEDIUM
17:21:21.114 [FXGL Background Thread 3 ] DEBUG Engine               - gameDifficultyProperty: ObjectProperty [value: MEDIUM]
17:21:21.114 [FXGL Background Thread 3 ] DEBUG Engine               - globalMusicVolume: 0.5
17:21:21.114 [FXGL Background Thread 3 ] DEBUG Engine               - globalMusicVolumeProperty: DoubleProperty [value: 0.5]
17:21:21.114 [FXGL Background Thread 3 ] DEBUG Engine               - globalSoundVolume: 0.5
17:21:21.115 [FXGL Background Thread 3 ] DEBUG Engine               - globalSoundVolumeProperty: DoubleProperty [value: 0.5]
17:21:21.115 [FXGL Background Thread 3 ] DEBUG Engine               - height: 720
17:21:21.115 [FXGL Background Thread 3 ] DEBUG Engine               - is3D: false
17:21:21.115 [FXGL Background Thread 3 ] DEBUG Engine               - isAndroid: false
17:21:21.115 [FXGL Background Thread 3 ] DEBUG Engine               - isBrowser: false
17:21:21.115 [FXGL Background Thread 3 ] DEBUG Engine               - isClickFeedbackEnabled: false
17:21:21.115 [FXGL Background Thread 3 ] DEBUG Engine               - isCloseConfirmation: false
17:21:21.115 [FXGL Background Thread 3 ] DEBUG Engine               - isDesktop: true
17:21:21.115 [FXGL Background Thread 3 ] DEBUG Engine               - isDeveloperMenuEnabled: true
17:21:21.115 [FXGL Background Thread 3 ] DEBUG Engine               - isEmbedded: false
17:21:21.115 [FXGL Background Thread 3 ] DEBUG Engine               - isEntityPreloadEnabled: true
17:21:21.115 [FXGL Background Thread 3 ] DEBUG Engine               - isExperimentalTiledLargeMap: false
17:21:21.115 [FXGL Background Thread 3 ] DEBUG Engine               - isFileSystemWriteAllowed: true
17:21:21.115 [FXGL Background Thread 3 ] DEBUG Engine               - isFullScreenAllowed: false
17:21:21.115 [FXGL Background Thread 3 ] DEBUG Engine               - isFullScreenFromStart: false
17:21:21.117 [FXGL Background Thread 3 ] DEBUG Engine               - isGameMenuEnabled: true
17:21:21.117 [FXGL Background Thread 3 ] DEBUG Engine               - isIOS: false
17:21:21.117 [FXGL Background Thread 3 ] DEBUG Engine               - isIntroEnabled: false
17:21:21.117 [FXGL Background Thread 3 ] DEBUG Engine               - isLinux: false
17:21:21.128 [FXGL Background Thread 3 ] DEBUG Engine               - isMac: false
17:21:21.129 [FXGL Background Thread 3 ] DEBUG Engine               - isMainMenuEnabled: false
17:21:21.129 [FXGL Background Thread 3 ] DEBUG Engine               - isManualResizeEnabled: false
17:21:21.130 [FXGL Background Thread 3 ] DEBUG Engine               - isMobile: false
17:21:21.130 [FXGL Background Thread 3 ] DEBUG Engine               - isNative: false
17:21:21.130 [FXGL Background Thread 3 ] DEBUG Engine               - isPauseMusicWhenMinimized: true
17:21:21.130 [FXGL Background Thread 3 ] DEBUG Engine               - isPreserveResizeRatio: false
17:21:21.130 [FXGL Background Thread 3 ] DEBUG Engine               - isProfilingEnabled: false
17:21:21.131 [FXGL Background Thread 3 ] DEBUG Engine               - isScaleAffectedOnResize: true
17:21:21.131 [FXGL Background Thread 3 ] DEBUG Engine               - isSingleStep: false
17:21:21.131 [FXGL Background Thread 3 ] DEBUG Engine               - isUserProfileEnabled: false
17:21:21.131 [FXGL Background Thread 3 ] DEBUG Engine               - isWindows: true
17:21:21.132 [FXGL Background Thread 3 ] DEBUG Engine               - language: ObjectProperty [value: ENGLISH]
17:21:21.132 [FXGL Background Thread 3 ] DEBUG Engine               - menuKey: ESCAPE
17:21:21.132 [FXGL Background Thread 3 ] DEBUG Engine               - mouseSensitivity: 0.2
17:21:21.132 [FXGL Background Thread 3 ] DEBUG Engine               - notificationViewClass: class com.almasb.fxgl.notification.view.XboxNotificationView
17:21:21.132 [FXGL Background Thread 3 ] DEBUG Engine               - pixelsPerMeter: 50.0
17:21:21.132 [FXGL Background Thread 3 ] DEBUG Engine               - platform: WINDOWS
17:21:21.132 [FXGL Background Thread 3 ] DEBUG Engine               - prefHeightProperty: ReadOnlyDoubleProperty [value: 720.0]
17:21:21.133 [FXGL Background Thread 3 ] DEBUG Engine               - prefWidthProperty: ReadOnlyDoubleProperty [value: 1280.0]
17:21:21.133 [FXGL Background Thread 3 ] DEBUG Engine               - profileDir: profiles/
17:21:21.133 [FXGL Background Thread 3 ] DEBUG Engine               - profileName: StringProperty [value: DEFAULT]
17:21:21.133 [FXGL Background Thread 3 ] DEBUG Engine               - randomSeed: -1
17:21:21.134 [FXGL Background Thread 3 ] DEBUG Engine               - runtimeInfo: RuntimeInfo(platform=WINDOWS, version=21, build=28.12.2023 13.35)
17:21:21.134 [FXGL Background Thread 3 ] DEBUG Engine               - saveFileExt: sav
17:21:21.135 [FXGL Background Thread 3 ] DEBUG Engine               - scaledHeightProp$fxgl: DoubleProperty [bound, value: 720.0]
17:21:21.135 [FXGL Background Thread 3 ] DEBUG Engine               - scaledWidthProp$fxgl: DoubleProperty [bound, value: 1280.0]
17:21:21.135 [FXGL Background Thread 3 ] DEBUG Engine               - sceneFactory: com.almasb.fxgl.app.scene.SceneFactory@3760a3ce
17:21:21.135 [FXGL Background Thread 3 ] DEBUG Engine               - secondsIn24h: 60
17:21:21.135 [FXGL Background Thread 3 ] DEBUG Engine               - soundMenuBack: menu/back.wav
17:21:21.135 [FXGL Background Thread 3 ] DEBUG Engine               - soundMenuPress: menu/press.wav
17:21:21.135 [FXGL Background Thread 3 ] DEBUG Engine               - soundMenuSelect: menu/select.wav
17:21:21.139 [FXGL Background Thread 3 ] DEBUG Engine               - soundNotification: core/notification.wav
17:21:21.139 [FXGL Background Thread 3 ] DEBUG Engine               - stageStyle: DECORATED
17:21:21.140 [FXGL Background Thread 3 ] DEBUG Engine               - supportedLanguages: [ENGLISH, FRENCH, GERMAN, HUNGARIAN, RUSSIAN]
17:21:21.140 [FXGL Background Thread 3 ] DEBUG Engine               - ticksPerSecond: -1
17:21:21.141 [FXGL Background Thread 3 ] DEBUG Engine               - title: Basic Game App
17:21:21.141 [FXGL Background Thread 3 ] DEBUG Engine               - urlGithub: https://github.com/AlmasB/FXGL
17:21:21.142 [FXGL Background Thread 3 ] DEBUG Engine               - urlLeaderboard: http://fxgl-top.herokuapp.com/
17:21:21.142 [FXGL Background Thread 3 ] DEBUG Engine               - urlPOM: https://raw.githubusercontent.com/AlmasB/FXGL/release/README.md
17:21:21.142 [FXGL Background Thread 3 ] DEBUG Engine               - userAppClass: class com.lucenstuff.fxglgames.suikagame.SuikaGame
17:21:21.142 [FXGL Background Thread 3 ] DEBUG Engine               - version: 0.1
17:21:21.143 [FXGL Background Thread 3 ] DEBUG Engine               - versionCheckDays: 7
17:21:21.143 [FXGL Background Thread 3 ] DEBUG Engine               - width: 1280
17:21:21.143 [FXGL Background Thread 3 ] DEBUG Engine               - Logging services
17:21:21.143 [FXGL Background Thread 3 ] DEBUG Engine               - class com.almasb.fxgl.app.services.FXGLAssetLoaderService
17:21:21.143 [FXGL Background Thread 3 ] DEBUG Engine               - class com.almasb.fxgl.app.FXGLApplication$GameApplicationService
17:21:21.143 [FXGL Background Thread 3 ] DEBUG Engine               - class com.almasb.fxgl.app.services.FXGLDialogService
17:21:21.143 [FXGL Background Thread 3 ] DEBUG Engine               - class com.almasb.fxgl.app.services.IOTaskExecutorService
17:21:21.143 [FXGL Background Thread 3 ] DEBUG Engine               - class com.almasb.fxgl.io.FileSystemService
17:21:21.143 [FXGL Background Thread 3 ] DEBUG Engine               - class com.almasb.fxgl.localization.LocalizationService
17:21:21.143 [FXGL Background Thread 3 ] DEBUG Engine               - class com.almasb.fxgl.app.services.SystemBundleService
17:21:21.143 [FXGL Background Thread 3 ] DEBUG Engine               - class com.almasb.fxgl.profile.SaveLoadService
17:21:21.144 [FXGL Background Thread 3 ] DEBUG Engine               - class com.almasb.fxgl.ui.FXGLUIFactoryServiceProvider
17:21:21.144 [FXGL Background Thread 3 ] DEBUG Engine               - class com.almasb.fxgl.ui.FXGLDialogFactoryServiceProvider
17:21:21.144 [FXGL Background Thread 3 ] DEBUG Engine               - class com.almasb.fxgl.audio.AudioPlayer
17:21:21.144 [FXGL Background Thread 3 ] DEBUG Engine               - class com.almasb.fxgl.notification.impl.NotificationServiceProvider
17:21:21.144 [FXGL Background Thread 3 ] DEBUG Engine               - class com.almasb.fxgl.achievement.AchievementService
17:21:21.144 [FXGL Background Thread 3 ] DEBUG Engine               - class com.almasb.fxgl.cutscene.CutsceneService
17:21:21.144 [FXGL Background Thread 3 ] DEBUG Engine               - class com.almasb.fxgl.minigames.MiniGameService
17:21:21.144 [FXGL Background Thread 3 ] DEBUG Engine               - class com.almasb.fxgl.net.NetService
17:21:21.144 [FXGL Background Thread 3 ] DEBUG Engine               - class com.almasb.fxgl.app.services.UpdaterService
17:21:21.144 [FXGL Background Thread 3 ] DEBUG Engine               - class com.almasb.fxgl.dev.DevService
17:21:28.161 [JavaFX Application Thread] DEBUG FXGLApplication      - Exiting FXGL
17:21:28.162 [JavaFX Application Thread] DEBUG LoopRunner           - Stopping loop
17:21:28.162 [JavaFX Application Thread] DEBUG SystemBundleService  - Saving FXGL system data
17:21:28.165 [JavaFX Application Thread] DEBUG FileSystemAccess     - Writing to: D:\Programación\JAVA\SuikaGame\system\fxgl.bundle
17:21:28.167 [JavaFX Application Thread] DEBUG Async                - Shutting down background threads
17:21:28.167 [JavaFX Application Thread] DEBUG PrimaryStageWindow   - Closing main window
17:21:28.193 [JavaFX Application Thread] DEBUG Logger               - Closing Logger
