17:00:29.794 [main                     ] DEBUG Logger               - Configured Logger
17:00:29.854 [main                     ] DEBUG GameApplication      - Logging settings
Title: Basic Game App
Version: 0.1
Width: 1280
Height: 720
Fullscreen: false
Intro: false
Profiling: false
Single step:false
App Mode: DEVELOPER
Menu Key: ESCAPE
Stage Style: DECORATED
Scene Factory: class com.almasb.fxgl.app.scene.SceneFactory

17:00:30.577 [JavaFX Application Thread] DEBUG FXGLApplication      - Initializing FXGL
17:00:30.582 [JavaFX Application Thread] INFO  Engine               - FXGL-21 (28.12.2023 13.35) on WINDOWS (J:21.0.1 FX:21.0.1)
17:00:30.582 [JavaFX Application Thread] DEBUG Engine               - JRE Vendor Name: Oracle Corporation
17:00:30.583 [JavaFX Application Thread] DEBUG Engine               - Running on OS: Windows 11 version 10.0
17:00:30.583 [JavaFX Application Thread] DEBUG Engine               - Architecture: amd64
17:00:30.583 [JavaFX Application Thread] INFO  Engine               - Source code and latest versions at: https://github.com/AlmasB/FXGL
17:00:30.583 [JavaFX Application Thread] INFO  Engine               -       Ask questions and discuss at: https://github.com/AlmasB/FXGL/discussions
17:00:30.583 [JavaFX Application Thread] INFO  Engine               -              Join the FXGL chat at: https://gitter.im/AlmasB/FXGL
17:00:30.754 [JavaFX Application Thread] DEBUG PrimaryStageWindow   - Creating a JavaFX scene
17:00:30.836 [JavaFX Application Thread] DEBUG PrimaryStageWindow   - Target settings size: 1280.0 x 720.0
17:00:30.836 [JavaFX Application Thread] DEBUG PrimaryStageWindow   - Scaled scene size:    1280.0 x 720.0
17:00:30.837 [JavaFX Application Thread] DEBUG PrimaryStageWindow   - Scaled ratio: (1.0, 1.0)
17:00:30.838 [JavaFX Application Thread] DEBUG PrimaryStageWindow   - Set initial scene to FXGLStartupScene
17:00:30.842 [JavaFX Application Thread] DEBUG PrimaryStageWindow   - Opening main window
17:00:30.988 [JavaFX Application Thread] DEBUG PrimaryStageWindow   - Window border size: (16.0, 39.0)
17:00:30.989 [JavaFX Application Thread] DEBUG PrimaryStageWindow   - Scaled size: 1280.0 x 720.0
17:00:30.989 [JavaFX Application Thread] DEBUG PrimaryStageWindow   - Scaled ratio: (1.0, 1.0)
17:00:30.989 [JavaFX Application Thread] DEBUG PrimaryStageWindow   - Scene size: 1280.0 x 720.0
17:00:30.989 [JavaFX Application Thread] DEBUG PrimaryStageWindow   - Stage size: 1296.0 x 759.0
17:00:31.029 [FXGL Background Thread 1 ] DEBUG Engine               - Initializing environment variables
17:00:31.134 [FXGL Background Thread 1 ] DEBUG FXGLAssetLoaderServi - User app class for loading assets: class com.lucenstuff.fxglgames.suikagame.SuikaGame
17:00:31.135 [FXGL Background Thread 1 ] DEBUG GameApplicationServi - Applying CSS: fxgl_dark.css
17:00:31.136 [FXGL Background Thread 1 ] DEBUG FXGLAssetLoaderServi - Loading from file system: jar:file:/C:/Users/agust/.m2/repository/com/github/almasb/fxgl/21/fxgl-21.jar!/fxglassets/ui/css/fxgl_dark.css
17:00:31.224 [FXGL Background Thread 1 ] DEBUG GameApplicationServi - Initializing application scenes
17:00:31.387 [FXGL Background Thread 1 ] DEBUG GameWorld            - Game world initialized
17:00:31.471 [FXGL Background Thread 1 ] DEBUG PhysicsWorld         - Physics world initialized: appHeight=720, physics.ppm=50,0
17:00:31.473 [FXGL Background Thread 1 ] DEBUG PhysicsWorld         - Using strategy: BRUTE_FORCE
17:00:31.478 [FXGL Background Thread 1 ] DEBUG GameScene            - Game scene initialized: 1280x720
17:00:31.497 [FXGL Background Thread 1 ] DEBUG FXGL.DefaultMenu     - createMenuBodyGameMenu()
17:00:31.521 [FXGL Background Thread 1 ] DEBUG FXGL.DefaultMenu     - createOptionsMenu()
17:00:31.538 [FXGL Background Thread 1 ] DEBUG FXGLAssetLoaderServi - Loading from file system: jar:file:/C:/Users/agust/.m2/repository/com/github/almasb/fxgl/21/fxgl-21.jar!/fxglassets/textures/particles/smoke.png
17:00:31.708 [FXGL Background Thread 1 ] DEBUG FXGLAssetLoaderServi - Loading from file system: jar:file:/C:/Users/agust/.m2/repository/com/github/almasb/fxgl/21/fxgl-21.jar!/fxglassets/textures/particles/trace_horizontal.png
17:00:31.755 [FXGL Background Thread 1 ] DEBUG GameApplicationServi - Application scenes initialized
17:00:31.783 [FXGL Background Thread 1 ] DEBUG SystemBundleService  - Loading FXGL system data
17:00:31.788 [FXGL Background Thread 1 ] DEBUG FileSystemAccess     - Reading from: D:\Programación\JAVA\SuikaGame\system\fxgl.bundle
17:00:31.803 [FXGL Background Thread 1 ] DEBUG SystemBundleService  - Bundle FXGL: {}
17:00:31.803 [FXGL Background Thread 1 ] DEBUG UpdaterService       - Checking for updates
17:00:31.867 [FXGL Background Thread 1 ] DEBUG FXGLApplication      - Loading default localization
17:00:31.868 [FXGL Background Thread 1 ] DEBUG FXGLAssetLoaderServi - Loading from file system: jar:file:/C:/Users/agust/.m2/repository/com/github/almasb/fxgl/21/fxgl-21.jar!/fxglassets/languages/english.lang
17:00:31.914 [FXGL Background Thread 1 ] INFO  FXGLApplication      - FXGL initialization took: 0,880 sec
17:00:31.918 [JavaFX Application Thread] DEBUG FXGLAssetLoaderServi - Loading from file system: jar:file:/C:/Users/agust/.m2/repository/com/github/almasb/fxgl/21/fxgl-21.jar!/fxglassets/textures/fxgl_icon.png
17:00:31.960 [FXGL Background Thread 4 ] DEBUG FXGLApplication      - Loading fonts
17:00:31.962 [FXGL Background Thread 4 ] DEBUG FXGLAssetLoaderServi - Loading from file system: jar:file:/C:/Users/agust/.m2/repository/com/github/almasb/fxgl/21/fxgl-21.jar!/fxglassets/ui/fonts/VarelaRound-Regular.ttf
17:00:31.969 [JavaFX Application Thread] DEBUG FXGLAssetLoaderServi - Loading from file system: jar:file:/C:/Users/agust/.m2/repository/com/github/almasb/fxgl/21/fxgl-21.jar!/fxglassets/textures/fxgl_default_cursor.png
17:00:32.007 [JavaFX Application Thread] DEBUG Input                - Registered new binding: Screenshot - CTRL+8
17:00:32.008 [JavaFX Application Thread] DEBUG Input                - Registered new binding: Dev Options - 1
17:00:32.008 [JavaFX Application Thread] DEBUG Input                - Registered new binding: Dev Console - 2
17:00:32.009 [JavaFX Application Thread] DEBUG Input                - Registered new binding: System info dump - CTRL+9
17:00:32.010 [JavaFX Application Thread] DEBUG Input                - Registered new binding: Restart - CTRL+R
17:00:32.014 [JavaFX Application Thread] DEBUG Input                - Registered new binding: Toggle Debug Camera - CTRL+7
17:00:32.019 [JavaFX Application Thread] DEBUG LoopRunner           - Starting loop
17:00:32.094 [FXGL Background Thread 4 ] DEBUG FXGLAssetLoaderServi - Loading from file system: jar:file:/C:/Users/agust/.m2/repository/com/github/almasb/fxgl/21/fxgl-21.jar!/fxglassets/ui/fonts/Abel-Regular.ttf
17:00:32.105 [JavaFX Application Thread] DEBUG LoopRunner           - Initializing JavaFX AnimationTimerLoop
17:00:32.109 [JavaFX Application Thread] DEBUG GameApplicationServi - Starting new game
17:00:32.111 [JavaFX Application Thread] DEBUG Input                - Clearing active input actions
17:00:32.140 [JavaFX Application Thread] DEBUG GameApplicationServi - Removing overlay from FXGLStartupScene and adding to FXGLLoadingScene
17:00:32.144 [JavaFX Application Thread] DEBUG PrimaryStageWindow   - FXGLStartupScene -> FXGLLoadingScene
17:00:32.145 [JavaFX Application Thread] DEBUG GameApplicationServi - Clearing previous game
17:00:32.145 [JavaFX Application Thread] DEBUG GameScene            - Clearing game scene
17:00:32.145 [JavaFX Application Thread] DEBUG GameWorld            - Clearing game world
17:00:32.145 [JavaFX Application Thread] DEBUG PhysicsWorld         - Clearing physics world
17:00:32.148 [FXGL Background Thread 1 ] DEBUG FXGLApplication      - Initializing game
17:00:32.207 [FXGL Background Thread 1 ] INFO  FXGLApplication      - Game initialization took: 0,059 sec
17:00:32.277 [FXGL Background Thread 4 ] DEBUG FXGLAssetLoaderServi - Loading from file system: jar:file:/C:/Users/agust/.m2/repository/com/github/almasb/fxgl/21/fxgl-21.jar!/fxglassets/ui/fonts/TerminalLandMono-Regular.otf
17:00:32.661 [JavaFX Application Thread] DEBUG Input                - Clearing active input actions
17:00:32.675 [JavaFX Application Thread] DEBUG GameApplicationServi - Removing overlay from FXGLLoadingScene and adding to GameScene
17:00:32.687 [JavaFX Application Thread] DEBUG PrimaryStageWindow   - FXGLLoadingScene -> GameScene
17:00:32.784 [FXGL Background Thread 4 ] DEBUG FXGLAssetLoaderServi - Loading from file system: jar:file:/C:/Users/agust/.m2/repository/com/github/almasb/fxgl/21/fxgl-21.jar!/fxglassets/ui/fonts/Courier-Prime.ttf
17:00:32.892 [JavaFX Application Thread] DEBUG FXGLApplication      - Registering font factories with UI factory
17:00:33.228 [JavaFX Application Thread] DEBUG FXGLAssetLoaderServi - Loading from file system: file:/D:/Programaci%c3%b3n/JAVA/SuikaGame/target/classes/assets/textures/orange_view.png
17:00:34.860 [FXGL Background Thread 3 ] DEBUG Engine               - Logging environment variables
17:00:34.862 [FXGL Background Thread 3 ] DEBUG Engine               - achievements: []
17:00:34.862 [FXGL Background Thread 3 ] DEBUG Engine               - actualHeight: 720.0
17:00:34.862 [FXGL Background Thread 3 ] DEBUG Engine               - actualHeightProperty: ReadOnlyDoubleProperty [value: 720.0]
17:00:34.864 [FXGL Background Thread 3 ] DEBUG Engine               - actualWidth: 1280.0
17:00:34.864 [FXGL Background Thread 3 ] DEBUG Engine               - actualWidthProperty: ReadOnlyDoubleProperty [value: 1280.0]
17:00:34.864 [FXGL Background Thread 3 ] DEBUG Engine               - appIcon: fxgl_icon.png
17:00:34.864 [FXGL Background Thread 3 ] DEBUG Engine               - applicationMode: DEVELOPER
17:00:34.865 [FXGL Background Thread 3 ] DEBUG Engine               - cSSList: [fxgl_dark.css]
17:00:34.866 [FXGL Background Thread 3 ] DEBUG Engine               - collisionDetectionStrategy: BRUTE_FORCE
17:00:34.866 [FXGL Background Thread 3 ] DEBUG Engine               - configClass: Optional.empty
17:00:34.866 [FXGL Background Thread 3 ] DEBUG Engine               - credits: []
17:00:34.867 [FXGL Background Thread 3 ] DEBUG Engine               - defaultCursor: CursorInfo(imageName=fxgl_default_cursor.png, hotspotX=7.0, hotspotY=6.0)
17:00:34.867 [FXGL Background Thread 3 ] DEBUG Engine               - devBBoxColorProperty: ObjectProperty [value: 0xff0000ff]
17:00:34.867 [FXGL Background Thread 3 ] DEBUG Engine               - devEnableDebugCameraProperty: BooleanProperty [value: false]
17:00:34.868 [FXGL Background Thread 3 ] DEBUG Engine               - devSensorColorProperty: ObjectProperty [value: 0xffff00ff]
17:00:34.869 [FXGL Background Thread 3 ] DEBUG Engine               - devShowBBoxProperty: BooleanProperty [value: false]
17:00:34.870 [FXGL Background Thread 3 ] DEBUG Engine               - devShowPositionProperty: BooleanProperty [value: false]
17:00:34.870 [FXGL Background Thread 3 ] DEBUG Engine               - enabledMenuItems: []
17:00:34.870 [FXGL Background Thread 3 ] DEBUG Engine               - engineServices: [class com.almasb.fxgl.app.services.FXGLAssetLoaderService, class com.almasb.fxgl.app.FXGLApplication$GameApplicationService, class com.almasb.fxgl.app.services.FXGLDialogService, class com.almasb.fxgl.app.services.IOTaskExecutorService, class com.almasb.fxgl.io.FileSystemService, class com.almasb.fxgl.localization.LocalizationService, class com.almasb.fxgl.app.services.SystemBundleService, class com.almasb.fxgl.profile.SaveLoadService, class com.almasb.fxgl.ui.FXGLUIFactoryServiceProvider, class com.almasb.fxgl.ui.FXGLDialogFactoryServiceProvider, class com.almasb.fxgl.audio.AudioPlayer, class com.almasb.fxgl.notification.impl.NotificationServiceProvider, class com.almasb.fxgl.achievement.AchievementService, class com.almasb.fxgl.cutscene.CutsceneService, class com.almasb.fxgl.minigames.MiniGameService, class com.almasb.fxgl.net.NetService, class com.almasb.fxgl.app.services.UpdaterService, class com.almasb.fxgl.dev.DevService]
17:00:34.872 [FXGL Background Thread 3 ] DEBUG Engine               - fontGame: Abel-Regular.ttf
17:00:34.873 [FXGL Background Thread 3 ] DEBUG Engine               - fontMono: TerminalLandMono-Regular.otf
17:00:34.873 [FXGL Background Thread 3 ] DEBUG Engine               - fontSizeScaleUI: 1.0
17:00:34.874 [FXGL Background Thread 3 ] DEBUG Engine               - fontText: Courier-Prime.ttf
17:00:34.874 [FXGL Background Thread 3 ] DEBUG Engine               - fontUI: VarelaRound-Regular.ttf
17:00:34.874 [FXGL Background Thread 3 ] DEBUG Engine               - fullScreen: BooleanProperty [value: false]
17:00:34.875 [FXGL Background Thread 3 ] DEBUG Engine               - gameDifficulty: MEDIUM
17:00:34.875 [FXGL Background Thread 3 ] DEBUG Engine               - gameDifficultyProperty: ObjectProperty [value: MEDIUM]
17:00:34.875 [FXGL Background Thread 3 ] DEBUG Engine               - globalMusicVolume: 0.5
17:00:34.875 [FXGL Background Thread 3 ] DEBUG Engine               - globalMusicVolumeProperty: DoubleProperty [value: 0.5]
17:00:34.876 [FXGL Background Thread 3 ] DEBUG Engine               - globalSoundVolume: 0.5
17:00:34.876 [FXGL Background Thread 3 ] DEBUG Engine               - globalSoundVolumeProperty: DoubleProperty [value: 0.5]
17:00:34.876 [FXGL Background Thread 3 ] DEBUG Engine               - height: 720
17:00:34.876 [FXGL Background Thread 3 ] DEBUG Engine               - is3D: false
17:00:34.876 [FXGL Background Thread 3 ] DEBUG Engine               - isAndroid: false
17:00:34.876 [FXGL Background Thread 3 ] DEBUG Engine               - isBrowser: false
17:00:34.876 [FXGL Background Thread 3 ] DEBUG Engine               - isClickFeedbackEnabled: false
17:00:34.877 [FXGL Background Thread 3 ] DEBUG Engine               - isCloseConfirmation: false
17:00:34.877 [FXGL Background Thread 3 ] DEBUG Engine               - isDesktop: true
17:00:34.877 [FXGL Background Thread 3 ] DEBUG Engine               - isDeveloperMenuEnabled: true
17:00:34.877 [FXGL Background Thread 3 ] DEBUG Engine               - isEmbedded: false
17:00:34.877 [FXGL Background Thread 3 ] DEBUG Engine               - isEntityPreloadEnabled: true
17:00:34.877 [FXGL Background Thread 3 ] DEBUG Engine               - isExperimentalTiledLargeMap: false
17:00:34.877 [FXGL Background Thread 3 ] DEBUG Engine               - isFileSystemWriteAllowed: true
17:00:34.877 [FXGL Background Thread 3 ] DEBUG Engine               - isFullScreenAllowed: false
17:00:34.877 [FXGL Background Thread 3 ] DEBUG Engine               - isFullScreenFromStart: false
17:00:34.878 [FXGL Background Thread 3 ] DEBUG Engine               - isGameMenuEnabled: true
17:00:34.878 [FXGL Background Thread 3 ] DEBUG Engine               - isIOS: false
17:00:34.878 [FXGL Background Thread 3 ] DEBUG Engine               - isIntroEnabled: false
17:00:34.878 [FXGL Background Thread 3 ] DEBUG Engine               - isLinux: false
17:00:34.878 [FXGL Background Thread 3 ] DEBUG Engine               - isMac: false
17:00:34.878 [FXGL Background Thread 3 ] DEBUG Engine               - isMainMenuEnabled: false
17:00:34.878 [FXGL Background Thread 3 ] DEBUG Engine               - isManualResizeEnabled: false
17:00:34.878 [FXGL Background Thread 3 ] DEBUG Engine               - isMobile: false
17:00:34.878 [FXGL Background Thread 3 ] DEBUG Engine               - isNative: false
17:00:34.879 [FXGL Background Thread 3 ] DEBUG Engine               - isPauseMusicWhenMinimized: true
17:00:34.879 [FXGL Background Thread 3 ] DEBUG Engine               - isPreserveResizeRatio: false
17:00:34.879 [FXGL Background Thread 3 ] DEBUG Engine               - isProfilingEnabled: false
17:00:34.879 [FXGL Background Thread 3 ] DEBUG Engine               - isScaleAffectedOnResize: true
17:00:34.879 [FXGL Background Thread 3 ] DEBUG Engine               - isSingleStep: false
17:00:34.879 [FXGL Background Thread 3 ] DEBUG Engine               - isUserProfileEnabled: false
17:00:34.879 [FXGL Background Thread 3 ] DEBUG Engine               - isWindows: true
17:00:34.879 [FXGL Background Thread 3 ] DEBUG Engine               - language: ObjectProperty [value: ENGLISH]
17:00:34.879 [FXGL Background Thread 3 ] DEBUG Engine               - menuKey: ESCAPE
17:00:34.879 [FXGL Background Thread 3 ] DEBUG Engine               - mouseSensitivity: 0.2
17:00:34.879 [FXGL Background Thread 3 ] DEBUG Engine               - notificationViewClass: class com.almasb.fxgl.notification.view.XboxNotificationView
17:00:34.879 [FXGL Background Thread 3 ] DEBUG Engine               - pixelsPerMeter: 50.0
17:00:34.879 [FXGL Background Thread 3 ] DEBUG Engine               - platform: WINDOWS
17:00:34.881 [FXGL Background Thread 3 ] DEBUG Engine               - prefHeightProperty: ReadOnlyDoubleProperty [value: 720.0]
17:00:34.881 [FXGL Background Thread 3 ] DEBUG Engine               - prefWidthProperty: ReadOnlyDoubleProperty [value: 1280.0]
17:00:34.884 [FXGL Background Thread 3 ] DEBUG Engine               - profileDir: profiles/
17:00:34.884 [FXGL Background Thread 3 ] DEBUG Engine               - profileName: StringProperty [value: DEFAULT]
17:00:34.884 [FXGL Background Thread 3 ] DEBUG Engine               - randomSeed: -1
17:00:34.884 [FXGL Background Thread 3 ] DEBUG Engine               - runtimeInfo: RuntimeInfo(platform=WINDOWS, version=21, build=28.12.2023 13.35)
17:00:34.884 [FXGL Background Thread 3 ] DEBUG Engine               - saveFileExt: sav
17:00:34.885 [FXGL Background Thread 3 ] DEBUG Engine               - scaledHeightProp$fxgl: DoubleProperty [bound, value: 720.0]
17:00:34.885 [FXGL Background Thread 3 ] DEBUG Engine               - scaledWidthProp$fxgl: DoubleProperty [bound, value: 1280.0]
17:00:34.885 [FXGL Background Thread 3 ] DEBUG Engine               - sceneFactory: com.almasb.fxgl.app.scene.SceneFactory@12d4dc38
17:00:34.885 [FXGL Background Thread 3 ] DEBUG Engine               - secondsIn24h: 60
17:00:34.885 [FXGL Background Thread 3 ] DEBUG Engine               - soundMenuBack: menu/back.wav
17:00:34.885 [FXGL Background Thread 3 ] DEBUG Engine               - soundMenuPress: menu/press.wav
17:00:34.885 [FXGL Background Thread 3 ] DEBUG Engine               - soundMenuSelect: menu/select.wav
17:00:34.885 [FXGL Background Thread 3 ] DEBUG Engine               - soundNotification: core/notification.wav
17:00:34.886 [FXGL Background Thread 3 ] DEBUG Engine               - stageStyle: DECORATED
17:00:34.886 [FXGL Background Thread 3 ] DEBUG Engine               - supportedLanguages: [ENGLISH, FRENCH, GERMAN, HUNGARIAN, RUSSIAN]
17:00:34.886 [FXGL Background Thread 3 ] DEBUG Engine               - ticksPerSecond: -1
17:00:34.886 [FXGL Background Thread 3 ] DEBUG Engine               - title: Basic Game App
17:00:34.886 [FXGL Background Thread 3 ] DEBUG Engine               - urlGithub: https://github.com/AlmasB/FXGL
17:00:34.886 [FXGL Background Thread 3 ] DEBUG Engine               - urlLeaderboard: http://fxgl-top.herokuapp.com/
17:00:34.886 [FXGL Background Thread 3 ] DEBUG Engine               - urlPOM: https://raw.githubusercontent.com/AlmasB/FXGL/release/README.md
17:00:34.886 [FXGL Background Thread 3 ] DEBUG Engine               - userAppClass: class com.lucenstuff.fxglgames.suikagame.SuikaGame
17:00:34.886 [FXGL Background Thread 3 ] DEBUG Engine               - version: 0.1
17:00:34.886 [FXGL Background Thread 3 ] DEBUG Engine               - versionCheckDays: 7
17:00:34.886 [FXGL Background Thread 3 ] DEBUG Engine               - width: 1280
17:00:34.887 [FXGL Background Thread 3 ] DEBUG Engine               - Logging services
17:00:34.887 [FXGL Background Thread 3 ] DEBUG Engine               - class com.almasb.fxgl.app.services.FXGLAssetLoaderService
17:00:34.887 [FXGL Background Thread 3 ] DEBUG Engine               - class com.almasb.fxgl.app.FXGLApplication$GameApplicationService
17:00:34.887 [FXGL Background Thread 3 ] DEBUG Engine               - class com.almasb.fxgl.app.services.FXGLDialogService
17:00:34.887 [FXGL Background Thread 3 ] DEBUG Engine               - class com.almasb.fxgl.app.services.IOTaskExecutorService
17:00:34.887 [FXGL Background Thread 3 ] DEBUG Engine               - class com.almasb.fxgl.io.FileSystemService
17:00:34.887 [FXGL Background Thread 3 ] DEBUG Engine               - class com.almasb.fxgl.localization.LocalizationService
17:00:34.887 [FXGL Background Thread 3 ] DEBUG Engine               - class com.almasb.fxgl.app.services.SystemBundleService
17:00:34.887 [FXGL Background Thread 3 ] DEBUG Engine               - class com.almasb.fxgl.profile.SaveLoadService
17:00:34.887 [FXGL Background Thread 3 ] DEBUG Engine               - class com.almasb.fxgl.ui.FXGLUIFactoryServiceProvider
17:00:34.887 [FXGL Background Thread 3 ] DEBUG Engine               - class com.almasb.fxgl.ui.FXGLDialogFactoryServiceProvider
17:00:34.888 [FXGL Background Thread 3 ] DEBUG Engine               - class com.almasb.fxgl.audio.AudioPlayer
17:00:34.888 [FXGL Background Thread 3 ] DEBUG Engine               - class com.almasb.fxgl.notification.impl.NotificationServiceProvider
17:00:34.888 [FXGL Background Thread 3 ] DEBUG Engine               - class com.almasb.fxgl.achievement.AchievementService
17:00:34.888 [FXGL Background Thread 3 ] DEBUG Engine               - class com.almasb.fxgl.cutscene.CutsceneService
17:00:34.888 [FXGL Background Thread 3 ] DEBUG Engine               - class com.almasb.fxgl.minigames.MiniGameService
17:00:34.888 [FXGL Background Thread 3 ] DEBUG Engine               - class com.almasb.fxgl.net.NetService
17:00:34.888 [FXGL Background Thread 3 ] DEBUG Engine               - class com.almasb.fxgl.app.services.UpdaterService
17:00:34.888 [FXGL Background Thread 3 ] DEBUG Engine               - class com.almasb.fxgl.dev.DevService
17:00:34.975 [JavaFX Application Thread] DEBUG FXGLAssetLoaderServi - Loading from file system: file:/D:/Programaci%c3%b3n/JAVA/SuikaGame/target/classes/assets/textures/apple_view.png
17:01:05.559 [JavaFX Application Thread] DEBUG FXGLApplication      - Exiting FXGL
17:01:05.559 [JavaFX Application Thread] DEBUG LoopRunner           - Stopping loop
17:01:05.559 [JavaFX Application Thread] DEBUG SystemBundleService  - Saving FXGL system data
17:01:05.563 [JavaFX Application Thread] DEBUG FileSystemAccess     - Writing to: D:\Programación\JAVA\SuikaGame\system\fxgl.bundle
17:01:05.565 [JavaFX Application Thread] DEBUG Async                - Shutting down background threads
17:01:05.565 [JavaFX Application Thread] DEBUG PrimaryStageWindow   - Closing main window
17:01:05.584 [JavaFX Application Thread] DEBUG Logger               - Closing Logger
