15:01:55.308 [main                     ] DEBUG Logger               - Configured Logger
15:01:55.337 [main                     ] DEBUG GameApplication      - Logging settings
Title: Suika FXGL
Version: 0.1
Width: 1280
Height: 720
Fullscreen: false
Intro: false
Profiling: false
Single step:false
App Mode: DEVELOPER
Menu Key: ESCAPE
Stage Style: DECORATED
Scene Factory: class com.almasb.fxgl.app.scene.SceneFactory

15:01:55.876 [JavaFX Application Thread] DEBUG FXGLApplication      - Initializing FXGL
15:01:55.880 [JavaFX Application Thread] INFO  Engine               - FXGL-21 (28.12.2023 13.35) on WINDOWS (J:21.0.2 FX:21.0.1)
15:01:55.881 [JavaFX Application Thread] DEBUG Engine               - JRE Vendor Name: Oracle Corporation
15:01:55.881 [JavaFX Application Thread] DEBUG Engine               - Running on OS: Windows 10 version 10.0
15:01:55.881 [JavaFX Application Thread] DEBUG Engine               - Architecture: amd64
15:01:55.881 [JavaFX Application Thread] INFO  Engine               - Source code and latest versions at: https://github.com/AlmasB/FXGL
15:01:55.881 [JavaFX Application Thread] INFO  Engine               -       Ask questions and discuss at: https://github.com/AlmasB/FXGL/discussions
15:01:55.882 [JavaFX Application Thread] INFO  Engine               -              Join the FXGL chat at: https://gitter.im/AlmasB/FXGL
15:01:56.047 [JavaFX Application Thread] DEBUG PrimaryStageWindow   - Creating a JavaFX scene
15:01:56.122 [JavaFX Application Thread] DEBUG PrimaryStageWindow   - Target settings size: 1280.0 x 720.0
15:01:56.123 [JavaFX Application Thread] DEBUG PrimaryStageWindow   - Scaled scene size:    1280.0 x 720.0
15:01:56.123 [JavaFX Application Thread] DEBUG PrimaryStageWindow   - Scaled ratio: (1.0, 1.0)
15:01:56.124 [JavaFX Application Thread] DEBUG PrimaryStageWindow   - Set initial scene to FXGLStartupScene
15:01:56.128 [JavaFX Application Thread] DEBUG PrimaryStageWindow   - Opening main window
15:01:56.249 [JavaFX Application Thread] DEBUG PrimaryStageWindow   - Window border size: (16.0, 39.0)
15:01:56.249 [JavaFX Application Thread] DEBUG PrimaryStageWindow   - Scaled size: 1280.0 x 720.0
15:01:56.250 [JavaFX Application Thread] DEBUG PrimaryStageWindow   - Scaled ratio: (1.0, 1.0)
15:01:56.252 [JavaFX Application Thread] DEBUG PrimaryStageWindow   - Scene size: 1280.0 x 720.0
15:01:56.252 [JavaFX Application Thread] DEBUG PrimaryStageWindow   - Stage size: 1296.0 x 759.0
15:01:56.266 [FXGL Background Thread 1 ] DEBUG Engine               - Initializing environment variables
15:01:56.364 [FXGL Background Thread 1 ] DEBUG FXGLAssetLoaderServi - User app class for loading assets: class com.lucenstuff.fxglgames.suikagame.SuikaGame
15:01:56.365 [FXGL Background Thread 1 ] DEBUG GameApplicationServi - Applying CSS: fxgl_dark.css
15:01:56.367 [FXGL Background Thread 1 ] DEBUG FXGLAssetLoaderServi - Loading from file system: jar:file:/C:/Users/agust/.m2/repository/com/github/almasb/fxgl/21/fxgl-21.jar!/fxglassets/ui/css/fxgl_dark.css
15:01:56.460 [FXGL Background Thread 1 ] DEBUG GameApplicationServi - Initializing application scenes
15:01:56.562 [FXGL Background Thread 1 ] DEBUG GameWorld            - Game world initialized
15:01:56.632 [FXGL Background Thread 1 ] DEBUG PhysicsWorld         - Physics world initialized: appHeight=720, physics.ppm=50,0
15:01:56.633 [FXGL Background Thread 1 ] DEBUG PhysicsWorld         - Using strategy: BRUTE_FORCE
15:01:56.637 [FXGL Background Thread 1 ] DEBUG GameScene            - Game scene initialized: 1280x720
15:01:56.652 [FXGL Background Thread 1 ] DEBUG FXGL.DefaultMenu     - createMenuBodyGameMenu()
15:01:56.674 [FXGL Background Thread 1 ] DEBUG FXGL.DefaultMenu     - createOptionsMenu()
15:01:56.685 [FXGL Background Thread 1 ] DEBUG FXGLAssetLoaderServi - Loading from file system: jar:file:/C:/Users/agust/.m2/repository/com/github/almasb/fxgl/21/fxgl-21.jar!/fxglassets/textures/particles/smoke.png
15:01:56.803 [FXGL Background Thread 1 ] DEBUG FXGLAssetLoaderServi - Loading from file system: jar:file:/C:/Users/agust/.m2/repository/com/github/almasb/fxgl/21/fxgl-21.jar!/fxglassets/textures/particles/trace_horizontal.png
15:01:56.832 [FXGL Background Thread 1 ] DEBUG GameApplicationServi - Application scenes initialized
15:01:56.853 [FXGL Background Thread 1 ] DEBUG SystemBundleService  - Loading FXGL system data
15:01:56.857 [FXGL Background Thread 1 ] DEBUG FileSystemAccess     - Reading from: C:\Users\agust\IdeaProjects\SuikaGameJavaFXGL2\system\fxgl.bundle
15:01:56.869 [FXGL Background Thread 1 ] DEBUG SystemBundleService  - Bundle FXGL: {}
15:01:56.869 [FXGL Background Thread 1 ] DEBUG UpdaterService       - Checking for updates
15:01:56.910 [FXGL Background Thread 1 ] DEBUG FXGLApplication      - Loading default localization
15:01:56.911 [FXGL Background Thread 1 ] DEBUG FXGLAssetLoaderServi - Loading from file system: jar:file:/C:/Users/agust/.m2/repository/com/github/almasb/fxgl/21/fxgl-21.jar!/fxglassets/languages/english.lang
15:01:56.938 [FXGL Background Thread 1 ] INFO  FXGLApplication      - FXGL initialization took: 0,671 sec
15:01:56.939 [JavaFX Application Thread] DEBUG FXGLAssetLoaderServi - Loading from file system: file:/C:/Users/agust/IdeaProjects/SuikaGameJavaFXGL2/target/classes/assets/textures/watermelon_view.png
15:01:56.961 [FXGL Background Thread 4 ] DEBUG FXGLApplication      - Loading fonts
15:01:56.962 [FXGL Background Thread 4 ] DEBUG FXGLAssetLoaderServi - Loading from file system: jar:file:/C:/Users/agust/.m2/repository/com/github/almasb/fxgl/21/fxgl-21.jar!/fxglassets/ui/fonts/VarelaRound-Regular.ttf
15:01:56.999 [JavaFX Application Thread] DEBUG FXGLAssetLoaderServi - Loading from file system: jar:file:/C:/Users/agust/.m2/repository/com/github/almasb/fxgl/21/fxgl-21.jar!/fxglassets/textures/fxgl_default_cursor.png
15:01:57.002 [FXGL Background Thread 4 ] DEBUG FXGLAssetLoaderServi - Loading from file system: jar:file:/C:/Users/agust/.m2/repository/com/github/almasb/fxgl/21/fxgl-21.jar!/fxglassets/ui/fonts/Abel-Regular.ttf
15:01:57.063 [FXGL Background Thread 4 ] DEBUG FXGLAssetLoaderServi - Loading from file system: jar:file:/C:/Users/agust/.m2/repository/com/github/almasb/fxgl/21/fxgl-21.jar!/fxglassets/ui/fonts/TerminalLandMono-Regular.otf
15:01:57.065 [JavaFX Application Thread] DEBUG Input                - Registered new binding: Screenshot - CTRL+8
15:01:57.069 [JavaFX Application Thread] DEBUG Input                - Registered new binding: Dev Options - 1
15:01:57.070 [JavaFX Application Thread] DEBUG Input                - Registered new binding: Dev Console - 2
15:01:57.070 [JavaFX Application Thread] DEBUG Input                - Registered new binding: System info dump - CTRL+9
15:01:57.071 [JavaFX Application Thread] DEBUG Input                - Registered new binding: Restart - CTRL+R
15:01:57.071 [JavaFX Application Thread] DEBUG Input                - Registered new binding: Toggle Debug Camera - CTRL+7
15:01:57.080 [JavaFX Application Thread] DEBUG LoopRunner           - Starting loop
15:01:57.099 [FXGL Background Thread 4 ] DEBUG FXGLAssetLoaderServi - Loading from file system: jar:file:/C:/Users/agust/.m2/repository/com/github/almasb/fxgl/21/fxgl-21.jar!/fxglassets/ui/fonts/Courier-Prime.ttf
15:01:57.105 [JavaFX Application Thread] DEBUG LoopRunner           - Initializing JavaFX AnimationTimerLoop
15:01:57.110 [JavaFX Application Thread] DEBUG GameApplicationServi - Starting new game
15:01:57.111 [JavaFX Application Thread] DEBUG Input                - Clearing active input actions
15:01:57.128 [JavaFX Application Thread] DEBUG GameApplicationServi - Removing overlay from FXGLStartupScene and adding to FXGLLoadingScene
15:01:57.134 [JavaFX Application Thread] DEBUG PrimaryStageWindow   - FXGLStartupScene -> FXGLLoadingScene
15:01:57.134 [JavaFX Application Thread] DEBUG GameApplicationServi - Clearing previous game
15:01:57.134 [JavaFX Application Thread] DEBUG GameScene            - Clearing game scene
15:01:57.134 [JavaFX Application Thread] DEBUG GameWorld            - Clearing game world
15:01:57.134 [JavaFX Application Thread] DEBUG PhysicsWorld         - Clearing physics world
15:01:57.136 [FXGL Background Thread 1 ] DEBUG FXGLApplication      - Initializing game
15:01:57.181 [FXGL Background Thread 1 ] DEBUG FXGLAssetLoaderServi - Loading from file system: file:/C:/Users/agust/IdeaProjects/SuikaGameJavaFXGL2/target/classes/assets/textures/background_view.png
15:01:57.230 [FXGL Background Thread 1 ] DEBUG FXGLAssetLoaderServi - Loading from file system: file:/C:/Users/agust/IdeaProjects/SuikaGameJavaFXGL2/target/classes/assets/textures/container_view.png
15:01:57.309 [FXGL Background Thread 1 ] DEBUG FXGLAssetLoaderServi - Loading from file system: file:/C:/Users/agust/IdeaProjects/SuikaGameJavaFXGL2/target/classes/assets/textures/ring_view.png
15:01:57.313 [FXGL Background Thread 1 ] DEBUG FXGLAssetLoaderServi - Loading from file system: file:/C:/Users/agust/IdeaProjects/SuikaGameJavaFXGL2/target/classes/assets/textures/next_fruit_view.png
15:01:57.326 [FXGL Background Thread 1 ] DEBUG FXGLAssetLoaderServi - Loading from file system: file:/C:/Users/agust/IdeaProjects/SuikaGameJavaFXGL2/target/classes/assets/textures/score_view.png
15:01:57.338 [FXGL Background Thread 1 ] DEBUG FXGLAssetLoaderServi - Loading from file system: file:/C:/Users/agust/IdeaProjects/SuikaGameJavaFXGL2/target/classes/assets/textures/strawberry_view.png
15:01:57.339 [FXGL Background Thread 1 ] DEBUG FXGLAssetLoaderServi - Loading from file system: file:/C:/Users/agust/IdeaProjects/SuikaGameJavaFXGL2/target/classes/assets/textures/orange_view.png
15:01:57.341 [FXGL Background Thread 1 ] DEBUG FXGLAssetLoaderServi - Loading from file system: file:/C:/Users/agust/IdeaProjects/SuikaGameJavaFXGL2/target/classes/assets/textures/grape_view.png
15:01:57.344 [FXGL Background Thread 1 ] INFO  FXGLApplication      - Game initialization took: 0,208 sec
15:01:57.525 [JavaFX Application Thread] DEBUG FXGLApplication      - Registering font factories with UI factory
15:01:57.531 [JavaFX Application Thread] DEBUG Input                - Clearing active input actions
15:01:57.542 [JavaFX Application Thread] DEBUG GameApplicationServi - Removing overlay from FXGLLoadingScene and adding to GameScene
15:01:57.547 [JavaFX Application Thread] DEBUG PrimaryStageWindow   - FXGLLoadingScene -> GameScene
15:01:58.744 [JavaFX Application Thread] DEBUG FXGLAssetLoaderServi - Loading from file system: file:/C:/Users/agust/IdeaProjects/SuikaGameJavaFXGL2/target/classes/assets/textures/cherry_view.png
15:01:58.747 [JavaFX Application Thread] DEBUG FXGLAssetLoaderServi - Loading from file system: file:/C:/Users/agust/IdeaProjects/SuikaGameJavaFXGL2/target/classes/assets/sounds/fruit_drop.wav
15:01:59.880 [JavaFX Application Thread] DEBUG FXGLAssetLoaderServi - Loading from file system: file:/C:/Users/agust/IdeaProjects/SuikaGameJavaFXGL2/target/classes/assets/textures/apple_view.png
15:01:59.906 [FXGL Background Thread 3 ] DEBUG Engine               - Logging environment variables
15:01:59.907 [FXGL Background Thread 3 ] DEBUG Engine               - achievements: []
15:01:59.907 [FXGL Background Thread 3 ] DEBUG Engine               - actualHeight: 720.0
15:01:59.907 [FXGL Background Thread 3 ] DEBUG Engine               - actualHeightProperty: ReadOnlyDoubleProperty [value: 720.0]
15:01:59.907 [FXGL Background Thread 3 ] DEBUG Engine               - actualWidth: 1280.0
15:01:59.907 [FXGL Background Thread 3 ] DEBUG Engine               - actualWidthProperty: ReadOnlyDoubleProperty [value: 1280.0]
15:01:59.907 [FXGL Background Thread 3 ] DEBUG Engine               - appIcon: watermelon_view.png
15:01:59.907 [FXGL Background Thread 3 ] DEBUG Engine               - applicationMode: DEVELOPER
15:01:59.907 [FXGL Background Thread 3 ] DEBUG Engine               - cSSList: [fxgl_dark.css]
15:01:59.907 [FXGL Background Thread 3 ] DEBUG Engine               - collisionDetectionStrategy: BRUTE_FORCE
15:01:59.907 [FXGL Background Thread 3 ] DEBUG Engine               - configClass: Optional.empty
15:01:59.907 [FXGL Background Thread 3 ] DEBUG Engine               - credits: []
15:01:59.909 [FXGL Background Thread 3 ] DEBUG Engine               - defaultCursor: CursorInfo(imageName=fxgl_default_cursor.png, hotspotX=7.0, hotspotY=6.0)
15:01:59.909 [FXGL Background Thread 3 ] DEBUG Engine               - devBBoxColorProperty: ObjectProperty [value: 0xff0000ff]
15:01:59.909 [FXGL Background Thread 3 ] DEBUG Engine               - devEnableDebugCameraProperty: BooleanProperty [value: false]
15:01:59.910 [FXGL Background Thread 3 ] DEBUG Engine               - devSensorColorProperty: ObjectProperty [value: 0xffff00ff]
15:01:59.910 [FXGL Background Thread 3 ] DEBUG Engine               - devShowBBoxProperty: BooleanProperty [value: false]
15:01:59.910 [FXGL Background Thread 3 ] DEBUG Engine               - devShowPositionProperty: BooleanProperty [value: false]
15:01:59.910 [FXGL Background Thread 3 ] DEBUG Engine               - enabledMenuItems: []
15:01:59.910 [FXGL Background Thread 3 ] DEBUG Engine               - engineServices: [class com.almasb.fxgl.app.services.FXGLAssetLoaderService, class com.almasb.fxgl.app.FXGLApplication$GameApplicationService, class com.almasb.fxgl.app.services.FXGLDialogService, class com.almasb.fxgl.app.services.IOTaskExecutorService, class com.almasb.fxgl.io.FileSystemService, class com.almasb.fxgl.localization.LocalizationService, class com.almasb.fxgl.app.services.SystemBundleService, class com.almasb.fxgl.profile.SaveLoadService, class com.almasb.fxgl.ui.FXGLUIFactoryServiceProvider, class com.almasb.fxgl.ui.FXGLDialogFactoryServiceProvider, class com.almasb.fxgl.audio.AudioPlayer, class com.almasb.fxgl.notification.impl.NotificationServiceProvider, class com.almasb.fxgl.achievement.AchievementService, class com.almasb.fxgl.cutscene.CutsceneService, class com.almasb.fxgl.minigames.MiniGameService, class com.almasb.fxgl.net.NetService, class com.almasb.fxgl.app.services.UpdaterService, class com.almasb.fxgl.dev.DevService]
15:01:59.910 [FXGL Background Thread 3 ] DEBUG Engine               - fontGame: Abel-Regular.ttf
15:01:59.910 [FXGL Background Thread 3 ] DEBUG Engine               - fontMono: TerminalLandMono-Regular.otf
15:01:59.910 [FXGL Background Thread 3 ] DEBUG Engine               - fontSizeScaleUI: 1.0
15:01:59.910 [FXGL Background Thread 3 ] DEBUG Engine               - fontText: Courier-Prime.ttf
15:01:59.911 [FXGL Background Thread 3 ] DEBUG Engine               - fontUI: VarelaRound-Regular.ttf
15:01:59.911 [FXGL Background Thread 3 ] DEBUG Engine               - fullScreen: BooleanProperty [value: false]
15:01:59.911 [FXGL Background Thread 3 ] DEBUG Engine               - gameDifficulty: MEDIUM
15:01:59.911 [FXGL Background Thread 3 ] DEBUG Engine               - gameDifficultyProperty: ObjectProperty [value: MEDIUM]
15:01:59.911 [FXGL Background Thread 3 ] DEBUG Engine               - globalMusicVolume: 0.5
15:01:59.911 [FXGL Background Thread 3 ] DEBUG Engine               - globalMusicVolumeProperty: DoubleProperty [value: 0.5]
15:01:59.911 [FXGL Background Thread 3 ] DEBUG Engine               - globalSoundVolume: 0.5
15:01:59.912 [FXGL Background Thread 3 ] DEBUG Engine               - globalSoundVolumeProperty: DoubleProperty [value: 0.5]
15:01:59.912 [FXGL Background Thread 3 ] DEBUG Engine               - height: 720
15:01:59.912 [FXGL Background Thread 3 ] DEBUG Engine               - is3D: false
15:01:59.912 [FXGL Background Thread 3 ] DEBUG Engine               - isAndroid: false
15:01:59.913 [FXGL Background Thread 3 ] DEBUG Engine               - isBrowser: false
15:01:59.913 [FXGL Background Thread 3 ] DEBUG Engine               - isClickFeedbackEnabled: false
15:01:59.913 [FXGL Background Thread 3 ] DEBUG Engine               - isCloseConfirmation: false
15:01:59.913 [FXGL Background Thread 3 ] DEBUG Engine               - isDesktop: true
15:01:59.913 [FXGL Background Thread 3 ] DEBUG Engine               - isDeveloperMenuEnabled: true
15:01:59.913 [FXGL Background Thread 3 ] DEBUG Engine               - isEmbedded: false
15:01:59.913 [FXGL Background Thread 3 ] DEBUG Engine               - isEntityPreloadEnabled: true
15:01:59.913 [FXGL Background Thread 3 ] DEBUG Engine               - isExperimentalTiledLargeMap: false
15:01:59.913 [FXGL Background Thread 3 ] DEBUG Engine               - isFileSystemWriteAllowed: true
15:01:59.914 [FXGL Background Thread 3 ] DEBUG Engine               - isFullScreenAllowed: false
15:01:59.914 [FXGL Background Thread 3 ] DEBUG Engine               - isFullScreenFromStart: false
15:01:59.914 [FXGL Background Thread 3 ] DEBUG Engine               - isGameMenuEnabled: true
15:01:59.915 [FXGL Background Thread 3 ] DEBUG Engine               - isIOS: false
15:01:59.915 [FXGL Background Thread 3 ] DEBUG Engine               - isIntroEnabled: false
15:01:59.915 [FXGL Background Thread 3 ] DEBUG Engine               - isLinux: false
15:01:59.915 [FXGL Background Thread 3 ] DEBUG Engine               - isMac: false
15:01:59.916 [FXGL Background Thread 3 ] DEBUG Engine               - isMainMenuEnabled: false
15:01:59.916 [FXGL Background Thread 3 ] DEBUG Engine               - isManualResizeEnabled: false
15:01:59.916 [FXGL Background Thread 3 ] DEBUG Engine               - isMobile: false
15:01:59.916 [FXGL Background Thread 3 ] DEBUG Engine               - isNative: false
15:01:59.916 [FXGL Background Thread 3 ] DEBUG Engine               - isPauseMusicWhenMinimized: true
15:01:59.916 [FXGL Background Thread 3 ] DEBUG Engine               - isPreserveResizeRatio: false
15:01:59.916 [FXGL Background Thread 3 ] DEBUG Engine               - isProfilingEnabled: false
15:01:59.916 [FXGL Background Thread 3 ] DEBUG Engine               - isScaleAffectedOnResize: true
15:01:59.916 [FXGL Background Thread 3 ] DEBUG Engine               - isSingleStep: false
15:01:59.916 [FXGL Background Thread 3 ] DEBUG Engine               - isUserProfileEnabled: false
15:01:59.917 [FXGL Background Thread 3 ] DEBUG Engine               - isWindows: true
15:01:59.917 [FXGL Background Thread 3 ] DEBUG Engine               - language: ObjectProperty [value: ENGLISH]
15:01:59.917 [FXGL Background Thread 3 ] DEBUG Engine               - menuKey: ESCAPE
15:01:59.917 [FXGL Background Thread 3 ] DEBUG Engine               - mouseSensitivity: 0.2
15:01:59.917 [FXGL Background Thread 3 ] DEBUG Engine               - notificationViewClass: class com.almasb.fxgl.notification.view.XboxNotificationView
15:01:59.917 [FXGL Background Thread 3 ] DEBUG Engine               - pixelsPerMeter: 50.0
15:01:59.917 [FXGL Background Thread 3 ] DEBUG Engine               - platform: WINDOWS
15:01:59.917 [FXGL Background Thread 3 ] DEBUG Engine               - prefHeightProperty: ReadOnlyDoubleProperty [value: 720.0]
15:01:59.917 [FXGL Background Thread 3 ] DEBUG Engine               - prefWidthProperty: ReadOnlyDoubleProperty [value: 1280.0]
15:01:59.917 [FXGL Background Thread 3 ] DEBUG Engine               - profileDir: profiles/
15:01:59.918 [FXGL Background Thread 3 ] DEBUG Engine               - profileName: StringProperty [value: DEFAULT]
15:01:59.918 [FXGL Background Thread 3 ] DEBUG Engine               - randomSeed: -1
15:01:59.919 [FXGL Background Thread 3 ] DEBUG Engine               - runtimeInfo: RuntimeInfo(platform=WINDOWS, version=21, build=28.12.2023 13.35)
15:01:59.919 [FXGL Background Thread 3 ] DEBUG Engine               - saveFileExt: sav
15:01:59.920 [FXGL Background Thread 3 ] DEBUG Engine               - scaledHeightProp$fxgl: DoubleProperty [bound, value: 720.0]
15:01:59.920 [FXGL Background Thread 3 ] DEBUG Engine               - scaledWidthProp$fxgl: DoubleProperty [bound, value: 1280.0]
15:01:59.920 [FXGL Background Thread 3 ] DEBUG Engine               - sceneFactory: com.almasb.fxgl.app.scene.SceneFactory@543fc144
15:01:59.921 [FXGL Background Thread 3 ] DEBUG Engine               - secondsIn24h: 60
15:01:59.921 [FXGL Background Thread 3 ] DEBUG Engine               - soundMenuBack: menu/back.wav
15:01:59.921 [FXGL Background Thread 3 ] DEBUG Engine               - soundMenuPress: menu/press.wav
15:01:59.921 [FXGL Background Thread 3 ] DEBUG Engine               - soundMenuSelect: menu/select.wav
15:01:59.921 [FXGL Background Thread 3 ] DEBUG Engine               - soundNotification: core/notification.wav
15:01:59.921 [FXGL Background Thread 3 ] DEBUG Engine               - stageStyle: DECORATED
15:01:59.921 [FXGL Background Thread 3 ] DEBUG Engine               - supportedLanguages: [ENGLISH, FRENCH, GERMAN, HUNGARIAN, RUSSIAN]
15:01:59.921 [FXGL Background Thread 3 ] DEBUG Engine               - ticksPerSecond: -1
15:01:59.921 [FXGL Background Thread 3 ] DEBUG Engine               - title: Suika FXGL
15:01:59.921 [FXGL Background Thread 3 ] DEBUG Engine               - urlGithub: https://github.com/AlmasB/FXGL
15:01:59.921 [FXGL Background Thread 3 ] DEBUG Engine               - urlLeaderboard: http://fxgl-top.herokuapp.com/
15:01:59.922 [FXGL Background Thread 3 ] DEBUG Engine               - urlPOM: https://raw.githubusercontent.com/AlmasB/FXGL/release/README.md
15:01:59.922 [FXGL Background Thread 3 ] DEBUG Engine               - userAppClass: class com.lucenstuff.fxglgames.suikagame.SuikaGame
15:01:59.922 [FXGL Background Thread 3 ] DEBUG Engine               - version: 0.1
15:01:59.922 [FXGL Background Thread 3 ] DEBUG Engine               - versionCheckDays: 7
15:01:59.922 [FXGL Background Thread 3 ] DEBUG Engine               - width: 1280
15:01:59.922 [FXGL Background Thread 3 ] DEBUG Engine               - Logging services
15:01:59.922 [FXGL Background Thread 3 ] DEBUG Engine               - class com.almasb.fxgl.app.services.FXGLAssetLoaderService
15:01:59.922 [FXGL Background Thread 3 ] DEBUG Engine               - class com.almasb.fxgl.app.FXGLApplication$GameApplicationService
15:01:59.922 [FXGL Background Thread 3 ] DEBUG Engine               - class com.almasb.fxgl.app.services.FXGLDialogService
15:01:59.922 [FXGL Background Thread 3 ] DEBUG Engine               - class com.almasb.fxgl.app.services.IOTaskExecutorService
15:01:59.922 [FXGL Background Thread 3 ] DEBUG Engine               - class com.almasb.fxgl.io.FileSystemService
15:01:59.922 [FXGL Background Thread 3 ] DEBUG Engine               - class com.almasb.fxgl.localization.LocalizationService
15:01:59.922 [FXGL Background Thread 3 ] DEBUG Engine               - class com.almasb.fxgl.app.services.SystemBundleService
15:01:59.922 [FXGL Background Thread 3 ] DEBUG Engine               - class com.almasb.fxgl.profile.SaveLoadService
15:01:59.923 [FXGL Background Thread 3 ] DEBUG Engine               - class com.almasb.fxgl.ui.FXGLUIFactoryServiceProvider
15:01:59.923 [FXGL Background Thread 3 ] DEBUG Engine               - class com.almasb.fxgl.ui.FXGLDialogFactoryServiceProvider
15:01:59.923 [FXGL Background Thread 3 ] DEBUG Engine               - class com.almasb.fxgl.audio.AudioPlayer
15:01:59.923 [FXGL Background Thread 3 ] DEBUG Engine               - class com.almasb.fxgl.notification.impl.NotificationServiceProvider
15:01:59.923 [FXGL Background Thread 3 ] DEBUG Engine               - class com.almasb.fxgl.achievement.AchievementService
15:01:59.923 [FXGL Background Thread 3 ] DEBUG Engine               - class com.almasb.fxgl.cutscene.CutsceneService
15:01:59.923 [FXGL Background Thread 3 ] DEBUG Engine               - class com.almasb.fxgl.minigames.MiniGameService
15:01:59.923 [FXGL Background Thread 3 ] DEBUG Engine               - class com.almasb.fxgl.net.NetService
15:01:59.923 [FXGL Background Thread 3 ] DEBUG Engine               - class com.almasb.fxgl.app.services.UpdaterService
15:01:59.923 [FXGL Background Thread 3 ] DEBUG Engine               - class com.almasb.fxgl.dev.DevService
15:02:01.310 [JavaFX Application Thread] DEBUG FXGLAssetLoaderServi - Loading from file system: file:/C:/Users/agust/IdeaProjects/SuikaGameJavaFXGL2/target/classes/assets/textures/lemon_view.png
15:02:07.199 [JavaFX Application Thread] DEBUG FXGLAssetLoaderServi - Loading from file system: file:/C:/Users/agust/IdeaProjects/SuikaGameJavaFXGL2/target/classes/assets/sounds/fruit_merge.wav
15:02:15.604 [JavaFX Application Thread] DEBUG FXGLAssetLoaderServi - Loading from file system: file:/C:/Users/agust/IdeaProjects/SuikaGameJavaFXGL2/target/classes/assets/textures/pear_view.png
15:02:19.071 [JavaFX Application Thread] DEBUG FXGLApplication      - Exiting FXGL
15:02:19.071 [JavaFX Application Thread] DEBUG LoopRunner           - Stopping loop
15:02:19.071 [JavaFX Application Thread] DEBUG SystemBundleService  - Saving FXGL system data
15:02:19.073 [JavaFX Application Thread] DEBUG FileSystemAccess     - Writing to: C:\Users\agust\IdeaProjects\SuikaGameJavaFXGL2\system\fxgl.bundle
15:02:19.076 [JavaFX Application Thread] DEBUG Async                - Shutting down background threads
15:02:19.076 [JavaFX Application Thread] DEBUG PrimaryStageWindow   - Closing main window
15:02:19.090 [JavaFX Application Thread] DEBUG Logger               - Closing Logger
