12:52:33.897 [main                     ] DEBUG Logger               - Configured Logger
12:52:33.926 [main                     ] DEBUG GameApplication      - Logging settings
Title: Basic Game App
Version: 0.1
Width: 1280
Height: 720
Fullscreen: false
Intro: false
Profiling: false
Single step:false
App Mode: DEVELOPER
Menu Key: ESCAPE
Stage Style: DECORATED
Scene Factory: class com.almasb.fxgl.app.scene.SceneFactory

12:52:34.435 [JavaFX Application Thread] DEBUG FXGLApplication      - Initializing FXGL
12:52:34.439 [JavaFX Application Thread] INFO  Engine               - FXGL-21 (28.12.2023 13.35) on WINDOWS (J:21.0.1 FX:21.0.1)
12:52:34.439 [JavaFX Application Thread] DEBUG Engine               - JRE Vendor Name: Oracle Corporation
12:52:34.439 [JavaFX Application Thread] DEBUG Engine               - Running on OS: Windows 11 version 10.0
12:52:34.440 [JavaFX Application Thread] DEBUG Engine               - Architecture: amd64
12:52:34.440 [JavaFX Application Thread] INFO  Engine               - Source code and latest versions at: https://github.com/AlmasB/FXGL
12:52:34.440 [JavaFX Application Thread] INFO  Engine               -       Ask questions and discuss at: https://github.com/AlmasB/FXGL/discussions
12:52:34.440 [JavaFX Application Thread] INFO  Engine               -              Join the FXGL chat at: https://gitter.im/AlmasB/FXGL
12:52:34.573 [JavaFX Application Thread] DEBUG PrimaryStageWindow   - Creating a JavaFX scene
12:52:34.654 [JavaFX Application Thread] DEBUG PrimaryStageWindow   - Target settings size: 1280.0 x 720.0
12:52:34.654 [JavaFX Application Thread] DEBUG PrimaryStageWindow   - Scaled scene size:    1280.0 x 720.0
12:52:34.654 [JavaFX Application Thread] DEBUG PrimaryStageWindow   - Scaled ratio: (1.0, 1.0)
12:52:34.656 [JavaFX Application Thread] DEBUG PrimaryStageWindow   - Set initial scene to FXGLStartupScene
12:52:34.660 [JavaFX Application Thread] DEBUG PrimaryStageWindow   - Opening main window
12:52:34.772 [JavaFX Application Thread] DEBUG PrimaryStageWindow   - Window border size: (16.0, 39.0)
12:52:34.772 [JavaFX Application Thread] DEBUG PrimaryStageWindow   - Scaled size: 1280.0 x 720.0
12:52:34.773 [JavaFX Application Thread] DEBUG PrimaryStageWindow   - Scaled ratio: (1.0, 1.0)
12:52:34.773 [JavaFX Application Thread] DEBUG PrimaryStageWindow   - Scene size: 1280.0 x 720.0
12:52:34.773 [JavaFX Application Thread] DEBUG PrimaryStageWindow   - Stage size: 1296.0 x 759.0
12:52:34.782 [FXGL Background Thread 1 ] DEBUG Engine               - Initializing environment variables
12:52:34.858 [FXGL Background Thread 1 ] DEBUG FXGLAssetLoaderServi - User app class for loading assets: class com.lucenstuff.fxglgames.suikagame.SuikaGame
12:52:34.859 [FXGL Background Thread 1 ] DEBUG GameApplicationServi - Applying CSS: fxgl_dark.css
12:52:34.859 [FXGL Background Thread 1 ] DEBUG FXGLAssetLoaderServi - Loading from file system: jar:file:/C:/Users/agust/.m2/repository/com/github/almasb/fxgl/21/fxgl-21.jar!/fxglassets/ui/css/fxgl_dark.css
12:52:34.919 [FXGL Background Thread 1 ] DEBUG GameApplicationServi - Initializing application scenes
12:52:35.009 [FXGL Background Thread 1 ] DEBUG GameWorld            - Game world initialized
12:52:35.077 [FXGL Background Thread 1 ] DEBUG PhysicsWorld         - Physics world initialized: appHeight=720, physics.ppm=50,0
12:52:35.077 [FXGL Background Thread 1 ] DEBUG PhysicsWorld         - Using strategy: BRUTE_FORCE
12:52:35.081 [FXGL Background Thread 1 ] DEBUG GameScene            - Game scene initialized: 1280x720
12:52:35.094 [FXGL Background Thread 1 ] DEBUG FXGL.DefaultMenu     - createMenuBodyGameMenu()
12:52:35.112 [FXGL Background Thread 1 ] DEBUG FXGL.DefaultMenu     - createOptionsMenu()
12:52:35.123 [FXGL Background Thread 1 ] DEBUG FXGLAssetLoaderServi - Loading from file system: jar:file:/C:/Users/agust/.m2/repository/com/github/almasb/fxgl/21/fxgl-21.jar!/fxglassets/textures/particles/smoke.png
12:52:35.241 [FXGL Background Thread 1 ] DEBUG FXGLAssetLoaderServi - Loading from file system: jar:file:/C:/Users/agust/.m2/repository/com/github/almasb/fxgl/21/fxgl-21.jar!/fxglassets/textures/particles/trace_horizontal.png
12:52:35.273 [FXGL Background Thread 1 ] DEBUG GameApplicationServi - Application scenes initialized
12:52:35.291 [FXGL Background Thread 1 ] DEBUG SystemBundleService  - Loading FXGL system data
12:52:35.295 [FXGL Background Thread 1 ] DEBUG FileSystemAccess     - Reading from: D:\Programación\JAVA\SuikaGame\system\fxgl.bundle
12:52:35.308 [FXGL Background Thread 1 ] DEBUG SystemBundleService  - Bundle FXGL: {}
12:52:35.308 [FXGL Background Thread 1 ] DEBUG UpdaterService       - Checking for updates
12:52:35.350 [FXGL Background Thread 1 ] DEBUG FXGLApplication      - Loading default localization
12:52:35.352 [FXGL Background Thread 1 ] DEBUG FXGLAssetLoaderServi - Loading from file system: jar:file:/C:/Users/agust/.m2/repository/com/github/almasb/fxgl/21/fxgl-21.jar!/fxglassets/languages/english.lang
12:52:35.361 [FXGL Background Thread 4 ] DEBUG FXGLApplication      - Loading fonts
12:52:35.363 [FXGL Background Thread 4 ] DEBUG FXGLAssetLoaderServi - Loading from file system: jar:file:/C:/Users/agust/.m2/repository/com/github/almasb/fxgl/21/fxgl-21.jar!/fxglassets/ui/fonts/VarelaRound-Regular.ttf
12:52:35.392 [FXGL Background Thread 1 ] INFO  FXGLApplication      - FXGL initialization took: 0,610 sec
12:52:35.394 [JavaFX Application Thread] DEBUG FXGLAssetLoaderServi - Loading from file system: jar:file:/C:/Users/agust/.m2/repository/com/github/almasb/fxgl/21/fxgl-21.jar!/fxglassets/textures/fxgl_icon.png
12:52:35.415 [JavaFX Application Thread] DEBUG FXGLAssetLoaderServi - Loading from file system: jar:file:/C:/Users/agust/.m2/repository/com/github/almasb/fxgl/21/fxgl-21.jar!/fxglassets/textures/fxgl_default_cursor.png
12:52:35.430 [JavaFX Application Thread] DEBUG Input                - Registered new binding: Screenshot - CTRL+8
12:52:35.431 [JavaFX Application Thread] DEBUG Input                - Registered new binding: Dev Options - 1
12:52:35.431 [JavaFX Application Thread] DEBUG Input                - Registered new binding: Dev Console - 2
12:52:35.432 [JavaFX Application Thread] DEBUG Input                - Registered new binding: System info dump - CTRL+9
12:52:35.432 [JavaFX Application Thread] DEBUG Input                - Registered new binding: Restart - CTRL+R
12:52:35.433 [JavaFX Application Thread] DEBUG Input                - Registered new binding: Toggle Debug Camera - CTRL+7
12:52:35.437 [JavaFX Application Thread] DEBUG LoopRunner           - Starting loop
12:52:35.448 [FXGL Background Thread 4 ] DEBUG FXGLAssetLoaderServi - Loading from file system: jar:file:/C:/Users/agust/.m2/repository/com/github/almasb/fxgl/21/fxgl-21.jar!/fxglassets/ui/fonts/Abel-Regular.ttf
12:52:35.463 [JavaFX Application Thread] DEBUG LoopRunner           - Initializing JavaFX AnimationTimerLoop
12:52:35.470 [JavaFX Application Thread] DEBUG GameApplicationServi - Starting new game
12:52:35.471 [JavaFX Application Thread] DEBUG Input                - Clearing active input actions
12:52:35.493 [JavaFX Application Thread] DEBUG GameApplicationServi - Removing overlay from FXGLStartupScene and adding to FXGLLoadingScene
12:52:35.500 [JavaFX Application Thread] DEBUG PrimaryStageWindow   - FXGLStartupScene -> FXGLLoadingScene
12:52:35.501 [JavaFX Application Thread] DEBUG GameApplicationServi - Clearing previous game
12:52:35.501 [JavaFX Application Thread] DEBUG GameScene            - Clearing game scene
12:52:35.501 [JavaFX Application Thread] DEBUG GameWorld            - Clearing game world
12:52:35.501 [JavaFX Application Thread] DEBUG PhysicsWorld         - Clearing physics world
12:52:35.503 [FXGL Background Thread 1 ] DEBUG FXGLApplication      - Initializing game
12:52:35.512 [FXGL Background Thread 1 ] DEBUG FXGLAssetLoaderServi - Loading from file system: file:/D:/Programaci%c3%b3n/JAVA/SuikaGame/target/classes/assets/textures/background_view.png
12:52:35.546 [FXGL Background Thread 1 ] DEBUG FXGLAssetLoaderServi - Loading from file system: file:/D:/Programaci%c3%b3n/JAVA/SuikaGame/target/classes/assets/textures/container_view.png
12:52:35.584 [FXGL Background Thread 1 ] DEBUG FXGLAssetLoaderServi - Loading from file system: file:/D:/Programaci%c3%b3n/JAVA/SuikaGame/target/classes/assets/textures/ring_view.png
12:52:35.588 [FXGL Background Thread 1 ] DEBUG FXGLAssetLoaderServi - Loading from file system: file:/D:/Programaci%c3%b3n/JAVA/SuikaGame/target/classes/assets/textures/next_fruit_view.png
12:52:35.591 [FXGL Background Thread 1 ] INFO  FXGLApplication      - Game initialization took: 0,087 sec
12:52:35.596 [FXGL Background Thread 4 ] DEBUG FXGLAssetLoaderServi - Loading from file system: jar:file:/C:/Users/agust/.m2/repository/com/github/almasb/fxgl/21/fxgl-21.jar!/fxglassets/ui/fonts/TerminalLandMono-Regular.otf
12:52:35.885 [JavaFX Application Thread] DEBUG Input                - Clearing active input actions
12:52:35.900 [FXGL Background Thread 4 ] DEBUG FXGLAssetLoaderServi - Loading from file system: jar:file:/C:/Users/agust/.m2/repository/com/github/almasb/fxgl/21/fxgl-21.jar!/fxglassets/ui/fonts/Courier-Prime.ttf
12:52:35.906 [JavaFX Application Thread] DEBUG GameApplicationServi - Removing overlay from FXGLLoadingScene and adding to GameScene
12:52:35.912 [JavaFX Application Thread] DEBUG PrimaryStageWindow   - FXGLLoadingScene -> GameScene
12:52:36.022 [JavaFX Application Thread] DEBUG FXGLApplication      - Registering font factories with UI factory
12:52:36.303 [JavaFX Application Thread] DEBUG FXGLAssetLoaderServi - Loading from file system: file:/D:/Programaci%c3%b3n/JAVA/SuikaGame/target/classes/assets/textures/strawberry_view.png
12:52:36.304 [JavaFX Application Thread] DEBUG FXGLAssetLoaderServi - Loading from file system: file:/D:/Programaci%c3%b3n/JAVA/SuikaGame/target/classes/assets/textures/apple_view.png
12:52:37.771 [JavaFX Application Thread] DEBUG FXGLAssetLoaderServi - Loading from file system: file:/D:/Programaci%c3%b3n/JAVA/SuikaGame/target/classes/assets/textures/grape_view.png
12:52:38.345 [FXGL Background Thread 3 ] DEBUG Engine               - Logging environment variables
12:52:38.346 [FXGL Background Thread 3 ] DEBUG Engine               - achievements: []
12:52:38.346 [FXGL Background Thread 3 ] DEBUG Engine               - actualHeight: 720.0
12:52:38.346 [FXGL Background Thread 3 ] DEBUG Engine               - actualHeightProperty: ReadOnlyDoubleProperty [value: 720.0]
12:52:38.346 [FXGL Background Thread 3 ] DEBUG Engine               - actualWidth: 1280.0
12:52:38.346 [FXGL Background Thread 3 ] DEBUG Engine               - actualWidthProperty: ReadOnlyDoubleProperty [value: 1280.0]
12:52:38.346 [FXGL Background Thread 3 ] DEBUG Engine               - appIcon: fxgl_icon.png
12:52:38.346 [FXGL Background Thread 3 ] DEBUG Engine               - applicationMode: DEVELOPER
12:52:38.346 [FXGL Background Thread 3 ] DEBUG Engine               - cSSList: [fxgl_dark.css]
12:52:38.346 [FXGL Background Thread 3 ] DEBUG Engine               - collisionDetectionStrategy: BRUTE_FORCE
12:52:38.347 [FXGL Background Thread 3 ] DEBUG Engine               - configClass: Optional.empty
12:52:38.347 [FXGL Background Thread 3 ] DEBUG Engine               - credits: []
12:52:38.348 [FXGL Background Thread 3 ] DEBUG Engine               - defaultCursor: CursorInfo(imageName=fxgl_default_cursor.png, hotspotX=7.0, hotspotY=6.0)
12:52:38.348 [FXGL Background Thread 3 ] DEBUG Engine               - devBBoxColorProperty: ObjectProperty [value: 0xff0000ff]
12:52:38.348 [FXGL Background Thread 3 ] DEBUG Engine               - devEnableDebugCameraProperty: BooleanProperty [value: false]
12:52:38.348 [FXGL Background Thread 3 ] DEBUG Engine               - devSensorColorProperty: ObjectProperty [value: 0xffff00ff]
12:52:38.349 [FXGL Background Thread 3 ] DEBUG Engine               - devShowBBoxProperty: BooleanProperty [value: false]
12:52:38.349 [FXGL Background Thread 3 ] DEBUG Engine               - devShowPositionProperty: BooleanProperty [value: false]
12:52:38.349 [FXGL Background Thread 3 ] DEBUG Engine               - enabledMenuItems: []
12:52:38.349 [FXGL Background Thread 3 ] DEBUG Engine               - engineServices: [class com.almasb.fxgl.app.services.FXGLAssetLoaderService, class com.almasb.fxgl.app.FXGLApplication$GameApplicationService, class com.almasb.fxgl.app.services.FXGLDialogService, class com.almasb.fxgl.app.services.IOTaskExecutorService, class com.almasb.fxgl.io.FileSystemService, class com.almasb.fxgl.localization.LocalizationService, class com.almasb.fxgl.app.services.SystemBundleService, class com.almasb.fxgl.profile.SaveLoadService, class com.almasb.fxgl.ui.FXGLUIFactoryServiceProvider, class com.almasb.fxgl.ui.FXGLDialogFactoryServiceProvider, class com.almasb.fxgl.audio.AudioPlayer, class com.almasb.fxgl.notification.impl.NotificationServiceProvider, class com.almasb.fxgl.achievement.AchievementService, class com.almasb.fxgl.cutscene.CutsceneService, class com.almasb.fxgl.minigames.MiniGameService, class com.almasb.fxgl.net.NetService, class com.almasb.fxgl.app.services.UpdaterService, class com.almasb.fxgl.dev.DevService]
12:52:38.349 [FXGL Background Thread 3 ] DEBUG Engine               - fontGame: Abel-Regular.ttf
12:52:38.349 [FXGL Background Thread 3 ] DEBUG Engine               - fontMono: TerminalLandMono-Regular.otf
12:52:38.349 [FXGL Background Thread 3 ] DEBUG Engine               - fontSizeScaleUI: 1.0
12:52:38.349 [FXGL Background Thread 3 ] DEBUG Engine               - fontText: Courier-Prime.ttf
12:52:38.349 [FXGL Background Thread 3 ] DEBUG Engine               - fontUI: VarelaRound-Regular.ttf
12:52:38.350 [FXGL Background Thread 3 ] DEBUG Engine               - fullScreen: BooleanProperty [value: false]
12:52:38.350 [FXGL Background Thread 3 ] DEBUG Engine               - gameDifficulty: MEDIUM
12:52:38.350 [FXGL Background Thread 3 ] DEBUG Engine               - gameDifficultyProperty: ObjectProperty [value: MEDIUM]
12:52:38.350 [FXGL Background Thread 3 ] DEBUG Engine               - globalMusicVolume: 0.5
12:52:38.350 [FXGL Background Thread 3 ] DEBUG Engine               - globalMusicVolumeProperty: DoubleProperty [value: 0.5]
12:52:38.350 [FXGL Background Thread 3 ] DEBUG Engine               - globalSoundVolume: 0.5
12:52:38.350 [FXGL Background Thread 3 ] DEBUG Engine               - globalSoundVolumeProperty: DoubleProperty [value: 0.5]
12:52:38.350 [FXGL Background Thread 3 ] DEBUG Engine               - height: 720
12:52:38.350 [FXGL Background Thread 3 ] DEBUG Engine               - is3D: false
12:52:38.350 [FXGL Background Thread 3 ] DEBUG Engine               - isAndroid: false
12:52:38.350 [FXGL Background Thread 3 ] DEBUG Engine               - isBrowser: false
12:52:38.350 [FXGL Background Thread 3 ] DEBUG Engine               - isClickFeedbackEnabled: false
12:52:38.350 [FXGL Background Thread 3 ] DEBUG Engine               - isCloseConfirmation: false
12:52:38.351 [FXGL Background Thread 3 ] DEBUG Engine               - isDesktop: true
12:52:38.351 [FXGL Background Thread 3 ] DEBUG Engine               - isDeveloperMenuEnabled: true
12:52:38.351 [FXGL Background Thread 3 ] DEBUG Engine               - isEmbedded: false
12:52:38.351 [FXGL Background Thread 3 ] DEBUG Engine               - isEntityPreloadEnabled: true
12:52:38.351 [FXGL Background Thread 3 ] DEBUG Engine               - isExperimentalTiledLargeMap: false
12:52:38.351 [FXGL Background Thread 3 ] DEBUG Engine               - isFileSystemWriteAllowed: true
12:52:38.351 [FXGL Background Thread 3 ] DEBUG Engine               - isFullScreenAllowed: false
12:52:38.351 [FXGL Background Thread 3 ] DEBUG Engine               - isFullScreenFromStart: false
12:52:38.351 [FXGL Background Thread 3 ] DEBUG Engine               - isGameMenuEnabled: true
12:52:38.351 [FXGL Background Thread 3 ] DEBUG Engine               - isIOS: false
12:52:38.352 [FXGL Background Thread 3 ] DEBUG Engine               - isIntroEnabled: false
12:52:38.352 [FXGL Background Thread 3 ] DEBUG Engine               - isLinux: false
12:52:38.352 [FXGL Background Thread 3 ] DEBUG Engine               - isMac: false
12:52:38.353 [FXGL Background Thread 3 ] DEBUG Engine               - isMainMenuEnabled: false
12:52:38.353 [FXGL Background Thread 3 ] DEBUG Engine               - isManualResizeEnabled: false
12:52:38.353 [FXGL Background Thread 3 ] DEBUG Engine               - isMobile: false
12:52:38.353 [FXGL Background Thread 3 ] DEBUG Engine               - isNative: false
12:52:38.353 [FXGL Background Thread 3 ] DEBUG Engine               - isPauseMusicWhenMinimized: true
12:52:38.353 [FXGL Background Thread 3 ] DEBUG Engine               - isPreserveResizeRatio: false
12:52:38.353 [FXGL Background Thread 3 ] DEBUG Engine               - isProfilingEnabled: false
12:52:38.353 [FXGL Background Thread 3 ] DEBUG Engine               - isScaleAffectedOnResize: true
12:52:38.353 [FXGL Background Thread 3 ] DEBUG Engine               - isSingleStep: false
12:52:38.353 [FXGL Background Thread 3 ] DEBUG Engine               - isUserProfileEnabled: false
12:52:38.353 [FXGL Background Thread 3 ] DEBUG Engine               - isWindows: true
12:52:38.353 [FXGL Background Thread 3 ] DEBUG Engine               - language: ObjectProperty [value: ENGLISH]
12:52:38.353 [FXGL Background Thread 3 ] DEBUG Engine               - menuKey: ESCAPE
12:52:38.353 [FXGL Background Thread 3 ] DEBUG Engine               - mouseSensitivity: 0.2
12:52:38.353 [FXGL Background Thread 3 ] DEBUG Engine               - notificationViewClass: class com.almasb.fxgl.notification.view.XboxNotificationView
12:52:38.354 [FXGL Background Thread 3 ] DEBUG Engine               - pixelsPerMeter: 50.0
12:52:38.354 [FXGL Background Thread 3 ] DEBUG Engine               - platform: WINDOWS
12:52:38.354 [FXGL Background Thread 3 ] DEBUG Engine               - prefHeightProperty: ReadOnlyDoubleProperty [value: 720.0]
12:52:38.354 [FXGL Background Thread 3 ] DEBUG Engine               - prefWidthProperty: ReadOnlyDoubleProperty [value: 1280.0]
12:52:38.354 [FXGL Background Thread 3 ] DEBUG Engine               - profileDir: profiles/
12:52:38.354 [FXGL Background Thread 3 ] DEBUG Engine               - profileName: StringProperty [value: DEFAULT]
12:52:38.354 [FXGL Background Thread 3 ] DEBUG Engine               - randomSeed: -1
12:52:38.354 [FXGL Background Thread 3 ] DEBUG Engine               - runtimeInfo: RuntimeInfo(platform=WINDOWS, version=21, build=28.12.2023 13.35)
12:52:38.355 [FXGL Background Thread 3 ] DEBUG Engine               - saveFileExt: sav
12:52:38.355 [FXGL Background Thread 3 ] DEBUG Engine               - scaledHeightProp$fxgl: DoubleProperty [bound, value: 720.0]
12:52:38.355 [FXGL Background Thread 3 ] DEBUG Engine               - scaledWidthProp$fxgl: DoubleProperty [bound, value: 1280.0]
12:52:38.355 [FXGL Background Thread 3 ] DEBUG Engine               - sceneFactory: com.almasb.fxgl.app.scene.SceneFactory@4b2e44b
12:52:38.355 [FXGL Background Thread 3 ] DEBUG Engine               - secondsIn24h: 60
12:52:38.355 [FXGL Background Thread 3 ] DEBUG Engine               - soundMenuBack: menu/back.wav
12:52:38.355 [FXGL Background Thread 3 ] DEBUG Engine               - soundMenuPress: menu/press.wav
12:52:38.355 [FXGL Background Thread 3 ] DEBUG Engine               - soundMenuSelect: menu/select.wav
12:52:38.355 [FXGL Background Thread 3 ] DEBUG Engine               - soundNotification: core/notification.wav
12:52:38.355 [FXGL Background Thread 3 ] DEBUG Engine               - stageStyle: DECORATED
12:52:38.355 [FXGL Background Thread 3 ] DEBUG Engine               - supportedLanguages: [ENGLISH, FRENCH, GERMAN, HUNGARIAN, RUSSIAN]
12:52:38.355 [FXGL Background Thread 3 ] DEBUG Engine               - ticksPerSecond: -1
12:52:38.355 [FXGL Background Thread 3 ] DEBUG Engine               - title: Basic Game App
12:52:38.356 [FXGL Background Thread 3 ] DEBUG Engine               - urlGithub: https://github.com/AlmasB/FXGL
12:52:38.356 [FXGL Background Thread 3 ] DEBUG Engine               - urlLeaderboard: http://fxgl-top.herokuapp.com/
12:52:38.356 [FXGL Background Thread 3 ] DEBUG Engine               - urlPOM: https://raw.githubusercontent.com/AlmasB/FXGL/release/README.md
12:52:38.356 [FXGL Background Thread 3 ] DEBUG Engine               - userAppClass: class com.lucenstuff.fxglgames.suikagame.SuikaGame
12:52:38.356 [FXGL Background Thread 3 ] DEBUG Engine               - version: 0.1
12:52:38.356 [FXGL Background Thread 3 ] DEBUG Engine               - versionCheckDays: 7
12:52:38.356 [FXGL Background Thread 3 ] DEBUG Engine               - width: 1280
12:52:38.356 [FXGL Background Thread 3 ] DEBUG Engine               - Logging services
12:52:38.356 [FXGL Background Thread 3 ] DEBUG Engine               - class com.almasb.fxgl.app.services.FXGLAssetLoaderService
12:52:38.356 [FXGL Background Thread 3 ] DEBUG Engine               - class com.almasb.fxgl.app.FXGLApplication$GameApplicationService
12:52:38.356 [FXGL Background Thread 3 ] DEBUG Engine               - class com.almasb.fxgl.app.services.FXGLDialogService
12:52:38.356 [FXGL Background Thread 3 ] DEBUG Engine               - class com.almasb.fxgl.app.services.IOTaskExecutorService
12:52:38.356 [FXGL Background Thread 3 ] DEBUG Engine               - class com.almasb.fxgl.io.FileSystemService
12:52:38.356 [FXGL Background Thread 3 ] DEBUG Engine               - class com.almasb.fxgl.localization.LocalizationService
12:52:38.356 [FXGL Background Thread 3 ] DEBUG Engine               - class com.almasb.fxgl.app.services.SystemBundleService
12:52:38.356 [FXGL Background Thread 3 ] DEBUG Engine               - class com.almasb.fxgl.profile.SaveLoadService
12:52:38.356 [FXGL Background Thread 3 ] DEBUG Engine               - class com.almasb.fxgl.ui.FXGLUIFactoryServiceProvider
12:52:38.356 [FXGL Background Thread 3 ] DEBUG Engine               - class com.almasb.fxgl.ui.FXGLDialogFactoryServiceProvider
12:52:38.356 [FXGL Background Thread 3 ] DEBUG Engine               - class com.almasb.fxgl.audio.AudioPlayer
12:52:38.357 [FXGL Background Thread 3 ] DEBUG Engine               - class com.almasb.fxgl.notification.impl.NotificationServiceProvider
12:52:38.357 [FXGL Background Thread 3 ] DEBUG Engine               - class com.almasb.fxgl.achievement.AchievementService
12:52:38.357 [FXGL Background Thread 3 ] DEBUG Engine               - class com.almasb.fxgl.cutscene.CutsceneService
12:52:38.357 [FXGL Background Thread 3 ] DEBUG Engine               - class com.almasb.fxgl.minigames.MiniGameService
12:52:38.357 [FXGL Background Thread 3 ] DEBUG Engine               - class com.almasb.fxgl.net.NetService
12:52:38.357 [FXGL Background Thread 3 ] DEBUG Engine               - class com.almasb.fxgl.app.services.UpdaterService
12:52:38.357 [FXGL Background Thread 3 ] DEBUG Engine               - class com.almasb.fxgl.dev.DevService
12:52:40.711 [JavaFX Application Thread] DEBUG FXGLAssetLoaderServi - Loading from file system: file:/D:/Programaci%c3%b3n/JAVA/SuikaGame/target/classes/assets/textures/lemon_view.png
12:52:41.814 [JavaFX Application Thread] DEBUG FXGLAssetLoaderServi - Loading from file system: file:/D:/Programaci%c3%b3n/JAVA/SuikaGame/target/classes/assets/textures/cherry_view.png
12:52:42.662 [JavaFX Application Thread] DEBUG FXGLAssetLoaderServi - Loading from file system: file:/D:/Programaci%c3%b3n/JAVA/SuikaGame/target/classes/assets/textures/orange_view.png
12:52:47.399 [JavaFX Application Thread] DEBUG FXGLApplication      - Exiting FXGL
12:52:47.399 [JavaFX Application Thread] DEBUG LoopRunner           - Stopping loop
12:52:47.400 [JavaFX Application Thread] DEBUG SystemBundleService  - Saving FXGL system data
12:52:47.401 [JavaFX Application Thread] DEBUG FileSystemAccess     - Writing to: D:\Programación\JAVA\SuikaGame\system\fxgl.bundle
12:52:47.403 [JavaFX Application Thread] DEBUG Async                - Shutting down background threads
12:52:47.404 [JavaFX Application Thread] DEBUG PrimaryStageWindow   - Closing main window
12:52:47.421 [JavaFX Application Thread] DEBUG Logger               - Closing Logger
