16:54:04.442 [main                     ] DEBUG Logger               - Configured Logger
16:54:04.479 [main                     ] DEBUG GameApplication      - Logging settings
Title: Basic Game App
Version: 0.1
Width: 1280
Height: 720
Fullscreen: false
Intro: false
Profiling: false
Single step:false
App Mode: DEVELOPER
Menu Key: ESCAPE
Stage Style: DECORATED
Scene Factory: class com.almasb.fxgl.app.scene.SceneFactory

16:54:05.183 [JavaFX Application Thread] DEBUG FXGLApplication      - Initializing FXGL
16:54:05.189 [JavaFX Application Thread] INFO  Engine               - FXGL-21 (28.12.2023 13.35) on WINDOWS (J:21.0.1 FX:21.0.1)
16:54:05.189 [JavaFX Application Thread] DEBUG Engine               - JRE Vendor Name: Oracle Corporation
16:54:05.189 [JavaFX Application Thread] DEBUG Engine               - Running on OS: Windows 11 version 10.0
16:54:05.189 [JavaFX Application Thread] DEBUG Engine               - Architecture: amd64
16:54:05.189 [JavaFX Application Thread] INFO  Engine               - Source code and latest versions at: https://github.com/AlmasB/FXGL
16:54:05.191 [JavaFX Application Thread] INFO  Engine               -       Ask questions and discuss at: https://github.com/AlmasB/FXGL/discussions
16:54:05.191 [JavaFX Application Thread] INFO  Engine               -              Join the FXGL chat at: https://gitter.im/AlmasB/FXGL
16:54:05.361 [JavaFX Application Thread] DEBUG PrimaryStageWindow   - Creating a JavaFX scene
16:54:05.437 [JavaFX Application Thread] DEBUG PrimaryStageWindow   - Target settings size: 1280.0 x 720.0
16:54:05.438 [JavaFX Application Thread] DEBUG PrimaryStageWindow   - Scaled scene size:    1280.0 x 720.0
16:54:05.438 [JavaFX Application Thread] DEBUG PrimaryStageWindow   - Scaled ratio: (1.0, 1.0)
16:54:05.439 [JavaFX Application Thread] DEBUG PrimaryStageWindow   - Set initial scene to FXGLStartupScene
16:54:05.445 [JavaFX Application Thread] DEBUG PrimaryStageWindow   - Opening main window
16:54:05.577 [JavaFX Application Thread] DEBUG PrimaryStageWindow   - Window border size: (16.0, 39.0)
16:54:05.577 [JavaFX Application Thread] DEBUG PrimaryStageWindow   - Scaled size: 1280.0 x 720.0
16:54:05.578 [JavaFX Application Thread] DEBUG PrimaryStageWindow   - Scaled ratio: (1.0, 1.0)
16:54:05.578 [JavaFX Application Thread] DEBUG PrimaryStageWindow   - Scene size: 1280.0 x 720.0
16:54:05.578 [JavaFX Application Thread] DEBUG PrimaryStageWindow   - Stage size: 1296.0 x 759.0
16:54:05.614 [FXGL Background Thread 1 ] DEBUG Engine               - Initializing environment variables
16:54:05.696 [FXGL Background Thread 1 ] DEBUG FXGLAssetLoaderServi - User app class for loading assets: class com.lucenstuff.fxglgames.suikagame.SuikaGame
16:54:05.697 [FXGL Background Thread 1 ] DEBUG GameApplicationServi - Applying CSS: fxgl_dark.css
16:54:05.697 [FXGL Background Thread 1 ] DEBUG FXGLAssetLoaderServi - Loading from file system: jar:file:/C:/Users/agust/.m2/repository/com/github/almasb/fxgl/21/fxgl-21.jar!/fxglassets/ui/css/fxgl_dark.css
16:54:05.766 [FXGL Background Thread 1 ] DEBUG GameApplicationServi - Initializing application scenes
16:54:05.911 [FXGL Background Thread 1 ] DEBUG GameWorld            - Game world initialized
16:54:05.992 [FXGL Background Thread 1 ] DEBUG PhysicsWorld         - Physics world initialized: appHeight=720, physics.ppm=50,0
16:54:05.992 [FXGL Background Thread 1 ] DEBUG PhysicsWorld         - Using strategy: BRUTE_FORCE
16:54:05.997 [FXGL Background Thread 1 ] DEBUG GameScene            - Game scene initialized: 1280x720
16:54:06.013 [FXGL Background Thread 1 ] DEBUG FXGL.DefaultMenu     - createMenuBodyGameMenu()
16:54:06.034 [FXGL Background Thread 1 ] DEBUG FXGL.DefaultMenu     - createOptionsMenu()
16:54:06.050 [FXGL Background Thread 1 ] DEBUG FXGLAssetLoaderServi - Loading from file system: jar:file:/C:/Users/agust/.m2/repository/com/github/almasb/fxgl/21/fxgl-21.jar!/fxglassets/textures/particles/smoke.png
16:54:06.198 [FXGL Background Thread 1 ] DEBUG FXGLAssetLoaderServi - Loading from file system: jar:file:/C:/Users/agust/.m2/repository/com/github/almasb/fxgl/21/fxgl-21.jar!/fxglassets/textures/particles/trace_horizontal.png
16:54:06.241 [FXGL Background Thread 1 ] DEBUG GameApplicationServi - Application scenes initialized
16:54:06.262 [FXGL Background Thread 1 ] DEBUG SystemBundleService  - Loading FXGL system data
16:54:06.268 [FXGL Background Thread 1 ] DEBUG FileSystemAccess     - Reading from: D:\Programación\JAVA\SuikaGame\system\fxgl.bundle
16:54:06.282 [FXGL Background Thread 1 ] DEBUG SystemBundleService  - Bundle FXGL: {}
16:54:06.283 [FXGL Background Thread 1 ] DEBUG UpdaterService       - Checking for updates
16:54:06.329 [FXGL Background Thread 1 ] DEBUG FXGLApplication      - Loading default localization
16:54:06.329 [FXGL Background Thread 1 ] DEBUG FXGLAssetLoaderServi - Loading from file system: jar:file:/C:/Users/agust/.m2/repository/com/github/almasb/fxgl/21/fxgl-21.jar!/fxglassets/languages/english.lang
16:54:06.353 [FXGL Background Thread 1 ] INFO  FXGLApplication      - FXGL initialization took: 0,738 sec
16:54:06.355 [JavaFX Application Thread] DEBUG FXGLAssetLoaderServi - Loading from file system: jar:file:/C:/Users/agust/.m2/repository/com/github/almasb/fxgl/21/fxgl-21.jar!/fxglassets/textures/fxgl_icon.png
16:54:06.392 [FXGL Background Thread 4 ] DEBUG FXGLApplication      - Loading fonts
16:54:06.393 [FXGL Background Thread 4 ] DEBUG FXGLAssetLoaderServi - Loading from file system: jar:file:/C:/Users/agust/.m2/repository/com/github/almasb/fxgl/21/fxgl-21.jar!/fxglassets/ui/fonts/VarelaRound-Regular.ttf
16:54:06.397 [JavaFX Application Thread] DEBUG FXGLAssetLoaderServi - Loading from file system: jar:file:/C:/Users/agust/.m2/repository/com/github/almasb/fxgl/21/fxgl-21.jar!/fxglassets/textures/fxgl_default_cursor.png
16:54:06.412 [JavaFX Application Thread] DEBUG Input                - Registered new binding: Screenshot - CTRL+8
16:54:06.413 [JavaFX Application Thread] DEBUG Input                - Registered new binding: Dev Options - 1
16:54:06.413 [JavaFX Application Thread] DEBUG Input                - Registered new binding: Dev Console - 2
16:54:06.414 [JavaFX Application Thread] DEBUG Input                - Registered new binding: System info dump - CTRL+9
16:54:06.415 [JavaFX Application Thread] DEBUG Input                - Registered new binding: Restart - CTRL+R
16:54:06.416 [JavaFX Application Thread] DEBUG Input                - Registered new binding: Toggle Debug Camera - CTRL+7
16:54:06.423 [JavaFX Application Thread] DEBUG LoopRunner           - Starting loop
16:54:06.556 [FXGL Background Thread 4 ] DEBUG FXGLAssetLoaderServi - Loading from file system: jar:file:/C:/Users/agust/.m2/repository/com/github/almasb/fxgl/21/fxgl-21.jar!/fxglassets/ui/fonts/Abel-Regular.ttf
16:54:06.567 [JavaFX Application Thread] DEBUG LoopRunner           - Initializing JavaFX AnimationTimerLoop
16:54:06.572 [JavaFX Application Thread] DEBUG GameApplicationServi - Starting new game
16:54:06.573 [JavaFX Application Thread] DEBUG Input                - Clearing active input actions
16:54:06.592 [JavaFX Application Thread] DEBUG GameApplicationServi - Removing overlay from FXGLStartupScene and adding to FXGLLoadingScene
16:54:06.596 [JavaFX Application Thread] DEBUG PrimaryStageWindow   - FXGLStartupScene -> FXGLLoadingScene
16:54:06.596 [JavaFX Application Thread] DEBUG GameApplicationServi - Clearing previous game
16:54:06.596 [JavaFX Application Thread] DEBUG GameScene            - Clearing game scene
16:54:06.596 [JavaFX Application Thread] DEBUG GameWorld            - Clearing game world
16:54:06.596 [JavaFX Application Thread] DEBUG PhysicsWorld         - Clearing physics world
16:54:06.598 [FXGL Background Thread 1 ] DEBUG FXGLApplication      - Initializing game
16:54:06.644 [FXGL Background Thread 1 ] INFO  FXGLApplication      - Game initialization took: 0,046 sec
16:54:06.646 [FXGL Background Thread 4 ] DEBUG FXGLAssetLoaderServi - Loading from file system: jar:file:/C:/Users/agust/.m2/repository/com/github/almasb/fxgl/21/fxgl-21.jar!/fxglassets/ui/fonts/TerminalLandMono-Regular.otf
16:54:06.659 [FXGL Background Thread 4 ] DEBUG FXGLAssetLoaderServi - Loading from file system: jar:file:/C:/Users/agust/.m2/repository/com/github/almasb/fxgl/21/fxgl-21.jar!/fxglassets/ui/fonts/Courier-Prime.ttf
16:54:07.034 [JavaFX Application Thread] DEBUG Input                - Clearing active input actions
16:54:07.048 [JavaFX Application Thread] DEBUG GameApplicationServi - Removing overlay from FXGLLoadingScene and adding to GameScene
16:54:07.056 [JavaFX Application Thread] DEBUG PrimaryStageWindow   - FXGLLoadingScene -> GameScene
16:54:07.223 [JavaFX Application Thread] DEBUG FXGLApplication      - Registering font factories with UI factory
16:54:07.987 [JavaFX Application Thread] DEBUG FXGLAssetLoaderServi - Loading from file system: file:/D:/Programaci%c3%b3n/JAVA/SuikaGame/target/classes/assets/textures/orange_view.png
16:54:09.327 [FXGL Background Thread 3 ] DEBUG Engine               - Logging environment variables
16:54:09.329 [FXGL Background Thread 3 ] DEBUG Engine               - achievements: []
16:54:09.329 [FXGL Background Thread 3 ] DEBUG Engine               - actualHeight: 720.0
16:54:09.331 [FXGL Background Thread 3 ] DEBUG Engine               - actualHeightProperty: ReadOnlyDoubleProperty [value: 720.0]
16:54:09.332 [FXGL Background Thread 3 ] DEBUG Engine               - actualWidth: 1280.0
16:54:09.332 [FXGL Background Thread 3 ] DEBUG Engine               - actualWidthProperty: ReadOnlyDoubleProperty [value: 1280.0]
16:54:09.332 [FXGL Background Thread 3 ] DEBUG Engine               - appIcon: fxgl_icon.png
16:54:09.332 [FXGL Background Thread 3 ] DEBUG Engine               - applicationMode: DEVELOPER
16:54:09.332 [FXGL Background Thread 3 ] DEBUG Engine               - cSSList: [fxgl_dark.css]
16:54:09.332 [FXGL Background Thread 3 ] DEBUG Engine               - collisionDetectionStrategy: BRUTE_FORCE
16:54:09.332 [FXGL Background Thread 3 ] DEBUG Engine               - configClass: Optional.empty
16:54:09.332 [FXGL Background Thread 3 ] DEBUG Engine               - credits: []
16:54:09.333 [FXGL Background Thread 3 ] DEBUG Engine               - defaultCursor: CursorInfo(imageName=fxgl_default_cursor.png, hotspotX=7.0, hotspotY=6.0)
16:54:09.333 [FXGL Background Thread 3 ] DEBUG Engine               - devBBoxColorProperty: ObjectProperty [value: 0xff0000ff]
16:54:09.333 [FXGL Background Thread 3 ] DEBUG Engine               - devEnableDebugCameraProperty: BooleanProperty [value: false]
16:54:09.333 [FXGL Background Thread 3 ] DEBUG Engine               - devSensorColorProperty: ObjectProperty [value: 0xffff00ff]
16:54:09.333 [FXGL Background Thread 3 ] DEBUG Engine               - devShowBBoxProperty: BooleanProperty [value: false]
16:54:09.334 [FXGL Background Thread 3 ] DEBUG Engine               - devShowPositionProperty: BooleanProperty [value: false]
16:54:09.334 [FXGL Background Thread 3 ] DEBUG Engine               - enabledMenuItems: []
16:54:09.334 [FXGL Background Thread 3 ] DEBUG Engine               - engineServices: [class com.almasb.fxgl.app.services.FXGLAssetLoaderService, class com.almasb.fxgl.app.FXGLApplication$GameApplicationService, class com.almasb.fxgl.app.services.FXGLDialogService, class com.almasb.fxgl.app.services.IOTaskExecutorService, class com.almasb.fxgl.io.FileSystemService, class com.almasb.fxgl.localization.LocalizationService, class com.almasb.fxgl.app.services.SystemBundleService, class com.almasb.fxgl.profile.SaveLoadService, class com.almasb.fxgl.ui.FXGLUIFactoryServiceProvider, class com.almasb.fxgl.ui.FXGLDialogFactoryServiceProvider, class com.almasb.fxgl.audio.AudioPlayer, class com.almasb.fxgl.notification.impl.NotificationServiceProvider, class com.almasb.fxgl.achievement.AchievementService, class com.almasb.fxgl.cutscene.CutsceneService, class com.almasb.fxgl.minigames.MiniGameService, class com.almasb.fxgl.net.NetService, class com.almasb.fxgl.app.services.UpdaterService, class com.almasb.fxgl.dev.DevService]
16:54:09.334 [FXGL Background Thread 3 ] DEBUG Engine               - fontGame: Abel-Regular.ttf
16:54:09.334 [FXGL Background Thread 3 ] DEBUG Engine               - fontMono: TerminalLandMono-Regular.otf
16:54:09.334 [FXGL Background Thread 3 ] DEBUG Engine               - fontSizeScaleUI: 1.0
16:54:09.334 [FXGL Background Thread 3 ] DEBUG Engine               - fontText: Courier-Prime.ttf
16:54:09.334 [FXGL Background Thread 3 ] DEBUG Engine               - fontUI: VarelaRound-Regular.ttf
16:54:09.335 [FXGL Background Thread 3 ] DEBUG Engine               - fullScreen: BooleanProperty [value: false]
16:54:09.335 [FXGL Background Thread 3 ] DEBUG Engine               - gameDifficulty: MEDIUM
16:54:09.335 [FXGL Background Thread 3 ] DEBUG Engine               - gameDifficultyProperty: ObjectProperty [value: MEDIUM]
16:54:09.335 [FXGL Background Thread 3 ] DEBUG Engine               - globalMusicVolume: 0.5
16:54:09.335 [FXGL Background Thread 3 ] DEBUG Engine               - globalMusicVolumeProperty: DoubleProperty [value: 0.5]
16:54:09.335 [FXGL Background Thread 3 ] DEBUG Engine               - globalSoundVolume: 0.5
16:54:09.335 [FXGL Background Thread 3 ] DEBUG Engine               - globalSoundVolumeProperty: DoubleProperty [value: 0.5]
16:54:09.335 [FXGL Background Thread 3 ] DEBUG Engine               - height: 720
16:54:09.335 [FXGL Background Thread 3 ] DEBUG Engine               - is3D: false
16:54:09.335 [FXGL Background Thread 3 ] DEBUG Engine               - isAndroid: false
16:54:09.335 [FXGL Background Thread 3 ] DEBUG Engine               - isBrowser: false
16:54:09.336 [FXGL Background Thread 3 ] DEBUG Engine               - isClickFeedbackEnabled: false
16:54:09.336 [FXGL Background Thread 3 ] DEBUG Engine               - isCloseConfirmation: false
16:54:09.336 [FXGL Background Thread 3 ] DEBUG Engine               - isDesktop: true
16:54:09.336 [FXGL Background Thread 3 ] DEBUG Engine               - isDeveloperMenuEnabled: true
16:54:09.336 [FXGL Background Thread 3 ] DEBUG Engine               - isEmbedded: false
16:54:09.336 [FXGL Background Thread 3 ] DEBUG Engine               - isEntityPreloadEnabled: true
16:54:09.336 [FXGL Background Thread 3 ] DEBUG Engine               - isExperimentalTiledLargeMap: false
16:54:09.337 [FXGL Background Thread 3 ] DEBUG Engine               - isFileSystemWriteAllowed: true
16:54:09.337 [FXGL Background Thread 3 ] DEBUG Engine               - isFullScreenAllowed: false
16:54:09.337 [FXGL Background Thread 3 ] DEBUG Engine               - isFullScreenFromStart: false
16:54:09.337 [FXGL Background Thread 3 ] DEBUG Engine               - isGameMenuEnabled: true
16:54:09.337 [FXGL Background Thread 3 ] DEBUG Engine               - isIOS: false
16:54:09.337 [FXGL Background Thread 3 ] DEBUG Engine               - isIntroEnabled: false
16:54:09.337 [FXGL Background Thread 3 ] DEBUG Engine               - isLinux: false
16:54:09.337 [FXGL Background Thread 3 ] DEBUG Engine               - isMac: false
16:54:09.337 [FXGL Background Thread 3 ] DEBUG Engine               - isMainMenuEnabled: false
16:54:09.337 [FXGL Background Thread 3 ] DEBUG Engine               - isManualResizeEnabled: false
16:54:09.338 [FXGL Background Thread 3 ] DEBUG Engine               - isMobile: false
16:54:09.338 [FXGL Background Thread 3 ] DEBUG Engine               - isNative: false
16:54:09.338 [FXGL Background Thread 3 ] DEBUG Engine               - isPauseMusicWhenMinimized: true
16:54:09.338 [FXGL Background Thread 3 ] DEBUG Engine               - isPreserveResizeRatio: false
16:54:09.338 [FXGL Background Thread 3 ] DEBUG Engine               - isProfilingEnabled: false
16:54:09.338 [FXGL Background Thread 3 ] DEBUG Engine               - isScaleAffectedOnResize: true
16:54:09.339 [FXGL Background Thread 3 ] DEBUG Engine               - isSingleStep: false
16:54:09.339 [FXGL Background Thread 3 ] DEBUG Engine               - isUserProfileEnabled: false
16:54:09.339 [FXGL Background Thread 3 ] DEBUG Engine               - isWindows: true
16:54:09.339 [FXGL Background Thread 3 ] DEBUG Engine               - language: ObjectProperty [value: ENGLISH]
16:54:09.339 [FXGL Background Thread 3 ] DEBUG Engine               - menuKey: ESCAPE
16:54:09.339 [FXGL Background Thread 3 ] DEBUG Engine               - mouseSensitivity: 0.2
16:54:09.339 [FXGL Background Thread 3 ] DEBUG Engine               - notificationViewClass: class com.almasb.fxgl.notification.view.XboxNotificationView
16:54:09.339 [FXGL Background Thread 3 ] DEBUG Engine               - pixelsPerMeter: 50.0
16:54:09.339 [FXGL Background Thread 3 ] DEBUG Engine               - platform: WINDOWS
16:54:09.339 [FXGL Background Thread 3 ] DEBUG Engine               - prefHeightProperty: ReadOnlyDoubleProperty [value: 720.0]
16:54:09.339 [FXGL Background Thread 3 ] DEBUG Engine               - prefWidthProperty: ReadOnlyDoubleProperty [value: 1280.0]
16:54:09.339 [FXGL Background Thread 3 ] DEBUG Engine               - profileDir: profiles/
16:54:09.341 [FXGL Background Thread 3 ] DEBUG Engine               - profileName: StringProperty [value: DEFAULT]
16:54:09.341 [FXGL Background Thread 3 ] DEBUG Engine               - randomSeed: -1
16:54:09.341 [FXGL Background Thread 3 ] DEBUG Engine               - runtimeInfo: RuntimeInfo(platform=WINDOWS, version=21, build=28.12.2023 13.35)
16:54:09.342 [FXGL Background Thread 3 ] DEBUG Engine               - saveFileExt: sav
16:54:09.342 [FXGL Background Thread 3 ] DEBUG Engine               - scaledHeightProp$fxgl: DoubleProperty [bound, value: 720.0]
16:54:09.342 [FXGL Background Thread 3 ] DEBUG Engine               - scaledWidthProp$fxgl: DoubleProperty [bound, value: 1280.0]
16:54:09.342 [FXGL Background Thread 3 ] DEBUG Engine               - sceneFactory: com.almasb.fxgl.app.scene.SceneFactory@1bd28e0a
16:54:09.342 [FXGL Background Thread 3 ] DEBUG Engine               - secondsIn24h: 60
16:54:09.342 [FXGL Background Thread 3 ] DEBUG Engine               - soundMenuBack: menu/back.wav
16:54:09.342 [FXGL Background Thread 3 ] DEBUG Engine               - soundMenuPress: menu/press.wav
16:54:09.342 [FXGL Background Thread 3 ] DEBUG Engine               - soundMenuSelect: menu/select.wav
16:54:09.342 [FXGL Background Thread 3 ] DEBUG Engine               - soundNotification: core/notification.wav
16:54:09.342 [FXGL Background Thread 3 ] DEBUG Engine               - stageStyle: DECORATED
16:54:09.343 [FXGL Background Thread 3 ] DEBUG Engine               - supportedLanguages: [ENGLISH, FRENCH, GERMAN, HUNGARIAN, RUSSIAN]
16:54:09.343 [FXGL Background Thread 3 ] DEBUG Engine               - ticksPerSecond: -1
16:54:09.343 [FXGL Background Thread 3 ] DEBUG Engine               - title: Basic Game App
16:54:09.343 [FXGL Background Thread 3 ] DEBUG Engine               - urlGithub: https://github.com/AlmasB/FXGL
16:54:09.343 [FXGL Background Thread 3 ] DEBUG Engine               - urlLeaderboard: http://fxgl-top.herokuapp.com/
16:54:09.343 [FXGL Background Thread 3 ] DEBUG Engine               - urlPOM: https://raw.githubusercontent.com/AlmasB/FXGL/release/README.md
16:54:09.343 [FXGL Background Thread 3 ] DEBUG Engine               - userAppClass: class com.lucenstuff.fxglgames.suikagame.SuikaGame
16:54:09.343 [FXGL Background Thread 3 ] DEBUG Engine               - version: 0.1
16:54:09.343 [FXGL Background Thread 3 ] DEBUG Engine               - versionCheckDays: 7
16:54:09.344 [FXGL Background Thread 3 ] DEBUG Engine               - width: 1280
16:54:09.344 [FXGL Background Thread 3 ] DEBUG Engine               - Logging services
16:54:09.344 [FXGL Background Thread 3 ] DEBUG Engine               - class com.almasb.fxgl.app.services.FXGLAssetLoaderService
16:54:09.344 [FXGL Background Thread 3 ] DEBUG Engine               - class com.almasb.fxgl.app.FXGLApplication$GameApplicationService
16:54:09.344 [FXGL Background Thread 3 ] DEBUG Engine               - class com.almasb.fxgl.app.services.FXGLDialogService
16:54:09.344 [FXGL Background Thread 3 ] DEBUG Engine               - class com.almasb.fxgl.app.services.IOTaskExecutorService
16:54:09.344 [FXGL Background Thread 3 ] DEBUG Engine               - class com.almasb.fxgl.io.FileSystemService
16:54:09.345 [FXGL Background Thread 3 ] DEBUG Engine               - class com.almasb.fxgl.localization.LocalizationService
16:54:09.345 [FXGL Background Thread 3 ] DEBUG Engine               - class com.almasb.fxgl.app.services.SystemBundleService
16:54:09.345 [FXGL Background Thread 3 ] DEBUG Engine               - class com.almasb.fxgl.profile.SaveLoadService
16:54:09.345 [FXGL Background Thread 3 ] DEBUG Engine               - class com.almasb.fxgl.ui.FXGLUIFactoryServiceProvider
16:54:09.345 [FXGL Background Thread 3 ] DEBUG Engine               - class com.almasb.fxgl.ui.FXGLDialogFactoryServiceProvider
16:54:09.345 [FXGL Background Thread 3 ] DEBUG Engine               - class com.almasb.fxgl.audio.AudioPlayer
16:54:09.345 [FXGL Background Thread 3 ] DEBUG Engine               - class com.almasb.fxgl.notification.impl.NotificationServiceProvider
16:54:09.345 [FXGL Background Thread 3 ] DEBUG Engine               - class com.almasb.fxgl.achievement.AchievementService
16:54:09.345 [FXGL Background Thread 3 ] DEBUG Engine               - class com.almasb.fxgl.cutscene.CutsceneService
16:54:09.345 [FXGL Background Thread 3 ] DEBUG Engine               - class com.almasb.fxgl.minigames.MiniGameService
16:54:09.345 [FXGL Background Thread 3 ] DEBUG Engine               - class com.almasb.fxgl.net.NetService
16:54:09.345 [FXGL Background Thread 3 ] DEBUG Engine               - class com.almasb.fxgl.app.services.UpdaterService
16:54:09.346 [FXGL Background Thread 3 ] DEBUG Engine               - class com.almasb.fxgl.dev.DevService
16:54:10.399 [JavaFX Application Thread] DEBUG FXGLAssetLoaderServi - Loading from file system: file:/D:/Programaci%c3%b3n/JAVA/SuikaGame/target/classes/assets/textures/apple_view.png
16:54:11.817 [JavaFX Application Thread] DEBUG FXGLApplication      - Exiting FXGL
16:54:11.817 [JavaFX Application Thread] DEBUG LoopRunner           - Stopping loop
16:54:11.817 [JavaFX Application Thread] DEBUG SystemBundleService  - Saving FXGL system data
16:54:11.820 [JavaFX Application Thread] DEBUG FileSystemAccess     - Writing to: D:\Programación\JAVA\SuikaGame\system\fxgl.bundle
16:54:11.823 [JavaFX Application Thread] DEBUG Async                - Shutting down background threads
16:54:11.823 [JavaFX Application Thread] DEBUG PrimaryStageWindow   - Closing main window
16:54:11.839 [JavaFX Application Thread] DEBUG Logger               - Closing Logger
