13:22:51.220 [main                     ] DEBUG Logger               - Configured Logger
13:22:51.258 [main                     ] DEBUG GameApplication      - Logging settings
Title: Basic Game App
Version: 0.1
Width: 1280
Height: 720
Fullscreen: false
Intro: false
Profiling: false
Single step:false
App Mode: DEVELOPER
Menu Key: ESCAPE
Stage Style: DECORATED
Scene Factory: class com.almasb.fxgl.app.scene.SceneFactory

13:22:51.997 [JavaFX Application Thread] DEBUG FXGLApplication      - Initializing FXGL
13:22:52.002 [JavaFX Application Thread] INFO  Engine               - FXGL-21 (28.12.2023 13.35) on WINDOWS (J:21.0.1 FX:21.0.1)
13:22:52.002 [JavaFX Application Thread] DEBUG Engine               - JRE Vendor Name: Oracle Corporation
13:22:52.002 [JavaFX Application Thread] DEBUG Engine               - Running on OS: Windows 11 version 10.0
13:22:52.003 [JavaFX Application Thread] DEBUG Engine               - Architecture: amd64
13:22:52.003 [JavaFX Application Thread] INFO  Engine               - Source code and latest versions at: https://github.com/AlmasB/FXGL
13:22:52.003 [JavaFX Application Thread] INFO  Engine               -       Ask questions and discuss at: https://github.com/AlmasB/FXGL/discussions
13:22:52.003 [JavaFX Application Thread] INFO  Engine               -              Join the FXGL chat at: https://gitter.im/AlmasB/FXGL
13:22:52.180 [JavaFX Application Thread] DEBUG PrimaryStageWindow   - Creating a JavaFX scene
13:22:52.256 [JavaFX Application Thread] DEBUG PrimaryStageWindow   - Target settings size: 1280.0 x 720.0
13:22:52.257 [JavaFX Application Thread] DEBUG PrimaryStageWindow   - Scaled scene size:    1280.0 x 720.0
13:22:52.257 [JavaFX Application Thread] DEBUG PrimaryStageWindow   - Scaled ratio: (1.0, 1.0)
13:22:52.259 [JavaFX Application Thread] DEBUG PrimaryStageWindow   - Set initial scene to FXGLStartupScene
13:22:52.262 [JavaFX Application Thread] DEBUG PrimaryStageWindow   - Opening main window
13:22:52.403 [JavaFX Application Thread] DEBUG PrimaryStageWindow   - Window border size: (16.0, 39.0)
13:22:52.403 [JavaFX Application Thread] DEBUG PrimaryStageWindow   - Scaled size: 1280.0 x 720.0
13:22:52.403 [JavaFX Application Thread] DEBUG PrimaryStageWindow   - Scaled ratio: (1.0, 1.0)
13:22:52.403 [JavaFX Application Thread] DEBUG PrimaryStageWindow   - Scene size: 1280.0 x 720.0
13:22:52.404 [JavaFX Application Thread] DEBUG PrimaryStageWindow   - Stage size: 1296.0 x 759.0
13:22:52.460 [FXGL Background Thread 1 ] DEBUG Engine               - Initializing environment variables
13:22:52.562 [FXGL Background Thread 1 ] DEBUG FXGLAssetLoaderServi - User app class for loading assets: class com.lucenstuff.fxglgames.suikagame.SuikaGame
13:22:52.563 [FXGL Background Thread 1 ] DEBUG GameApplicationServi - Applying CSS: fxgl_dark.css
13:22:52.565 [FXGL Background Thread 1 ] DEBUG FXGLAssetLoaderServi - Loading from file system: jar:file:/C:/Users/agust/.m2/repository/com/github/almasb/fxgl/21/fxgl-21.jar!/fxglassets/ui/css/fxgl_dark.css
13:22:52.660 [FXGL Background Thread 1 ] DEBUG GameApplicationServi - Initializing application scenes
13:22:52.877 [FXGL Background Thread 1 ] DEBUG GameWorld            - Game world initialized
13:22:52.965 [FXGL Background Thread 1 ] DEBUG PhysicsWorld         - Physics world initialized: appHeight=720, physics.ppm=50,0
13:22:52.966 [FXGL Background Thread 1 ] DEBUG PhysicsWorld         - Using strategy: BRUTE_FORCE
13:22:52.970 [FXGL Background Thread 1 ] DEBUG GameScene            - Game scene initialized: 1280x720
13:22:52.994 [FXGL Background Thread 1 ] DEBUG FXGL.DefaultMenu     - createMenuBodyGameMenu()
13:22:53.020 [FXGL Background Thread 1 ] DEBUG FXGL.DefaultMenu     - createOptionsMenu()
13:22:53.037 [FXGL Background Thread 1 ] DEBUG FXGLAssetLoaderServi - Loading from file system: jar:file:/C:/Users/agust/.m2/repository/com/github/almasb/fxgl/21/fxgl-21.jar!/fxglassets/textures/particles/smoke.png
13:22:53.219 [FXGL Background Thread 1 ] DEBUG FXGLAssetLoaderServi - Loading from file system: jar:file:/C:/Users/agust/.m2/repository/com/github/almasb/fxgl/21/fxgl-21.jar!/fxglassets/textures/particles/trace_horizontal.png
13:22:53.261 [FXGL Background Thread 1 ] DEBUG GameApplicationServi - Application scenes initialized
13:22:53.286 [FXGL Background Thread 1 ] DEBUG SystemBundleService  - Loading FXGL system data
13:22:53.294 [FXGL Background Thread 1 ] DEBUG FileSystemAccess     - Reading from: D:\Programación\JAVA\SuikaGame\system\fxgl.bundle
13:22:53.310 [FXGL Background Thread 1 ] DEBUG SystemBundleService  - Bundle FXGL: {}
13:22:53.311 [FXGL Background Thread 1 ] DEBUG UpdaterService       - Checking for updates
13:22:53.356 [FXGL Background Thread 1 ] DEBUG FXGLApplication      - Loading default localization
13:22:53.358 [FXGL Background Thread 1 ] DEBUG FXGLAssetLoaderServi - Loading from file system: jar:file:/C:/Users/agust/.m2/repository/com/github/almasb/fxgl/21/fxgl-21.jar!/fxglassets/languages/english.lang
13:22:53.400 [FXGL Background Thread 1 ] INFO  FXGLApplication      - FXGL initialization took: 0,940 sec
13:22:53.402 [JavaFX Application Thread] DEBUG FXGLAssetLoaderServi - Loading from file system: jar:file:/C:/Users/agust/.m2/repository/com/github/almasb/fxgl/21/fxgl-21.jar!/fxglassets/textures/fxgl_icon.png
13:22:53.471 [FXGL Background Thread 4 ] DEBUG FXGLApplication      - Loading fonts
13:22:53.471 [FXGL Background Thread 4 ] DEBUG FXGLAssetLoaderServi - Loading from file system: jar:file:/C:/Users/agust/.m2/repository/com/github/almasb/fxgl/21/fxgl-21.jar!/fxglassets/ui/fonts/VarelaRound-Regular.ttf
13:22:53.479 [JavaFX Application Thread] DEBUG FXGLAssetLoaderServi - Loading from file system: jar:file:/C:/Users/agust/.m2/repository/com/github/almasb/fxgl/21/fxgl-21.jar!/fxglassets/textures/fxgl_default_cursor.png
13:22:53.519 [JavaFX Application Thread] DEBUG Input                - Registered new binding: Screenshot - CTRL+8
13:22:53.520 [JavaFX Application Thread] DEBUG Input                - Registered new binding: Dev Options - 1
13:22:53.521 [JavaFX Application Thread] DEBUG Input                - Registered new binding: Dev Console - 2
13:22:53.522 [JavaFX Application Thread] DEBUG Input                - Registered new binding: System info dump - CTRL+9
13:22:53.523 [JavaFX Application Thread] DEBUG Input                - Registered new binding: Restart - CTRL+R
13:22:53.526 [JavaFX Application Thread] DEBUG Input                - Registered new binding: Toggle Debug Camera - CTRL+7
13:22:53.531 [JavaFX Application Thread] DEBUG LoopRunner           - Starting loop
13:22:53.714 [FXGL Background Thread 4 ] DEBUG FXGLAssetLoaderServi - Loading from file system: jar:file:/C:/Users/agust/.m2/repository/com/github/almasb/fxgl/21/fxgl-21.jar!/fxglassets/ui/fonts/Abel-Regular.ttf
13:22:53.721 [JavaFX Application Thread] DEBUG LoopRunner           - Initializing JavaFX AnimationTimerLoop
13:22:53.723 [JavaFX Application Thread] DEBUG GameApplicationServi - Starting new game
13:22:53.724 [JavaFX Application Thread] DEBUG Input                - Clearing active input actions
13:22:53.747 [JavaFX Application Thread] DEBUG GameApplicationServi - Removing overlay from FXGLStartupScene and adding to FXGLLoadingScene
13:22:53.753 [JavaFX Application Thread] DEBUG PrimaryStageWindow   - FXGLStartupScene -> FXGLLoadingScene
13:22:53.753 [JavaFX Application Thread] DEBUG GameApplicationServi - Clearing previous game
13:22:53.754 [JavaFX Application Thread] DEBUG GameScene            - Clearing game scene
13:22:53.754 [JavaFX Application Thread] DEBUG GameWorld            - Clearing game world
13:22:53.754 [JavaFX Application Thread] DEBUG PhysicsWorld         - Clearing physics world
13:22:53.755 [FXGL Background Thread 1 ] DEBUG FXGLApplication      - Initializing game
13:22:53.795 [FXGL Background Thread 1 ] INFO  FXGLApplication      - Game initialization took: 0,039 sec
13:22:53.804 [FXGL Background Thread 4 ] DEBUG FXGLAssetLoaderServi - Loading from file system: jar:file:/C:/Users/agust/.m2/repository/com/github/almasb/fxgl/21/fxgl-21.jar!/fxglassets/ui/fonts/TerminalLandMono-Regular.otf
13:22:54.267 [JavaFX Application Thread] DEBUG Input                - Clearing active input actions
13:22:54.281 [JavaFX Application Thread] DEBUG GameApplicationServi - Removing overlay from FXGLLoadingScene and adding to GameScene
13:22:54.291 [JavaFX Application Thread] DEBUG PrimaryStageWindow   - FXGLLoadingScene -> GameScene
13:22:54.378 [FXGL Background Thread 4 ] DEBUG FXGLAssetLoaderServi - Loading from file system: jar:file:/C:/Users/agust/.m2/repository/com/github/almasb/fxgl/21/fxgl-21.jar!/fxglassets/ui/fonts/Courier-Prime.ttf
13:22:54.597 [JavaFX Application Thread] DEBUG FXGLApplication      - Registering font factories with UI factory
13:22:55.099 [JavaFX Application Thread] DEBUG LoopRunner           - Stopping loop
13:22:55.101 [JavaFX Application Thread] FATAL FXGLApplication      - Uncaught Exception:
java.lang.NullPointerException: Parameter specified as non-null is null: method com.almasb.fxgl.dsl.EntityBuilder.view, parameter textureName
	at com.almasb.fxgl.dsl.EntityBuilder.view(EntityBuilder.kt)
	at com.lucenstuff.fxglgames.suikagame.fruits.Fruit.buildFruit(Fruit.java:35)
	at com.lucenstuff.fxglgames.suikagame.fruits.Orange.buildFruit(Orange.java:14)
	at com.lucenstuff.fxglgames.suikagame.SuikaGame.spawnFruitAt(SuikaGame.java:140)
	at com.lucenstuff.fxglgames.suikagame.SuikaGame.lambda$initGame$2(SuikaGame.java:95)
	at com.almasb.fxgl.input.Input.fire(Input.kt:259)
	at com.almasb.fxgl.input.Input.fireEventViaHandlers(Input.kt:241)
	at com.almasb.fxgl.app.PrimaryStageWindow$4$1.invoke(MainWindow.kt:330)
	at com.almasb.fxgl.app.PrimaryStageWindow$4$1.invoke(MainWindow.kt:330)
	at com.almasb.fxgl.core.fsm.StateMachine.runOnActiveStates(StateMachine.kt:69)
	at com.almasb.fxgl.app.PrimaryStageWindow$4.invoke(MainWindow.kt:330)
	at com.almasb.fxgl.app.PrimaryStageWindow$4.invoke(MainWindow.kt:323)
	at com.almasb.fxgl.app.MainWindow.addGlobalHandler$lambda$4(MainWindow.kt:251)
	at com.sun.javafx.event.CompositeEventHandler$NormalEventHandlerRecord.handleBubblingEvent(CompositeEventHandler.java:247)
	at com.sun.javafx.event.CompositeEventHandler.dispatchBubblingEvent(CompositeEventHandler.java:80)
	at com.sun.javafx.event.EventHandlerManager.dispatchBubblingEvent(EventHandlerManager.java:232)
	at com.sun.javafx.event.EventHandlerManager.dispatchBubblingEvent(EventHandlerManager.java:189)
	at com.sun.javafx.event.CompositeEventDispatcher.dispatchBubblingEvent(CompositeEventDispatcher.java:59)
	at com.sun.javafx.event.BasicEventDispatcher.dispatchEvent(BasicEventDispatcher.java:58)
	at com.sun.javafx.event.EventDispatchChainImpl.dispatchEvent(EventDispatchChainImpl.java:114)
	at com.sun.javafx.event.BasicEventDispatcher.dispatchEvent(BasicEventDispatcher.java:56)
	at com.sun.javafx.event.EventDispatchChainImpl.dispatchEvent(EventDispatchChainImpl.java:114)
	at com.sun.javafx.event.EventUtil.fireEventImpl(EventUtil.java:74)
	at com.sun.javafx.event.EventUtil.fireEvent(EventUtil.java:54)
	at javafx.event.Event.fireEvent(Event.java:198)
	at javafx.scene.Scene$ClickGenerator.postProcess(Scene.java:3688)
	at javafx.scene.Scene$MouseHandler.process(Scene.java:3993)
	at javafx.scene.Scene.processMouseEvent(Scene.java:1890)
	at javafx.scene.Scene$ScenePeerListener.mouseEvent(Scene.java:2708)
	at com.sun.javafx.tk.quantum.GlassViewEventHandler$MouseEventNotification.run(GlassViewEventHandler.java:411)
	at com.sun.javafx.tk.quantum.GlassViewEventHandler$MouseEventNotification.run(GlassViewEventHandler.java:301)
	at java.base/java.security.AccessController.doPrivileged(AccessController.java:400)
	at com.sun.javafx.tk.quantum.GlassViewEventHandler.lambda$handleMouseEvent$2(GlassViewEventHandler.java:450)
	at com.sun.javafx.tk.quantum.QuantumToolkit.runWithoutRenderLock(QuantumToolkit.java:424)
	at com.sun.javafx.tk.quantum.GlassViewEventHandler.handleMouseEvent(GlassViewEventHandler.java:449)
	at com.sun.glass.ui.View.handleMouseEvent(View.java:551)
	at com.sun.glass.ui.View.notifyMouse(View.java:937)
	at com.sun.glass.ui.win.WinApplication._runLoop(Native Method)
	at com.sun.glass.ui.win.WinApplication.lambda$runLoop$3(WinApplication.java:185)
	at java.base/java.lang.Thread.run(Thread.java:1583)

13:22:55.101 [JavaFX Application Thread] FATAL FXGLApplication      - Application will now exit
13:22:55.110 [JavaFX Application Thread] DEBUG PrimaryStageWindow   - Push state: ErrorSubScene
13:22:55.111 [JavaFX Application Thread] DEBUG Input                - Clearing active input actions
13:22:55.114 [JavaFX Application Thread] DEBUG GameApplicationServi - Removing overlay from GameScene and adding to ErrorSubScene
13:22:55.120 [JavaFX Application Thread] DEBUG PrimaryStageWindow   - GameScene -> ErrorSubScene
13:22:56.356 [FXGL Background Thread 3 ] DEBUG Engine               - Logging environment variables
13:22:56.356 [FXGL Background Thread 3 ] DEBUG Engine               - achievements: []
13:22:56.356 [FXGL Background Thread 3 ] DEBUG Engine               - actualHeight: 720.0
13:22:56.357 [FXGL Background Thread 3 ] DEBUG Engine               - actualHeightProperty: ReadOnlyDoubleProperty [value: 720.0]
13:22:56.357 [FXGL Background Thread 3 ] DEBUG Engine               - actualWidth: 1280.0
13:22:56.357 [FXGL Background Thread 3 ] DEBUG Engine               - actualWidthProperty: ReadOnlyDoubleProperty [value: 1280.0]
13:22:56.358 [FXGL Background Thread 3 ] DEBUG Engine               - appIcon: fxgl_icon.png
13:22:56.358 [FXGL Background Thread 3 ] DEBUG Engine               - applicationMode: DEVELOPER
13:22:56.358 [FXGL Background Thread 3 ] DEBUG Engine               - cSSList: [fxgl_dark.css]
13:22:56.358 [FXGL Background Thread 3 ] DEBUG Engine               - collisionDetectionStrategy: BRUTE_FORCE
13:22:56.358 [FXGL Background Thread 3 ] DEBUG Engine               - configClass: Optional.empty
13:22:56.358 [FXGL Background Thread 3 ] DEBUG Engine               - credits: []
13:22:56.359 [FXGL Background Thread 3 ] DEBUG Engine               - defaultCursor: CursorInfo(imageName=fxgl_default_cursor.png, hotspotX=7.0, hotspotY=6.0)
13:22:56.359 [FXGL Background Thread 3 ] DEBUG Engine               - devBBoxColorProperty: ObjectProperty [value: 0xff0000ff]
13:22:56.359 [FXGL Background Thread 3 ] DEBUG Engine               - devEnableDebugCameraProperty: BooleanProperty [value: false]
13:22:56.360 [FXGL Background Thread 3 ] DEBUG Engine               - devSensorColorProperty: ObjectProperty [value: 0xffff00ff]
13:22:56.360 [FXGL Background Thread 3 ] DEBUG Engine               - devShowBBoxProperty: BooleanProperty [value: false]
13:22:56.360 [FXGL Background Thread 3 ] DEBUG Engine               - devShowPositionProperty: BooleanProperty [value: false]
13:22:56.360 [FXGL Background Thread 3 ] DEBUG Engine               - enabledMenuItems: []
13:22:56.360 [FXGL Background Thread 3 ] DEBUG Engine               - engineServices: [class com.almasb.fxgl.app.services.FXGLAssetLoaderService, class com.almasb.fxgl.app.FXGLApplication$GameApplicationService, class com.almasb.fxgl.app.services.FXGLDialogService, class com.almasb.fxgl.app.services.IOTaskExecutorService, class com.almasb.fxgl.io.FileSystemService, class com.almasb.fxgl.localization.LocalizationService, class com.almasb.fxgl.app.services.SystemBundleService, class com.almasb.fxgl.profile.SaveLoadService, class com.almasb.fxgl.ui.FXGLUIFactoryServiceProvider, class com.almasb.fxgl.ui.FXGLDialogFactoryServiceProvider, class com.almasb.fxgl.audio.AudioPlayer, class com.almasb.fxgl.notification.impl.NotificationServiceProvider, class com.almasb.fxgl.achievement.AchievementService, class com.almasb.fxgl.cutscene.CutsceneService, class com.almasb.fxgl.minigames.MiniGameService, class com.almasb.fxgl.net.NetService, class com.almasb.fxgl.app.services.UpdaterService, class com.almasb.fxgl.dev.DevService]
13:22:56.360 [FXGL Background Thread 3 ] DEBUG Engine               - fontGame: Abel-Regular.ttf
13:22:56.360 [FXGL Background Thread 3 ] DEBUG Engine               - fontMono: TerminalLandMono-Regular.otf
13:22:56.361 [FXGL Background Thread 3 ] DEBUG Engine               - fontSizeScaleUI: 1.0
13:22:56.361 [FXGL Background Thread 3 ] DEBUG Engine               - fontText: Courier-Prime.ttf
13:22:56.361 [FXGL Background Thread 3 ] DEBUG Engine               - fontUI: VarelaRound-Regular.ttf
13:22:56.361 [FXGL Background Thread 3 ] DEBUG Engine               - fullScreen: BooleanProperty [value: false]
13:22:56.361 [FXGL Background Thread 3 ] DEBUG Engine               - gameDifficulty: MEDIUM
13:22:56.363 [FXGL Background Thread 3 ] DEBUG Engine               - gameDifficultyProperty: ObjectProperty [value: MEDIUM]
13:22:56.363 [FXGL Background Thread 3 ] DEBUG Engine               - globalMusicVolume: 0.5
13:22:56.364 [FXGL Background Thread 3 ] DEBUG Engine               - globalMusicVolumeProperty: DoubleProperty [value: 0.5]
13:22:56.364 [FXGL Background Thread 3 ] DEBUG Engine               - globalSoundVolume: 0.5
13:22:56.366 [FXGL Background Thread 3 ] DEBUG Engine               - globalSoundVolumeProperty: DoubleProperty [value: 0.5]
13:22:56.367 [FXGL Background Thread 3 ] DEBUG Engine               - height: 720
13:22:56.367 [FXGL Background Thread 3 ] DEBUG Engine               - is3D: false
13:22:56.367 [FXGL Background Thread 3 ] DEBUG Engine               - isAndroid: false
13:22:56.367 [FXGL Background Thread 3 ] DEBUG Engine               - isBrowser: false
13:22:56.367 [FXGL Background Thread 3 ] DEBUG Engine               - isClickFeedbackEnabled: false
13:22:56.367 [FXGL Background Thread 3 ] DEBUG Engine               - isCloseConfirmation: false
13:22:56.367 [FXGL Background Thread 3 ] DEBUG Engine               - isDesktop: true
13:22:56.367 [FXGL Background Thread 3 ] DEBUG Engine               - isDeveloperMenuEnabled: true
13:22:56.367 [FXGL Background Thread 3 ] DEBUG Engine               - isEmbedded: false
13:22:56.367 [FXGL Background Thread 3 ] DEBUG Engine               - isEntityPreloadEnabled: true
13:22:56.368 [FXGL Background Thread 3 ] DEBUG Engine               - isExperimentalTiledLargeMap: false
13:22:56.368 [FXGL Background Thread 3 ] DEBUG Engine               - isFileSystemWriteAllowed: true
13:22:56.368 [FXGL Background Thread 3 ] DEBUG Engine               - isFullScreenAllowed: false
13:22:56.368 [FXGL Background Thread 3 ] DEBUG Engine               - isFullScreenFromStart: false
13:22:56.368 [FXGL Background Thread 3 ] DEBUG Engine               - isGameMenuEnabled: true
13:22:56.368 [FXGL Background Thread 3 ] DEBUG Engine               - isIOS: false
13:22:56.368 [FXGL Background Thread 3 ] DEBUG Engine               - isIntroEnabled: false
13:22:56.368 [FXGL Background Thread 3 ] DEBUG Engine               - isLinux: false
13:22:56.368 [FXGL Background Thread 3 ] DEBUG Engine               - isMac: false
13:22:56.368 [FXGL Background Thread 3 ] DEBUG Engine               - isMainMenuEnabled: false
13:22:56.369 [FXGL Background Thread 3 ] DEBUG Engine               - isManualResizeEnabled: false
13:22:56.369 [FXGL Background Thread 3 ] DEBUG Engine               - isMobile: false
13:22:56.369 [FXGL Background Thread 3 ] DEBUG Engine               - isNative: false
13:22:56.369 [FXGL Background Thread 3 ] DEBUG Engine               - isPauseMusicWhenMinimized: true
13:22:56.369 [FXGL Background Thread 3 ] DEBUG Engine               - isPreserveResizeRatio: false
13:22:56.369 [FXGL Background Thread 3 ] DEBUG Engine               - isProfilingEnabled: false
13:22:56.369 [FXGL Background Thread 3 ] DEBUG Engine               - isScaleAffectedOnResize: true
13:22:56.369 [FXGL Background Thread 3 ] DEBUG Engine               - isSingleStep: false
13:22:56.369 [FXGL Background Thread 3 ] DEBUG Engine               - isUserProfileEnabled: false
13:22:56.369 [FXGL Background Thread 3 ] DEBUG Engine               - isWindows: true
13:22:56.369 [FXGL Background Thread 3 ] DEBUG Engine               - language: ObjectProperty [value: ENGLISH]
13:22:56.370 [FXGL Background Thread 3 ] DEBUG Engine               - menuKey: ESCAPE
13:22:56.370 [FXGL Background Thread 3 ] DEBUG Engine               - mouseSensitivity: 0.2
13:22:56.370 [FXGL Background Thread 3 ] DEBUG Engine               - notificationViewClass: class com.almasb.fxgl.notification.view.XboxNotificationView
13:22:56.370 [FXGL Background Thread 3 ] DEBUG Engine               - pixelsPerMeter: 50.0
13:22:56.370 [FXGL Background Thread 3 ] DEBUG Engine               - platform: WINDOWS
13:22:56.370 [FXGL Background Thread 3 ] DEBUG Engine               - prefHeightProperty: ReadOnlyDoubleProperty [value: 720.0]
13:22:56.371 [FXGL Background Thread 3 ] DEBUG Engine               - prefWidthProperty: ReadOnlyDoubleProperty [value: 1280.0]
13:22:56.371 [FXGL Background Thread 3 ] DEBUG Engine               - profileDir: profiles/
13:22:56.371 [FXGL Background Thread 3 ] DEBUG Engine               - profileName: StringProperty [value: DEFAULT]
13:22:56.371 [FXGL Background Thread 3 ] DEBUG Engine               - randomSeed: -1
13:22:56.371 [FXGL Background Thread 3 ] DEBUG Engine               - runtimeInfo: RuntimeInfo(platform=WINDOWS, version=21, build=28.12.2023 13.35)
13:22:56.371 [FXGL Background Thread 3 ] DEBUG Engine               - saveFileExt: sav
13:22:56.371 [FXGL Background Thread 3 ] DEBUG Engine               - scaledHeightProp$fxgl: DoubleProperty [bound, value: 720.0]
13:22:56.372 [FXGL Background Thread 3 ] DEBUG Engine               - scaledWidthProp$fxgl: DoubleProperty [bound, value: 1280.0]
13:22:56.372 [FXGL Background Thread 3 ] DEBUG Engine               - sceneFactory: com.almasb.fxgl.app.scene.SceneFactory@6e1164d2
13:22:56.372 [FXGL Background Thread 3 ] DEBUG Engine               - secondsIn24h: 60
13:22:56.372 [FXGL Background Thread 3 ] DEBUG Engine               - soundMenuBack: menu/back.wav
13:22:56.372 [FXGL Background Thread 3 ] DEBUG Engine               - soundMenuPress: menu/press.wav
13:22:56.372 [FXGL Background Thread 3 ] DEBUG Engine               - soundMenuSelect: menu/select.wav
13:22:56.372 [FXGL Background Thread 3 ] DEBUG Engine               - soundNotification: core/notification.wav
13:22:56.372 [FXGL Background Thread 3 ] DEBUG Engine               - stageStyle: DECORATED
13:22:56.372 [FXGL Background Thread 3 ] DEBUG Engine               - supportedLanguages: [ENGLISH, FRENCH, GERMAN, HUNGARIAN, RUSSIAN]
13:22:56.373 [FXGL Background Thread 3 ] DEBUG Engine               - ticksPerSecond: -1
13:22:56.373 [FXGL Background Thread 3 ] DEBUG Engine               - title: Basic Game App
13:22:56.373 [FXGL Background Thread 3 ] DEBUG Engine               - urlGithub: https://github.com/AlmasB/FXGL
13:22:56.373 [FXGL Background Thread 3 ] DEBUG Engine               - urlLeaderboard: http://fxgl-top.herokuapp.com/
13:22:56.373 [FXGL Background Thread 3 ] DEBUG Engine               - urlPOM: https://raw.githubusercontent.com/AlmasB/FXGL/release/README.md
13:22:56.373 [FXGL Background Thread 3 ] DEBUG Engine               - userAppClass: class com.lucenstuff.fxglgames.suikagame.SuikaGame
13:22:56.373 [FXGL Background Thread 3 ] DEBUG Engine               - version: 0.1
13:22:56.373 [FXGL Background Thread 3 ] DEBUG Engine               - versionCheckDays: 7
13:22:56.373 [FXGL Background Thread 3 ] DEBUG Engine               - width: 1280
13:22:56.374 [FXGL Background Thread 3 ] DEBUG Engine               - Logging services
13:22:56.374 [FXGL Background Thread 3 ] DEBUG Engine               - class com.almasb.fxgl.app.services.FXGLAssetLoaderService
13:22:56.374 [FXGL Background Thread 3 ] DEBUG Engine               - class com.almasb.fxgl.app.FXGLApplication$GameApplicationService
13:22:56.374 [FXGL Background Thread 3 ] DEBUG Engine               - class com.almasb.fxgl.app.services.FXGLDialogService
13:22:56.374 [FXGL Background Thread 3 ] DEBUG Engine               - class com.almasb.fxgl.app.services.IOTaskExecutorService
13:22:56.374 [FXGL Background Thread 3 ] DEBUG Engine               - class com.almasb.fxgl.io.FileSystemService
13:22:56.374 [FXGL Background Thread 3 ] DEBUG Engine               - class com.almasb.fxgl.localization.LocalizationService
13:22:56.374 [FXGL Background Thread 3 ] DEBUG Engine               - class com.almasb.fxgl.app.services.SystemBundleService
13:22:56.374 [FXGL Background Thread 3 ] DEBUG Engine               - class com.almasb.fxgl.profile.SaveLoadService
13:22:56.374 [FXGL Background Thread 3 ] DEBUG Engine               - class com.almasb.fxgl.ui.FXGLUIFactoryServiceProvider
13:22:56.374 [FXGL Background Thread 3 ] DEBUG Engine               - class com.almasb.fxgl.ui.FXGLDialogFactoryServiceProvider
13:22:56.376 [FXGL Background Thread 3 ] DEBUG Engine               - class com.almasb.fxgl.audio.AudioPlayer
13:22:56.376 [FXGL Background Thread 3 ] DEBUG Engine               - class com.almasb.fxgl.notification.impl.NotificationServiceProvider
13:22:56.376 [FXGL Background Thread 3 ] DEBUG Engine               - class com.almasb.fxgl.achievement.AchievementService
13:22:56.376 [FXGL Background Thread 3 ] DEBUG Engine               - class com.almasb.fxgl.cutscene.CutsceneService
13:22:56.376 [FXGL Background Thread 3 ] DEBUG Engine               - class com.almasb.fxgl.minigames.MiniGameService
13:22:56.376 [FXGL Background Thread 3 ] DEBUG Engine               - class com.almasb.fxgl.net.NetService
13:22:56.376 [FXGL Background Thread 3 ] DEBUG Engine               - class com.almasb.fxgl.app.services.UpdaterService
13:22:56.376 [FXGL Background Thread 3 ] DEBUG Engine               - class com.almasb.fxgl.dev.DevService
13:23:19.589 [JavaFX Application Thread] DEBUG FXGLApplication      - Exiting FXGL
13:23:19.590 [JavaFX Application Thread] DEBUG Async                - Shutting down background threads
13:23:19.590 [JavaFX Application Thread] DEBUG PrimaryStageWindow   - Closing main window
13:23:19.618 [JavaFX Application Thread] DEBUG Logger               - Closing Logger
