17:18:26.015 [main                     ] DEBUG Logger               - Configured Logger
17:18:26.055 [main                     ] DEBUG GameApplication      - Logging settings
Title: Basic Game App
Version: 0.1
Width: 1280
Height: 720
Fullscreen: false
Intro: false
Profiling: false
Single step:false
App Mode: DEVELOPER
Menu Key: ESCAPE
Stage Style: DECORATED
Scene Factory: class com.almasb.fxgl.app.scene.SceneFactory

17:18:27.111 [JavaFX Application Thread] DEBUG FXGLApplication      - Initializing FXGL
17:18:27.117 [JavaFX Application Thread] INFO  Engine               - FXGL-21 (28.12.2023 13.35) on WINDOWS (J:21.0.1 FX:21.0.1)
17:18:27.117 [JavaFX Application Thread] DEBUG Engine               - JRE Vendor Name: Oracle Corporation
17:18:27.117 [JavaFX Application Thread] DEBUG Engine               - Running on OS: Windows 11 version 10.0
17:18:27.117 [JavaFX Application Thread] DEBUG Engine               - Architecture: amd64
17:18:27.117 [JavaFX Application Thread] INFO  Engine               - Source code and latest versions at: https://github.com/AlmasB/FXGL
17:18:27.118 [JavaFX Application Thread] INFO  Engine               -       Ask questions and discuss at: https://github.com/AlmasB/FXGL/discussions
17:18:27.118 [JavaFX Application Thread] INFO  Engine               -              Join the FXGL chat at: https://gitter.im/AlmasB/FXGL
17:18:27.337 [JavaFX Application Thread] DEBUG PrimaryStageWindow   - Creating a JavaFX scene
17:18:27.433 [JavaFX Application Thread] DEBUG PrimaryStageWindow   - Target settings size: 1280.0 x 720.0
17:18:27.434 [JavaFX Application Thread] DEBUG PrimaryStageWindow   - Scaled scene size:    1280.0 x 720.0
17:18:27.434 [JavaFX Application Thread] DEBUG PrimaryStageWindow   - Scaled ratio: (1.0, 1.0)
17:18:27.436 [JavaFX Application Thread] DEBUG PrimaryStageWindow   - Set initial scene to FXGLStartupScene
17:18:27.444 [JavaFX Application Thread] DEBUG PrimaryStageWindow   - Opening main window
17:18:27.588 [JavaFX Application Thread] DEBUG PrimaryStageWindow   - Window border size: (16.0, 39.0)
17:18:27.589 [JavaFX Application Thread] DEBUG PrimaryStageWindow   - Scaled size: 1280.0 x 720.0
17:18:27.589 [JavaFX Application Thread] DEBUG PrimaryStageWindow   - Scaled ratio: (1.0, 1.0)
17:18:27.589 [JavaFX Application Thread] DEBUG PrimaryStageWindow   - Scene size: 1280.0 x 720.0
17:18:27.589 [JavaFX Application Thread] DEBUG PrimaryStageWindow   - Stage size: 1296.0 x 759.0
17:18:27.659 [FXGL Background Thread 1 ] DEBUG Engine               - Initializing environment variables
17:18:27.759 [FXGL Background Thread 1 ] DEBUG FXGLAssetLoaderServi - User app class for loading assets: class com.lucenstuff.fxglgames.suikagame.SuikaGame
17:18:27.760 [FXGL Background Thread 1 ] DEBUG GameApplicationServi - Applying CSS: fxgl_dark.css
17:18:27.761 [FXGL Background Thread 1 ] DEBUG FXGLAssetLoaderServi - Loading from file system: jar:file:/C:/Users/agust/.m2/repository/com/github/almasb/fxgl/21/fxgl-21.jar!/fxglassets/ui/css/fxgl_dark.css
17:18:27.851 [FXGL Background Thread 1 ] DEBUG GameApplicationServi - Initializing application scenes
17:18:28.025 [FXGL Background Thread 1 ] DEBUG GameWorld            - Game world initialized
17:18:28.124 [FXGL Background Thread 1 ] DEBUG PhysicsWorld         - Physics world initialized: appHeight=720, physics.ppm=50,0
17:18:28.125 [FXGL Background Thread 1 ] DEBUG PhysicsWorld         - Using strategy: BRUTE_FORCE
17:18:28.130 [FXGL Background Thread 1 ] DEBUG GameScene            - Game scene initialized: 1280x720
17:18:28.154 [FXGL Background Thread 1 ] DEBUG FXGL.DefaultMenu     - createMenuBodyGameMenu()
17:18:28.180 [FXGL Background Thread 1 ] DEBUG FXGL.DefaultMenu     - createOptionsMenu()
17:18:28.196 [FXGL Background Thread 1 ] DEBUG FXGLAssetLoaderServi - Loading from file system: jar:file:/C:/Users/agust/.m2/repository/com/github/almasb/fxgl/21/fxgl-21.jar!/fxglassets/textures/particles/smoke.png
17:18:28.398 [FXGL Background Thread 1 ] DEBUG FXGLAssetLoaderServi - Loading from file system: jar:file:/C:/Users/agust/.m2/repository/com/github/almasb/fxgl/21/fxgl-21.jar!/fxglassets/textures/particles/trace_horizontal.png
17:18:28.452 [FXGL Background Thread 1 ] DEBUG GameApplicationServi - Application scenes initialized
17:18:28.478 [FXGL Background Thread 1 ] DEBUG SystemBundleService  - Loading FXGL system data
17:18:28.490 [FXGL Background Thread 1 ] DEBUG FileSystemAccess     - Reading from: D:\Programación\JAVA\SuikaGame\system\fxgl.bundle
17:18:28.511 [FXGL Background Thread 1 ] DEBUG SystemBundleService  - Bundle FXGL: {}
17:18:28.511 [FXGL Background Thread 1 ] DEBUG UpdaterService       - Checking for updates
17:18:28.559 [FXGL Background Thread 1 ] DEBUG FXGLApplication      - Loading default localization
17:18:28.560 [FXGL Background Thread 1 ] DEBUG FXGLAssetLoaderServi - Loading from file system: jar:file:/C:/Users/agust/.m2/repository/com/github/almasb/fxgl/21/fxgl-21.jar!/fxglassets/languages/english.lang
17:18:28.606 [FXGL Background Thread 1 ] INFO  FXGLApplication      - FXGL initialization took: 0,947 sec
17:18:28.608 [JavaFX Application Thread] DEBUG FXGLAssetLoaderServi - Loading from file system: jar:file:/C:/Users/agust/.m2/repository/com/github/almasb/fxgl/21/fxgl-21.jar!/fxglassets/textures/fxgl_icon.png
17:18:28.679 [FXGL Background Thread 4 ] DEBUG FXGLApplication      - Loading fonts
17:18:28.682 [FXGL Background Thread 4 ] DEBUG FXGLAssetLoaderServi - Loading from file system: jar:file:/C:/Users/agust/.m2/repository/com/github/almasb/fxgl/21/fxgl-21.jar!/fxglassets/ui/fonts/VarelaRound-Regular.ttf
17:18:28.687 [JavaFX Application Thread] DEBUG FXGLAssetLoaderServi - Loading from file system: jar:file:/C:/Users/agust/.m2/repository/com/github/almasb/fxgl/21/fxgl-21.jar!/fxglassets/textures/fxgl_default_cursor.png
17:18:28.716 [JavaFX Application Thread] DEBUG Input                - Registered new binding: Screenshot - CTRL+8
17:18:28.716 [JavaFX Application Thread] DEBUG Input                - Registered new binding: Dev Options - 1
17:18:28.717 [JavaFX Application Thread] DEBUG Input                - Registered new binding: Dev Console - 2
17:18:28.718 [JavaFX Application Thread] DEBUG Input                - Registered new binding: System info dump - CTRL+9
17:18:28.719 [JavaFX Application Thread] DEBUG Input                - Registered new binding: Restart - CTRL+R
17:18:28.720 [JavaFX Application Thread] DEBUG Input                - Registered new binding: Toggle Debug Camera - CTRL+7
17:18:28.724 [JavaFX Application Thread] DEBUG LoopRunner           - Starting loop
17:18:28.774 [JavaFX Application Thread] DEBUG LoopRunner           - Initializing JavaFX AnimationTimerLoop
17:18:28.779 [JavaFX Application Thread] DEBUG GameApplicationServi - Starting new game
17:18:28.780 [JavaFX Application Thread] DEBUG Input                - Clearing active input actions
17:18:28.811 [JavaFX Application Thread] DEBUG GameApplicationServi - Removing overlay from FXGLStartupScene and adding to FXGLLoadingScene
17:18:28.818 [JavaFX Application Thread] DEBUG PrimaryStageWindow   - FXGLStartupScene -> FXGLLoadingScene
17:18:28.818 [JavaFX Application Thread] DEBUG GameApplicationServi - Clearing previous game
17:18:28.818 [JavaFX Application Thread] DEBUG GameScene            - Clearing game scene
17:18:28.818 [JavaFX Application Thread] DEBUG GameWorld            - Clearing game world
17:18:28.818 [JavaFX Application Thread] DEBUG PhysicsWorld         - Clearing physics world
17:18:28.820 [FXGL Background Thread 1 ] DEBUG FXGLApplication      - Initializing game
17:18:28.906 [FXGL Background Thread 1 ] INFO  FXGLApplication      - Game initialization took: 0,086 sec
17:18:28.926 [FXGL Background Thread 4 ] DEBUG FXGLAssetLoaderServi - Loading from file system: jar:file:/C:/Users/agust/.m2/repository/com/github/almasb/fxgl/21/fxgl-21.jar!/fxglassets/ui/fonts/Abel-Regular.ttf
17:18:29.349 [JavaFX Application Thread] DEBUG Input                - Clearing active input actions
17:18:29.366 [JavaFX Application Thread] DEBUG GameApplicationServi - Removing overlay from FXGLLoadingScene and adding to GameScene
17:18:29.375 [JavaFX Application Thread] DEBUG PrimaryStageWindow   - FXGLLoadingScene -> GameScene
17:18:29.575 [FXGL Background Thread 4 ] DEBUG FXGLAssetLoaderServi - Loading from file system: jar:file:/C:/Users/agust/.m2/repository/com/github/almasb/fxgl/21/fxgl-21.jar!/fxglassets/ui/fonts/TerminalLandMono-Regular.otf
17:18:29.607 [FXGL Background Thread 4 ] DEBUG FXGLAssetLoaderServi - Loading from file system: jar:file:/C:/Users/agust/.m2/repository/com/github/almasb/fxgl/21/fxgl-21.jar!/fxglassets/ui/fonts/Courier-Prime.ttf
17:18:29.625 [JavaFX Application Thread] DEBUG FXGLApplication      - Registering font factories with UI factory
17:18:30.460 [JavaFX Application Thread] DEBUG FXGLAssetLoaderServi - Loading from file system: file:/D:/Programaci%c3%b3n/JAVA/SuikaGame/target/classes/assets/textures/orange.png
17:18:31.557 [FXGL Background Thread 3 ] DEBUG Engine               - Logging environment variables
17:18:31.560 [FXGL Background Thread 3 ] DEBUG Engine               - achievements: []
17:18:31.561 [FXGL Background Thread 3 ] DEBUG Engine               - actualHeight: 720.0
17:18:31.562 [FXGL Background Thread 3 ] DEBUG Engine               - actualHeightProperty: ReadOnlyDoubleProperty [value: 720.0]
17:18:31.562 [FXGL Background Thread 3 ] DEBUG Engine               - actualWidth: 1280.0
17:18:31.562 [FXGL Background Thread 3 ] DEBUG Engine               - actualWidthProperty: ReadOnlyDoubleProperty [value: 1280.0]
17:18:31.563 [FXGL Background Thread 3 ] DEBUG Engine               - appIcon: fxgl_icon.png
17:18:31.563 [FXGL Background Thread 3 ] DEBUG Engine               - applicationMode: DEVELOPER
17:18:31.564 [FXGL Background Thread 3 ] DEBUG Engine               - cSSList: [fxgl_dark.css]
17:18:31.564 [FXGL Background Thread 3 ] DEBUG Engine               - collisionDetectionStrategy: BRUTE_FORCE
17:18:31.564 [FXGL Background Thread 3 ] DEBUG Engine               - configClass: Optional.empty
17:18:31.564 [FXGL Background Thread 3 ] DEBUG Engine               - credits: []
17:18:31.567 [FXGL Background Thread 3 ] DEBUG Engine               - defaultCursor: CursorInfo(imageName=fxgl_default_cursor.png, hotspotX=7.0, hotspotY=6.0)
17:18:31.570 [FXGL Background Thread 3 ] DEBUG Engine               - devBBoxColorProperty: ObjectProperty [value: 0xff0000ff]
17:18:31.572 [FXGL Background Thread 3 ] DEBUG Engine               - devEnableDebugCameraProperty: BooleanProperty [value: false]
17:18:31.572 [FXGL Background Thread 3 ] DEBUG Engine               - devSensorColorProperty: ObjectProperty [value: 0xffff00ff]
17:18:31.572 [FXGL Background Thread 3 ] DEBUG Engine               - devShowBBoxProperty: BooleanProperty [value: false]
17:18:31.573 [FXGL Background Thread 3 ] DEBUG Engine               - devShowPositionProperty: BooleanProperty [value: false]
17:18:31.573 [FXGL Background Thread 3 ] DEBUG Engine               - enabledMenuItems: []
17:18:31.573 [FXGL Background Thread 3 ] DEBUG Engine               - engineServices: [class com.almasb.fxgl.app.services.FXGLAssetLoaderService, class com.almasb.fxgl.app.FXGLApplication$GameApplicationService, class com.almasb.fxgl.app.services.FXGLDialogService, class com.almasb.fxgl.app.services.IOTaskExecutorService, class com.almasb.fxgl.io.FileSystemService, class com.almasb.fxgl.localization.LocalizationService, class com.almasb.fxgl.app.services.SystemBundleService, class com.almasb.fxgl.profile.SaveLoadService, class com.almasb.fxgl.ui.FXGLUIFactoryServiceProvider, class com.almasb.fxgl.ui.FXGLDialogFactoryServiceProvider, class com.almasb.fxgl.audio.AudioPlayer, class com.almasb.fxgl.notification.impl.NotificationServiceProvider, class com.almasb.fxgl.achievement.AchievementService, class com.almasb.fxgl.cutscene.CutsceneService, class com.almasb.fxgl.minigames.MiniGameService, class com.almasb.fxgl.net.NetService, class com.almasb.fxgl.app.services.UpdaterService, class com.almasb.fxgl.dev.DevService]
17:18:31.573 [FXGL Background Thread 3 ] DEBUG Engine               - fontGame: Abel-Regular.ttf
17:18:31.573 [FXGL Background Thread 3 ] DEBUG Engine               - fontMono: TerminalLandMono-Regular.otf
17:18:31.574 [FXGL Background Thread 3 ] DEBUG Engine               - fontSizeScaleUI: 1.0
17:18:31.574 [FXGL Background Thread 3 ] DEBUG Engine               - fontText: Courier-Prime.ttf
17:18:31.574 [FXGL Background Thread 3 ] DEBUG Engine               - fontUI: VarelaRound-Regular.ttf
17:18:31.574 [FXGL Background Thread 3 ] DEBUG Engine               - fullScreen: BooleanProperty [value: false]
17:18:31.574 [FXGL Background Thread 3 ] DEBUG Engine               - gameDifficulty: MEDIUM
17:18:31.574 [FXGL Background Thread 3 ] DEBUG Engine               - gameDifficultyProperty: ObjectProperty [value: MEDIUM]
17:18:31.575 [FXGL Background Thread 3 ] DEBUG Engine               - globalMusicVolume: 0.5
17:18:31.576 [FXGL Background Thread 3 ] DEBUG Engine               - globalMusicVolumeProperty: DoubleProperty [value: 0.5]
17:18:31.576 [FXGL Background Thread 3 ] DEBUG Engine               - globalSoundVolume: 0.5
17:18:31.577 [FXGL Background Thread 3 ] DEBUG Engine               - globalSoundVolumeProperty: DoubleProperty [value: 0.5]
17:18:31.577 [FXGL Background Thread 3 ] DEBUG Engine               - height: 720
17:18:31.578 [FXGL Background Thread 3 ] DEBUG Engine               - is3D: false
17:18:31.578 [FXGL Background Thread 3 ] DEBUG Engine               - isAndroid: false
17:18:31.578 [FXGL Background Thread 3 ] DEBUG Engine               - isBrowser: false
17:18:31.578 [FXGL Background Thread 3 ] DEBUG Engine               - isClickFeedbackEnabled: false
17:18:31.578 [FXGL Background Thread 3 ] DEBUG Engine               - isCloseConfirmation: false
17:18:31.579 [FXGL Background Thread 3 ] DEBUG Engine               - isDesktop: true
17:18:31.579 [FXGL Background Thread 3 ] DEBUG Engine               - isDeveloperMenuEnabled: true
17:18:31.579 [FXGL Background Thread 3 ] DEBUG Engine               - isEmbedded: false
17:18:31.579 [FXGL Background Thread 3 ] DEBUG Engine               - isEntityPreloadEnabled: true
17:18:31.579 [FXGL Background Thread 3 ] DEBUG Engine               - isExperimentalTiledLargeMap: false
17:18:31.579 [FXGL Background Thread 3 ] DEBUG Engine               - isFileSystemWriteAllowed: true
17:18:31.579 [FXGL Background Thread 3 ] DEBUG Engine               - isFullScreenAllowed: false
17:18:31.580 [FXGL Background Thread 3 ] DEBUG Engine               - isFullScreenFromStart: false
17:18:31.580 [FXGL Background Thread 3 ] DEBUG Engine               - isGameMenuEnabled: true
17:18:31.580 [FXGL Background Thread 3 ] DEBUG Engine               - isIOS: false
17:18:31.580 [FXGL Background Thread 3 ] DEBUG Engine               - isIntroEnabled: false
17:18:31.580 [FXGL Background Thread 3 ] DEBUG Engine               - isLinux: false
17:18:31.580 [FXGL Background Thread 3 ] DEBUG Engine               - isMac: false
17:18:31.580 [FXGL Background Thread 3 ] DEBUG Engine               - isMainMenuEnabled: false
17:18:31.581 [FXGL Background Thread 3 ] DEBUG Engine               - isManualResizeEnabled: false
17:18:31.582 [FXGL Background Thread 3 ] DEBUG Engine               - isMobile: false
17:18:31.582 [FXGL Background Thread 3 ] DEBUG Engine               - isNative: false
17:18:31.582 [FXGL Background Thread 3 ] DEBUG Engine               - isPauseMusicWhenMinimized: true
17:18:31.583 [FXGL Background Thread 3 ] DEBUG Engine               - isPreserveResizeRatio: false
17:18:31.583 [FXGL Background Thread 3 ] DEBUG Engine               - isProfilingEnabled: false
17:18:31.584 [FXGL Background Thread 3 ] DEBUG Engine               - isScaleAffectedOnResize: true
17:18:31.584 [FXGL Background Thread 3 ] DEBUG Engine               - isSingleStep: false
17:18:31.584 [FXGL Background Thread 3 ] DEBUG Engine               - isUserProfileEnabled: false
17:18:31.584 [FXGL Background Thread 3 ] DEBUG Engine               - isWindows: true
17:18:31.584 [FXGL Background Thread 3 ] DEBUG Engine               - language: ObjectProperty [value: ENGLISH]
17:18:31.584 [FXGL Background Thread 3 ] DEBUG Engine               - menuKey: ESCAPE
17:18:31.584 [FXGL Background Thread 3 ] DEBUG Engine               - mouseSensitivity: 0.2
17:18:31.584 [FXGL Background Thread 3 ] DEBUG Engine               - notificationViewClass: class com.almasb.fxgl.notification.view.XboxNotificationView
17:18:31.584 [FXGL Background Thread 3 ] DEBUG Engine               - pixelsPerMeter: 50.0
17:18:31.585 [FXGL Background Thread 3 ] DEBUG Engine               - platform: WINDOWS
17:18:31.585 [FXGL Background Thread 3 ] DEBUG Engine               - prefHeightProperty: ReadOnlyDoubleProperty [value: 720.0]
17:18:31.585 [FXGL Background Thread 3 ] DEBUG Engine               - prefWidthProperty: ReadOnlyDoubleProperty [value: 1280.0]
17:18:31.585 [FXGL Background Thread 3 ] DEBUG Engine               - profileDir: profiles/
17:18:31.585 [FXGL Background Thread 3 ] DEBUG Engine               - profileName: StringProperty [value: DEFAULT]
17:18:31.585 [FXGL Background Thread 3 ] DEBUG Engine               - randomSeed: -1
17:18:31.585 [FXGL Background Thread 3 ] DEBUG Engine               - runtimeInfo: RuntimeInfo(platform=WINDOWS, version=21, build=28.12.2023 13.35)
17:18:31.586 [FXGL Background Thread 3 ] DEBUG Engine               - saveFileExt: sav
17:18:31.586 [FXGL Background Thread 3 ] DEBUG Engine               - scaledHeightProp$fxgl: DoubleProperty [bound, value: 720.0]
17:18:31.586 [FXGL Background Thread 3 ] DEBUG Engine               - scaledWidthProp$fxgl: DoubleProperty [bound, value: 1280.0]
17:18:31.586 [FXGL Background Thread 3 ] DEBUG Engine               - sceneFactory: com.almasb.fxgl.app.scene.SceneFactory@521f2dab
17:18:31.586 [FXGL Background Thread 3 ] DEBUG Engine               - secondsIn24h: 60
17:18:31.586 [FXGL Background Thread 3 ] DEBUG Engine               - soundMenuBack: menu/back.wav
17:18:31.586 [FXGL Background Thread 3 ] DEBUG Engine               - soundMenuPress: menu/press.wav
17:18:31.586 [FXGL Background Thread 3 ] DEBUG Engine               - soundMenuSelect: menu/select.wav
17:18:31.586 [FXGL Background Thread 3 ] DEBUG Engine               - soundNotification: core/notification.wav
17:18:31.586 [FXGL Background Thread 3 ] DEBUG Engine               - stageStyle: DECORATED
17:18:31.587 [FXGL Background Thread 3 ] DEBUG Engine               - supportedLanguages: [ENGLISH, FRENCH, GERMAN, HUNGARIAN, RUSSIAN]
17:18:31.587 [FXGL Background Thread 3 ] DEBUG Engine               - ticksPerSecond: -1
17:18:31.587 [FXGL Background Thread 3 ] DEBUG Engine               - title: Basic Game App
17:18:31.587 [FXGL Background Thread 3 ] DEBUG Engine               - urlGithub: https://github.com/AlmasB/FXGL
17:18:31.587 [FXGL Background Thread 3 ] DEBUG Engine               - urlLeaderboard: http://fxgl-top.herokuapp.com/
17:18:31.587 [FXGL Background Thread 3 ] DEBUG Engine               - urlPOM: https://raw.githubusercontent.com/AlmasB/FXGL/release/README.md
17:18:31.587 [FXGL Background Thread 3 ] DEBUG Engine               - userAppClass: class com.lucenstuff.fxglgames.suikagame.SuikaGame
17:18:31.587 [FXGL Background Thread 3 ] DEBUG Engine               - version: 0.1
17:18:31.588 [FXGL Background Thread 3 ] DEBUG Engine               - versionCheckDays: 7
17:18:31.588 [FXGL Background Thread 3 ] DEBUG Engine               - width: 1280
17:18:31.588 [FXGL Background Thread 3 ] DEBUG Engine               - Logging services
17:18:31.588 [FXGL Background Thread 3 ] DEBUG Engine               - class com.almasb.fxgl.app.services.FXGLAssetLoaderService
17:18:31.588 [FXGL Background Thread 3 ] DEBUG Engine               - class com.almasb.fxgl.app.FXGLApplication$GameApplicationService
17:18:31.588 [FXGL Background Thread 3 ] DEBUG Engine               - class com.almasb.fxgl.app.services.FXGLDialogService
17:18:31.589 [FXGL Background Thread 3 ] DEBUG Engine               - class com.almasb.fxgl.app.services.IOTaskExecutorService
17:18:31.589 [FXGL Background Thread 3 ] DEBUG Engine               - class com.almasb.fxgl.io.FileSystemService
17:18:31.589 [FXGL Background Thread 3 ] DEBUG Engine               - class com.almasb.fxgl.localization.LocalizationService
17:18:31.589 [FXGL Background Thread 3 ] DEBUG Engine               - class com.almasb.fxgl.app.services.SystemBundleService
17:18:31.589 [FXGL Background Thread 3 ] DEBUG Engine               - class com.almasb.fxgl.profile.SaveLoadService
17:18:31.589 [FXGL Background Thread 3 ] DEBUG Engine               - class com.almasb.fxgl.ui.FXGLUIFactoryServiceProvider
17:18:31.589 [FXGL Background Thread 3 ] DEBUG Engine               - class com.almasb.fxgl.ui.FXGLDialogFactoryServiceProvider
17:18:31.589 [FXGL Background Thread 3 ] DEBUG Engine               - class com.almasb.fxgl.audio.AudioPlayer
17:18:31.589 [FXGL Background Thread 3 ] DEBUG Engine               - class com.almasb.fxgl.notification.impl.NotificationServiceProvider
17:18:31.589 [FXGL Background Thread 3 ] DEBUG Engine               - class com.almasb.fxgl.achievement.AchievementService
17:18:31.590 [FXGL Background Thread 3 ] DEBUG Engine               - class com.almasb.fxgl.cutscene.CutsceneService
17:18:31.590 [FXGL Background Thread 3 ] DEBUG Engine               - class com.almasb.fxgl.minigames.MiniGameService
17:18:31.590 [FXGL Background Thread 3 ] DEBUG Engine               - class com.almasb.fxgl.net.NetService
17:18:31.590 [FXGL Background Thread 3 ] DEBUG Engine               - class com.almasb.fxgl.app.services.UpdaterService
17:18:31.590 [FXGL Background Thread 3 ] DEBUG Engine               - class com.almasb.fxgl.dev.DevService
17:18:32.250 [JavaFX Application Thread] DEBUG FXGLApplication      - Exiting FXGL
17:18:32.251 [JavaFX Application Thread] DEBUG LoopRunner           - Stopping loop
17:18:32.251 [JavaFX Application Thread] DEBUG SystemBundleService  - Saving FXGL system data
17:18:32.254 [JavaFX Application Thread] DEBUG FileSystemAccess     - Writing to: D:\Programación\JAVA\SuikaGame\system\fxgl.bundle
17:18:32.256 [JavaFX Application Thread] DEBUG Async                - Shutting down background threads
17:18:32.256 [JavaFX Application Thread] DEBUG PrimaryStageWindow   - Closing main window
17:18:32.277 [JavaFX Application Thread] DEBUG Logger               - Closing Logger
