12:31:18.621 [main                     ] DEBUG Logger               - Configured Logger
12:31:18.654 [main                     ] DEBUG GameApplication      - Logging settings
Title: Suika FXGL
Version: 0.1
Width: 1280
Height: 720
Fullscreen: false
Intro: false
Profiling: false
Single step:false
App Mode: DEVELOPER
Menu Key: ESCAPE
Stage Style: DECORATED
Scene Factory: class com.almasb.fxgl.app.scene.SceneFactory

12:31:19.178 [JavaFX Application Thread] DEBUG FXGLApplication      - Initializing FXGL
12:31:19.182 [JavaFX Application Thread] INFO  Engine               - FXGL-21 (28.12.2023 13.35) on WINDOWS (J:21.0.2 FX:21.0.1)
12:31:19.183 [JavaFX Application Thread] DEBUG Engine               - JRE Vendor Name: Oracle Corporation
12:31:19.183 [JavaFX Application Thread] DEBUG Engine               - Running on OS: Windows 10 version 10.0
12:31:19.183 [JavaFX Application Thread] DEBUG Engine               - Architecture: amd64
12:31:19.183 [JavaFX Application Thread] INFO  Engine               - Source code and latest versions at: https://github.com/AlmasB/FXGL
12:31:19.183 [JavaFX Application Thread] INFO  Engine               -       Ask questions and discuss at: https://github.com/AlmasB/FXGL/discussions
12:31:19.183 [JavaFX Application Thread] INFO  Engine               -              Join the FXGL chat at: https://gitter.im/AlmasB/FXGL
12:31:19.345 [JavaFX Application Thread] DEBUG PrimaryStageWindow   - Creating a JavaFX scene
12:31:19.412 [JavaFX Application Thread] DEBUG PrimaryStageWindow   - Target settings size: 1280.0 x 720.0
12:31:19.412 [JavaFX Application Thread] DEBUG PrimaryStageWindow   - Scaled scene size:    1280.0 x 720.0
12:31:19.412 [JavaFX Application Thread] DEBUG PrimaryStageWindow   - Scaled ratio: (1.0, 1.0)
12:31:19.414 [JavaFX Application Thread] DEBUG PrimaryStageWindow   - Set initial scene to FXGLStartupScene
12:31:19.417 [JavaFX Application Thread] DEBUG PrimaryStageWindow   - Opening main window
12:31:19.526 [JavaFX Application Thread] DEBUG PrimaryStageWindow   - Window border size: (16.0, 39.0)
12:31:19.526 [JavaFX Application Thread] DEBUG PrimaryStageWindow   - Scaled size: 1280.0 x 720.0
12:31:19.526 [JavaFX Application Thread] DEBUG PrimaryStageWindow   - Scaled ratio: (1.0, 1.0)
12:31:19.526 [JavaFX Application Thread] DEBUG PrimaryStageWindow   - Scene size: 1280.0 x 720.0
12:31:19.526 [JavaFX Application Thread] DEBUG PrimaryStageWindow   - Stage size: 1296.0 x 759.0
12:31:19.536 [FXGL Background Thread 1 ] DEBUG Engine               - Initializing environment variables
12:31:19.618 [FXGL Background Thread 1 ] DEBUG FXGLAssetLoaderServi - User app class for loading assets: class com.lucenstuff.fxglgames.suikagame.SuikaGame
12:31:19.618 [FXGL Background Thread 1 ] DEBUG GameApplicationServi - Applying CSS: fxgl_dark.css
12:31:19.619 [FXGL Background Thread 1 ] DEBUG FXGLAssetLoaderServi - Loading from file system: jar:file:/C:/Users/agust/.m2/repository/com/github/almasb/fxgl/21/fxgl-21.jar!/fxglassets/ui/css/fxgl_dark.css
12:31:19.680 [FXGL Background Thread 1 ] DEBUG GameApplicationServi - Initializing application scenes
12:31:19.792 [FXGL Background Thread 1 ] DEBUG GameWorld            - Game world initialized
12:31:19.868 [FXGL Background Thread 1 ] DEBUG PhysicsWorld         - Physics world initialized: appHeight=720, physics.ppm=50,0
12:31:19.868 [FXGL Background Thread 1 ] DEBUG PhysicsWorld         - Using strategy: BRUTE_FORCE
12:31:19.872 [FXGL Background Thread 1 ] DEBUG GameScene            - Game scene initialized: 1280x720
12:31:19.888 [FXGL Background Thread 1 ] DEBUG FXGL.DefaultMenu     - createMenuBodyGameMenu()
12:31:19.909 [FXGL Background Thread 1 ] DEBUG FXGL.DefaultMenu     - createOptionsMenu()
12:31:19.922 [FXGL Background Thread 1 ] DEBUG FXGLAssetLoaderServi - Loading from file system: jar:file:/C:/Users/agust/.m2/repository/com/github/almasb/fxgl/21/fxgl-21.jar!/fxglassets/textures/particles/smoke.png
12:31:20.057 [FXGL Background Thread 1 ] DEBUG FXGLAssetLoaderServi - Loading from file system: jar:file:/C:/Users/agust/.m2/repository/com/github/almasb/fxgl/21/fxgl-21.jar!/fxglassets/textures/particles/trace_horizontal.png
12:31:20.088 [FXGL Background Thread 1 ] DEBUG GameApplicationServi - Application scenes initialized
12:31:20.105 [FXGL Background Thread 1 ] DEBUG SystemBundleService  - Loading FXGL system data
12:31:20.110 [FXGL Background Thread 1 ] DEBUG FileSystemAccess     - Reading from: C:\Users\agust\IdeaProjects\SuikaGameJavaFXGL2\system\fxgl.bundle
12:31:20.120 [FXGL Background Thread 1 ] DEBUG SystemBundleService  - Bundle FXGL: {}
12:31:20.120 [FXGL Background Thread 1 ] DEBUG UpdaterService       - Checking for updates
12:31:20.177 [FXGL Background Thread 1 ] DEBUG FXGLApplication      - Loading default localization
12:31:20.177 [FXGL Background Thread 1 ] DEBUG FXGLAssetLoaderServi - Loading from file system: jar:file:/C:/Users/agust/.m2/repository/com/github/almasb/fxgl/21/fxgl-21.jar!/fxglassets/languages/english.lang
12:31:20.180 [FXGL Background Thread 4 ] DEBUG FXGLApplication      - Loading fonts
12:31:20.181 [FXGL Background Thread 4 ] DEBUG FXGLAssetLoaderServi - Loading from file system: jar:file:/C:/Users/agust/.m2/repository/com/github/almasb/fxgl/21/fxgl-21.jar!/fxglassets/ui/fonts/VarelaRound-Regular.ttf
12:31:20.204 [FXGL Background Thread 1 ] INFO  FXGLApplication      - FXGL initialization took: 0,667 sec
12:31:20.206 [JavaFX Application Thread] DEBUG FXGLAssetLoaderServi - Loading from file system: file:/C:/Users/agust/IdeaProjects/SuikaGameJavaFXGL2/target/classes/assets/textures/watermelon_view.png
12:31:20.243 [JavaFX Application Thread] DEBUG FXGLAssetLoaderServi - Loading from file system: jar:file:/C:/Users/agust/.m2/repository/com/github/almasb/fxgl/21/fxgl-21.jar!/fxglassets/textures/fxgl_default_cursor.png
12:31:20.263 [JavaFX Application Thread] DEBUG Input                - Registered new binding: Screenshot - CTRL+8
12:31:20.267 [JavaFX Application Thread] DEBUG Input                - Registered new binding: Dev Options - 1
12:31:20.267 [JavaFX Application Thread] DEBUG Input                - Registered new binding: Dev Console - 2
12:31:20.268 [JavaFX Application Thread] DEBUG Input                - Registered new binding: System info dump - CTRL+9
12:31:20.268 [JavaFX Application Thread] DEBUG Input                - Registered new binding: Restart - CTRL+R
12:31:20.269 [JavaFX Application Thread] DEBUG Input                - Registered new binding: Toggle Debug Camera - CTRL+7
12:31:20.281 [JavaFX Application Thread] DEBUG LoopRunner           - Starting loop
12:31:20.341 [FXGL Background Thread 4 ] DEBUG FXGLAssetLoaderServi - Loading from file system: jar:file:/C:/Users/agust/.m2/repository/com/github/almasb/fxgl/21/fxgl-21.jar!/fxglassets/ui/fonts/Abel-Regular.ttf
12:31:20.349 [JavaFX Application Thread] DEBUG LoopRunner           - Initializing JavaFX AnimationTimerLoop
12:31:20.351 [JavaFX Application Thread] DEBUG GameApplicationServi - Starting new game
12:31:20.351 [JavaFX Application Thread] DEBUG Input                - Clearing active input actions
12:31:20.372 [JavaFX Application Thread] DEBUG GameApplicationServi - Removing overlay from FXGLStartupScene and adding to FXGLLoadingScene
12:31:20.378 [JavaFX Application Thread] DEBUG PrimaryStageWindow   - FXGLStartupScene -> FXGLLoadingScene
12:31:20.378 [JavaFX Application Thread] DEBUG GameApplicationServi - Clearing previous game
12:31:20.378 [JavaFX Application Thread] DEBUG GameScene            - Clearing game scene
12:31:20.378 [JavaFX Application Thread] DEBUG GameWorld            - Clearing game world
12:31:20.378 [JavaFX Application Thread] DEBUG PhysicsWorld         - Clearing physics world
12:31:20.379 [FXGL Background Thread 1 ] DEBUG FXGLApplication      - Initializing game
12:31:20.405 [FXGL Background Thread 4 ] DEBUG FXGLAssetLoaderServi - Loading from file system: jar:file:/C:/Users/agust/.m2/repository/com/github/almasb/fxgl/21/fxgl-21.jar!/fxglassets/ui/fonts/TerminalLandMono-Regular.otf
12:31:20.429 [FXGL Background Thread 1 ] DEBUG FXGLAssetLoaderServi - Loading from file system: file:/C:/Users/agust/IdeaProjects/SuikaGameJavaFXGL2/target/classes/assets/textures/background_view.png
12:31:20.460 [FXGL Background Thread 1 ] DEBUG FXGLAssetLoaderServi - Loading from file system: file:/C:/Users/agust/IdeaProjects/SuikaGameJavaFXGL2/target/classes/assets/textures/container_view.png
12:31:20.521 [FXGL Background Thread 4 ] DEBUG FXGLAssetLoaderServi - Loading from file system: jar:file:/C:/Users/agust/.m2/repository/com/github/almasb/fxgl/21/fxgl-21.jar!/fxglassets/ui/fonts/Courier-Prime.ttf
12:31:20.559 [FXGL Background Thread 1 ] DEBUG FXGLAssetLoaderServi - Loading from file system: file:/C:/Users/agust/IdeaProjects/SuikaGameJavaFXGL2/target/classes/assets/textures/ring_view.png
12:31:20.572 [FXGL Background Thread 1 ] DEBUG FXGLAssetLoaderServi - Loading from file system: file:/C:/Users/agust/IdeaProjects/SuikaGameJavaFXGL2/target/classes/assets/textures/next_fruit_view.png
12:31:20.576 [FXGL Background Thread 1 ] DEBUG FXGLAssetLoaderServi - Loading from file system: file:/C:/Users/agust/IdeaProjects/SuikaGameJavaFXGL2/target/classes/assets/textures/score_view.png
12:31:20.586 [FXGL Background Thread 1 ] DEBUG FXGLAssetLoaderServi - Loading from file system: file:/C:/Users/agust/IdeaProjects/SuikaGameJavaFXGL2/target/classes/assets/textures/orange_view.png
12:31:20.775 [JavaFX Application Thread] DEBUG LoopRunner           - Stopping loop
12:31:20.777 [JavaFX Application Thread] FATAL FXGLApplication      - Uncaught Exception:
java.lang.RuntimeException: Initialization failed
	at com.almasb.fxgl.app.FXGLApplication$InitAppTask.failed(FXGLApplication.kt:343)
	at javafx.concurrent.Task.setState(Task.java:710)
	at javafx.concurrent.Task$TaskCallable.lambda$call$2(Task.java:1429)
	at com.sun.javafx.application.PlatformImpl.lambda$runLater$10(PlatformImpl.java:456)
	at java.base/java.security.AccessController.doPrivileged(AccessController.java:400)
	at com.sun.javafx.application.PlatformImpl.lambda$runLater$11(PlatformImpl.java:455)
	at com.sun.glass.ui.InvokeLaterDispatcher$Future.run(InvokeLaterDispatcher.java:95)
	at com.sun.glass.ui.win.WinApplication._runLoop(Native Method)
	at com.sun.glass.ui.win.WinApplication.lambda$runLoop$3(WinApplication.java:185)
	at java.base/java.lang.Thread.run(Thread.java:1583)
Caused by: java.lang.NullPointerException: Cannot invoke "javafx.scene.image.ImageView.setImage(javafx.scene.image.Image)" because "this.currentFruitImageView" is null
	at com.lucenstuff.fxglgames.suikagame.FruitFactory.updateCurrentFruitImageView(FruitFactory.java:67)
	at com.lucenstuff.fxglgames.suikagame.FruitFactory.spawnFruitAt(FruitFactory.java:29)
	at com.lucenstuff.fxglgames.suikagame.SuikaGame.initFruits(SuikaGame.java:413)
	at com.lucenstuff.fxglgames.suikagame.SuikaGame.initUI(SuikaGame.java:408)
	at com.almasb.fxgl.app.FXGLApplication$InitAppTask.call(FXGLApplication.kt:321)
	at com.almasb.fxgl.app.FXGLApplication$InitAppTask.call(FXGLApplication.kt:311)
	at javafx.concurrent.Task$TaskCallable.call(Task.java:1399)
	at java.base/java.util.concurrent.FutureTask.run(FutureTask.java:317)
	at java.base/java.util.concurrent.Executors$RunnableAdapter.call(Executors.java:572)
	at java.base/java.util.concurrent.FutureTask.run(FutureTask.java:317)
	at java.base/java.util.concurrent.ThreadPoolExecutor.runWorker(ThreadPoolExecutor.java:1144)
	at java.base/java.util.concurrent.ThreadPoolExecutor$Worker.run(ThreadPoolExecutor.java:642)
	... 1 more

12:31:20.777 [JavaFX Application Thread] FATAL FXGLApplication      - Application will now exit
12:31:20.783 [JavaFX Application Thread] DEBUG PrimaryStageWindow   - Push state: ErrorSubScene
12:31:20.784 [JavaFX Application Thread] DEBUG Input                - Clearing active input actions
12:31:20.784 [JavaFX Application Thread] DEBUG GameApplicationServi - Removing overlay from FXGLLoadingScene and adding to ErrorSubScene
12:31:20.792 [JavaFX Application Thread] DEBUG PrimaryStageWindow   - FXGLLoadingScene -> ErrorSubScene
12:31:20.792 [JavaFX Application Thread] DEBUG FXGLApplication      - Registering font factories with UI factory
12:31:23.173 [FXGL Background Thread 3 ] DEBUG Engine               - Logging environment variables
12:31:23.174 [FXGL Background Thread 3 ] DEBUG Engine               - achievements: []
12:31:23.175 [FXGL Background Thread 3 ] DEBUG Engine               - actualHeight: 720.0
12:31:23.175 [FXGL Background Thread 3 ] DEBUG Engine               - actualHeightProperty: ReadOnlyDoubleProperty [value: 720.0]
12:31:23.175 [FXGL Background Thread 3 ] DEBUG Engine               - actualWidth: 1280.0
12:31:23.175 [FXGL Background Thread 3 ] DEBUG Engine               - actualWidthProperty: ReadOnlyDoubleProperty [value: 1280.0]
12:31:23.175 [FXGL Background Thread 3 ] DEBUG Engine               - appIcon: watermelon_view.png
12:31:23.175 [FXGL Background Thread 3 ] DEBUG Engine               - applicationMode: DEVELOPER
12:31:23.175 [FXGL Background Thread 3 ] DEBUG Engine               - cSSList: [fxgl_dark.css]
12:31:23.175 [FXGL Background Thread 3 ] DEBUG Engine               - collisionDetectionStrategy: BRUTE_FORCE
12:31:23.175 [FXGL Background Thread 3 ] DEBUG Engine               - configClass: Optional.empty
12:31:23.175 [FXGL Background Thread 3 ] DEBUG Engine               - credits: []
12:31:23.176 [FXGL Background Thread 3 ] DEBUG Engine               - defaultCursor: CursorInfo(imageName=fxgl_default_cursor.png, hotspotX=7.0, hotspotY=6.0)
12:31:23.176 [FXGL Background Thread 3 ] DEBUG Engine               - devBBoxColorProperty: ObjectProperty [value: 0xff0000ff]
12:31:23.176 [FXGL Background Thread 3 ] DEBUG Engine               - devEnableDebugCameraProperty: BooleanProperty [value: false]
12:31:23.176 [FXGL Background Thread 3 ] DEBUG Engine               - devSensorColorProperty: ObjectProperty [value: 0xffff00ff]
12:31:23.176 [FXGL Background Thread 3 ] DEBUG Engine               - devShowBBoxProperty: BooleanProperty [value: false]
12:31:23.176 [FXGL Background Thread 3 ] DEBUG Engine               - devShowPositionProperty: BooleanProperty [value: false]
12:31:23.177 [FXGL Background Thread 3 ] DEBUG Engine               - enabledMenuItems: []
12:31:23.177 [FXGL Background Thread 3 ] DEBUG Engine               - engineServices: [class com.almasb.fxgl.app.services.FXGLAssetLoaderService, class com.almasb.fxgl.app.FXGLApplication$GameApplicationService, class com.almasb.fxgl.app.services.FXGLDialogService, class com.almasb.fxgl.app.services.IOTaskExecutorService, class com.almasb.fxgl.io.FileSystemService, class com.almasb.fxgl.localization.LocalizationService, class com.almasb.fxgl.app.services.SystemBundleService, class com.almasb.fxgl.profile.SaveLoadService, class com.almasb.fxgl.ui.FXGLUIFactoryServiceProvider, class com.almasb.fxgl.ui.FXGLDialogFactoryServiceProvider, class com.almasb.fxgl.audio.AudioPlayer, class com.almasb.fxgl.notification.impl.NotificationServiceProvider, class com.almasb.fxgl.achievement.AchievementService, class com.almasb.fxgl.cutscene.CutsceneService, class com.almasb.fxgl.minigames.MiniGameService, class com.almasb.fxgl.net.NetService, class com.almasb.fxgl.app.services.UpdaterService, class com.almasb.fxgl.dev.DevService]
12:31:23.177 [FXGL Background Thread 3 ] DEBUG Engine               - fontGame: Abel-Regular.ttf
12:31:23.177 [FXGL Background Thread 3 ] DEBUG Engine               - fontMono: TerminalLandMono-Regular.otf
12:31:23.177 [FXGL Background Thread 3 ] DEBUG Engine               - fontSizeScaleUI: 1.0
12:31:23.177 [FXGL Background Thread 3 ] DEBUG Engine               - fontText: Courier-Prime.ttf
12:31:23.177 [FXGL Background Thread 3 ] DEBUG Engine               - fontUI: VarelaRound-Regular.ttf
12:31:23.177 [FXGL Background Thread 3 ] DEBUG Engine               - fullScreen: BooleanProperty [value: false]
12:31:23.177 [FXGL Background Thread 3 ] DEBUG Engine               - gameDifficulty: MEDIUM
12:31:23.177 [FXGL Background Thread 3 ] DEBUG Engine               - gameDifficultyProperty: ObjectProperty [value: MEDIUM]
12:31:23.177 [FXGL Background Thread 3 ] DEBUG Engine               - globalMusicVolume: 0.5
12:31:23.177 [FXGL Background Thread 3 ] DEBUG Engine               - globalMusicVolumeProperty: DoubleProperty [value: 0.5]
12:31:23.178 [FXGL Background Thread 3 ] DEBUG Engine               - globalSoundVolume: 0.5
12:31:23.178 [FXGL Background Thread 3 ] DEBUG Engine               - globalSoundVolumeProperty: DoubleProperty [value: 0.5]
12:31:23.178 [FXGL Background Thread 3 ] DEBUG Engine               - height: 720
12:31:23.178 [FXGL Background Thread 3 ] DEBUG Engine               - is3D: false
12:31:23.178 [FXGL Background Thread 3 ] DEBUG Engine               - isAndroid: false
12:31:23.178 [FXGL Background Thread 3 ] DEBUG Engine               - isBrowser: false
12:31:23.178 [FXGL Background Thread 3 ] DEBUG Engine               - isClickFeedbackEnabled: false
12:31:23.178 [FXGL Background Thread 3 ] DEBUG Engine               - isCloseConfirmation: false
12:31:23.178 [FXGL Background Thread 3 ] DEBUG Engine               - isDesktop: true
12:31:23.178 [FXGL Background Thread 3 ] DEBUG Engine               - isDeveloperMenuEnabled: true
12:31:23.179 [FXGL Background Thread 3 ] DEBUG Engine               - isEmbedded: false
12:31:23.179 [FXGL Background Thread 3 ] DEBUG Engine               - isEntityPreloadEnabled: true
12:31:23.179 [FXGL Background Thread 3 ] DEBUG Engine               - isExperimentalTiledLargeMap: false
12:31:23.179 [FXGL Background Thread 3 ] DEBUG Engine               - isFileSystemWriteAllowed: true
12:31:23.180 [FXGL Background Thread 3 ] DEBUG Engine               - isFullScreenAllowed: false
12:31:23.180 [FXGL Background Thread 3 ] DEBUG Engine               - isFullScreenFromStart: false
12:31:23.180 [FXGL Background Thread 3 ] DEBUG Engine               - isGameMenuEnabled: true
12:31:23.180 [FXGL Background Thread 3 ] DEBUG Engine               - isIOS: false
12:31:23.180 [FXGL Background Thread 3 ] DEBUG Engine               - isIntroEnabled: false
12:31:23.180 [FXGL Background Thread 3 ] DEBUG Engine               - isLinux: false
12:31:23.180 [FXGL Background Thread 3 ] DEBUG Engine               - isMac: false
12:31:23.180 [FXGL Background Thread 3 ] DEBUG Engine               - isMainMenuEnabled: false
12:31:23.180 [FXGL Background Thread 3 ] DEBUG Engine               - isManualResizeEnabled: false
12:31:23.181 [FXGL Background Thread 3 ] DEBUG Engine               - isMobile: false
12:31:23.181 [FXGL Background Thread 3 ] DEBUG Engine               - isNative: false
12:31:23.181 [FXGL Background Thread 3 ] DEBUG Engine               - isPauseMusicWhenMinimized: true
12:31:23.181 [FXGL Background Thread 3 ] DEBUG Engine               - isPreserveResizeRatio: false
12:31:23.181 [FXGL Background Thread 3 ] DEBUG Engine               - isProfilingEnabled: false
12:31:23.181 [FXGL Background Thread 3 ] DEBUG Engine               - isScaleAffectedOnResize: true
12:31:23.182 [FXGL Background Thread 3 ] DEBUG Engine               - isSingleStep: false
12:31:23.182 [FXGL Background Thread 3 ] DEBUG Engine               - isUserProfileEnabled: false
12:31:23.182 [FXGL Background Thread 3 ] DEBUG Engine               - isWindows: true
12:31:23.182 [FXGL Background Thread 3 ] DEBUG Engine               - language: ObjectProperty [value: ENGLISH]
12:31:23.182 [FXGL Background Thread 3 ] DEBUG Engine               - menuKey: ESCAPE
12:31:23.182 [FXGL Background Thread 3 ] DEBUG Engine               - mouseSensitivity: 0.2
12:31:23.182 [FXGL Background Thread 3 ] DEBUG Engine               - notificationViewClass: class com.almasb.fxgl.notification.view.XboxNotificationView
12:31:23.182 [FXGL Background Thread 3 ] DEBUG Engine               - pixelsPerMeter: 50.0
12:31:23.182 [FXGL Background Thread 3 ] DEBUG Engine               - platform: WINDOWS
12:31:23.182 [FXGL Background Thread 3 ] DEBUG Engine               - prefHeightProperty: ReadOnlyDoubleProperty [value: 720.0]
12:31:23.182 [FXGL Background Thread 3 ] DEBUG Engine               - prefWidthProperty: ReadOnlyDoubleProperty [value: 1280.0]
12:31:23.182 [FXGL Background Thread 3 ] DEBUG Engine               - profileDir: profiles/
12:31:23.182 [FXGL Background Thread 3 ] DEBUG Engine               - profileName: StringProperty [value: DEFAULT]
12:31:23.183 [FXGL Background Thread 3 ] DEBUG Engine               - randomSeed: -1
12:31:23.183 [FXGL Background Thread 3 ] DEBUG Engine               - runtimeInfo: RuntimeInfo(platform=WINDOWS, version=21, build=28.12.2023 13.35)
12:31:23.183 [FXGL Background Thread 3 ] DEBUG Engine               - saveFileExt: sav
12:31:23.183 [FXGL Background Thread 3 ] DEBUG Engine               - scaledHeightProp$fxgl: DoubleProperty [bound, value: 720.0]
12:31:23.183 [FXGL Background Thread 3 ] DEBUG Engine               - scaledWidthProp$fxgl: DoubleProperty [bound, value: 1280.0]
12:31:23.183 [FXGL Background Thread 3 ] DEBUG Engine               - sceneFactory: com.almasb.fxgl.app.scene.SceneFactory@ccd99b8
12:31:23.183 [FXGL Background Thread 3 ] DEBUG Engine               - secondsIn24h: 60
12:31:23.183 [FXGL Background Thread 3 ] DEBUG Engine               - soundMenuBack: menu/back.wav
12:31:23.183 [FXGL Background Thread 3 ] DEBUG Engine               - soundMenuPress: menu/press.wav
12:31:23.183 [FXGL Background Thread 3 ] DEBUG Engine               - soundMenuSelect: menu/select.wav
12:31:23.183 [FXGL Background Thread 3 ] DEBUG Engine               - soundNotification: core/notification.wav
12:31:23.183 [FXGL Background Thread 3 ] DEBUG Engine               - stageStyle: DECORATED
12:31:23.185 [FXGL Background Thread 3 ] DEBUG Engine               - supportedLanguages: [ENGLISH, FRENCH, GERMAN, HUNGARIAN, RUSSIAN]
12:31:23.185 [FXGL Background Thread 3 ] DEBUG Engine               - ticksPerSecond: -1
12:31:23.185 [FXGL Background Thread 3 ] DEBUG Engine               - title: Suika FXGL
12:31:23.185 [FXGL Background Thread 3 ] DEBUG Engine               - urlGithub: https://github.com/AlmasB/FXGL
12:31:23.185 [FXGL Background Thread 3 ] DEBUG Engine               - urlLeaderboard: http://fxgl-top.herokuapp.com/
12:31:23.185 [FXGL Background Thread 3 ] DEBUG Engine               - urlPOM: https://raw.githubusercontent.com/AlmasB/FXGL/release/README.md
12:31:23.185 [FXGL Background Thread 3 ] DEBUG Engine               - userAppClass: class com.lucenstuff.fxglgames.suikagame.SuikaGame
12:31:23.186 [FXGL Background Thread 3 ] DEBUG Engine               - version: 0.1
12:31:23.186 [FXGL Background Thread 3 ] DEBUG Engine               - versionCheckDays: 7
12:31:23.186 [FXGL Background Thread 3 ] DEBUG Engine               - width: 1280
12:31:23.186 [FXGL Background Thread 3 ] DEBUG Engine               - Logging services
12:31:23.186 [FXGL Background Thread 3 ] DEBUG Engine               - class com.almasb.fxgl.app.services.FXGLAssetLoaderService
12:31:23.186 [FXGL Background Thread 3 ] DEBUG Engine               - class com.almasb.fxgl.app.FXGLApplication$GameApplicationService
12:31:23.186 [FXGL Background Thread 3 ] DEBUG Engine               - class com.almasb.fxgl.app.services.FXGLDialogService
12:31:23.186 [FXGL Background Thread 3 ] DEBUG Engine               - class com.almasb.fxgl.app.services.IOTaskExecutorService
12:31:23.186 [FXGL Background Thread 3 ] DEBUG Engine               - class com.almasb.fxgl.io.FileSystemService
12:31:23.186 [FXGL Background Thread 3 ] DEBUG Engine               - class com.almasb.fxgl.localization.LocalizationService
12:31:23.186 [FXGL Background Thread 3 ] DEBUG Engine               - class com.almasb.fxgl.app.services.SystemBundleService
12:31:23.186 [FXGL Background Thread 3 ] DEBUG Engine               - class com.almasb.fxgl.profile.SaveLoadService
12:31:23.186 [FXGL Background Thread 3 ] DEBUG Engine               - class com.almasb.fxgl.ui.FXGLUIFactoryServiceProvider
12:31:23.186 [FXGL Background Thread 3 ] DEBUG Engine               - class com.almasb.fxgl.ui.FXGLDialogFactoryServiceProvider
12:31:23.186 [FXGL Background Thread 3 ] DEBUG Engine               - class com.almasb.fxgl.audio.AudioPlayer
12:31:23.186 [FXGL Background Thread 3 ] DEBUG Engine               - class com.almasb.fxgl.notification.impl.NotificationServiceProvider
12:31:23.186 [FXGL Background Thread 3 ] DEBUG Engine               - class com.almasb.fxgl.achievement.AchievementService
12:31:23.186 [FXGL Background Thread 3 ] DEBUG Engine               - class com.almasb.fxgl.cutscene.CutsceneService
12:31:23.187 [FXGL Background Thread 3 ] DEBUG Engine               - class com.almasb.fxgl.minigames.MiniGameService
12:31:23.187 [FXGL Background Thread 3 ] DEBUG Engine               - class com.almasb.fxgl.net.NetService
12:31:23.187 [FXGL Background Thread 3 ] DEBUG Engine               - class com.almasb.fxgl.app.services.UpdaterService
12:31:23.187 [FXGL Background Thread 3 ] DEBUG Engine               - class com.almasb.fxgl.dev.DevService
12:31:24.621 [JavaFX Application Thread] DEBUG FXGLApplication      - Exiting FXGL
12:31:24.622 [JavaFX Application Thread] DEBUG Async                - Shutting down background threads
12:31:24.622 [JavaFX Application Thread] DEBUG PrimaryStageWindow   - Closing main window
12:31:24.640 [JavaFX Application Thread] DEBUG Logger               - Closing Logger
