16:28:28.803 [main                     ] DEBUG Logger               - Configured Logger
16:28:28.839 [main                     ] DEBUG GameApplication      - Logging settings
Title: Basic Game App
Version: 0.1
Width: 1280
Height: 720
Fullscreen: false
Intro: false
Profiling: false
Single step:false
App Mode: DEVELOPER
Menu Key: ESCAPE
Stage Style: DECORATED
Scene Factory: class com.almasb.fxgl.app.scene.SceneFactory

16:28:29.516 [JavaFX Application Thread] DEBUG FXGLApplication      - Initializing FXGL
16:28:29.521 [JavaFX Application Thread] INFO  Engine               - FXGL-21 (28.12.2023 13.35) on WINDOWS (J:21.0.1 FX:21.0.1)
16:28:29.521 [JavaFX Application Thread] DEBUG Engine               - JRE Vendor Name: Oracle Corporation
16:28:29.522 [JavaFX Application Thread] DEBUG Engine               - Running on OS: Windows 11 version 10.0
16:28:29.522 [JavaFX Application Thread] DEBUG Engine               - Architecture: amd64
16:28:29.522 [JavaFX Application Thread] INFO  Engine               - Source code and latest versions at: https://github.com/AlmasB/FXGL
16:28:29.523 [JavaFX Application Thread] INFO  Engine               -       Ask questions and discuss at: https://github.com/AlmasB/FXGL/discussions
16:28:29.523 [JavaFX Application Thread] INFO  Engine               -              Join the FXGL chat at: https://gitter.im/AlmasB/FXGL
16:28:29.690 [JavaFX Application Thread] DEBUG PrimaryStageWindow   - Creating a JavaFX scene
16:28:29.764 [JavaFX Application Thread] DEBUG PrimaryStageWindow   - Target settings size: 1280.0 x 720.0
16:28:29.764 [JavaFX Application Thread] DEBUG PrimaryStageWindow   - Scaled scene size:    1280.0 x 720.0
16:28:29.765 [JavaFX Application Thread] DEBUG PrimaryStageWindow   - Scaled ratio: (1.0, 1.0)
16:28:29.766 [JavaFX Application Thread] DEBUG PrimaryStageWindow   - Set initial scene to FXGLStartupScene
16:28:29.770 [JavaFX Application Thread] DEBUG PrimaryStageWindow   - Opening main window
16:28:29.904 [JavaFX Application Thread] DEBUG PrimaryStageWindow   - Window border size: (16.0, 39.0)
16:28:29.905 [JavaFX Application Thread] DEBUG PrimaryStageWindow   - Scaled size: 1280.0 x 720.0
16:28:29.905 [JavaFX Application Thread] DEBUG PrimaryStageWindow   - Scaled ratio: (1.0, 1.0)
16:28:29.905 [JavaFX Application Thread] DEBUG PrimaryStageWindow   - Scene size: 1280.0 x 720.0
16:28:29.906 [JavaFX Application Thread] DEBUG PrimaryStageWindow   - Stage size: 1296.0 x 759.0
16:28:29.924 [FXGL Background Thread 1 ] DEBUG Engine               - Initializing environment variables
16:28:30.026 [FXGL Background Thread 1 ] DEBUG FXGLAssetLoaderServi - User app class for loading assets: class com.lucenstuff.fxglgames.suikagame.SuikaGame
16:28:30.026 [FXGL Background Thread 1 ] DEBUG GameApplicationServi - Applying CSS: fxgl_dark.css
16:28:30.027 [FXGL Background Thread 1 ] DEBUG FXGLAssetLoaderServi - Loading from file system: jar:file:/C:/Users/agust/.m2/repository/com/github/almasb/fxgl/21/fxgl-21.jar!/fxglassets/ui/css/fxgl_dark.css
16:28:30.100 [FXGL Background Thread 1 ] DEBUG GameApplicationServi - Initializing application scenes
16:28:30.224 [FXGL Background Thread 1 ] DEBUG GameWorld            - Game world initialized
16:28:30.311 [FXGL Background Thread 1 ] DEBUG PhysicsWorld         - Physics world initialized: appHeight=720, physics.ppm=50,0
16:28:30.311 [FXGL Background Thread 1 ] DEBUG PhysicsWorld         - Using strategy: BRUTE_FORCE
16:28:30.316 [FXGL Background Thread 1 ] DEBUG GameScene            - Game scene initialized: 1280x720
16:28:30.333 [FXGL Background Thread 1 ] DEBUG FXGL.DefaultMenu     - createMenuBodyGameMenu()
16:28:30.354 [FXGL Background Thread 1 ] DEBUG FXGL.DefaultMenu     - createOptionsMenu()
16:28:30.369 [FXGL Background Thread 1 ] DEBUG FXGLAssetLoaderServi - Loading from file system: jar:file:/C:/Users/agust/.m2/repository/com/github/almasb/fxgl/21/fxgl-21.jar!/fxglassets/textures/particles/smoke.png
16:28:30.513 [FXGL Background Thread 1 ] DEBUG FXGLAssetLoaderServi - Loading from file system: jar:file:/C:/Users/agust/.m2/repository/com/github/almasb/fxgl/21/fxgl-21.jar!/fxglassets/textures/particles/trace_horizontal.png
16:28:30.556 [FXGL Background Thread 1 ] DEBUG GameApplicationServi - Application scenes initialized
16:28:30.577 [FXGL Background Thread 1 ] DEBUG SystemBundleService  - Loading FXGL system data
16:28:30.584 [FXGL Background Thread 1 ] DEBUG FileSystemAccess     - Reading from: D:\Programación\JAVA\SuikaGame\system\fxgl.bundle
16:28:30.597 [FXGL Background Thread 1 ] DEBUG SystemBundleService  - Bundle FXGL: {}
16:28:30.597 [FXGL Background Thread 1 ] DEBUG UpdaterService       - Checking for updates
16:28:30.653 [FXGL Background Thread 1 ] DEBUG FXGLApplication      - Loading default localization
16:28:30.654 [FXGL Background Thread 1 ] DEBUG FXGLAssetLoaderServi - Loading from file system: jar:file:/C:/Users/agust/.m2/repository/com/github/almasb/fxgl/21/fxgl-21.jar!/fxglassets/languages/english.lang
16:28:30.684 [FXGL Background Thread 1 ] INFO  FXGLApplication      - FXGL initialization took: 0,760 sec
16:28:30.686 [JavaFX Application Thread] DEBUG FXGLAssetLoaderServi - Loading from file system: jar:file:/C:/Users/agust/.m2/repository/com/github/almasb/fxgl/21/fxgl-21.jar!/fxglassets/textures/fxgl_icon.png
16:28:30.720 [FXGL Background Thread 4 ] DEBUG FXGLApplication      - Loading fonts
16:28:30.720 [FXGL Background Thread 4 ] DEBUG FXGLAssetLoaderServi - Loading from file system: jar:file:/C:/Users/agust/.m2/repository/com/github/almasb/fxgl/21/fxgl-21.jar!/fxglassets/ui/fonts/VarelaRound-Regular.ttf
16:28:30.735 [JavaFX Application Thread] DEBUG FXGLAssetLoaderServi - Loading from file system: jar:file:/C:/Users/agust/.m2/repository/com/github/almasb/fxgl/21/fxgl-21.jar!/fxglassets/textures/fxgl_default_cursor.png
16:28:30.772 [JavaFX Application Thread] DEBUG Input                - Registered new binding: Screenshot - CTRL+8
16:28:30.774 [JavaFX Application Thread] DEBUG Input                - Registered new binding: Dev Options - 1
16:28:30.776 [JavaFX Application Thread] DEBUG Input                - Registered new binding: Dev Console - 2
16:28:30.777 [JavaFX Application Thread] DEBUG Input                - Registered new binding: System info dump - CTRL+9
16:28:30.778 [JavaFX Application Thread] DEBUG Input                - Registered new binding: Restart - CTRL+R
16:28:30.779 [JavaFX Application Thread] DEBUG Input                - Registered new binding: Toggle Debug Camera - CTRL+7
16:28:30.785 [JavaFX Application Thread] DEBUG LoopRunner           - Starting loop
16:28:30.859 [FXGL Background Thread 4 ] DEBUG FXGLAssetLoaderServi - Loading from file system: jar:file:/C:/Users/agust/.m2/repository/com/github/almasb/fxgl/21/fxgl-21.jar!/fxglassets/ui/fonts/Abel-Regular.ttf
16:28:30.874 [JavaFX Application Thread] DEBUG LoopRunner           - Initializing JavaFX AnimationTimerLoop
16:28:30.876 [JavaFX Application Thread] DEBUG GameApplicationServi - Starting new game
16:28:30.879 [JavaFX Application Thread] DEBUG Input                - Clearing active input actions
16:28:30.902 [JavaFX Application Thread] DEBUG GameApplicationServi - Removing overlay from FXGLStartupScene and adding to FXGLLoadingScene
16:28:30.907 [JavaFX Application Thread] DEBUG PrimaryStageWindow   - FXGLStartupScene -> FXGLLoadingScene
16:28:30.907 [JavaFX Application Thread] DEBUG GameApplicationServi - Clearing previous game
16:28:30.907 [JavaFX Application Thread] DEBUG GameScene            - Clearing game scene
16:28:30.907 [JavaFX Application Thread] DEBUG GameWorld            - Clearing game world
16:28:30.907 [JavaFX Application Thread] DEBUG PhysicsWorld         - Clearing physics world
16:28:30.909 [FXGL Background Thread 1 ] DEBUG FXGLApplication      - Initializing game
16:28:30.955 [FXGL Background Thread 1 ] INFO  FXGLApplication      - Game initialization took: 0,046 sec
16:28:30.961 [FXGL Background Thread 4 ] DEBUG FXGLAssetLoaderServi - Loading from file system: jar:file:/C:/Users/agust/.m2/repository/com/github/almasb/fxgl/21/fxgl-21.jar!/fxglassets/ui/fonts/TerminalLandMono-Regular.otf
16:28:31.359 [JavaFX Application Thread] DEBUG Input                - Clearing active input actions
16:28:31.370 [JavaFX Application Thread] DEBUG GameApplicationServi - Removing overlay from FXGLLoadingScene and adding to GameScene
16:28:31.385 [JavaFX Application Thread] DEBUG PrimaryStageWindow   - FXGLLoadingScene -> GameScene
16:28:31.449 [FXGL Background Thread 4 ] DEBUG FXGLAssetLoaderServi - Loading from file system: jar:file:/C:/Users/agust/.m2/repository/com/github/almasb/fxgl/21/fxgl-21.jar!/fxglassets/ui/fonts/Courier-Prime.ttf
16:28:31.523 [JavaFX Application Thread] DEBUG FXGLApplication      - Registering font factories with UI factory
16:28:31.943 [JavaFX Application Thread] DEBUG FXGLAssetLoaderServi - Loading from file system: file:/D:/Programaci%c3%b3n/JAVA/SuikaGame/target/classes/assets/textures/orange_view.png
16:28:33.591 [JavaFX Application Thread] DEBUG FXGLAssetLoaderServi - Loading from file system: file:/D:/Programaci%c3%b3n/JAVA/SuikaGame/target/classes/assets/textures/apple_view.png
16:28:33.647 [FXGL Background Thread 3 ] DEBUG Engine               - Logging environment variables
16:28:33.647 [FXGL Background Thread 3 ] DEBUG Engine               - achievements: []
16:28:33.648 [FXGL Background Thread 3 ] DEBUG Engine               - actualHeight: 720.0
16:28:33.648 [FXGL Background Thread 3 ] DEBUG Engine               - actualHeightProperty: ReadOnlyDoubleProperty [value: 720.0]
16:28:33.648 [FXGL Background Thread 3 ] DEBUG Engine               - actualWidth: 1280.0
16:28:33.648 [FXGL Background Thread 3 ] DEBUG Engine               - actualWidthProperty: ReadOnlyDoubleProperty [value: 1280.0]
16:28:33.648 [FXGL Background Thread 3 ] DEBUG Engine               - appIcon: fxgl_icon.png
16:28:33.648 [FXGL Background Thread 3 ] DEBUG Engine               - applicationMode: DEVELOPER
16:28:33.648 [FXGL Background Thread 3 ] DEBUG Engine               - cSSList: [fxgl_dark.css]
16:28:33.649 [FXGL Background Thread 3 ] DEBUG Engine               - collisionDetectionStrategy: BRUTE_FORCE
16:28:33.649 [FXGL Background Thread 3 ] DEBUG Engine               - configClass: Optional.empty
16:28:33.649 [FXGL Background Thread 3 ] DEBUG Engine               - credits: []
16:28:33.654 [FXGL Background Thread 3 ] DEBUG Engine               - defaultCursor: CursorInfo(imageName=fxgl_default_cursor.png, hotspotX=7.0, hotspotY=6.0)
16:28:33.660 [FXGL Background Thread 3 ] DEBUG Engine               - devBBoxColorProperty: ObjectProperty [value: 0xff0000ff]
16:28:33.661 [FXGL Background Thread 3 ] DEBUG Engine               - devEnableDebugCameraProperty: BooleanProperty [value: false]
16:28:33.662 [FXGL Background Thread 3 ] DEBUG Engine               - devSensorColorProperty: ObjectProperty [value: 0xffff00ff]
16:28:33.662 [FXGL Background Thread 3 ] DEBUG Engine               - devShowBBoxProperty: BooleanProperty [value: false]
16:28:33.662 [FXGL Background Thread 3 ] DEBUG Engine               - devShowPositionProperty: BooleanProperty [value: false]
16:28:33.662 [FXGL Background Thread 3 ] DEBUG Engine               - enabledMenuItems: []
16:28:33.663 [FXGL Background Thread 3 ] DEBUG Engine               - engineServices: [class com.almasb.fxgl.app.services.FXGLAssetLoaderService, class com.almasb.fxgl.app.FXGLApplication$GameApplicationService, class com.almasb.fxgl.app.services.FXGLDialogService, class com.almasb.fxgl.app.services.IOTaskExecutorService, class com.almasb.fxgl.io.FileSystemService, class com.almasb.fxgl.localization.LocalizationService, class com.almasb.fxgl.app.services.SystemBundleService, class com.almasb.fxgl.profile.SaveLoadService, class com.almasb.fxgl.ui.FXGLUIFactoryServiceProvider, class com.almasb.fxgl.ui.FXGLDialogFactoryServiceProvider, class com.almasb.fxgl.audio.AudioPlayer, class com.almasb.fxgl.notification.impl.NotificationServiceProvider, class com.almasb.fxgl.achievement.AchievementService, class com.almasb.fxgl.cutscene.CutsceneService, class com.almasb.fxgl.minigames.MiniGameService, class com.almasb.fxgl.net.NetService, class com.almasb.fxgl.app.services.UpdaterService, class com.almasb.fxgl.dev.DevService]
16:28:33.663 [FXGL Background Thread 3 ] DEBUG Engine               - fontGame: Abel-Regular.ttf
16:28:33.663 [FXGL Background Thread 3 ] DEBUG Engine               - fontMono: TerminalLandMono-Regular.otf
16:28:33.663 [FXGL Background Thread 3 ] DEBUG Engine               - fontSizeScaleUI: 1.0
16:28:33.663 [FXGL Background Thread 3 ] DEBUG Engine               - fontText: Courier-Prime.ttf
16:28:33.663 [FXGL Background Thread 3 ] DEBUG Engine               - fontUI: VarelaRound-Regular.ttf
16:28:33.663 [FXGL Background Thread 3 ] DEBUG Engine               - fullScreen: BooleanProperty [value: false]
16:28:33.663 [FXGL Background Thread 3 ] DEBUG Engine               - gameDifficulty: MEDIUM
16:28:33.663 [FXGL Background Thread 3 ] DEBUG Engine               - gameDifficultyProperty: ObjectProperty [value: MEDIUM]
16:28:33.663 [FXGL Background Thread 3 ] DEBUG Engine               - globalMusicVolume: 0.5
16:28:33.663 [FXGL Background Thread 3 ] DEBUG Engine               - globalMusicVolumeProperty: DoubleProperty [value: 0.5]
16:28:33.664 [FXGL Background Thread 3 ] DEBUG Engine               - globalSoundVolume: 0.5
16:28:33.664 [FXGL Background Thread 3 ] DEBUG Engine               - globalSoundVolumeProperty: DoubleProperty [value: 0.5]
16:28:33.664 [FXGL Background Thread 3 ] DEBUG Engine               - height: 720
16:28:33.664 [FXGL Background Thread 3 ] DEBUG Engine               - is3D: false
16:28:33.664 [FXGL Background Thread 3 ] DEBUG Engine               - isAndroid: false
16:28:33.664 [FXGL Background Thread 3 ] DEBUG Engine               - isBrowser: false
16:28:33.664 [FXGL Background Thread 3 ] DEBUG Engine               - isClickFeedbackEnabled: false
16:28:33.664 [FXGL Background Thread 3 ] DEBUG Engine               - isCloseConfirmation: false
16:28:33.664 [FXGL Background Thread 3 ] DEBUG Engine               - isDesktop: true
16:28:33.664 [FXGL Background Thread 3 ] DEBUG Engine               - isDeveloperMenuEnabled: true
16:28:33.665 [FXGL Background Thread 3 ] DEBUG Engine               - isEmbedded: false
16:28:33.665 [FXGL Background Thread 3 ] DEBUG Engine               - isEntityPreloadEnabled: true
16:28:33.665 [FXGL Background Thread 3 ] DEBUG Engine               - isExperimentalTiledLargeMap: false
16:28:33.665 [FXGL Background Thread 3 ] DEBUG Engine               - isFileSystemWriteAllowed: true
16:28:33.665 [FXGL Background Thread 3 ] DEBUG Engine               - isFullScreenAllowed: false
16:28:33.665 [FXGL Background Thread 3 ] DEBUG Engine               - isFullScreenFromStart: false
16:28:33.665 [FXGL Background Thread 3 ] DEBUG Engine               - isGameMenuEnabled: true
16:28:33.665 [FXGL Background Thread 3 ] DEBUG Engine               - isIOS: false
16:28:33.665 [FXGL Background Thread 3 ] DEBUG Engine               - isIntroEnabled: false
16:28:33.665 [FXGL Background Thread 3 ] DEBUG Engine               - isLinux: false
16:28:33.666 [FXGL Background Thread 3 ] DEBUG Engine               - isMac: false
16:28:33.666 [FXGL Background Thread 3 ] DEBUG Engine               - isMainMenuEnabled: false
16:28:33.666 [FXGL Background Thread 3 ] DEBUG Engine               - isManualResizeEnabled: false
16:28:33.666 [FXGL Background Thread 3 ] DEBUG Engine               - isMobile: false
16:28:33.666 [FXGL Background Thread 3 ] DEBUG Engine               - isNative: false
16:28:33.666 [FXGL Background Thread 3 ] DEBUG Engine               - isPauseMusicWhenMinimized: true
16:28:33.667 [FXGL Background Thread 3 ] DEBUG Engine               - isPreserveResizeRatio: false
16:28:33.667 [FXGL Background Thread 3 ] DEBUG Engine               - isProfilingEnabled: false
16:28:33.667 [FXGL Background Thread 3 ] DEBUG Engine               - isScaleAffectedOnResize: true
16:28:33.667 [FXGL Background Thread 3 ] DEBUG Engine               - isSingleStep: false
16:28:33.667 [FXGL Background Thread 3 ] DEBUG Engine               - isUserProfileEnabled: false
16:28:33.667 [FXGL Background Thread 3 ] DEBUG Engine               - isWindows: true
16:28:33.667 [FXGL Background Thread 3 ] DEBUG Engine               - language: ObjectProperty [value: ENGLISH]
16:28:33.667 [FXGL Background Thread 3 ] DEBUG Engine               - menuKey: ESCAPE
16:28:33.667 [FXGL Background Thread 3 ] DEBUG Engine               - mouseSensitivity: 0.2
16:28:33.668 [FXGL Background Thread 3 ] DEBUG Engine               - notificationViewClass: class com.almasb.fxgl.notification.view.XboxNotificationView
16:28:33.668 [FXGL Background Thread 3 ] DEBUG Engine               - pixelsPerMeter: 50.0
16:28:33.668 [FXGL Background Thread 3 ] DEBUG Engine               - platform: WINDOWS
16:28:33.668 [FXGL Background Thread 3 ] DEBUG Engine               - prefHeightProperty: ReadOnlyDoubleProperty [value: 720.0]
16:28:33.668 [FXGL Background Thread 3 ] DEBUG Engine               - prefWidthProperty: ReadOnlyDoubleProperty [value: 1280.0]
16:28:33.668 [FXGL Background Thread 3 ] DEBUG Engine               - profileDir: profiles/
16:28:33.668 [FXGL Background Thread 3 ] DEBUG Engine               - profileName: StringProperty [value: DEFAULT]
16:28:33.668 [FXGL Background Thread 3 ] DEBUG Engine               - randomSeed: -1
16:28:33.669 [FXGL Background Thread 3 ] DEBUG Engine               - runtimeInfo: RuntimeInfo(platform=WINDOWS, version=21, build=28.12.2023 13.35)
16:28:33.669 [FXGL Background Thread 3 ] DEBUG Engine               - saveFileExt: sav
16:28:33.670 [FXGL Background Thread 3 ] DEBUG Engine               - scaledHeightProp$fxgl: DoubleProperty [bound, value: 720.0]
16:28:33.670 [FXGL Background Thread 3 ] DEBUG Engine               - scaledWidthProp$fxgl: DoubleProperty [bound, value: 1280.0]
16:28:33.670 [FXGL Background Thread 3 ] DEBUG Engine               - sceneFactory: com.almasb.fxgl.app.scene.SceneFactory@3eb8ef03
16:28:33.670 [FXGL Background Thread 3 ] DEBUG Engine               - secondsIn24h: 60
16:28:33.670 [FXGL Background Thread 3 ] DEBUG Engine               - soundMenuBack: menu/back.wav
16:28:33.670 [FXGL Background Thread 3 ] DEBUG Engine               - soundMenuPress: menu/press.wav
16:28:33.670 [FXGL Background Thread 3 ] DEBUG Engine               - soundMenuSelect: menu/select.wav
16:28:33.670 [FXGL Background Thread 3 ] DEBUG Engine               - soundNotification: core/notification.wav
16:28:33.670 [FXGL Background Thread 3 ] DEBUG Engine               - stageStyle: DECORATED
16:28:33.670 [FXGL Background Thread 3 ] DEBUG Engine               - supportedLanguages: [ENGLISH, FRENCH, GERMAN, HUNGARIAN, RUSSIAN]
16:28:33.670 [FXGL Background Thread 3 ] DEBUG Engine               - ticksPerSecond: -1
16:28:33.671 [FXGL Background Thread 3 ] DEBUG Engine               - title: Basic Game App
16:28:33.671 [FXGL Background Thread 3 ] DEBUG Engine               - urlGithub: https://github.com/AlmasB/FXGL
16:28:33.671 [FXGL Background Thread 3 ] DEBUG Engine               - urlLeaderboard: http://fxgl-top.herokuapp.com/
16:28:33.671 [FXGL Background Thread 3 ] DEBUG Engine               - urlPOM: https://raw.githubusercontent.com/AlmasB/FXGL/release/README.md
16:28:33.671 [FXGL Background Thread 3 ] DEBUG Engine               - userAppClass: class com.lucenstuff.fxglgames.suikagame.SuikaGame
16:28:33.671 [FXGL Background Thread 3 ] DEBUG Engine               - version: 0.1
16:28:33.671 [FXGL Background Thread 3 ] DEBUG Engine               - versionCheckDays: 7
16:28:33.671 [FXGL Background Thread 3 ] DEBUG Engine               - width: 1280
16:28:33.671 [FXGL Background Thread 3 ] DEBUG Engine               - Logging services
16:28:33.672 [FXGL Background Thread 3 ] DEBUG Engine               - class com.almasb.fxgl.app.services.FXGLAssetLoaderService
16:28:33.672 [FXGL Background Thread 3 ] DEBUG Engine               - class com.almasb.fxgl.app.FXGLApplication$GameApplicationService
16:28:33.672 [FXGL Background Thread 3 ] DEBUG Engine               - class com.almasb.fxgl.app.services.FXGLDialogService
16:28:33.672 [FXGL Background Thread 3 ] DEBUG Engine               - class com.almasb.fxgl.app.services.IOTaskExecutorService
16:28:33.672 [FXGL Background Thread 3 ] DEBUG Engine               - class com.almasb.fxgl.io.FileSystemService
16:28:33.672 [FXGL Background Thread 3 ] DEBUG Engine               - class com.almasb.fxgl.localization.LocalizationService
16:28:33.672 [FXGL Background Thread 3 ] DEBUG Engine               - class com.almasb.fxgl.app.services.SystemBundleService
16:28:33.672 [FXGL Background Thread 3 ] DEBUG Engine               - class com.almasb.fxgl.profile.SaveLoadService
16:28:33.672 [FXGL Background Thread 3 ] DEBUG Engine               - class com.almasb.fxgl.ui.FXGLUIFactoryServiceProvider
16:28:33.672 [FXGL Background Thread 3 ] DEBUG Engine               - class com.almasb.fxgl.ui.FXGLDialogFactoryServiceProvider
16:28:33.672 [FXGL Background Thread 3 ] DEBUG Engine               - class com.almasb.fxgl.audio.AudioPlayer
16:28:33.672 [FXGL Background Thread 3 ] DEBUG Engine               - class com.almasb.fxgl.notification.impl.NotificationServiceProvider
16:28:33.672 [FXGL Background Thread 3 ] DEBUG Engine               - class com.almasb.fxgl.achievement.AchievementService
16:28:33.672 [FXGL Background Thread 3 ] DEBUG Engine               - class com.almasb.fxgl.cutscene.CutsceneService
16:28:33.672 [FXGL Background Thread 3 ] DEBUG Engine               - class com.almasb.fxgl.minigames.MiniGameService
16:28:33.673 [FXGL Background Thread 3 ] DEBUG Engine               - class com.almasb.fxgl.net.NetService
16:28:33.673 [FXGL Background Thread 3 ] DEBUG Engine               - class com.almasb.fxgl.app.services.UpdaterService
16:28:33.673 [FXGL Background Thread 3 ] DEBUG Engine               - class com.almasb.fxgl.dev.DevService
16:28:35.439 [JavaFX Application Thread] DEBUG FXGLAssetLoaderServi - Loading from file system: file:/D:/Programaci%c3%b3n/JAVA/SuikaGame/target/classes/assets/textures/cherry_view.png
16:28:42.246 [JavaFX Application Thread] DEBUG FXGLAssetLoaderServi - Loading from file system: file:/D:/Programaci%c3%b3n/JAVA/SuikaGame/target/classes/assets/textures/strawberry_view.png
16:28:44.149 [JavaFX Application Thread] DEBUG FXGLAssetLoaderServi - Loading from file system: file:/D:/Programaci%c3%b3n/JAVA/SuikaGame/target/classes/assets/textures/grape_view.png
16:28:47.371 [JavaFX Application Thread] DEBUG FXGLApplication      - Exiting FXGL
16:28:47.371 [JavaFX Application Thread] DEBUG LoopRunner           - Stopping loop
16:28:47.371 [JavaFX Application Thread] DEBUG SystemBundleService  - Saving FXGL system data
16:28:47.372 [JavaFX Application Thread] DEBUG FileSystemAccess     - Writing to: D:\Programación\JAVA\SuikaGame\system\fxgl.bundle
16:28:47.375 [JavaFX Application Thread] DEBUG Async                - Shutting down background threads
16:28:47.375 [JavaFX Application Thread] DEBUG PrimaryStageWindow   - Closing main window
16:28:47.392 [JavaFX Application Thread] DEBUG Logger               - Closing Logger
