11:10:30.929 [main                     ] DEBUG Logger               - Configured Logger
11:10:30.956 [main                     ] DEBUG GameApplication      - Logging settings
Title: Suika FXGL
Version: 0.1
Width: 1280
Height: 720
Fullscreen: false
Intro: false
Profiling: false
Single step:false
App Mode: DEVELOPER
Menu Key: ESCAPE
Stage Style: DECORATED
Scene Factory: class com.almasb.fxgl.app.scene.SceneFactory

11:10:31.464 [JavaFX Application Thread] DEBUG FXGLApplication      - Initializing FXGL
11:10:31.470 [JavaFX Application Thread] INFO  Engine               - FXGL-21 (28.12.2023 13.35) on WINDOWS (J:21.0.2 FX:21.0.1)
11:10:31.470 [JavaFX Application Thread] DEBUG Engine               - JRE Vendor Name: Oracle Corporation
11:10:31.470 [JavaFX Application Thread] DEBUG Engine               - Running on OS: Windows 10 version 10.0
11:10:31.470 [JavaFX Application Thread] DEBUG Engine               - Architecture: amd64
11:10:31.471 [JavaFX Application Thread] INFO  Engine               - Source code and latest versions at: https://github.com/AlmasB/FXGL
11:10:31.471 [JavaFX Application Thread] INFO  Engine               -       Ask questions and discuss at: https://github.com/AlmasB/FXGL/discussions
11:10:31.471 [JavaFX Application Thread] INFO  Engine               -              Join the FXGL chat at: https://gitter.im/AlmasB/FXGL
11:10:31.611 [JavaFX Application Thread] DEBUG PrimaryStageWindow   - Creating a JavaFX scene
11:10:31.670 [JavaFX Application Thread] DEBUG PrimaryStageWindow   - Target settings size: 1280.0 x 720.0
11:10:31.670 [JavaFX Application Thread] DEBUG PrimaryStageWindow   - Scaled scene size:    1280.0 x 720.0
11:10:31.671 [JavaFX Application Thread] DEBUG PrimaryStageWindow   - Scaled ratio: (1.0, 1.0)
11:10:31.672 [JavaFX Application Thread] DEBUG PrimaryStageWindow   - Set initial scene to FXGLStartupScene
11:10:31.677 [JavaFX Application Thread] DEBUG PrimaryStageWindow   - Opening main window
11:10:31.780 [JavaFX Application Thread] DEBUG PrimaryStageWindow   - Window border size: (16.0, 39.0)
11:10:31.780 [JavaFX Application Thread] DEBUG PrimaryStageWindow   - Scaled size: 1280.0 x 720.0
11:10:31.780 [JavaFX Application Thread] DEBUG PrimaryStageWindow   - Scaled ratio: (1.0, 1.0)
11:10:31.780 [JavaFX Application Thread] DEBUG PrimaryStageWindow   - Scene size: 1280.0 x 720.0
11:10:31.781 [JavaFX Application Thread] DEBUG PrimaryStageWindow   - Stage size: 1296.0 x 759.0
11:10:31.893 [FXGL Background Thread 1 ] DEBUG Engine               - Initializing environment variables
11:10:31.967 [FXGL Background Thread 1 ] DEBUG FXGLAssetLoaderServi - User app class for loading assets: class com.lucenstuff.fxglgames.suikagame.SuikaGame
11:10:31.967 [FXGL Background Thread 1 ] DEBUG GameApplicationServi - Applying CSS: fxgl_dark.css
11:10:31.968 [FXGL Background Thread 1 ] DEBUG FXGLAssetLoaderServi - Loading from file system: jar:file:/C:/Users/agust/.m2/repository/com/github/almasb/fxgl/21/fxgl-21.jar!/fxglassets/ui/css/fxgl_dark.css
11:10:32.023 [FXGL Background Thread 1 ] DEBUG GameApplicationServi - Initializing application scenes
11:10:32.108 [FXGL Background Thread 1 ] DEBUG GameWorld            - Game world initialized
11:10:32.170 [FXGL Background Thread 1 ] DEBUG PhysicsWorld         - Physics world initialized: appHeight=720, physics.ppm=50,0
11:10:32.170 [FXGL Background Thread 1 ] DEBUG PhysicsWorld         - Using strategy: BRUTE_FORCE
11:10:32.174 [FXGL Background Thread 1 ] DEBUG GameScene            - Game scene initialized: 1280x720
11:10:32.189 [FXGL Background Thread 1 ] DEBUG FXGL.DefaultMenu     - createMenuBodyGameMenu()
11:10:32.208 [FXGL Background Thread 1 ] DEBUG FXGL.DefaultMenu     - createOptionsMenu()
11:10:32.219 [FXGL Background Thread 1 ] DEBUG FXGLAssetLoaderServi - Loading from file system: jar:file:/C:/Users/agust/.m2/repository/com/github/almasb/fxgl/21/fxgl-21.jar!/fxglassets/textures/particles/smoke.png
11:10:32.335 [FXGL Background Thread 1 ] DEBUG FXGLAssetLoaderServi - Loading from file system: jar:file:/C:/Users/agust/.m2/repository/com/github/almasb/fxgl/21/fxgl-21.jar!/fxglassets/textures/particles/trace_horizontal.png
11:10:32.375 [FXGL Background Thread 1 ] DEBUG GameApplicationServi - Application scenes initialized
11:10:32.392 [FXGL Background Thread 1 ] DEBUG SystemBundleService  - Loading FXGL system data
11:10:32.396 [FXGL Background Thread 1 ] DEBUG FileSystemAccess     - Reading from: D:\Programación\JAVA\SuikaGame\system\fxgl.bundle
11:10:32.408 [FXGL Background Thread 1 ] DEBUG SystemBundleService  - Bundle FXGL: {}
11:10:32.408 [FXGL Background Thread 1 ] DEBUG UpdaterService       - Checking for updates
11:10:32.453 [FXGL Background Thread 1 ] DEBUG FXGLApplication      - Loading default localization
11:10:32.454 [FXGL Background Thread 1 ] DEBUG FXGLAssetLoaderServi - Loading from file system: jar:file:/C:/Users/agust/.m2/repository/com/github/almasb/fxgl/21/fxgl-21.jar!/fxglassets/languages/english.lang
11:10:32.471 [FXGL Background Thread 4 ] DEBUG FXGLApplication      - Loading fonts
11:10:32.472 [FXGL Background Thread 4 ] DEBUG FXGLAssetLoaderServi - Loading from file system: jar:file:/C:/Users/agust/.m2/repository/com/github/almasb/fxgl/21/fxgl-21.jar!/fxglassets/ui/fonts/VarelaRound-Regular.ttf
11:10:32.479 [FXGL Background Thread 1 ] INFO  FXGLApplication      - FXGL initialization took: 0,585 sec
11:10:32.481 [JavaFX Application Thread] DEBUG FXGLAssetLoaderServi - Loading from file system: jar:file:/C:/Users/agust/.m2/repository/com/github/almasb/fxgl/21/fxgl-21.jar!/fxglassets/textures/fxgl_icon.png
11:10:32.522 [JavaFX Application Thread] DEBUG FXGLAssetLoaderServi - Loading from file system: jar:file:/C:/Users/agust/.m2/repository/com/github/almasb/fxgl/21/fxgl-21.jar!/fxglassets/textures/fxgl_default_cursor.png
11:10:32.533 [JavaFX Application Thread] DEBUG Input                - Registered new binding: Screenshot - CTRL+8
11:10:32.534 [JavaFX Application Thread] DEBUG Input                - Registered new binding: Dev Options - 1
11:10:32.534 [JavaFX Application Thread] DEBUG Input                - Registered new binding: Dev Console - 2
11:10:32.535 [JavaFX Application Thread] DEBUG Input                - Registered new binding: System info dump - CTRL+9
11:10:32.535 [JavaFX Application Thread] DEBUG Input                - Registered new binding: Restart - CTRL+R
11:10:32.536 [JavaFX Application Thread] DEBUG Input                - Registered new binding: Toggle Debug Camera - CTRL+7
11:10:32.540 [JavaFX Application Thread] DEBUG LoopRunner           - Starting loop
11:10:32.556 [FXGL Background Thread 4 ] DEBUG FXGLAssetLoaderServi - Loading from file system: jar:file:/C:/Users/agust/.m2/repository/com/github/almasb/fxgl/21/fxgl-21.jar!/fxglassets/ui/fonts/Abel-Regular.ttf
11:10:32.565 [JavaFX Application Thread] DEBUG LoopRunner           - Initializing JavaFX AnimationTimerLoop
11:10:32.566 [JavaFX Application Thread] DEBUG GameApplicationServi - Starting new game
11:10:32.567 [JavaFX Application Thread] DEBUG Input                - Clearing active input actions
11:10:32.585 [JavaFX Application Thread] DEBUG GameApplicationServi - Removing overlay from FXGLStartupScene and adding to FXGLLoadingScene
11:10:32.593 [JavaFX Application Thread] DEBUG PrimaryStageWindow   - FXGLStartupScene -> FXGLLoadingScene
11:10:32.593 [JavaFX Application Thread] DEBUG GameApplicationServi - Clearing previous game
11:10:32.593 [JavaFX Application Thread] DEBUG GameScene            - Clearing game scene
11:10:32.593 [JavaFX Application Thread] DEBUG GameWorld            - Clearing game world
11:10:32.593 [JavaFX Application Thread] DEBUG PhysicsWorld         - Clearing physics world
11:10:32.596 [FXGL Background Thread 1 ] DEBUG FXGLApplication      - Initializing game
11:10:32.607 [FXGL Background Thread 1 ] DEBUG FXGLAssetLoaderServi - Loading from file system: file:/D:/Programaci%c3%b3n/JAVA/SuikaGame/target/classes/assets/textures/background_view.png
11:10:32.644 [FXGL Background Thread 1 ] DEBUG FXGLAssetLoaderServi - Loading from file system: file:/D:/Programaci%c3%b3n/JAVA/SuikaGame/target/classes/assets/textures/container_view.png
11:10:32.686 [FXGL Background Thread 4 ] DEBUG FXGLAssetLoaderServi - Loading from file system: jar:file:/C:/Users/agust/.m2/repository/com/github/almasb/fxgl/21/fxgl-21.jar!/fxglassets/ui/fonts/TerminalLandMono-Regular.otf
11:10:32.689 [FXGL Background Thread 1 ] DEBUG FXGLAssetLoaderServi - Loading from file system: file:/D:/Programaci%c3%b3n/JAVA/SuikaGame/target/classes/assets/textures/ring_view.png
11:10:32.693 [FXGL Background Thread 1 ] DEBUG FXGLAssetLoaderServi - Loading from file system: file:/D:/Programaci%c3%b3n/JAVA/SuikaGame/target/classes/assets/textures/next_fruit_view.png
11:10:32.695 [FXGL Background Thread 1 ] DEBUG FXGLAssetLoaderServi - Loading from file system: file:/D:/Programaci%c3%b3n/JAVA/SuikaGame/target/classes/assets/textures/score_view.png
11:10:32.702 [FXGL Background Thread 1 ] INFO  FXGLApplication      - Game initialization took: 0,106 sec
11:10:32.743 [FXGL Background Thread 4 ] DEBUG FXGLAssetLoaderServi - Loading from file system: jar:file:/C:/Users/agust/.m2/repository/com/github/almasb/fxgl/21/fxgl-21.jar!/fxglassets/ui/fonts/Courier-Prime.ttf
11:10:32.958 [JavaFX Application Thread] DEBUG Input                - Clearing active input actions
11:10:32.966 [JavaFX Application Thread] DEBUG GameApplicationServi - Removing overlay from FXGLLoadingScene and adding to GameScene
11:10:32.973 [JavaFX Application Thread] DEBUG PrimaryStageWindow   - FXGLLoadingScene -> GameScene
11:10:32.974 [JavaFX Application Thread] DEBUG FXGLApplication      - Registering font factories with UI factory
11:10:35.107 [JavaFX Application Thread] DEBUG FXGLApplication      - Exiting FXGL
11:10:35.107 [JavaFX Application Thread] DEBUG LoopRunner           - Stopping loop
11:10:35.107 [JavaFX Application Thread] DEBUG SystemBundleService  - Saving FXGL system data
11:10:35.110 [JavaFX Application Thread] DEBUG FileSystemAccess     - Writing to: D:\Programación\JAVA\SuikaGame\system\fxgl.bundle
11:10:35.112 [JavaFX Application Thread] DEBUG Async                - Shutting down background threads
11:10:35.112 [JavaFX Application Thread] DEBUG PrimaryStageWindow   - Closing main window
11:10:35.122 [JavaFX Application Thread] DEBUG Logger               - Closing Logger
