18:20:23.783 [main                     ] DEBUG Logger               - Configured Logger
18:20:23.825 [main                     ] DEBUG GameApplication      - Logging settings
Title: Basic Game App
Version: 0.1
Width: 1280
Height: 720
Fullscreen: false
Intro: false
Profiling: false
Single step:false
App Mode: DEVELOPER
Menu Key: ESCAPE
Stage Style: DECORATED
Scene Factory: class com.almasb.fxgl.app.scene.SceneFactory

18:20:24.506 [JavaFX Application Thread] DEBUG FXGLApplication      - Initializing FXGL
18:20:24.512 [JavaFX Application Thread] INFO  Engine               - FXGL-21 (28.12.2023 13.35) on WINDOWS (J:21.0.1 FX:21.0.1)
18:20:24.512 [JavaFX Application Thread] DEBUG Engine               - JRE Vendor Name: Oracle Corporation
18:20:24.513 [JavaFX Application Thread] DEBUG Engine               - Running on OS: Windows 11 version 10.0
18:20:24.513 [JavaFX Application Thread] DEBUG Engine               - Architecture: amd64
18:20:24.513 [JavaFX Application Thread] INFO  Engine               - Source code and latest versions at: https://github.com/AlmasB/FXGL
18:20:24.513 [JavaFX Application Thread] INFO  Engine               -       Ask questions and discuss at: https://github.com/AlmasB/FXGL/discussions
18:20:24.513 [JavaFX Application Thread] INFO  Engine               -              Join the FXGL chat at: https://gitter.im/AlmasB/FXGL
18:20:24.707 [JavaFX Application Thread] DEBUG PrimaryStageWindow   - Creating a JavaFX scene
18:20:24.795 [JavaFX Application Thread] DEBUG PrimaryStageWindow   - Target settings size: 1280.0 x 720.0
18:20:24.795 [JavaFX Application Thread] DEBUG PrimaryStageWindow   - Scaled scene size:    1280.0 x 720.0
18:20:24.796 [JavaFX Application Thread] DEBUG PrimaryStageWindow   - Scaled ratio: (1.0, 1.0)
18:20:24.797 [JavaFX Application Thread] DEBUG PrimaryStageWindow   - Set initial scene to FXGLStartupScene
18:20:24.801 [JavaFX Application Thread] DEBUG PrimaryStageWindow   - Opening main window
18:20:24.949 [JavaFX Application Thread] DEBUG PrimaryStageWindow   - Window border size: (16.0, 39.0)
18:20:24.950 [JavaFX Application Thread] DEBUG PrimaryStageWindow   - Scaled size: 1280.0 x 720.0
18:20:24.950 [JavaFX Application Thread] DEBUG PrimaryStageWindow   - Scaled ratio: (1.0, 1.0)
18:20:24.950 [JavaFX Application Thread] DEBUG PrimaryStageWindow   - Scene size: 1280.0 x 720.0
18:20:24.950 [JavaFX Application Thread] DEBUG PrimaryStageWindow   - Stage size: 1296.0 x 759.0
18:20:25.008 [FXGL Background Thread 1 ] DEBUG Engine               - Initializing environment variables
18:20:25.118 [FXGL Background Thread 1 ] DEBUG FXGLAssetLoaderServi - User app class for loading assets: class com.lucenstuff.fxglgames.suikagame.SuikaGame
18:20:25.119 [FXGL Background Thread 1 ] DEBUG GameApplicationServi - Applying CSS: fxgl_dark.css
18:20:25.120 [FXGL Background Thread 1 ] DEBUG FXGLAssetLoaderServi - Loading from file system: jar:file:/C:/Users/agust/.m2/repository/com/github/almasb/fxgl/21/fxgl-21.jar!/fxglassets/ui/css/fxgl_dark.css
18:20:25.207 [FXGL Background Thread 1 ] DEBUG GameApplicationServi - Initializing application scenes
18:20:25.381 [FXGL Background Thread 1 ] DEBUG GameWorld            - Game world initialized
18:20:25.464 [FXGL Background Thread 1 ] DEBUG PhysicsWorld         - Physics world initialized: appHeight=720, physics.ppm=50,0
18:20:25.465 [FXGL Background Thread 1 ] DEBUG PhysicsWorld         - Using strategy: BRUTE_FORCE
18:20:25.469 [FXGL Background Thread 1 ] DEBUG GameScene            - Game scene initialized: 1280x720
18:20:25.491 [FXGL Background Thread 1 ] DEBUG FXGL.DefaultMenu     - createMenuBodyGameMenu()
18:20:25.515 [FXGL Background Thread 1 ] DEBUG FXGL.DefaultMenu     - createOptionsMenu()
18:20:25.531 [FXGL Background Thread 1 ] DEBUG FXGLAssetLoaderServi - Loading from file system: jar:file:/C:/Users/agust/.m2/repository/com/github/almasb/fxgl/21/fxgl-21.jar!/fxglassets/textures/particles/smoke.png
18:20:25.711 [FXGL Background Thread 1 ] DEBUG FXGLAssetLoaderServi - Loading from file system: jar:file:/C:/Users/agust/.m2/repository/com/github/almasb/fxgl/21/fxgl-21.jar!/fxglassets/textures/particles/trace_horizontal.png
18:20:25.752 [FXGL Background Thread 1 ] DEBUG GameApplicationServi - Application scenes initialized
18:20:25.779 [FXGL Background Thread 1 ] DEBUG SystemBundleService  - Loading FXGL system data
18:20:25.784 [FXGL Background Thread 1 ] DEBUG FileSystemAccess     - Reading from: D:\Programación\JAVA\SuikaGame\system\fxgl.bundle
18:20:25.801 [FXGL Background Thread 1 ] DEBUG SystemBundleService  - Bundle FXGL: {}
18:20:25.801 [FXGL Background Thread 1 ] DEBUG UpdaterService       - Checking for updates
18:20:25.866 [FXGL Background Thread 1 ] DEBUG FXGLApplication      - Loading default localization
18:20:25.867 [FXGL Background Thread 1 ] DEBUG FXGLAssetLoaderServi - Loading from file system: jar:file:/C:/Users/agust/.m2/repository/com/github/almasb/fxgl/21/fxgl-21.jar!/fxglassets/languages/english.lang
18:20:25.917 [FXGL Background Thread 1 ] INFO  FXGLApplication      - FXGL initialization took: 0,909 sec
18:20:25.921 [JavaFX Application Thread] DEBUG FXGLAssetLoaderServi - Loading from file system: jar:file:/C:/Users/agust/.m2/repository/com/github/almasb/fxgl/21/fxgl-21.jar!/fxglassets/textures/fxgl_icon.png
18:20:25.946 [FXGL Background Thread 4 ] DEBUG FXGLApplication      - Loading fonts
18:20:25.946 [FXGL Background Thread 4 ] DEBUG FXGLAssetLoaderServi - Loading from file system: jar:file:/C:/Users/agust/.m2/repository/com/github/almasb/fxgl/21/fxgl-21.jar!/fxglassets/ui/fonts/VarelaRound-Regular.ttf
18:20:25.958 [JavaFX Application Thread] DEBUG FXGLAssetLoaderServi - Loading from file system: jar:file:/C:/Users/agust/.m2/repository/com/github/almasb/fxgl/21/fxgl-21.jar!/fxglassets/textures/fxgl_default_cursor.png
18:20:26.004 [JavaFX Application Thread] DEBUG Input                - Registered new binding: Screenshot - CTRL+8
18:20:26.005 [JavaFX Application Thread] DEBUG Input                - Registered new binding: Dev Options - 1
18:20:26.006 [JavaFX Application Thread] DEBUG Input                - Registered new binding: Dev Console - 2
18:20:26.006 [JavaFX Application Thread] DEBUG Input                - Registered new binding: System info dump - CTRL+9
18:20:26.009 [JavaFX Application Thread] DEBUG Input                - Registered new binding: Restart - CTRL+R
18:20:26.012 [JavaFX Application Thread] DEBUG Input                - Registered new binding: Toggle Debug Camera - CTRL+7
18:20:26.018 [JavaFX Application Thread] DEBUG LoopRunner           - Starting loop
18:20:26.085 [FXGL Background Thread 4 ] DEBUG FXGLAssetLoaderServi - Loading from file system: jar:file:/C:/Users/agust/.m2/repository/com/github/almasb/fxgl/21/fxgl-21.jar!/fxglassets/ui/fonts/Abel-Regular.ttf
18:20:26.099 [JavaFX Application Thread] DEBUG LoopRunner           - Initializing JavaFX AnimationTimerLoop
18:20:26.101 [JavaFX Application Thread] DEBUG GameApplicationServi - Starting new game
18:20:26.102 [JavaFX Application Thread] DEBUG Input                - Clearing active input actions
18:20:26.126 [JavaFX Application Thread] DEBUG GameApplicationServi - Removing overlay from FXGLStartupScene and adding to FXGLLoadingScene
18:20:26.130 [JavaFX Application Thread] DEBUG PrimaryStageWindow   - FXGLStartupScene -> FXGLLoadingScene
18:20:26.130 [JavaFX Application Thread] DEBUG GameApplicationServi - Clearing previous game
18:20:26.130 [JavaFX Application Thread] DEBUG GameScene            - Clearing game scene
18:20:26.131 [JavaFX Application Thread] DEBUG GameWorld            - Clearing game world
18:20:26.131 [JavaFX Application Thread] DEBUG PhysicsWorld         - Clearing physics world
18:20:26.133 [FXGL Background Thread 1 ] DEBUG FXGLApplication      - Initializing game
18:20:26.135 [FXGL Background Thread 4 ] DEBUG FXGLAssetLoaderServi - Loading from file system: jar:file:/C:/Users/agust/.m2/repository/com/github/almasb/fxgl/21/fxgl-21.jar!/fxglassets/ui/fonts/TerminalLandMono-Regular.otf
18:20:26.192 [FXGL Background Thread 1 ] INFO  FXGLApplication      - Game initialization took: 0,059 sec
18:20:26.212 [FXGL Background Thread 4 ] DEBUG FXGLAssetLoaderServi - Loading from file system: jar:file:/C:/Users/agust/.m2/repository/com/github/almasb/fxgl/21/fxgl-21.jar!/fxglassets/ui/fonts/Courier-Prime.ttf
18:20:26.675 [JavaFX Application Thread] DEBUG Input                - Clearing active input actions
18:20:26.691 [JavaFX Application Thread] DEBUG GameApplicationServi - Removing overlay from FXGLLoadingScene and adding to GameScene
18:20:26.697 [JavaFX Application Thread] DEBUG PrimaryStageWindow   - FXGLLoadingScene -> GameScene
18:20:26.707 [JavaFX Application Thread] DEBUG FXGLApplication      - Registering font factories with UI factory
18:20:27.371 [JavaFX Application Thread] DEBUG FXGLAssetLoaderServi - Loading from file system: file:/D:/Programaci%c3%b3n/JAVA/SuikaGame/target/classes/assets/textures/apple_view.png
18:20:27.374 [JavaFX Application Thread] DEBUG FXGLAssetLoaderServi - Loading from file system: file:/D:/Programaci%c3%b3n/JAVA/SuikaGame/target/classes/assets/textures/orange_view.png
18:20:28.768 [JavaFX Application Thread] DEBUG FXGLAssetLoaderServi - Loading from file system: file:/D:/Programaci%c3%b3n/JAVA/SuikaGame/target/classes/assets/textures/strawberry_view.png
18:20:28.864 [FXGL Background Thread 3 ] DEBUG Engine               - Logging environment variables
18:20:28.864 [FXGL Background Thread 3 ] DEBUG Engine               - achievements: []
18:20:28.865 [FXGL Background Thread 3 ] DEBUG Engine               - actualHeight: 720.0
18:20:28.865 [FXGL Background Thread 3 ] DEBUG Engine               - actualHeightProperty: ReadOnlyDoubleProperty [value: 720.0]
18:20:28.865 [FXGL Background Thread 3 ] DEBUG Engine               - actualWidth: 1280.0
18:20:28.865 [FXGL Background Thread 3 ] DEBUG Engine               - actualWidthProperty: ReadOnlyDoubleProperty [value: 1280.0]
18:20:28.865 [FXGL Background Thread 3 ] DEBUG Engine               - appIcon: fxgl_icon.png
18:20:28.865 [FXGL Background Thread 3 ] DEBUG Engine               - applicationMode: DEVELOPER
18:20:28.866 [FXGL Background Thread 3 ] DEBUG Engine               - cSSList: [fxgl_dark.css]
18:20:28.866 [FXGL Background Thread 3 ] DEBUG Engine               - collisionDetectionStrategy: BRUTE_FORCE
18:20:28.866 [FXGL Background Thread 3 ] DEBUG Engine               - configClass: Optional.empty
18:20:28.866 [FXGL Background Thread 3 ] DEBUG Engine               - credits: []
18:20:28.866 [FXGL Background Thread 3 ] DEBUG Engine               - defaultCursor: CursorInfo(imageName=fxgl_default_cursor.png, hotspotX=7.0, hotspotY=6.0)
18:20:28.867 [FXGL Background Thread 3 ] DEBUG Engine               - devBBoxColorProperty: ObjectProperty [value: 0xff0000ff]
18:20:28.867 [FXGL Background Thread 3 ] DEBUG Engine               - devEnableDebugCameraProperty: BooleanProperty [value: false]
18:20:28.867 [FXGL Background Thread 3 ] DEBUG Engine               - devSensorColorProperty: ObjectProperty [value: 0xffff00ff]
18:20:28.867 [FXGL Background Thread 3 ] DEBUG Engine               - devShowBBoxProperty: BooleanProperty [value: false]
18:20:28.867 [FXGL Background Thread 3 ] DEBUG Engine               - devShowPositionProperty: BooleanProperty [value: false]
18:20:28.867 [FXGL Background Thread 3 ] DEBUG Engine               - enabledMenuItems: []
18:20:28.867 [FXGL Background Thread 3 ] DEBUG Engine               - engineServices: [class com.almasb.fxgl.app.services.FXGLAssetLoaderService, class com.almasb.fxgl.app.FXGLApplication$GameApplicationService, class com.almasb.fxgl.app.services.FXGLDialogService, class com.almasb.fxgl.app.services.IOTaskExecutorService, class com.almasb.fxgl.io.FileSystemService, class com.almasb.fxgl.localization.LocalizationService, class com.almasb.fxgl.app.services.SystemBundleService, class com.almasb.fxgl.profile.SaveLoadService, class com.almasb.fxgl.ui.FXGLUIFactoryServiceProvider, class com.almasb.fxgl.ui.FXGLDialogFactoryServiceProvider, class com.almasb.fxgl.audio.AudioPlayer, class com.almasb.fxgl.notification.impl.NotificationServiceProvider, class com.almasb.fxgl.achievement.AchievementService, class com.almasb.fxgl.cutscene.CutsceneService, class com.almasb.fxgl.minigames.MiniGameService, class com.almasb.fxgl.net.NetService, class com.almasb.fxgl.app.services.UpdaterService, class com.almasb.fxgl.dev.DevService]
18:20:28.867 [FXGL Background Thread 3 ] DEBUG Engine               - fontGame: Abel-Regular.ttf
18:20:28.868 [FXGL Background Thread 3 ] DEBUG Engine               - fontMono: TerminalLandMono-Regular.otf
18:20:28.868 [FXGL Background Thread 3 ] DEBUG Engine               - fontSizeScaleUI: 1.0
18:20:28.868 [FXGL Background Thread 3 ] DEBUG Engine               - fontText: Courier-Prime.ttf
18:20:28.868 [FXGL Background Thread 3 ] DEBUG Engine               - fontUI: VarelaRound-Regular.ttf
18:20:28.868 [FXGL Background Thread 3 ] DEBUG Engine               - fullScreen: BooleanProperty [value: false]
18:20:28.869 [FXGL Background Thread 3 ] DEBUG Engine               - gameDifficulty: MEDIUM
18:20:28.869 [FXGL Background Thread 3 ] DEBUG Engine               - gameDifficultyProperty: ObjectProperty [value: MEDIUM]
18:20:28.869 [FXGL Background Thread 3 ] DEBUG Engine               - globalMusicVolume: 0.5
18:20:28.870 [FXGL Background Thread 3 ] DEBUG Engine               - globalMusicVolumeProperty: DoubleProperty [value: 0.5]
18:20:28.870 [FXGL Background Thread 3 ] DEBUG Engine               - globalSoundVolume: 0.5
18:20:28.870 [FXGL Background Thread 3 ] DEBUG Engine               - globalSoundVolumeProperty: DoubleProperty [value: 0.5]
18:20:28.870 [FXGL Background Thread 3 ] DEBUG Engine               - height: 720
18:20:28.870 [FXGL Background Thread 3 ] DEBUG Engine               - is3D: false
18:20:28.870 [FXGL Background Thread 3 ] DEBUG Engine               - isAndroid: false
18:20:28.871 [FXGL Background Thread 3 ] DEBUG Engine               - isBrowser: false
18:20:28.871 [FXGL Background Thread 3 ] DEBUG Engine               - isClickFeedbackEnabled: false
18:20:28.871 [FXGL Background Thread 3 ] DEBUG Engine               - isCloseConfirmation: false
18:20:28.871 [FXGL Background Thread 3 ] DEBUG Engine               - isDesktop: true
18:20:28.871 [FXGL Background Thread 3 ] DEBUG Engine               - isDeveloperMenuEnabled: true
18:20:28.872 [FXGL Background Thread 3 ] DEBUG Engine               - isEmbedded: false
18:20:28.872 [FXGL Background Thread 3 ] DEBUG Engine               - isEntityPreloadEnabled: true
18:20:28.872 [FXGL Background Thread 3 ] DEBUG Engine               - isExperimentalTiledLargeMap: false
18:20:28.872 [FXGL Background Thread 3 ] DEBUG Engine               - isFileSystemWriteAllowed: true
18:20:28.872 [FXGL Background Thread 3 ] DEBUG Engine               - isFullScreenAllowed: false
18:20:28.872 [FXGL Background Thread 3 ] DEBUG Engine               - isFullScreenFromStart: false
18:20:28.872 [FXGL Background Thread 3 ] DEBUG Engine               - isGameMenuEnabled: true
18:20:28.873 [FXGL Background Thread 3 ] DEBUG Engine               - isIOS: false
18:20:28.873 [FXGL Background Thread 3 ] DEBUG Engine               - isIntroEnabled: false
18:20:28.873 [FXGL Background Thread 3 ] DEBUG Engine               - isLinux: false
18:20:28.873 [FXGL Background Thread 3 ] DEBUG Engine               - isMac: false
18:20:28.877 [FXGL Background Thread 3 ] DEBUG Engine               - isMainMenuEnabled: false
18:20:28.877 [FXGL Background Thread 3 ] DEBUG Engine               - isManualResizeEnabled: false
18:20:28.877 [FXGL Background Thread 3 ] DEBUG Engine               - isMobile: false
18:20:28.878 [FXGL Background Thread 3 ] DEBUG Engine               - isNative: false
18:20:28.878 [FXGL Background Thread 3 ] DEBUG Engine               - isPauseMusicWhenMinimized: true
18:20:28.878 [FXGL Background Thread 3 ] DEBUG Engine               - isPreserveResizeRatio: false
18:20:28.878 [FXGL Background Thread 3 ] DEBUG Engine               - isProfilingEnabled: false
18:20:28.878 [FXGL Background Thread 3 ] DEBUG Engine               - isScaleAffectedOnResize: true
18:20:28.878 [FXGL Background Thread 3 ] DEBUG Engine               - isSingleStep: false
18:20:28.878 [FXGL Background Thread 3 ] DEBUG Engine               - isUserProfileEnabled: false
18:20:28.878 [FXGL Background Thread 3 ] DEBUG Engine               - isWindows: true
18:20:28.878 [FXGL Background Thread 3 ] DEBUG Engine               - language: ObjectProperty [value: ENGLISH]
18:20:28.879 [FXGL Background Thread 3 ] DEBUG Engine               - menuKey: ESCAPE
18:20:28.879 [FXGL Background Thread 3 ] DEBUG Engine               - mouseSensitivity: 0.2
18:20:28.879 [FXGL Background Thread 3 ] DEBUG Engine               - notificationViewClass: class com.almasb.fxgl.notification.view.XboxNotificationView
18:20:28.880 [FXGL Background Thread 3 ] DEBUG Engine               - pixelsPerMeter: 50.0
18:20:28.880 [FXGL Background Thread 3 ] DEBUG Engine               - platform: WINDOWS
18:20:28.880 [FXGL Background Thread 3 ] DEBUG Engine               - prefHeightProperty: ReadOnlyDoubleProperty [value: 720.0]
18:20:28.880 [FXGL Background Thread 3 ] DEBUG Engine               - prefWidthProperty: ReadOnlyDoubleProperty [value: 1280.0]
18:20:28.880 [FXGL Background Thread 3 ] DEBUG Engine               - profileDir: profiles/
18:20:28.880 [FXGL Background Thread 3 ] DEBUG Engine               - profileName: StringProperty [value: DEFAULT]
18:20:28.880 [FXGL Background Thread 3 ] DEBUG Engine               - randomSeed: -1
18:20:28.881 [FXGL Background Thread 3 ] DEBUG Engine               - runtimeInfo: RuntimeInfo(platform=WINDOWS, version=21, build=28.12.2023 13.35)
18:20:28.881 [FXGL Background Thread 3 ] DEBUG Engine               - saveFileExt: sav
18:20:28.881 [FXGL Background Thread 3 ] DEBUG Engine               - scaledHeightProp$fxgl: DoubleProperty [bound, value: 720.0]
18:20:28.881 [FXGL Background Thread 3 ] DEBUG Engine               - scaledWidthProp$fxgl: DoubleProperty [bound, value: 1280.0]
18:20:28.881 [FXGL Background Thread 3 ] DEBUG Engine               - sceneFactory: com.almasb.fxgl.app.scene.SceneFactory@7f7bce9f
18:20:28.881 [FXGL Background Thread 3 ] DEBUG Engine               - secondsIn24h: 60
18:20:28.881 [FXGL Background Thread 3 ] DEBUG Engine               - soundMenuBack: menu/back.wav
18:20:28.881 [FXGL Background Thread 3 ] DEBUG Engine               - soundMenuPress: menu/press.wav
18:20:28.881 [FXGL Background Thread 3 ] DEBUG Engine               - soundMenuSelect: menu/select.wav
18:20:28.881 [FXGL Background Thread 3 ] DEBUG Engine               - soundNotification: core/notification.wav
18:20:28.881 [FXGL Background Thread 3 ] DEBUG Engine               - stageStyle: DECORATED
18:20:28.882 [FXGL Background Thread 3 ] DEBUG Engine               - supportedLanguages: [ENGLISH, FRENCH, GERMAN, HUNGARIAN, RUSSIAN]
18:20:28.882 [FXGL Background Thread 3 ] DEBUG Engine               - ticksPerSecond: -1
18:20:28.882 [FXGL Background Thread 3 ] DEBUG Engine               - title: Basic Game App
18:20:28.882 [FXGL Background Thread 3 ] DEBUG Engine               - urlGithub: https://github.com/AlmasB/FXGL
18:20:28.882 [FXGL Background Thread 3 ] DEBUG Engine               - urlLeaderboard: http://fxgl-top.herokuapp.com/
18:20:28.882 [FXGL Background Thread 3 ] DEBUG Engine               - urlPOM: https://raw.githubusercontent.com/AlmasB/FXGL/release/README.md
18:20:28.882 [FXGL Background Thread 3 ] DEBUG Engine               - userAppClass: class com.lucenstuff.fxglgames.suikagame.SuikaGame
18:20:28.882 [FXGL Background Thread 3 ] DEBUG Engine               - version: 0.1
18:20:28.882 [FXGL Background Thread 3 ] DEBUG Engine               - versionCheckDays: 7
18:20:28.882 [FXGL Background Thread 3 ] DEBUG Engine               - width: 1280
18:20:28.882 [FXGL Background Thread 3 ] DEBUG Engine               - Logging services
18:20:28.882 [FXGL Background Thread 3 ] DEBUG Engine               - class com.almasb.fxgl.app.services.FXGLAssetLoaderService
18:20:28.882 [FXGL Background Thread 3 ] DEBUG Engine               - class com.almasb.fxgl.app.FXGLApplication$GameApplicationService
18:20:28.883 [FXGL Background Thread 3 ] DEBUG Engine               - class com.almasb.fxgl.app.services.FXGLDialogService
18:20:28.883 [FXGL Background Thread 3 ] DEBUG Engine               - class com.almasb.fxgl.app.services.IOTaskExecutorService
18:20:28.883 [FXGL Background Thread 3 ] DEBUG Engine               - class com.almasb.fxgl.io.FileSystemService
18:20:28.883 [FXGL Background Thread 3 ] DEBUG Engine               - class com.almasb.fxgl.localization.LocalizationService
18:20:28.883 [FXGL Background Thread 3 ] DEBUG Engine               - class com.almasb.fxgl.app.services.SystemBundleService
18:20:28.883 [FXGL Background Thread 3 ] DEBUG Engine               - class com.almasb.fxgl.profile.SaveLoadService
18:20:28.884 [FXGL Background Thread 3 ] DEBUG Engine               - class com.almasb.fxgl.ui.FXGLUIFactoryServiceProvider
18:20:28.884 [FXGL Background Thread 3 ] DEBUG Engine               - class com.almasb.fxgl.ui.FXGLDialogFactoryServiceProvider
18:20:28.884 [FXGL Background Thread 3 ] DEBUG Engine               - class com.almasb.fxgl.audio.AudioPlayer
18:20:28.884 [FXGL Background Thread 3 ] DEBUG Engine               - class com.almasb.fxgl.notification.impl.NotificationServiceProvider
18:20:28.884 [FXGL Background Thread 3 ] DEBUG Engine               - class com.almasb.fxgl.achievement.AchievementService
18:20:28.884 [FXGL Background Thread 3 ] DEBUG Engine               - class com.almasb.fxgl.cutscene.CutsceneService
18:20:28.884 [FXGL Background Thread 3 ] DEBUG Engine               - class com.almasb.fxgl.minigames.MiniGameService
18:20:28.884 [FXGL Background Thread 3 ] DEBUG Engine               - class com.almasb.fxgl.net.NetService
18:20:28.884 [FXGL Background Thread 3 ] DEBUG Engine               - class com.almasb.fxgl.app.services.UpdaterService
18:20:28.884 [FXGL Background Thread 3 ] DEBUG Engine               - class com.almasb.fxgl.dev.DevService
18:20:30.386 [JavaFX Application Thread] DEBUG FXGLAssetLoaderServi - Loading from file system: file:/D:/Programaci%c3%b3n/JAVA/SuikaGame/target/classes/assets/textures/lemon_view.png
18:20:32.148 [JavaFX Application Thread] DEBUG FXGLAssetLoaderServi - Loading from file system: file:/D:/Programaci%c3%b3n/JAVA/SuikaGame/target/classes/assets/textures/cherry_view.png
18:20:34.593 [JavaFX Application Thread] DEBUG FXGLAssetLoaderServi - Loading from file system: file:/D:/Programaci%c3%b3n/JAVA/SuikaGame/target/classes/assets/textures/grape_view.png
18:20:53.047 [JavaFX Application Thread] DEBUG FXGLApplication      - Exiting FXGL
18:20:53.047 [JavaFX Application Thread] DEBUG LoopRunner           - Stopping loop
18:20:53.047 [JavaFX Application Thread] DEBUG SystemBundleService  - Saving FXGL system data
18:20:53.050 [JavaFX Application Thread] DEBUG FileSystemAccess     - Writing to: D:\Programación\JAVA\SuikaGame\system\fxgl.bundle
18:20:53.053 [JavaFX Application Thread] DEBUG Async                - Shutting down background threads
18:20:53.053 [JavaFX Application Thread] DEBUG PrimaryStageWindow   - Closing main window
18:20:53.067 [JavaFX Application Thread] DEBUG Logger               - Closing Logger
