08:34:21.107 [main                     ] DEBUG Logger               - Configured Logger
08:34:21.129 [main                     ] DEBUG GameApplication      - Logging settings
Title: Suika FXGL
Version: 0.1
Width: 1280
Height: 720
Fullscreen: false
Intro: false
Profiling: false
Single step:false
App Mode: DEVELOPER
Menu Key: ESCAPE
Stage Style: DECORATED
Scene Factory: class com.almasb.fxgl.app.scene.SceneFactory

08:34:21.678 [JavaFX Application Thread] DEBUG FXGLApplication      - Initializing FXGL
08:34:21.682 [JavaFX Application Thread] INFO  Engine               - FXGL-21 (28.12.2023 13.35) on WINDOWS (J:21.0.2 FX:21.0.1)
08:34:21.682 [JavaFX Application Thread] DEBUG Engine               - JRE Vendor Name: Oracle Corporation
08:34:21.682 [JavaFX Application Thread] DEBUG Engine               - Running on OS: Windows 10 version 10.0
08:34:21.682 [JavaFX Application Thread] DEBUG Engine               - Architecture: amd64
08:34:21.682 [JavaFX Application Thread] INFO  Engine               - Source code and latest versions at: https://github.com/AlmasB/FXGL
08:34:21.682 [JavaFX Application Thread] INFO  Engine               -       Ask questions and discuss at: https://github.com/AlmasB/FXGL/discussions
08:34:21.682 [JavaFX Application Thread] INFO  Engine               -              Join the FXGL chat at: https://gitter.im/AlmasB/FXGL
08:34:21.799 [JavaFX Application Thread] DEBUG PrimaryStageWindow   - Creating a JavaFX scene
08:34:21.928 [JavaFX Application Thread] DEBUG PrimaryStageWindow   - Target settings size: 1280.0 x 720.0
08:34:21.928 [JavaFX Application Thread] DEBUG PrimaryStageWindow   - Scaled scene size:    1280.0 x 720.0
08:34:21.928 [JavaFX Application Thread] DEBUG PrimaryStageWindow   - Scaled ratio: (1.0, 1.0)
08:34:21.929 [JavaFX Application Thread] DEBUG PrimaryStageWindow   - Set initial scene to FXGLStartupScene
08:34:21.933 [JavaFX Application Thread] DEBUG PrimaryStageWindow   - Opening main window
08:34:22.055 [JavaFX Application Thread] DEBUG PrimaryStageWindow   - Window border size: (16.0, 39.0)
08:34:22.055 [JavaFX Application Thread] DEBUG PrimaryStageWindow   - Scaled size: 1280.0 x 720.0
08:34:22.055 [JavaFX Application Thread] DEBUG PrimaryStageWindow   - Scaled ratio: (1.0, 1.0)
08:34:22.055 [JavaFX Application Thread] DEBUG PrimaryStageWindow   - Scene size: 1280.0 x 720.0
08:34:22.056 [JavaFX Application Thread] DEBUG PrimaryStageWindow   - Stage size: 1296.0 x 759.0
08:34:22.066 [FXGL Background Thread 1 ] DEBUG Engine               - Initializing environment variables
08:34:22.144 [FXGL Background Thread 1 ] DEBUG FXGLAssetLoaderServi - User app class for loading assets: class com.lucenstuff.fxglgames.suikagame.SuikaGame
08:34:22.144 [FXGL Background Thread 1 ] DEBUG GameApplicationServi - Applying CSS: fxgl_dark.css
08:34:22.145 [FXGL Background Thread 1 ] DEBUG FXGLAssetLoaderServi - Loading from file system: jar:file:/C:/Users/Nacho/.m2/repository/com/github/almasb/fxgl/21/fxgl-21.jar!/fxglassets/ui/css/fxgl_dark.css
08:34:22.197 [FXGL Background Thread 1 ] DEBUG GameApplicationServi - Initializing application scenes
08:34:22.249 [FXGL Background Thread 1 ] DEBUG GameWorld            - Game world initialized
08:34:22.338 [FXGL Background Thread 1 ] DEBUG PhysicsWorld         - Physics world initialized: appHeight=720, physics.ppm=50,0
08:34:22.338 [FXGL Background Thread 1 ] DEBUG PhysicsWorld         - Using strategy: BRUTE_FORCE
08:34:22.342 [FXGL Background Thread 1 ] DEBUG GameScene            - Game scene initialized: 1280x720
08:34:22.360 [FXGL Background Thread 1 ] DEBUG FXGL.DefaultMenu     - createMenuBodyGameMenu()
08:34:22.400 [FXGL Background Thread 1 ] DEBUG FXGL.DefaultMenu     - createOptionsMenu()
08:34:22.418 [FXGL Background Thread 1 ] DEBUG FXGLAssetLoaderServi - Loading from file system: jar:file:/C:/Users/Nacho/.m2/repository/com/github/almasb/fxgl/21/fxgl-21.jar!/fxglassets/textures/particles/smoke.png
08:34:22.537 [FXGL Background Thread 1 ] DEBUG FXGLAssetLoaderServi - Loading from file system: jar:file:/C:/Users/Nacho/.m2/repository/com/github/almasb/fxgl/21/fxgl-21.jar!/fxglassets/textures/particles/trace_horizontal.png
08:34:22.561 [FXGL Background Thread 1 ] DEBUG GameApplicationServi - Application scenes initialized
08:34:22.576 [FXGL Background Thread 1 ] DEBUG SystemBundleService  - Loading FXGL system data
08:34:22.584 [FXGL Background Thread 1 ] DEBUG FileSystemAccess     - Reading from: C:\Users\Nacho\IdeaProjects\SuikaGameJavaFXGL\system\fxgl.bundle
08:34:22.593 [FXGL Background Thread 1 ] DEBUG SystemBundleService  - Bundle FXGL: {}
08:34:22.593 [FXGL Background Thread 1 ] DEBUG UpdaterService       - Checking for updates
08:34:22.628 [FXGL Background Thread 4 ] DEBUG FXGLApplication      - Loading fonts
08:34:22.628 [FXGL Background Thread 4 ] DEBUG FXGLAssetLoaderServi - Loading from file system: jar:file:/C:/Users/Nacho/.m2/repository/com/github/almasb/fxgl/21/fxgl-21.jar!/fxglassets/ui/fonts/VarelaRound-Regular.ttf
08:34:22.629 [FXGL Background Thread 1 ] DEBUG FXGLApplication      - Loading default localization
08:34:22.629 [FXGL Background Thread 1 ] DEBUG FXGLAssetLoaderServi - Loading from file system: jar:file:/C:/Users/Nacho/.m2/repository/com/github/almasb/fxgl/21/fxgl-21.jar!/fxglassets/languages/english.lang
08:34:22.696 [FXGL Background Thread 1 ] INFO  FXGLApplication      - FXGL initialization took: 0,629 sec
08:34:22.698 [JavaFX Application Thread] DEBUG FXGLAssetLoaderServi - Loading from file system: jar:file:/C:/Users/Nacho/.m2/repository/com/github/almasb/fxgl/21/fxgl-21.jar!/fxglassets/textures/fxgl_icon.png
08:34:22.720 [JavaFX Application Thread] DEBUG FXGLAssetLoaderServi - Loading from file system: jar:file:/C:/Users/Nacho/.m2/repository/com/github/almasb/fxgl/21/fxgl-21.jar!/fxglassets/textures/fxgl_default_cursor.png
08:34:22.740 [JavaFX Application Thread] DEBUG Input                - Registered new binding: Screenshot - CTRL+8
08:34:22.749 [JavaFX Application Thread] DEBUG Input                - Registered new binding: Dev Options - 1
08:34:22.750 [JavaFX Application Thread] DEBUG Input                - Registered new binding: Dev Console - 2
08:34:22.750 [JavaFX Application Thread] DEBUG Input                - Registered new binding: System info dump - CTRL+9
08:34:22.751 [JavaFX Application Thread] DEBUG Input                - Registered new binding: Restart - CTRL+R
08:34:22.752 [JavaFX Application Thread] DEBUG Input                - Registered new binding: Toggle Debug Camera - CTRL+7
08:34:22.752 [FXGL Background Thread 4 ] DEBUG FXGLAssetLoaderServi - Loading from file system: jar:file:/C:/Users/Nacho/.m2/repository/com/github/almasb/fxgl/21/fxgl-21.jar!/fxglassets/ui/fonts/Abel-Regular.ttf
08:34:22.758 [JavaFX Application Thread] DEBUG LoopRunner           - Starting loop
08:34:22.827 [FXGL Background Thread 4 ] DEBUG FXGLAssetLoaderServi - Loading from file system: jar:file:/C:/Users/Nacho/.m2/repository/com/github/almasb/fxgl/21/fxgl-21.jar!/fxglassets/ui/fonts/TerminalLandMono-Regular.otf
08:34:22.840 [JavaFX Application Thread] DEBUG LoopRunner           - Initializing JavaFX AnimationTimerLoop
08:34:22.843 [JavaFX Application Thread] DEBUG GameApplicationServi - Starting new game
08:34:22.844 [JavaFX Application Thread] DEBUG Input                - Clearing active input actions
08:34:22.852 [FXGL Background Thread 4 ] DEBUG FXGLAssetLoaderServi - Loading from file system: jar:file:/C:/Users/Nacho/.m2/repository/com/github/almasb/fxgl/21/fxgl-21.jar!/fxglassets/ui/fonts/Courier-Prime.ttf
08:34:22.856 [JavaFX Application Thread] DEBUG GameApplicationServi - Removing overlay from FXGLStartupScene and adding to FXGLLoadingScene
08:34:22.861 [JavaFX Application Thread] DEBUG PrimaryStageWindow   - FXGLStartupScene -> FXGLLoadingScene
08:34:22.862 [JavaFX Application Thread] DEBUG GameApplicationServi - Clearing previous game
08:34:22.862 [JavaFX Application Thread] DEBUG GameScene            - Clearing game scene
08:34:22.862 [JavaFX Application Thread] DEBUG GameWorld            - Clearing game world
08:34:22.863 [JavaFX Application Thread] DEBUG PhysicsWorld         - Clearing physics world
08:34:22.875 [FXGL Background Thread 1 ] DEBUG FXGLApplication      - Initializing game
08:34:22.888 [FXGL Background Thread 1 ] DEBUG FXGLAssetLoaderServi - Loading from file system: file:/C:/Users/Nacho/IdeaProjects/SuikaGameJavaFXGL/target/classes/assets/textures/background_view.png
08:34:22.920 [FXGL Background Thread 1 ] DEBUG FXGLAssetLoaderServi - Loading from file system: file:/C:/Users/Nacho/IdeaProjects/SuikaGameJavaFXGL/target/classes/assets/textures/container_view.png
08:34:22.982 [FXGL Background Thread 1 ] DEBUG FXGLAssetLoaderServi - Loading from file system: file:/C:/Users/Nacho/IdeaProjects/SuikaGameJavaFXGL/target/classes/assets/textures/ring_view.png
08:34:22.989 [FXGL Background Thread 1 ] DEBUG FXGLAssetLoaderServi - Loading from file system: file:/C:/Users/Nacho/IdeaProjects/SuikaGameJavaFXGL/target/classes/assets/textures/next_fruit_view.png
08:34:22.993 [FXGL Background Thread 1 ] DEBUG FXGLAssetLoaderServi - Loading from file system: file:/C:/Users/Nacho/IdeaProjects/SuikaGameJavaFXGL/target/classes/assets/textures/score_view.png
08:34:22.996 [FXGL Background Thread 1 ] INFO  FXGLApplication      - Game initialization took: 0,121 sec
08:34:23.215 [JavaFX Application Thread] DEBUG FXGLApplication      - Registering font factories with UI factory
08:34:23.223 [JavaFX Application Thread] DEBUG Input                - Clearing active input actions
08:34:23.235 [JavaFX Application Thread] DEBUG GameApplicationServi - Removing overlay from FXGLLoadingScene and adding to GameScene
08:34:23.242 [JavaFX Application Thread] DEBUG PrimaryStageWindow   - FXGLLoadingScene -> GameScene
08:34:25.627 [FXGL Background Thread 3 ] DEBUG Engine               - Logging environment variables
08:34:25.627 [FXGL Background Thread 3 ] DEBUG Engine               - achievements: []
08:34:25.627 [FXGL Background Thread 3 ] DEBUG Engine               - actualHeight: 720.0
08:34:25.628 [FXGL Background Thread 3 ] DEBUG Engine               - actualHeightProperty: ReadOnlyDoubleProperty [value: 720.0]
08:34:25.628 [FXGL Background Thread 3 ] DEBUG Engine               - actualWidth: 1280.0
08:34:25.628 [FXGL Background Thread 3 ] DEBUG Engine               - actualWidthProperty: ReadOnlyDoubleProperty [value: 1280.0]
08:34:25.628 [FXGL Background Thread 3 ] DEBUG Engine               - appIcon: fxgl_icon.png
08:34:25.628 [FXGL Background Thread 3 ] DEBUG Engine               - applicationMode: DEVELOPER
08:34:25.628 [FXGL Background Thread 3 ] DEBUG Engine               - cSSList: [fxgl_dark.css]
08:34:25.628 [FXGL Background Thread 3 ] DEBUG Engine               - collisionDetectionStrategy: BRUTE_FORCE
08:34:25.628 [FXGL Background Thread 3 ] DEBUG Engine               - configClass: Optional.empty
08:34:25.628 [FXGL Background Thread 3 ] DEBUG Engine               - credits: []
08:34:25.628 [FXGL Background Thread 3 ] DEBUG Engine               - defaultCursor: CursorInfo(imageName=fxgl_default_cursor.png, hotspotX=7.0, hotspotY=6.0)
08:34:25.628 [FXGL Background Thread 3 ] DEBUG Engine               - devBBoxColorProperty: ObjectProperty [value: 0xff0000ff]
08:34:25.628 [FXGL Background Thread 3 ] DEBUG Engine               - devEnableDebugCameraProperty: BooleanProperty [value: false]
08:34:25.629 [FXGL Background Thread 3 ] DEBUG Engine               - devSensorColorProperty: ObjectProperty [value: 0xffff00ff]
08:34:25.629 [FXGL Background Thread 3 ] DEBUG Engine               - devShowBBoxProperty: BooleanProperty [value: false]
08:34:25.629 [FXGL Background Thread 3 ] DEBUG Engine               - devShowPositionProperty: BooleanProperty [value: false]
08:34:25.629 [FXGL Background Thread 3 ] DEBUG Engine               - enabledMenuItems: []
08:34:25.629 [FXGL Background Thread 3 ] DEBUG Engine               - engineServices: [class com.almasb.fxgl.app.services.FXGLAssetLoaderService, class com.almasb.fxgl.app.FXGLApplication$GameApplicationService, class com.almasb.fxgl.app.services.FXGLDialogService, class com.almasb.fxgl.app.services.IOTaskExecutorService, class com.almasb.fxgl.io.FileSystemService, class com.almasb.fxgl.localization.LocalizationService, class com.almasb.fxgl.app.services.SystemBundleService, class com.almasb.fxgl.profile.SaveLoadService, class com.almasb.fxgl.ui.FXGLUIFactoryServiceProvider, class com.almasb.fxgl.ui.FXGLDialogFactoryServiceProvider, class com.almasb.fxgl.audio.AudioPlayer, class com.almasb.fxgl.notification.impl.NotificationServiceProvider, class com.almasb.fxgl.achievement.AchievementService, class com.almasb.fxgl.cutscene.CutsceneService, class com.almasb.fxgl.minigames.MiniGameService, class com.almasb.fxgl.net.NetService, class com.almasb.fxgl.app.services.UpdaterService, class com.almasb.fxgl.dev.DevService]
08:34:25.629 [FXGL Background Thread 3 ] DEBUG Engine               - fontGame: Abel-Regular.ttf
08:34:25.629 [FXGL Background Thread 3 ] DEBUG Engine               - fontMono: TerminalLandMono-Regular.otf
08:34:25.629 [FXGL Background Thread 3 ] DEBUG Engine               - fontSizeScaleUI: 1.0
08:34:25.629 [FXGL Background Thread 3 ] DEBUG Engine               - fontText: Courier-Prime.ttf
08:34:25.629 [FXGL Background Thread 3 ] DEBUG Engine               - fontUI: VarelaRound-Regular.ttf
08:34:25.629 [FXGL Background Thread 3 ] DEBUG Engine               - fullScreen: BooleanProperty [value: false]
08:34:25.629 [FXGL Background Thread 3 ] DEBUG Engine               - gameDifficulty: MEDIUM
08:34:25.629 [FXGL Background Thread 3 ] DEBUG Engine               - gameDifficultyProperty: ObjectProperty [value: MEDIUM]
08:34:25.629 [FXGL Background Thread 3 ] DEBUG Engine               - globalMusicVolume: 0.5
08:34:25.629 [FXGL Background Thread 3 ] DEBUG Engine               - globalMusicVolumeProperty: DoubleProperty [value: 0.5]
08:34:25.630 [FXGL Background Thread 3 ] DEBUG Engine               - globalSoundVolume: 0.5
08:34:25.630 [FXGL Background Thread 3 ] DEBUG Engine               - globalSoundVolumeProperty: DoubleProperty [value: 0.5]
08:34:25.630 [FXGL Background Thread 3 ] DEBUG Engine               - height: 720
08:34:25.630 [FXGL Background Thread 3 ] DEBUG Engine               - is3D: false
08:34:25.630 [FXGL Background Thread 3 ] DEBUG Engine               - isAndroid: false
08:34:25.630 [FXGL Background Thread 3 ] DEBUG Engine               - isBrowser: false
08:34:25.630 [FXGL Background Thread 3 ] DEBUG Engine               - isClickFeedbackEnabled: false
08:34:25.630 [FXGL Background Thread 3 ] DEBUG Engine               - isCloseConfirmation: false
08:34:25.630 [FXGL Background Thread 3 ] DEBUG Engine               - isDesktop: true
08:34:25.630 [FXGL Background Thread 3 ] DEBUG Engine               - isDeveloperMenuEnabled: true
08:34:25.630 [FXGL Background Thread 3 ] DEBUG Engine               - isEmbedded: false
08:34:25.630 [FXGL Background Thread 3 ] DEBUG Engine               - isEntityPreloadEnabled: true
08:34:25.630 [FXGL Background Thread 3 ] DEBUG Engine               - isExperimentalTiledLargeMap: false
08:34:25.630 [FXGL Background Thread 3 ] DEBUG Engine               - isFileSystemWriteAllowed: true
08:34:25.630 [FXGL Background Thread 3 ] DEBUG Engine               - isFullScreenAllowed: false
08:34:25.630 [FXGL Background Thread 3 ] DEBUG Engine               - isFullScreenFromStart: false
08:34:25.630 [FXGL Background Thread 3 ] DEBUG Engine               - isGameMenuEnabled: true
08:34:25.630 [FXGL Background Thread 3 ] DEBUG Engine               - isIOS: false
08:34:25.630 [FXGL Background Thread 3 ] DEBUG Engine               - isIntroEnabled: false
08:34:25.631 [FXGL Background Thread 3 ] DEBUG Engine               - isLinux: false
08:34:25.631 [FXGL Background Thread 3 ] DEBUG Engine               - isMac: false
08:34:25.631 [FXGL Background Thread 3 ] DEBUG Engine               - isMainMenuEnabled: false
08:34:25.631 [FXGL Background Thread 3 ] DEBUG Engine               - isManualResizeEnabled: false
08:34:25.631 [FXGL Background Thread 3 ] DEBUG Engine               - isMobile: false
08:34:25.631 [FXGL Background Thread 3 ] DEBUG Engine               - isNative: false
08:34:25.631 [FXGL Background Thread 3 ] DEBUG Engine               - isPauseMusicWhenMinimized: true
08:34:25.631 [FXGL Background Thread 3 ] DEBUG Engine               - isPreserveResizeRatio: false
08:34:25.631 [FXGL Background Thread 3 ] DEBUG Engine               - isProfilingEnabled: false
08:34:25.631 [FXGL Background Thread 3 ] DEBUG Engine               - isScaleAffectedOnResize: true
08:34:25.631 [FXGL Background Thread 3 ] DEBUG Engine               - isSingleStep: false
08:34:25.631 [FXGL Background Thread 3 ] DEBUG Engine               - isUserProfileEnabled: false
08:34:25.631 [FXGL Background Thread 3 ] DEBUG Engine               - isWindows: true
08:34:25.631 [FXGL Background Thread 3 ] DEBUG Engine               - language: ObjectProperty [value: ENGLISH]
08:34:25.631 [FXGL Background Thread 3 ] DEBUG Engine               - menuKey: ESCAPE
08:34:25.631 [FXGL Background Thread 3 ] DEBUG Engine               - mouseSensitivity: 0.2
08:34:25.631 [FXGL Background Thread 3 ] DEBUG Engine               - notificationViewClass: class com.almasb.fxgl.notification.view.XboxNotificationView
08:34:25.632 [FXGL Background Thread 3 ] DEBUG Engine               - pixelsPerMeter: 50.0
08:34:25.632 [FXGL Background Thread 3 ] DEBUG Engine               - platform: WINDOWS
08:34:25.632 [FXGL Background Thread 3 ] DEBUG Engine               - prefHeightProperty: ReadOnlyDoubleProperty [value: 720.0]
08:34:25.632 [FXGL Background Thread 3 ] DEBUG Engine               - prefWidthProperty: ReadOnlyDoubleProperty [value: 1280.0]
08:34:25.632 [FXGL Background Thread 3 ] DEBUG Engine               - profileDir: profiles/
08:34:25.632 [FXGL Background Thread 3 ] DEBUG Engine               - profileName: StringProperty [value: DEFAULT]
08:34:25.632 [FXGL Background Thread 3 ] DEBUG Engine               - randomSeed: -1
08:34:25.632 [FXGL Background Thread 3 ] DEBUG Engine               - runtimeInfo: RuntimeInfo(platform=WINDOWS, version=21, build=28.12.2023 13.35)
08:34:25.632 [FXGL Background Thread 3 ] DEBUG Engine               - saveFileExt: sav
08:34:25.632 [FXGL Background Thread 3 ] DEBUG Engine               - scaledHeightProp$fxgl: DoubleProperty [bound, value: 720.0]
08:34:25.632 [FXGL Background Thread 3 ] DEBUG Engine               - scaledWidthProp$fxgl: DoubleProperty [bound, value: 1280.0]
08:34:25.632 [FXGL Background Thread 3 ] DEBUG Engine               - sceneFactory: com.almasb.fxgl.app.scene.SceneFactory@7e02f121
08:34:25.632 [FXGL Background Thread 3 ] DEBUG Engine               - secondsIn24h: 60
08:34:25.632 [FXGL Background Thread 3 ] DEBUG Engine               - soundMenuBack: menu/back.wav
08:34:25.632 [FXGL Background Thread 3 ] DEBUG Engine               - soundMenuPress: menu/press.wav
08:34:25.633 [FXGL Background Thread 3 ] DEBUG Engine               - soundMenuSelect: menu/select.wav
08:34:25.633 [FXGL Background Thread 3 ] DEBUG Engine               - soundNotification: core/notification.wav
08:34:25.633 [FXGL Background Thread 3 ] DEBUG Engine               - stageStyle: DECORATED
08:34:25.633 [FXGL Background Thread 3 ] DEBUG Engine               - supportedLanguages: [ENGLISH, FRENCH, GERMAN, HUNGARIAN, RUSSIAN]
08:34:25.633 [FXGL Background Thread 3 ] DEBUG Engine               - ticksPerSecond: -1
08:34:25.633 [FXGL Background Thread 3 ] DEBUG Engine               - title: Suika FXGL
08:34:25.633 [FXGL Background Thread 3 ] DEBUG Engine               - urlGithub: https://github.com/AlmasB/FXGL
08:34:25.633 [FXGL Background Thread 3 ] DEBUG Engine               - urlLeaderboard: http://fxgl-top.herokuapp.com/
08:34:25.633 [FXGL Background Thread 3 ] DEBUG Engine               - urlPOM: https://raw.githubusercontent.com/AlmasB/FXGL/release/README.md
08:34:25.633 [FXGL Background Thread 3 ] DEBUG Engine               - userAppClass: class com.lucenstuff.fxglgames.suikagame.SuikaGame
08:34:25.633 [FXGL Background Thread 3 ] DEBUG Engine               - version: 0.1
08:34:25.633 [FXGL Background Thread 3 ] DEBUG Engine               - versionCheckDays: 7
08:34:25.633 [FXGL Background Thread 3 ] DEBUG Engine               - width: 1280
08:34:25.633 [FXGL Background Thread 3 ] DEBUG Engine               - Logging services
08:34:25.633 [FXGL Background Thread 3 ] DEBUG Engine               - class com.almasb.fxgl.app.services.FXGLAssetLoaderService
08:34:25.633 [FXGL Background Thread 3 ] DEBUG Engine               - class com.almasb.fxgl.app.FXGLApplication$GameApplicationService
08:34:25.633 [FXGL Background Thread 3 ] DEBUG Engine               - class com.almasb.fxgl.app.services.FXGLDialogService
08:34:25.633 [FXGL Background Thread 3 ] DEBUG Engine               - class com.almasb.fxgl.app.services.IOTaskExecutorService
08:34:25.633 [FXGL Background Thread 3 ] DEBUG Engine               - class com.almasb.fxgl.io.FileSystemService
08:34:25.633 [FXGL Background Thread 3 ] DEBUG Engine               - class com.almasb.fxgl.localization.LocalizationService
08:34:25.634 [FXGL Background Thread 3 ] DEBUG Engine               - class com.almasb.fxgl.app.services.SystemBundleService
08:34:25.634 [FXGL Background Thread 3 ] DEBUG Engine               - class com.almasb.fxgl.profile.SaveLoadService
08:34:25.634 [FXGL Background Thread 3 ] DEBUG Engine               - class com.almasb.fxgl.ui.FXGLUIFactoryServiceProvider
08:34:25.634 [FXGL Background Thread 3 ] DEBUG Engine               - class com.almasb.fxgl.ui.FXGLDialogFactoryServiceProvider
08:34:25.634 [FXGL Background Thread 3 ] DEBUG Engine               - class com.almasb.fxgl.audio.AudioPlayer
08:34:25.634 [FXGL Background Thread 3 ] DEBUG Engine               - class com.almasb.fxgl.notification.impl.NotificationServiceProvider
08:34:25.634 [FXGL Background Thread 3 ] DEBUG Engine               - class com.almasb.fxgl.achievement.AchievementService
08:34:25.634 [FXGL Background Thread 3 ] DEBUG Engine               - class com.almasb.fxgl.cutscene.CutsceneService
08:34:25.634 [FXGL Background Thread 3 ] DEBUG Engine               - class com.almasb.fxgl.minigames.MiniGameService
08:34:25.634 [FXGL Background Thread 3 ] DEBUG Engine               - class com.almasb.fxgl.net.NetService
08:34:25.634 [FXGL Background Thread 3 ] DEBUG Engine               - class com.almasb.fxgl.app.services.UpdaterService
08:34:25.634 [FXGL Background Thread 3 ] DEBUG Engine               - class com.almasb.fxgl.dev.DevService
08:34:28.484 [JavaFX Application Thread] DEBUG FXGLAssetLoaderServi - Loading from file system: file:/C:/Users/Nacho/IdeaProjects/SuikaGameJavaFXGL/target/classes/assets/textures/orange_view.png
08:34:28.486 [JavaFX Application Thread] DEBUG FXGLAssetLoaderServi - Loading from file system: file:/C:/Users/Nacho/IdeaProjects/SuikaGameJavaFXGL/target/classes/assets/textures/apple_view.png
08:34:31.612 [JavaFX Application Thread] DEBUG FXGLAssetLoaderServi - Loading from file system: file:/C:/Users/Nacho/IdeaProjects/SuikaGameJavaFXGL/target/classes/assets/textures/grape_view.png
08:34:35.554 [JavaFX Application Thread] DEBUG FXGLAssetLoaderServi - Loading from file system: file:/C:/Users/Nacho/IdeaProjects/SuikaGameJavaFXGL/target/classes/assets/textures/lemon_view.png
08:34:36.642 [JavaFX Application Thread] DEBUG FXGLAssetLoaderServi - Loading from file system: file:/C:/Users/Nacho/IdeaProjects/SuikaGameJavaFXGL/target/classes/assets/textures/strawberry_view.png
08:34:37.458 [JavaFX Application Thread] DEBUG FXGLAssetLoaderServi - Loading from file system: file:/C:/Users/Nacho/IdeaProjects/SuikaGameJavaFXGL/target/classes/assets/textures/cherry_view.png
08:34:43.240 [JavaFX Application Thread] DEBUG FXGLAssetLoaderServi - Loading from file system: file:/C:/Users/Nacho/IdeaProjects/SuikaGameJavaFXGL/target/classes/assets/textures/pear_view.png
08:35:19.957 [JavaFX Application Thread] DEBUG FXGLAssetLoaderServi - Loading from file system: file:/C:/Users/Nacho/IdeaProjects/SuikaGameJavaFXGL/target/classes/assets/textures/peach_view.png
08:35:35.302 [JavaFX Application Thread] DEBUG FXGLAssetLoaderServi - Loading from file system: file:/C:/Users/Nacho/IdeaProjects/SuikaGameJavaFXGL/target/classes/assets/textures/pineapple_view.png
08:35:36.740 [JavaFX Application Thread] DEBUG FXGLAssetLoaderServi - Loading from file system: file:/C:/Users/Nacho/IdeaProjects/SuikaGameJavaFXGL/target/classes/assets/textures/melon_view.png
08:35:39.357 [JavaFX Application Thread] DEBUG PrimaryStageWindow   - Push state: DialogSubScene
08:35:39.358 [JavaFX Application Thread] DEBUG Input                - Clearing active input actions
08:35:39.358 [JavaFX Application Thread] DEBUG GameApplicationServi - Removing overlay from GameScene and adding to DialogSubScene
08:35:39.360 [JavaFX Application Thread] DEBUG PrimaryStageWindow   - GameScene -> DialogSubScene
08:35:56.065 [JavaFX Application Thread] DEBUG PrimaryStageWindow   - Pop state: DialogSubScene
08:35:56.065 [JavaFX Application Thread] DEBUG Input                - Clearing active input actions
08:35:56.066 [JavaFX Application Thread] DEBUG GameApplicationServi - Removing overlay from DialogSubScene and adding to GameScene
08:35:56.067 [JavaFX Application Thread] DEBUG PrimaryStageWindow   - GameScene <- DialogSubScene
08:35:56.477 [JavaFX Application Thread] DEBUG PrimaryStageWindow   - Push state: DialogSubScene
08:35:56.477 [JavaFX Application Thread] DEBUG Input                - Clearing active input actions
08:35:56.477 [JavaFX Application Thread] DEBUG GameApplicationServi - Removing overlay from GameScene and adding to DialogSubScene
08:35:56.478 [JavaFX Application Thread] DEBUG PrimaryStageWindow   - GameScene -> DialogSubScene
08:35:57.449 [JavaFX Application Thread] DEBUG PrimaryStageWindow   - Pop state: DialogSubScene
08:35:57.450 [JavaFX Application Thread] DEBUG Input                - Clearing active input actions
08:35:57.450 [JavaFX Application Thread] DEBUG GameApplicationServi - Removing overlay from DialogSubScene and adding to GameScene
08:35:57.451 [JavaFX Application Thread] DEBUG PrimaryStageWindow   - GameScene <- DialogSubScene
08:35:58.077 [JavaFX Application Thread] DEBUG PrimaryStageWindow   - Push state: DialogSubScene
08:35:58.077 [JavaFX Application Thread] DEBUG Input                - Clearing active input actions
08:35:58.077 [JavaFX Application Thread] DEBUG GameApplicationServi - Removing overlay from GameScene and adding to DialogSubScene
08:35:58.078 [JavaFX Application Thread] DEBUG PrimaryStageWindow   - GameScene -> DialogSubScene
08:36:00.722 [JavaFX Application Thread] DEBUG FXGLApplication      - Exiting FXGL
08:36:00.722 [JavaFX Application Thread] DEBUG LoopRunner           - Stopping loop
08:36:00.722 [JavaFX Application Thread] DEBUG SystemBundleService  - Saving FXGL system data
08:36:00.724 [JavaFX Application Thread] DEBUG FileSystemAccess     - Writing to: C:\Users\Nacho\IdeaProjects\SuikaGameJavaFXGL\system\fxgl.bundle
08:36:00.727 [JavaFX Application Thread] DEBUG Async                - Shutting down background threads
08:36:00.727 [JavaFX Application Thread] DEBUG PrimaryStageWindow   - Closing main window
08:36:00.737 [JavaFX Application Thread] DEBUG Logger               - Closing Logger
