15:13:06.646 [main                     ] DEBUG Logger               - Configured Logger
15:13:06.664 [main                     ] DEBUG GameApplication      - Logging settings
Title: Suika FXGL
Version: 0.1
Width: 1280
Height: 720
Fullscreen: false
Intro: false
Profiling: false
Single step:false
App Mode: DEVELOPER
Menu Key: ESCAPE
Stage Style: DECORATED
Scene Factory: class com.almasb.fxgl.app.scene.SceneFactory

15:13:07.108 [JavaFX Application Thread] DEBUG FXGLApplication      - Initializing FXGL
15:13:07.111 [JavaFX Application Thread] INFO  Engine               - FXGL-21 (28.12.2023 13.35) on WINDOWS (J:21.0.2 FX:21.0.1)
15:13:07.111 [JavaFX Application Thread] DEBUG Engine               - JRE Vendor Name: Oracle Corporation
15:13:07.112 [JavaFX Application Thread] DEBUG Engine               - Running on OS: Windows 10 version 10.0
15:13:07.112 [JavaFX Application Thread] DEBUG Engine               - Architecture: amd64
15:13:07.112 [JavaFX Application Thread] INFO  Engine               - Source code and latest versions at: https://github.com/AlmasB/FXGL
15:13:07.112 [JavaFX Application Thread] INFO  Engine               -       Ask questions and discuss at: https://github.com/AlmasB/FXGL/discussions
15:13:07.112 [JavaFX Application Thread] INFO  Engine               -              Join the FXGL chat at: https://gitter.im/AlmasB/FXGL
15:13:07.202 [JavaFX Application Thread] DEBUG PrimaryStageWindow   - Creating a JavaFX scene
15:13:07.240 [JavaFX Application Thread] DEBUG PrimaryStageWindow   - Target settings size: 1280.0 x 720.0
15:13:07.241 [JavaFX Application Thread] DEBUG PrimaryStageWindow   - Scaled scene size:    1280.0 x 720.0
15:13:07.241 [JavaFX Application Thread] DEBUG PrimaryStageWindow   - Scaled ratio: (1.0, 1.0)
15:13:07.242 [JavaFX Application Thread] DEBUG PrimaryStageWindow   - Set initial scene to FXGLStartupScene
15:13:07.244 [JavaFX Application Thread] DEBUG PrimaryStageWindow   - Opening main window
15:13:07.313 [JavaFX Application Thread] DEBUG PrimaryStageWindow   - Window border size: (16.0, 39.0)
15:13:07.313 [JavaFX Application Thread] DEBUG PrimaryStageWindow   - Scaled size: 1280.0 x 720.0
15:13:07.313 [JavaFX Application Thread] DEBUG PrimaryStageWindow   - Scaled ratio: (1.0, 1.0)
15:13:07.313 [JavaFX Application Thread] DEBUG PrimaryStageWindow   - Scene size: 1280.0 x 720.0
15:13:07.313 [JavaFX Application Thread] DEBUG PrimaryStageWindow   - Stage size: 1296.0 x 759.0
15:13:07.319 [FXGL Background Thread 1 ] DEBUG Engine               - Initializing environment variables
15:13:07.357 [FXGL Background Thread 1 ] DEBUG FXGLAssetLoaderServi - User app class for loading assets: class com.lucenstuff.fxglgames.suikagame.SuikaGame
15:13:07.358 [FXGL Background Thread 1 ] DEBUG GameApplicationServi - Applying CSS: fxgl_dark.css
15:13:07.358 [FXGL Background Thread 1 ] DEBUG FXGLAssetLoaderServi - Loading from file system: jar:file:/C:/Users/Fabrizio/.m2/repository/com/github/almasb/fxgl/21/fxgl-21.jar!/fxglassets/ui/css/fxgl_dark.css
15:13:07.392 [FXGL Background Thread 1 ] DEBUG GameApplicationServi - Initializing application scenes
15:13:07.419 [FXGL Background Thread 1 ] DEBUG GameWorld            - Game world initialized
15:13:07.474 [FXGL Background Thread 1 ] DEBUG PhysicsWorld         - Physics world initialized: appHeight=720, physics.ppm=50,0
15:13:07.474 [FXGL Background Thread 1 ] DEBUG PhysicsWorld         - Using strategy: BRUTE_FORCE
15:13:07.477 [FXGL Background Thread 1 ] DEBUG GameScene            - Game scene initialized: 1280x720
15:13:07.488 [FXGL Background Thread 1 ] DEBUG FXGL.DefaultMenu     - createMenuBodyGameMenu()
15:13:07.501 [FXGL Background Thread 1 ] DEBUG FXGL.DefaultMenu     - createOptionsMenu()
15:13:07.508 [FXGL Background Thread 1 ] DEBUG FXGLAssetLoaderServi - Loading from file system: jar:file:/C:/Users/Fabrizio/.m2/repository/com/github/almasb/fxgl/21/fxgl-21.jar!/fxglassets/textures/particles/smoke.png
15:13:07.589 [FXGL Background Thread 1 ] DEBUG FXGLAssetLoaderServi - Loading from file system: jar:file:/C:/Users/Fabrizio/.m2/repository/com/github/almasb/fxgl/21/fxgl-21.jar!/fxglassets/textures/particles/trace_horizontal.png
15:13:07.613 [FXGL Background Thread 1 ] DEBUG GameApplicationServi - Application scenes initialized
15:13:07.623 [FXGL Background Thread 1 ] DEBUG SystemBundleService  - Loading FXGL system data
15:13:07.626 [FXGL Background Thread 1 ] DEBUG FileSystemAccess     - Reading from: D:\Intellij\Project\system\fxgl.bundle
15:13:07.633 [FXGL Background Thread 1 ] DEBUG SystemBundleService  - Bundle FXGL: {}
15:13:07.633 [FXGL Background Thread 1 ] DEBUG UpdaterService       - Checking for updates
15:13:07.654 [FXGL Background Thread 4 ] DEBUG FXGLApplication      - Loading fonts
15:13:07.655 [FXGL Background Thread 4 ] DEBUG FXGLAssetLoaderServi - Loading from file system: jar:file:/C:/Users/Fabrizio/.m2/repository/com/github/almasb/fxgl/21/fxgl-21.jar!/fxglassets/ui/fonts/VarelaRound-Regular.ttf
15:13:07.655 [FXGL Background Thread 1 ] DEBUG FXGLApplication      - Loading default localization
15:13:07.656 [FXGL Background Thread 1 ] DEBUG FXGLAssetLoaderServi - Loading from file system: jar:file:/C:/Users/Fabrizio/.m2/repository/com/github/almasb/fxgl/21/fxgl-21.jar!/fxglassets/languages/english.lang
15:13:07.673 [FXGL Background Thread 1 ] INFO  FXGLApplication      - FXGL initialization took: 0,354 sec
15:13:07.674 [JavaFX Application Thread] DEBUG FXGLAssetLoaderServi - Loading from file system: file:/D:/Intellij/Project/target/classes/assets/textures/watermelon_view.png
15:13:07.682 [FXGL Background Thread 4 ] DEBUG FXGLAssetLoaderServi - Loading from file system: jar:file:/C:/Users/Fabrizio/.m2/repository/com/github/almasb/fxgl/21/fxgl-21.jar!/fxglassets/ui/fonts/Abel-Regular.ttf
15:13:07.690 [FXGL Background Thread 4 ] DEBUG FXGLAssetLoaderServi - Loading from file system: jar:file:/C:/Users/Fabrizio/.m2/repository/com/github/almasb/fxgl/21/fxgl-21.jar!/fxglassets/ui/fonts/TerminalLandMono-Regular.otf
15:13:07.690 [JavaFX Application Thread] DEBUG FXGLAssetLoaderServi - Loading from file system: jar:file:/C:/Users/Fabrizio/.m2/repository/com/github/almasb/fxgl/21/fxgl-21.jar!/fxglassets/textures/fxgl_default_cursor.png
15:13:07.697 [FXGL Background Thread 4 ] DEBUG FXGLAssetLoaderServi - Loading from file system: jar:file:/C:/Users/Fabrizio/.m2/repository/com/github/almasb/fxgl/21/fxgl-21.jar!/fxglassets/ui/fonts/Courier-Prime.ttf
15:13:07.700 [JavaFX Application Thread] DEBUG Input                - Registered new binding: Screenshot - CTRL+8
15:13:07.700 [JavaFX Application Thread] DEBUG Input                - Registered new binding: Dev Options - 1
15:13:07.701 [JavaFX Application Thread] DEBUG Input                - Registered new binding: Dev Console - 2
15:13:07.701 [JavaFX Application Thread] DEBUG Input                - Registered new binding: System info dump - CTRL+9
15:13:07.701 [JavaFX Application Thread] DEBUG Input                - Registered new binding: Restart - CTRL+R
15:13:07.702 [JavaFX Application Thread] DEBUG Input                - Registered new binding: Toggle Debug Camera - CTRL+7
15:13:07.705 [JavaFX Application Thread] DEBUG LoopRunner           - Starting loop
15:13:07.718 [JavaFX Application Thread] DEBUG LoopRunner           - Initializing JavaFX AnimationTimerLoop
15:13:07.719 [JavaFX Application Thread] DEBUG GameApplicationServi - Starting new game
15:13:07.720 [JavaFX Application Thread] DEBUG Input                - Clearing active input actions
15:13:07.728 [JavaFX Application Thread] DEBUG GameApplicationServi - Removing overlay from FXGLStartupScene and adding to FXGLLoadingScene
15:13:07.730 [JavaFX Application Thread] DEBUG PrimaryStageWindow   - FXGLStartupScene -> FXGLLoadingScene
15:13:07.730 [JavaFX Application Thread] DEBUG GameApplicationServi - Clearing previous game
15:13:07.730 [JavaFX Application Thread] DEBUG GameScene            - Clearing game scene
15:13:07.730 [JavaFX Application Thread] DEBUG GameWorld            - Clearing game world
15:13:07.731 [JavaFX Application Thread] DEBUG PhysicsWorld         - Clearing physics world
15:13:07.732 [FXGL Background Thread 4 ] DEBUG FXGLApplication      - Initializing game
15:13:07.733 [JavaFX Application Thread] DEBUG FXGLApplication      - Registering font factories with UI factory
15:13:07.756 [FXGL Background Thread 4 ] DEBUG FXGLAssetLoaderServi - Loading from file system: file:/D:/Intellij/Project/target/classes/assets/textures/background_view.png
15:13:07.785 [FXGL Background Thread 4 ] DEBUG FXGLAssetLoaderServi - Loading from file system: file:/D:/Intellij/Project/target/classes/assets/textures/container_view.png
15:13:07.812 [FXGL Background Thread 4 ] DEBUG FXGLAssetLoaderServi - Loading from file system: file:/D:/Intellij/Project/target/classes/assets/textures/ring_view.png
15:13:07.815 [FXGL Background Thread 4 ] DEBUG FXGLAssetLoaderServi - Loading from file system: file:/D:/Intellij/Project/target/classes/assets/textures/next_fruit_view.png
15:13:07.817 [FXGL Background Thread 4 ] DEBUG FXGLAssetLoaderServi - Loading from file system: file:/D:/Intellij/Project/target/classes/assets/textures/score_view.png
15:13:07.821 [FXGL Background Thread 4 ] DEBUG FXGLAssetLoaderServi - Loading from file system: file:/D:/Intellij/Project/target/classes/assets/textures/cherry_view.png
15:13:07.822 [FXGL Background Thread 4 ] DEBUG FXGLAssetLoaderServi - Loading from file system: file:/D:/Intellij/Project/target/classes/assets/textures/apple_view.png
15:13:07.823 [FXGL Background Thread 4 ] DEBUG FXGLAssetLoaderServi - Loading from file system: file:/D:/Intellij/Project/target/classes/assets/textures/strawberry_view.png
15:13:07.825 [FXGL Background Thread 4 ] INFO  FXGLApplication      - Game initialization took: 0,093 sec
15:13:07.896 [JavaFX Application Thread] DEBUG Input                - Clearing active input actions
15:13:07.906 [JavaFX Application Thread] DEBUG GameApplicationServi - Removing overlay from FXGLLoadingScene and adding to GameScene
15:13:07.909 [JavaFX Application Thread] DEBUG PrimaryStageWindow   - FXGLLoadingScene -> GameScene
15:13:08.813 [JavaFX Application Thread] DEBUG FXGLAssetLoaderServi - Loading from file system: file:/D:/Intellij/Project/target/classes/assets/textures/orange_view.png
15:13:08.815 [JavaFX Application Thread] DEBUG FXGLAssetLoaderServi - Loading from file system: file:/D:/Intellij/Project/target/classes/assets/sounds/fruit_drop.wav
15:13:09.944 [JavaFX Application Thread] DEBUG FXGLAssetLoaderServi - Loading from file system: file:/D:/Intellij/Project/target/classes/assets/textures/lemon_view.png
15:13:10.653 [FXGL Background Thread 3 ] DEBUG Engine               - Logging environment variables
15:13:10.654 [FXGL Background Thread 3 ] DEBUG Engine               - achievements: []
15:13:10.654 [FXGL Background Thread 3 ] DEBUG Engine               - actualHeight: 720.0
15:13:10.654 [FXGL Background Thread 3 ] DEBUG Engine               - actualHeightProperty: ReadOnlyDoubleProperty [value: 720.0]
15:13:10.654 [FXGL Background Thread 3 ] DEBUG Engine               - actualWidth: 1280.0
15:13:10.654 [FXGL Background Thread 3 ] DEBUG Engine               - actualWidthProperty: ReadOnlyDoubleProperty [value: 1280.0]
15:13:10.654 [FXGL Background Thread 3 ] DEBUG Engine               - appIcon: watermelon_view.png
15:13:10.654 [FXGL Background Thread 3 ] DEBUG Engine               - applicationMode: DEVELOPER
15:13:10.654 [FXGL Background Thread 3 ] DEBUG Engine               - cSSList: [fxgl_dark.css]
15:13:10.654 [FXGL Background Thread 3 ] DEBUG Engine               - collisionDetectionStrategy: BRUTE_FORCE
15:13:10.654 [FXGL Background Thread 3 ] DEBUG Engine               - configClass: Optional.empty
15:13:10.654 [FXGL Background Thread 3 ] DEBUG Engine               - credits: []
15:13:10.654 [FXGL Background Thread 3 ] DEBUG Engine               - defaultCursor: CursorInfo(imageName=fxgl_default_cursor.png, hotspotX=7.0, hotspotY=6.0)
15:13:10.655 [FXGL Background Thread 3 ] DEBUG Engine               - devBBoxColorProperty: ObjectProperty [value: 0xff0000ff]
15:13:10.655 [FXGL Background Thread 3 ] DEBUG Engine               - devEnableDebugCameraProperty: BooleanProperty [value: false]
15:13:10.655 [FXGL Background Thread 3 ] DEBUG Engine               - devSensorColorProperty: ObjectProperty [value: 0xffff00ff]
15:13:10.655 [FXGL Background Thread 3 ] DEBUG Engine               - devShowBBoxProperty: BooleanProperty [value: false]
15:13:10.655 [FXGL Background Thread 3 ] DEBUG Engine               - devShowPositionProperty: BooleanProperty [value: false]
15:13:10.655 [FXGL Background Thread 3 ] DEBUG Engine               - enabledMenuItems: []
15:13:10.655 [FXGL Background Thread 3 ] DEBUG Engine               - engineServices: [class com.almasb.fxgl.app.services.FXGLAssetLoaderService, class com.almasb.fxgl.app.FXGLApplication$GameApplicationService, class com.almasb.fxgl.app.services.FXGLDialogService, class com.almasb.fxgl.app.services.IOTaskExecutorService, class com.almasb.fxgl.io.FileSystemService, class com.almasb.fxgl.localization.LocalizationService, class com.almasb.fxgl.app.services.SystemBundleService, class com.almasb.fxgl.profile.SaveLoadService, class com.almasb.fxgl.ui.FXGLUIFactoryServiceProvider, class com.almasb.fxgl.ui.FXGLDialogFactoryServiceProvider, class com.almasb.fxgl.audio.AudioPlayer, class com.almasb.fxgl.notification.impl.NotificationServiceProvider, class com.almasb.fxgl.achievement.AchievementService, class com.almasb.fxgl.cutscene.CutsceneService, class com.almasb.fxgl.minigames.MiniGameService, class com.almasb.fxgl.net.NetService, class com.almasb.fxgl.app.services.UpdaterService, class com.almasb.fxgl.dev.DevService]
15:13:10.655 [FXGL Background Thread 3 ] DEBUG Engine               - fontGame: Abel-Regular.ttf
15:13:10.655 [FXGL Background Thread 3 ] DEBUG Engine               - fontMono: TerminalLandMono-Regular.otf
15:13:10.655 [FXGL Background Thread 3 ] DEBUG Engine               - fontSizeScaleUI: 1.0
15:13:10.655 [FXGL Background Thread 3 ] DEBUG Engine               - fontText: Courier-Prime.ttf
15:13:10.655 [FXGL Background Thread 3 ] DEBUG Engine               - fontUI: VarelaRound-Regular.ttf
15:13:10.655 [FXGL Background Thread 3 ] DEBUG Engine               - fullScreen: BooleanProperty [value: false]
15:13:10.655 [FXGL Background Thread 3 ] DEBUG Engine               - gameDifficulty: MEDIUM
15:13:10.655 [FXGL Background Thread 3 ] DEBUG Engine               - gameDifficultyProperty: ObjectProperty [value: MEDIUM]
15:13:10.655 [FXGL Background Thread 3 ] DEBUG Engine               - globalMusicVolume: 0.5
15:13:10.656 [FXGL Background Thread 3 ] DEBUG Engine               - globalMusicVolumeProperty: DoubleProperty [value: 0.5]
15:13:10.656 [FXGL Background Thread 3 ] DEBUG Engine               - globalSoundVolume: 0.5
15:13:10.656 [FXGL Background Thread 3 ] DEBUG Engine               - globalSoundVolumeProperty: DoubleProperty [value: 0.5]
15:13:10.656 [FXGL Background Thread 3 ] DEBUG Engine               - height: 720
15:13:10.656 [FXGL Background Thread 3 ] DEBUG Engine               - is3D: false
15:13:10.656 [FXGL Background Thread 3 ] DEBUG Engine               - isAndroid: false
15:13:10.656 [FXGL Background Thread 3 ] DEBUG Engine               - isBrowser: false
15:13:10.656 [FXGL Background Thread 3 ] DEBUG Engine               - isClickFeedbackEnabled: false
15:13:10.656 [FXGL Background Thread 3 ] DEBUG Engine               - isCloseConfirmation: false
15:13:10.656 [FXGL Background Thread 3 ] DEBUG Engine               - isDesktop: true
15:13:10.656 [FXGL Background Thread 3 ] DEBUG Engine               - isDeveloperMenuEnabled: true
15:13:10.656 [FXGL Background Thread 3 ] DEBUG Engine               - isEmbedded: false
15:13:10.656 [FXGL Background Thread 3 ] DEBUG Engine               - isEntityPreloadEnabled: true
15:13:10.656 [FXGL Background Thread 3 ] DEBUG Engine               - isExperimentalTiledLargeMap: false
15:13:10.656 [FXGL Background Thread 3 ] DEBUG Engine               - isFileSystemWriteAllowed: true
15:13:10.656 [FXGL Background Thread 3 ] DEBUG Engine               - isFullScreenAllowed: false
15:13:10.656 [FXGL Background Thread 3 ] DEBUG Engine               - isFullScreenFromStart: false
15:13:10.656 [FXGL Background Thread 3 ] DEBUG Engine               - isGameMenuEnabled: true
15:13:10.656 [FXGL Background Thread 3 ] DEBUG Engine               - isIOS: false
15:13:10.656 [FXGL Background Thread 3 ] DEBUG Engine               - isIntroEnabled: false
15:13:10.656 [FXGL Background Thread 3 ] DEBUG Engine               - isLinux: false
15:13:10.657 [FXGL Background Thread 3 ] DEBUG Engine               - isMac: false
15:13:10.657 [FXGL Background Thread 3 ] DEBUG Engine               - isMainMenuEnabled: false
15:13:10.657 [FXGL Background Thread 3 ] DEBUG Engine               - isManualResizeEnabled: false
15:13:10.657 [FXGL Background Thread 3 ] DEBUG Engine               - isMobile: false
15:13:10.657 [FXGL Background Thread 3 ] DEBUG Engine               - isNative: false
15:13:10.657 [FXGL Background Thread 3 ] DEBUG Engine               - isPauseMusicWhenMinimized: true
15:13:10.657 [FXGL Background Thread 3 ] DEBUG Engine               - isPreserveResizeRatio: false
15:13:10.657 [FXGL Background Thread 3 ] DEBUG Engine               - isProfilingEnabled: false
15:13:10.657 [FXGL Background Thread 3 ] DEBUG Engine               - isScaleAffectedOnResize: true
15:13:10.657 [FXGL Background Thread 3 ] DEBUG Engine               - isSingleStep: false
15:13:10.657 [FXGL Background Thread 3 ] DEBUG Engine               - isUserProfileEnabled: false
15:13:10.657 [FXGL Background Thread 3 ] DEBUG Engine               - isWindows: true
15:13:10.657 [FXGL Background Thread 3 ] DEBUG Engine               - language: ObjectProperty [value: ENGLISH]
15:13:10.657 [FXGL Background Thread 3 ] DEBUG Engine               - menuKey: ESCAPE
15:13:10.657 [FXGL Background Thread 3 ] DEBUG Engine               - mouseSensitivity: 0.2
15:13:10.657 [FXGL Background Thread 3 ] DEBUG Engine               - notificationViewClass: class com.almasb.fxgl.notification.view.XboxNotificationView
15:13:10.657 [FXGL Background Thread 3 ] DEBUG Engine               - pixelsPerMeter: 50.0
15:13:10.657 [FXGL Background Thread 3 ] DEBUG Engine               - platform: WINDOWS
15:13:10.657 [FXGL Background Thread 3 ] DEBUG Engine               - prefHeightProperty: ReadOnlyDoubleProperty [value: 720.0]
15:13:10.657 [FXGL Background Thread 3 ] DEBUG Engine               - prefWidthProperty: ReadOnlyDoubleProperty [value: 1280.0]
15:13:10.657 [FXGL Background Thread 3 ] DEBUG Engine               - profileDir: profiles/
15:13:10.657 [FXGL Background Thread 3 ] DEBUG Engine               - profileName: StringProperty [value: DEFAULT]
15:13:10.657 [FXGL Background Thread 3 ] DEBUG Engine               - randomSeed: -1
15:13:10.658 [FXGL Background Thread 3 ] DEBUG Engine               - runtimeInfo: RuntimeInfo(platform=WINDOWS, version=21, build=28.12.2023 13.35)
15:13:10.658 [FXGL Background Thread 3 ] DEBUG Engine               - saveFileExt: sav
15:13:10.658 [FXGL Background Thread 3 ] DEBUG Engine               - scaledHeightProp$fxgl: DoubleProperty [bound, value: 720.0]
15:13:10.658 [FXGL Background Thread 3 ] DEBUG Engine               - scaledWidthProp$fxgl: DoubleProperty [bound, value: 1280.0]
15:13:10.658 [FXGL Background Thread 3 ] DEBUG Engine               - sceneFactory: com.almasb.fxgl.app.scene.SceneFactory@4a3c72b8
15:13:10.658 [FXGL Background Thread 3 ] DEBUG Engine               - secondsIn24h: 60
15:13:10.658 [FXGL Background Thread 3 ] DEBUG Engine               - soundMenuBack: menu/back.wav
15:13:10.658 [FXGL Background Thread 3 ] DEBUG Engine               - soundMenuPress: menu/press.wav
15:13:10.658 [FXGL Background Thread 3 ] DEBUG Engine               - soundMenuSelect: menu/select.wav
15:13:10.658 [FXGL Background Thread 3 ] DEBUG Engine               - soundNotification: core/notification.wav
15:13:10.658 [FXGL Background Thread 3 ] DEBUG Engine               - stageStyle: DECORATED
15:13:10.658 [FXGL Background Thread 3 ] DEBUG Engine               - supportedLanguages: [ENGLISH, FRENCH, GERMAN, HUNGARIAN, RUSSIAN]
15:13:10.658 [FXGL Background Thread 3 ] DEBUG Engine               - ticksPerSecond: -1
15:13:10.658 [FXGL Background Thread 3 ] DEBUG Engine               - title: Suika FXGL
15:13:10.658 [FXGL Background Thread 3 ] DEBUG Engine               - urlGithub: https://github.com/AlmasB/FXGL
15:13:10.658 [FXGL Background Thread 3 ] DEBUG Engine               - urlLeaderboard: http://fxgl-top.herokuapp.com/
15:13:10.658 [FXGL Background Thread 3 ] DEBUG Engine               - urlPOM: https://raw.githubusercontent.com/AlmasB/FXGL/release/README.md
15:13:10.659 [FXGL Background Thread 3 ] DEBUG Engine               - userAppClass: class com.lucenstuff.fxglgames.suikagame.SuikaGame
15:13:10.659 [FXGL Background Thread 3 ] DEBUG Engine               - version: 0.1
15:13:10.659 [FXGL Background Thread 3 ] DEBUG Engine               - versionCheckDays: 7
15:13:10.659 [FXGL Background Thread 3 ] DEBUG Engine               - width: 1280
15:13:10.659 [FXGL Background Thread 3 ] DEBUG Engine               - Logging services
15:13:10.659 [FXGL Background Thread 3 ] DEBUG Engine               - class com.almasb.fxgl.app.services.FXGLAssetLoaderService
15:13:10.659 [FXGL Background Thread 3 ] DEBUG Engine               - class com.almasb.fxgl.app.FXGLApplication$GameApplicationService
15:13:10.659 [FXGL Background Thread 3 ] DEBUG Engine               - class com.almasb.fxgl.app.services.FXGLDialogService
15:13:10.659 [FXGL Background Thread 3 ] DEBUG Engine               - class com.almasb.fxgl.app.services.IOTaskExecutorService
15:13:10.659 [FXGL Background Thread 3 ] DEBUG Engine               - class com.almasb.fxgl.io.FileSystemService
15:13:10.659 [FXGL Background Thread 3 ] DEBUG Engine               - class com.almasb.fxgl.localization.LocalizationService
15:13:10.659 [FXGL Background Thread 3 ] DEBUG Engine               - class com.almasb.fxgl.app.services.SystemBundleService
15:13:10.659 [FXGL Background Thread 3 ] DEBUG Engine               - class com.almasb.fxgl.profile.SaveLoadService
15:13:10.659 [FXGL Background Thread 3 ] DEBUG Engine               - class com.almasb.fxgl.ui.FXGLUIFactoryServiceProvider
15:13:10.659 [FXGL Background Thread 3 ] DEBUG Engine               - class com.almasb.fxgl.ui.FXGLDialogFactoryServiceProvider
15:13:10.659 [FXGL Background Thread 3 ] DEBUG Engine               - class com.almasb.fxgl.audio.AudioPlayer
15:13:10.659 [FXGL Background Thread 3 ] DEBUG Engine               - class com.almasb.fxgl.notification.impl.NotificationServiceProvider
15:13:10.659 [FXGL Background Thread 3 ] DEBUG Engine               - class com.almasb.fxgl.achievement.AchievementService
15:13:10.659 [FXGL Background Thread 3 ] DEBUG Engine               - class com.almasb.fxgl.cutscene.CutsceneService
15:13:10.659 [FXGL Background Thread 3 ] DEBUG Engine               - class com.almasb.fxgl.minigames.MiniGameService
15:13:10.659 [FXGL Background Thread 3 ] DEBUG Engine               - class com.almasb.fxgl.net.NetService
15:13:10.659 [FXGL Background Thread 3 ] DEBUG Engine               - class com.almasb.fxgl.app.services.UpdaterService
15:13:10.659 [FXGL Background Thread 3 ] DEBUG Engine               - class com.almasb.fxgl.dev.DevService
15:13:10.984 [JavaFX Application Thread] DEBUG FXGLAssetLoaderServi - Loading from file system: file:/D:/Intellij/Project/target/classes/assets/textures/grape_view.png
15:13:18.311 [JavaFX Application Thread] DEBUG FXGLAssetLoaderServi - Loading from file system: file:/D:/Intellij/Project/target/classes/assets/sounds/fruit_merge.wav
15:13:50.439 [JavaFX Application Thread] DEBUG FXGLAssetLoaderServi - Loading from file system: file:/D:/Intellij/Project/target/classes/assets/textures/pear_view.png
15:13:53.619 [JavaFX Application Thread] DEBUG FXGLApplication      - Exiting FXGL
15:13:53.619 [JavaFX Application Thread] DEBUG LoopRunner           - Stopping loop
15:13:53.619 [JavaFX Application Thread] DEBUG SystemBundleService  - Saving FXGL system data
15:13:53.621 [JavaFX Application Thread] DEBUG FileSystemAccess     - Writing to: D:\Intellij\Project\system\fxgl.bundle
15:13:53.622 [JavaFX Application Thread] DEBUG Async                - Shutting down background threads
15:13:53.622 [JavaFX Application Thread] DEBUG PrimaryStageWindow   - Closing main window
15:13:53.631 [JavaFX Application Thread] DEBUG Logger               - Closing Logger
