15:49:00.881 [main                     ] DEBUG Logger               - Configured Logger
15:49:00.928 [main                     ] DEBUG GameApplication      - Logging settings
Title: Basic Game App
Version: 0.1
Width: 1280
Height: 720
Fullscreen: false
Intro: false
Profiling: false
Single step:false
App Mode: DEVELOPER
Menu Key: ESCAPE
Stage Style: DECORATED
Scene Factory: class com.almasb.fxgl.app.scene.SceneFactory

15:49:01.602 [JavaFX Application Thread] DEBUG FXGLApplication      - Initializing FXGL
15:49:01.607 [JavaFX Application Thread] INFO  Engine               - FXGL-21 (28.12.2023 13.35) on WINDOWS (J:21.0.1 FX:21.0.1)
15:49:01.607 [JavaFX Application Thread] DEBUG Engine               - JRE Vendor Name: Oracle Corporation
15:49:01.607 [JavaFX Application Thread] DEBUG Engine               - Running on OS: Windows 11 version 10.0
15:49:01.608 [JavaFX Application Thread] DEBUG Engine               - Architecture: amd64
15:49:01.608 [JavaFX Application Thread] INFO  Engine               - Source code and latest versions at: https://github.com/AlmasB/FXGL
15:49:01.608 [JavaFX Application Thread] INFO  Engine               -       Ask questions and discuss at: https://github.com/AlmasB/FXGL/discussions
15:49:01.608 [JavaFX Application Thread] INFO  Engine               -              Join the FXGL chat at: https://gitter.im/AlmasB/FXGL
15:49:01.793 [JavaFX Application Thread] DEBUG PrimaryStageWindow   - Creating a JavaFX scene
15:49:01.870 [JavaFX Application Thread] DEBUG PrimaryStageWindow   - Target settings size: 1280.0 x 720.0
15:49:01.870 [JavaFX Application Thread] DEBUG PrimaryStageWindow   - Scaled scene size:    1280.0 x 720.0
15:49:01.871 [JavaFX Application Thread] DEBUG PrimaryStageWindow   - Scaled ratio: (1.0, 1.0)
15:49:01.872 [JavaFX Application Thread] DEBUG PrimaryStageWindow   - Set initial scene to FXGLStartupScene
15:49:01.878 [JavaFX Application Thread] DEBUG PrimaryStageWindow   - Opening main window
15:49:02.012 [JavaFX Application Thread] DEBUG PrimaryStageWindow   - Window border size: (16.0, 39.0)
15:49:02.013 [JavaFX Application Thread] DEBUG PrimaryStageWindow   - Scaled size: 1280.0 x 720.0
15:49:02.013 [JavaFX Application Thread] DEBUG PrimaryStageWindow   - Scaled ratio: (1.0, 1.0)
15:49:02.014 [JavaFX Application Thread] DEBUG PrimaryStageWindow   - Scene size: 1280.0 x 720.0
15:49:02.015 [JavaFX Application Thread] DEBUG PrimaryStageWindow   - Stage size: 1296.0 x 759.0
15:49:02.027 [FXGL Background Thread 1 ] DEBUG Engine               - Initializing environment variables
15:49:02.123 [FXGL Background Thread 1 ] DEBUG FXGLAssetLoaderServi - User app class for loading assets: class com.lucenstuff.fxglgames.suikagame.SuikaGame
15:49:02.123 [FXGL Background Thread 1 ] DEBUG GameApplicationServi - Applying CSS: fxgl_dark.css
15:49:02.124 [FXGL Background Thread 1 ] DEBUG FXGLAssetLoaderServi - Loading from file system: jar:file:/C:/Users/agust/.m2/repository/com/github/almasb/fxgl/21/fxgl-21.jar!/fxglassets/ui/css/fxgl_dark.css
15:49:02.197 [FXGL Background Thread 1 ] DEBUG GameApplicationServi - Initializing application scenes
15:49:02.323 [FXGL Background Thread 1 ] DEBUG GameWorld            - Game world initialized
15:49:02.409 [FXGL Background Thread 1 ] DEBUG PhysicsWorld         - Physics world initialized: appHeight=720, physics.ppm=50,0
15:49:02.409 [FXGL Background Thread 1 ] DEBUG PhysicsWorld         - Using strategy: BRUTE_FORCE
15:49:02.413 [FXGL Background Thread 1 ] DEBUG GameScene            - Game scene initialized: 1280x720
15:49:02.431 [FXGL Background Thread 1 ] DEBUG FXGL.DefaultMenu     - createMenuBodyGameMenu()
15:49:02.454 [FXGL Background Thread 1 ] DEBUG FXGL.DefaultMenu     - createOptionsMenu()
15:49:02.471 [FXGL Background Thread 1 ] DEBUG FXGLAssetLoaderServi - Loading from file system: jar:file:/C:/Users/agust/.m2/repository/com/github/almasb/fxgl/21/fxgl-21.jar!/fxglassets/textures/particles/smoke.png
15:49:02.627 [FXGL Background Thread 1 ] DEBUG FXGLAssetLoaderServi - Loading from file system: jar:file:/C:/Users/agust/.m2/repository/com/github/almasb/fxgl/21/fxgl-21.jar!/fxglassets/textures/particles/trace_horizontal.png
15:49:02.675 [FXGL Background Thread 1 ] DEBUG GameApplicationServi - Application scenes initialized
15:49:02.699 [FXGL Background Thread 1 ] DEBUG SystemBundleService  - Loading FXGL system data
15:49:02.705 [FXGL Background Thread 1 ] DEBUG FileSystemAccess     - Reading from: C:\Users\agust\OneDrive\Escritorio\FXGLGames-master\Gravity\system\fxgl.bundle
15:49:02.720 [FXGL Background Thread 1 ] DEBUG SystemBundleService  - Bundle FXGL: {}
15:49:02.720 [FXGL Background Thread 1 ] DEBUG UpdaterService       - Checking for updates
15:49:02.777 [FXGL Background Thread 1 ] DEBUG FXGLApplication      - Loading default localization
15:49:02.778 [FXGL Background Thread 1 ] DEBUG FXGLAssetLoaderServi - Loading from file system: jar:file:/C:/Users/agust/.m2/repository/com/github/almasb/fxgl/21/fxgl-21.jar!/fxglassets/languages/english.lang
15:49:02.809 [FXGL Background Thread 1 ] INFO  FXGLApplication      - FXGL initialization took: 0,781 sec
15:49:02.810 [JavaFX Application Thread] DEBUG FXGLAssetLoaderServi - Loading from file system: jar:file:/C:/Users/agust/.m2/repository/com/github/almasb/fxgl/21/fxgl-21.jar!/fxglassets/textures/fxgl_icon.png
15:49:02.839 [FXGL Background Thread 4 ] DEBUG FXGLApplication      - Loading fonts
15:49:02.840 [FXGL Background Thread 4 ] DEBUG FXGLAssetLoaderServi - Loading from file system: jar:file:/C:/Users/agust/.m2/repository/com/github/almasb/fxgl/21/fxgl-21.jar!/fxglassets/ui/fonts/VarelaRound-Regular.ttf
15:49:02.844 [JavaFX Application Thread] DEBUG FXGLAssetLoaderServi - Loading from file system: jar:file:/C:/Users/agust/.m2/repository/com/github/almasb/fxgl/21/fxgl-21.jar!/fxglassets/textures/fxgl_default_cursor.png
15:49:02.862 [JavaFX Application Thread] DEBUG Input                - Registered new binding: Screenshot - CTRL+8
15:49:02.863 [JavaFX Application Thread] DEBUG Input                - Registered new binding: Dev Options - 1
15:49:02.865 [JavaFX Application Thread] DEBUG Input                - Registered new binding: Dev Console - 2
15:49:02.866 [JavaFX Application Thread] DEBUG Input                - Registered new binding: System info dump - CTRL+9
15:49:02.866 [JavaFX Application Thread] DEBUG Input                - Registered new binding: Restart - CTRL+R
15:49:02.867 [JavaFX Application Thread] DEBUG Input                - Registered new binding: Toggle Debug Camera - CTRL+7
15:49:02.874 [JavaFX Application Thread] DEBUG LoopRunner           - Starting loop
15:49:02.895 [JavaFX Application Thread] DEBUG LoopRunner           - Initializing JavaFX AnimationTimerLoop
15:49:02.898 [JavaFX Application Thread] DEBUG GameApplicationServi - Starting new game
15:49:02.898 [JavaFX Application Thread] DEBUG Input                - Clearing active input actions
15:49:02.919 [JavaFX Application Thread] DEBUG GameApplicationServi - Removing overlay from FXGLStartupScene and adding to FXGLLoadingScene
15:49:02.925 [JavaFX Application Thread] DEBUG PrimaryStageWindow   - FXGLStartupScene -> FXGLLoadingScene
15:49:02.925 [JavaFX Application Thread] DEBUG GameApplicationServi - Clearing previous game
15:49:02.925 [JavaFX Application Thread] DEBUG GameScene            - Clearing game scene
15:49:02.925 [JavaFX Application Thread] DEBUG GameWorld            - Clearing game world
15:49:02.926 [JavaFX Application Thread] DEBUG PhysicsWorld         - Clearing physics world
15:49:02.928 [FXGL Background Thread 1 ] DEBUG FXGLApplication      - Initializing game
15:49:02.995 [FXGL Background Thread 1 ] DEBUG FXGLAssetLoaderServi - Loading from file system: file:/C:/Users/agust/OneDrive/Escritorio/FXGLGames-master/Gravity/target/classes/assets/textures/orange.png
15:49:03.007 [FXGL Background Thread 1 ] INFO  FXGLApplication      - Game initialization took: 0,079 sec
15:49:03.029 [FXGL Background Thread 4 ] DEBUG FXGLAssetLoaderServi - Loading from file system: jar:file:/C:/Users/agust/.m2/repository/com/github/almasb/fxgl/21/fxgl-21.jar!/fxglassets/ui/fonts/Abel-Regular.ttf
15:49:03.146 [FXGL Background Thread 4 ] DEBUG FXGLAssetLoaderServi - Loading from file system: jar:file:/C:/Users/agust/.m2/repository/com/github/almasb/fxgl/21/fxgl-21.jar!/fxglassets/ui/fonts/TerminalLandMono-Regular.otf
15:49:03.197 [FXGL Background Thread 4 ] DEBUG FXGLAssetLoaderServi - Loading from file system: jar:file:/C:/Users/agust/.m2/repository/com/github/almasb/fxgl/21/fxgl-21.jar!/fxglassets/ui/fonts/Courier-Prime.ttf
15:49:03.360 [JavaFX Application Thread] DEBUG Input                - Clearing active input actions
15:49:03.377 [JavaFX Application Thread] DEBUG GameApplicationServi - Removing overlay from FXGLLoadingScene and adding to GameScene
15:49:03.385 [JavaFX Application Thread] DEBUG PrimaryStageWindow   - FXGLLoadingScene -> GameScene
15:49:03.619 [JavaFX Application Thread] DEBUG FXGLApplication      - Registering font factories with UI factory
15:49:04.668 [JavaFX Application Thread] WARN  GameWorld            - Entity is already attached to world
15:49:05.783 [FXGL Background Thread 3 ] DEBUG Engine               - Logging environment variables
15:49:05.784 [FXGL Background Thread 3 ] DEBUG Engine               - achievements: []
15:49:05.784 [FXGL Background Thread 3 ] DEBUG Engine               - actualHeight: 720.0
15:49:05.784 [FXGL Background Thread 3 ] DEBUG Engine               - actualHeightProperty: ReadOnlyDoubleProperty [value: 720.0]
15:49:05.784 [FXGL Background Thread 3 ] DEBUG Engine               - actualWidth: 1280.0
15:49:05.785 [FXGL Background Thread 3 ] DEBUG Engine               - actualWidthProperty: ReadOnlyDoubleProperty [value: 1280.0]
15:49:05.785 [FXGL Background Thread 3 ] DEBUG Engine               - appIcon: fxgl_icon.png
15:49:05.785 [FXGL Background Thread 3 ] DEBUG Engine               - applicationMode: DEVELOPER
15:49:05.785 [FXGL Background Thread 3 ] DEBUG Engine               - cSSList: [fxgl_dark.css]
15:49:05.785 [FXGL Background Thread 3 ] DEBUG Engine               - collisionDetectionStrategy: BRUTE_FORCE
15:49:05.785 [FXGL Background Thread 3 ] DEBUG Engine               - configClass: Optional.empty
15:49:05.785 [FXGL Background Thread 3 ] DEBUG Engine               - credits: []
15:49:05.786 [FXGL Background Thread 3 ] DEBUG Engine               - defaultCursor: CursorInfo(imageName=fxgl_default_cursor.png, hotspotX=7.0, hotspotY=6.0)
15:49:05.786 [FXGL Background Thread 3 ] DEBUG Engine               - devBBoxColorProperty: ObjectProperty [value: 0xff0000ff]
15:49:05.786 [FXGL Background Thread 3 ] DEBUG Engine               - devEnableDebugCameraProperty: BooleanProperty [value: false]
15:49:05.787 [FXGL Background Thread 3 ] DEBUG Engine               - devSensorColorProperty: ObjectProperty [value: 0xffff00ff]
15:49:05.787 [FXGL Background Thread 3 ] DEBUG Engine               - devShowBBoxProperty: BooleanProperty [value: false]
15:49:05.787 [FXGL Background Thread 3 ] DEBUG Engine               - devShowPositionProperty: BooleanProperty [value: false]
15:49:05.787 [FXGL Background Thread 3 ] DEBUG Engine               - enabledMenuItems: []
15:49:05.787 [FXGL Background Thread 3 ] DEBUG Engine               - engineServices: [class com.almasb.fxgl.app.services.FXGLAssetLoaderService, class com.almasb.fxgl.app.FXGLApplication$GameApplicationService, class com.almasb.fxgl.app.services.FXGLDialogService, class com.almasb.fxgl.app.services.IOTaskExecutorService, class com.almasb.fxgl.io.FileSystemService, class com.almasb.fxgl.localization.LocalizationService, class com.almasb.fxgl.app.services.SystemBundleService, class com.almasb.fxgl.profile.SaveLoadService, class com.almasb.fxgl.ui.FXGLUIFactoryServiceProvider, class com.almasb.fxgl.ui.FXGLDialogFactoryServiceProvider, class com.almasb.fxgl.audio.AudioPlayer, class com.almasb.fxgl.notification.impl.NotificationServiceProvider, class com.almasb.fxgl.achievement.AchievementService, class com.almasb.fxgl.cutscene.CutsceneService, class com.almasb.fxgl.minigames.MiniGameService, class com.almasb.fxgl.net.NetService, class com.almasb.fxgl.app.services.UpdaterService, class com.almasb.fxgl.dev.DevService]
15:49:05.787 [FXGL Background Thread 3 ] DEBUG Engine               - fontGame: Abel-Regular.ttf
15:49:05.787 [FXGL Background Thread 3 ] DEBUG Engine               - fontMono: TerminalLandMono-Regular.otf
15:49:05.787 [FXGL Background Thread 3 ] DEBUG Engine               - fontSizeScaleUI: 1.0
15:49:05.787 [FXGL Background Thread 3 ] DEBUG Engine               - fontText: Courier-Prime.ttf
15:49:05.787 [FXGL Background Thread 3 ] DEBUG Engine               - fontUI: VarelaRound-Regular.ttf
15:49:05.787 [FXGL Background Thread 3 ] DEBUG Engine               - fullScreen: BooleanProperty [value: false]
15:49:05.787 [FXGL Background Thread 3 ] DEBUG Engine               - gameDifficulty: MEDIUM
15:49:05.788 [FXGL Background Thread 3 ] DEBUG Engine               - gameDifficultyProperty: ObjectProperty [value: MEDIUM]
15:49:05.788 [FXGL Background Thread 3 ] DEBUG Engine               - globalMusicVolume: 0.5
15:49:05.788 [FXGL Background Thread 3 ] DEBUG Engine               - globalMusicVolumeProperty: DoubleProperty [value: 0.5]
15:49:05.788 [FXGL Background Thread 3 ] DEBUG Engine               - globalSoundVolume: 0.5
15:49:05.788 [FXGL Background Thread 3 ] DEBUG Engine               - globalSoundVolumeProperty: DoubleProperty [value: 0.5]
15:49:05.788 [FXGL Background Thread 3 ] DEBUG Engine               - height: 720
15:49:05.788 [FXGL Background Thread 3 ] DEBUG Engine               - is3D: false
15:49:05.788 [FXGL Background Thread 3 ] DEBUG Engine               - isAndroid: false
15:49:05.788 [FXGL Background Thread 3 ] DEBUG Engine               - isBrowser: false
15:49:05.788 [FXGL Background Thread 3 ] DEBUG Engine               - isClickFeedbackEnabled: false
15:49:05.789 [FXGL Background Thread 3 ] DEBUG Engine               - isCloseConfirmation: false
15:49:05.789 [FXGL Background Thread 3 ] DEBUG Engine               - isDesktop: true
15:49:05.789 [FXGL Background Thread 3 ] DEBUG Engine               - isDeveloperMenuEnabled: true
15:49:05.789 [FXGL Background Thread 3 ] DEBUG Engine               - isEmbedded: false
15:49:05.789 [FXGL Background Thread 3 ] DEBUG Engine               - isEntityPreloadEnabled: true
15:49:05.789 [FXGL Background Thread 3 ] DEBUG Engine               - isExperimentalTiledLargeMap: false
15:49:05.789 [FXGL Background Thread 3 ] DEBUG Engine               - isFileSystemWriteAllowed: true
15:49:05.789 [FXGL Background Thread 3 ] DEBUG Engine               - isFullScreenAllowed: false
15:49:05.789 [FXGL Background Thread 3 ] DEBUG Engine               - isFullScreenFromStart: false
15:49:05.789 [FXGL Background Thread 3 ] DEBUG Engine               - isGameMenuEnabled: true
15:49:05.789 [FXGL Background Thread 3 ] DEBUG Engine               - isIOS: false
15:49:05.790 [FXGL Background Thread 3 ] DEBUG Engine               - isIntroEnabled: false
15:49:05.790 [FXGL Background Thread 3 ] DEBUG Engine               - isLinux: false
15:49:05.790 [FXGL Background Thread 3 ] DEBUG Engine               - isMac: false
15:49:05.790 [FXGL Background Thread 3 ] DEBUG Engine               - isMainMenuEnabled: false
15:49:05.790 [FXGL Background Thread 3 ] DEBUG Engine               - isManualResizeEnabled: false
15:49:05.791 [FXGL Background Thread 3 ] DEBUG Engine               - isMobile: false
15:49:05.791 [FXGL Background Thread 3 ] DEBUG Engine               - isNative: false
15:49:05.791 [FXGL Background Thread 3 ] DEBUG Engine               - isPauseMusicWhenMinimized: true
15:49:05.791 [FXGL Background Thread 3 ] DEBUG Engine               - isPreserveResizeRatio: false
15:49:05.791 [FXGL Background Thread 3 ] DEBUG Engine               - isProfilingEnabled: false
15:49:05.791 [FXGL Background Thread 3 ] DEBUG Engine               - isScaleAffectedOnResize: true
15:49:05.792 [FXGL Background Thread 3 ] DEBUG Engine               - isSingleStep: false
15:49:05.792 [FXGL Background Thread 3 ] DEBUG Engine               - isUserProfileEnabled: false
15:49:05.792 [FXGL Background Thread 3 ] DEBUG Engine               - isWindows: true
15:49:05.792 [FXGL Background Thread 3 ] DEBUG Engine               - language: ObjectProperty [value: ENGLISH]
15:49:05.792 [FXGL Background Thread 3 ] DEBUG Engine               - menuKey: ESCAPE
15:49:05.792 [FXGL Background Thread 3 ] DEBUG Engine               - mouseSensitivity: 0.2
15:49:05.792 [FXGL Background Thread 3 ] DEBUG Engine               - notificationViewClass: class com.almasb.fxgl.notification.view.XboxNotificationView
15:49:05.792 [FXGL Background Thread 3 ] DEBUG Engine               - pixelsPerMeter: 50.0
15:49:05.792 [FXGL Background Thread 3 ] DEBUG Engine               - platform: WINDOWS
15:49:05.792 [FXGL Background Thread 3 ] DEBUG Engine               - prefHeightProperty: ReadOnlyDoubleProperty [value: 720.0]
15:49:05.792 [FXGL Background Thread 3 ] DEBUG Engine               - prefWidthProperty: ReadOnlyDoubleProperty [value: 1280.0]
15:49:05.792 [FXGL Background Thread 3 ] DEBUG Engine               - profileDir: profiles/
15:49:05.793 [FXGL Background Thread 3 ] DEBUG Engine               - profileName: StringProperty [value: DEFAULT]
15:49:05.793 [FXGL Background Thread 3 ] DEBUG Engine               - randomSeed: -1
15:49:05.793 [FXGL Background Thread 3 ] DEBUG Engine               - runtimeInfo: RuntimeInfo(platform=WINDOWS, version=21, build=28.12.2023 13.35)
15:49:05.793 [FXGL Background Thread 3 ] DEBUG Engine               - saveFileExt: sav
15:49:05.793 [FXGL Background Thread 3 ] DEBUG Engine               - scaledHeightProp$fxgl: DoubleProperty [bound, value: 720.0]
15:49:05.794 [FXGL Background Thread 3 ] DEBUG Engine               - scaledWidthProp$fxgl: DoubleProperty [bound, value: 1280.0]
15:49:05.794 [FXGL Background Thread 3 ] DEBUG Engine               - sceneFactory: com.almasb.fxgl.app.scene.SceneFactory@24ef8e36
15:49:05.794 [FXGL Background Thread 3 ] DEBUG Engine               - secondsIn24h: 60
15:49:05.794 [FXGL Background Thread 3 ] DEBUG Engine               - soundMenuBack: menu/back.wav
15:49:05.794 [FXGL Background Thread 3 ] DEBUG Engine               - soundMenuPress: menu/press.wav
15:49:05.794 [FXGL Background Thread 3 ] DEBUG Engine               - soundMenuSelect: menu/select.wav
15:49:05.795 [FXGL Background Thread 3 ] DEBUG Engine               - soundNotification: core/notification.wav
15:49:05.795 [FXGL Background Thread 3 ] DEBUG Engine               - stageStyle: DECORATED
15:49:05.795 [FXGL Background Thread 3 ] DEBUG Engine               - supportedLanguages: [ENGLISH, FRENCH, GERMAN, HUNGARIAN, RUSSIAN]
15:49:05.795 [FXGL Background Thread 3 ] DEBUG Engine               - ticksPerSecond: -1
15:49:05.796 [FXGL Background Thread 3 ] DEBUG Engine               - title: Basic Game App
15:49:05.796 [FXGL Background Thread 3 ] DEBUG Engine               - urlGithub: https://github.com/AlmasB/FXGL
15:49:05.796 [FXGL Background Thread 3 ] DEBUG Engine               - urlLeaderboard: http://fxgl-top.herokuapp.com/
15:49:05.796 [FXGL Background Thread 3 ] DEBUG Engine               - urlPOM: https://raw.githubusercontent.com/AlmasB/FXGL/release/README.md
15:49:05.796 [FXGL Background Thread 3 ] DEBUG Engine               - userAppClass: class com.lucenstuff.fxglgames.suikagame.SuikaGame
15:49:05.797 [FXGL Background Thread 3 ] DEBUG Engine               - version: 0.1
15:49:05.797 [FXGL Background Thread 3 ] DEBUG Engine               - versionCheckDays: 7
15:49:05.797 [FXGL Background Thread 3 ] DEBUG Engine               - width: 1280
15:49:05.797 [FXGL Background Thread 3 ] DEBUG Engine               - Logging services
15:49:05.798 [FXGL Background Thread 3 ] DEBUG Engine               - class com.almasb.fxgl.app.services.FXGLAssetLoaderService
15:49:05.798 [FXGL Background Thread 3 ] DEBUG Engine               - class com.almasb.fxgl.app.FXGLApplication$GameApplicationService
15:49:05.799 [FXGL Background Thread 3 ] DEBUG Engine               - class com.almasb.fxgl.app.services.FXGLDialogService
15:49:05.800 [FXGL Background Thread 3 ] DEBUG Engine               - class com.almasb.fxgl.app.services.IOTaskExecutorService
15:49:05.800 [FXGL Background Thread 3 ] DEBUG Engine               - class com.almasb.fxgl.io.FileSystemService
15:49:05.800 [FXGL Background Thread 3 ] DEBUG Engine               - class com.almasb.fxgl.localization.LocalizationService
15:49:05.801 [FXGL Background Thread 3 ] DEBUG Engine               - class com.almasb.fxgl.app.services.SystemBundleService
15:49:05.801 [FXGL Background Thread 3 ] DEBUG Engine               - class com.almasb.fxgl.profile.SaveLoadService
15:49:05.801 [FXGL Background Thread 3 ] DEBUG Engine               - class com.almasb.fxgl.ui.FXGLUIFactoryServiceProvider
15:49:05.801 [FXGL Background Thread 3 ] DEBUG Engine               - class com.almasb.fxgl.ui.FXGLDialogFactoryServiceProvider
15:49:05.801 [FXGL Background Thread 3 ] DEBUG Engine               - class com.almasb.fxgl.audio.AudioPlayer
15:49:05.801 [FXGL Background Thread 3 ] DEBUG Engine               - class com.almasb.fxgl.notification.impl.NotificationServiceProvider
15:49:05.801 [FXGL Background Thread 3 ] DEBUG Engine               - class com.almasb.fxgl.achievement.AchievementService
15:49:05.801 [FXGL Background Thread 3 ] DEBUG Engine               - class com.almasb.fxgl.cutscene.CutsceneService
15:49:05.802 [FXGL Background Thread 3 ] DEBUG Engine               - class com.almasb.fxgl.minigames.MiniGameService
15:49:05.802 [FXGL Background Thread 3 ] DEBUG Engine               - class com.almasb.fxgl.net.NetService
15:49:05.802 [FXGL Background Thread 3 ] DEBUG Engine               - class com.almasb.fxgl.app.services.UpdaterService
15:49:05.802 [FXGL Background Thread 3 ] DEBUG Engine               - class com.almasb.fxgl.dev.DevService
15:49:06.294 [JavaFX Application Thread] WARN  GameWorld            - Entity is already attached to world
15:49:07.921 [JavaFX Application Thread] WARN  GameWorld            - Entity is already attached to world
15:49:10.190 [JavaFX Application Thread] WARN  GameWorld            - Entity is already attached to world
15:49:12.279 [JavaFX Application Thread] WARN  GameWorld            - Entity is already attached to world
15:49:14.167 [JavaFX Application Thread] WARN  GameWorld            - Entity is already attached to world
15:49:14.663 [JavaFX Application Thread] WARN  GameWorld            - Entity is already attached to world
15:49:15.379 [JavaFX Application Thread] WARN  GameWorld            - Entity is already attached to world
15:49:19.750 [JavaFX Application Thread] DEBUG GameApplicationServi - Starting new game
15:49:19.751 [JavaFX Application Thread] DEBUG Input                - Clearing active input actions
15:49:19.758 [JavaFX Application Thread] DEBUG GameApplicationServi - Removing overlay from GameScene and adding to FXGLLoadingScene
15:49:19.765 [JavaFX Application Thread] DEBUG PrimaryStageWindow   - GameScene -> FXGLLoadingScene
15:49:19.765 [JavaFX Application Thread] DEBUG GameApplicationServi - Clearing previous game
15:49:19.765 [JavaFX Application Thread] DEBUG GameScene            - Clearing game scene
15:49:19.765 [JavaFX Application Thread] DEBUG GameWorld            - Clearing game world
15:49:19.770 [JavaFX Application Thread] DEBUG PhysicsWorld         - Clearing physics world
15:49:19.770 [FXGL Background Thread 2 ] DEBUG FXGLApplication      - Initializing game
15:49:19.775 [FXGL Background Thread 2 ] INFO  FXGLApplication      - Game initialization took: 0,004 sec
15:49:19.814 [JavaFX Application Thread] DEBUG Input                - Clearing active input actions
15:49:19.822 [JavaFX Application Thread] DEBUG GameApplicationServi - Removing overlay from FXGLLoadingScene and adding to GameScene
15:49:19.828 [JavaFX Application Thread] DEBUG PrimaryStageWindow   - FXGLLoadingScene -> GameScene
15:49:20.757 [JavaFX Application Thread] DEBUG FXGLApplication      - Exiting FXGL
15:49:20.757 [JavaFX Application Thread] DEBUG LoopRunner           - Stopping loop
15:49:20.757 [JavaFX Application Thread] DEBUG SystemBundleService  - Saving FXGL system data
15:49:20.760 [JavaFX Application Thread] DEBUG FileSystemAccess     - Writing to: C:\Users\agust\OneDrive\Escritorio\FXGLGames-master\Gravity\system\fxgl.bundle
15:49:20.764 [JavaFX Application Thread] DEBUG Async                - Shutting down background threads
15:49:20.764 [JavaFX Application Thread] DEBUG PrimaryStageWindow   - Closing main window
15:49:20.778 [JavaFX Application Thread] DEBUG Logger               - Closing Logger
