12:46:27.434 [main                     ] DEBUG Logger               - Configured Logger
12:46:27.493 [main                     ] DEBUG GameApplication      - Logging settings
Title: Basic Game App
Version: 0.1
Width: 1280
Height: 720
Fullscreen: false
Intro: false
Profiling: false
Single step:false
App Mode: DEVELOPER
Menu Key: ESCAPE
Stage Style: DECORATED
Scene Factory: class com.almasb.fxgl.app.scene.SceneFactory

12:46:28.332 [JavaFX Application Thread] DEBUG FXGLApplication      - Initializing FXGL
12:46:28.338 [JavaFX Application Thread] INFO  Engine               - FXGL-21 (28.12.2023 13.35) on WINDOWS (J:21.0.1 FX:21.0.1)
12:46:28.339 [JavaFX Application Thread] DEBUG Engine               - JRE Vendor Name: Oracle Corporation
12:46:28.339 [JavaFX Application Thread] DEBUG Engine               - Running on OS: Windows 11 version 10.0
12:46:28.340 [JavaFX Application Thread] DEBUG Engine               - Architecture: amd64
12:46:28.340 [JavaFX Application Thread] INFO  Engine               - Source code and latest versions at: https://github.com/AlmasB/FXGL
12:46:28.340 [JavaFX Application Thread] INFO  Engine               -       Ask questions and discuss at: https://github.com/AlmasB/FXGL/discussions
12:46:28.340 [JavaFX Application Thread] INFO  Engine               -              Join the FXGL chat at: https://gitter.im/AlmasB/FXGL
12:46:28.569 [JavaFX Application Thread] DEBUG PrimaryStageWindow   - Creating a JavaFX scene
12:46:28.668 [JavaFX Application Thread] DEBUG PrimaryStageWindow   - Target settings size: 1280.0 x 720.0
12:46:28.669 [JavaFX Application Thread] DEBUG PrimaryStageWindow   - Scaled scene size:    1280.0 x 720.0
12:46:28.669 [JavaFX Application Thread] DEBUG PrimaryStageWindow   - Scaled ratio: (1.0, 1.0)
12:46:28.671 [JavaFX Application Thread] DEBUG PrimaryStageWindow   - Set initial scene to FXGLStartupScene
12:46:28.678 [JavaFX Application Thread] DEBUG PrimaryStageWindow   - Opening main window
12:46:28.853 [JavaFX Application Thread] DEBUG PrimaryStageWindow   - Window border size: (16.0, 39.0)
12:46:28.854 [JavaFX Application Thread] DEBUG PrimaryStageWindow   - Scaled size: 1280.0 x 720.0
12:46:28.855 [JavaFX Application Thread] DEBUG PrimaryStageWindow   - Scaled ratio: (1.0, 1.0)
12:46:28.855 [JavaFX Application Thread] DEBUG PrimaryStageWindow   - Scene size: 1280.0 x 720.0
12:46:28.855 [JavaFX Application Thread] DEBUG PrimaryStageWindow   - Stage size: 1296.0 x 759.0
12:46:28.915 [FXGL Background Thread 1 ] DEBUG Engine               - Initializing environment variables
12:46:29.020 [FXGL Background Thread 1 ] DEBUG FXGLAssetLoaderServi - User app class for loading assets: class com.lucenstuff.fxglgames.suikagame.SuikaGame
12:46:29.021 [FXGL Background Thread 1 ] DEBUG GameApplicationServi - Applying CSS: fxgl_dark.css
12:46:29.022 [FXGL Background Thread 1 ] DEBUG FXGLAssetLoaderServi - Loading from file system: jar:file:/C:/Users/agust/.m2/repository/com/github/almasb/fxgl/21/fxgl-21.jar!/fxglassets/ui/css/fxgl_dark.css
12:46:29.118 [FXGL Background Thread 1 ] DEBUG GameApplicationServi - Initializing application scenes
12:46:29.327 [FXGL Background Thread 1 ] DEBUG GameWorld            - Game world initialized
12:46:29.415 [FXGL Background Thread 1 ] DEBUG PhysicsWorld         - Physics world initialized: appHeight=720, physics.ppm=50,0
12:46:29.415 [FXGL Background Thread 1 ] DEBUG PhysicsWorld         - Using strategy: BRUTE_FORCE
12:46:29.421 [FXGL Background Thread 1 ] DEBUG GameScene            - Game scene initialized: 1280x720
12:46:29.442 [FXGL Background Thread 1 ] DEBUG FXGL.DefaultMenu     - createMenuBodyGameMenu()
12:46:29.469 [FXGL Background Thread 1 ] DEBUG FXGL.DefaultMenu     - createOptionsMenu()
12:46:29.490 [FXGL Background Thread 1 ] DEBUG FXGLAssetLoaderServi - Loading from file system: jar:file:/C:/Users/agust/.m2/repository/com/github/almasb/fxgl/21/fxgl-21.jar!/fxglassets/textures/particles/smoke.png
12:46:29.673 [FXGL Background Thread 1 ] DEBUG FXGLAssetLoaderServi - Loading from file system: jar:file:/C:/Users/agust/.m2/repository/com/github/almasb/fxgl/21/fxgl-21.jar!/fxglassets/textures/particles/trace_horizontal.png
12:46:29.725 [FXGL Background Thread 1 ] DEBUG GameApplicationServi - Application scenes initialized
12:46:29.751 [FXGL Background Thread 1 ] DEBUG SystemBundleService  - Loading FXGL system data
12:46:29.759 [FXGL Background Thread 1 ] DEBUG FileSystemAccess     - Reading from: D:\Programación\JAVA\SuikaGame\system\fxgl.bundle
12:46:29.772 [FXGL Background Thread 1 ] DEBUG SystemBundleService  - Bundle FXGL: {}
12:46:29.773 [FXGL Background Thread 1 ] DEBUG UpdaterService       - Checking for updates
12:46:29.828 [FXGL Background Thread 1 ] DEBUG FXGLApplication      - Loading default localization
12:46:29.829 [FXGL Background Thread 1 ] DEBUG FXGLAssetLoaderServi - Loading from file system: jar:file:/C:/Users/agust/.m2/repository/com/github/almasb/fxgl/21/fxgl-21.jar!/fxglassets/languages/english.lang
12:46:29.862 [FXGL Background Thread 1 ] INFO  FXGLApplication      - FXGL initialization took: 0,947 sec
12:46:29.864 [JavaFX Application Thread] DEBUG FXGLAssetLoaderServi - Loading from file system: jar:file:/C:/Users/agust/.m2/repository/com/github/almasb/fxgl/21/fxgl-21.jar!/fxglassets/textures/fxgl_icon.png
12:46:29.914 [FXGL Background Thread 4 ] DEBUG FXGLApplication      - Loading fonts
12:46:29.915 [FXGL Background Thread 4 ] DEBUG FXGLAssetLoaderServi - Loading from file system: jar:file:/C:/Users/agust/.m2/repository/com/github/almasb/fxgl/21/fxgl-21.jar!/fxglassets/ui/fonts/VarelaRound-Regular.ttf
12:46:29.919 [JavaFX Application Thread] DEBUG FXGLAssetLoaderServi - Loading from file system: jar:file:/C:/Users/agust/.m2/repository/com/github/almasb/fxgl/21/fxgl-21.jar!/fxglassets/textures/fxgl_default_cursor.png
12:46:29.937 [JavaFX Application Thread] DEBUG Input                - Registered new binding: Screenshot - CTRL+8
12:46:29.938 [JavaFX Application Thread] DEBUG Input                - Registered new binding: Dev Options - 1
12:46:29.939 [JavaFX Application Thread] DEBUG Input                - Registered new binding: Dev Console - 2
12:46:29.939 [JavaFX Application Thread] DEBUG Input                - Registered new binding: System info dump - CTRL+9
12:46:29.940 [JavaFX Application Thread] DEBUG Input                - Registered new binding: Restart - CTRL+R
12:46:29.941 [JavaFX Application Thread] DEBUG Input                - Registered new binding: Toggle Debug Camera - CTRL+7
12:46:29.947 [JavaFX Application Thread] DEBUG LoopRunner           - Starting loop
12:46:30.110 [FXGL Background Thread 4 ] DEBUG FXGLAssetLoaderServi - Loading from file system: jar:file:/C:/Users/agust/.m2/repository/com/github/almasb/fxgl/21/fxgl-21.jar!/fxglassets/ui/fonts/Abel-Regular.ttf
12:46:30.116 [JavaFX Application Thread] DEBUG LoopRunner           - Initializing JavaFX AnimationTimerLoop
12:46:30.121 [JavaFX Application Thread] DEBUG GameApplicationServi - Starting new game
12:46:30.122 [JavaFX Application Thread] DEBUG Input                - Clearing active input actions
12:46:30.140 [JavaFX Application Thread] DEBUG GameApplicationServi - Removing overlay from FXGLStartupScene and adding to FXGLLoadingScene
12:46:30.146 [JavaFX Application Thread] DEBUG PrimaryStageWindow   - FXGLStartupScene -> FXGLLoadingScene
12:46:30.146 [JavaFX Application Thread] DEBUG GameApplicationServi - Clearing previous game
12:46:30.146 [JavaFX Application Thread] DEBUG GameScene            - Clearing game scene
12:46:30.146 [JavaFX Application Thread] DEBUG GameWorld            - Clearing game world
12:46:30.147 [JavaFX Application Thread] DEBUG PhysicsWorld         - Clearing physics world
12:46:30.149 [FXGL Background Thread 1 ] DEBUG FXGLApplication      - Initializing game
12:46:30.201 [FXGL Background Thread 1 ] INFO  FXGLApplication      - Game initialization took: 0,052 sec
12:46:30.227 [FXGL Background Thread 4 ] DEBUG FXGLAssetLoaderServi - Loading from file system: jar:file:/C:/Users/agust/.m2/repository/com/github/almasb/fxgl/21/fxgl-21.jar!/fxglassets/ui/fonts/TerminalLandMono-Regular.otf
12:46:30.652 [JavaFX Application Thread] DEBUG Input                - Clearing active input actions
12:46:30.672 [JavaFX Application Thread] DEBUG GameApplicationServi - Removing overlay from FXGLLoadingScene and adding to GameScene
12:46:30.700 [JavaFX Application Thread] DEBUG PrimaryStageWindow   - FXGLLoadingScene -> GameScene
12:46:30.702 [FXGL Background Thread 4 ] DEBUG FXGLAssetLoaderServi - Loading from file system: jar:file:/C:/Users/agust/.m2/repository/com/github/almasb/fxgl/21/fxgl-21.jar!/fxglassets/ui/fonts/Courier-Prime.ttf
12:46:30.890 [JavaFX Application Thread] DEBUG FXGLApplication      - Registering font factories with UI factory
12:46:32.824 [FXGL Background Thread 3 ] DEBUG Engine               - Logging environment variables
12:46:32.826 [FXGL Background Thread 3 ] DEBUG Engine               - achievements: []
12:46:32.827 [FXGL Background Thread 3 ] DEBUG Engine               - actualHeight: 720.0
12:46:32.827 [FXGL Background Thread 3 ] DEBUG Engine               - actualHeightProperty: ReadOnlyDoubleProperty [value: 720.0]
12:46:32.827 [FXGL Background Thread 3 ] DEBUG Engine               - actualWidth: 1280.0
12:46:32.828 [FXGL Background Thread 3 ] DEBUG Engine               - actualWidthProperty: ReadOnlyDoubleProperty [value: 1280.0]
12:46:32.828 [FXGL Background Thread 3 ] DEBUG Engine               - appIcon: fxgl_icon.png
12:46:32.828 [FXGL Background Thread 3 ] DEBUG Engine               - applicationMode: DEVELOPER
12:46:32.829 [FXGL Background Thread 3 ] DEBUG Engine               - cSSList: [fxgl_dark.css]
12:46:32.829 [FXGL Background Thread 3 ] DEBUG Engine               - collisionDetectionStrategy: BRUTE_FORCE
12:46:32.829 [FXGL Background Thread 3 ] DEBUG Engine               - configClass: Optional.empty
12:46:32.830 [FXGL Background Thread 3 ] DEBUG Engine               - credits: []
12:46:32.831 [FXGL Background Thread 3 ] DEBUG Engine               - defaultCursor: CursorInfo(imageName=fxgl_default_cursor.png, hotspotX=7.0, hotspotY=6.0)
12:46:32.831 [FXGL Background Thread 3 ] DEBUG Engine               - devBBoxColorProperty: ObjectProperty [value: 0xff0000ff]
12:46:32.831 [FXGL Background Thread 3 ] DEBUG Engine               - devEnableDebugCameraProperty: BooleanProperty [value: false]
12:46:32.833 [FXGL Background Thread 3 ] DEBUG Engine               - devSensorColorProperty: ObjectProperty [value: 0xffff00ff]
12:46:32.833 [FXGL Background Thread 3 ] DEBUG Engine               - devShowBBoxProperty: BooleanProperty [value: false]
12:46:32.833 [FXGL Background Thread 3 ] DEBUG Engine               - devShowPositionProperty: BooleanProperty [value: false]
12:46:32.834 [FXGL Background Thread 3 ] DEBUG Engine               - enabledMenuItems: []
12:46:32.834 [FXGL Background Thread 3 ] DEBUG Engine               - engineServices: [class com.almasb.fxgl.app.services.FXGLAssetLoaderService, class com.almasb.fxgl.app.FXGLApplication$GameApplicationService, class com.almasb.fxgl.app.services.FXGLDialogService, class com.almasb.fxgl.app.services.IOTaskExecutorService, class com.almasb.fxgl.io.FileSystemService, class com.almasb.fxgl.localization.LocalizationService, class com.almasb.fxgl.app.services.SystemBundleService, class com.almasb.fxgl.profile.SaveLoadService, class com.almasb.fxgl.ui.FXGLUIFactoryServiceProvider, class com.almasb.fxgl.ui.FXGLDialogFactoryServiceProvider, class com.almasb.fxgl.audio.AudioPlayer, class com.almasb.fxgl.notification.impl.NotificationServiceProvider, class com.almasb.fxgl.achievement.AchievementService, class com.almasb.fxgl.cutscene.CutsceneService, class com.almasb.fxgl.minigames.MiniGameService, class com.almasb.fxgl.net.NetService, class com.almasb.fxgl.app.services.UpdaterService, class com.almasb.fxgl.dev.DevService]
12:46:32.836 [FXGL Background Thread 3 ] DEBUG Engine               - fontGame: Abel-Regular.ttf
12:46:32.836 [FXGL Background Thread 3 ] DEBUG Engine               - fontMono: TerminalLandMono-Regular.otf
12:46:32.837 [FXGL Background Thread 3 ] DEBUG Engine               - fontSizeScaleUI: 1.0
12:46:32.837 [FXGL Background Thread 3 ] DEBUG Engine               - fontText: Courier-Prime.ttf
12:46:32.837 [FXGL Background Thread 3 ] DEBUG Engine               - fontUI: VarelaRound-Regular.ttf
12:46:32.837 [FXGL Background Thread 3 ] DEBUG Engine               - fullScreen: BooleanProperty [value: false]
12:46:32.838 [FXGL Background Thread 3 ] DEBUG Engine               - gameDifficulty: MEDIUM
12:46:32.838 [FXGL Background Thread 3 ] DEBUG Engine               - gameDifficultyProperty: ObjectProperty [value: MEDIUM]
12:46:32.842 [FXGL Background Thread 3 ] DEBUG Engine               - globalMusicVolume: 0.5
12:46:32.843 [FXGL Background Thread 3 ] DEBUG Engine               - globalMusicVolumeProperty: DoubleProperty [value: 0.5]
12:46:32.845 [FXGL Background Thread 3 ] DEBUG Engine               - globalSoundVolume: 0.5
12:46:32.846 [FXGL Background Thread 3 ] DEBUG Engine               - globalSoundVolumeProperty: DoubleProperty [value: 0.5]
12:46:32.846 [FXGL Background Thread 3 ] DEBUG Engine               - height: 720
12:46:32.847 [FXGL Background Thread 3 ] DEBUG Engine               - is3D: false
12:46:32.847 [FXGL Background Thread 3 ] DEBUG Engine               - isAndroid: false
12:46:32.847 [FXGL Background Thread 3 ] DEBUG Engine               - isBrowser: false
12:46:32.847 [FXGL Background Thread 3 ] DEBUG Engine               - isClickFeedbackEnabled: false
12:46:32.847 [FXGL Background Thread 3 ] DEBUG Engine               - isCloseConfirmation: false
12:46:32.848 [FXGL Background Thread 3 ] DEBUG Engine               - isDesktop: true
12:46:32.848 [FXGL Background Thread 3 ] DEBUG Engine               - isDeveloperMenuEnabled: true
12:46:32.848 [FXGL Background Thread 3 ] DEBUG Engine               - isEmbedded: false
12:46:32.848 [FXGL Background Thread 3 ] DEBUG Engine               - isEntityPreloadEnabled: true
12:46:32.848 [FXGL Background Thread 3 ] DEBUG Engine               - isExperimentalTiledLargeMap: false
12:46:32.848 [FXGL Background Thread 3 ] DEBUG Engine               - isFileSystemWriteAllowed: true
12:46:32.848 [FXGL Background Thread 3 ] DEBUG Engine               - isFullScreenAllowed: false
12:46:32.849 [FXGL Background Thread 3 ] DEBUG Engine               - isFullScreenFromStart: false
12:46:32.849 [FXGL Background Thread 3 ] DEBUG Engine               - isGameMenuEnabled: true
12:46:32.849 [FXGL Background Thread 3 ] DEBUG Engine               - isIOS: false
12:46:32.849 [FXGL Background Thread 3 ] DEBUG Engine               - isIntroEnabled: false
12:46:32.849 [FXGL Background Thread 3 ] DEBUG Engine               - isLinux: false
12:46:32.849 [FXGL Background Thread 3 ] DEBUG Engine               - isMac: false
12:46:32.850 [FXGL Background Thread 3 ] DEBUG Engine               - isMainMenuEnabled: false
12:46:32.850 [FXGL Background Thread 3 ] DEBUG Engine               - isManualResizeEnabled: false
12:46:32.850 [FXGL Background Thread 3 ] DEBUG Engine               - isMobile: false
12:46:32.850 [FXGL Background Thread 3 ] DEBUG Engine               - isNative: false
12:46:32.850 [FXGL Background Thread 3 ] DEBUG Engine               - isPauseMusicWhenMinimized: true
12:46:32.851 [FXGL Background Thread 3 ] DEBUG Engine               - isPreserveResizeRatio: false
12:46:32.851 [FXGL Background Thread 3 ] DEBUG Engine               - isProfilingEnabled: false
12:46:32.851 [FXGL Background Thread 3 ] DEBUG Engine               - isScaleAffectedOnResize: true
12:46:32.851 [FXGL Background Thread 3 ] DEBUG Engine               - isSingleStep: false
12:46:32.851 [FXGL Background Thread 3 ] DEBUG Engine               - isUserProfileEnabled: false
12:46:32.851 [FXGL Background Thread 3 ] DEBUG Engine               - isWindows: true
12:46:32.851 [FXGL Background Thread 3 ] DEBUG Engine               - language: ObjectProperty [value: ENGLISH]
12:46:32.851 [FXGL Background Thread 3 ] DEBUG Engine               - menuKey: ESCAPE
12:46:32.851 [FXGL Background Thread 3 ] DEBUG Engine               - mouseSensitivity: 0.2
12:46:32.851 [FXGL Background Thread 3 ] DEBUG Engine               - notificationViewClass: class com.almasb.fxgl.notification.view.XboxNotificationView
12:46:32.851 [FXGL Background Thread 3 ] DEBUG Engine               - pixelsPerMeter: 50.0
12:46:32.851 [FXGL Background Thread 3 ] DEBUG Engine               - platform: WINDOWS
12:46:32.852 [FXGL Background Thread 3 ] DEBUG Engine               - prefHeightProperty: ReadOnlyDoubleProperty [value: 720.0]
12:46:32.852 [FXGL Background Thread 3 ] DEBUG Engine               - prefWidthProperty: ReadOnlyDoubleProperty [value: 1280.0]
12:46:32.852 [FXGL Background Thread 3 ] DEBUG Engine               - profileDir: profiles/
12:46:32.852 [FXGL Background Thread 3 ] DEBUG Engine               - profileName: StringProperty [value: DEFAULT]
12:46:32.852 [FXGL Background Thread 3 ] DEBUG Engine               - randomSeed: -1
12:46:32.854 [FXGL Background Thread 3 ] DEBUG Engine               - runtimeInfo: RuntimeInfo(platform=WINDOWS, version=21, build=28.12.2023 13.35)
12:46:32.854 [FXGL Background Thread 3 ] DEBUG Engine               - saveFileExt: sav
12:46:32.854 [FXGL Background Thread 3 ] DEBUG Engine               - scaledHeightProp$fxgl: DoubleProperty [bound, value: 720.0]
12:46:32.854 [FXGL Background Thread 3 ] DEBUG Engine               - scaledWidthProp$fxgl: DoubleProperty [bound, value: 1280.0]
12:46:32.855 [FXGL Background Thread 3 ] DEBUG Engine               - sceneFactory: com.almasb.fxgl.app.scene.SceneFactory@33988085
12:46:32.856 [FXGL Background Thread 3 ] DEBUG Engine               - secondsIn24h: 60
12:46:32.856 [FXGL Background Thread 3 ] DEBUG Engine               - soundMenuBack: menu/back.wav
12:46:32.856 [FXGL Background Thread 3 ] DEBUG Engine               - soundMenuPress: menu/press.wav
12:46:32.856 [FXGL Background Thread 3 ] DEBUG Engine               - soundMenuSelect: menu/select.wav
12:46:32.856 [FXGL Background Thread 3 ] DEBUG Engine               - soundNotification: core/notification.wav
12:46:32.856 [FXGL Background Thread 3 ] DEBUG Engine               - stageStyle: DECORATED
12:46:32.856 [FXGL Background Thread 3 ] DEBUG Engine               - supportedLanguages: [ENGLISH, FRENCH, GERMAN, HUNGARIAN, RUSSIAN]
12:46:32.856 [FXGL Background Thread 3 ] DEBUG Engine               - ticksPerSecond: -1
12:46:32.856 [FXGL Background Thread 3 ] DEBUG Engine               - title: Basic Game App
12:46:32.857 [FXGL Background Thread 3 ] DEBUG Engine               - urlGithub: https://github.com/AlmasB/FXGL
12:46:32.857 [FXGL Background Thread 3 ] DEBUG Engine               - urlLeaderboard: http://fxgl-top.herokuapp.com/
12:46:32.857 [FXGL Background Thread 3 ] DEBUG Engine               - urlPOM: https://raw.githubusercontent.com/AlmasB/FXGL/release/README.md
12:46:32.857 [FXGL Background Thread 3 ] DEBUG Engine               - userAppClass: class com.lucenstuff.fxglgames.suikagame.SuikaGame
12:46:32.857 [FXGL Background Thread 3 ] DEBUG Engine               - version: 0.1
12:46:32.857 [FXGL Background Thread 3 ] DEBUG Engine               - versionCheckDays: 7
12:46:32.857 [FXGL Background Thread 3 ] DEBUG Engine               - width: 1280
12:46:32.857 [FXGL Background Thread 3 ] DEBUG Engine               - Logging services
12:46:32.857 [FXGL Background Thread 3 ] DEBUG Engine               - class com.almasb.fxgl.app.services.FXGLAssetLoaderService
12:46:32.858 [FXGL Background Thread 3 ] DEBUG Engine               - class com.almasb.fxgl.app.FXGLApplication$GameApplicationService
12:46:32.858 [FXGL Background Thread 3 ] DEBUG Engine               - class com.almasb.fxgl.app.services.FXGLDialogService
12:46:32.858 [FXGL Background Thread 3 ] DEBUG Engine               - class com.almasb.fxgl.app.services.IOTaskExecutorService
12:46:32.858 [FXGL Background Thread 3 ] DEBUG Engine               - class com.almasb.fxgl.io.FileSystemService
12:46:32.858 [FXGL Background Thread 3 ] DEBUG Engine               - class com.almasb.fxgl.localization.LocalizationService
12:46:32.858 [FXGL Background Thread 3 ] DEBUG Engine               - class com.almasb.fxgl.app.services.SystemBundleService
12:46:32.859 [FXGL Background Thread 3 ] DEBUG Engine               - class com.almasb.fxgl.profile.SaveLoadService
12:46:32.859 [FXGL Background Thread 3 ] DEBUG Engine               - class com.almasb.fxgl.ui.FXGLUIFactoryServiceProvider
12:46:32.859 [FXGL Background Thread 3 ] DEBUG Engine               - class com.almasb.fxgl.ui.FXGLDialogFactoryServiceProvider
12:46:32.859 [FXGL Background Thread 3 ] DEBUG Engine               - class com.almasb.fxgl.audio.AudioPlayer
12:46:32.859 [FXGL Background Thread 3 ] DEBUG Engine               - class com.almasb.fxgl.notification.impl.NotificationServiceProvider
12:46:32.859 [FXGL Background Thread 3 ] DEBUG Engine               - class com.almasb.fxgl.achievement.AchievementService
12:46:32.859 [FXGL Background Thread 3 ] DEBUG Engine               - class com.almasb.fxgl.cutscene.CutsceneService
12:46:32.859 [FXGL Background Thread 3 ] DEBUG Engine               - class com.almasb.fxgl.minigames.MiniGameService
12:46:32.859 [FXGL Background Thread 3 ] DEBUG Engine               - class com.almasb.fxgl.net.NetService
12:46:32.859 [FXGL Background Thread 3 ] DEBUG Engine               - class com.almasb.fxgl.app.services.UpdaterService
12:46:32.860 [FXGL Background Thread 3 ] DEBUG Engine               - class com.almasb.fxgl.dev.DevService
12:46:33.973 [JavaFX Application Thread] DEBUG FXGLApplication      - Exiting FXGL
12:46:33.973 [JavaFX Application Thread] DEBUG LoopRunner           - Stopping loop
12:46:33.974 [JavaFX Application Thread] DEBUG SystemBundleService  - Saving FXGL system data
12:46:33.979 [JavaFX Application Thread] DEBUG FileSystemAccess     - Writing to: D:\Programación\JAVA\SuikaGame\system\fxgl.bundle
12:46:33.983 [JavaFX Application Thread] DEBUG Async                - Shutting down background threads
12:46:33.983 [JavaFX Application Thread] DEBUG PrimaryStageWindow   - Closing main window
12:46:34.002 [JavaFX Application Thread] DEBUG Logger               - Closing Logger
