11:13:56.019 [main                     ] DEBUG Logger               - Configured Logger
11:13:56.048 [main                     ] DEBUG GameApplication      - Logging settings
Title: Suika FXGL
Version: 0.1
Width: 1280
Height: 720
Fullscreen: false
Intro: false
Profiling: false
Single step:false
App Mode: DEVELOPER
Menu Key: ESCAPE
Stage Style: DECORATED
Scene Factory: class com.almasb.fxgl.app.scene.SceneFactory

11:13:56.541 [JavaFX Application Thread] DEBUG FXGLApplication      - Initializing FXGL
11:13:56.546 [JavaFX Application Thread] INFO  Engine               - FXGL-21 (28.12.2023 13.35) on WINDOWS (J:21.0.2 FX:21.0.1)
11:13:56.546 [JavaFX Application Thread] DEBUG Engine               - JRE Vendor Name: Oracle Corporation
11:13:56.546 [JavaFX Application Thread] DEBUG Engine               - Running on OS: Windows 10 version 10.0
11:13:56.546 [JavaFX Application Thread] DEBUG Engine               - Architecture: amd64
11:13:56.546 [JavaFX Application Thread] INFO  Engine               - Source code and latest versions at: https://github.com/AlmasB/FXGL
11:13:56.547 [JavaFX Application Thread] INFO  Engine               -       Ask questions and discuss at: https://github.com/AlmasB/FXGL/discussions
11:13:56.547 [JavaFX Application Thread] INFO  Engine               -              Join the FXGL chat at: https://gitter.im/AlmasB/FXGL
11:13:56.681 [JavaFX Application Thread] DEBUG PrimaryStageWindow   - Creating a JavaFX scene
11:13:56.741 [JavaFX Application Thread] DEBUG PrimaryStageWindow   - Target settings size: 1280.0 x 720.0
11:13:56.742 [JavaFX Application Thread] DEBUG PrimaryStageWindow   - Scaled scene size:    1280.0 x 720.0
11:13:56.742 [JavaFX Application Thread] DEBUG PrimaryStageWindow   - Scaled ratio: (1.0, 1.0)
11:13:56.743 [JavaFX Application Thread] DEBUG PrimaryStageWindow   - Set initial scene to FXGLStartupScene
11:13:56.747 [JavaFX Application Thread] DEBUG PrimaryStageWindow   - Opening main window
11:13:56.842 [JavaFX Application Thread] DEBUG PrimaryStageWindow   - Window border size: (16.0, 39.0)
11:13:56.843 [JavaFX Application Thread] DEBUG PrimaryStageWindow   - Scaled size: 1280.0 x 720.0
11:13:56.844 [JavaFX Application Thread] DEBUG PrimaryStageWindow   - Scaled ratio: (1.0, 1.0)
11:13:56.844 [JavaFX Application Thread] DEBUG PrimaryStageWindow   - Scene size: 1280.0 x 720.0
11:13:56.845 [JavaFX Application Thread] DEBUG PrimaryStageWindow   - Stage size: 1296.0 x 759.0
11:13:56.853 [FXGL Background Thread 1 ] DEBUG Engine               - Initializing environment variables
11:13:56.930 [FXGL Background Thread 1 ] DEBUG FXGLAssetLoaderServi - User app class for loading assets: class com.lucenstuff.fxglgames.suikagame.SuikaGame
11:13:56.930 [FXGL Background Thread 1 ] DEBUG GameApplicationServi - Applying CSS: fxgl_dark.css
11:13:56.932 [FXGL Background Thread 1 ] DEBUG FXGLAssetLoaderServi - Loading from file system: jar:file:/C:/Users/agust/.m2/repository/com/github/almasb/fxgl/21/fxgl-21.jar!/fxglassets/ui/css/fxgl_dark.css
11:13:56.993 [FXGL Background Thread 1 ] DEBUG GameApplicationServi - Initializing application scenes
11:13:57.090 [FXGL Background Thread 1 ] DEBUG GameWorld            - Game world initialized
11:13:57.155 [FXGL Background Thread 1 ] DEBUG PhysicsWorld         - Physics world initialized: appHeight=720, physics.ppm=50,0
11:13:57.155 [FXGL Background Thread 1 ] DEBUG PhysicsWorld         - Using strategy: BRUTE_FORCE
11:13:57.159 [FXGL Background Thread 1 ] DEBUG GameScene            - Game scene initialized: 1280x720
11:13:57.174 [FXGL Background Thread 1 ] DEBUG FXGL.DefaultMenu     - createMenuBodyGameMenu()
11:13:57.192 [FXGL Background Thread 1 ] DEBUG FXGL.DefaultMenu     - createOptionsMenu()
11:13:57.203 [FXGL Background Thread 1 ] DEBUG FXGLAssetLoaderServi - Loading from file system: jar:file:/C:/Users/agust/.m2/repository/com/github/almasb/fxgl/21/fxgl-21.jar!/fxglassets/textures/particles/smoke.png
11:13:57.316 [FXGL Background Thread 1 ] DEBUG FXGLAssetLoaderServi - Loading from file system: jar:file:/C:/Users/agust/.m2/repository/com/github/almasb/fxgl/21/fxgl-21.jar!/fxglassets/textures/particles/trace_horizontal.png
11:13:57.355 [FXGL Background Thread 1 ] DEBUG GameApplicationServi - Application scenes initialized
11:13:57.372 [FXGL Background Thread 1 ] DEBUG SystemBundleService  - Loading FXGL system data
11:13:57.377 [FXGL Background Thread 1 ] DEBUG FileSystemAccess     - Reading from: D:\Programación\JAVA\SuikaGame\system\fxgl.bundle
11:13:57.387 [FXGL Background Thread 1 ] DEBUG SystemBundleService  - Bundle FXGL: {}
11:13:57.387 [FXGL Background Thread 1 ] DEBUG UpdaterService       - Checking for updates
11:13:57.434 [FXGL Background Thread 4 ] DEBUG FXGLApplication      - Loading fonts
11:13:57.434 [FXGL Background Thread 1 ] DEBUG FXGLApplication      - Loading default localization
11:13:57.435 [FXGL Background Thread 1 ] DEBUG FXGLAssetLoaderServi - Loading from file system: jar:file:/C:/Users/agust/.m2/repository/com/github/almasb/fxgl/21/fxgl-21.jar!/fxglassets/languages/english.lang
11:13:57.435 [FXGL Background Thread 4 ] DEBUG FXGLAssetLoaderServi - Loading from file system: jar:file:/C:/Users/agust/.m2/repository/com/github/almasb/fxgl/21/fxgl-21.jar!/fxglassets/ui/fonts/VarelaRound-Regular.ttf
11:13:57.471 [FXGL Background Thread 1 ] INFO  FXGLApplication      - FXGL initialization took: 0,618 sec
11:13:57.473 [JavaFX Application Thread] DEBUG FXGLAssetLoaderServi - Loading from file system: jar:file:/C:/Users/agust/.m2/repository/com/github/almasb/fxgl/21/fxgl-21.jar!/fxglassets/textures/fxgl_icon.png
11:13:57.496 [JavaFX Application Thread] DEBUG FXGLAssetLoaderServi - Loading from file system: jar:file:/C:/Users/agust/.m2/repository/com/github/almasb/fxgl/21/fxgl-21.jar!/fxglassets/textures/fxgl_default_cursor.png
11:13:57.501 [FXGL Background Thread 4 ] DEBUG FXGLAssetLoaderServi - Loading from file system: jar:file:/C:/Users/agust/.m2/repository/com/github/almasb/fxgl/21/fxgl-21.jar!/fxglassets/ui/fonts/Abel-Regular.ttf
11:13:57.529 [JavaFX Application Thread] DEBUG Input                - Registered new binding: Screenshot - CTRL+8
11:13:57.530 [JavaFX Application Thread] DEBUG Input                - Registered new binding: Dev Options - 1
11:13:57.531 [JavaFX Application Thread] DEBUG Input                - Registered new binding: Dev Console - 2
11:13:57.532 [JavaFX Application Thread] DEBUG Input                - Registered new binding: System info dump - CTRL+9
11:13:57.532 [JavaFX Application Thread] DEBUG Input                - Registered new binding: Restart - CTRL+R
11:13:57.533 [JavaFX Application Thread] DEBUG Input                - Registered new binding: Toggle Debug Camera - CTRL+7
11:13:57.536 [JavaFX Application Thread] DEBUG LoopRunner           - Starting loop
11:13:57.556 [FXGL Background Thread 4 ] DEBUG FXGLAssetLoaderServi - Loading from file system: jar:file:/C:/Users/agust/.m2/repository/com/github/almasb/fxgl/21/fxgl-21.jar!/fxglassets/ui/fonts/TerminalLandMono-Regular.otf
11:13:57.561 [JavaFX Application Thread] DEBUG LoopRunner           - Initializing JavaFX AnimationTimerLoop
11:13:57.574 [JavaFX Application Thread] DEBUG GameApplicationServi - Starting new game
11:13:57.576 [JavaFX Application Thread] DEBUG Input                - Clearing active input actions
11:13:57.596 [JavaFX Application Thread] DEBUG GameApplicationServi - Removing overlay from FXGLStartupScene and adding to FXGLLoadingScene
11:13:57.600 [JavaFX Application Thread] DEBUG PrimaryStageWindow   - FXGLStartupScene -> FXGLLoadingScene
11:13:57.600 [JavaFX Application Thread] DEBUG GameApplicationServi - Clearing previous game
11:13:57.600 [JavaFX Application Thread] DEBUG GameScene            - Clearing game scene
11:13:57.600 [JavaFX Application Thread] DEBUG GameWorld            - Clearing game world
11:13:57.600 [JavaFX Application Thread] DEBUG PhysicsWorld         - Clearing physics world
11:13:57.601 [FXGL Background Thread 1 ] DEBUG FXGLApplication      - Initializing game
11:13:57.607 [FXGL Background Thread 1 ] DEBUG FXGLAssetLoaderServi - Loading from file system: file:/D:/Programaci%c3%b3n/JAVA/SuikaGame/target/classes/assets/textures/background_view.png
11:13:57.621 [FXGL Background Thread 4 ] DEBUG FXGLAssetLoaderServi - Loading from file system: jar:file:/C:/Users/agust/.m2/repository/com/github/almasb/fxgl/21/fxgl-21.jar!/fxglassets/ui/fonts/Courier-Prime.ttf
11:13:57.650 [FXGL Background Thread 1 ] DEBUG FXGLAssetLoaderServi - Loading from file system: file:/D:/Programaci%c3%b3n/JAVA/SuikaGame/target/classes/assets/textures/container_view.png
11:13:57.701 [FXGL Background Thread 1 ] DEBUG FXGLAssetLoaderServi - Loading from file system: file:/D:/Programaci%c3%b3n/JAVA/SuikaGame/target/classes/assets/textures/ring_view.png
11:13:57.705 [FXGL Background Thread 1 ] DEBUG FXGLAssetLoaderServi - Loading from file system: file:/D:/Programaci%c3%b3n/JAVA/SuikaGame/target/classes/assets/textures/next_fruit_view.png
11:13:57.708 [FXGL Background Thread 1 ] DEBUG FXGLAssetLoaderServi - Loading from file system: file:/D:/Programaci%c3%b3n/JAVA/SuikaGame/target/classes/assets/textures/score_view.png
11:13:57.710 [FXGL Background Thread 1 ] INFO  FXGLApplication      - Game initialization took: 0,108 sec
11:13:57.890 [JavaFX Application Thread] DEBUG FXGLApplication      - Registering font factories with UI factory
11:13:57.894 [JavaFX Application Thread] DEBUG Input                - Clearing active input actions
11:13:57.904 [JavaFX Application Thread] DEBUG GameApplicationServi - Removing overlay from FXGLLoadingScene and adding to GameScene
11:13:57.909 [JavaFX Application Thread] DEBUG PrimaryStageWindow   - FXGLLoadingScene -> GameScene
11:14:00.433 [FXGL Background Thread 3 ] DEBUG Engine               - Logging environment variables
11:14:00.434 [FXGL Background Thread 3 ] DEBUG Engine               - achievements: []
11:14:00.434 [FXGL Background Thread 3 ] DEBUG Engine               - actualHeight: 720.0
11:14:00.434 [FXGL Background Thread 3 ] DEBUG Engine               - actualHeightProperty: ReadOnlyDoubleProperty [value: 720.0]
11:14:00.434 [FXGL Background Thread 3 ] DEBUG Engine               - actualWidth: 1280.0
11:14:00.434 [FXGL Background Thread 3 ] DEBUG Engine               - actualWidthProperty: ReadOnlyDoubleProperty [value: 1280.0]
11:14:00.434 [FXGL Background Thread 3 ] DEBUG Engine               - appIcon: fxgl_icon.png
11:14:00.434 [FXGL Background Thread 3 ] DEBUG Engine               - applicationMode: DEVELOPER
11:14:00.435 [FXGL Background Thread 3 ] DEBUG Engine               - cSSList: [fxgl_dark.css]
11:14:00.435 [FXGL Background Thread 3 ] DEBUG Engine               - collisionDetectionStrategy: BRUTE_FORCE
11:14:00.435 [FXGL Background Thread 3 ] DEBUG Engine               - configClass: Optional.empty
11:14:00.435 [FXGL Background Thread 3 ] DEBUG Engine               - credits: []
11:14:00.435 [FXGL Background Thread 3 ] DEBUG Engine               - defaultCursor: CursorInfo(imageName=fxgl_default_cursor.png, hotspotX=7.0, hotspotY=6.0)
11:14:00.435 [FXGL Background Thread 3 ] DEBUG Engine               - devBBoxColorProperty: ObjectProperty [value: 0xff0000ff]
11:14:00.435 [FXGL Background Thread 3 ] DEBUG Engine               - devEnableDebugCameraProperty: BooleanProperty [value: false]
11:14:00.435 [FXGL Background Thread 3 ] DEBUG Engine               - devSensorColorProperty: ObjectProperty [value: 0xffff00ff]
11:14:00.436 [FXGL Background Thread 3 ] DEBUG Engine               - devShowBBoxProperty: BooleanProperty [value: false]
11:14:00.436 [FXGL Background Thread 3 ] DEBUG Engine               - devShowPositionProperty: BooleanProperty [value: false]
11:14:00.436 [FXGL Background Thread 3 ] DEBUG Engine               - enabledMenuItems: []
11:14:00.436 [FXGL Background Thread 3 ] DEBUG Engine               - engineServices: [class com.almasb.fxgl.app.services.FXGLAssetLoaderService, class com.almasb.fxgl.app.FXGLApplication$GameApplicationService, class com.almasb.fxgl.app.services.FXGLDialogService, class com.almasb.fxgl.app.services.IOTaskExecutorService, class com.almasb.fxgl.io.FileSystemService, class com.almasb.fxgl.localization.LocalizationService, class com.almasb.fxgl.app.services.SystemBundleService, class com.almasb.fxgl.profile.SaveLoadService, class com.almasb.fxgl.ui.FXGLUIFactoryServiceProvider, class com.almasb.fxgl.ui.FXGLDialogFactoryServiceProvider, class com.almasb.fxgl.audio.AudioPlayer, class com.almasb.fxgl.notification.impl.NotificationServiceProvider, class com.almasb.fxgl.achievement.AchievementService, class com.almasb.fxgl.cutscene.CutsceneService, class com.almasb.fxgl.minigames.MiniGameService, class com.almasb.fxgl.net.NetService, class com.almasb.fxgl.app.services.UpdaterService, class com.almasb.fxgl.dev.DevService]
11:14:00.436 [FXGL Background Thread 3 ] DEBUG Engine               - fontGame: Abel-Regular.ttf
11:14:00.436 [FXGL Background Thread 3 ] DEBUG Engine               - fontMono: TerminalLandMono-Regular.otf
11:14:00.436 [FXGL Background Thread 3 ] DEBUG Engine               - fontSizeScaleUI: 1.0
11:14:00.436 [FXGL Background Thread 3 ] DEBUG Engine               - fontText: Courier-Prime.ttf
11:14:00.436 [FXGL Background Thread 3 ] DEBUG Engine               - fontUI: VarelaRound-Regular.ttf
11:14:00.436 [FXGL Background Thread 3 ] DEBUG Engine               - fullScreen: BooleanProperty [value: false]
11:14:00.436 [FXGL Background Thread 3 ] DEBUG Engine               - gameDifficulty: MEDIUM
11:14:00.437 [FXGL Background Thread 3 ] DEBUG Engine               - gameDifficultyProperty: ObjectProperty [value: MEDIUM]
11:14:00.437 [FXGL Background Thread 3 ] DEBUG Engine               - globalMusicVolume: 0.5
11:14:00.437 [FXGL Background Thread 3 ] DEBUG Engine               - globalMusicVolumeProperty: DoubleProperty [value: 0.5]
11:14:00.437 [FXGL Background Thread 3 ] DEBUG Engine               - globalSoundVolume: 0.5
11:14:00.437 [FXGL Background Thread 3 ] DEBUG Engine               - globalSoundVolumeProperty: DoubleProperty [value: 0.5]
11:14:00.437 [FXGL Background Thread 3 ] DEBUG Engine               - height: 720
11:14:00.437 [FXGL Background Thread 3 ] DEBUG Engine               - is3D: false
11:14:00.437 [FXGL Background Thread 3 ] DEBUG Engine               - isAndroid: false
11:14:00.437 [FXGL Background Thread 3 ] DEBUG Engine               - isBrowser: false
11:14:00.437 [FXGL Background Thread 3 ] DEBUG Engine               - isClickFeedbackEnabled: false
11:14:00.437 [FXGL Background Thread 3 ] DEBUG Engine               - isCloseConfirmation: false
11:14:00.437 [FXGL Background Thread 3 ] DEBUG Engine               - isDesktop: true
11:14:00.437 [FXGL Background Thread 3 ] DEBUG Engine               - isDeveloperMenuEnabled: true
11:14:00.438 [FXGL Background Thread 3 ] DEBUG Engine               - isEmbedded: false
11:14:00.438 [FXGL Background Thread 3 ] DEBUG Engine               - isEntityPreloadEnabled: true
11:14:00.438 [FXGL Background Thread 3 ] DEBUG Engine               - isExperimentalTiledLargeMap: false
11:14:00.438 [FXGL Background Thread 3 ] DEBUG Engine               - isFileSystemWriteAllowed: true
11:14:00.438 [FXGL Background Thread 3 ] DEBUG Engine               - isFullScreenAllowed: false
11:14:00.438 [FXGL Background Thread 3 ] DEBUG Engine               - isFullScreenFromStart: false
11:14:00.438 [FXGL Background Thread 3 ] DEBUG Engine               - isGameMenuEnabled: true
11:14:00.438 [FXGL Background Thread 3 ] DEBUG Engine               - isIOS: false
11:14:00.438 [FXGL Background Thread 3 ] DEBUG Engine               - isIntroEnabled: false
11:14:00.438 [FXGL Background Thread 3 ] DEBUG Engine               - isLinux: false
11:14:00.438 [FXGL Background Thread 3 ] DEBUG Engine               - isMac: false
11:14:00.438 [FXGL Background Thread 3 ] DEBUG Engine               - isMainMenuEnabled: false
11:14:00.438 [FXGL Background Thread 3 ] DEBUG Engine               - isManualResizeEnabled: false
11:14:00.439 [FXGL Background Thread 3 ] DEBUG Engine               - isMobile: false
11:14:00.439 [FXGL Background Thread 3 ] DEBUG Engine               - isNative: false
11:14:00.439 [FXGL Background Thread 3 ] DEBUG Engine               - isPauseMusicWhenMinimized: true
11:14:00.440 [FXGL Background Thread 3 ] DEBUG Engine               - isPreserveResizeRatio: false
11:14:00.440 [FXGL Background Thread 3 ] DEBUG Engine               - isProfilingEnabled: false
11:14:00.440 [FXGL Background Thread 3 ] DEBUG Engine               - isScaleAffectedOnResize: true
11:14:00.440 [FXGL Background Thread 3 ] DEBUG Engine               - isSingleStep: false
11:14:00.440 [FXGL Background Thread 3 ] DEBUG Engine               - isUserProfileEnabled: false
11:14:00.440 [FXGL Background Thread 3 ] DEBUG Engine               - isWindows: true
11:14:00.440 [FXGL Background Thread 3 ] DEBUG Engine               - language: ObjectProperty [value: ENGLISH]
11:14:00.440 [FXGL Background Thread 3 ] DEBUG Engine               - menuKey: ESCAPE
11:14:00.440 [FXGL Background Thread 3 ] DEBUG Engine               - mouseSensitivity: 0.2
11:14:00.440 [FXGL Background Thread 3 ] DEBUG Engine               - notificationViewClass: class com.almasb.fxgl.notification.view.XboxNotificationView
11:14:00.440 [FXGL Background Thread 3 ] DEBUG Engine               - pixelsPerMeter: 50.0
11:14:00.440 [FXGL Background Thread 3 ] DEBUG Engine               - platform: WINDOWS
11:14:00.440 [FXGL Background Thread 3 ] DEBUG Engine               - prefHeightProperty: ReadOnlyDoubleProperty [value: 720.0]
11:14:00.440 [FXGL Background Thread 3 ] DEBUG Engine               - prefWidthProperty: ReadOnlyDoubleProperty [value: 1280.0]
11:14:00.440 [FXGL Background Thread 3 ] DEBUG Engine               - profileDir: profiles/
11:14:00.441 [FXGL Background Thread 3 ] DEBUG Engine               - profileName: StringProperty [value: DEFAULT]
11:14:00.441 [FXGL Background Thread 3 ] DEBUG Engine               - randomSeed: -1
11:14:00.441 [FXGL Background Thread 3 ] DEBUG Engine               - runtimeInfo: RuntimeInfo(platform=WINDOWS, version=21, build=28.12.2023 13.35)
11:14:00.441 [FXGL Background Thread 3 ] DEBUG Engine               - saveFileExt: sav
11:14:00.441 [FXGL Background Thread 3 ] DEBUG Engine               - scaledHeightProp$fxgl: DoubleProperty [bound, value: 720.0]
11:14:00.441 [FXGL Background Thread 3 ] DEBUG Engine               - scaledWidthProp$fxgl: DoubleProperty [bound, value: 1280.0]
11:14:00.441 [FXGL Background Thread 3 ] DEBUG Engine               - sceneFactory: com.almasb.fxgl.app.scene.SceneFactory@7902080
11:14:00.441 [FXGL Background Thread 3 ] DEBUG Engine               - secondsIn24h: 60
11:14:00.441 [FXGL Background Thread 3 ] DEBUG Engine               - soundMenuBack: menu/back.wav
11:14:00.441 [FXGL Background Thread 3 ] DEBUG Engine               - soundMenuPress: menu/press.wav
11:14:00.442 [FXGL Background Thread 3 ] DEBUG Engine               - soundMenuSelect: menu/select.wav
11:14:00.442 [FXGL Background Thread 3 ] DEBUG Engine               - soundNotification: core/notification.wav
11:14:00.442 [FXGL Background Thread 3 ] DEBUG Engine               - stageStyle: DECORATED
11:14:00.442 [FXGL Background Thread 3 ] DEBUG Engine               - supportedLanguages: [ENGLISH, FRENCH, GERMAN, HUNGARIAN, RUSSIAN]
11:14:00.442 [FXGL Background Thread 3 ] DEBUG Engine               - ticksPerSecond: -1
11:14:00.442 [FXGL Background Thread 3 ] DEBUG Engine               - title: Suika FXGL
11:14:00.442 [FXGL Background Thread 3 ] DEBUG Engine               - urlGithub: https://github.com/AlmasB/FXGL
11:14:00.442 [FXGL Background Thread 3 ] DEBUG Engine               - urlLeaderboard: http://fxgl-top.herokuapp.com/
11:14:00.442 [FXGL Background Thread 3 ] DEBUG Engine               - urlPOM: https://raw.githubusercontent.com/AlmasB/FXGL/release/README.md
11:14:00.442 [FXGL Background Thread 3 ] DEBUG Engine               - userAppClass: class com.lucenstuff.fxglgames.suikagame.SuikaGame
11:14:00.442 [FXGL Background Thread 3 ] DEBUG Engine               - version: 0.1
11:14:00.442 [FXGL Background Thread 3 ] DEBUG Engine               - versionCheckDays: 7
11:14:00.442 [FXGL Background Thread 3 ] DEBUG Engine               - width: 1280
11:14:00.442 [FXGL Background Thread 3 ] DEBUG Engine               - Logging services
11:14:00.442 [FXGL Background Thread 3 ] DEBUG Engine               - class com.almasb.fxgl.app.services.FXGLAssetLoaderService
11:14:00.442 [FXGL Background Thread 3 ] DEBUG Engine               - class com.almasb.fxgl.app.FXGLApplication$GameApplicationService
11:14:00.442 [FXGL Background Thread 3 ] DEBUG Engine               - class com.almasb.fxgl.app.services.FXGLDialogService
11:14:00.443 [FXGL Background Thread 3 ] DEBUG Engine               - class com.almasb.fxgl.app.services.IOTaskExecutorService
11:14:00.443 [FXGL Background Thread 3 ] DEBUG Engine               - class com.almasb.fxgl.io.FileSystemService
11:14:00.443 [FXGL Background Thread 3 ] DEBUG Engine               - class com.almasb.fxgl.localization.LocalizationService
11:14:00.443 [FXGL Background Thread 3 ] DEBUG Engine               - class com.almasb.fxgl.app.services.SystemBundleService
11:14:00.443 [FXGL Background Thread 3 ] DEBUG Engine               - class com.almasb.fxgl.profile.SaveLoadService
11:14:00.443 [FXGL Background Thread 3 ] DEBUG Engine               - class com.almasb.fxgl.ui.FXGLUIFactoryServiceProvider
11:14:00.443 [FXGL Background Thread 3 ] DEBUG Engine               - class com.almasb.fxgl.ui.FXGLDialogFactoryServiceProvider
11:14:00.443 [FXGL Background Thread 3 ] DEBUG Engine               - class com.almasb.fxgl.audio.AudioPlayer
11:14:00.443 [FXGL Background Thread 3 ] DEBUG Engine               - class com.almasb.fxgl.notification.impl.NotificationServiceProvider
11:14:00.443 [FXGL Background Thread 3 ] DEBUG Engine               - class com.almasb.fxgl.achievement.AchievementService
11:14:00.443 [FXGL Background Thread 3 ] DEBUG Engine               - class com.almasb.fxgl.cutscene.CutsceneService
11:14:00.443 [FXGL Background Thread 3 ] DEBUG Engine               - class com.almasb.fxgl.minigames.MiniGameService
11:14:00.443 [FXGL Background Thread 3 ] DEBUG Engine               - class com.almasb.fxgl.net.NetService
11:14:00.443 [FXGL Background Thread 3 ] DEBUG Engine               - class com.almasb.fxgl.app.services.UpdaterService
11:14:00.443 [FXGL Background Thread 3 ] DEBUG Engine               - class com.almasb.fxgl.dev.DevService
11:14:07.060 [JavaFX Application Thread] DEBUG FXGLApplication      - Exiting FXGL
11:14:07.060 [JavaFX Application Thread] DEBUG LoopRunner           - Stopping loop
11:14:07.060 [JavaFX Application Thread] DEBUG SystemBundleService  - Saving FXGL system data
11:14:07.062 [JavaFX Application Thread] DEBUG FileSystemAccess     - Writing to: D:\Programación\JAVA\SuikaGame\system\fxgl.bundle
11:14:07.064 [JavaFX Application Thread] DEBUG Async                - Shutting down background threads
11:14:07.065 [JavaFX Application Thread] DEBUG PrimaryStageWindow   - Closing main window
11:14:07.096 [JavaFX Application Thread] DEBUG Logger               - Closing Logger
