22:04:37.096 [main                     ] DEBUG Logger               - Configured Logger
22:04:37.115 [main                     ] DEBUG GameApplication      - Logging settings
Title: Suika FXGL
Version: 0.1
Width: 1280
Height: 720
Fullscreen: false
Intro: false
Profiling: false
Single step:false
App Mode: DEVELOPER
Menu Key: ESCAPE
Stage Style: DECORATED
Scene Factory: class com.almasb.fxgl.app.scene.SceneFactory

22:04:37.526 [JavaFX Application Thread] DEBUG FXGLApplication      - Initializing FXGL
22:04:37.530 [JavaFX Application Thread] INFO  Engine               - FXGL-21 (28.12.2023 13.35) on WINDOWS (J:21.0.2 FX:21.0.1)
22:04:37.530 [JavaFX Application Thread] DEBUG Engine               - JRE Vendor Name: Oracle Corporation
22:04:37.531 [JavaFX Application Thread] DEBUG Engine               - Running on OS: Windows 10 version 10.0
22:04:37.531 [JavaFX Application Thread] DEBUG Engine               - Architecture: amd64
22:04:37.531 [JavaFX Application Thread] INFO  Engine               - Source code and latest versions at: https://github.com/AlmasB/FXGL
22:04:37.531 [JavaFX Application Thread] INFO  Engine               -       Ask questions and discuss at: https://github.com/AlmasB/FXGL/discussions
22:04:37.531 [JavaFX Application Thread] INFO  Engine               -              Join the FXGL chat at: https://gitter.im/AlmasB/FXGL
22:04:37.619 [JavaFX Application Thread] DEBUG PrimaryStageWindow   - Creating a JavaFX scene
22:04:37.658 [JavaFX Application Thread] DEBUG PrimaryStageWindow   - Target settings size: 1280.0 x 720.0
22:04:37.658 [JavaFX Application Thread] DEBUG PrimaryStageWindow   - Scaled scene size:    1280.0 x 720.0
22:04:37.658 [JavaFX Application Thread] DEBUG PrimaryStageWindow   - Scaled ratio: (1.0, 1.0)
22:04:37.659 [JavaFX Application Thread] DEBUG PrimaryStageWindow   - Set initial scene to FXGLStartupScene
22:04:37.662 [JavaFX Application Thread] DEBUG PrimaryStageWindow   - Opening main window
22:04:37.728 [JavaFX Application Thread] DEBUG PrimaryStageWindow   - Window border size: (16.0, 39.0)
22:04:37.728 [JavaFX Application Thread] DEBUG PrimaryStageWindow   - Scaled size: 1280.0 x 720.0
22:04:37.729 [JavaFX Application Thread] DEBUG PrimaryStageWindow   - Scaled ratio: (1.0, 1.0)
22:04:37.729 [JavaFX Application Thread] DEBUG PrimaryStageWindow   - Scene size: 1280.0 x 720.0
22:04:37.729 [JavaFX Application Thread] DEBUG PrimaryStageWindow   - Stage size: 1296.0 x 759.0
22:04:37.734 [FXGL Background Thread 1 ] DEBUG Engine               - Initializing environment variables
22:04:37.773 [FXGL Background Thread 1 ] DEBUG FXGLAssetLoaderServi - User app class for loading assets: class com.lucenstuff.fxglgames.suikagame.SuikaGame
22:04:37.773 [FXGL Background Thread 1 ] DEBUG GameApplicationServi - Applying CSS: fxgl_dark.css
22:04:37.774 [FXGL Background Thread 1 ] DEBUG FXGLAssetLoaderServi - Loading from file system: jar:file:/C:/Users/Fabrizio/.m2/repository/com/github/almasb/fxgl/21/fxgl-21.jar!/fxglassets/ui/css/fxgl_dark.css
22:04:37.807 [FXGL Background Thread 1 ] DEBUG GameApplicationServi - Initializing application scenes
22:04:37.829 [FXGL Background Thread 1 ] DEBUG GameWorld            - Game world initialized
22:04:37.877 [FXGL Background Thread 1 ] DEBUG PhysicsWorld         - Physics world initialized: appHeight=720, physics.ppm=50,0
22:04:37.878 [FXGL Background Thread 1 ] DEBUG PhysicsWorld         - Using strategy: BRUTE_FORCE
22:04:37.881 [FXGL Background Thread 1 ] DEBUG GameScene            - Game scene initialized: 1280x720
22:04:37.891 [FXGL Background Thread 1 ] DEBUG FXGL.DefaultMenu     - createMenuBodyGameMenu()
22:04:37.904 [FXGL Background Thread 1 ] DEBUG FXGL.DefaultMenu     - createOptionsMenu()
22:04:37.911 [FXGL Background Thread 1 ] DEBUG FXGLAssetLoaderServi - Loading from file system: jar:file:/C:/Users/Fabrizio/.m2/repository/com/github/almasb/fxgl/21/fxgl-21.jar!/fxglassets/textures/particles/smoke.png
22:04:37.991 [FXGL Background Thread 1 ] DEBUG FXGLAssetLoaderServi - Loading from file system: jar:file:/C:/Users/Fabrizio/.m2/repository/com/github/almasb/fxgl/21/fxgl-21.jar!/fxglassets/textures/particles/trace_horizontal.png
22:04:38.012 [FXGL Background Thread 1 ] DEBUG GameApplicationServi - Application scenes initialized
22:04:38.022 [FXGL Background Thread 1 ] DEBUG SystemBundleService  - Loading FXGL system data
22:04:38.026 [FXGL Background Thread 1 ] DEBUG FileSystemAccess     - Reading from: D:\Intellij\Project\system\fxgl.bundle
22:04:38.034 [FXGL Background Thread 1 ] DEBUG SystemBundleService  - Bundle FXGL: {}
22:04:38.034 [FXGL Background Thread 1 ] DEBUG UpdaterService       - Checking for updates
22:04:38.053 [FXGL Background Thread 4 ] DEBUG FXGLApplication      - Loading fonts
22:04:38.054 [FXGL Background Thread 4 ] DEBUG FXGLAssetLoaderServi - Loading from file system: jar:file:/C:/Users/Fabrizio/.m2/repository/com/github/almasb/fxgl/21/fxgl-21.jar!/fxglassets/ui/fonts/VarelaRound-Regular.ttf
22:04:38.054 [FXGL Background Thread 1 ] DEBUG FXGLApplication      - Loading default localization
22:04:38.054 [FXGL Background Thread 1 ] DEBUG FXGLAssetLoaderServi - Loading from file system: jar:file:/C:/Users/Fabrizio/.m2/repository/com/github/almasb/fxgl/21/fxgl-21.jar!/fxglassets/languages/english.lang
22:04:38.067 [FXGL Background Thread 1 ] INFO  FXGLApplication      - FXGL initialization took: 0,332 sec
22:04:38.067 [JavaFX Application Thread] DEBUG FXGLAssetLoaderServi - Loading from file system: file:/D:/Intellij/Project/target/classes/assets/textures/watermelon_view.png
22:04:38.078 [FXGL Background Thread 4 ] DEBUG FXGLAssetLoaderServi - Loading from file system: jar:file:/C:/Users/Fabrizio/.m2/repository/com/github/almasb/fxgl/21/fxgl-21.jar!/fxglassets/ui/fonts/Abel-Regular.ttf
22:04:38.081 [JavaFX Application Thread] DEBUG FXGLAssetLoaderServi - Loading from file system: jar:file:/C:/Users/Fabrizio/.m2/repository/com/github/almasb/fxgl/21/fxgl-21.jar!/fxglassets/textures/fxgl_default_cursor.png
22:04:38.086 [FXGL Background Thread 4 ] DEBUG FXGLAssetLoaderServi - Loading from file system: jar:file:/C:/Users/Fabrizio/.m2/repository/com/github/almasb/fxgl/21/fxgl-21.jar!/fxglassets/ui/fonts/TerminalLandMono-Regular.otf
22:04:38.090 [JavaFX Application Thread] DEBUG Input                - Registered new binding: Screenshot - CTRL+8
22:04:38.091 [JavaFX Application Thread] DEBUG Input                - Registered new binding: Dev Options - 1
22:04:38.091 [JavaFX Application Thread] DEBUG Input                - Registered new binding: Dev Console - 2
22:04:38.092 [JavaFX Application Thread] DEBUG Input                - Registered new binding: System info dump - CTRL+9
22:04:38.092 [JavaFX Application Thread] DEBUG Input                - Registered new binding: Restart - CTRL+R
22:04:38.092 [JavaFX Application Thread] DEBUG Input                - Registered new binding: Toggle Debug Camera - CTRL+7
22:04:38.094 [FXGL Background Thread 4 ] DEBUG FXGLAssetLoaderServi - Loading from file system: jar:file:/C:/Users/Fabrizio/.m2/repository/com/github/almasb/fxgl/21/fxgl-21.jar!/fxglassets/ui/fonts/Courier-Prime.ttf
22:04:38.095 [JavaFX Application Thread] DEBUG LoopRunner           - Starting loop
22:04:38.095 [FXGL Background Thread 4 ] WARN  FXGLAssetLoaderServi - Failed to load jar:file:/C:/Users/Fabrizio/.m2/repository/com/github/almasb/fxgl/21/fxgl-21.jar!/fxglassets/ui/fonts/Courier-Prime.ttf
java.util.ConcurrentModificationException
	at java.base/java.util.ArrayList$Itr.checkForComodification(ArrayList.java:1095)
	at java.base/java.util.ArrayList$Itr.next(ArrayList.java:1049)
	at com.almasb.fxgl.logging.Logger$Companion.doLog(Logger.kt:281)
	at com.almasb.fxgl.logging.Logger$Companion.access$doLog(Logger.kt:22)
	at com.almasb.fxgl.logging.Logger.debug(Logger.kt:200)
	at com.almasb.fxgl.app.services.FXGLAssetLoaderService.load(FXGLAssetLoaderService.kt:545)
	at com.almasb.fxgl.app.services.FXGLAssetLoaderService.load(FXGLAssetLoaderService.kt:524)
	at com.almasb.fxgl.app.services.FXGLAssetLoaderService.load(FXGLAssetLoaderService.kt:513)
	at com.almasb.fxgl.app.services.FXGLAssetLoaderService.loadFont(FXGLAssetLoaderService.kt:397)
	at com.almasb.fxgl.app.FXGLApplication.postServicesInit$lambda$6(FXGLApplication.kt:164)
	at com.almasb.fxgl.core.concurrent.Async.startAsync$lambda$0(Concurrent.kt:40)
	at com.almasb.fxgl.core.concurrent.Coroutine._init_$lambda$1(Concurrent.kt:83)
	at java.base/java.util.concurrent.Executors$RunnableAdapter.call(Executors.java:572)
	at java.base/java.util.concurrent.FutureTask.run(FutureTask.java:317)
	at java.base/java.util.concurrent.ThreadPoolExecutor.runWorker(ThreadPoolExecutor.java:1144)
	at java.base/java.util.concurrent.ThreadPoolExecutor$Worker.run(ThreadPoolExecutor.java:642)
	at java.base/java.lang.Thread.run(Thread.java:1583)

22:04:38.107 [JavaFX Application Thread] DEBUG LoopRunner           - Initializing JavaFX AnimationTimerLoop
22:04:38.109 [JavaFX Application Thread] DEBUG GameApplicationServi - Starting new game
22:04:38.109 [JavaFX Application Thread] DEBUG Input                - Clearing active input actions
22:04:38.121 [JavaFX Application Thread] DEBUG GameApplicationServi - Removing overlay from FXGLStartupScene and adding to FXGLLoadingScene
22:04:38.124 [JavaFX Application Thread] DEBUG PrimaryStageWindow   - FXGLStartupScene -> FXGLLoadingScene
22:04:38.124 [JavaFX Application Thread] DEBUG GameApplicationServi - Clearing previous game
22:04:38.124 [JavaFX Application Thread] DEBUG GameScene            - Clearing game scene
22:04:38.124 [JavaFX Application Thread] DEBUG GameWorld            - Clearing game world
22:04:38.124 [JavaFX Application Thread] DEBUG PhysicsWorld         - Clearing physics world
22:04:38.125 [FXGL Background Thread 4 ] DEBUG FXGLApplication      - Initializing game
22:04:38.134 [FXGL Background Thread 4 ] DEBUG FXGLAssetLoaderServi - Loading from file system: file:/D:/Intellij/Project/target/classes/assets/textures/background_view.png
22:04:38.138 [JavaFX Application Thread] DEBUG FXGLApplication      - Registering font factories with UI factory
22:04:38.160 [FXGL Background Thread 4 ] DEBUG FXGLAssetLoaderServi - Loading from file system: file:/D:/Intellij/Project/target/classes/assets/textures/container_view.png
22:04:38.190 [FXGL Background Thread 4 ] DEBUG FXGLAssetLoaderServi - Loading from file system: file:/D:/Intellij/Project/target/classes/assets/textures/ring_view.png
22:04:38.194 [FXGL Background Thread 4 ] DEBUG FXGLAssetLoaderServi - Loading from file system: file:/D:/Intellij/Project/target/classes/assets/textures/next_fruit_view.png
22:04:38.197 [FXGL Background Thread 4 ] DEBUG FXGLAssetLoaderServi - Loading from file system: file:/D:/Intellij/Project/target/classes/assets/textures/score_view.png
22:04:38.203 [FXGL Background Thread 4 ] DEBUG FXGLAssetLoaderServi - Loading from file system: file:/D:/Intellij/Project/target/classes/assets/textures/orange_view.png
22:04:38.205 [FXGL Background Thread 4 ] DEBUG FXGLAssetLoaderServi - Loading from file system: file:/D:/Intellij/Project/target/classes/assets/textures/strawberry_view.png
22:04:38.207 [FXGL Background Thread 4 ] DEBUG FXGLAssetLoaderServi - Loading from file system: file:/D:/Intellij/Project/target/classes/assets/textures/lemon_view.png
22:04:38.210 [FXGL Background Thread 4 ] INFO  FXGLApplication      - Game initialization took: 0,084 sec
22:04:38.311 [JavaFX Application Thread] DEBUG Input                - Clearing active input actions
22:04:38.319 [JavaFX Application Thread] DEBUG GameApplicationServi - Removing overlay from FXGLLoadingScene and adding to GameScene
22:04:38.323 [JavaFX Application Thread] DEBUG PrimaryStageWindow   - FXGLLoadingScene -> GameScene
22:04:38.910 [JavaFX Application Thread] DEBUG FXGLAssetLoaderServi - Loading from file system: file:/D:/Intellij/Project/target/classes/assets/textures/grape_view.png
22:04:38.912 [JavaFX Application Thread] DEBUG FXGLAssetLoaderServi - Loading from file system: file:/D:/Intellij/Project/target/classes/assets/sounds/fruit_drop.wav
22:04:39.015 [JavaFX Application Thread] DEBUG FXGLAssetLoaderServi - Loading from file system: file:/D:/Intellij/Project/target/classes/assets/textures/cherry_view.png
22:04:39.126 [JavaFX Application Thread] DEBUG FXGLAssetLoaderServi - Loading from file system: file:/D:/Intellij/Project/target/classes/assets/textures/apple_view.png
22:04:40.390 [JavaFX Application Thread] DEBUG FXGLAssetLoaderServi - Loading from file system: file:/D:/Intellij/Project/target/classes/assets/sounds/fruit_merge.wav
22:04:40.555 [JavaFX Application Thread] DEBUG FXGLAssetLoaderServi - Loading from file system: file:/D:/Intellij/Project/target/classes/assets/textures/pear_view.png
22:04:41.053 [FXGL Background Thread 3 ] DEBUG Engine               - Logging environment variables
22:04:41.054 [FXGL Background Thread 3 ] DEBUG Engine               - achievements: []
22:04:41.054 [FXGL Background Thread 3 ] DEBUG Engine               - actualHeight: 720.0
22:04:41.054 [FXGL Background Thread 3 ] DEBUG Engine               - actualHeightProperty: ReadOnlyDoubleProperty [value: 720.0]
22:04:41.054 [FXGL Background Thread 3 ] DEBUG Engine               - actualWidth: 1280.0
22:04:41.054 [FXGL Background Thread 3 ] DEBUG Engine               - actualWidthProperty: ReadOnlyDoubleProperty [value: 1280.0]
22:04:41.054 [FXGL Background Thread 3 ] DEBUG Engine               - appIcon: watermelon_view.png
22:04:41.054 [FXGL Background Thread 3 ] DEBUG Engine               - applicationMode: DEVELOPER
22:04:41.054 [FXGL Background Thread 3 ] DEBUG Engine               - cSSList: [fxgl_dark.css]
22:04:41.054 [FXGL Background Thread 3 ] DEBUG Engine               - collisionDetectionStrategy: BRUTE_FORCE
22:04:41.054 [FXGL Background Thread 3 ] DEBUG Engine               - configClass: Optional.empty
22:04:41.054 [FXGL Background Thread 3 ] DEBUG Engine               - credits: []
22:04:41.055 [FXGL Background Thread 3 ] DEBUG Engine               - defaultCursor: CursorInfo(imageName=fxgl_default_cursor.png, hotspotX=7.0, hotspotY=6.0)
22:04:41.055 [FXGL Background Thread 3 ] DEBUG Engine               - devBBoxColorProperty: ObjectProperty [value: 0xff0000ff]
22:04:41.055 [FXGL Background Thread 3 ] DEBUG Engine               - devEnableDebugCameraProperty: BooleanProperty [value: false]
22:04:41.055 [FXGL Background Thread 3 ] DEBUG Engine               - devSensorColorProperty: ObjectProperty [value: 0xffff00ff]
22:04:41.055 [FXGL Background Thread 3 ] DEBUG Engine               - devShowBBoxProperty: BooleanProperty [value: false]
22:04:41.055 [FXGL Background Thread 3 ] DEBUG Engine               - devShowPositionProperty: BooleanProperty [value: false]
22:04:41.055 [FXGL Background Thread 3 ] DEBUG Engine               - enabledMenuItems: []
22:04:41.055 [FXGL Background Thread 3 ] DEBUG Engine               - engineServices: [class com.almasb.fxgl.app.services.FXGLAssetLoaderService, class com.almasb.fxgl.app.FXGLApplication$GameApplicationService, class com.almasb.fxgl.app.services.FXGLDialogService, class com.almasb.fxgl.app.services.IOTaskExecutorService, class com.almasb.fxgl.io.FileSystemService, class com.almasb.fxgl.localization.LocalizationService, class com.almasb.fxgl.app.services.SystemBundleService, class com.almasb.fxgl.profile.SaveLoadService, class com.almasb.fxgl.ui.FXGLUIFactoryServiceProvider, class com.almasb.fxgl.ui.FXGLDialogFactoryServiceProvider, class com.almasb.fxgl.audio.AudioPlayer, class com.almasb.fxgl.notification.impl.NotificationServiceProvider, class com.almasb.fxgl.achievement.AchievementService, class com.almasb.fxgl.cutscene.CutsceneService, class com.almasb.fxgl.minigames.MiniGameService, class com.almasb.fxgl.net.NetService, class com.almasb.fxgl.app.services.UpdaterService, class com.almasb.fxgl.dev.DevService]
22:04:41.055 [FXGL Background Thread 3 ] DEBUG Engine               - fontGame: Abel-Regular.ttf
22:04:41.055 [FXGL Background Thread 3 ] DEBUG Engine               - fontMono: TerminalLandMono-Regular.otf
22:04:41.055 [FXGL Background Thread 3 ] DEBUG Engine               - fontSizeScaleUI: 1.0
22:04:41.056 [FXGL Background Thread 3 ] DEBUG Engine               - fontText: Courier-Prime.ttf
22:04:41.056 [FXGL Background Thread 3 ] DEBUG Engine               - fontUI: VarelaRound-Regular.ttf
22:04:41.056 [FXGL Background Thread 3 ] DEBUG Engine               - fullScreen: BooleanProperty [value: false]
22:04:41.056 [FXGL Background Thread 3 ] DEBUG Engine               - gameDifficulty: MEDIUM
22:04:41.056 [FXGL Background Thread 3 ] DEBUG Engine               - gameDifficultyProperty: ObjectProperty [value: MEDIUM]
22:04:41.056 [FXGL Background Thread 3 ] DEBUG Engine               - globalMusicVolume: 0.5
22:04:41.056 [FXGL Background Thread 3 ] DEBUG Engine               - globalMusicVolumeProperty: DoubleProperty [value: 0.5]
22:04:41.056 [FXGL Background Thread 3 ] DEBUG Engine               - globalSoundVolume: 0.5
22:04:41.056 [FXGL Background Thread 3 ] DEBUG Engine               - globalSoundVolumeProperty: DoubleProperty [value: 0.5]
22:04:41.056 [FXGL Background Thread 3 ] DEBUG Engine               - height: 720
22:04:41.056 [FXGL Background Thread 3 ] DEBUG Engine               - is3D: false
22:04:41.056 [FXGL Background Thread 3 ] DEBUG Engine               - isAndroid: false
22:04:41.056 [FXGL Background Thread 3 ] DEBUG Engine               - isBrowser: false
22:04:41.056 [FXGL Background Thread 3 ] DEBUG Engine               - isClickFeedbackEnabled: false
22:04:41.056 [FXGL Background Thread 3 ] DEBUG Engine               - isCloseConfirmation: false
22:04:41.056 [FXGL Background Thread 3 ] DEBUG Engine               - isDesktop: true
22:04:41.056 [FXGL Background Thread 3 ] DEBUG Engine               - isDeveloperMenuEnabled: true
22:04:41.057 [FXGL Background Thread 3 ] DEBUG Engine               - isEmbedded: false
22:04:41.057 [FXGL Background Thread 3 ] DEBUG Engine               - isEntityPreloadEnabled: true
22:04:41.057 [FXGL Background Thread 3 ] DEBUG Engine               - isExperimentalTiledLargeMap: false
22:04:41.057 [FXGL Background Thread 3 ] DEBUG Engine               - isFileSystemWriteAllowed: true
22:04:41.057 [FXGL Background Thread 3 ] DEBUG Engine               - isFullScreenAllowed: false
22:04:41.057 [FXGL Background Thread 3 ] DEBUG Engine               - isFullScreenFromStart: false
22:04:41.057 [FXGL Background Thread 3 ] DEBUG Engine               - isGameMenuEnabled: true
22:04:41.057 [FXGL Background Thread 3 ] DEBUG Engine               - isIOS: false
22:04:41.057 [FXGL Background Thread 3 ] DEBUG Engine               - isIntroEnabled: false
22:04:41.057 [FXGL Background Thread 3 ] DEBUG Engine               - isLinux: false
22:04:41.057 [FXGL Background Thread 3 ] DEBUG Engine               - isMac: false
22:04:41.057 [FXGL Background Thread 3 ] DEBUG Engine               - isMainMenuEnabled: false
22:04:41.057 [FXGL Background Thread 3 ] DEBUG Engine               - isManualResizeEnabled: false
22:04:41.057 [FXGL Background Thread 3 ] DEBUG Engine               - isMobile: false
22:04:41.057 [FXGL Background Thread 3 ] DEBUG Engine               - isNative: false
22:04:41.057 [FXGL Background Thread 3 ] DEBUG Engine               - isPauseMusicWhenMinimized: true
22:04:41.057 [FXGL Background Thread 3 ] DEBUG Engine               - isPreserveResizeRatio: false
22:04:41.057 [FXGL Background Thread 3 ] DEBUG Engine               - isProfilingEnabled: false
22:04:41.057 [FXGL Background Thread 3 ] DEBUG Engine               - isScaleAffectedOnResize: true
22:04:41.057 [FXGL Background Thread 3 ] DEBUG Engine               - isSingleStep: false
22:04:41.057 [FXGL Background Thread 3 ] DEBUG Engine               - isUserProfileEnabled: false
22:04:41.057 [FXGL Background Thread 3 ] DEBUG Engine               - isWindows: true
22:04:41.057 [FXGL Background Thread 3 ] DEBUG Engine               - language: ObjectProperty [value: ENGLISH]
22:04:41.057 [FXGL Background Thread 3 ] DEBUG Engine               - menuKey: ESCAPE
22:04:41.058 [FXGL Background Thread 3 ] DEBUG Engine               - mouseSensitivity: 0.2
22:04:41.058 [FXGL Background Thread 3 ] DEBUG Engine               - notificationViewClass: class com.almasb.fxgl.notification.view.XboxNotificationView
22:04:41.058 [FXGL Background Thread 3 ] DEBUG Engine               - pixelsPerMeter: 50.0
22:04:41.058 [FXGL Background Thread 3 ] DEBUG Engine               - platform: WINDOWS
22:04:41.058 [FXGL Background Thread 3 ] DEBUG Engine               - prefHeightProperty: ReadOnlyDoubleProperty [value: 720.0]
22:04:41.058 [FXGL Background Thread 3 ] DEBUG Engine               - prefWidthProperty: ReadOnlyDoubleProperty [value: 1280.0]
22:04:41.058 [FXGL Background Thread 3 ] DEBUG Engine               - profileDir: profiles/
22:04:41.058 [FXGL Background Thread 3 ] DEBUG Engine               - profileName: StringProperty [value: DEFAULT]
22:04:41.058 [FXGL Background Thread 3 ] DEBUG Engine               - randomSeed: -1
22:04:41.058 [FXGL Background Thread 3 ] DEBUG Engine               - runtimeInfo: RuntimeInfo(platform=WINDOWS, version=21, build=28.12.2023 13.35)
22:04:41.058 [FXGL Background Thread 3 ] DEBUG Engine               - saveFileExt: sav
22:04:41.058 [FXGL Background Thread 3 ] DEBUG Engine               - scaledHeightProp$fxgl: DoubleProperty [bound, value: 720.0]
22:04:41.058 [FXGL Background Thread 3 ] DEBUG Engine               - scaledWidthProp$fxgl: DoubleProperty [bound, value: 1280.0]
22:04:41.058 [FXGL Background Thread 3 ] DEBUG Engine               - sceneFactory: com.almasb.fxgl.app.scene.SceneFactory@71f38090
22:04:41.058 [FXGL Background Thread 3 ] DEBUG Engine               - secondsIn24h: 60
22:04:41.058 [FXGL Background Thread 3 ] DEBUG Engine               - soundMenuBack: menu/back.wav
22:04:41.058 [FXGL Background Thread 3 ] DEBUG Engine               - soundMenuPress: menu/press.wav
22:04:41.058 [FXGL Background Thread 3 ] DEBUG Engine               - soundMenuSelect: menu/select.wav
22:04:41.059 [FXGL Background Thread 3 ] DEBUG Engine               - soundNotification: core/notification.wav
22:04:41.059 [FXGL Background Thread 3 ] DEBUG Engine               - stageStyle: DECORATED
22:04:41.059 [FXGL Background Thread 3 ] DEBUG Engine               - supportedLanguages: [ENGLISH, FRENCH, GERMAN, HUNGARIAN, RUSSIAN]
22:04:41.059 [FXGL Background Thread 3 ] DEBUG Engine               - ticksPerSecond: -1
22:04:41.059 [FXGL Background Thread 3 ] DEBUG Engine               - title: Suika FXGL
22:04:41.059 [FXGL Background Thread 3 ] DEBUG Engine               - urlGithub: https://github.com/AlmasB/FXGL
22:04:41.059 [FXGL Background Thread 3 ] DEBUG Engine               - urlLeaderboard: http://fxgl-top.herokuapp.com/
22:04:41.059 [FXGL Background Thread 3 ] DEBUG Engine               - urlPOM: https://raw.githubusercontent.com/AlmasB/FXGL/release/README.md
22:04:41.059 [FXGL Background Thread 3 ] DEBUG Engine               - userAppClass: class com.lucenstuff.fxglgames.suikagame.SuikaGame
22:04:41.059 [FXGL Background Thread 3 ] DEBUG Engine               - version: 0.1
22:04:41.059 [FXGL Background Thread 3 ] DEBUG Engine               - versionCheckDays: 7
22:04:41.059 [FXGL Background Thread 3 ] DEBUG Engine               - width: 1280
22:04:41.059 [FXGL Background Thread 3 ] DEBUG Engine               - Logging services
22:04:41.059 [FXGL Background Thread 3 ] DEBUG Engine               - class com.almasb.fxgl.app.services.FXGLAssetLoaderService
22:04:41.059 [FXGL Background Thread 3 ] DEBUG Engine               - class com.almasb.fxgl.app.FXGLApplication$GameApplicationService
22:04:41.059 [FXGL Background Thread 3 ] DEBUG Engine               - class com.almasb.fxgl.app.services.FXGLDialogService
22:04:41.059 [FXGL Background Thread 3 ] DEBUG Engine               - class com.almasb.fxgl.app.services.IOTaskExecutorService
22:04:41.059 [FXGL Background Thread 3 ] DEBUG Engine               - class com.almasb.fxgl.io.FileSystemService
22:04:41.059 [FXGL Background Thread 3 ] DEBUG Engine               - class com.almasb.fxgl.localization.LocalizationService
22:04:41.059 [FXGL Background Thread 3 ] DEBUG Engine               - class com.almasb.fxgl.app.services.SystemBundleService
22:04:41.059 [FXGL Background Thread 3 ] DEBUG Engine               - class com.almasb.fxgl.profile.SaveLoadService
22:04:41.059 [FXGL Background Thread 3 ] DEBUG Engine               - class com.almasb.fxgl.ui.FXGLUIFactoryServiceProvider
22:04:41.059 [FXGL Background Thread 3 ] DEBUG Engine               - class com.almasb.fxgl.ui.FXGLDialogFactoryServiceProvider
22:04:41.059 [FXGL Background Thread 3 ] DEBUG Engine               - class com.almasb.fxgl.audio.AudioPlayer
22:04:41.059 [FXGL Background Thread 3 ] DEBUG Engine               - class com.almasb.fxgl.notification.impl.NotificationServiceProvider
22:04:41.059 [FXGL Background Thread 3 ] DEBUG Engine               - class com.almasb.fxgl.achievement.AchievementService
22:04:41.059 [FXGL Background Thread 3 ] DEBUG Engine               - class com.almasb.fxgl.cutscene.CutsceneService
22:04:41.060 [FXGL Background Thread 3 ] DEBUG Engine               - class com.almasb.fxgl.minigames.MiniGameService
22:04:41.060 [FXGL Background Thread 3 ] DEBUG Engine               - class com.almasb.fxgl.net.NetService
22:04:41.060 [FXGL Background Thread 3 ] DEBUG Engine               - class com.almasb.fxgl.app.services.UpdaterService
22:04:41.060 [FXGL Background Thread 3 ] DEBUG Engine               - class com.almasb.fxgl.dev.DevService
22:04:42.803 [JavaFX Application Thread] DEBUG FXGLAssetLoaderServi - Loading from file system: file:/D:/Intellij/Project/target/classes/assets/textures/peach_view.png
22:04:44.229 [JavaFX Application Thread] DEBUG FXGLAssetLoaderServi - Loading from file system: file:/D:/Intellij/Project/target/classes/assets/textures/pineapple_view.png
22:04:48.434 [JavaFX Application Thread] DEBUG PrimaryStageWindow   - Push state: DialogSubScene
22:04:48.434 [JavaFX Application Thread] DEBUG Input                - Clearing active input actions
22:04:48.435 [JavaFX Application Thread] DEBUG GameApplicationServi - Removing overlay from GameScene and adding to DialogSubScene
22:04:48.436 [JavaFX Application Thread] DEBUG PrimaryStageWindow   - GameScene -> DialogSubScene
22:04:49.132 [JavaFX Application Thread] DEBUG PrimaryStageWindow   - Pop state: DialogSubScene
22:04:49.132 [JavaFX Application Thread] DEBUG Input                - Clearing active input actions
22:04:49.132 [JavaFX Application Thread] DEBUG GameApplicationServi - Removing overlay from DialogSubScene and adding to GameScene
22:04:49.133 [JavaFX Application Thread] DEBUG PrimaryStageWindow   - GameScene <- DialogSubScene
22:04:50.779 [JavaFX Application Thread] DEBUG FXGLApplication      - Exiting FXGL
22:04:50.779 [JavaFX Application Thread] DEBUG LoopRunner           - Stopping loop
22:04:50.779 [JavaFX Application Thread] DEBUG SystemBundleService  - Saving FXGL system data
22:04:50.780 [JavaFX Application Thread] DEBUG FileSystemAccess     - Writing to: D:\Intellij\Project\system\fxgl.bundle
22:04:50.782 [JavaFX Application Thread] DEBUG Async                - Shutting down background threads
22:04:50.782 [JavaFX Application Thread] DEBUG PrimaryStageWindow   - Closing main window
22:04:50.790 [JavaFX Application Thread] DEBUG Logger               - Closing Logger
