12:36:24.915 [main                     ] DEBUG Logger               - Configured Logger
12:36:24.951 [main                     ] DEBUG GameApplication      - Logging settings
Title: Suika FXGL
Version: 0.1
Width: 1280
Height: 720
Fullscreen: false
Intro: false
Profiling: false
Single step:false
App Mode: DEVELOPER
Menu Key: ESCAPE
Stage Style: DECORATED
Scene Factory: class com.almasb.fxgl.app.scene.SceneFactory

12:36:25.590 [JavaFX Application Thread] DEBUG FXGLApplication      - Initializing FXGL
12:36:25.595 [JavaFX Application Thread] INFO  Engine               - FXGL-21 (28.12.2023 13.35) on WINDOWS (J:21.0.2 FX:21.0.1)
12:36:25.596 [JavaFX Application Thread] DEBUG Engine               - JRE Vendor Name: Oracle Corporation
12:36:25.596 [JavaFX Application Thread] DEBUG Engine               - Running on OS: Windows 10 version 10.0
12:36:25.596 [JavaFX Application Thread] DEBUG Engine               - Architecture: amd64
12:36:25.596 [JavaFX Application Thread] INFO  Engine               - Source code and latest versions at: https://github.com/AlmasB/FXGL
12:36:25.596 [JavaFX Application Thread] INFO  Engine               -       Ask questions and discuss at: https://github.com/AlmasB/FXGL/discussions
12:36:25.596 [JavaFX Application Thread] INFO  Engine               -              Join the FXGL chat at: https://gitter.im/AlmasB/FXGL
12:36:25.765 [JavaFX Application Thread] DEBUG PrimaryStageWindow   - Creating a JavaFX scene
12:36:25.835 [JavaFX Application Thread] DEBUG PrimaryStageWindow   - Target settings size: 1280.0 x 720.0
12:36:25.835 [JavaFX Application Thread] DEBUG PrimaryStageWindow   - Scaled scene size:    1280.0 x 720.0
12:36:25.835 [JavaFX Application Thread] DEBUG PrimaryStageWindow   - Scaled ratio: (1.0, 1.0)
12:36:25.837 [JavaFX Application Thread] DEBUG PrimaryStageWindow   - Set initial scene to FXGLStartupScene
12:36:25.842 [JavaFX Application Thread] DEBUG PrimaryStageWindow   - Opening main window
12:36:25.946 [JavaFX Application Thread] DEBUG PrimaryStageWindow   - Window border size: (16.0, 39.0)
12:36:25.947 [JavaFX Application Thread] DEBUG PrimaryStageWindow   - Scaled size: 1280.0 x 720.0
12:36:25.947 [JavaFX Application Thread] DEBUG PrimaryStageWindow   - Scaled ratio: (1.0, 1.0)
12:36:25.947 [JavaFX Application Thread] DEBUG PrimaryStageWindow   - Scene size: 1280.0 x 720.0
12:36:25.948 [JavaFX Application Thread] DEBUG PrimaryStageWindow   - Stage size: 1296.0 x 759.0
12:36:25.957 [FXGL Background Thread 1 ] DEBUG Engine               - Initializing environment variables
12:36:26.066 [FXGL Background Thread 1 ] DEBUG FXGLAssetLoaderServi - User app class for loading assets: class com.lucenstuff.fxglgames.suikagame.SuikaGame
12:36:26.066 [FXGL Background Thread 1 ] DEBUG GameApplicationServi - Applying CSS: fxgl_dark.css
12:36:26.068 [FXGL Background Thread 1 ] DEBUG FXGLAssetLoaderServi - Loading from file system: jar:file:/C:/Users/agust/.m2/repository/com/github/almasb/fxgl/21/fxgl-21.jar!/fxglassets/ui/css/fxgl_dark.css
12:36:26.170 [FXGL Background Thread 1 ] DEBUG GameApplicationServi - Initializing application scenes
12:36:26.315 [FXGL Background Thread 1 ] DEBUG GameWorld            - Game world initialized
12:36:26.393 [FXGL Background Thread 1 ] DEBUG PhysicsWorld         - Physics world initialized: appHeight=720, physics.ppm=50,0
12:36:26.393 [FXGL Background Thread 1 ] DEBUG PhysicsWorld         - Using strategy: BRUTE_FORCE
12:36:26.399 [FXGL Background Thread 1 ] DEBUG GameScene            - Game scene initialized: 1280x720
12:36:26.414 [FXGL Background Thread 1 ] DEBUG FXGL.DefaultMenu     - createMenuBodyGameMenu()
12:36:26.433 [FXGL Background Thread 1 ] DEBUG FXGL.DefaultMenu     - createOptionsMenu()
12:36:26.444 [FXGL Background Thread 1 ] DEBUG FXGLAssetLoaderServi - Loading from file system: jar:file:/C:/Users/agust/.m2/repository/com/github/almasb/fxgl/21/fxgl-21.jar!/fxglassets/textures/particles/smoke.png
12:36:26.560 [FXGL Background Thread 1 ] DEBUG FXGLAssetLoaderServi - Loading from file system: jar:file:/C:/Users/agust/.m2/repository/com/github/almasb/fxgl/21/fxgl-21.jar!/fxglassets/textures/particles/trace_horizontal.png
12:36:26.593 [FXGL Background Thread 1 ] DEBUG GameApplicationServi - Application scenes initialized
12:36:26.611 [FXGL Background Thread 1 ] DEBUG SystemBundleService  - Loading FXGL system data
12:36:26.619 [FXGL Background Thread 1 ] DEBUG FileSystemAccess     - Reading from: D:\Programación\JAVA\SuikaGame\system\fxgl.bundle
12:36:26.632 [FXGL Background Thread 1 ] DEBUG SystemBundleService  - Bundle FXGL: {}
12:36:26.632 [FXGL Background Thread 1 ] DEBUG UpdaterService       - Checking for updates
12:36:26.695 [FXGL Background Thread 1 ] DEBUG FXGLApplication      - Loading default localization
12:36:26.696 [FXGL Background Thread 1 ] DEBUG FXGLAssetLoaderServi - Loading from file system: jar:file:/C:/Users/agust/.m2/repository/com/github/almasb/fxgl/21/fxgl-21.jar!/fxglassets/languages/english.lang
12:36:26.701 [FXGL Background Thread 4 ] DEBUG FXGLApplication      - Loading fonts
12:36:26.702 [FXGL Background Thread 4 ] DEBUG FXGLAssetLoaderServi - Loading from file system: jar:file:/C:/Users/agust/.m2/repository/com/github/almasb/fxgl/21/fxgl-21.jar!/fxglassets/ui/fonts/VarelaRound-Regular.ttf
12:36:26.739 [FXGL Background Thread 1 ] INFO  FXGLApplication      - FXGL initialization took: 0,781 sec
12:36:26.744 [JavaFX Application Thread] DEBUG FXGLAssetLoaderServi - Loading from file system: jar:file:/C:/Users/agust/.m2/repository/com/github/almasb/fxgl/21/fxgl-21.jar!/fxglassets/textures/fxgl_icon.png
12:36:26.768 [JavaFX Application Thread] DEBUG FXGLAssetLoaderServi - Loading from file system: jar:file:/C:/Users/agust/.m2/repository/com/github/almasb/fxgl/21/fxgl-21.jar!/fxglassets/textures/fxgl_default_cursor.png
12:36:26.781 [JavaFX Application Thread] DEBUG Input                - Registered new binding: Screenshot - CTRL+8
12:36:26.783 [JavaFX Application Thread] DEBUG Input                - Registered new binding: Dev Options - 1
12:36:26.784 [JavaFX Application Thread] DEBUG Input                - Registered new binding: Dev Console - 2
12:36:26.784 [JavaFX Application Thread] DEBUG Input                - Registered new binding: System info dump - CTRL+9
12:36:26.785 [JavaFX Application Thread] DEBUG Input                - Registered new binding: Restart - CTRL+R
12:36:26.786 [JavaFX Application Thread] DEBUG Input                - Registered new binding: Toggle Debug Camera - CTRL+7
12:36:26.794 [JavaFX Application Thread] DEBUG LoopRunner           - Starting loop
12:36:26.827 [JavaFX Application Thread] DEBUG LoopRunner           - Initializing JavaFX AnimationTimerLoop
12:36:26.829 [JavaFX Application Thread] DEBUG GameApplicationServi - Starting new game
12:36:26.829 [JavaFX Application Thread] DEBUG Input                - Clearing active input actions
12:36:26.878 [JavaFX Application Thread] DEBUG GameApplicationServi - Removing overlay from FXGLStartupScene and adding to FXGLLoadingScene
12:36:26.882 [JavaFX Application Thread] DEBUG PrimaryStageWindow   - FXGLStartupScene -> FXGLLoadingScene
12:36:26.882 [JavaFX Application Thread] DEBUG GameApplicationServi - Clearing previous game
12:36:26.882 [JavaFX Application Thread] DEBUG GameScene            - Clearing game scene
12:36:26.882 [JavaFX Application Thread] DEBUG GameWorld            - Clearing game world
12:36:26.883 [JavaFX Application Thread] DEBUG PhysicsWorld         - Clearing physics world
12:36:26.884 [FXGL Background Thread 1 ] DEBUG FXGLApplication      - Initializing game
12:36:26.894 [FXGL Background Thread 1 ] DEBUG FXGLAssetLoaderServi - Loading from file system: file:/D:/Programaci%c3%b3n/JAVA/SuikaGame/target/classes/assets/sounds/watermelon.wav
12:36:26.945 [FXGL Background Thread 4 ] DEBUG FXGLAssetLoaderServi - Loading from file system: jar:file:/C:/Users/agust/.m2/repository/com/github/almasb/fxgl/21/fxgl-21.jar!/fxglassets/ui/fonts/Abel-Regular.ttf
12:36:27.172 [FXGL Background Thread 4 ] DEBUG FXGLAssetLoaderServi - Loading from file system: jar:file:/C:/Users/agust/.m2/repository/com/github/almasb/fxgl/21/fxgl-21.jar!/fxglassets/ui/fonts/TerminalLandMono-Regular.otf
12:36:27.180 [FXGL Background Thread 1 ] DEBUG FXGLAssetLoaderServi - Loading from file system: file:/D:/Programaci%c3%b3n/JAVA/SuikaGame/target/classes/assets/textures/background_view.png
12:36:27.201 [FXGL Background Thread 4 ] DEBUG FXGLAssetLoaderServi - Loading from file system: jar:file:/C:/Users/agust/.m2/repository/com/github/almasb/fxgl/21/fxgl-21.jar!/fxglassets/ui/fonts/Courier-Prime.ttf
12:36:27.234 [FXGL Background Thread 1 ] DEBUG FXGLAssetLoaderServi - Loading from file system: file:/D:/Programaci%c3%b3n/JAVA/SuikaGame/target/classes/assets/textures/container_view.png
12:36:27.388 [FXGL Background Thread 1 ] DEBUG FXGLAssetLoaderServi - Loading from file system: file:/D:/Programaci%c3%b3n/JAVA/SuikaGame/target/classes/assets/textures/ring_view.png
12:36:27.408 [FXGL Background Thread 1 ] DEBUG FXGLAssetLoaderServi - Loading from file system: file:/D:/Programaci%c3%b3n/JAVA/SuikaGame/target/classes/assets/textures/next_fruit_view.png
12:36:27.412 [FXGL Background Thread 1 ] DEBUG FXGLAssetLoaderServi - Loading from file system: file:/D:/Programaci%c3%b3n/JAVA/SuikaGame/target/classes/assets/textures/score_view.png
12:36:27.418 [FXGL Background Thread 1 ] INFO  FXGLApplication      - Game initialization took: 0,533 sec
12:36:27.425 [JavaFX Application Thread] DEBUG FXGLApplication      - Registering font factories with UI factory
12:36:27.577 [JavaFX Application Thread] DEBUG Input                - Clearing active input actions
12:36:27.588 [JavaFX Application Thread] DEBUG GameApplicationServi - Removing overlay from FXGLLoadingScene and adding to GameScene
12:36:27.596 [JavaFX Application Thread] DEBUG PrimaryStageWindow   - FXGLLoadingScene -> GameScene
12:36:29.688 [FXGL Background Thread 3 ] DEBUG Engine               - Logging environment variables
12:36:29.689 [FXGL Background Thread 3 ] DEBUG Engine               - achievements: []
12:36:29.689 [FXGL Background Thread 3 ] DEBUG Engine               - actualHeight: 720.0
12:36:29.690 [FXGL Background Thread 3 ] DEBUG Engine               - actualHeightProperty: ReadOnlyDoubleProperty [value: 720.0]
12:36:29.690 [FXGL Background Thread 3 ] DEBUG Engine               - actualWidth: 1280.0
12:36:29.690 [FXGL Background Thread 3 ] DEBUG Engine               - actualWidthProperty: ReadOnlyDoubleProperty [value: 1280.0]
12:36:29.690 [FXGL Background Thread 3 ] DEBUG Engine               - appIcon: fxgl_icon.png
12:36:29.690 [FXGL Background Thread 3 ] DEBUG Engine               - applicationMode: DEVELOPER
12:36:29.690 [FXGL Background Thread 3 ] DEBUG Engine               - cSSList: [fxgl_dark.css]
12:36:29.690 [FXGL Background Thread 3 ] DEBUG Engine               - collisionDetectionStrategy: BRUTE_FORCE
12:36:29.690 [FXGL Background Thread 3 ] DEBUG Engine               - configClass: Optional.empty
12:36:29.690 [FXGL Background Thread 3 ] DEBUG Engine               - credits: []
12:36:29.691 [FXGL Background Thread 3 ] DEBUG Engine               - defaultCursor: CursorInfo(imageName=fxgl_default_cursor.png, hotspotX=7.0, hotspotY=6.0)
12:36:29.691 [FXGL Background Thread 3 ] DEBUG Engine               - devBBoxColorProperty: ObjectProperty [value: 0xff0000ff]
12:36:29.691 [FXGL Background Thread 3 ] DEBUG Engine               - devEnableDebugCameraProperty: BooleanProperty [value: false]
12:36:29.691 [FXGL Background Thread 3 ] DEBUG Engine               - devSensorColorProperty: ObjectProperty [value: 0xffff00ff]
12:36:29.692 [FXGL Background Thread 3 ] DEBUG Engine               - devShowBBoxProperty: BooleanProperty [value: false]
12:36:29.692 [FXGL Background Thread 3 ] DEBUG Engine               - devShowPositionProperty: BooleanProperty [value: false]
12:36:29.692 [FXGL Background Thread 3 ] DEBUG Engine               - enabledMenuItems: []
12:36:29.692 [FXGL Background Thread 3 ] DEBUG Engine               - engineServices: [class com.almasb.fxgl.app.services.FXGLAssetLoaderService, class com.almasb.fxgl.app.FXGLApplication$GameApplicationService, class com.almasb.fxgl.app.services.FXGLDialogService, class com.almasb.fxgl.app.services.IOTaskExecutorService, class com.almasb.fxgl.io.FileSystemService, class com.almasb.fxgl.localization.LocalizationService, class com.almasb.fxgl.app.services.SystemBundleService, class com.almasb.fxgl.profile.SaveLoadService, class com.almasb.fxgl.ui.FXGLUIFactoryServiceProvider, class com.almasb.fxgl.ui.FXGLDialogFactoryServiceProvider, class com.almasb.fxgl.audio.AudioPlayer, class com.almasb.fxgl.notification.impl.NotificationServiceProvider, class com.almasb.fxgl.achievement.AchievementService, class com.almasb.fxgl.cutscene.CutsceneService, class com.almasb.fxgl.minigames.MiniGameService, class com.almasb.fxgl.net.NetService, class com.almasb.fxgl.app.services.UpdaterService, class com.almasb.fxgl.dev.DevService]
12:36:29.692 [FXGL Background Thread 3 ] DEBUG Engine               - fontGame: Abel-Regular.ttf
12:36:29.692 [FXGL Background Thread 3 ] DEBUG Engine               - fontMono: TerminalLandMono-Regular.otf
12:36:29.692 [FXGL Background Thread 3 ] DEBUG Engine               - fontSizeScaleUI: 1.0
12:36:29.692 [FXGL Background Thread 3 ] DEBUG Engine               - fontText: Courier-Prime.ttf
12:36:29.692 [FXGL Background Thread 3 ] DEBUG Engine               - fontUI: VarelaRound-Regular.ttf
12:36:29.692 [FXGL Background Thread 3 ] DEBUG Engine               - fullScreen: BooleanProperty [value: false]
12:36:29.692 [FXGL Background Thread 3 ] DEBUG Engine               - gameDifficulty: MEDIUM
12:36:29.693 [FXGL Background Thread 3 ] DEBUG Engine               - gameDifficultyProperty: ObjectProperty [value: MEDIUM]
12:36:29.693 [FXGL Background Thread 3 ] DEBUG Engine               - globalMusicVolume: 0.5
12:36:29.694 [FXGL Background Thread 3 ] DEBUG Engine               - globalMusicVolumeProperty: DoubleProperty [value: 0.5]
12:36:29.694 [FXGL Background Thread 3 ] DEBUG Engine               - globalSoundVolume: 0.5
12:36:29.694 [FXGL Background Thread 3 ] DEBUG Engine               - globalSoundVolumeProperty: DoubleProperty [value: 0.5]
12:36:29.694 [FXGL Background Thread 3 ] DEBUG Engine               - height: 720
12:36:29.694 [FXGL Background Thread 3 ] DEBUG Engine               - is3D: false
12:36:29.694 [FXGL Background Thread 3 ] DEBUG Engine               - isAndroid: false
12:36:29.694 [FXGL Background Thread 3 ] DEBUG Engine               - isBrowser: false
12:36:29.694 [FXGL Background Thread 3 ] DEBUG Engine               - isClickFeedbackEnabled: false
12:36:29.694 [FXGL Background Thread 3 ] DEBUG Engine               - isCloseConfirmation: false
12:36:29.694 [FXGL Background Thread 3 ] DEBUG Engine               - isDesktop: true
12:36:29.694 [FXGL Background Thread 3 ] DEBUG Engine               - isDeveloperMenuEnabled: true
12:36:29.694 [FXGL Background Thread 3 ] DEBUG Engine               - isEmbedded: false
12:36:29.694 [FXGL Background Thread 3 ] DEBUG Engine               - isEntityPreloadEnabled: true
12:36:29.694 [FXGL Background Thread 3 ] DEBUG Engine               - isExperimentalTiledLargeMap: false
12:36:29.694 [FXGL Background Thread 3 ] DEBUG Engine               - isFileSystemWriteAllowed: true
12:36:29.694 [FXGL Background Thread 3 ] DEBUG Engine               - isFullScreenAllowed: false
12:36:29.695 [FXGL Background Thread 3 ] DEBUG Engine               - isFullScreenFromStart: false
12:36:29.695 [FXGL Background Thread 3 ] DEBUG Engine               - isGameMenuEnabled: true
12:36:29.695 [FXGL Background Thread 3 ] DEBUG Engine               - isIOS: false
12:36:29.695 [FXGL Background Thread 3 ] DEBUG Engine               - isIntroEnabled: false
12:36:29.695 [FXGL Background Thread 3 ] DEBUG Engine               - isLinux: false
12:36:29.695 [FXGL Background Thread 3 ] DEBUG Engine               - isMac: false
12:36:29.695 [FXGL Background Thread 3 ] DEBUG Engine               - isMainMenuEnabled: false
12:36:29.695 [FXGL Background Thread 3 ] DEBUG Engine               - isManualResizeEnabled: false
12:36:29.695 [FXGL Background Thread 3 ] DEBUG Engine               - isMobile: false
12:36:29.695 [FXGL Background Thread 3 ] DEBUG Engine               - isNative: false
12:36:29.695 [FXGL Background Thread 3 ] DEBUG Engine               - isPauseMusicWhenMinimized: true
12:36:29.695 [FXGL Background Thread 3 ] DEBUG Engine               - isPreserveResizeRatio: false
12:36:29.695 [FXGL Background Thread 3 ] DEBUG Engine               - isProfilingEnabled: false
12:36:29.695 [FXGL Background Thread 3 ] DEBUG Engine               - isScaleAffectedOnResize: true
12:36:29.695 [FXGL Background Thread 3 ] DEBUG Engine               - isSingleStep: false
12:36:29.695 [FXGL Background Thread 3 ] DEBUG Engine               - isUserProfileEnabled: false
12:36:29.695 [FXGL Background Thread 3 ] DEBUG Engine               - isWindows: true
12:36:29.695 [FXGL Background Thread 3 ] DEBUG Engine               - language: ObjectProperty [value: ENGLISH]
12:36:29.695 [FXGL Background Thread 3 ] DEBUG Engine               - menuKey: ESCAPE
12:36:29.695 [FXGL Background Thread 3 ] DEBUG Engine               - mouseSensitivity: 0.2
12:36:29.695 [FXGL Background Thread 3 ] DEBUG Engine               - notificationViewClass: class com.almasb.fxgl.notification.view.XboxNotificationView
12:36:29.695 [FXGL Background Thread 3 ] DEBUG Engine               - pixelsPerMeter: 50.0
12:36:29.695 [FXGL Background Thread 3 ] DEBUG Engine               - platform: WINDOWS
12:36:29.695 [FXGL Background Thread 3 ] DEBUG Engine               - prefHeightProperty: ReadOnlyDoubleProperty [value: 720.0]
12:36:29.695 [FXGL Background Thread 3 ] DEBUG Engine               - prefWidthProperty: ReadOnlyDoubleProperty [value: 1280.0]
12:36:29.695 [FXGL Background Thread 3 ] DEBUG Engine               - profileDir: profiles/
12:36:29.695 [FXGL Background Thread 3 ] DEBUG Engine               - profileName: StringProperty [value: DEFAULT]
12:36:29.695 [FXGL Background Thread 3 ] DEBUG Engine               - randomSeed: -1
12:36:29.696 [FXGL Background Thread 3 ] DEBUG Engine               - runtimeInfo: RuntimeInfo(platform=WINDOWS, version=21, build=28.12.2023 13.35)
12:36:29.696 [FXGL Background Thread 3 ] DEBUG Engine               - saveFileExt: sav
12:36:29.696 [FXGL Background Thread 3 ] DEBUG Engine               - scaledHeightProp$fxgl: DoubleProperty [bound, value: 720.0]
12:36:29.696 [FXGL Background Thread 3 ] DEBUG Engine               - scaledWidthProp$fxgl: DoubleProperty [bound, value: 1280.0]
12:36:29.697 [FXGL Background Thread 3 ] DEBUG Engine               - sceneFactory: com.almasb.fxgl.app.scene.SceneFactory@713552e7
12:36:29.697 [FXGL Background Thread 3 ] DEBUG Engine               - secondsIn24h: 60
12:36:29.697 [FXGL Background Thread 3 ] DEBUG Engine               - soundMenuBack: menu/back.wav
12:36:29.697 [FXGL Background Thread 3 ] DEBUG Engine               - soundMenuPress: menu/press.wav
12:36:29.697 [FXGL Background Thread 3 ] DEBUG Engine               - soundMenuSelect: menu/select.wav
12:36:29.697 [FXGL Background Thread 3 ] DEBUG Engine               - soundNotification: core/notification.wav
12:36:29.697 [FXGL Background Thread 3 ] DEBUG Engine               - stageStyle: DECORATED
12:36:29.697 [FXGL Background Thread 3 ] DEBUG Engine               - supportedLanguages: [ENGLISH, FRENCH, GERMAN, HUNGARIAN, RUSSIAN]
12:36:29.697 [FXGL Background Thread 3 ] DEBUG Engine               - ticksPerSecond: -1
12:36:29.697 [FXGL Background Thread 3 ] DEBUG Engine               - title: Suika FXGL
12:36:29.698 [FXGL Background Thread 3 ] DEBUG Engine               - urlGithub: https://github.com/AlmasB/FXGL
12:36:29.698 [FXGL Background Thread 3 ] DEBUG Engine               - urlLeaderboard: http://fxgl-top.herokuapp.com/
12:36:29.698 [FXGL Background Thread 3 ] DEBUG Engine               - urlPOM: https://raw.githubusercontent.com/AlmasB/FXGL/release/README.md
12:36:29.698 [FXGL Background Thread 3 ] DEBUG Engine               - userAppClass: class com.lucenstuff.fxglgames.suikagame.SuikaGame
12:36:29.698 [FXGL Background Thread 3 ] DEBUG Engine               - version: 0.1
12:36:29.698 [FXGL Background Thread 3 ] DEBUG Engine               - versionCheckDays: 7
12:36:29.699 [FXGL Background Thread 3 ] DEBUG Engine               - width: 1280
12:36:29.699 [FXGL Background Thread 3 ] DEBUG Engine               - Logging services
12:36:29.699 [FXGL Background Thread 3 ] DEBUG Engine               - class com.almasb.fxgl.app.services.FXGLAssetLoaderService
12:36:29.699 [FXGL Background Thread 3 ] DEBUG Engine               - class com.almasb.fxgl.app.FXGLApplication$GameApplicationService
12:36:29.699 [FXGL Background Thread 3 ] DEBUG Engine               - class com.almasb.fxgl.app.services.FXGLDialogService
12:36:29.699 [FXGL Background Thread 3 ] DEBUG Engine               - class com.almasb.fxgl.app.services.IOTaskExecutorService
12:36:29.699 [FXGL Background Thread 3 ] DEBUG Engine               - class com.almasb.fxgl.io.FileSystemService
12:36:29.699 [FXGL Background Thread 3 ] DEBUG Engine               - class com.almasb.fxgl.localization.LocalizationService
12:36:29.699 [FXGL Background Thread 3 ] DEBUG Engine               - class com.almasb.fxgl.app.services.SystemBundleService
12:36:29.699 [FXGL Background Thread 3 ] DEBUG Engine               - class com.almasb.fxgl.profile.SaveLoadService
12:36:29.699 [FXGL Background Thread 3 ] DEBUG Engine               - class com.almasb.fxgl.ui.FXGLUIFactoryServiceProvider
12:36:29.699 [FXGL Background Thread 3 ] DEBUG Engine               - class com.almasb.fxgl.ui.FXGLDialogFactoryServiceProvider
12:36:29.699 [FXGL Background Thread 3 ] DEBUG Engine               - class com.almasb.fxgl.audio.AudioPlayer
12:36:29.699 [FXGL Background Thread 3 ] DEBUG Engine               - class com.almasb.fxgl.notification.impl.NotificationServiceProvider
12:36:29.699 [FXGL Background Thread 3 ] DEBUG Engine               - class com.almasb.fxgl.achievement.AchievementService
12:36:29.699 [FXGL Background Thread 3 ] DEBUG Engine               - class com.almasb.fxgl.cutscene.CutsceneService
12:36:29.700 [FXGL Background Thread 3 ] DEBUG Engine               - class com.almasb.fxgl.minigames.MiniGameService
12:36:29.700 [FXGL Background Thread 3 ] DEBUG Engine               - class com.almasb.fxgl.net.NetService
12:36:29.700 [FXGL Background Thread 3 ] DEBUG Engine               - class com.almasb.fxgl.app.services.UpdaterService
12:36:29.700 [FXGL Background Thread 3 ] DEBUG Engine               - class com.almasb.fxgl.dev.DevService
12:36:30.672 [JavaFX Application Thread] DEBUG PrimaryStageWindow   - Push state: FXGLDefaultMenu
12:36:30.678 [JavaFX Application Thread] DEBUG Input                - Clearing active input actions
12:36:30.679 [JavaFX Application Thread] DEBUG GameApplicationServi - Removing overlay from GameScene and adding to FXGLDefaultMenu
12:36:30.681 [JavaFX Application Thread] DEBUG PrimaryStageWindow   - GameScene -> FXGLDefaultMenu
12:36:33.217 [JavaFX Application Thread] DEBUG FXGL.DefaultMenu     - createContentAudio()
12:36:36.692 [JavaFX Application Thread] DEBUG PrimaryStageWindow   - Pop state: FXGLDefaultMenu
12:36:36.692 [JavaFX Application Thread] DEBUG Input                - Clearing active input actions
12:36:36.693 [JavaFX Application Thread] DEBUG GameApplicationServi - Removing overlay from FXGLDefaultMenu and adding to GameScene
12:36:36.695 [JavaFX Application Thread] DEBUG PrimaryStageWindow   - GameScene <- FXGLDefaultMenu
12:36:36.974 [JavaFX Application Thread] DEBUG PrimaryStageWindow   - Push state: FXGLDefaultMenu
12:36:36.974 [JavaFX Application Thread] DEBUG Input                - Clearing active input actions
12:36:36.976 [JavaFX Application Thread] DEBUG GameApplicationServi - Removing overlay from GameScene and adding to FXGLDefaultMenu
12:36:36.977 [JavaFX Application Thread] DEBUG PrimaryStageWindow   - GameScene -> FXGLDefaultMenu
12:36:37.331 [JavaFX Application Thread] DEBUG PrimaryStageWindow   - Pop state: FXGLDefaultMenu
12:36:37.331 [JavaFX Application Thread] DEBUG Input                - Clearing active input actions
12:36:37.332 [JavaFX Application Thread] DEBUG GameApplicationServi - Removing overlay from FXGLDefaultMenu and adding to GameScene
12:36:37.333 [JavaFX Application Thread] DEBUG PrimaryStageWindow   - GameScene <- FXGLDefaultMenu
12:36:37.785 [JavaFX Application Thread] DEBUG FXGLApplication      - Exiting FXGL
12:36:37.785 [JavaFX Application Thread] DEBUG LoopRunner           - Stopping loop
12:36:37.785 [JavaFX Application Thread] DEBUG SystemBundleService  - Saving FXGL system data
12:36:37.787 [JavaFX Application Thread] DEBUG FileSystemAccess     - Writing to: D:\Programación\JAVA\SuikaGame\system\fxgl.bundle
12:36:37.790 [JavaFX Application Thread] DEBUG Async                - Shutting down background threads
12:36:37.790 [JavaFX Application Thread] DEBUG PrimaryStageWindow   - Closing main window
12:36:37.805 [JavaFX Application Thread] DEBUG Logger               - Closing Logger
