13:37:27.134 [main                     ] DEBUG Logger               - Configured Logger
13:37:27.168 [main                     ] DEBUG GameApplication      - Logging settings
Title: Basic Game App
Version: 0.1
Width: 1280
Height: 720
Fullscreen: false
Intro: false
Profiling: false
Single step:false
App Mode: DEVELOPER
Menu Key: ESCAPE
Stage Style: DECORATED
Scene Factory: class com.almasb.fxgl.app.scene.SceneFactory

13:37:27.898 [JavaFX Application Thread] DEBUG FXGLApplication      - Initializing FXGL
13:37:27.902 [JavaFX Application Thread] INFO  Engine               - FXGL-21 (28.12.2023 13.35) on WINDOWS (J:21.0.1 FX:21.0.1)
13:37:27.902 [JavaFX Application Thread] DEBUG Engine               - JRE Vendor Name: Oracle Corporation
13:37:27.902 [JavaFX Application Thread] DEBUG Engine               - Running on OS: Windows 11 version 10.0
13:37:27.902 [JavaFX Application Thread] DEBUG Engine               - Architecture: amd64
13:37:27.903 [JavaFX Application Thread] INFO  Engine               - Source code and latest versions at: https://github.com/AlmasB/FXGL
13:37:27.903 [JavaFX Application Thread] INFO  Engine               -       Ask questions and discuss at: https://github.com/AlmasB/FXGL/discussions
13:37:27.903 [JavaFX Application Thread] INFO  Engine               -              Join the FXGL chat at: https://gitter.im/AlmasB/FXGL
13:37:28.059 [JavaFX Application Thread] DEBUG PrimaryStageWindow   - Creating a JavaFX scene
13:37:28.133 [JavaFX Application Thread] DEBUG PrimaryStageWindow   - Target settings size: 1280.0 x 720.0
13:37:28.133 [JavaFX Application Thread] DEBUG PrimaryStageWindow   - Scaled scene size:    1280.0 x 720.0
13:37:28.134 [JavaFX Application Thread] DEBUG PrimaryStageWindow   - Scaled ratio: (1.0, 1.0)
13:37:28.135 [JavaFX Application Thread] DEBUG PrimaryStageWindow   - Set initial scene to FXGLStartupScene
13:37:28.138 [JavaFX Application Thread] DEBUG PrimaryStageWindow   - Opening main window
13:37:28.271 [JavaFX Application Thread] DEBUG PrimaryStageWindow   - Window border size: (16.0, 39.0)
13:37:28.271 [JavaFX Application Thread] DEBUG PrimaryStageWindow   - Scaled size: 1280.0 x 720.0
13:37:28.271 [JavaFX Application Thread] DEBUG PrimaryStageWindow   - Scaled ratio: (1.0, 1.0)
13:37:28.271 [JavaFX Application Thread] DEBUG PrimaryStageWindow   - Scene size: 1280.0 x 720.0
13:37:28.272 [JavaFX Application Thread] DEBUG PrimaryStageWindow   - Stage size: 1296.0 x 759.0
13:37:28.283 [FXGL Background Thread 1 ] DEBUG Engine               - Initializing environment variables
13:37:28.359 [FXGL Background Thread 1 ] DEBUG FXGLAssetLoaderServi - User app class for loading assets: class com.lucenstuff.fxglgames.suikagame.SuikaGame
13:37:28.360 [FXGL Background Thread 1 ] DEBUG GameApplicationServi - Applying CSS: fxgl_dark.css
13:37:28.361 [FXGL Background Thread 1 ] DEBUG FXGLAssetLoaderServi - Loading from file system: jar:file:/C:/Users/agust/.m2/repository/com/github/almasb/fxgl/21/fxgl-21.jar!/fxglassets/ui/css/fxgl_dark.css
13:37:28.429 [FXGL Background Thread 1 ] DEBUG GameApplicationServi - Initializing application scenes
13:37:28.528 [FXGL Background Thread 1 ] DEBUG GameWorld            - Game world initialized
13:37:28.600 [FXGL Background Thread 1 ] DEBUG PhysicsWorld         - Physics world initialized: appHeight=720, physics.ppm=50,0
13:37:28.600 [FXGL Background Thread 1 ] DEBUG PhysicsWorld         - Using strategy: BRUTE_FORCE
13:37:28.604 [FXGL Background Thread 1 ] DEBUG GameScene            - Game scene initialized: 1280x720
13:37:28.621 [FXGL Background Thread 1 ] DEBUG FXGL.DefaultMenu     - createMenuBodyGameMenu()
13:37:28.641 [FXGL Background Thread 1 ] DEBUG FXGL.DefaultMenu     - createOptionsMenu()
13:37:28.654 [FXGL Background Thread 1 ] DEBUG FXGLAssetLoaderServi - Loading from file system: jar:file:/C:/Users/agust/.m2/repository/com/github/almasb/fxgl/21/fxgl-21.jar!/fxglassets/textures/particles/smoke.png
13:37:28.771 [FXGL Background Thread 1 ] DEBUG FXGLAssetLoaderServi - Loading from file system: jar:file:/C:/Users/agust/.m2/repository/com/github/almasb/fxgl/21/fxgl-21.jar!/fxglassets/textures/particles/trace_horizontal.png
13:37:28.805 [FXGL Background Thread 1 ] DEBUG GameApplicationServi - Application scenes initialized
13:37:28.826 [FXGL Background Thread 1 ] DEBUG SystemBundleService  - Loading FXGL system data
13:37:28.830 [FXGL Background Thread 1 ] DEBUG FileSystemAccess     - Reading from: D:\Programación\JAVA\SuikaGame\system\fxgl.bundle
13:37:28.845 [FXGL Background Thread 1 ] DEBUG SystemBundleService  - Bundle FXGL: {}
13:37:28.845 [FXGL Background Thread 1 ] DEBUG UpdaterService       - Checking for updates
13:37:28.904 [FXGL Background Thread 1 ] DEBUG FXGLApplication      - Loading default localization
13:37:28.905 [FXGL Background Thread 1 ] DEBUG FXGLAssetLoaderServi - Loading from file system: jar:file:/C:/Users/agust/.m2/repository/com/github/almasb/fxgl/21/fxgl-21.jar!/fxglassets/languages/english.lang
13:37:28.939 [FXGL Background Thread 1 ] INFO  FXGLApplication      - FXGL initialization took: 0,656 sec
13:37:28.942 [JavaFX Application Thread] DEBUG FXGLAssetLoaderServi - Loading from file system: jar:file:/C:/Users/agust/.m2/repository/com/github/almasb/fxgl/21/fxgl-21.jar!/fxglassets/textures/fxgl_icon.png
13:37:28.961 [FXGL Background Thread 4 ] DEBUG FXGLApplication      - Loading fonts
13:37:28.961 [FXGL Background Thread 4 ] DEBUG FXGLAssetLoaderServi - Loading from file system: jar:file:/C:/Users/agust/.m2/repository/com/github/almasb/fxgl/21/fxgl-21.jar!/fxglassets/ui/fonts/VarelaRound-Regular.ttf
13:37:28.967 [JavaFX Application Thread] DEBUG FXGLAssetLoaderServi - Loading from file system: jar:file:/C:/Users/agust/.m2/repository/com/github/almasb/fxgl/21/fxgl-21.jar!/fxglassets/textures/fxgl_default_cursor.png
13:37:29.004 [JavaFX Application Thread] DEBUG Input                - Registered new binding: Screenshot - CTRL+8
13:37:29.005 [JavaFX Application Thread] DEBUG Input                - Registered new binding: Dev Options - 1
13:37:29.007 [JavaFX Application Thread] DEBUG Input                - Registered new binding: Dev Console - 2
13:37:29.009 [JavaFX Application Thread] DEBUG Input                - Registered new binding: System info dump - CTRL+9
13:37:29.009 [JavaFX Application Thread] DEBUG Input                - Registered new binding: Restart - CTRL+R
13:37:29.010 [JavaFX Application Thread] DEBUG Input                - Registered new binding: Toggle Debug Camera - CTRL+7
13:37:29.014 [JavaFX Application Thread] DEBUG LoopRunner           - Starting loop
13:37:29.107 [FXGL Background Thread 4 ] DEBUG FXGLAssetLoaderServi - Loading from file system: jar:file:/C:/Users/agust/.m2/repository/com/github/almasb/fxgl/21/fxgl-21.jar!/fxglassets/ui/fonts/Abel-Regular.ttf
13:37:29.112 [JavaFX Application Thread] DEBUG LoopRunner           - Initializing JavaFX AnimationTimerLoop
13:37:29.114 [JavaFX Application Thread] DEBUG GameApplicationServi - Starting new game
13:37:29.114 [JavaFX Application Thread] DEBUG Input                - Clearing active input actions
13:37:29.135 [JavaFX Application Thread] DEBUG GameApplicationServi - Removing overlay from FXGLStartupScene and adding to FXGLLoadingScene
13:37:29.141 [JavaFX Application Thread] DEBUG PrimaryStageWindow   - FXGLStartupScene -> FXGLLoadingScene
13:37:29.141 [JavaFX Application Thread] DEBUG GameApplicationServi - Clearing previous game
13:37:29.142 [JavaFX Application Thread] DEBUG GameScene            - Clearing game scene
13:37:29.142 [JavaFX Application Thread] DEBUG GameWorld            - Clearing game world
13:37:29.142 [JavaFX Application Thread] DEBUG PhysicsWorld         - Clearing physics world
13:37:29.144 [FXGL Background Thread 1 ] DEBUG FXGLApplication      - Initializing game
13:37:29.155 [FXGL Background Thread 1 ] DEBUG FXGLAssetLoaderServi - Loading from file system: file:/D:/Programaci%c3%b3n/JAVA/SuikaGame/target/classes/assets/textures/background_view.png
13:37:29.186 [FXGL Background Thread 1 ] DEBUG FXGLAssetLoaderServi - Loading from file system: file:/D:/Programaci%c3%b3n/JAVA/SuikaGame/target/classes/assets/textures/container_view.png
13:37:29.348 [FXGL Background Thread 4 ] DEBUG FXGLAssetLoaderServi - Loading from file system: jar:file:/C:/Users/agust/.m2/repository/com/github/almasb/fxgl/21/fxgl-21.jar!/fxglassets/ui/fonts/TerminalLandMono-Regular.otf
13:37:29.370 [FXGL Background Thread 1 ] DEBUG FXGLAssetLoaderServi - Loading from file system: file:/D:/Programaci%c3%b3n/JAVA/SuikaGame/target/classes/assets/textures/ring_view.png
13:37:29.375 [FXGL Background Thread 1 ] DEBUG FXGLAssetLoaderServi - Loading from file system: file:/D:/Programaci%c3%b3n/JAVA/SuikaGame/target/classes/assets/textures/next_fruit_view.png
13:37:29.380 [FXGL Background Thread 1 ] DEBUG FXGLAssetLoaderServi - Loading from file system: file:/D:/Programaci%c3%b3n/JAVA/SuikaGame/target/classes/assets/textures/score_view.png
13:37:29.382 [FXGL Background Thread 1 ] INFO  FXGLApplication      - Game initialization took: 0,238 sec
13:37:29.623 [FXGL Background Thread 4 ] DEBUG FXGLAssetLoaderServi - Loading from file system: jar:file:/C:/Users/agust/.m2/repository/com/github/almasb/fxgl/21/fxgl-21.jar!/fxglassets/ui/fonts/Courier-Prime.ttf
13:37:29.644 [JavaFX Application Thread] DEBUG Input                - Clearing active input actions
13:37:29.653 [JavaFX Application Thread] DEBUG GameApplicationServi - Removing overlay from FXGLLoadingScene and adding to GameScene
13:37:29.660 [JavaFX Application Thread] DEBUG PrimaryStageWindow   - FXGLLoadingScene -> GameScene
13:37:29.808 [JavaFX Application Thread] DEBUG FXGLApplication      - Registering font factories with UI factory
13:37:31.900 [FXGL Background Thread 3 ] DEBUG Engine               - Logging environment variables
13:37:31.900 [FXGL Background Thread 3 ] DEBUG Engine               - achievements: []
13:37:31.900 [FXGL Background Thread 3 ] DEBUG Engine               - actualHeight: 720.0
13:37:31.901 [FXGL Background Thread 3 ] DEBUG Engine               - actualHeightProperty: ReadOnlyDoubleProperty [value: 720.0]
13:37:31.901 [FXGL Background Thread 3 ] DEBUG Engine               - actualWidth: 1280.0
13:37:31.901 [FXGL Background Thread 3 ] DEBUG Engine               - actualWidthProperty: ReadOnlyDoubleProperty [value: 1280.0]
13:37:31.901 [FXGL Background Thread 3 ] DEBUG Engine               - appIcon: fxgl_icon.png
13:37:31.901 [FXGL Background Thread 3 ] DEBUG Engine               - applicationMode: DEVELOPER
13:37:31.901 [FXGL Background Thread 3 ] DEBUG Engine               - cSSList: [fxgl_dark.css]
13:37:31.901 [FXGL Background Thread 3 ] DEBUG Engine               - collisionDetectionStrategy: BRUTE_FORCE
13:37:31.901 [FXGL Background Thread 3 ] DEBUG Engine               - configClass: Optional.empty
13:37:31.901 [FXGL Background Thread 3 ] DEBUG Engine               - credits: []
13:37:31.901 [FXGL Background Thread 3 ] DEBUG Engine               - defaultCursor: CursorInfo(imageName=fxgl_default_cursor.png, hotspotX=7.0, hotspotY=6.0)
13:37:31.901 [FXGL Background Thread 3 ] DEBUG Engine               - devBBoxColorProperty: ObjectProperty [value: 0xff0000ff]
13:37:31.901 [FXGL Background Thread 3 ] DEBUG Engine               - devEnableDebugCameraProperty: BooleanProperty [value: false]
13:37:31.902 [FXGL Background Thread 3 ] DEBUG Engine               - devSensorColorProperty: ObjectProperty [value: 0xffff00ff]
13:37:31.903 [FXGL Background Thread 3 ] DEBUG Engine               - devShowBBoxProperty: BooleanProperty [value: false]
13:37:31.903 [FXGL Background Thread 3 ] DEBUG Engine               - devShowPositionProperty: BooleanProperty [value: false]
13:37:31.903 [FXGL Background Thread 3 ] DEBUG Engine               - enabledMenuItems: []
13:37:31.903 [FXGL Background Thread 3 ] DEBUG Engine               - engineServices: [class com.almasb.fxgl.app.services.FXGLAssetLoaderService, class com.almasb.fxgl.app.FXGLApplication$GameApplicationService, class com.almasb.fxgl.app.services.FXGLDialogService, class com.almasb.fxgl.app.services.IOTaskExecutorService, class com.almasb.fxgl.io.FileSystemService, class com.almasb.fxgl.localization.LocalizationService, class com.almasb.fxgl.app.services.SystemBundleService, class com.almasb.fxgl.profile.SaveLoadService, class com.almasb.fxgl.ui.FXGLUIFactoryServiceProvider, class com.almasb.fxgl.ui.FXGLDialogFactoryServiceProvider, class com.almasb.fxgl.audio.AudioPlayer, class com.almasb.fxgl.notification.impl.NotificationServiceProvider, class com.almasb.fxgl.achievement.AchievementService, class com.almasb.fxgl.cutscene.CutsceneService, class com.almasb.fxgl.minigames.MiniGameService, class com.almasb.fxgl.net.NetService, class com.almasb.fxgl.app.services.UpdaterService, class com.almasb.fxgl.dev.DevService]
13:37:31.904 [FXGL Background Thread 3 ] DEBUG Engine               - fontGame: Abel-Regular.ttf
13:37:31.904 [FXGL Background Thread 3 ] DEBUG Engine               - fontMono: TerminalLandMono-Regular.otf
13:37:31.904 [FXGL Background Thread 3 ] DEBUG Engine               - fontSizeScaleUI: 1.0
13:37:31.904 [FXGL Background Thread 3 ] DEBUG Engine               - fontText: Courier-Prime.ttf
13:37:31.904 [FXGL Background Thread 3 ] DEBUG Engine               - fontUI: VarelaRound-Regular.ttf
13:37:31.904 [FXGL Background Thread 3 ] DEBUG Engine               - fullScreen: BooleanProperty [value: false]
13:37:31.904 [FXGL Background Thread 3 ] DEBUG Engine               - gameDifficulty: MEDIUM
13:37:31.904 [FXGL Background Thread 3 ] DEBUG Engine               - gameDifficultyProperty: ObjectProperty [value: MEDIUM]
13:37:31.905 [FXGL Background Thread 3 ] DEBUG Engine               - globalMusicVolume: 0.5
13:37:31.905 [FXGL Background Thread 3 ] DEBUG Engine               - globalMusicVolumeProperty: DoubleProperty [value: 0.5]
13:37:31.905 [FXGL Background Thread 3 ] DEBUG Engine               - globalSoundVolume: 0.5
13:37:31.905 [FXGL Background Thread 3 ] DEBUG Engine               - globalSoundVolumeProperty: DoubleProperty [value: 0.5]
13:37:31.905 [FXGL Background Thread 3 ] DEBUG Engine               - height: 720
13:37:31.906 [FXGL Background Thread 3 ] DEBUG Engine               - is3D: false
13:37:31.906 [FXGL Background Thread 3 ] DEBUG Engine               - isAndroid: false
13:37:31.906 [FXGL Background Thread 3 ] DEBUG Engine               - isBrowser: false
13:37:31.906 [FXGL Background Thread 3 ] DEBUG Engine               - isClickFeedbackEnabled: false
13:37:31.906 [FXGL Background Thread 3 ] DEBUG Engine               - isCloseConfirmation: false
13:37:31.906 [FXGL Background Thread 3 ] DEBUG Engine               - isDesktop: true
13:37:31.906 [FXGL Background Thread 3 ] DEBUG Engine               - isDeveloperMenuEnabled: true
13:37:31.906 [FXGL Background Thread 3 ] DEBUG Engine               - isEmbedded: false
13:37:31.906 [FXGL Background Thread 3 ] DEBUG Engine               - isEntityPreloadEnabled: true
13:37:31.906 [FXGL Background Thread 3 ] DEBUG Engine               - isExperimentalTiledLargeMap: false
13:37:31.906 [FXGL Background Thread 3 ] DEBUG Engine               - isFileSystemWriteAllowed: true
13:37:31.906 [FXGL Background Thread 3 ] DEBUG Engine               - isFullScreenAllowed: false
13:37:31.907 [FXGL Background Thread 3 ] DEBUG Engine               - isFullScreenFromStart: false
13:37:31.907 [FXGL Background Thread 3 ] DEBUG Engine               - isGameMenuEnabled: true
13:37:31.907 [FXGL Background Thread 3 ] DEBUG Engine               - isIOS: false
13:37:31.907 [FXGL Background Thread 3 ] DEBUG Engine               - isIntroEnabled: false
13:37:31.907 [FXGL Background Thread 3 ] DEBUG Engine               - isLinux: false
13:37:31.907 [FXGL Background Thread 3 ] DEBUG Engine               - isMac: false
13:37:31.907 [FXGL Background Thread 3 ] DEBUG Engine               - isMainMenuEnabled: false
13:37:31.907 [FXGL Background Thread 3 ] DEBUG Engine               - isManualResizeEnabled: false
13:37:31.907 [FXGL Background Thread 3 ] DEBUG Engine               - isMobile: false
13:37:31.907 [FXGL Background Thread 3 ] DEBUG Engine               - isNative: false
13:37:31.907 [FXGL Background Thread 3 ] DEBUG Engine               - isPauseMusicWhenMinimized: true
13:37:31.907 [FXGL Background Thread 3 ] DEBUG Engine               - isPreserveResizeRatio: false
13:37:31.908 [FXGL Background Thread 3 ] DEBUG Engine               - isProfilingEnabled: false
13:37:31.908 [FXGL Background Thread 3 ] DEBUG Engine               - isScaleAffectedOnResize: true
13:37:31.908 [FXGL Background Thread 3 ] DEBUG Engine               - isSingleStep: false
13:37:31.908 [FXGL Background Thread 3 ] DEBUG Engine               - isUserProfileEnabled: false
13:37:31.908 [FXGL Background Thread 3 ] DEBUG Engine               - isWindows: true
13:37:31.908 [FXGL Background Thread 3 ] DEBUG Engine               - language: ObjectProperty [value: ENGLISH]
13:37:31.908 [FXGL Background Thread 3 ] DEBUG Engine               - menuKey: ESCAPE
13:37:31.908 [FXGL Background Thread 3 ] DEBUG Engine               - mouseSensitivity: 0.2
13:37:31.908 [FXGL Background Thread 3 ] DEBUG Engine               - notificationViewClass: class com.almasb.fxgl.notification.view.XboxNotificationView
13:37:31.908 [FXGL Background Thread 3 ] DEBUG Engine               - pixelsPerMeter: 50.0
13:37:31.908 [FXGL Background Thread 3 ] DEBUG Engine               - platform: WINDOWS
13:37:31.908 [FXGL Background Thread 3 ] DEBUG Engine               - prefHeightProperty: ReadOnlyDoubleProperty [value: 720.0]
13:37:31.909 [FXGL Background Thread 3 ] DEBUG Engine               - prefWidthProperty: ReadOnlyDoubleProperty [value: 1280.0]
13:37:31.909 [FXGL Background Thread 3 ] DEBUG Engine               - profileDir: profiles/
13:37:31.909 [FXGL Background Thread 3 ] DEBUG Engine               - profileName: StringProperty [value: DEFAULT]
13:37:31.909 [FXGL Background Thread 3 ] DEBUG Engine               - randomSeed: -1
13:37:31.911 [FXGL Background Thread 3 ] DEBUG Engine               - runtimeInfo: RuntimeInfo(platform=WINDOWS, version=21, build=28.12.2023 13.35)
13:37:31.911 [FXGL Background Thread 3 ] DEBUG Engine               - saveFileExt: sav
13:37:31.911 [FXGL Background Thread 3 ] DEBUG Engine               - scaledHeightProp$fxgl: DoubleProperty [bound, value: 720.0]
13:37:31.911 [FXGL Background Thread 3 ] DEBUG Engine               - scaledWidthProp$fxgl: DoubleProperty [bound, value: 1280.0]
13:37:31.911 [FXGL Background Thread 3 ] DEBUG Engine               - sceneFactory: com.almasb.fxgl.app.scene.SceneFactory@11071670
13:37:31.911 [FXGL Background Thread 3 ] DEBUG Engine               - secondsIn24h: 60
13:37:31.911 [FXGL Background Thread 3 ] DEBUG Engine               - soundMenuBack: menu/back.wav
13:37:31.911 [FXGL Background Thread 3 ] DEBUG Engine               - soundMenuPress: menu/press.wav
13:37:31.911 [FXGL Background Thread 3 ] DEBUG Engine               - soundMenuSelect: menu/select.wav
13:37:31.911 [FXGL Background Thread 3 ] DEBUG Engine               - soundNotification: core/notification.wav
13:37:31.911 [FXGL Background Thread 3 ] DEBUG Engine               - stageStyle: DECORATED
13:37:31.911 [FXGL Background Thread 3 ] DEBUG Engine               - supportedLanguages: [ENGLISH, FRENCH, GERMAN, HUNGARIAN, RUSSIAN]
13:37:31.911 [FXGL Background Thread 3 ] DEBUG Engine               - ticksPerSecond: -1
13:37:31.912 [FXGL Background Thread 3 ] DEBUG Engine               - title: Basic Game App
13:37:31.912 [FXGL Background Thread 3 ] DEBUG Engine               - urlGithub: https://github.com/AlmasB/FXGL
13:37:31.912 [FXGL Background Thread 3 ] DEBUG Engine               - urlLeaderboard: http://fxgl-top.herokuapp.com/
13:37:31.912 [FXGL Background Thread 3 ] DEBUG Engine               - urlPOM: https://raw.githubusercontent.com/AlmasB/FXGL/release/README.md
13:37:31.912 [FXGL Background Thread 3 ] DEBUG Engine               - userAppClass: class com.lucenstuff.fxglgames.suikagame.SuikaGame
13:37:31.912 [FXGL Background Thread 3 ] DEBUG Engine               - version: 0.1
13:37:31.912 [FXGL Background Thread 3 ] DEBUG Engine               - versionCheckDays: 7
13:37:31.913 [FXGL Background Thread 3 ] DEBUG Engine               - width: 1280
13:37:31.913 [FXGL Background Thread 3 ] DEBUG Engine               - Logging services
13:37:31.913 [FXGL Background Thread 3 ] DEBUG Engine               - class com.almasb.fxgl.app.services.FXGLAssetLoaderService
13:37:31.913 [FXGL Background Thread 3 ] DEBUG Engine               - class com.almasb.fxgl.app.FXGLApplication$GameApplicationService
13:37:31.913 [FXGL Background Thread 3 ] DEBUG Engine               - class com.almasb.fxgl.app.services.FXGLDialogService
13:37:31.913 [FXGL Background Thread 3 ] DEBUG Engine               - class com.almasb.fxgl.app.services.IOTaskExecutorService
13:37:31.913 [FXGL Background Thread 3 ] DEBUG Engine               - class com.almasb.fxgl.io.FileSystemService
13:37:31.913 [FXGL Background Thread 3 ] DEBUG Engine               - class com.almasb.fxgl.localization.LocalizationService
13:37:31.913 [FXGL Background Thread 3 ] DEBUG Engine               - class com.almasb.fxgl.app.services.SystemBundleService
13:37:31.913 [FXGL Background Thread 3 ] DEBUG Engine               - class com.almasb.fxgl.profile.SaveLoadService
13:37:31.913 [FXGL Background Thread 3 ] DEBUG Engine               - class com.almasb.fxgl.ui.FXGLUIFactoryServiceProvider
13:37:31.913 [FXGL Background Thread 3 ] DEBUG Engine               - class com.almasb.fxgl.ui.FXGLDialogFactoryServiceProvider
13:37:31.913 [FXGL Background Thread 3 ] DEBUG Engine               - class com.almasb.fxgl.audio.AudioPlayer
13:37:31.914 [FXGL Background Thread 3 ] DEBUG Engine               - class com.almasb.fxgl.notification.impl.NotificationServiceProvider
13:37:31.914 [FXGL Background Thread 3 ] DEBUG Engine               - class com.almasb.fxgl.achievement.AchievementService
13:37:31.914 [FXGL Background Thread 3 ] DEBUG Engine               - class com.almasb.fxgl.cutscene.CutsceneService
13:37:31.914 [FXGL Background Thread 3 ] DEBUG Engine               - class com.almasb.fxgl.minigames.MiniGameService
13:37:31.914 [FXGL Background Thread 3 ] DEBUG Engine               - class com.almasb.fxgl.net.NetService
13:37:31.914 [FXGL Background Thread 3 ] DEBUG Engine               - class com.almasb.fxgl.app.services.UpdaterService
13:37:31.914 [FXGL Background Thread 3 ] DEBUG Engine               - class com.almasb.fxgl.dev.DevService
13:37:32.443 [JavaFX Application Thread] DEBUG FXGLAssetLoaderServi - Loading from file system: file:/D:/Programaci%c3%b3n/JAVA/SuikaGame/target/classes/assets/textures/cherry_view.png
13:37:32.445 [JavaFX Application Thread] DEBUG FXGLAssetLoaderServi - Loading from file system: file:/D:/Programaci%c3%b3n/JAVA/SuikaGame/target/classes/assets/textures/lemon_view.png
13:37:33.400 [JavaFX Application Thread] DEBUG FXGLAssetLoaderServi - Loading from file system: file:/D:/Programaci%c3%b3n/JAVA/SuikaGame/target/classes/assets/textures/apple_view.png
13:37:34.264 [JavaFX Application Thread] DEBUG FXGLAssetLoaderServi - Loading from file system: file:/D:/Programaci%c3%b3n/JAVA/SuikaGame/target/classes/assets/textures/grape_view.png
13:37:36.325 [JavaFX Application Thread] DEBUG FXGLAssetLoaderServi - Loading from file system: file:/D:/Programaci%c3%b3n/JAVA/SuikaGame/target/classes/assets/textures/orange_view.png
13:37:37.457 [JavaFX Application Thread] DEBUG FXGLAssetLoaderServi - Loading from file system: file:/D:/Programaci%c3%b3n/JAVA/SuikaGame/target/classes/assets/textures/strawberry_view.png
13:37:45.401 [JavaFX Application Thread] DEBUG FXGLAssetLoaderServi - Loading from file system: file:/D:/Programaci%c3%b3n/JAVA/SuikaGame/target/classes/assets/textures/pear_view.png
13:37:59.028 [JavaFX Application Thread] DEBUG FXGLApplication      - Exiting FXGL
13:37:59.028 [JavaFX Application Thread] DEBUG LoopRunner           - Stopping loop
13:37:59.028 [JavaFX Application Thread] DEBUG SystemBundleService  - Saving FXGL system data
13:37:59.031 [JavaFX Application Thread] DEBUG FileSystemAccess     - Writing to: D:\Programación\JAVA\SuikaGame\system\fxgl.bundle
13:37:59.033 [JavaFX Application Thread] DEBUG Async                - Shutting down background threads
13:37:59.034 [JavaFX Application Thread] DEBUG PrimaryStageWindow   - Closing main window
13:37:59.047 [JavaFX Application Thread] DEBUG Logger               - Closing Logger
