15:31:03.696 [main                     ] DEBUG Logger               - Configured Logger
15:31:03.737 [main                     ] DEBUG GameApplication      - Logging settings
Title: Basic Game App
Version: 0.1
Width: 1280
Height: 720
Fullscreen: false
Intro: false
Profiling: false
Single step:false
App Mode: DEVELOPER
Menu Key: ESCAPE
Stage Style: DECORATED
Scene Factory: class com.almasb.fxgl.app.scene.SceneFactory

15:31:04.418 [JavaFX Application Thread] DEBUG FXGLApplication      - Initializing FXGL
15:31:04.423 [JavaFX Application Thread] INFO  Engine               - FXGL-21 (28.12.2023 13.35) on WINDOWS (J:21.0.1 FX:21.0.1)
15:31:04.423 [JavaFX Application Thread] DEBUG Engine               - JRE Vendor Name: Oracle Corporation
15:31:04.424 [JavaFX Application Thread] DEBUG Engine               - Running on OS: Windows 11 version 10.0
15:31:04.424 [JavaFX Application Thread] DEBUG Engine               - Architecture: amd64
15:31:04.424 [JavaFX Application Thread] INFO  Engine               - Source code and latest versions at: https://github.com/AlmasB/FXGL
15:31:04.424 [JavaFX Application Thread] INFO  Engine               -       Ask questions and discuss at: https://github.com/AlmasB/FXGL/discussions
15:31:04.425 [JavaFX Application Thread] INFO  Engine               -              Join the FXGL chat at: https://gitter.im/AlmasB/FXGL
15:31:04.604 [JavaFX Application Thread] DEBUG PrimaryStageWindow   - Creating a JavaFX scene
15:31:04.679 [JavaFX Application Thread] DEBUG PrimaryStageWindow   - Target settings size: 1280.0 x 720.0
15:31:04.681 [JavaFX Application Thread] DEBUG PrimaryStageWindow   - Scaled scene size:    1280.0 x 720.0
15:31:04.681 [JavaFX Application Thread] DEBUG PrimaryStageWindow   - Scaled ratio: (1.0, 1.0)
15:31:04.682 [JavaFX Application Thread] DEBUG PrimaryStageWindow   - Set initial scene to FXGLStartupScene
15:31:04.688 [JavaFX Application Thread] DEBUG PrimaryStageWindow   - Opening main window
15:31:04.826 [JavaFX Application Thread] DEBUG PrimaryStageWindow   - Window border size: (16.0, 39.0)
15:31:04.827 [JavaFX Application Thread] DEBUG PrimaryStageWindow   - Scaled size: 1280.0 x 720.0
15:31:04.827 [JavaFX Application Thread] DEBUG PrimaryStageWindow   - Scaled ratio: (1.0, 1.0)
15:31:04.827 [JavaFX Application Thread] DEBUG PrimaryStageWindow   - Scene size: 1280.0 x 720.0
15:31:04.827 [JavaFX Application Thread] DEBUG PrimaryStageWindow   - Stage size: 1296.0 x 759.0
15:31:04.840 [FXGL Background Thread 1 ] DEBUG Engine               - Initializing environment variables
15:31:04.932 [FXGL Background Thread 1 ] DEBUG FXGLAssetLoaderServi - User app class for loading assets: class com.lucenstuff.fxglgames.suikagame.SuikaGame
15:31:04.932 [FXGL Background Thread 1 ] DEBUG GameApplicationServi - Applying CSS: fxgl_dark.css
15:31:04.933 [FXGL Background Thread 1 ] DEBUG FXGLAssetLoaderServi - Loading from file system: jar:file:/C:/Users/agust/.m2/repository/com/github/almasb/fxgl/21/fxgl-21.jar!/fxglassets/ui/css/fxgl_dark.css
15:31:05.005 [FXGL Background Thread 1 ] DEBUG GameApplicationServi - Initializing application scenes
15:31:05.142 [FXGL Background Thread 1 ] DEBUG GameWorld            - Game world initialized
15:31:05.227 [FXGL Background Thread 1 ] DEBUG PhysicsWorld         - Physics world initialized: appHeight=720, physics.ppm=50,0
15:31:05.227 [FXGL Background Thread 1 ] DEBUG PhysicsWorld         - Using strategy: BRUTE_FORCE
15:31:05.233 [FXGL Background Thread 1 ] DEBUG GameScene            - Game scene initialized: 1280x720
15:31:05.251 [FXGL Background Thread 1 ] DEBUG FXGL.DefaultMenu     - createMenuBodyGameMenu()
15:31:05.275 [FXGL Background Thread 1 ] DEBUG FXGL.DefaultMenu     - createOptionsMenu()
15:31:05.291 [FXGL Background Thread 1 ] DEBUG FXGLAssetLoaderServi - Loading from file system: jar:file:/C:/Users/agust/.m2/repository/com/github/almasb/fxgl/21/fxgl-21.jar!/fxglassets/textures/particles/smoke.png
15:31:05.438 [FXGL Background Thread 1 ] DEBUG FXGLAssetLoaderServi - Loading from file system: jar:file:/C:/Users/agust/.m2/repository/com/github/almasb/fxgl/21/fxgl-21.jar!/fxglassets/textures/particles/trace_horizontal.png
15:31:05.476 [FXGL Background Thread 1 ] DEBUG GameApplicationServi - Application scenes initialized
15:31:05.498 [FXGL Background Thread 1 ] DEBUG SystemBundleService  - Loading FXGL system data
15:31:05.504 [FXGL Background Thread 1 ] DEBUG FileSystemAccess     - Reading from: C:\Users\agust\OneDrive\Escritorio\FXGLGames-master\Gravity\system\fxgl.bundle
15:31:05.521 [FXGL Background Thread 1 ] DEBUG SystemBundleService  - Bundle FXGL: {}
15:31:05.521 [FXGL Background Thread 1 ] DEBUG UpdaterService       - Checking for updates
15:31:05.572 [FXGL Background Thread 1 ] DEBUG FXGLApplication      - Loading default localization
15:31:05.575 [FXGL Background Thread 1 ] DEBUG FXGLAssetLoaderServi - Loading from file system: jar:file:/C:/Users/agust/.m2/repository/com/github/almasb/fxgl/21/fxgl-21.jar!/fxglassets/languages/english.lang
15:31:05.614 [FXGL Background Thread 1 ] INFO  FXGLApplication      - FXGL initialization took: 0,775 sec
15:31:05.616 [JavaFX Application Thread] DEBUG FXGLAssetLoaderServi - Loading from file system: jar:file:/C:/Users/agust/.m2/repository/com/github/almasb/fxgl/21/fxgl-21.jar!/fxglassets/textures/fxgl_icon.png
15:31:05.649 [FXGL Background Thread 4 ] DEBUG FXGLApplication      - Loading fonts
15:31:05.649 [FXGL Background Thread 4 ] DEBUG FXGLAssetLoaderServi - Loading from file system: jar:file:/C:/Users/agust/.m2/repository/com/github/almasb/fxgl/21/fxgl-21.jar!/fxglassets/ui/fonts/VarelaRound-Regular.ttf
15:31:05.689 [JavaFX Application Thread] DEBUG FXGLAssetLoaderServi - Loading from file system: jar:file:/C:/Users/agust/.m2/repository/com/github/almasb/fxgl/21/fxgl-21.jar!/fxglassets/textures/fxgl_default_cursor.png
15:31:05.716 [JavaFX Application Thread] DEBUG Input                - Registered new binding: Screenshot - CTRL+8
15:31:05.717 [JavaFX Application Thread] DEBUG Input                - Registered new binding: Dev Options - 1
15:31:05.720 [JavaFX Application Thread] DEBUG Input                - Registered new binding: Dev Console - 2
15:31:05.722 [JavaFX Application Thread] DEBUG Input                - Registered new binding: System info dump - CTRL+9
15:31:05.722 [JavaFX Application Thread] DEBUG Input                - Registered new binding: Restart - CTRL+R
15:31:05.723 [JavaFX Application Thread] DEBUG Input                - Registered new binding: Toggle Debug Camera - CTRL+7
15:31:05.732 [JavaFX Application Thread] DEBUG LoopRunner           - Starting loop
15:31:05.802 [FXGL Background Thread 4 ] DEBUG FXGLAssetLoaderServi - Loading from file system: jar:file:/C:/Users/agust/.m2/repository/com/github/almasb/fxgl/21/fxgl-21.jar!/fxglassets/ui/fonts/Abel-Regular.ttf
15:31:05.812 [JavaFX Application Thread] DEBUG LoopRunner           - Initializing JavaFX AnimationTimerLoop
15:31:05.815 [JavaFX Application Thread] DEBUG GameApplicationServi - Starting new game
15:31:05.816 [JavaFX Application Thread] DEBUG Input                - Clearing active input actions
15:31:05.836 [JavaFX Application Thread] DEBUG GameApplicationServi - Removing overlay from FXGLStartupScene and adding to FXGLLoadingScene
15:31:05.842 [JavaFX Application Thread] DEBUG PrimaryStageWindow   - FXGLStartupScene -> FXGLLoadingScene
15:31:05.843 [JavaFX Application Thread] DEBUG GameApplicationServi - Clearing previous game
15:31:05.843 [JavaFX Application Thread] DEBUG GameScene            - Clearing game scene
15:31:05.843 [JavaFX Application Thread] DEBUG GameWorld            - Clearing game world
15:31:05.843 [JavaFX Application Thread] DEBUG PhysicsWorld         - Clearing physics world
15:31:05.848 [FXGL Background Thread 1 ] DEBUG FXGLApplication      - Initializing game
15:31:05.891 [FXGL Background Thread 1 ] DEBUG FXGLAssetLoaderServi - Loading from file system: file:/C:/Users/agust/OneDrive/Escritorio/FXGLGames-master/Gravity/target/classes/assets/textures/orange.png
15:31:05.897 [FXGL Background Thread 1 ] INFO  FXGLApplication      - Game initialization took: 0,050 sec
15:31:05.908 [FXGL Background Thread 4 ] DEBUG FXGLAssetLoaderServi - Loading from file system: jar:file:/C:/Users/agust/.m2/repository/com/github/almasb/fxgl/21/fxgl-21.jar!/fxglassets/ui/fonts/TerminalLandMono-Regular.otf
15:31:06.324 [JavaFX Application Thread] DEBUG Input                - Clearing active input actions
15:31:06.353 [FXGL Background Thread 4 ] DEBUG FXGLAssetLoaderServi - Loading from file system: jar:file:/C:/Users/agust/.m2/repository/com/github/almasb/fxgl/21/fxgl-21.jar!/fxglassets/ui/fonts/Courier-Prime.ttf
15:31:06.356 [JavaFX Application Thread] DEBUG GameApplicationServi - Removing overlay from FXGLLoadingScene and adding to GameScene
15:31:06.363 [JavaFX Application Thread] DEBUG PrimaryStageWindow   - FXGLLoadingScene -> GameScene
15:31:06.511 [JavaFX Application Thread] DEBUG FXGLApplication      - Registering font factories with UI factory
15:31:08.569 [FXGL Background Thread 3 ] DEBUG Engine               - Logging environment variables
15:31:08.570 [FXGL Background Thread 3 ] DEBUG Engine               - achievements: []
15:31:08.570 [FXGL Background Thread 3 ] DEBUG Engine               - actualHeight: 720.0
15:31:08.570 [FXGL Background Thread 3 ] DEBUG Engine               - actualHeightProperty: ReadOnlyDoubleProperty [value: 720.0]
15:31:08.570 [FXGL Background Thread 3 ] DEBUG Engine               - actualWidth: 1280.0
15:31:08.570 [FXGL Background Thread 3 ] DEBUG Engine               - actualWidthProperty: ReadOnlyDoubleProperty [value: 1280.0]
15:31:08.570 [FXGL Background Thread 3 ] DEBUG Engine               - appIcon: fxgl_icon.png
15:31:08.571 [FXGL Background Thread 3 ] DEBUG Engine               - applicationMode: DEVELOPER
15:31:08.571 [FXGL Background Thread 3 ] DEBUG Engine               - cSSList: [fxgl_dark.css]
15:31:08.571 [FXGL Background Thread 3 ] DEBUG Engine               - collisionDetectionStrategy: BRUTE_FORCE
15:31:08.571 [FXGL Background Thread 3 ] DEBUG Engine               - configClass: Optional.empty
15:31:08.571 [FXGL Background Thread 3 ] DEBUG Engine               - credits: []
15:31:08.571 [FXGL Background Thread 3 ] DEBUG Engine               - defaultCursor: CursorInfo(imageName=fxgl_default_cursor.png, hotspotX=7.0, hotspotY=6.0)
15:31:08.571 [FXGL Background Thread 3 ] DEBUG Engine               - devBBoxColorProperty: ObjectProperty [value: 0xff0000ff]
15:31:08.571 [FXGL Background Thread 3 ] DEBUG Engine               - devEnableDebugCameraProperty: BooleanProperty [value: false]
15:31:08.572 [FXGL Background Thread 3 ] DEBUG Engine               - devSensorColorProperty: ObjectProperty [value: 0xffff00ff]
15:31:08.572 [FXGL Background Thread 3 ] DEBUG Engine               - devShowBBoxProperty: BooleanProperty [value: false]
15:31:08.572 [FXGL Background Thread 3 ] DEBUG Engine               - devShowPositionProperty: BooleanProperty [value: false]
15:31:08.572 [FXGL Background Thread 3 ] DEBUG Engine               - enabledMenuItems: []
15:31:08.572 [FXGL Background Thread 3 ] DEBUG Engine               - engineServices: [class com.almasb.fxgl.app.services.FXGLAssetLoaderService, class com.almasb.fxgl.app.FXGLApplication$GameApplicationService, class com.almasb.fxgl.app.services.FXGLDialogService, class com.almasb.fxgl.app.services.IOTaskExecutorService, class com.almasb.fxgl.io.FileSystemService, class com.almasb.fxgl.localization.LocalizationService, class com.almasb.fxgl.app.services.SystemBundleService, class com.almasb.fxgl.profile.SaveLoadService, class com.almasb.fxgl.ui.FXGLUIFactoryServiceProvider, class com.almasb.fxgl.ui.FXGLDialogFactoryServiceProvider, class com.almasb.fxgl.audio.AudioPlayer, class com.almasb.fxgl.notification.impl.NotificationServiceProvider, class com.almasb.fxgl.achievement.AchievementService, class com.almasb.fxgl.cutscene.CutsceneService, class com.almasb.fxgl.minigames.MiniGameService, class com.almasb.fxgl.net.NetService, class com.almasb.fxgl.app.services.UpdaterService, class com.almasb.fxgl.dev.DevService]
15:31:08.573 [FXGL Background Thread 3 ] DEBUG Engine               - fontGame: Abel-Regular.ttf
15:31:08.573 [FXGL Background Thread 3 ] DEBUG Engine               - fontMono: TerminalLandMono-Regular.otf
15:31:08.573 [FXGL Background Thread 3 ] DEBUG Engine               - fontSizeScaleUI: 1.0
15:31:08.573 [FXGL Background Thread 3 ] DEBUG Engine               - fontText: Courier-Prime.ttf
15:31:08.573 [FXGL Background Thread 3 ] DEBUG Engine               - fontUI: VarelaRound-Regular.ttf
15:31:08.573 [FXGL Background Thread 3 ] DEBUG Engine               - fullScreen: BooleanProperty [value: false]
15:31:08.573 [FXGL Background Thread 3 ] DEBUG Engine               - gameDifficulty: MEDIUM
15:31:08.573 [FXGL Background Thread 3 ] DEBUG Engine               - gameDifficultyProperty: ObjectProperty [value: MEDIUM]
15:31:08.573 [FXGL Background Thread 3 ] DEBUG Engine               - globalMusicVolume: 0.5
15:31:08.574 [FXGL Background Thread 3 ] DEBUG Engine               - globalMusicVolumeProperty: DoubleProperty [value: 0.5]
15:31:08.574 [FXGL Background Thread 3 ] DEBUG Engine               - globalSoundVolume: 0.5
15:31:08.574 [FXGL Background Thread 3 ] DEBUG Engine               - globalSoundVolumeProperty: DoubleProperty [value: 0.5]
15:31:08.574 [FXGL Background Thread 3 ] DEBUG Engine               - height: 720
15:31:08.574 [FXGL Background Thread 3 ] DEBUG Engine               - is3D: false
15:31:08.574 [FXGL Background Thread 3 ] DEBUG Engine               - isAndroid: false
15:31:08.574 [FXGL Background Thread 3 ] DEBUG Engine               - isBrowser: false
15:31:08.574 [FXGL Background Thread 3 ] DEBUG Engine               - isClickFeedbackEnabled: false
15:31:08.575 [FXGL Background Thread 3 ] DEBUG Engine               - isCloseConfirmation: false
15:31:08.576 [FXGL Background Thread 3 ] DEBUG Engine               - isDesktop: true
15:31:08.576 [FXGL Background Thread 3 ] DEBUG Engine               - isDeveloperMenuEnabled: true
15:31:08.576 [FXGL Background Thread 3 ] DEBUG Engine               - isEmbedded: false
15:31:08.576 [FXGL Background Thread 3 ] DEBUG Engine               - isEntityPreloadEnabled: true
15:31:08.576 [FXGL Background Thread 3 ] DEBUG Engine               - isExperimentalTiledLargeMap: false
15:31:08.576 [FXGL Background Thread 3 ] DEBUG Engine               - isFileSystemWriteAllowed: true
15:31:08.576 [FXGL Background Thread 3 ] DEBUG Engine               - isFullScreenAllowed: false
15:31:08.576 [FXGL Background Thread 3 ] DEBUG Engine               - isFullScreenFromStart: false
15:31:08.576 [FXGL Background Thread 3 ] DEBUG Engine               - isGameMenuEnabled: true
15:31:08.576 [FXGL Background Thread 3 ] DEBUG Engine               - isIOS: false
15:31:08.577 [FXGL Background Thread 3 ] DEBUG Engine               - isIntroEnabled: false
15:31:08.577 [FXGL Background Thread 3 ] DEBUG Engine               - isLinux: false
15:31:08.577 [FXGL Background Thread 3 ] DEBUG Engine               - isMac: false
15:31:08.577 [FXGL Background Thread 3 ] DEBUG Engine               - isMainMenuEnabled: false
15:31:08.577 [FXGL Background Thread 3 ] DEBUG Engine               - isManualResizeEnabled: false
15:31:08.577 [FXGL Background Thread 3 ] DEBUG Engine               - isMobile: false
15:31:08.577 [FXGL Background Thread 3 ] DEBUG Engine               - isNative: false
15:31:08.577 [FXGL Background Thread 3 ] DEBUG Engine               - isPauseMusicWhenMinimized: true
15:31:08.578 [FXGL Background Thread 3 ] DEBUG Engine               - isPreserveResizeRatio: false
15:31:08.578 [FXGL Background Thread 3 ] DEBUG Engine               - isProfilingEnabled: false
15:31:08.578 [FXGL Background Thread 3 ] DEBUG Engine               - isScaleAffectedOnResize: true
15:31:08.578 [FXGL Background Thread 3 ] DEBUG Engine               - isSingleStep: false
15:31:08.578 [FXGL Background Thread 3 ] DEBUG Engine               - isUserProfileEnabled: false
15:31:08.578 [FXGL Background Thread 3 ] DEBUG Engine               - isWindows: true
15:31:08.578 [FXGL Background Thread 3 ] DEBUG Engine               - language: ObjectProperty [value: ENGLISH]
15:31:08.578 [FXGL Background Thread 3 ] DEBUG Engine               - menuKey: ESCAPE
15:31:08.578 [FXGL Background Thread 3 ] DEBUG Engine               - mouseSensitivity: 0.2
15:31:08.578 [FXGL Background Thread 3 ] DEBUG Engine               - notificationViewClass: class com.almasb.fxgl.notification.view.XboxNotificationView
15:31:08.578 [FXGL Background Thread 3 ] DEBUG Engine               - pixelsPerMeter: 50.0
15:31:08.579 [FXGL Background Thread 3 ] DEBUG Engine               - platform: WINDOWS
15:31:08.579 [FXGL Background Thread 3 ] DEBUG Engine               - prefHeightProperty: ReadOnlyDoubleProperty [value: 720.0]
15:31:08.579 [FXGL Background Thread 3 ] DEBUG Engine               - prefWidthProperty: ReadOnlyDoubleProperty [value: 1280.0]
15:31:08.579 [FXGL Background Thread 3 ] DEBUG Engine               - profileDir: profiles/
15:31:08.579 [FXGL Background Thread 3 ] DEBUG Engine               - profileName: StringProperty [value: DEFAULT]
15:31:08.579 [FXGL Background Thread 3 ] DEBUG Engine               - randomSeed: -1
15:31:08.579 [FXGL Background Thread 3 ] DEBUG Engine               - runtimeInfo: RuntimeInfo(platform=WINDOWS, version=21, build=28.12.2023 13.35)
15:31:08.579 [FXGL Background Thread 3 ] DEBUG Engine               - saveFileExt: sav
15:31:08.579 [FXGL Background Thread 3 ] DEBUG Engine               - scaledHeightProp$fxgl: DoubleProperty [bound, value: 720.0]
15:31:08.579 [FXGL Background Thread 3 ] DEBUG Engine               - scaledWidthProp$fxgl: DoubleProperty [bound, value: 1280.0]
15:31:08.579 [FXGL Background Thread 3 ] DEBUG Engine               - sceneFactory: com.almasb.fxgl.app.scene.SceneFactory@40ea01ad
15:31:08.579 [FXGL Background Thread 3 ] DEBUG Engine               - secondsIn24h: 60
15:31:08.579 [FXGL Background Thread 3 ] DEBUG Engine               - soundMenuBack: menu/back.wav
15:31:08.579 [FXGL Background Thread 3 ] DEBUG Engine               - soundMenuPress: menu/press.wav
15:31:08.579 [FXGL Background Thread 3 ] DEBUG Engine               - soundMenuSelect: menu/select.wav
15:31:08.581 [FXGL Background Thread 3 ] DEBUG Engine               - soundNotification: core/notification.wav
15:31:08.581 [FXGL Background Thread 3 ] DEBUG Engine               - stageStyle: DECORATED
15:31:08.581 [FXGL Background Thread 3 ] DEBUG Engine               - supportedLanguages: [ENGLISH, FRENCH, GERMAN, HUNGARIAN, RUSSIAN]
15:31:08.581 [FXGL Background Thread 3 ] DEBUG Engine               - ticksPerSecond: -1
15:31:08.581 [FXGL Background Thread 3 ] DEBUG Engine               - title: Basic Game App
15:31:08.581 [FXGL Background Thread 3 ] DEBUG Engine               - urlGithub: https://github.com/AlmasB/FXGL
15:31:08.581 [FXGL Background Thread 3 ] DEBUG Engine               - urlLeaderboard: http://fxgl-top.herokuapp.com/
15:31:08.581 [FXGL Background Thread 3 ] DEBUG Engine               - urlPOM: https://raw.githubusercontent.com/AlmasB/FXGL/release/README.md
15:31:08.581 [FXGL Background Thread 3 ] DEBUG Engine               - userAppClass: class com.lucenstuff.fxglgames.suikagame.SuikaGame
15:31:08.582 [FXGL Background Thread 3 ] DEBUG Engine               - version: 0.1
15:31:08.582 [FXGL Background Thread 3 ] DEBUG Engine               - versionCheckDays: 7
15:31:08.582 [FXGL Background Thread 3 ] DEBUG Engine               - width: 1280
15:31:08.582 [FXGL Background Thread 3 ] DEBUG Engine               - Logging services
15:31:08.582 [FXGL Background Thread 3 ] DEBUG Engine               - class com.almasb.fxgl.app.services.FXGLAssetLoaderService
15:31:08.582 [FXGL Background Thread 3 ] DEBUG Engine               - class com.almasb.fxgl.app.FXGLApplication$GameApplicationService
15:31:08.583 [FXGL Background Thread 3 ] DEBUG Engine               - class com.almasb.fxgl.app.services.FXGLDialogService
15:31:08.583 [FXGL Background Thread 3 ] DEBUG Engine               - class com.almasb.fxgl.app.services.IOTaskExecutorService
15:31:08.583 [FXGL Background Thread 3 ] DEBUG Engine               - class com.almasb.fxgl.io.FileSystemService
15:31:08.583 [FXGL Background Thread 3 ] DEBUG Engine               - class com.almasb.fxgl.localization.LocalizationService
15:31:08.583 [FXGL Background Thread 3 ] DEBUG Engine               - class com.almasb.fxgl.app.services.SystemBundleService
15:31:08.583 [FXGL Background Thread 3 ] DEBUG Engine               - class com.almasb.fxgl.profile.SaveLoadService
15:31:08.583 [FXGL Background Thread 3 ] DEBUG Engine               - class com.almasb.fxgl.ui.FXGLUIFactoryServiceProvider
15:31:08.583 [FXGL Background Thread 3 ] DEBUG Engine               - class com.almasb.fxgl.ui.FXGLDialogFactoryServiceProvider
15:31:08.583 [FXGL Background Thread 3 ] DEBUG Engine               - class com.almasb.fxgl.audio.AudioPlayer
15:31:08.583 [FXGL Background Thread 3 ] DEBUG Engine               - class com.almasb.fxgl.notification.impl.NotificationServiceProvider
15:31:08.583 [FXGL Background Thread 3 ] DEBUG Engine               - class com.almasb.fxgl.achievement.AchievementService
15:31:08.583 [FXGL Background Thread 3 ] DEBUG Engine               - class com.almasb.fxgl.cutscene.CutsceneService
15:31:08.584 [FXGL Background Thread 3 ] DEBUG Engine               - class com.almasb.fxgl.minigames.MiniGameService
15:31:08.584 [FXGL Background Thread 3 ] DEBUG Engine               - class com.almasb.fxgl.net.NetService
15:31:08.584 [FXGL Background Thread 3 ] DEBUG Engine               - class com.almasb.fxgl.app.services.UpdaterService
15:31:08.584 [FXGL Background Thread 3 ] DEBUG Engine               - class com.almasb.fxgl.dev.DevService
15:31:08.792 [JavaFX Application Thread] WARN  GameWorld            - Entity is already attached to world
15:31:09.845 [JavaFX Application Thread] WARN  GameWorld            - Entity is already attached to world
15:31:11.037 [JavaFX Application Thread] WARN  GameWorld            - Entity is already attached to world
15:31:15.359 [JavaFX Application Thread] WARN  GameWorld            - Entity is already attached to world
15:31:22.350 [JavaFX Application Thread] WARN  GameWorld            - Entity is already attached to world
15:31:23.767 [JavaFX Application Thread] WARN  GameWorld            - Entity is already attached to world
15:31:33.835 [JavaFX Application Thread] DEBUG GameApplicationServi - Starting new game
15:31:33.835 [JavaFX Application Thread] DEBUG Input                - Clearing active input actions
15:31:33.843 [JavaFX Application Thread] DEBUG GameApplicationServi - Removing overlay from GameScene and adding to FXGLLoadingScene
15:31:33.848 [JavaFX Application Thread] DEBUG PrimaryStageWindow   - GameScene -> FXGLLoadingScene
15:31:33.848 [JavaFX Application Thread] DEBUG GameApplicationServi - Clearing previous game
15:31:33.848 [JavaFX Application Thread] DEBUG GameScene            - Clearing game scene
15:31:33.848 [JavaFX Application Thread] DEBUG GameWorld            - Clearing game world
15:31:33.852 [JavaFX Application Thread] DEBUG PhysicsWorld         - Clearing physics world
15:31:33.853 [FXGL Background Thread 2 ] DEBUG FXGLApplication      - Initializing game
15:31:33.861 [FXGL Background Thread 2 ] INFO  FXGLApplication      - Game initialization took: 0,007 sec
15:31:33.895 [JavaFX Application Thread] DEBUG Input                - Clearing active input actions
15:31:33.904 [JavaFX Application Thread] DEBUG GameApplicationServi - Removing overlay from FXGLLoadingScene and adding to GameScene
15:31:33.909 [JavaFX Application Thread] DEBUG PrimaryStageWindow   - FXGLLoadingScene -> GameScene
15:31:35.087 [JavaFX Application Thread] DEBUG FXGLApplication      - Exiting FXGL
15:31:35.087 [JavaFX Application Thread] DEBUG LoopRunner           - Stopping loop
15:31:35.087 [JavaFX Application Thread] DEBUG SystemBundleService  - Saving FXGL system data
15:31:35.089 [JavaFX Application Thread] DEBUG FileSystemAccess     - Writing to: C:\Users\agust\OneDrive\Escritorio\FXGLGames-master\Gravity\system\fxgl.bundle
15:31:35.091 [JavaFX Application Thread] DEBUG Async                - Shutting down background threads
15:31:35.092 [JavaFX Application Thread] DEBUG PrimaryStageWindow   - Closing main window
15:31:35.108 [JavaFX Application Thread] DEBUG Logger               - Closing Logger
