17:39:17.269 [main                     ] DEBUG Logger               - Configured Logger
17:39:17.324 [main                     ] DEBUG GameApplication      - Logging settings
Title: Basic Game App
Version: 0.1
Width: 1280
Height: 720
Fullscreen: false
Intro: false
Profiling: false
Single step:false
App Mode: DEVELOPER
Menu Key: ESCAPE
Stage Style: DECORATED
Scene Factory: class com.almasb.fxgl.app.scene.SceneFactory

17:39:18.081 [JavaFX Application Thread] DEBUG FXGLApplication      - Initializing FXGL
17:39:18.087 [JavaFX Application Thread] INFO  Engine               - FXGL-21 (28.12.2023 13.35) on WINDOWS (J:21.0.1 FX:21.0.1)
17:39:18.088 [JavaFX Application Thread] DEBUG Engine               - JRE Vendor Name: Oracle Corporation
17:39:18.088 [JavaFX Application Thread] DEBUG Engine               - Running on OS: Windows 11 version 10.0
17:39:18.088 [JavaFX Application Thread] DEBUG Engine               - Architecture: amd64
17:39:18.088 [JavaFX Application Thread] INFO  Engine               - Source code and latest versions at: https://github.com/AlmasB/FXGL
17:39:18.089 [JavaFX Application Thread] INFO  Engine               -       Ask questions and discuss at: https://github.com/AlmasB/FXGL/discussions
17:39:18.089 [JavaFX Application Thread] INFO  Engine               -              Join the FXGL chat at: https://gitter.im/AlmasB/FXGL
17:39:18.282 [JavaFX Application Thread] DEBUG PrimaryStageWindow   - Creating a JavaFX scene
17:39:18.365 [JavaFX Application Thread] DEBUG PrimaryStageWindow   - Target settings size: 1280.0 x 720.0
17:39:18.365 [JavaFX Application Thread] DEBUG PrimaryStageWindow   - Scaled scene size:    1280.0 x 720.0
17:39:18.366 [JavaFX Application Thread] DEBUG PrimaryStageWindow   - Scaled ratio: (1.0, 1.0)
17:39:18.367 [JavaFX Application Thread] DEBUG PrimaryStageWindow   - Set initial scene to FXGLStartupScene
17:39:18.376 [JavaFX Application Thread] DEBUG PrimaryStageWindow   - Opening main window
17:39:18.520 [JavaFX Application Thread] DEBUG PrimaryStageWindow   - Window border size: (16.0, 39.0)
17:39:18.520 [JavaFX Application Thread] DEBUG PrimaryStageWindow   - Scaled size: 1280.0 x 720.0
17:39:18.520 [JavaFX Application Thread] DEBUG PrimaryStageWindow   - Scaled ratio: (1.0, 1.0)
17:39:18.520 [JavaFX Application Thread] DEBUG PrimaryStageWindow   - Scene size: 1280.0 x 720.0
17:39:18.521 [JavaFX Application Thread] DEBUG PrimaryStageWindow   - Stage size: 1296.0 x 759.0
17:39:18.576 [FXGL Background Thread 1 ] DEBUG Engine               - Initializing environment variables
17:39:18.699 [FXGL Background Thread 1 ] DEBUG FXGLAssetLoaderServi - User app class for loading assets: class com.lucenstuff.fxglgames.suikagame.SuikaGame
17:39:18.700 [FXGL Background Thread 1 ] DEBUG GameApplicationServi - Applying CSS: fxgl_dark.css
17:39:18.701 [FXGL Background Thread 1 ] DEBUG FXGLAssetLoaderServi - Loading from file system: jar:file:/C:/Users/agust/.m2/repository/com/github/almasb/fxgl/21/fxgl-21.jar!/fxglassets/ui/css/fxgl_dark.css
17:39:18.798 [FXGL Background Thread 1 ] DEBUG GameApplicationServi - Initializing application scenes
17:39:18.979 [FXGL Background Thread 1 ] DEBUG GameWorld            - Game world initialized
17:39:19.070 [FXGL Background Thread 1 ] DEBUG PhysicsWorld         - Physics world initialized: appHeight=720, physics.ppm=50,0
17:39:19.070 [FXGL Background Thread 1 ] DEBUG PhysicsWorld         - Using strategy: BRUTE_FORCE
17:39:19.080 [FXGL Background Thread 1 ] DEBUG GameScene            - Game scene initialized: 1280x720
17:39:19.098 [FXGL Background Thread 1 ] DEBUG FXGL.DefaultMenu     - createMenuBodyGameMenu()
17:39:19.128 [FXGL Background Thread 1 ] DEBUG FXGL.DefaultMenu     - createOptionsMenu()
17:39:19.147 [FXGL Background Thread 1 ] DEBUG FXGLAssetLoaderServi - Loading from file system: jar:file:/C:/Users/agust/.m2/repository/com/github/almasb/fxgl/21/fxgl-21.jar!/fxglassets/textures/particles/smoke.png
17:39:19.329 [FXGL Background Thread 1 ] DEBUG FXGLAssetLoaderServi - Loading from file system: jar:file:/C:/Users/agust/.m2/repository/com/github/almasb/fxgl/21/fxgl-21.jar!/fxglassets/textures/particles/trace_horizontal.png
17:39:19.380 [FXGL Background Thread 1 ] DEBUG GameApplicationServi - Application scenes initialized
17:39:19.405 [FXGL Background Thread 1 ] DEBUG SystemBundleService  - Loading FXGL system data
17:39:19.415 [FXGL Background Thread 1 ] DEBUG FileSystemAccess     - Reading from: D:\Programación\JAVA\SuikaGame\system\fxgl.bundle
17:39:19.431 [FXGL Background Thread 1 ] DEBUG SystemBundleService  - Bundle FXGL: {}
17:39:19.431 [FXGL Background Thread 1 ] DEBUG UpdaterService       - Checking for updates
17:39:19.489 [FXGL Background Thread 1 ] DEBUG FXGLApplication      - Loading default localization
17:39:19.491 [FXGL Background Thread 1 ] DEBUG FXGLAssetLoaderServi - Loading from file system: jar:file:/C:/Users/agust/.m2/repository/com/github/almasb/fxgl/21/fxgl-21.jar!/fxglassets/languages/english.lang
17:39:19.538 [FXGL Background Thread 1 ] INFO  FXGLApplication      - FXGL initialization took: 0,962 sec
17:39:19.540 [JavaFX Application Thread] DEBUG FXGLAssetLoaderServi - Loading from file system: jar:file:/C:/Users/agust/.m2/repository/com/github/almasb/fxgl/21/fxgl-21.jar!/fxglassets/textures/fxgl_icon.png
17:39:19.577 [FXGL Background Thread 4 ] DEBUG FXGLApplication      - Loading fonts
17:39:19.578 [FXGL Background Thread 4 ] DEBUG FXGLAssetLoaderServi - Loading from file system: jar:file:/C:/Users/agust/.m2/repository/com/github/almasb/fxgl/21/fxgl-21.jar!/fxglassets/ui/fonts/VarelaRound-Regular.ttf
17:39:19.615 [JavaFX Application Thread] DEBUG FXGLAssetLoaderServi - Loading from file system: jar:file:/C:/Users/agust/.m2/repository/com/github/almasb/fxgl/21/fxgl-21.jar!/fxglassets/textures/fxgl_default_cursor.png
17:39:19.634 [JavaFX Application Thread] DEBUG Input                - Registered new binding: Screenshot - CTRL+8
17:39:19.635 [JavaFX Application Thread] DEBUG Input                - Registered new binding: Dev Options - 1
17:39:19.639 [JavaFX Application Thread] DEBUG Input                - Registered new binding: Dev Console - 2
17:39:19.642 [JavaFX Application Thread] DEBUG Input                - Registered new binding: System info dump - CTRL+9
17:39:19.643 [JavaFX Application Thread] DEBUG Input                - Registered new binding: Restart - CTRL+R
17:39:19.644 [JavaFX Application Thread] DEBUG Input                - Registered new binding: Toggle Debug Camera - CTRL+7
17:39:19.648 [JavaFX Application Thread] DEBUG LoopRunner           - Starting loop
17:39:19.753 [FXGL Background Thread 4 ] DEBUG FXGLAssetLoaderServi - Loading from file system: jar:file:/C:/Users/agust/.m2/repository/com/github/almasb/fxgl/21/fxgl-21.jar!/fxglassets/ui/fonts/Abel-Regular.ttf
17:39:19.761 [JavaFX Application Thread] DEBUG LoopRunner           - Initializing JavaFX AnimationTimerLoop
17:39:19.762 [JavaFX Application Thread] DEBUG GameApplicationServi - Starting new game
17:39:19.763 [JavaFX Application Thread] DEBUG Input                - Clearing active input actions
17:39:19.786 [JavaFX Application Thread] DEBUG GameApplicationServi - Removing overlay from FXGLStartupScene and adding to FXGLLoadingScene
17:39:19.790 [JavaFX Application Thread] DEBUG PrimaryStageWindow   - FXGLStartupScene -> FXGLLoadingScene
17:39:19.790 [JavaFX Application Thread] DEBUG GameApplicationServi - Clearing previous game
17:39:19.790 [JavaFX Application Thread] DEBUG GameScene            - Clearing game scene
17:39:19.791 [JavaFX Application Thread] DEBUG GameWorld            - Clearing game world
17:39:19.791 [JavaFX Application Thread] DEBUG PhysicsWorld         - Clearing physics world
17:39:19.793 [FXGL Background Thread 1 ] DEBUG FXGLApplication      - Initializing game
17:39:19.853 [FXGL Background Thread 1 ] INFO  FXGLApplication      - Game initialization took: 0,060 sec
17:39:19.987 [FXGL Background Thread 4 ] DEBUG FXGLAssetLoaderServi - Loading from file system: jar:file:/C:/Users/agust/.m2/repository/com/github/almasb/fxgl/21/fxgl-21.jar!/fxglassets/ui/fonts/TerminalLandMono-Regular.otf
17:39:20.166 [FXGL Background Thread 4 ] DEBUG FXGLAssetLoaderServi - Loading from file system: jar:file:/C:/Users/agust/.m2/repository/com/github/almasb/fxgl/21/fxgl-21.jar!/fxglassets/ui/fonts/Courier-Prime.ttf
17:39:20.332 [JavaFX Application Thread] DEBUG Input                - Clearing active input actions
17:39:20.351 [JavaFX Application Thread] DEBUG GameApplicationServi - Removing overlay from FXGLLoadingScene and adding to GameScene
17:39:20.356 [JavaFX Application Thread] DEBUG PrimaryStageWindow   - FXGLLoadingScene -> GameScene
17:39:20.364 [JavaFX Application Thread] DEBUG FXGLApplication      - Registering font factories with UI factory
17:39:22.486 [FXGL Background Thread 3 ] DEBUG Engine               - Logging environment variables
17:39:22.489 [FXGL Background Thread 3 ] DEBUG Engine               - achievements: []
17:39:22.489 [FXGL Background Thread 3 ] DEBUG Engine               - actualHeight: 720.0
17:39:22.489 [FXGL Background Thread 3 ] DEBUG Engine               - actualHeightProperty: ReadOnlyDoubleProperty [value: 720.0]
17:39:22.493 [FXGL Background Thread 3 ] DEBUG Engine               - actualWidth: 1280.0
17:39:22.495 [FXGL Background Thread 3 ] DEBUG Engine               - actualWidthProperty: ReadOnlyDoubleProperty [value: 1280.0]
17:39:22.495 [FXGL Background Thread 3 ] DEBUG Engine               - appIcon: fxgl_icon.png
17:39:22.496 [FXGL Background Thread 3 ] DEBUG Engine               - applicationMode: DEVELOPER
17:39:22.496 [FXGL Background Thread 3 ] DEBUG Engine               - cSSList: [fxgl_dark.css]
17:39:22.497 [FXGL Background Thread 3 ] DEBUG Engine               - collisionDetectionStrategy: BRUTE_FORCE
17:39:22.497 [FXGL Background Thread 3 ] DEBUG Engine               - configClass: Optional.empty
17:39:22.497 [FXGL Background Thread 3 ] DEBUG Engine               - credits: []
17:39:22.498 [FXGL Background Thread 3 ] DEBUG Engine               - defaultCursor: CursorInfo(imageName=fxgl_default_cursor.png, hotspotX=7.0, hotspotY=6.0)
17:39:22.499 [FXGL Background Thread 3 ] DEBUG Engine               - devBBoxColorProperty: ObjectProperty [value: 0xff0000ff]
17:39:22.499 [FXGL Background Thread 3 ] DEBUG Engine               - devEnableDebugCameraProperty: BooleanProperty [value: false]
17:39:22.499 [FXGL Background Thread 3 ] DEBUG Engine               - devSensorColorProperty: ObjectProperty [value: 0xffff00ff]
17:39:22.499 [FXGL Background Thread 3 ] DEBUG Engine               - devShowBBoxProperty: BooleanProperty [value: false]
17:39:22.499 [FXGL Background Thread 3 ] DEBUG Engine               - devShowPositionProperty: BooleanProperty [value: false]
17:39:22.503 [FXGL Background Thread 3 ] DEBUG Engine               - enabledMenuItems: []
17:39:22.503 [FXGL Background Thread 3 ] DEBUG Engine               - engineServices: [class com.almasb.fxgl.app.services.FXGLAssetLoaderService, class com.almasb.fxgl.app.FXGLApplication$GameApplicationService, class com.almasb.fxgl.app.services.FXGLDialogService, class com.almasb.fxgl.app.services.IOTaskExecutorService, class com.almasb.fxgl.io.FileSystemService, class com.almasb.fxgl.localization.LocalizationService, class com.almasb.fxgl.app.services.SystemBundleService, class com.almasb.fxgl.profile.SaveLoadService, class com.almasb.fxgl.ui.FXGLUIFactoryServiceProvider, class com.almasb.fxgl.ui.FXGLDialogFactoryServiceProvider, class com.almasb.fxgl.audio.AudioPlayer, class com.almasb.fxgl.notification.impl.NotificationServiceProvider, class com.almasb.fxgl.achievement.AchievementService, class com.almasb.fxgl.cutscene.CutsceneService, class com.almasb.fxgl.minigames.MiniGameService, class com.almasb.fxgl.net.NetService, class com.almasb.fxgl.app.services.UpdaterService, class com.almasb.fxgl.dev.DevService]
17:39:22.504 [FXGL Background Thread 3 ] DEBUG Engine               - fontGame: Abel-Regular.ttf
17:39:22.504 [FXGL Background Thread 3 ] DEBUG Engine               - fontMono: TerminalLandMono-Regular.otf
17:39:22.505 [FXGL Background Thread 3 ] DEBUG Engine               - fontSizeScaleUI: 1.0
17:39:22.505 [FXGL Background Thread 3 ] DEBUG Engine               - fontText: Courier-Prime.ttf
17:39:22.505 [FXGL Background Thread 3 ] DEBUG Engine               - fontUI: VarelaRound-Regular.ttf
17:39:22.505 [FXGL Background Thread 3 ] DEBUG Engine               - fullScreen: BooleanProperty [value: false]
17:39:22.505 [FXGL Background Thread 3 ] DEBUG Engine               - gameDifficulty: MEDIUM
17:39:22.505 [FXGL Background Thread 3 ] DEBUG Engine               - gameDifficultyProperty: ObjectProperty [value: MEDIUM]
17:39:22.505 [FXGL Background Thread 3 ] DEBUG Engine               - globalMusicVolume: 0.5
17:39:22.505 [FXGL Background Thread 3 ] DEBUG Engine               - globalMusicVolumeProperty: DoubleProperty [value: 0.5]
17:39:22.505 [FXGL Background Thread 3 ] DEBUG Engine               - globalSoundVolume: 0.5
17:39:22.506 [FXGL Background Thread 3 ] DEBUG Engine               - globalSoundVolumeProperty: DoubleProperty [value: 0.5]
17:39:22.506 [FXGL Background Thread 3 ] DEBUG Engine               - height: 720
17:39:22.506 [FXGL Background Thread 3 ] DEBUG Engine               - is3D: false
17:39:22.506 [FXGL Background Thread 3 ] DEBUG Engine               - isAndroid: false
17:39:22.506 [FXGL Background Thread 3 ] DEBUG Engine               - isBrowser: false
17:39:22.506 [FXGL Background Thread 3 ] DEBUG Engine               - isClickFeedbackEnabled: false
17:39:22.506 [FXGL Background Thread 3 ] DEBUG Engine               - isCloseConfirmation: false
17:39:22.508 [FXGL Background Thread 3 ] DEBUG Engine               - isDesktop: true
17:39:22.508 [FXGL Background Thread 3 ] DEBUG Engine               - isDeveloperMenuEnabled: true
17:39:22.508 [FXGL Background Thread 3 ] DEBUG Engine               - isEmbedded: false
17:39:22.508 [FXGL Background Thread 3 ] DEBUG Engine               - isEntityPreloadEnabled: true
17:39:22.508 [FXGL Background Thread 3 ] DEBUG Engine               - isExperimentalTiledLargeMap: false
17:39:22.508 [FXGL Background Thread 3 ] DEBUG Engine               - isFileSystemWriteAllowed: true
17:39:22.508 [FXGL Background Thread 3 ] DEBUG Engine               - isFullScreenAllowed: false
17:39:22.508 [FXGL Background Thread 3 ] DEBUG Engine               - isFullScreenFromStart: false
17:39:22.509 [FXGL Background Thread 3 ] DEBUG Engine               - isGameMenuEnabled: true
17:39:22.509 [FXGL Background Thread 3 ] DEBUG Engine               - isIOS: false
17:39:22.509 [FXGL Background Thread 3 ] DEBUG Engine               - isIntroEnabled: false
17:39:22.509 [FXGL Background Thread 3 ] DEBUG Engine               - isLinux: false
17:39:22.510 [FXGL Background Thread 3 ] DEBUG Engine               - isMac: false
17:39:22.511 [FXGL Background Thread 3 ] DEBUG Engine               - isMainMenuEnabled: false
17:39:22.511 [FXGL Background Thread 3 ] DEBUG Engine               - isManualResizeEnabled: false
17:39:22.511 [FXGL Background Thread 3 ] DEBUG Engine               - isMobile: false
17:39:22.511 [FXGL Background Thread 3 ] DEBUG Engine               - isNative: false
17:39:22.511 [FXGL Background Thread 3 ] DEBUG Engine               - isPauseMusicWhenMinimized: true
17:39:22.511 [FXGL Background Thread 3 ] DEBUG Engine               - isPreserveResizeRatio: false
17:39:22.511 [FXGL Background Thread 3 ] DEBUG Engine               - isProfilingEnabled: false
17:39:22.512 [FXGL Background Thread 3 ] DEBUG Engine               - isScaleAffectedOnResize: true
17:39:22.512 [FXGL Background Thread 3 ] DEBUG Engine               - isSingleStep: false
17:39:22.512 [FXGL Background Thread 3 ] DEBUG Engine               - isUserProfileEnabled: false
17:39:22.512 [FXGL Background Thread 3 ] DEBUG Engine               - isWindows: true
17:39:22.512 [FXGL Background Thread 3 ] DEBUG Engine               - language: ObjectProperty [value: ENGLISH]
17:39:22.512 [FXGL Background Thread 3 ] DEBUG Engine               - menuKey: ESCAPE
17:39:22.512 [FXGL Background Thread 3 ] DEBUG Engine               - mouseSensitivity: 0.2
17:39:22.512 [FXGL Background Thread 3 ] DEBUG Engine               - notificationViewClass: class com.almasb.fxgl.notification.view.XboxNotificationView
17:39:22.512 [FXGL Background Thread 3 ] DEBUG Engine               - pixelsPerMeter: 50.0
17:39:22.512 [FXGL Background Thread 3 ] DEBUG Engine               - platform: WINDOWS
17:39:22.513 [FXGL Background Thread 3 ] DEBUG Engine               - prefHeightProperty: ReadOnlyDoubleProperty [value: 720.0]
17:39:22.513 [FXGL Background Thread 3 ] DEBUG Engine               - prefWidthProperty: ReadOnlyDoubleProperty [value: 1280.0]
17:39:22.513 [FXGL Background Thread 3 ] DEBUG Engine               - profileDir: profiles/
17:39:22.513 [FXGL Background Thread 3 ] DEBUG Engine               - profileName: StringProperty [value: DEFAULT]
17:39:22.513 [FXGL Background Thread 3 ] DEBUG Engine               - randomSeed: -1
17:39:22.514 [FXGL Background Thread 3 ] DEBUG Engine               - runtimeInfo: RuntimeInfo(platform=WINDOWS, version=21, build=28.12.2023 13.35)
17:39:22.514 [FXGL Background Thread 3 ] DEBUG Engine               - saveFileExt: sav
17:39:22.514 [FXGL Background Thread 3 ] DEBUG Engine               - scaledHeightProp$fxgl: DoubleProperty [bound, value: 720.0]
17:39:22.514 [FXGL Background Thread 3 ] DEBUG Engine               - scaledWidthProp$fxgl: DoubleProperty [bound, value: 1280.0]
17:39:22.514 [FXGL Background Thread 3 ] DEBUG Engine               - sceneFactory: com.almasb.fxgl.app.scene.SceneFactory@5b05fd9c
17:39:22.514 [FXGL Background Thread 3 ] DEBUG Engine               - secondsIn24h: 60
17:39:22.514 [FXGL Background Thread 3 ] DEBUG Engine               - soundMenuBack: menu/back.wav
17:39:22.514 [FXGL Background Thread 3 ] DEBUG Engine               - soundMenuPress: menu/press.wav
17:39:22.523 [FXGL Background Thread 3 ] DEBUG Engine               - soundMenuSelect: menu/select.wav
17:39:22.524 [FXGL Background Thread 3 ] DEBUG Engine               - soundNotification: core/notification.wav
17:39:22.525 [FXGL Background Thread 3 ] DEBUG Engine               - stageStyle: DECORATED
17:39:22.525 [FXGL Background Thread 3 ] DEBUG Engine               - supportedLanguages: [ENGLISH, FRENCH, GERMAN, HUNGARIAN, RUSSIAN]
17:39:22.525 [FXGL Background Thread 3 ] DEBUG Engine               - ticksPerSecond: -1
17:39:22.525 [FXGL Background Thread 3 ] DEBUG Engine               - title: Basic Game App
17:39:22.525 [FXGL Background Thread 3 ] DEBUG Engine               - urlGithub: https://github.com/AlmasB/FXGL
17:39:22.525 [FXGL Background Thread 3 ] DEBUG Engine               - urlLeaderboard: http://fxgl-top.herokuapp.com/
17:39:22.525 [FXGL Background Thread 3 ] DEBUG Engine               - urlPOM: https://raw.githubusercontent.com/AlmasB/FXGL/release/README.md
17:39:22.525 [FXGL Background Thread 3 ] DEBUG Engine               - userAppClass: class com.lucenstuff.fxglgames.suikagame.SuikaGame
17:39:22.525 [FXGL Background Thread 3 ] DEBUG Engine               - version: 0.1
17:39:22.525 [FXGL Background Thread 3 ] DEBUG Engine               - versionCheckDays: 7
17:39:22.525 [FXGL Background Thread 3 ] DEBUG Engine               - width: 1280
17:39:22.525 [FXGL Background Thread 3 ] DEBUG Engine               - Logging services
17:39:22.525 [FXGL Background Thread 3 ] DEBUG Engine               - class com.almasb.fxgl.app.services.FXGLAssetLoaderService
17:39:22.525 [FXGL Background Thread 3 ] DEBUG Engine               - class com.almasb.fxgl.app.FXGLApplication$GameApplicationService
17:39:22.526 [FXGL Background Thread 3 ] DEBUG Engine               - class com.almasb.fxgl.app.services.FXGLDialogService
17:39:22.526 [FXGL Background Thread 3 ] DEBUG Engine               - class com.almasb.fxgl.app.services.IOTaskExecutorService
17:39:22.526 [FXGL Background Thread 3 ] DEBUG Engine               - class com.almasb.fxgl.io.FileSystemService
17:39:22.526 [FXGL Background Thread 3 ] DEBUG Engine               - class com.almasb.fxgl.localization.LocalizationService
17:39:22.526 [FXGL Background Thread 3 ] DEBUG Engine               - class com.almasb.fxgl.app.services.SystemBundleService
17:39:22.526 [FXGL Background Thread 3 ] DEBUG Engine               - class com.almasb.fxgl.profile.SaveLoadService
17:39:22.526 [FXGL Background Thread 3 ] DEBUG Engine               - class com.almasb.fxgl.ui.FXGLUIFactoryServiceProvider
17:39:22.526 [FXGL Background Thread 3 ] DEBUG Engine               - class com.almasb.fxgl.ui.FXGLDialogFactoryServiceProvider
17:39:22.526 [FXGL Background Thread 3 ] DEBUG Engine               - class com.almasb.fxgl.audio.AudioPlayer
17:39:22.526 [FXGL Background Thread 3 ] DEBUG Engine               - class com.almasb.fxgl.notification.impl.NotificationServiceProvider
17:39:22.527 [FXGL Background Thread 3 ] DEBUG Engine               - class com.almasb.fxgl.achievement.AchievementService
17:39:22.527 [FXGL Background Thread 3 ] DEBUG Engine               - class com.almasb.fxgl.cutscene.CutsceneService
17:39:22.527 [FXGL Background Thread 3 ] DEBUG Engine               - class com.almasb.fxgl.minigames.MiniGameService
17:39:22.527 [FXGL Background Thread 3 ] DEBUG Engine               - class com.almasb.fxgl.net.NetService
17:39:22.527 [FXGL Background Thread 3 ] DEBUG Engine               - class com.almasb.fxgl.app.services.UpdaterService
17:39:22.527 [FXGL Background Thread 3 ] DEBUG Engine               - class com.almasb.fxgl.dev.DevService
17:39:22.968 [JavaFX Application Thread] DEBUG FXGLAssetLoaderServi - Loading from file system: file:/D:/Programaci%c3%b3n/JAVA/SuikaGame/target/classes/assets/textures/apple.png
17:40:13.545 [JavaFX Application Thread] DEBUG GameApplicationServi - Starting new game
17:40:13.545 [JavaFX Application Thread] DEBUG Input                - Clearing active input actions
17:40:13.555 [JavaFX Application Thread] DEBUG GameApplicationServi - Removing overlay from GameScene and adding to FXGLLoadingScene
17:40:13.563 [JavaFX Application Thread] DEBUG PrimaryStageWindow   - GameScene -> FXGLLoadingScene
17:40:13.563 [JavaFX Application Thread] DEBUG GameApplicationServi - Clearing previous game
17:40:13.563 [JavaFX Application Thread] DEBUG GameScene            - Clearing game scene
17:40:13.564 [JavaFX Application Thread] DEBUG GameWorld            - Clearing game world
17:40:13.587 [JavaFX Application Thread] DEBUG PhysicsWorld         - Clearing physics world
17:40:13.588 [FXGL Background Thread 2 ] DEBUG FXGLApplication      - Initializing game
17:40:13.593 [FXGL Background Thread 2 ] INFO  FXGLApplication      - Game initialization took: 0,005 sec
17:40:13.639 [JavaFX Application Thread] DEBUG Input                - Clearing active input actions
17:40:13.652 [JavaFX Application Thread] DEBUG GameApplicationServi - Removing overlay from FXGLLoadingScene and adding to GameScene
17:40:13.655 [JavaFX Application Thread] DEBUG PrimaryStageWindow   - FXGLLoadingScene -> GameScene
17:40:22.934 [JavaFX Application Thread] DEBUG FXGLApplication      - Exiting FXGL
17:40:22.935 [JavaFX Application Thread] DEBUG LoopRunner           - Stopping loop
17:40:22.935 [JavaFX Application Thread] DEBUG SystemBundleService  - Saving FXGL system data
17:40:22.942 [JavaFX Application Thread] DEBUG FileSystemAccess     - Writing to: D:\Programación\JAVA\SuikaGame\system\fxgl.bundle
17:40:22.945 [JavaFX Application Thread] DEBUG Async                - Shutting down background threads
17:40:22.945 [JavaFX Application Thread] DEBUG PrimaryStageWindow   - Closing main window
17:40:22.961 [JavaFX Application Thread] DEBUG Logger               - Closing Logger
