21:40:50.470 [main                     ] DEBUG Logger               - Configured Logger
21:40:50.488 [main                     ] DEBUG GameApplication      - Logging settings
Title: Suika FXGL
Version: 0.1
Width: 1280
Height: 720
Fullscreen: false
Intro: false
Profiling: false
Single step:false
App Mode: DEVELOPER
Menu Key: ESCAPE
Stage Style: DECORATED
Scene Factory: class com.almasb.fxgl.app.scene.SceneFactory

21:40:50.875 [JavaFX Application Thread] DEBUG FXGLApplication      - Initializing FXGL
21:40:50.879 [JavaFX Application Thread] INFO  Engine               - FXGL-21 (28.12.2023 13.35) on WINDOWS (J:21.0.2 FX:21.0.1)
21:40:50.879 [JavaFX Application Thread] DEBUG Engine               - JRE Vendor Name: Oracle Corporation
21:40:50.879 [JavaFX Application Thread] DEBUG Engine               - Running on OS: Windows 10 version 10.0
21:40:50.879 [JavaFX Application Thread] DEBUG Engine               - Architecture: amd64
21:40:50.879 [JavaFX Application Thread] INFO  Engine               - Source code and latest versions at: https://github.com/AlmasB/FXGL
21:40:50.879 [JavaFX Application Thread] INFO  Engine               -       Ask questions and discuss at: https://github.com/AlmasB/FXGL/discussions
21:40:50.879 [JavaFX Application Thread] INFO  Engine               -              Join the FXGL chat at: https://gitter.im/AlmasB/FXGL
21:40:50.966 [JavaFX Application Thread] DEBUG PrimaryStageWindow   - Creating a JavaFX scene
21:40:51.004 [JavaFX Application Thread] DEBUG PrimaryStageWindow   - Target settings size: 1280.0 x 720.0
21:40:51.004 [JavaFX Application Thread] DEBUG PrimaryStageWindow   - Scaled scene size:    1280.0 x 720.0
21:40:51.004 [JavaFX Application Thread] DEBUG PrimaryStageWindow   - Scaled ratio: (1.0, 1.0)
21:40:51.005 [JavaFX Application Thread] DEBUG PrimaryStageWindow   - Set initial scene to FXGLStartupScene
21:40:51.007 [JavaFX Application Thread] DEBUG PrimaryStageWindow   - Opening main window
21:40:51.072 [JavaFX Application Thread] DEBUG PrimaryStageWindow   - Window border size: (16.0, 39.0)
21:40:51.072 [JavaFX Application Thread] DEBUG PrimaryStageWindow   - Scaled size: 1280.0 x 720.0
21:40:51.072 [JavaFX Application Thread] DEBUG PrimaryStageWindow   - Scaled ratio: (1.0, 1.0)
21:40:51.073 [JavaFX Application Thread] DEBUG PrimaryStageWindow   - Scene size: 1280.0 x 720.0
21:40:51.073 [JavaFX Application Thread] DEBUG PrimaryStageWindow   - Stage size: 1296.0 x 759.0
21:40:51.079 [FXGL Background Thread 1 ] DEBUG Engine               - Initializing environment variables
21:40:51.117 [FXGL Background Thread 1 ] DEBUG FXGLAssetLoaderServi - User app class for loading assets: class com.lucenstuff.fxglgames.suikagame.SuikaGame
21:40:51.118 [FXGL Background Thread 1 ] DEBUG GameApplicationServi - Applying CSS: fxgl_dark.css
21:40:51.118 [FXGL Background Thread 1 ] DEBUG FXGLAssetLoaderServi - Loading from file system: jar:file:/C:/Users/Fabrizio/.m2/repository/com/github/almasb/fxgl/21/fxgl-21.jar!/fxglassets/ui/css/fxgl_dark.css
21:40:51.151 [FXGL Background Thread 1 ] DEBUG GameApplicationServi - Initializing application scenes
21:40:51.176 [FXGL Background Thread 1 ] DEBUG GameWorld            - Game world initialized
21:40:51.224 [FXGL Background Thread 1 ] DEBUG PhysicsWorld         - Physics world initialized: appHeight=720, physics.ppm=50,0
21:40:51.224 [FXGL Background Thread 1 ] DEBUG PhysicsWorld         - Using strategy: BRUTE_FORCE
21:40:51.227 [FXGL Background Thread 1 ] DEBUG GameScene            - Game scene initialized: 1280x720
21:40:51.238 [FXGL Background Thread 1 ] DEBUG FXGL.DefaultMenu     - createMenuBodyGameMenu()
21:40:51.250 [FXGL Background Thread 1 ] DEBUG FXGL.DefaultMenu     - createOptionsMenu()
21:40:51.258 [FXGL Background Thread 1 ] DEBUG FXGLAssetLoaderServi - Loading from file system: jar:file:/C:/Users/Fabrizio/.m2/repository/com/github/almasb/fxgl/21/fxgl-21.jar!/fxglassets/textures/particles/smoke.png
21:40:51.340 [FXGL Background Thread 1 ] DEBUG FXGLAssetLoaderServi - Loading from file system: jar:file:/C:/Users/Fabrizio/.m2/repository/com/github/almasb/fxgl/21/fxgl-21.jar!/fxglassets/textures/particles/trace_horizontal.png
21:40:51.369 [FXGL Background Thread 1 ] DEBUG GameApplicationServi - Application scenes initialized
21:40:51.379 [FXGL Background Thread 1 ] DEBUG SystemBundleService  - Loading FXGL system data
21:40:51.383 [FXGL Background Thread 1 ] DEBUG FileSystemAccess     - Reading from: D:\Intellij\Project\system\fxgl.bundle
21:40:51.390 [FXGL Background Thread 1 ] DEBUG SystemBundleService  - Bundle FXGL: {}
21:40:51.390 [FXGL Background Thread 1 ] DEBUG UpdaterService       - Checking for updates
21:40:51.410 [FXGL Background Thread 4 ] DEBUG FXGLApplication      - Loading fonts
21:40:51.411 [FXGL Background Thread 4 ] DEBUG FXGLAssetLoaderServi - Loading from file system: jar:file:/C:/Users/Fabrizio/.m2/repository/com/github/almasb/fxgl/21/fxgl-21.jar!/fxglassets/ui/fonts/VarelaRound-Regular.ttf
21:40:51.411 [FXGL Background Thread 1 ] DEBUG FXGLApplication      - Loading default localization
21:40:51.411 [FXGL Background Thread 1 ] DEBUG FXGLAssetLoaderServi - Loading from file system: jar:file:/C:/Users/Fabrizio/.m2/repository/com/github/almasb/fxgl/21/fxgl-21.jar!/fxglassets/languages/english.lang
21:40:51.423 [FXGL Background Thread 1 ] INFO  FXGLApplication      - FXGL initialization took: 0,344 sec
21:40:51.424 [JavaFX Application Thread] DEBUG FXGLAssetLoaderServi - Loading from file system: file:/D:/Intellij/Project/target/classes/assets/textures/watermelon_view.png
21:40:51.434 [FXGL Background Thread 4 ] DEBUG FXGLAssetLoaderServi - Loading from file system: jar:file:/C:/Users/Fabrizio/.m2/repository/com/github/almasb/fxgl/21/fxgl-21.jar!/fxglassets/ui/fonts/Abel-Regular.ttf
21:40:51.441 [FXGL Background Thread 4 ] DEBUG FXGLAssetLoaderServi - Loading from file system: jar:file:/C:/Users/Fabrizio/.m2/repository/com/github/almasb/fxgl/21/fxgl-21.jar!/fxglassets/ui/fonts/TerminalLandMono-Regular.otf
21:40:51.442 [JavaFX Application Thread] DEBUG FXGLAssetLoaderServi - Loading from file system: jar:file:/C:/Users/Fabrizio/.m2/repository/com/github/almasb/fxgl/21/fxgl-21.jar!/fxglassets/textures/fxgl_default_cursor.png
21:40:51.449 [FXGL Background Thread 4 ] DEBUG FXGLAssetLoaderServi - Loading from file system: jar:file:/C:/Users/Fabrizio/.m2/repository/com/github/almasb/fxgl/21/fxgl-21.jar!/fxglassets/ui/fonts/Courier-Prime.ttf
21:40:51.452 [JavaFX Application Thread] DEBUG Input                - Registered new binding: Screenshot - CTRL+8
21:40:51.453 [JavaFX Application Thread] DEBUG Input                - Registered new binding: Dev Options - 1
21:40:51.453 [JavaFX Application Thread] DEBUG Input                - Registered new binding: Dev Console - 2
21:40:51.453 [JavaFX Application Thread] DEBUG Input                - Registered new binding: System info dump - CTRL+9
21:40:51.454 [JavaFX Application Thread] DEBUG Input                - Registered new binding: Restart - CTRL+R
21:40:51.454 [JavaFX Application Thread] DEBUG Input                - Registered new binding: Toggle Debug Camera - CTRL+7
21:40:51.457 [JavaFX Application Thread] DEBUG LoopRunner           - Starting loop
21:40:51.468 [JavaFX Application Thread] DEBUG LoopRunner           - Initializing JavaFX AnimationTimerLoop
21:40:51.469 [JavaFX Application Thread] DEBUG GameApplicationServi - Starting new game
21:40:51.469 [JavaFX Application Thread] DEBUG Input                - Clearing active input actions
21:40:51.477 [JavaFX Application Thread] DEBUG GameApplicationServi - Removing overlay from FXGLStartupScene and adding to FXGLLoadingScene
21:40:51.479 [JavaFX Application Thread] DEBUG PrimaryStageWindow   - FXGLStartupScene -> FXGLLoadingScene
21:40:51.479 [JavaFX Application Thread] DEBUG GameApplicationServi - Clearing previous game
21:40:51.479 [JavaFX Application Thread] DEBUG GameScene            - Clearing game scene
21:40:51.479 [JavaFX Application Thread] DEBUG GameWorld            - Clearing game world
21:40:51.480 [JavaFX Application Thread] DEBUG PhysicsWorld         - Clearing physics world
21:40:51.481 [FXGL Background Thread 4 ] DEBUG FXGLApplication      - Initializing game
21:40:51.481 [JavaFX Application Thread] DEBUG FXGLApplication      - Registering font factories with UI factory
21:40:51.484 [FXGL Background Thread 4 ] DEBUG FXGLAssetLoaderServi - Loading from file system: file:/D:/Intellij/Project/target/classes/assets/textures/background_view.png
21:40:51.515 [FXGL Background Thread 4 ] DEBUG FXGLAssetLoaderServi - Loading from file system: file:/D:/Intellij/Project/target/classes/assets/textures/container_view.png
21:40:51.539 [FXGL Background Thread 4 ] DEBUG FXGLAssetLoaderServi - Loading from file system: file:/D:/Intellij/Project/target/classes/assets/textures/ring_view.png
21:40:51.541 [FXGL Background Thread 4 ] DEBUG FXGLAssetLoaderServi - Loading from file system: file:/D:/Intellij/Project/target/classes/assets/textures/next_fruit_view.png
21:40:51.543 [FXGL Background Thread 4 ] DEBUG FXGLAssetLoaderServi - Loading from file system: file:/D:/Intellij/Project/target/classes/assets/textures/score_view.png
21:40:51.547 [FXGL Background Thread 4 ] DEBUG FXGLAssetLoaderServi - Loading from file system: file:/D:/Intellij/Project/target/classes/assets/textures/apple_view.png
21:40:51.548 [FXGL Background Thread 4 ] DEBUG FXGLAssetLoaderServi - Loading from file system: file:/D:/Intellij/Project/target/classes/assets/textures/cherry_view.png
21:40:51.550 [FXGL Background Thread 4 ] DEBUG FXGLAssetLoaderServi - Loading from file system: file:/D:/Intellij/Project/target/classes/assets/textures/grape_view.png
21:40:51.552 [FXGL Background Thread 4 ] INFO  FXGLApplication      - Game initialization took: 0,071 sec
21:40:51.638 [JavaFX Application Thread] DEBUG Input                - Clearing active input actions
21:40:51.646 [JavaFX Application Thread] DEBUG GameApplicationServi - Removing overlay from FXGLLoadingScene and adding to GameScene
21:40:51.651 [JavaFX Application Thread] DEBUG PrimaryStageWindow   - FXGLLoadingScene -> GameScene
21:40:53.764 [JavaFX Application Thread] DEBUG FXGLAssetLoaderServi - Loading from file system: file:/D:/Intellij/Project/target/classes/assets/textures/strawberry_view.png
21:40:53.766 [JavaFX Application Thread] DEBUG FXGLAssetLoaderServi - Loading from file system: file:/D:/Intellij/Project/target/classes/assets/sounds/fruit_drop.wav
21:40:53.860 [JavaFX Application Thread] DEBUG FXGLAssetLoaderServi - Loading from file system: file:/D:/Intellij/Project/target/classes/assets/textures/orange_view.png
21:40:54.012 [JavaFX Application Thread] DEBUG FXGLAssetLoaderServi - Loading from file system: file:/D:/Intellij/Project/target/classes/assets/textures/lemon_view.png
21:40:54.393 [JavaFX Application Thread] DEBUG FXGLAssetLoaderServi - Loading from file system: file:/D:/Intellij/Project/target/classes/assets/sounds/fruit_merge.wav
21:40:54.409 [FXGL Background Thread 3 ] DEBUG Engine               - Logging environment variables
21:40:54.410 [FXGL Background Thread 3 ] DEBUG Engine               - achievements: []
21:40:54.410 [FXGL Background Thread 3 ] DEBUG Engine               - actualHeight: 720.0
21:40:54.410 [FXGL Background Thread 3 ] DEBUG Engine               - actualHeightProperty: ReadOnlyDoubleProperty [value: 720.0]
21:40:54.410 [FXGL Background Thread 3 ] DEBUG Engine               - actualWidth: 1280.0
21:40:54.410 [FXGL Background Thread 3 ] DEBUG Engine               - actualWidthProperty: ReadOnlyDoubleProperty [value: 1280.0]
21:40:54.410 [FXGL Background Thread 3 ] DEBUG Engine               - appIcon: watermelon_view.png
21:40:54.410 [FXGL Background Thread 3 ] DEBUG Engine               - applicationMode: DEVELOPER
21:40:54.410 [FXGL Background Thread 3 ] DEBUG Engine               - cSSList: [fxgl_dark.css]
21:40:54.410 [FXGL Background Thread 3 ] DEBUG Engine               - collisionDetectionStrategy: BRUTE_FORCE
21:40:54.410 [FXGL Background Thread 3 ] DEBUG Engine               - configClass: Optional.empty
21:40:54.410 [FXGL Background Thread 3 ] DEBUG Engine               - credits: []
21:40:54.410 [FXGL Background Thread 3 ] DEBUG Engine               - defaultCursor: CursorInfo(imageName=fxgl_default_cursor.png, hotspotX=7.0, hotspotY=6.0)
21:40:54.411 [FXGL Background Thread 3 ] DEBUG Engine               - devBBoxColorProperty: ObjectProperty [value: 0xff0000ff]
21:40:54.411 [FXGL Background Thread 3 ] DEBUG Engine               - devEnableDebugCameraProperty: BooleanProperty [value: false]
21:40:54.411 [FXGL Background Thread 3 ] DEBUG Engine               - devSensorColorProperty: ObjectProperty [value: 0xffff00ff]
21:40:54.411 [FXGL Background Thread 3 ] DEBUG Engine               - devShowBBoxProperty: BooleanProperty [value: false]
21:40:54.411 [FXGL Background Thread 3 ] DEBUG Engine               - devShowPositionProperty: BooleanProperty [value: false]
21:40:54.411 [FXGL Background Thread 3 ] DEBUG Engine               - enabledMenuItems: []
21:40:54.411 [FXGL Background Thread 3 ] DEBUG Engine               - engineServices: [class com.almasb.fxgl.app.services.FXGLAssetLoaderService, class com.almasb.fxgl.app.FXGLApplication$GameApplicationService, class com.almasb.fxgl.app.services.FXGLDialogService, class com.almasb.fxgl.app.services.IOTaskExecutorService, class com.almasb.fxgl.io.FileSystemService, class com.almasb.fxgl.localization.LocalizationService, class com.almasb.fxgl.app.services.SystemBundleService, class com.almasb.fxgl.profile.SaveLoadService, class com.almasb.fxgl.ui.FXGLUIFactoryServiceProvider, class com.almasb.fxgl.ui.FXGLDialogFactoryServiceProvider, class com.almasb.fxgl.audio.AudioPlayer, class com.almasb.fxgl.notification.impl.NotificationServiceProvider, class com.almasb.fxgl.achievement.AchievementService, class com.almasb.fxgl.cutscene.CutsceneService, class com.almasb.fxgl.minigames.MiniGameService, class com.almasb.fxgl.net.NetService, class com.almasb.fxgl.app.services.UpdaterService, class com.almasb.fxgl.dev.DevService]
21:40:54.411 [FXGL Background Thread 3 ] DEBUG Engine               - fontGame: Abel-Regular.ttf
21:40:54.411 [FXGL Background Thread 3 ] DEBUG Engine               - fontMono: TerminalLandMono-Regular.otf
21:40:54.411 [FXGL Background Thread 3 ] DEBUG Engine               - fontSizeScaleUI: 1.0
21:40:54.411 [FXGL Background Thread 3 ] DEBUG Engine               - fontText: Courier-Prime.ttf
21:40:54.411 [FXGL Background Thread 3 ] DEBUG Engine               - fontUI: VarelaRound-Regular.ttf
21:40:54.411 [FXGL Background Thread 3 ] DEBUG Engine               - fullScreen: BooleanProperty [value: false]
21:40:54.411 [FXGL Background Thread 3 ] DEBUG Engine               - gameDifficulty: MEDIUM
21:40:54.411 [FXGL Background Thread 3 ] DEBUG Engine               - gameDifficultyProperty: ObjectProperty [value: MEDIUM]
21:40:54.411 [FXGL Background Thread 3 ] DEBUG Engine               - globalMusicVolume: 0.5
21:40:54.411 [FXGL Background Thread 3 ] DEBUG Engine               - globalMusicVolumeProperty: DoubleProperty [value: 0.5]
21:40:54.412 [FXGL Background Thread 3 ] DEBUG Engine               - globalSoundVolume: 0.5
21:40:54.412 [FXGL Background Thread 3 ] DEBUG Engine               - globalSoundVolumeProperty: DoubleProperty [value: 0.5]
21:40:54.412 [FXGL Background Thread 3 ] DEBUG Engine               - height: 720
21:40:54.412 [FXGL Background Thread 3 ] DEBUG Engine               - is3D: false
21:40:54.412 [FXGL Background Thread 3 ] DEBUG Engine               - isAndroid: false
21:40:54.412 [FXGL Background Thread 3 ] DEBUG Engine               - isBrowser: false
21:40:54.412 [FXGL Background Thread 3 ] DEBUG Engine               - isClickFeedbackEnabled: false
21:40:54.412 [FXGL Background Thread 3 ] DEBUG Engine               - isCloseConfirmation: false
21:40:54.412 [FXGL Background Thread 3 ] DEBUG Engine               - isDesktop: true
21:40:54.412 [FXGL Background Thread 3 ] DEBUG Engine               - isDeveloperMenuEnabled: true
21:40:54.412 [FXGL Background Thread 3 ] DEBUG Engine               - isEmbedded: false
21:40:54.412 [FXGL Background Thread 3 ] DEBUG Engine               - isEntityPreloadEnabled: true
21:40:54.412 [FXGL Background Thread 3 ] DEBUG Engine               - isExperimentalTiledLargeMap: false
21:40:54.412 [FXGL Background Thread 3 ] DEBUG Engine               - isFileSystemWriteAllowed: true
21:40:54.412 [FXGL Background Thread 3 ] DEBUG Engine               - isFullScreenAllowed: false
21:40:54.412 [FXGL Background Thread 3 ] DEBUG Engine               - isFullScreenFromStart: false
21:40:54.412 [FXGL Background Thread 3 ] DEBUG Engine               - isGameMenuEnabled: true
21:40:54.412 [FXGL Background Thread 3 ] DEBUG Engine               - isIOS: false
21:40:54.412 [FXGL Background Thread 3 ] DEBUG Engine               - isIntroEnabled: false
21:40:54.412 [FXGL Background Thread 3 ] DEBUG Engine               - isLinux: false
21:40:54.413 [FXGL Background Thread 3 ] DEBUG Engine               - isMac: false
21:40:54.413 [FXGL Background Thread 3 ] DEBUG Engine               - isMainMenuEnabled: false
21:40:54.413 [FXGL Background Thread 3 ] DEBUG Engine               - isManualResizeEnabled: false
21:40:54.413 [FXGL Background Thread 3 ] DEBUG Engine               - isMobile: false
21:40:54.413 [FXGL Background Thread 3 ] DEBUG Engine               - isNative: false
21:40:54.413 [FXGL Background Thread 3 ] DEBUG Engine               - isPauseMusicWhenMinimized: true
21:40:54.413 [FXGL Background Thread 3 ] DEBUG Engine               - isPreserveResizeRatio: false
21:40:54.413 [FXGL Background Thread 3 ] DEBUG Engine               - isProfilingEnabled: false
21:40:54.413 [FXGL Background Thread 3 ] DEBUG Engine               - isScaleAffectedOnResize: true
21:40:54.413 [FXGL Background Thread 3 ] DEBUG Engine               - isSingleStep: false
21:40:54.413 [FXGL Background Thread 3 ] DEBUG Engine               - isUserProfileEnabled: false
21:40:54.413 [FXGL Background Thread 3 ] DEBUG Engine               - isWindows: true
21:40:54.413 [FXGL Background Thread 3 ] DEBUG Engine               - language: ObjectProperty [value: ENGLISH]
21:40:54.413 [FXGL Background Thread 3 ] DEBUG Engine               - menuKey: ESCAPE
21:40:54.413 [FXGL Background Thread 3 ] DEBUG Engine               - mouseSensitivity: 0.2
21:40:54.413 [FXGL Background Thread 3 ] DEBUG Engine               - notificationViewClass: class com.almasb.fxgl.notification.view.XboxNotificationView
21:40:54.413 [FXGL Background Thread 3 ] DEBUG Engine               - pixelsPerMeter: 50.0
21:40:54.413 [FXGL Background Thread 3 ] DEBUG Engine               - platform: WINDOWS
21:40:54.413 [FXGL Background Thread 3 ] DEBUG Engine               - prefHeightProperty: ReadOnlyDoubleProperty [value: 720.0]
21:40:54.413 [FXGL Background Thread 3 ] DEBUG Engine               - prefWidthProperty: ReadOnlyDoubleProperty [value: 1280.0]
21:40:54.413 [FXGL Background Thread 3 ] DEBUG Engine               - profileDir: profiles/
21:40:54.413 [FXGL Background Thread 3 ] DEBUG Engine               - profileName: StringProperty [value: DEFAULT]
21:40:54.414 [FXGL Background Thread 3 ] DEBUG Engine               - randomSeed: -1
21:40:54.414 [FXGL Background Thread 3 ] DEBUG Engine               - runtimeInfo: RuntimeInfo(platform=WINDOWS, version=21, build=28.12.2023 13.35)
21:40:54.414 [FXGL Background Thread 3 ] DEBUG Engine               - saveFileExt: sav
21:40:54.414 [FXGL Background Thread 3 ] DEBUG Engine               - scaledHeightProp$fxgl: DoubleProperty [bound, value: 720.0]
21:40:54.414 [FXGL Background Thread 3 ] DEBUG Engine               - scaledWidthProp$fxgl: DoubleProperty [bound, value: 1280.0]
21:40:54.414 [FXGL Background Thread 3 ] DEBUG Engine               - sceneFactory: com.almasb.fxgl.app.scene.SceneFactory@476e5c5
21:40:54.414 [FXGL Background Thread 3 ] DEBUG Engine               - secondsIn24h: 60
21:40:54.414 [FXGL Background Thread 3 ] DEBUG Engine               - soundMenuBack: menu/back.wav
21:40:54.414 [FXGL Background Thread 3 ] DEBUG Engine               - soundMenuPress: menu/press.wav
21:40:54.414 [FXGL Background Thread 3 ] DEBUG Engine               - soundMenuSelect: menu/select.wav
21:40:54.414 [FXGL Background Thread 3 ] DEBUG Engine               - soundNotification: core/notification.wav
21:40:54.414 [FXGL Background Thread 3 ] DEBUG Engine               - stageStyle: DECORATED
21:40:54.414 [FXGL Background Thread 3 ] DEBUG Engine               - supportedLanguages: [ENGLISH, FRENCH, GERMAN, HUNGARIAN, RUSSIAN]
21:40:54.414 [FXGL Background Thread 3 ] DEBUG Engine               - ticksPerSecond: -1
21:40:54.414 [FXGL Background Thread 3 ] DEBUG Engine               - title: Suika FXGL
21:40:54.414 [FXGL Background Thread 3 ] DEBUG Engine               - urlGithub: https://github.com/AlmasB/FXGL
21:40:54.414 [FXGL Background Thread 3 ] DEBUG Engine               - urlLeaderboard: http://fxgl-top.herokuapp.com/
21:40:54.414 [FXGL Background Thread 3 ] DEBUG Engine               - urlPOM: https://raw.githubusercontent.com/AlmasB/FXGL/release/README.md
21:40:54.415 [FXGL Background Thread 3 ] DEBUG Engine               - userAppClass: class com.lucenstuff.fxglgames.suikagame.SuikaGame
21:40:54.415 [FXGL Background Thread 3 ] DEBUG Engine               - version: 0.1
21:40:54.415 [FXGL Background Thread 3 ] DEBUG Engine               - versionCheckDays: 7
21:40:54.415 [FXGL Background Thread 3 ] DEBUG Engine               - width: 1280
21:40:54.415 [FXGL Background Thread 3 ] DEBUG Engine               - Logging services
21:40:54.415 [FXGL Background Thread 3 ] DEBUG Engine               - class com.almasb.fxgl.app.services.FXGLAssetLoaderService
21:40:54.415 [FXGL Background Thread 3 ] DEBUG Engine               - class com.almasb.fxgl.app.FXGLApplication$GameApplicationService
21:40:54.415 [FXGL Background Thread 3 ] DEBUG Engine               - class com.almasb.fxgl.app.services.FXGLDialogService
21:40:54.415 [FXGL Background Thread 3 ] DEBUG Engine               - class com.almasb.fxgl.app.services.IOTaskExecutorService
21:40:54.415 [FXGL Background Thread 3 ] DEBUG Engine               - class com.almasb.fxgl.io.FileSystemService
21:40:54.415 [FXGL Background Thread 3 ] DEBUG Engine               - class com.almasb.fxgl.localization.LocalizationService
21:40:54.415 [FXGL Background Thread 3 ] DEBUG Engine               - class com.almasb.fxgl.app.services.SystemBundleService
21:40:54.415 [FXGL Background Thread 3 ] DEBUG Engine               - class com.almasb.fxgl.profile.SaveLoadService
21:40:54.415 [FXGL Background Thread 3 ] DEBUG Engine               - class com.almasb.fxgl.ui.FXGLUIFactoryServiceProvider
21:40:54.415 [FXGL Background Thread 3 ] DEBUG Engine               - class com.almasb.fxgl.ui.FXGLDialogFactoryServiceProvider
21:40:54.415 [FXGL Background Thread 3 ] DEBUG Engine               - class com.almasb.fxgl.audio.AudioPlayer
21:40:54.415 [FXGL Background Thread 3 ] DEBUG Engine               - class com.almasb.fxgl.notification.impl.NotificationServiceProvider
21:40:54.415 [FXGL Background Thread 3 ] DEBUG Engine               - class com.almasb.fxgl.achievement.AchievementService
21:40:54.415 [FXGL Background Thread 3 ] DEBUG Engine               - class com.almasb.fxgl.cutscene.CutsceneService
21:40:54.416 [FXGL Background Thread 3 ] DEBUG Engine               - class com.almasb.fxgl.minigames.MiniGameService
21:40:54.416 [FXGL Background Thread 3 ] DEBUG Engine               - class com.almasb.fxgl.net.NetService
21:40:54.416 [FXGL Background Thread 3 ] DEBUG Engine               - class com.almasb.fxgl.app.services.UpdaterService
21:40:54.416 [FXGL Background Thread 3 ] DEBUG Engine               - class com.almasb.fxgl.dev.DevService
21:40:54.678 [JavaFX Application Thread] DEBUG FXGLAssetLoaderServi - Loading from file system: file:/D:/Intellij/Project/target/classes/assets/textures/pear_view.png
21:40:56.958 [JavaFX Application Thread] DEBUG FXGLAssetLoaderServi - Loading from file system: file:/D:/Intellij/Project/target/classes/assets/textures/peach_view.png
21:40:58.528 [JavaFX Application Thread] DEBUG FXGLAssetLoaderServi - Loading from file system: file:/D:/Intellij/Project/target/classes/assets/textures/pineapple_view.png
21:41:08.049 [JavaFX Application Thread] DEBUG PrimaryStageWindow   - Push state: DialogSubScene
21:41:08.049 [JavaFX Application Thread] DEBUG Input                - Clearing active input actions
21:41:08.050 [JavaFX Application Thread] DEBUG GameApplicationServi - Removing overlay from GameScene and adding to DialogSubScene
21:41:08.051 [JavaFX Application Thread] DEBUG PrimaryStageWindow   - GameScene -> DialogSubScene
21:41:09.552 [JavaFX Application Thread] DEBUG PrimaryStageWindow   - Pop state: DialogSubScene
21:41:09.552 [JavaFX Application Thread] DEBUG Input                - Clearing active input actions
21:41:09.553 [JavaFX Application Thread] DEBUG GameApplicationServi - Removing overlay from DialogSubScene and adding to GameScene
21:41:09.553 [JavaFX Application Thread] DEBUG PrimaryStageWindow   - GameScene <- DialogSubScene
21:41:15.690 [JavaFX Application Thread] DEBUG FXGLApplication      - Exiting FXGL
21:41:15.690 [JavaFX Application Thread] DEBUG LoopRunner           - Stopping loop
21:41:15.690 [JavaFX Application Thread] DEBUG SystemBundleService  - Saving FXGL system data
21:41:15.692 [JavaFX Application Thread] DEBUG FileSystemAccess     - Writing to: D:\Intellij\Project\system\fxgl.bundle
21:41:15.693 [JavaFX Application Thread] DEBUG Async                - Shutting down background threads
21:41:15.693 [JavaFX Application Thread] DEBUG PrimaryStageWindow   - Closing main window
21:41:15.702 [JavaFX Application Thread] DEBUG Logger               - Closing Logger
