17:05:59.426 [main                     ] DEBUG Logger               - Configured Logger
17:05:59.486 [main                     ] DEBUG GameApplication      - Logging settings
Title: Basic Game App
Version: 0.1
Width: 1280
Height: 720
Fullscreen: false
Intro: false
Profiling: false
Single step:false
App Mode: DEVELOPER
Menu Key: ESCAPE
Stage Style: DECORATED
Scene Factory: class com.almasb.fxgl.app.scene.SceneFactory

17:06:00.687 [JavaFX Application Thread] DEBUG FXGLApplication      - Initializing FXGL
17:06:00.695 [JavaFX Application Thread] INFO  Engine               - FXGL-21 (28.12.2023 13.35) on WINDOWS (J:21.0.1 FX:21.0.1)
17:06:00.696 [JavaFX Application Thread] DEBUG Engine               - JRE Vendor Name: Oracle Corporation
17:06:00.696 [JavaFX Application Thread] DEBUG Engine               - Running on OS: Windows 11 version 10.0
17:06:00.697 [JavaFX Application Thread] DEBUG Engine               - Architecture: amd64
17:06:00.697 [JavaFX Application Thread] INFO  Engine               - Source code and latest versions at: https://github.com/AlmasB/FXGL
17:06:00.697 [JavaFX Application Thread] INFO  Engine               -       Ask questions and discuss at: https://github.com/AlmasB/FXGL/discussions
17:06:00.697 [JavaFX Application Thread] INFO  Engine               -              Join the FXGL chat at: https://gitter.im/AlmasB/FXGL
17:06:01.060 [JavaFX Application Thread] DEBUG PrimaryStageWindow   - Creating a JavaFX scene
17:06:01.189 [JavaFX Application Thread] DEBUG PrimaryStageWindow   - Target settings size: 1280.0 x 720.0
17:06:01.190 [JavaFX Application Thread] DEBUG PrimaryStageWindow   - Scaled scene size:    1280.0 x 720.0
17:06:01.190 [JavaFX Application Thread] DEBUG PrimaryStageWindow   - Scaled ratio: (1.0, 1.0)
17:06:01.194 [JavaFX Application Thread] DEBUG PrimaryStageWindow   - Set initial scene to FXGLStartupScene
17:06:01.202 [JavaFX Application Thread] DEBUG PrimaryStageWindow   - Opening main window
17:06:01.372 [JavaFX Application Thread] DEBUG PrimaryStageWindow   - Window border size: (16.0, 39.0)
17:06:01.373 [JavaFX Application Thread] DEBUG PrimaryStageWindow   - Scaled size: 1280.0 x 720.0
17:06:01.374 [JavaFX Application Thread] DEBUG PrimaryStageWindow   - Scaled ratio: (1.0, 1.0)
17:06:01.374 [JavaFX Application Thread] DEBUG PrimaryStageWindow   - Scene size: 1280.0 x 720.0
17:06:01.374 [JavaFX Application Thread] DEBUG PrimaryStageWindow   - Stage size: 1296.0 x 759.0
17:06:01.417 [FXGL Background Thread 1 ] DEBUG Engine               - Initializing environment variables
17:06:01.679 [FXGL Background Thread 1 ] DEBUG FXGLAssetLoaderServi - User app class for loading assets: class com.lucenstuff.fxglgames.suikagame.SuikaGame
17:06:01.680 [FXGL Background Thread 1 ] DEBUG GameApplicationServi - Applying CSS: fxgl_dark.css
17:06:01.684 [FXGL Background Thread 1 ] DEBUG FXGLAssetLoaderServi - Loading from file system: jar:file:/C:/Users/agust/.m2/repository/com/github/almasb/fxgl/21/fxgl-21.jar!/fxglassets/ui/css/fxgl_dark.css
17:06:01.773 [FXGL Background Thread 1 ] DEBUG GameApplicationServi - Initializing application scenes
17:06:02.211 [FXGL Background Thread 1 ] DEBUG GameWorld            - Game world initialized
17:06:02.424 [FXGL Background Thread 1 ] DEBUG PhysicsWorld         - Physics world initialized: appHeight=720, physics.ppm=50,0
17:06:02.425 [FXGL Background Thread 1 ] DEBUG PhysicsWorld         - Using strategy: BRUTE_FORCE
17:06:02.431 [FXGL Background Thread 1 ] DEBUG GameScene            - Game scene initialized: 1280x720
17:06:02.451 [FXGL Background Thread 1 ] DEBUG FXGL.DefaultMenu     - createMenuBodyGameMenu()
17:06:02.472 [FXGL Background Thread 1 ] DEBUG FXGL.DefaultMenu     - createOptionsMenu()
17:06:02.488 [FXGL Background Thread 1 ] DEBUG FXGLAssetLoaderServi - Loading from file system: jar:file:/C:/Users/agust/.m2/repository/com/github/almasb/fxgl/21/fxgl-21.jar!/fxglassets/textures/particles/smoke.png
17:06:02.677 [FXGL Background Thread 1 ] DEBUG FXGLAssetLoaderServi - Loading from file system: jar:file:/C:/Users/agust/.m2/repository/com/github/almasb/fxgl/21/fxgl-21.jar!/fxglassets/textures/particles/trace_horizontal.png
17:06:02.730 [FXGL Background Thread 1 ] DEBUG GameApplicationServi - Application scenes initialized
17:06:02.755 [FXGL Background Thread 1 ] DEBUG SystemBundleService  - Loading FXGL system data
17:06:02.763 [FXGL Background Thread 1 ] DEBUG FileSystemAccess     - Reading from: D:\Programación\JAVA\SuikaGame\system\fxgl.bundle
17:06:02.785 [FXGL Background Thread 1 ] DEBUG SystemBundleService  - Bundle FXGL: {}
17:06:02.786 [FXGL Background Thread 1 ] DEBUG UpdaterService       - Checking for updates
17:06:02.830 [FXGL Background Thread 1 ] DEBUG FXGLApplication      - Loading default localization
17:06:02.831 [FXGL Background Thread 1 ] DEBUG FXGLAssetLoaderServi - Loading from file system: jar:file:/C:/Users/agust/.m2/repository/com/github/almasb/fxgl/21/fxgl-21.jar!/fxglassets/languages/english.lang
17:06:02.857 [FXGL Background Thread 1 ] INFO  FXGLApplication      - FXGL initialization took: 1,440 sec
17:06:02.858 [JavaFX Application Thread] DEBUG FXGLAssetLoaderServi - Loading from file system: jar:file:/C:/Users/agust/.m2/repository/com/github/almasb/fxgl/21/fxgl-21.jar!/fxglassets/textures/fxgl_icon.png
17:06:02.890 [FXGL Background Thread 4 ] DEBUG FXGLApplication      - Loading fonts
17:06:02.890 [FXGL Background Thread 4 ] DEBUG FXGLAssetLoaderServi - Loading from file system: jar:file:/C:/Users/agust/.m2/repository/com/github/almasb/fxgl/21/fxgl-21.jar!/fxglassets/ui/fonts/VarelaRound-Regular.ttf
17:06:02.896 [JavaFX Application Thread] DEBUG FXGLAssetLoaderServi - Loading from file system: jar:file:/C:/Users/agust/.m2/repository/com/github/almasb/fxgl/21/fxgl-21.jar!/fxglassets/textures/fxgl_default_cursor.png
17:06:02.914 [JavaFX Application Thread] DEBUG Input                - Registered new binding: Screenshot - CTRL+8
17:06:02.915 [JavaFX Application Thread] DEBUG Input                - Registered new binding: Dev Options - 1
17:06:02.915 [JavaFX Application Thread] DEBUG Input                - Registered new binding: Dev Console - 2
17:06:02.916 [JavaFX Application Thread] DEBUG Input                - Registered new binding: System info dump - CTRL+9
17:06:02.917 [JavaFX Application Thread] DEBUG Input                - Registered new binding: Restart - CTRL+R
17:06:02.917 [JavaFX Application Thread] DEBUG Input                - Registered new binding: Toggle Debug Camera - CTRL+7
17:06:02.921 [JavaFX Application Thread] DEBUG LoopRunner           - Starting loop
17:06:02.944 [JavaFX Application Thread] DEBUG LoopRunner           - Initializing JavaFX AnimationTimerLoop
17:06:02.946 [JavaFX Application Thread] DEBUG GameApplicationServi - Starting new game
17:06:02.947 [JavaFX Application Thread] DEBUG Input                - Clearing active input actions
17:06:02.966 [JavaFX Application Thread] DEBUG GameApplicationServi - Removing overlay from FXGLStartupScene and adding to FXGLLoadingScene
17:06:02.972 [JavaFX Application Thread] DEBUG PrimaryStageWindow   - FXGLStartupScene -> FXGLLoadingScene
17:06:02.973 [JavaFX Application Thread] DEBUG GameApplicationServi - Clearing previous game
17:06:02.974 [JavaFX Application Thread] DEBUG GameScene            - Clearing game scene
17:06:02.974 [JavaFX Application Thread] DEBUG GameWorld            - Clearing game world
17:06:02.976 [JavaFX Application Thread] DEBUG PhysicsWorld         - Clearing physics world
17:06:03.006 [FXGL Background Thread 1 ] DEBUG FXGLApplication      - Initializing game
17:06:03.061 [FXGL Background Thread 1 ] INFO  FXGLApplication      - Game initialization took: 0,054 sec
17:06:03.130 [FXGL Background Thread 4 ] DEBUG FXGLAssetLoaderServi - Loading from file system: jar:file:/C:/Users/agust/.m2/repository/com/github/almasb/fxgl/21/fxgl-21.jar!/fxglassets/ui/fonts/Abel-Regular.ttf
17:06:03.409 [FXGL Background Thread 4 ] DEBUG FXGLAssetLoaderServi - Loading from file system: jar:file:/C:/Users/agust/.m2/repository/com/github/almasb/fxgl/21/fxgl-21.jar!/fxglassets/ui/fonts/TerminalLandMono-Regular.otf
17:06:03.431 [JavaFX Application Thread] DEBUG Input                - Clearing active input actions
17:06:03.448 [JavaFX Application Thread] DEBUG GameApplicationServi - Removing overlay from FXGLLoadingScene and adding to GameScene
17:06:03.459 [JavaFX Application Thread] DEBUG PrimaryStageWindow   - FXGLLoadingScene -> GameScene
17:06:03.774 [FXGL Background Thread 4 ] DEBUG FXGLAssetLoaderServi - Loading from file system: jar:file:/C:/Users/agust/.m2/repository/com/github/almasb/fxgl/21/fxgl-21.jar!/fxglassets/ui/fonts/Courier-Prime.ttf
17:06:03.858 [JavaFX Application Thread] DEBUG FXGLApplication      - Registering font factories with UI factory
17:06:04.655 [JavaFX Application Thread] DEBUG FXGLAssetLoaderServi - Loading from file system: file:/D:/Programaci%c3%b3n/JAVA/SuikaGame/target/classes/assets/textures/orange_view.png
17:06:05.828 [FXGL Background Thread 3 ] DEBUG Engine               - Logging environment variables
17:06:05.828 [FXGL Background Thread 3 ] DEBUG Engine               - achievements: []
17:06:05.828 [FXGL Background Thread 3 ] DEBUG Engine               - actualHeight: 720.0
17:06:05.829 [FXGL Background Thread 3 ] DEBUG Engine               - actualHeightProperty: ReadOnlyDoubleProperty [value: 720.0]
17:06:05.829 [FXGL Background Thread 3 ] DEBUG Engine               - actualWidth: 1280.0
17:06:05.829 [FXGL Background Thread 3 ] DEBUG Engine               - actualWidthProperty: ReadOnlyDoubleProperty [value: 1280.0]
17:06:05.829 [FXGL Background Thread 3 ] DEBUG Engine               - appIcon: fxgl_icon.png
17:06:05.839 [FXGL Background Thread 3 ] DEBUG Engine               - applicationMode: DEVELOPER
17:06:05.839 [FXGL Background Thread 3 ] DEBUG Engine               - cSSList: [fxgl_dark.css]
17:06:05.839 [FXGL Background Thread 3 ] DEBUG Engine               - collisionDetectionStrategy: BRUTE_FORCE
17:06:05.839 [FXGL Background Thread 3 ] DEBUG Engine               - configClass: Optional.empty
17:06:05.839 [FXGL Background Thread 3 ] DEBUG Engine               - credits: []
17:06:05.840 [FXGL Background Thread 3 ] DEBUG Engine               - defaultCursor: CursorInfo(imageName=fxgl_default_cursor.png, hotspotX=7.0, hotspotY=6.0)
17:06:05.841 [FXGL Background Thread 3 ] DEBUG Engine               - devBBoxColorProperty: ObjectProperty [value: 0xff0000ff]
17:06:05.841 [FXGL Background Thread 3 ] DEBUG Engine               - devEnableDebugCameraProperty: BooleanProperty [value: false]
17:06:05.841 [FXGL Background Thread 3 ] DEBUG Engine               - devSensorColorProperty: ObjectProperty [value: 0xffff00ff]
17:06:05.841 [FXGL Background Thread 3 ] DEBUG Engine               - devShowBBoxProperty: BooleanProperty [value: false]
17:06:05.841 [FXGL Background Thread 3 ] DEBUG Engine               - devShowPositionProperty: BooleanProperty [value: false]
17:06:05.842 [FXGL Background Thread 3 ] DEBUG Engine               - enabledMenuItems: []
17:06:05.842 [FXGL Background Thread 3 ] DEBUG Engine               - engineServices: [class com.almasb.fxgl.app.services.FXGLAssetLoaderService, class com.almasb.fxgl.app.FXGLApplication$GameApplicationService, class com.almasb.fxgl.app.services.FXGLDialogService, class com.almasb.fxgl.app.services.IOTaskExecutorService, class com.almasb.fxgl.io.FileSystemService, class com.almasb.fxgl.localization.LocalizationService, class com.almasb.fxgl.app.services.SystemBundleService, class com.almasb.fxgl.profile.SaveLoadService, class com.almasb.fxgl.ui.FXGLUIFactoryServiceProvider, class com.almasb.fxgl.ui.FXGLDialogFactoryServiceProvider, class com.almasb.fxgl.audio.AudioPlayer, class com.almasb.fxgl.notification.impl.NotificationServiceProvider, class com.almasb.fxgl.achievement.AchievementService, class com.almasb.fxgl.cutscene.CutsceneService, class com.almasb.fxgl.minigames.MiniGameService, class com.almasb.fxgl.net.NetService, class com.almasb.fxgl.app.services.UpdaterService, class com.almasb.fxgl.dev.DevService]
17:06:05.842 [FXGL Background Thread 3 ] DEBUG Engine               - fontGame: Abel-Regular.ttf
17:06:05.842 [FXGL Background Thread 3 ] DEBUG Engine               - fontMono: TerminalLandMono-Regular.otf
17:06:05.842 [FXGL Background Thread 3 ] DEBUG Engine               - fontSizeScaleUI: 1.0
17:06:05.843 [FXGL Background Thread 3 ] DEBUG Engine               - fontText: Courier-Prime.ttf
17:06:05.843 [FXGL Background Thread 3 ] DEBUG Engine               - fontUI: VarelaRound-Regular.ttf
17:06:05.843 [FXGL Background Thread 3 ] DEBUG Engine               - fullScreen: BooleanProperty [value: false]
17:06:05.843 [FXGL Background Thread 3 ] DEBUG Engine               - gameDifficulty: MEDIUM
17:06:05.843 [FXGL Background Thread 3 ] DEBUG Engine               - gameDifficultyProperty: ObjectProperty [value: MEDIUM]
17:06:05.843 [FXGL Background Thread 3 ] DEBUG Engine               - globalMusicVolume: 0.5
17:06:05.843 [FXGL Background Thread 3 ] DEBUG Engine               - globalMusicVolumeProperty: DoubleProperty [value: 0.5]
17:06:05.843 [FXGL Background Thread 3 ] DEBUG Engine               - globalSoundVolume: 0.5
17:06:05.844 [FXGL Background Thread 3 ] DEBUG Engine               - globalSoundVolumeProperty: DoubleProperty [value: 0.5]
17:06:05.844 [FXGL Background Thread 3 ] DEBUG Engine               - height: 720
17:06:05.844 [FXGL Background Thread 3 ] DEBUG Engine               - is3D: false
17:06:05.844 [FXGL Background Thread 3 ] DEBUG Engine               - isAndroid: false
17:06:05.844 [FXGL Background Thread 3 ] DEBUG Engine               - isBrowser: false
17:06:05.844 [FXGL Background Thread 3 ] DEBUG Engine               - isClickFeedbackEnabled: false
17:06:05.844 [FXGL Background Thread 3 ] DEBUG Engine               - isCloseConfirmation: false
17:06:05.844 [FXGL Background Thread 3 ] DEBUG Engine               - isDesktop: true
17:06:05.845 [FXGL Background Thread 3 ] DEBUG Engine               - isDeveloperMenuEnabled: true
17:06:05.845 [FXGL Background Thread 3 ] DEBUG Engine               - isEmbedded: false
17:06:05.845 [FXGL Background Thread 3 ] DEBUG Engine               - isEntityPreloadEnabled: true
17:06:05.845 [FXGL Background Thread 3 ] DEBUG Engine               - isExperimentalTiledLargeMap: false
17:06:05.845 [FXGL Background Thread 3 ] DEBUG Engine               - isFileSystemWriteAllowed: true
17:06:05.845 [FXGL Background Thread 3 ] DEBUG Engine               - isFullScreenAllowed: false
17:06:05.846 [FXGL Background Thread 3 ] DEBUG Engine               - isFullScreenFromStart: false
17:06:05.846 [FXGL Background Thread 3 ] DEBUG Engine               - isGameMenuEnabled: true
17:06:05.846 [FXGL Background Thread 3 ] DEBUG Engine               - isIOS: false
17:06:05.846 [FXGL Background Thread 3 ] DEBUG Engine               - isIntroEnabled: false
17:06:05.846 [FXGL Background Thread 3 ] DEBUG Engine               - isLinux: false
17:06:05.846 [FXGL Background Thread 3 ] DEBUG Engine               - isMac: false
17:06:05.846 [FXGL Background Thread 3 ] DEBUG Engine               - isMainMenuEnabled: false
17:06:05.847 [FXGL Background Thread 3 ] DEBUG Engine               - isManualResizeEnabled: false
17:06:05.847 [FXGL Background Thread 3 ] DEBUG Engine               - isMobile: false
17:06:05.847 [FXGL Background Thread 3 ] DEBUG Engine               - isNative: false
17:06:05.847 [FXGL Background Thread 3 ] DEBUG Engine               - isPauseMusicWhenMinimized: true
17:06:05.847 [FXGL Background Thread 3 ] DEBUG Engine               - isPreserveResizeRatio: false
17:06:05.847 [FXGL Background Thread 3 ] DEBUG Engine               - isProfilingEnabled: false
17:06:05.847 [FXGL Background Thread 3 ] DEBUG Engine               - isScaleAffectedOnResize: true
17:06:05.847 [FXGL Background Thread 3 ] DEBUG Engine               - isSingleStep: false
17:06:05.847 [FXGL Background Thread 3 ] DEBUG Engine               - isUserProfileEnabled: false
17:06:05.847 [FXGL Background Thread 3 ] DEBUG Engine               - isWindows: true
17:06:05.848 [FXGL Background Thread 3 ] DEBUG Engine               - language: ObjectProperty [value: ENGLISH]
17:06:05.848 [FXGL Background Thread 3 ] DEBUG Engine               - menuKey: ESCAPE
17:06:05.848 [FXGL Background Thread 3 ] DEBUG Engine               - mouseSensitivity: 0.2
17:06:05.848 [FXGL Background Thread 3 ] DEBUG Engine               - notificationViewClass: class com.almasb.fxgl.notification.view.XboxNotificationView
17:06:05.848 [FXGL Background Thread 3 ] DEBUG Engine               - pixelsPerMeter: 50.0
17:06:05.848 [FXGL Background Thread 3 ] DEBUG Engine               - platform: WINDOWS
17:06:05.848 [FXGL Background Thread 3 ] DEBUG Engine               - prefHeightProperty: ReadOnlyDoubleProperty [value: 720.0]
17:06:05.848 [FXGL Background Thread 3 ] DEBUG Engine               - prefWidthProperty: ReadOnlyDoubleProperty [value: 1280.0]
17:06:05.848 [FXGL Background Thread 3 ] DEBUG Engine               - profileDir: profiles/
17:06:05.848 [FXGL Background Thread 3 ] DEBUG Engine               - profileName: StringProperty [value: DEFAULT]
17:06:05.848 [FXGL Background Thread 3 ] DEBUG Engine               - randomSeed: -1
17:06:05.849 [FXGL Background Thread 3 ] DEBUG Engine               - runtimeInfo: RuntimeInfo(platform=WINDOWS, version=21, build=28.12.2023 13.35)
17:06:05.849 [FXGL Background Thread 3 ] DEBUG Engine               - saveFileExt: sav
17:06:05.849 [FXGL Background Thread 3 ] DEBUG Engine               - scaledHeightProp$fxgl: DoubleProperty [bound, value: 720.0]
17:06:05.849 [FXGL Background Thread 3 ] DEBUG Engine               - scaledWidthProp$fxgl: DoubleProperty [bound, value: 1280.0]
17:06:05.849 [FXGL Background Thread 3 ] DEBUG Engine               - sceneFactory: com.almasb.fxgl.app.scene.SceneFactory@66388eeb
17:06:05.849 [FXGL Background Thread 3 ] DEBUG Engine               - secondsIn24h: 60
17:06:05.849 [FXGL Background Thread 3 ] DEBUG Engine               - soundMenuBack: menu/back.wav
17:06:05.849 [FXGL Background Thread 3 ] DEBUG Engine               - soundMenuPress: menu/press.wav
17:06:05.849 [FXGL Background Thread 3 ] DEBUG Engine               - soundMenuSelect: menu/select.wav
17:06:05.849 [FXGL Background Thread 3 ] DEBUG Engine               - soundNotification: core/notification.wav
17:06:05.850 [FXGL Background Thread 3 ] DEBUG Engine               - stageStyle: DECORATED
17:06:05.850 [FXGL Background Thread 3 ] DEBUG Engine               - supportedLanguages: [ENGLISH, FRENCH, GERMAN, HUNGARIAN, RUSSIAN]
17:06:05.850 [FXGL Background Thread 3 ] DEBUG Engine               - ticksPerSecond: -1
17:06:05.850 [FXGL Background Thread 3 ] DEBUG Engine               - title: Basic Game App
17:06:05.850 [FXGL Background Thread 3 ] DEBUG Engine               - urlGithub: https://github.com/AlmasB/FXGL
17:06:05.850 [FXGL Background Thread 3 ] DEBUG Engine               - urlLeaderboard: http://fxgl-top.herokuapp.com/
17:06:05.850 [FXGL Background Thread 3 ] DEBUG Engine               - urlPOM: https://raw.githubusercontent.com/AlmasB/FXGL/release/README.md
17:06:05.850 [FXGL Background Thread 3 ] DEBUG Engine               - userAppClass: class com.lucenstuff.fxglgames.suikagame.SuikaGame
17:06:05.850 [FXGL Background Thread 3 ] DEBUG Engine               - version: 0.1
17:06:05.851 [FXGL Background Thread 3 ] DEBUG Engine               - versionCheckDays: 7
17:06:05.851 [FXGL Background Thread 3 ] DEBUG Engine               - width: 1280
17:06:05.851 [FXGL Background Thread 3 ] DEBUG Engine               - Logging services
17:06:05.851 [FXGL Background Thread 3 ] DEBUG Engine               - class com.almasb.fxgl.app.services.FXGLAssetLoaderService
17:06:05.851 [FXGL Background Thread 3 ] DEBUG Engine               - class com.almasb.fxgl.app.FXGLApplication$GameApplicationService
17:06:05.851 [FXGL Background Thread 3 ] DEBUG Engine               - class com.almasb.fxgl.app.services.FXGLDialogService
17:06:05.851 [FXGL Background Thread 3 ] DEBUG Engine               - class com.almasb.fxgl.app.services.IOTaskExecutorService
17:06:05.851 [FXGL Background Thread 3 ] DEBUG Engine               - class com.almasb.fxgl.io.FileSystemService
17:06:05.851 [FXGL Background Thread 3 ] DEBUG Engine               - class com.almasb.fxgl.localization.LocalizationService
17:06:05.852 [FXGL Background Thread 3 ] DEBUG Engine               - class com.almasb.fxgl.app.services.SystemBundleService
17:06:05.852 [FXGL Background Thread 3 ] DEBUG Engine               - class com.almasb.fxgl.profile.SaveLoadService
17:06:05.852 [FXGL Background Thread 3 ] DEBUG Engine               - class com.almasb.fxgl.ui.FXGLUIFactoryServiceProvider
17:06:05.852 [FXGL Background Thread 3 ] DEBUG Engine               - class com.almasb.fxgl.ui.FXGLDialogFactoryServiceProvider
17:06:05.852 [FXGL Background Thread 3 ] DEBUG Engine               - class com.almasb.fxgl.audio.AudioPlayer
17:06:05.852 [FXGL Background Thread 3 ] DEBUG Engine               - class com.almasb.fxgl.notification.impl.NotificationServiceProvider
17:06:05.852 [FXGL Background Thread 3 ] DEBUG Engine               - class com.almasb.fxgl.achievement.AchievementService
17:06:05.852 [FXGL Background Thread 3 ] DEBUG Engine               - class com.almasb.fxgl.cutscene.CutsceneService
17:06:05.852 [FXGL Background Thread 3 ] DEBUG Engine               - class com.almasb.fxgl.minigames.MiniGameService
17:06:05.852 [FXGL Background Thread 3 ] DEBUG Engine               - class com.almasb.fxgl.net.NetService
17:06:05.852 [FXGL Background Thread 3 ] DEBUG Engine               - class com.almasb.fxgl.app.services.UpdaterService
17:06:05.852 [FXGL Background Thread 3 ] DEBUG Engine               - class com.almasb.fxgl.dev.DevService
17:06:06.833 [JavaFX Application Thread] DEBUG FXGLAssetLoaderServi - Loading from file system: file:/D:/Programaci%c3%b3n/JAVA/SuikaGame/target/classes/assets/textures/apple_view.png
17:06:08.373 [JavaFX Application Thread] DEBUG FXGLApplication      - Exiting FXGL
17:06:08.373 [JavaFX Application Thread] DEBUG LoopRunner           - Stopping loop
17:06:08.373 [JavaFX Application Thread] DEBUG SystemBundleService  - Saving FXGL system data
17:06:08.444 [JavaFX Application Thread] DEBUG FileSystemAccess     - Writing to: D:\Programación\JAVA\SuikaGame\system\fxgl.bundle
17:06:08.452 [JavaFX Application Thread] DEBUG Async                - Shutting down background threads
17:06:08.453 [JavaFX Application Thread] DEBUG PrimaryStageWindow   - Closing main window
17:06:08.489 [JavaFX Application Thread] DEBUG Logger               - Closing Logger
