13:31:21.555 [main                     ] DEBUG Logger               - Configured Logger
13:31:21.594 [main                     ] DEBUG GameApplication      - Logging settings
Title: Basic Game App
Version: 0.1
Width: 1280
Height: 720
Fullscreen: false
Intro: false
Profiling: false
Single step:false
App Mode: DEVELOPER
Menu Key: ESCAPE
Stage Style: DECORATED
Scene Factory: class com.almasb.fxgl.app.scene.SceneFactory

13:31:22.228 [JavaFX Application Thread] DEBUG FXGLApplication      - Initializing FXGL
13:31:22.233 [JavaFX Application Thread] INFO  Engine               - FXGL-21 (28.12.2023 13.35) on WINDOWS (J:21.0.1 FX:21.0.1)
13:31:22.233 [JavaFX Application Thread] DEBUG Engine               - JRE Vendor Name: Oracle Corporation
13:31:22.233 [JavaFX Application Thread] DEBUG Engine               - Running on OS: Windows 11 version 10.0
13:31:22.233 [JavaFX Application Thread] DEBUG Engine               - Architecture: amd64
13:31:22.234 [JavaFX Application Thread] INFO  Engine               - Source code and latest versions at: https://github.com/AlmasB/FXGL
13:31:22.234 [JavaFX Application Thread] INFO  Engine               -       Ask questions and discuss at: https://github.com/AlmasB/FXGL/discussions
13:31:22.234 [JavaFX Application Thread] INFO  Engine               -              Join the FXGL chat at: https://gitter.im/AlmasB/FXGL
13:31:22.386 [JavaFX Application Thread] DEBUG PrimaryStageWindow   - Creating a JavaFX scene
13:31:22.457 [JavaFX Application Thread] DEBUG PrimaryStageWindow   - Target settings size: 1280.0 x 720.0
13:31:22.458 [JavaFX Application Thread] DEBUG PrimaryStageWindow   - Scaled scene size:    1280.0 x 720.0
13:31:22.458 [JavaFX Application Thread] DEBUG PrimaryStageWindow   - Scaled ratio: (1.0, 1.0)
13:31:22.460 [JavaFX Application Thread] DEBUG PrimaryStageWindow   - Set initial scene to FXGLStartupScene
13:31:22.465 [JavaFX Application Thread] DEBUG PrimaryStageWindow   - Opening main window
13:31:22.598 [JavaFX Application Thread] DEBUG PrimaryStageWindow   - Window border size: (16.0, 39.0)
13:31:22.598 [JavaFX Application Thread] DEBUG PrimaryStageWindow   - Scaled size: 1280.0 x 720.0
13:31:22.599 [JavaFX Application Thread] DEBUG PrimaryStageWindow   - Scaled ratio: (1.0, 1.0)
13:31:22.599 [JavaFX Application Thread] DEBUG PrimaryStageWindow   - Scene size: 1280.0 x 720.0
13:31:22.599 [JavaFX Application Thread] DEBUG PrimaryStageWindow   - Stage size: 1296.0 x 759.0
13:31:22.613 [FXGL Background Thread 1 ] DEBUG Engine               - Initializing environment variables
13:31:22.701 [FXGL Background Thread 1 ] DEBUG FXGLAssetLoaderServi - User app class for loading assets: class com.lucenstuff.fxglgames.suikagame.SuikaGame
13:31:22.701 [FXGL Background Thread 1 ] DEBUG GameApplicationServi - Applying CSS: fxgl_dark.css
13:31:22.702 [FXGL Background Thread 1 ] DEBUG FXGLAssetLoaderServi - Loading from file system: jar:file:/C:/Users/agust/.m2/repository/com/github/almasb/fxgl/21/fxgl-21.jar!/fxglassets/ui/css/fxgl_dark.css
13:31:22.762 [FXGL Background Thread 1 ] DEBUG GameApplicationServi - Initializing application scenes
13:31:22.878 [FXGL Background Thread 1 ] DEBUG GameWorld            - Game world initialized
13:31:22.951 [FXGL Background Thread 1 ] DEBUG PhysicsWorld         - Physics world initialized: appHeight=720, physics.ppm=50,0
13:31:22.951 [FXGL Background Thread 1 ] DEBUG PhysicsWorld         - Using strategy: BRUTE_FORCE
13:31:22.956 [FXGL Background Thread 1 ] DEBUG GameScene            - Game scene initialized: 1280x720
13:31:22.973 [FXGL Background Thread 1 ] DEBUG FXGL.DefaultMenu     - createMenuBodyGameMenu()
13:31:22.994 [FXGL Background Thread 1 ] DEBUG FXGL.DefaultMenu     - createOptionsMenu()
13:31:23.008 [FXGL Background Thread 1 ] DEBUG FXGLAssetLoaderServi - Loading from file system: jar:file:/C:/Users/agust/.m2/repository/com/github/almasb/fxgl/21/fxgl-21.jar!/fxglassets/textures/particles/smoke.png
13:31:23.143 [FXGL Background Thread 1 ] DEBUG FXGLAssetLoaderServi - Loading from file system: jar:file:/C:/Users/agust/.m2/repository/com/github/almasb/fxgl/21/fxgl-21.jar!/fxglassets/textures/particles/trace_horizontal.png
13:31:23.182 [FXGL Background Thread 1 ] DEBUG GameApplicationServi - Application scenes initialized
13:31:23.201 [FXGL Background Thread 1 ] DEBUG SystemBundleService  - Loading FXGL system data
13:31:23.205 [FXGL Background Thread 1 ] DEBUG FileSystemAccess     - Reading from: D:\Programación\JAVA\SuikaGame\system\fxgl.bundle
13:31:23.231 [FXGL Background Thread 1 ] DEBUG SystemBundleService  - Bundle FXGL: {}
13:31:23.231 [FXGL Background Thread 1 ] DEBUG UpdaterService       - Checking for updates
13:31:23.279 [FXGL Background Thread 1 ] DEBUG FXGLApplication      - Loading default localization
13:31:23.279 [FXGL Background Thread 1 ] DEBUG FXGLAssetLoaderServi - Loading from file system: jar:file:/C:/Users/agust/.m2/repository/com/github/almasb/fxgl/21/fxgl-21.jar!/fxglassets/languages/english.lang
13:31:23.287 [FXGL Background Thread 4 ] DEBUG FXGLApplication      - Loading fonts
13:31:23.287 [FXGL Background Thread 4 ] DEBUG FXGLAssetLoaderServi - Loading from file system: jar:file:/C:/Users/agust/.m2/repository/com/github/almasb/fxgl/21/fxgl-21.jar!/fxglassets/ui/fonts/VarelaRound-Regular.ttf
13:31:23.311 [FXGL Background Thread 1 ] INFO  FXGLApplication      - FXGL initialization took: 0,699 sec
13:31:23.313 [JavaFX Application Thread] DEBUG FXGLAssetLoaderServi - Loading from file system: jar:file:/C:/Users/agust/.m2/repository/com/github/almasb/fxgl/21/fxgl-21.jar!/fxglassets/textures/fxgl_icon.png
13:31:23.337 [JavaFX Application Thread] DEBUG FXGLAssetLoaderServi - Loading from file system: jar:file:/C:/Users/agust/.m2/repository/com/github/almasb/fxgl/21/fxgl-21.jar!/fxglassets/textures/fxgl_default_cursor.png
13:31:23.353 [JavaFX Application Thread] DEBUG Input                - Registered new binding: Screenshot - CTRL+8
13:31:23.354 [JavaFX Application Thread] DEBUG Input                - Registered new binding: Dev Options - 1
13:31:23.358 [JavaFX Application Thread] DEBUG Input                - Registered new binding: Dev Console - 2
13:31:23.358 [JavaFX Application Thread] DEBUG Input                - Registered new binding: System info dump - CTRL+9
13:31:23.359 [JavaFX Application Thread] DEBUG Input                - Registered new binding: Restart - CTRL+R
13:31:23.365 [JavaFX Application Thread] DEBUG Input                - Registered new binding: Toggle Debug Camera - CTRL+7
13:31:23.373 [JavaFX Application Thread] DEBUG LoopRunner           - Starting loop
13:31:23.405 [FXGL Background Thread 4 ] DEBUG FXGLAssetLoaderServi - Loading from file system: jar:file:/C:/Users/agust/.m2/repository/com/github/almasb/fxgl/21/fxgl-21.jar!/fxglassets/ui/fonts/Abel-Regular.ttf
13:31:23.411 [JavaFX Application Thread] DEBUG LoopRunner           - Initializing JavaFX AnimationTimerLoop
13:31:23.413 [JavaFX Application Thread] DEBUG GameApplicationServi - Starting new game
13:31:23.414 [JavaFX Application Thread] DEBUG Input                - Clearing active input actions
13:31:23.442 [JavaFX Application Thread] DEBUG GameApplicationServi - Removing overlay from FXGLStartupScene and adding to FXGLLoadingScene
13:31:23.448 [JavaFX Application Thread] DEBUG PrimaryStageWindow   - FXGLStartupScene -> FXGLLoadingScene
13:31:23.448 [JavaFX Application Thread] DEBUG GameApplicationServi - Clearing previous game
13:31:23.448 [JavaFX Application Thread] DEBUG GameScene            - Clearing game scene
13:31:23.448 [JavaFX Application Thread] DEBUG GameWorld            - Clearing game world
13:31:23.448 [JavaFX Application Thread] DEBUG PhysicsWorld         - Clearing physics world
13:31:23.450 [FXGL Background Thread 1 ] DEBUG FXGLApplication      - Initializing game
13:31:23.464 [FXGL Background Thread 1 ] DEBUG FXGLAssetLoaderServi - Loading from file system: file:/D:/Programaci%c3%b3n/JAVA/SuikaGame/target/classes/assets/textures/background_view.png
13:31:23.490 [FXGL Background Thread 4 ] DEBUG FXGLAssetLoaderServi - Loading from file system: jar:file:/C:/Users/agust/.m2/repository/com/github/almasb/fxgl/21/fxgl-21.jar!/fxglassets/ui/fonts/TerminalLandMono-Regular.otf
13:31:23.516 [FXGL Background Thread 1 ] DEBUG FXGLAssetLoaderServi - Loading from file system: file:/D:/Programaci%c3%b3n/JAVA/SuikaGame/target/classes/assets/textures/container_view.png
13:31:23.586 [FXGL Background Thread 4 ] DEBUG FXGLAssetLoaderServi - Loading from file system: jar:file:/C:/Users/agust/.m2/repository/com/github/almasb/fxgl/21/fxgl-21.jar!/fxglassets/ui/fonts/Courier-Prime.ttf
13:31:23.588 [FXGL Background Thread 1 ] DEBUG FXGLAssetLoaderServi - Loading from file system: file:/D:/Programaci%c3%b3n/JAVA/SuikaGame/target/classes/assets/textures/ring_view.png
13:31:23.593 [FXGL Background Thread 1 ] DEBUG FXGLAssetLoaderServi - Loading from file system: file:/D:/Programaci%c3%b3n/JAVA/SuikaGame/target/classes/assets/textures/next_fruit_view.png
13:31:23.598 [FXGL Background Thread 1 ] DEBUG FXGLAssetLoaderServi - Loading from file system: file:/D:/Programaci%c3%b3n/JAVA/SuikaGame/target/classes/assets/textures/score_view.png
13:31:23.601 [FXGL Background Thread 1 ] INFO  FXGLApplication      - Game initialization took: 0,150 sec
13:31:23.846 [JavaFX Application Thread] DEBUG Input                - Clearing active input actions
13:31:23.859 [JavaFX Application Thread] DEBUG GameApplicationServi - Removing overlay from FXGLLoadingScene and adding to GameScene
13:31:23.869 [JavaFX Application Thread] DEBUG PrimaryStageWindow   - FXGLLoadingScene -> GameScene
13:31:24.069 [JavaFX Application Thread] DEBUG FXGLApplication      - Registering font factories with UI factory
13:31:24.981 [JavaFX Application Thread] DEBUG FXGLAssetLoaderServi - Loading from file system: file:/D:/Programaci%c3%b3n/JAVA/SuikaGame/target/classes/assets/textures/orange_view.png
13:31:24.982 [JavaFX Application Thread] DEBUG FXGLAssetLoaderServi - Loading from file system: file:/D:/Programaci%c3%b3n/JAVA/SuikaGame/target/classes/assets/textures/apple_view.png
13:31:26.273 [FXGL Background Thread 3 ] DEBUG Engine               - Logging environment variables
13:31:26.274 [FXGL Background Thread 3 ] DEBUG Engine               - achievements: []
13:31:26.274 [FXGL Background Thread 3 ] DEBUG Engine               - actualHeight: 720.0
13:31:26.274 [FXGL Background Thread 3 ] DEBUG Engine               - actualHeightProperty: ReadOnlyDoubleProperty [value: 720.0]
13:31:26.275 [FXGL Background Thread 3 ] DEBUG Engine               - actualWidth: 1280.0
13:31:26.275 [FXGL Background Thread 3 ] DEBUG Engine               - actualWidthProperty: ReadOnlyDoubleProperty [value: 1280.0]
13:31:26.275 [FXGL Background Thread 3 ] DEBUG Engine               - appIcon: fxgl_icon.png
13:31:26.275 [FXGL Background Thread 3 ] DEBUG Engine               - applicationMode: DEVELOPER
13:31:26.275 [FXGL Background Thread 3 ] DEBUG Engine               - cSSList: [fxgl_dark.css]
13:31:26.275 [FXGL Background Thread 3 ] DEBUG Engine               - collisionDetectionStrategy: BRUTE_FORCE
13:31:26.275 [FXGL Background Thread 3 ] DEBUG Engine               - configClass: Optional.empty
13:31:26.275 [FXGL Background Thread 3 ] DEBUG Engine               - credits: []
13:31:26.276 [FXGL Background Thread 3 ] DEBUG Engine               - defaultCursor: CursorInfo(imageName=fxgl_default_cursor.png, hotspotX=7.0, hotspotY=6.0)
13:31:26.276 [FXGL Background Thread 3 ] DEBUG Engine               - devBBoxColorProperty: ObjectProperty [value: 0xff0000ff]
13:31:26.276 [FXGL Background Thread 3 ] DEBUG Engine               - devEnableDebugCameraProperty: BooleanProperty [value: false]
13:31:26.276 [FXGL Background Thread 3 ] DEBUG Engine               - devSensorColorProperty: ObjectProperty [value: 0xffff00ff]
13:31:26.276 [FXGL Background Thread 3 ] DEBUG Engine               - devShowBBoxProperty: BooleanProperty [value: false]
13:31:26.277 [FXGL Background Thread 3 ] DEBUG Engine               - devShowPositionProperty: BooleanProperty [value: false]
13:31:26.277 [FXGL Background Thread 3 ] DEBUG Engine               - enabledMenuItems: []
13:31:26.277 [FXGL Background Thread 3 ] DEBUG Engine               - engineServices: [class com.almasb.fxgl.app.services.FXGLAssetLoaderService, class com.almasb.fxgl.app.FXGLApplication$GameApplicationService, class com.almasb.fxgl.app.services.FXGLDialogService, class com.almasb.fxgl.app.services.IOTaskExecutorService, class com.almasb.fxgl.io.FileSystemService, class com.almasb.fxgl.localization.LocalizationService, class com.almasb.fxgl.app.services.SystemBundleService, class com.almasb.fxgl.profile.SaveLoadService, class com.almasb.fxgl.ui.FXGLUIFactoryServiceProvider, class com.almasb.fxgl.ui.FXGLDialogFactoryServiceProvider, class com.almasb.fxgl.audio.AudioPlayer, class com.almasb.fxgl.notification.impl.NotificationServiceProvider, class com.almasb.fxgl.achievement.AchievementService, class com.almasb.fxgl.cutscene.CutsceneService, class com.almasb.fxgl.minigames.MiniGameService, class com.almasb.fxgl.net.NetService, class com.almasb.fxgl.app.services.UpdaterService, class com.almasb.fxgl.dev.DevService]
13:31:26.277 [FXGL Background Thread 3 ] DEBUG Engine               - fontGame: Abel-Regular.ttf
13:31:26.277 [FXGL Background Thread 3 ] DEBUG Engine               - fontMono: TerminalLandMono-Regular.otf
13:31:26.277 [FXGL Background Thread 3 ] DEBUG Engine               - fontSizeScaleUI: 1.0
13:31:26.277 [FXGL Background Thread 3 ] DEBUG Engine               - fontText: Courier-Prime.ttf
13:31:26.277 [FXGL Background Thread 3 ] DEBUG Engine               - fontUI: VarelaRound-Regular.ttf
13:31:26.277 [FXGL Background Thread 3 ] DEBUG Engine               - fullScreen: BooleanProperty [value: false]
13:31:26.277 [FXGL Background Thread 3 ] DEBUG Engine               - gameDifficulty: MEDIUM
13:31:26.277 [FXGL Background Thread 3 ] DEBUG Engine               - gameDifficultyProperty: ObjectProperty [value: MEDIUM]
13:31:26.277 [FXGL Background Thread 3 ] DEBUG Engine               - globalMusicVolume: 0.5
13:31:26.278 [FXGL Background Thread 3 ] DEBUG Engine               - globalMusicVolumeProperty: DoubleProperty [value: 0.5]
13:31:26.278 [FXGL Background Thread 3 ] DEBUG Engine               - globalSoundVolume: 0.5
13:31:26.278 [FXGL Background Thread 3 ] DEBUG Engine               - globalSoundVolumeProperty: DoubleProperty [value: 0.5]
13:31:26.278 [FXGL Background Thread 3 ] DEBUG Engine               - height: 720
13:31:26.278 [FXGL Background Thread 3 ] DEBUG Engine               - is3D: false
13:31:26.278 [FXGL Background Thread 3 ] DEBUG Engine               - isAndroid: false
13:31:26.278 [FXGL Background Thread 3 ] DEBUG Engine               - isBrowser: false
13:31:26.278 [FXGL Background Thread 3 ] DEBUG Engine               - isClickFeedbackEnabled: false
13:31:26.278 [FXGL Background Thread 3 ] DEBUG Engine               - isCloseConfirmation: false
13:31:26.278 [FXGL Background Thread 3 ] DEBUG Engine               - isDesktop: true
13:31:26.278 [FXGL Background Thread 3 ] DEBUG Engine               - isDeveloperMenuEnabled: true
13:31:26.279 [FXGL Background Thread 3 ] DEBUG Engine               - isEmbedded: false
13:31:26.279 [FXGL Background Thread 3 ] DEBUG Engine               - isEntityPreloadEnabled: true
13:31:26.279 [FXGL Background Thread 3 ] DEBUG Engine               - isExperimentalTiledLargeMap: false
13:31:26.279 [FXGL Background Thread 3 ] DEBUG Engine               - isFileSystemWriteAllowed: true
13:31:26.279 [FXGL Background Thread 3 ] DEBUG Engine               - isFullScreenAllowed: false
13:31:26.279 [FXGL Background Thread 3 ] DEBUG Engine               - isFullScreenFromStart: false
13:31:26.279 [FXGL Background Thread 3 ] DEBUG Engine               - isGameMenuEnabled: true
13:31:26.280 [FXGL Background Thread 3 ] DEBUG Engine               - isIOS: false
13:31:26.280 [FXGL Background Thread 3 ] DEBUG Engine               - isIntroEnabled: false
13:31:26.280 [FXGL Background Thread 3 ] DEBUG Engine               - isLinux: false
13:31:26.280 [FXGL Background Thread 3 ] DEBUG Engine               - isMac: false
13:31:26.280 [FXGL Background Thread 3 ] DEBUG Engine               - isMainMenuEnabled: false
13:31:26.280 [FXGL Background Thread 3 ] DEBUG Engine               - isManualResizeEnabled: false
13:31:26.280 [FXGL Background Thread 3 ] DEBUG Engine               - isMobile: false
13:31:26.280 [FXGL Background Thread 3 ] DEBUG Engine               - isNative: false
13:31:26.280 [FXGL Background Thread 3 ] DEBUG Engine               - isPauseMusicWhenMinimized: true
13:31:26.281 [FXGL Background Thread 3 ] DEBUG Engine               - isPreserveResizeRatio: false
13:31:26.281 [FXGL Background Thread 3 ] DEBUG Engine               - isProfilingEnabled: false
13:31:26.281 [FXGL Background Thread 3 ] DEBUG Engine               - isScaleAffectedOnResize: true
13:31:26.281 [FXGL Background Thread 3 ] DEBUG Engine               - isSingleStep: false
13:31:26.281 [FXGL Background Thread 3 ] DEBUG Engine               - isUserProfileEnabled: false
13:31:26.281 [FXGL Background Thread 3 ] DEBUG Engine               - isWindows: true
13:31:26.281 [FXGL Background Thread 3 ] DEBUG Engine               - language: ObjectProperty [value: ENGLISH]
13:31:26.281 [FXGL Background Thread 3 ] DEBUG Engine               - menuKey: ESCAPE
13:31:26.281 [FXGL Background Thread 3 ] DEBUG Engine               - mouseSensitivity: 0.2
13:31:26.281 [FXGL Background Thread 3 ] DEBUG Engine               - notificationViewClass: class com.almasb.fxgl.notification.view.XboxNotificationView
13:31:26.282 [FXGL Background Thread 3 ] DEBUG Engine               - pixelsPerMeter: 50.0
13:31:26.282 [FXGL Background Thread 3 ] DEBUG Engine               - platform: WINDOWS
13:31:26.282 [FXGL Background Thread 3 ] DEBUG Engine               - prefHeightProperty: ReadOnlyDoubleProperty [value: 720.0]
13:31:26.282 [FXGL Background Thread 3 ] DEBUG Engine               - prefWidthProperty: ReadOnlyDoubleProperty [value: 1280.0]
13:31:26.282 [FXGL Background Thread 3 ] DEBUG Engine               - profileDir: profiles/
13:31:26.282 [FXGL Background Thread 3 ] DEBUG Engine               - profileName: StringProperty [value: DEFAULT]
13:31:26.282 [FXGL Background Thread 3 ] DEBUG Engine               - randomSeed: -1
13:31:26.282 [FXGL Background Thread 3 ] DEBUG Engine               - runtimeInfo: RuntimeInfo(platform=WINDOWS, version=21, build=28.12.2023 13.35)
13:31:26.282 [FXGL Background Thread 3 ] DEBUG Engine               - saveFileExt: sav
13:31:26.282 [FXGL Background Thread 3 ] DEBUG Engine               - scaledHeightProp$fxgl: DoubleProperty [bound, value: 720.0]
13:31:26.282 [FXGL Background Thread 3 ] DEBUG Engine               - scaledWidthProp$fxgl: DoubleProperty [bound, value: 1280.0]
13:31:26.283 [FXGL Background Thread 3 ] DEBUG Engine               - sceneFactory: com.almasb.fxgl.app.scene.SceneFactory@3488201a
13:31:26.283 [FXGL Background Thread 3 ] DEBUG Engine               - secondsIn24h: 60
13:31:26.283 [FXGL Background Thread 3 ] DEBUG Engine               - soundMenuBack: menu/back.wav
13:31:26.283 [FXGL Background Thread 3 ] DEBUG Engine               - soundMenuPress: menu/press.wav
13:31:26.283 [FXGL Background Thread 3 ] DEBUG Engine               - soundMenuSelect: menu/select.wav
13:31:26.283 [FXGL Background Thread 3 ] DEBUG Engine               - soundNotification: core/notification.wav
13:31:26.283 [FXGL Background Thread 3 ] DEBUG Engine               - stageStyle: DECORATED
13:31:26.283 [FXGL Background Thread 3 ] DEBUG Engine               - supportedLanguages: [ENGLISH, FRENCH, GERMAN, HUNGARIAN, RUSSIAN]
13:31:26.283 [FXGL Background Thread 3 ] DEBUG Engine               - ticksPerSecond: -1
13:31:26.283 [FXGL Background Thread 3 ] DEBUG Engine               - title: Basic Game App
13:31:26.283 [FXGL Background Thread 3 ] DEBUG Engine               - urlGithub: https://github.com/AlmasB/FXGL
13:31:26.283 [FXGL Background Thread 3 ] DEBUG Engine               - urlLeaderboard: http://fxgl-top.herokuapp.com/
13:31:26.283 [FXGL Background Thread 3 ] DEBUG Engine               - urlPOM: https://raw.githubusercontent.com/AlmasB/FXGL/release/README.md
13:31:26.283 [FXGL Background Thread 3 ] DEBUG Engine               - userAppClass: class com.lucenstuff.fxglgames.suikagame.SuikaGame
13:31:26.284 [FXGL Background Thread 3 ] DEBUG Engine               - version: 0.1
13:31:26.284 [FXGL Background Thread 3 ] DEBUG Engine               - versionCheckDays: 7
13:31:26.284 [FXGL Background Thread 3 ] DEBUG Engine               - width: 1280
13:31:26.284 [FXGL Background Thread 3 ] DEBUG Engine               - Logging services
13:31:26.284 [FXGL Background Thread 3 ] DEBUG Engine               - class com.almasb.fxgl.app.services.FXGLAssetLoaderService
13:31:26.284 [FXGL Background Thread 3 ] DEBUG Engine               - class com.almasb.fxgl.app.FXGLApplication$GameApplicationService
13:31:26.284 [FXGL Background Thread 3 ] DEBUG Engine               - class com.almasb.fxgl.app.services.FXGLDialogService
13:31:26.284 [FXGL Background Thread 3 ] DEBUG Engine               - class com.almasb.fxgl.app.services.IOTaskExecutorService
13:31:26.284 [FXGL Background Thread 3 ] DEBUG Engine               - class com.almasb.fxgl.io.FileSystemService
13:31:26.284 [FXGL Background Thread 3 ] DEBUG Engine               - class com.almasb.fxgl.localization.LocalizationService
13:31:26.284 [FXGL Background Thread 3 ] DEBUG Engine               - class com.almasb.fxgl.app.services.SystemBundleService
13:31:26.284 [FXGL Background Thread 3 ] DEBUG Engine               - class com.almasb.fxgl.profile.SaveLoadService
13:31:26.285 [FXGL Background Thread 3 ] DEBUG Engine               - class com.almasb.fxgl.ui.FXGLUIFactoryServiceProvider
13:31:26.285 [FXGL Background Thread 3 ] DEBUG Engine               - class com.almasb.fxgl.ui.FXGLDialogFactoryServiceProvider
13:31:26.285 [FXGL Background Thread 3 ] DEBUG Engine               - class com.almasb.fxgl.audio.AudioPlayer
13:31:26.285 [FXGL Background Thread 3 ] DEBUG Engine               - class com.almasb.fxgl.notification.impl.NotificationServiceProvider
13:31:26.285 [FXGL Background Thread 3 ] DEBUG Engine               - class com.almasb.fxgl.achievement.AchievementService
13:31:26.285 [FXGL Background Thread 3 ] DEBUG Engine               - class com.almasb.fxgl.cutscene.CutsceneService
13:31:26.285 [FXGL Background Thread 3 ] DEBUG Engine               - class com.almasb.fxgl.minigames.MiniGameService
13:31:26.285 [FXGL Background Thread 3 ] DEBUG Engine               - class com.almasb.fxgl.net.NetService
13:31:26.285 [FXGL Background Thread 3 ] DEBUG Engine               - class com.almasb.fxgl.app.services.UpdaterService
13:31:26.285 [FXGL Background Thread 3 ] DEBUG Engine               - class com.almasb.fxgl.dev.DevService
13:31:27.405 [JavaFX Application Thread] DEBUG FXGLAssetLoaderServi - Loading from file system: file:/D:/Programaci%c3%b3n/JAVA/SuikaGame/target/classes/assets/textures/lemon_view.png
13:31:28.821 [JavaFX Application Thread] DEBUG FXGLAssetLoaderServi - Loading from file system: file:/D:/Programaci%c3%b3n/JAVA/SuikaGame/target/classes/assets/textures/cherry_view.png
13:31:32.022 [JavaFX Application Thread] DEBUG FXGLAssetLoaderServi - Loading from file system: file:/D:/Programaci%c3%b3n/JAVA/SuikaGame/target/classes/assets/textures/strawberry_view.png
13:31:33.603 [JavaFX Application Thread] DEBUG FXGLAssetLoaderServi - Loading from file system: file:/D:/Programaci%c3%b3n/JAVA/SuikaGame/target/classes/assets/textures/grape_view.png
13:31:38.694 [JavaFX Application Thread] DEBUG FXGLAssetLoaderServi - Loading from file system: file:/D:/Programaci%c3%b3n/JAVA/SuikaGame/target/classes/assets/textures/pear_view.png
13:32:03.621 [JavaFX Application Thread] DEBUG FXGLAssetLoaderServi - Loading from file system: file:/D:/Programaci%c3%b3n/JAVA/SuikaGame/target/classes/assets/textures/peach_view.png
13:33:09.515 [JavaFX Application Thread] DEBUG FXGLApplication      - Exiting FXGL
13:33:09.515 [JavaFX Application Thread] DEBUG LoopRunner           - Stopping loop
13:33:09.516 [JavaFX Application Thread] DEBUG SystemBundleService  - Saving FXGL system data
13:33:09.518 [JavaFX Application Thread] DEBUG FileSystemAccess     - Writing to: D:\Programación\JAVA\SuikaGame\system\fxgl.bundle
13:33:09.520 [JavaFX Application Thread] DEBUG Async                - Shutting down background threads
13:33:09.521 [JavaFX Application Thread] DEBUG PrimaryStageWindow   - Closing main window
13:33:09.537 [JavaFX Application Thread] DEBUG Logger               - Closing Logger
