15:41:44.194 [main                     ] DEBUG Logger               - Configured Logger
15:41:44.221 [main                     ] DEBUG GameApplication      - Logging settings
Title: Suika FXGL
Version: 0.1
Width: 1280
Height: 720
Fullscreen: false
Intro: false
Profiling: false
Single step:false
App Mode: DEVELOPER
Menu Key: ESCAPE
Stage Style: DECORATED
Scene Factory: class com.almasb.fxgl.app.scene.SceneFactory

15:41:44.723 [JavaFX Application Thread] DEBUG FXGLApplication      - Initializing FXGL
15:41:44.727 [JavaFX Application Thread] INFO  Engine               - FXGL-21 (28.12.2023 13.35) on WINDOWS (J:21.0.2 FX:21.0.1)
15:41:44.728 [JavaFX Application Thread] DEBUG Engine               - JRE Vendor Name: Oracle Corporation
15:41:44.728 [JavaFX Application Thread] DEBUG Engine               - Running on OS: Windows 10 version 10.0
15:41:44.728 [JavaFX Application Thread] DEBUG Engine               - Architecture: amd64
15:41:44.728 [JavaFX Application Thread] INFO  Engine               - Source code and latest versions at: https://github.com/AlmasB/FXGL
15:41:44.729 [JavaFX Application Thread] INFO  Engine               -       Ask questions and discuss at: https://github.com/AlmasB/FXGL/discussions
15:41:44.729 [JavaFX Application Thread] INFO  Engine               -              Join the FXGL chat at: https://gitter.im/AlmasB/FXGL
15:41:44.876 [JavaFX Application Thread] DEBUG PrimaryStageWindow   - Creating a JavaFX scene
15:41:44.964 [JavaFX Application Thread] DEBUG PrimaryStageWindow   - Target settings size: 1280.0 x 720.0
15:41:44.964 [JavaFX Application Thread] DEBUG PrimaryStageWindow   - Scaled scene size:    1280.0 x 720.0
15:41:44.965 [JavaFX Application Thread] DEBUG PrimaryStageWindow   - Scaled ratio: (1.0, 1.0)
15:41:44.966 [JavaFX Application Thread] DEBUG PrimaryStageWindow   - Set initial scene to FXGLStartupScene
15:41:44.971 [JavaFX Application Thread] DEBUG PrimaryStageWindow   - Opening main window
15:41:45.077 [JavaFX Application Thread] DEBUG PrimaryStageWindow   - Window border size: (16.0, 39.0)
15:41:45.077 [JavaFX Application Thread] DEBUG PrimaryStageWindow   - Scaled size: 1280.0 x 720.0
15:41:45.077 [JavaFX Application Thread] DEBUG PrimaryStageWindow   - Scaled ratio: (1.0, 1.0)
15:41:45.077 [JavaFX Application Thread] DEBUG PrimaryStageWindow   - Scene size: 1280.0 x 720.0
15:41:45.078 [JavaFX Application Thread] DEBUG PrimaryStageWindow   - Stage size: 1296.0 x 759.0
15:41:45.119 [FXGL Background Thread 1 ] DEBUG Engine               - Initializing environment variables
15:41:45.199 [FXGL Background Thread 1 ] DEBUG FXGLAssetLoaderServi - User app class for loading assets: class com.lucenstuff.fxglgames.suikagame.SuikaGame
15:41:45.200 [FXGL Background Thread 1 ] DEBUG GameApplicationServi - Applying CSS: fxgl_dark.css
15:41:45.201 [FXGL Background Thread 1 ] DEBUG FXGLAssetLoaderServi - Loading from file system: jar:file:/C:/Users/agust/.m2/repository/com/github/almasb/fxgl/21/fxgl-21.jar!/fxglassets/ui/css/fxgl_dark.css
15:41:45.270 [FXGL Background Thread 1 ] DEBUG GameApplicationServi - Initializing application scenes
15:41:45.363 [FXGL Background Thread 1 ] DEBUG GameWorld            - Game world initialized
15:41:45.451 [FXGL Background Thread 1 ] DEBUG PhysicsWorld         - Physics world initialized: appHeight=720, physics.ppm=50,0
15:41:45.452 [FXGL Background Thread 1 ] DEBUG PhysicsWorld         - Using strategy: BRUTE_FORCE
15:41:45.457 [FXGL Background Thread 1 ] DEBUG GameScene            - Game scene initialized: 1280x720
15:41:45.472 [FXGL Background Thread 1 ] DEBUG FXGL.DefaultMenu     - createMenuBodyGameMenu()
15:41:45.493 [FXGL Background Thread 1 ] DEBUG FXGL.DefaultMenu     - createOptionsMenu()
15:41:45.505 [FXGL Background Thread 1 ] DEBUG FXGLAssetLoaderServi - Loading from file system: jar:file:/C:/Users/agust/.m2/repository/com/github/almasb/fxgl/21/fxgl-21.jar!/fxglassets/textures/particles/smoke.png
15:41:45.620 [FXGL Background Thread 1 ] DEBUG FXGLAssetLoaderServi - Loading from file system: jar:file:/C:/Users/agust/.m2/repository/com/github/almasb/fxgl/21/fxgl-21.jar!/fxglassets/textures/particles/trace_horizontal.png
15:41:45.649 [FXGL Background Thread 1 ] DEBUG GameApplicationServi - Application scenes initialized
15:41:45.666 [FXGL Background Thread 1 ] DEBUG SystemBundleService  - Loading FXGL system data
15:41:45.679 [FXGL Background Thread 1 ] DEBUG FileSystemAccess     - Reading from: D:\Programación\JAVA\SuikaGame\system\fxgl.bundle
15:41:45.702 [FXGL Background Thread 1 ] DEBUG SystemBundleService  - Bundle FXGL: {}
15:41:45.702 [FXGL Background Thread 1 ] DEBUG UpdaterService       - Checking for updates
15:41:45.739 [FXGL Background Thread 1 ] DEBUG FXGLApplication      - Loading default localization
15:41:45.738 [FXGL Background Thread 4 ] DEBUG FXGLApplication      - Loading fonts
15:41:45.739 [FXGL Background Thread 1 ] DEBUG FXGLAssetLoaderServi - Loading from file system: jar:file:/C:/Users/agust/.m2/repository/com/github/almasb/fxgl/21/fxgl-21.jar!/fxglassets/languages/english.lang
15:41:45.740 [FXGL Background Thread 4 ] DEBUG FXGLAssetLoaderServi - Loading from file system: jar:file:/C:/Users/agust/.m2/repository/com/github/almasb/fxgl/21/fxgl-21.jar!/fxglassets/ui/fonts/VarelaRound-Regular.ttf
15:41:45.787 [FXGL Background Thread 1 ] INFO  FXGLApplication      - FXGL initialization took: 0,668 sec
15:41:45.789 [JavaFX Application Thread] DEBUG FXGLAssetLoaderServi - Loading from file system: jar:file:/C:/Users/agust/.m2/repository/com/github/almasb/fxgl/21/fxgl-21.jar!/fxglassets/textures/fxgl_icon.png
15:41:45.809 [JavaFX Application Thread] DEBUG FXGLAssetLoaderServi - Loading from file system: jar:file:/C:/Users/agust/.m2/repository/com/github/almasb/fxgl/21/fxgl-21.jar!/fxglassets/textures/fxgl_default_cursor.png
15:41:45.821 [JavaFX Application Thread] DEBUG Input                - Registered new binding: Screenshot - CTRL+8
15:41:45.823 [JavaFX Application Thread] DEBUG Input                - Registered new binding: Dev Options - 1
15:41:45.823 [JavaFX Application Thread] DEBUG Input                - Registered new binding: Dev Console - 2
15:41:45.823 [JavaFX Application Thread] DEBUG Input                - Registered new binding: System info dump - CTRL+9
15:41:45.824 [JavaFX Application Thread] DEBUG Input                - Registered new binding: Restart - CTRL+R
15:41:45.824 [JavaFX Application Thread] DEBUG Input                - Registered new binding: Toggle Debug Camera - CTRL+7
15:41:45.829 [JavaFX Application Thread] DEBUG LoopRunner           - Starting loop
15:41:45.844 [FXGL Background Thread 4 ] DEBUG FXGLAssetLoaderServi - Loading from file system: jar:file:/C:/Users/agust/.m2/repository/com/github/almasb/fxgl/21/fxgl-21.jar!/fxglassets/ui/fonts/Abel-Regular.ttf
15:41:45.849 [JavaFX Application Thread] DEBUG LoopRunner           - Initializing JavaFX AnimationTimerLoop
15:41:45.850 [JavaFX Application Thread] DEBUG GameApplicationServi - Starting new game
15:41:45.851 [JavaFX Application Thread] DEBUG Input                - Clearing active input actions
15:41:45.863 [JavaFX Application Thread] DEBUG GameApplicationServi - Removing overlay from FXGLStartupScene and adding to FXGLLoadingScene
15:41:45.867 [JavaFX Application Thread] DEBUG PrimaryStageWindow   - FXGLStartupScene -> FXGLLoadingScene
15:41:45.867 [JavaFX Application Thread] DEBUG GameApplicationServi - Clearing previous game
15:41:45.867 [JavaFX Application Thread] DEBUG GameScene            - Clearing game scene
15:41:45.867 [JavaFX Application Thread] DEBUG GameWorld            - Clearing game world
15:41:45.867 [JavaFX Application Thread] DEBUG PhysicsWorld         - Clearing physics world
15:41:45.868 [FXGL Background Thread 1 ] DEBUG FXGLApplication      - Initializing game
15:41:45.890 [FXGL Background Thread 4 ] DEBUG FXGLAssetLoaderServi - Loading from file system: jar:file:/C:/Users/agust/.m2/repository/com/github/almasb/fxgl/21/fxgl-21.jar!/fxglassets/ui/fonts/TerminalLandMono-Regular.otf
15:41:45.902 [FXGL Background Thread 4 ] DEBUG FXGLAssetLoaderServi - Loading from file system: jar:file:/C:/Users/agust/.m2/repository/com/github/almasb/fxgl/21/fxgl-21.jar!/fxglassets/ui/fonts/Courier-Prime.ttf
15:41:46.145 [FXGL Background Thread 1 ] DEBUG FXGLAssetLoaderServi - Loading from file system: file:/D:/Programaci%c3%b3n/JAVA/SuikaGame/target/classes/assets/textures/background_view.png
15:41:46.148 [JavaFX Application Thread] DEBUG FXGLApplication      - Registering font factories with UI factory
15:41:46.189 [FXGL Background Thread 1 ] DEBUG FXGLAssetLoaderServi - Loading from file system: file:/D:/Programaci%c3%b3n/JAVA/SuikaGame/target/classes/assets/textures/container_view.png
15:41:46.221 [FXGL Background Thread 1 ] DEBUG FXGLAssetLoaderServi - Loading from file system: file:/D:/Programaci%c3%b3n/JAVA/SuikaGame/target/classes/assets/textures/ring_view.png
15:41:46.226 [FXGL Background Thread 1 ] DEBUG FXGLAssetLoaderServi - Loading from file system: file:/D:/Programaci%c3%b3n/JAVA/SuikaGame/target/classes/assets/textures/next_fruit_view.png
15:41:46.229 [FXGL Background Thread 1 ] DEBUG FXGLAssetLoaderServi - Loading from file system: file:/D:/Programaci%c3%b3n/JAVA/SuikaGame/target/classes/assets/textures/score_view.png
15:41:46.231 [FXGL Background Thread 1 ] INFO  FXGLApplication      - Game initialization took: 0,364 sec
15:41:46.304 [JavaFX Application Thread] DEBUG Input                - Clearing active input actions
15:41:46.343 [JavaFX Application Thread] DEBUG GameApplicationServi - Removing overlay from FXGLLoadingScene and adding to GameScene
15:41:46.348 [JavaFX Application Thread] DEBUG PrimaryStageWindow   - FXGLLoadingScene -> GameScene
15:41:48.737 [FXGL Background Thread 3 ] DEBUG Engine               - Logging environment variables
15:41:48.737 [FXGL Background Thread 3 ] DEBUG Engine               - achievements: []
15:41:48.737 [FXGL Background Thread 3 ] DEBUG Engine               - actualHeight: 720.0
15:41:48.737 [FXGL Background Thread 3 ] DEBUG Engine               - actualHeightProperty: ReadOnlyDoubleProperty [value: 720.0]
15:41:48.737 [FXGL Background Thread 3 ] DEBUG Engine               - actualWidth: 1280.0
15:41:48.737 [FXGL Background Thread 3 ] DEBUG Engine               - actualWidthProperty: ReadOnlyDoubleProperty [value: 1280.0]
15:41:48.737 [FXGL Background Thread 3 ] DEBUG Engine               - appIcon: fxgl_icon.png
15:41:48.737 [FXGL Background Thread 3 ] DEBUG Engine               - applicationMode: DEVELOPER
15:41:48.737 [FXGL Background Thread 3 ] DEBUG Engine               - cSSList: [fxgl_dark.css]
15:41:48.737 [FXGL Background Thread 3 ] DEBUG Engine               - collisionDetectionStrategy: BRUTE_FORCE
15:41:48.737 [FXGL Background Thread 3 ] DEBUG Engine               - configClass: Optional.empty
15:41:48.738 [FXGL Background Thread 3 ] DEBUG Engine               - credits: []
15:41:48.738 [FXGL Background Thread 3 ] DEBUG Engine               - defaultCursor: CursorInfo(imageName=fxgl_default_cursor.png, hotspotX=7.0, hotspotY=6.0)
15:41:48.738 [FXGL Background Thread 3 ] DEBUG Engine               - devBBoxColorProperty: ObjectProperty [value: 0xff0000ff]
15:41:48.738 [FXGL Background Thread 3 ] DEBUG Engine               - devEnableDebugCameraProperty: BooleanProperty [value: false]
15:41:48.738 [FXGL Background Thread 3 ] DEBUG Engine               - devSensorColorProperty: ObjectProperty [value: 0xffff00ff]
15:41:48.738 [FXGL Background Thread 3 ] DEBUG Engine               - devShowBBoxProperty: BooleanProperty [value: false]
15:41:48.739 [FXGL Background Thread 3 ] DEBUG Engine               - devShowPositionProperty: BooleanProperty [value: false]
15:41:48.739 [FXGL Background Thread 3 ] DEBUG Engine               - enabledMenuItems: []
15:41:48.739 [FXGL Background Thread 3 ] DEBUG Engine               - engineServices: [class com.almasb.fxgl.app.services.FXGLAssetLoaderService, class com.almasb.fxgl.app.FXGLApplication$GameApplicationService, class com.almasb.fxgl.app.services.FXGLDialogService, class com.almasb.fxgl.app.services.IOTaskExecutorService, class com.almasb.fxgl.io.FileSystemService, class com.almasb.fxgl.localization.LocalizationService, class com.almasb.fxgl.app.services.SystemBundleService, class com.almasb.fxgl.profile.SaveLoadService, class com.almasb.fxgl.ui.FXGLUIFactoryServiceProvider, class com.almasb.fxgl.ui.FXGLDialogFactoryServiceProvider, class com.almasb.fxgl.audio.AudioPlayer, class com.almasb.fxgl.notification.impl.NotificationServiceProvider, class com.almasb.fxgl.achievement.AchievementService, class com.almasb.fxgl.cutscene.CutsceneService, class com.almasb.fxgl.minigames.MiniGameService, class com.almasb.fxgl.net.NetService, class com.almasb.fxgl.app.services.UpdaterService, class com.almasb.fxgl.dev.DevService]
15:41:48.739 [FXGL Background Thread 3 ] DEBUG Engine               - fontGame: Abel-Regular.ttf
15:41:48.739 [FXGL Background Thread 3 ] DEBUG Engine               - fontMono: TerminalLandMono-Regular.otf
15:41:48.739 [FXGL Background Thread 3 ] DEBUG Engine               - fontSizeScaleUI: 1.0
15:41:48.739 [FXGL Background Thread 3 ] DEBUG Engine               - fontText: Courier-Prime.ttf
15:41:48.739 [FXGL Background Thread 3 ] DEBUG Engine               - fontUI: VarelaRound-Regular.ttf
15:41:48.739 [FXGL Background Thread 3 ] DEBUG Engine               - fullScreen: BooleanProperty [value: false]
15:41:48.739 [FXGL Background Thread 3 ] DEBUG Engine               - gameDifficulty: MEDIUM
15:41:48.739 [FXGL Background Thread 3 ] DEBUG Engine               - gameDifficultyProperty: ObjectProperty [value: MEDIUM]
15:41:48.739 [FXGL Background Thread 3 ] DEBUG Engine               - globalMusicVolume: 0.5
15:41:48.739 [FXGL Background Thread 3 ] DEBUG Engine               - globalMusicVolumeProperty: DoubleProperty [value: 0.5]
15:41:48.740 [FXGL Background Thread 3 ] DEBUG Engine               - globalSoundVolume: 0.5
15:41:48.740 [FXGL Background Thread 3 ] DEBUG Engine               - globalSoundVolumeProperty: DoubleProperty [value: 0.5]
15:41:48.740 [FXGL Background Thread 3 ] DEBUG Engine               - height: 720
15:41:48.740 [FXGL Background Thread 3 ] DEBUG Engine               - is3D: false
15:41:48.740 [FXGL Background Thread 3 ] DEBUG Engine               - isAndroid: false
15:41:48.740 [FXGL Background Thread 3 ] DEBUG Engine               - isBrowser: false
15:41:48.740 [FXGL Background Thread 3 ] DEBUG Engine               - isClickFeedbackEnabled: false
15:41:48.740 [FXGL Background Thread 3 ] DEBUG Engine               - isCloseConfirmation: false
15:41:48.740 [FXGL Background Thread 3 ] DEBUG Engine               - isDesktop: true
15:41:48.740 [FXGL Background Thread 3 ] DEBUG Engine               - isDeveloperMenuEnabled: true
15:41:48.740 [FXGL Background Thread 3 ] DEBUG Engine               - isEmbedded: false
15:41:48.740 [FXGL Background Thread 3 ] DEBUG Engine               - isEntityPreloadEnabled: true
15:41:48.740 [FXGL Background Thread 3 ] DEBUG Engine               - isExperimentalTiledLargeMap: false
15:41:48.740 [FXGL Background Thread 3 ] DEBUG Engine               - isFileSystemWriteAllowed: true
15:41:48.741 [FXGL Background Thread 3 ] DEBUG Engine               - isFullScreenAllowed: false
15:41:48.741 [FXGL Background Thread 3 ] DEBUG Engine               - isFullScreenFromStart: false
15:41:48.741 [FXGL Background Thread 3 ] DEBUG Engine               - isGameMenuEnabled: true
15:41:48.742 [FXGL Background Thread 3 ] DEBUG Engine               - isIOS: false
15:41:48.742 [FXGL Background Thread 3 ] DEBUG Engine               - isIntroEnabled: false
15:41:48.742 [FXGL Background Thread 3 ] DEBUG Engine               - isLinux: false
15:41:48.742 [FXGL Background Thread 3 ] DEBUG Engine               - isMac: false
15:41:48.742 [FXGL Background Thread 3 ] DEBUG Engine               - isMainMenuEnabled: false
15:41:48.742 [FXGL Background Thread 3 ] DEBUG Engine               - isManualResizeEnabled: false
15:41:48.742 [FXGL Background Thread 3 ] DEBUG Engine               - isMobile: false
15:41:48.742 [FXGL Background Thread 3 ] DEBUG Engine               - isNative: false
15:41:48.742 [FXGL Background Thread 3 ] DEBUG Engine               - isPauseMusicWhenMinimized: true
15:41:48.742 [FXGL Background Thread 3 ] DEBUG Engine               - isPreserveResizeRatio: false
15:41:48.742 [FXGL Background Thread 3 ] DEBUG Engine               - isProfilingEnabled: false
15:41:48.742 [FXGL Background Thread 3 ] DEBUG Engine               - isScaleAffectedOnResize: true
15:41:48.742 [FXGL Background Thread 3 ] DEBUG Engine               - isSingleStep: false
15:41:48.743 [FXGL Background Thread 3 ] DEBUG Engine               - isUserProfileEnabled: false
15:41:48.743 [FXGL Background Thread 3 ] DEBUG Engine               - isWindows: true
15:41:48.743 [FXGL Background Thread 3 ] DEBUG Engine               - language: ObjectProperty [value: ENGLISH]
15:41:48.743 [FXGL Background Thread 3 ] DEBUG Engine               - menuKey: ESCAPE
15:41:48.743 [FXGL Background Thread 3 ] DEBUG Engine               - mouseSensitivity: 0.2
15:41:48.743 [FXGL Background Thread 3 ] DEBUG Engine               - notificationViewClass: class com.almasb.fxgl.notification.view.XboxNotificationView
15:41:48.743 [FXGL Background Thread 3 ] DEBUG Engine               - pixelsPerMeter: 50.0
15:41:48.743 [FXGL Background Thread 3 ] DEBUG Engine               - platform: WINDOWS
15:41:48.743 [FXGL Background Thread 3 ] DEBUG Engine               - prefHeightProperty: ReadOnlyDoubleProperty [value: 720.0]
15:41:48.743 [FXGL Background Thread 3 ] DEBUG Engine               - prefWidthProperty: ReadOnlyDoubleProperty [value: 1280.0]
15:41:48.743 [FXGL Background Thread 3 ] DEBUG Engine               - profileDir: profiles/
15:41:48.743 [FXGL Background Thread 3 ] DEBUG Engine               - profileName: StringProperty [value: DEFAULT]
15:41:48.743 [FXGL Background Thread 3 ] DEBUG Engine               - randomSeed: -1
15:41:48.744 [FXGL Background Thread 3 ] DEBUG Engine               - runtimeInfo: RuntimeInfo(platform=WINDOWS, version=21, build=28.12.2023 13.35)
15:41:48.744 [FXGL Background Thread 3 ] DEBUG Engine               - saveFileExt: sav
15:41:48.744 [FXGL Background Thread 3 ] DEBUG Engine               - scaledHeightProp$fxgl: DoubleProperty [bound, value: 720.0]
15:41:48.744 [FXGL Background Thread 3 ] DEBUG Engine               - scaledWidthProp$fxgl: DoubleProperty [bound, value: 1280.0]
15:41:48.744 [FXGL Background Thread 3 ] DEBUG Engine               - sceneFactory: com.almasb.fxgl.app.scene.SceneFactory@7b1477d3
15:41:48.744 [FXGL Background Thread 3 ] DEBUG Engine               - secondsIn24h: 60
15:41:48.744 [FXGL Background Thread 3 ] DEBUG Engine               - soundMenuBack: menu/back.wav
15:41:48.744 [FXGL Background Thread 3 ] DEBUG Engine               - soundMenuPress: menu/press.wav
15:41:48.744 [FXGL Background Thread 3 ] DEBUG Engine               - soundMenuSelect: menu/select.wav
15:41:48.744 [FXGL Background Thread 3 ] DEBUG Engine               - soundNotification: core/notification.wav
15:41:48.744 [FXGL Background Thread 3 ] DEBUG Engine               - stageStyle: DECORATED
15:41:48.745 [FXGL Background Thread 3 ] DEBUG Engine               - supportedLanguages: [ENGLISH, FRENCH, GERMAN, HUNGARIAN, RUSSIAN]
15:41:48.745 [FXGL Background Thread 3 ] DEBUG Engine               - ticksPerSecond: -1
15:41:48.745 [FXGL Background Thread 3 ] DEBUG Engine               - title: Suika FXGL
15:41:48.745 [FXGL Background Thread 3 ] DEBUG Engine               - urlGithub: https://github.com/AlmasB/FXGL
15:41:48.745 [FXGL Background Thread 3 ] DEBUG Engine               - urlLeaderboard: http://fxgl-top.herokuapp.com/
15:41:48.745 [FXGL Background Thread 3 ] DEBUG Engine               - urlPOM: https://raw.githubusercontent.com/AlmasB/FXGL/release/README.md
15:41:48.745 [FXGL Background Thread 3 ] DEBUG Engine               - userAppClass: class com.lucenstuff.fxglgames.suikagame.SuikaGame
15:41:48.745 [FXGL Background Thread 3 ] DEBUG Engine               - version: 0.1
15:41:48.745 [FXGL Background Thread 3 ] DEBUG Engine               - versionCheckDays: 7
15:41:48.745 [FXGL Background Thread 3 ] DEBUG Engine               - width: 1280
15:41:48.745 [FXGL Background Thread 3 ] DEBUG Engine               - Logging services
15:41:48.745 [FXGL Background Thread 3 ] DEBUG Engine               - class com.almasb.fxgl.app.services.FXGLAssetLoaderService
15:41:48.745 [FXGL Background Thread 3 ] DEBUG Engine               - class com.almasb.fxgl.app.FXGLApplication$GameApplicationService
15:41:48.745 [FXGL Background Thread 3 ] DEBUG Engine               - class com.almasb.fxgl.app.services.FXGLDialogService
15:41:48.745 [FXGL Background Thread 3 ] DEBUG Engine               - class com.almasb.fxgl.app.services.IOTaskExecutorService
15:41:48.745 [FXGL Background Thread 3 ] DEBUG Engine               - class com.almasb.fxgl.io.FileSystemService
15:41:48.746 [FXGL Background Thread 3 ] DEBUG Engine               - class com.almasb.fxgl.localization.LocalizationService
15:41:48.746 [FXGL Background Thread 3 ] DEBUG Engine               - class com.almasb.fxgl.app.services.SystemBundleService
15:41:48.746 [FXGL Background Thread 3 ] DEBUG Engine               - class com.almasb.fxgl.profile.SaveLoadService
15:41:48.746 [FXGL Background Thread 3 ] DEBUG Engine               - class com.almasb.fxgl.ui.FXGLUIFactoryServiceProvider
15:41:48.746 [FXGL Background Thread 3 ] DEBUG Engine               - class com.almasb.fxgl.ui.FXGLDialogFactoryServiceProvider
15:41:48.746 [FXGL Background Thread 3 ] DEBUG Engine               - class com.almasb.fxgl.audio.AudioPlayer
15:41:48.746 [FXGL Background Thread 3 ] DEBUG Engine               - class com.almasb.fxgl.notification.impl.NotificationServiceProvider
15:41:48.746 [FXGL Background Thread 3 ] DEBUG Engine               - class com.almasb.fxgl.achievement.AchievementService
15:41:48.746 [FXGL Background Thread 3 ] DEBUG Engine               - class com.almasb.fxgl.cutscene.CutsceneService
15:41:48.746 [FXGL Background Thread 3 ] DEBUG Engine               - class com.almasb.fxgl.minigames.MiniGameService
15:41:48.746 [FXGL Background Thread 3 ] DEBUG Engine               - class com.almasb.fxgl.net.NetService
15:41:48.746 [FXGL Background Thread 3 ] DEBUG Engine               - class com.almasb.fxgl.app.services.UpdaterService
15:41:48.746 [FXGL Background Thread 3 ] DEBUG Engine               - class com.almasb.fxgl.dev.DevService
15:41:49.568 [JavaFX Application Thread] DEBUG FXGLAssetLoaderServi - Loading from file system: file:/D:/Programaci%c3%b3n/JAVA/SuikaGame/target/classes/assets/textures/lemon_view.png
15:41:49.571 [JavaFX Application Thread] DEBUG FXGLAssetLoaderServi - Loading from file system: file:/D:/Programaci%c3%b3n/JAVA/SuikaGame/target/classes/assets/textures/orange_view.png
15:41:49.802 [JavaFX Application Thread] DEBUG FXGLAssetLoaderServi - Loading from file system: file:/D:/Programaci%c3%b3n/JAVA/SuikaGame/target/classes/assets/textures/grape_view.png
15:41:51.068 [JavaFX Application Thread] DEBUG FXGLAssetLoaderServi - Loading from file system: file:/D:/Programaci%c3%b3n/JAVA/SuikaGame/target/classes/assets/textures/cherry_view.png
15:41:51.680 [JavaFX Application Thread] DEBUG FXGLAssetLoaderServi - Loading from file system: file:/D:/Programaci%c3%b3n/JAVA/SuikaGame/target/classes/assets/textures/strawberry_view.png
15:41:54.622 [JavaFX Application Thread] DEBUG FXGLAssetLoaderServi - Loading from file system: file:/D:/Programaci%c3%b3n/JAVA/SuikaGame/target/classes/assets/textures/apple_view.png
15:41:58.401 [JavaFX Application Thread] DEBUG FXGLAssetLoaderServi - Loading from file system: file:/D:/Programaci%c3%b3n/JAVA/SuikaGame/target/classes/assets/textures/pear_view.png
15:42:16.458 [JavaFX Application Thread] DEBUG FXGLApplication      - Exiting FXGL
15:42:16.458 [JavaFX Application Thread] DEBUG LoopRunner           - Stopping loop
15:42:16.458 [JavaFX Application Thread] DEBUG SystemBundleService  - Saving FXGL system data
15:42:16.461 [JavaFX Application Thread] DEBUG FileSystemAccess     - Writing to: D:\Programación\JAVA\SuikaGame\system\fxgl.bundle
15:42:16.463 [JavaFX Application Thread] DEBUG Async                - Shutting down background threads
15:42:16.463 [JavaFX Application Thread] DEBUG PrimaryStageWindow   - Closing main window
15:42:16.476 [JavaFX Application Thread] DEBUG Logger               - Closing Logger
