13:14:24.725 [main                     ] DEBUG Logger               - Configured Logger
13:14:24.771 [main                     ] DEBUG GameApplication      - Logging settings
Title: Basic Game App
Version: 0.1
Width: 1280
Height: 720
Fullscreen: false
Intro: false
Profiling: false
Single step:false
App Mode: DEVELOPER
Menu Key: ESCAPE
Stage Style: DECORATED
Scene Factory: class com.almasb.fxgl.app.scene.SceneFactory

13:14:25.526 [JavaFX Application Thread] DEBUG FXGLApplication      - Initializing FXGL
13:14:25.531 [JavaFX Application Thread] INFO  Engine               - FXGL-21 (28.12.2023 13.35) on WINDOWS (J:21.0.1 FX:21.0.1)
13:14:25.532 [JavaFX Application Thread] DEBUG Engine               - JRE Vendor Name: Oracle Corporation
13:14:25.532 [JavaFX Application Thread] DEBUG Engine               - Running on OS: Windows 11 version 10.0
13:14:25.532 [JavaFX Application Thread] DEBUG Engine               - Architecture: amd64
13:14:25.532 [JavaFX Application Thread] INFO  Engine               - Source code and latest versions at: https://github.com/AlmasB/FXGL
13:14:25.532 [JavaFX Application Thread] INFO  Engine               -       Ask questions and discuss at: https://github.com/AlmasB/FXGL/discussions
13:14:25.533 [JavaFX Application Thread] INFO  Engine               -              Join the FXGL chat at: https://gitter.im/AlmasB/FXGL
13:14:25.719 [JavaFX Application Thread] DEBUG PrimaryStageWindow   - Creating a JavaFX scene
13:14:25.799 [JavaFX Application Thread] DEBUG PrimaryStageWindow   - Target settings size: 1280.0 x 720.0
13:14:25.800 [JavaFX Application Thread] DEBUG PrimaryStageWindow   - Scaled scene size:    1280.0 x 720.0
13:14:25.800 [JavaFX Application Thread] DEBUG PrimaryStageWindow   - Scaled ratio: (1.0, 1.0)
13:14:25.801 [JavaFX Application Thread] DEBUG PrimaryStageWindow   - Set initial scene to FXGLStartupScene
13:14:25.807 [JavaFX Application Thread] DEBUG PrimaryStageWindow   - Opening main window
13:14:25.951 [JavaFX Application Thread] DEBUG PrimaryStageWindow   - Window border size: (16.0, 39.0)
13:14:25.951 [JavaFX Application Thread] DEBUG PrimaryStageWindow   - Scaled size: 1280.0 x 720.0
13:14:25.951 [JavaFX Application Thread] DEBUG PrimaryStageWindow   - Scaled ratio: (1.0, 1.0)
13:14:25.952 [JavaFX Application Thread] DEBUG PrimaryStageWindow   - Scene size: 1280.0 x 720.0
13:14:25.952 [JavaFX Application Thread] DEBUG PrimaryStageWindow   - Stage size: 1296.0 x 759.0
13:14:25.965 [FXGL Background Thread 1 ] DEBUG Engine               - Initializing environment variables
13:14:26.083 [FXGL Background Thread 1 ] DEBUG FXGLAssetLoaderServi - User app class for loading assets: class com.lucenstuff.fxglgames.suikagame.SuikaGame
13:14:26.083 [FXGL Background Thread 1 ] DEBUG GameApplicationServi - Applying CSS: fxgl_dark.css
13:14:26.085 [FXGL Background Thread 1 ] DEBUG FXGLAssetLoaderServi - Loading from file system: jar:file:/C:/Users/agust/.m2/repository/com/github/almasb/fxgl/21/fxgl-21.jar!/fxglassets/ui/css/fxgl_dark.css
13:14:26.193 [FXGL Background Thread 1 ] DEBUG GameApplicationServi - Initializing application scenes
13:14:26.365 [FXGL Background Thread 1 ] DEBUG GameWorld            - Game world initialized
13:14:26.452 [FXGL Background Thread 1 ] DEBUG PhysicsWorld         - Physics world initialized: appHeight=720, physics.ppm=50,0
13:14:26.453 [FXGL Background Thread 1 ] DEBUG PhysicsWorld         - Using strategy: BRUTE_FORCE
13:14:26.459 [FXGL Background Thread 1 ] DEBUG GameScene            - Game scene initialized: 1280x720
13:14:26.480 [FXGL Background Thread 1 ] DEBUG FXGL.DefaultMenu     - createMenuBodyGameMenu()
13:14:26.505 [FXGL Background Thread 1 ] DEBUG FXGL.DefaultMenu     - createOptionsMenu()
13:14:26.523 [FXGL Background Thread 1 ] DEBUG FXGLAssetLoaderServi - Loading from file system: jar:file:/C:/Users/agust/.m2/repository/com/github/almasb/fxgl/21/fxgl-21.jar!/fxglassets/textures/particles/smoke.png
13:14:26.699 [FXGL Background Thread 1 ] DEBUG FXGLAssetLoaderServi - Loading from file system: jar:file:/C:/Users/agust/.m2/repository/com/github/almasb/fxgl/21/fxgl-21.jar!/fxglassets/textures/particles/trace_horizontal.png
13:14:26.746 [FXGL Background Thread 1 ] DEBUG GameApplicationServi - Application scenes initialized
13:14:26.773 [FXGL Background Thread 1 ] DEBUG SystemBundleService  - Loading FXGL system data
13:14:26.781 [FXGL Background Thread 1 ] DEBUG FileSystemAccess     - Reading from: D:\Programación\JAVA\SuikaGame\system\fxgl.bundle
13:14:26.798 [FXGL Background Thread 1 ] DEBUG SystemBundleService  - Bundle FXGL: {}
13:14:26.798 [FXGL Background Thread 1 ] DEBUG UpdaterService       - Checking for updates
13:14:26.859 [FXGL Background Thread 1 ] DEBUG FXGLApplication      - Loading default localization
13:14:26.860 [FXGL Background Thread 1 ] DEBUG FXGLAssetLoaderServi - Loading from file system: jar:file:/C:/Users/agust/.m2/repository/com/github/almasb/fxgl/21/fxgl-21.jar!/fxglassets/languages/english.lang
13:14:26.894 [FXGL Background Thread 1 ] INFO  FXGLApplication      - FXGL initialization took: 0,929 sec
13:14:26.895 [JavaFX Application Thread] DEBUG FXGLAssetLoaderServi - Loading from file system: jar:file:/C:/Users/agust/.m2/repository/com/github/almasb/fxgl/21/fxgl-21.jar!/fxglassets/textures/fxgl_icon.png
13:14:26.937 [FXGL Background Thread 4 ] DEBUG FXGLApplication      - Loading fonts
13:14:26.941 [FXGL Background Thread 4 ] DEBUG FXGLAssetLoaderServi - Loading from file system: jar:file:/C:/Users/agust/.m2/repository/com/github/almasb/fxgl/21/fxgl-21.jar!/fxglassets/ui/fonts/VarelaRound-Regular.ttf
13:14:26.941 [JavaFX Application Thread] DEBUG FXGLAssetLoaderServi - Loading from file system: jar:file:/C:/Users/agust/.m2/repository/com/github/almasb/fxgl/21/fxgl-21.jar!/fxglassets/textures/fxgl_default_cursor.png
13:14:26.959 [JavaFX Application Thread] DEBUG Input                - Registered new binding: Screenshot - CTRL+8
13:14:26.959 [JavaFX Application Thread] DEBUG Input                - Registered new binding: Dev Options - 1
13:14:26.960 [JavaFX Application Thread] DEBUG Input                - Registered new binding: Dev Console - 2
13:14:26.961 [JavaFX Application Thread] DEBUG Input                - Registered new binding: System info dump - CTRL+9
13:14:26.961 [JavaFX Application Thread] DEBUG Input                - Registered new binding: Restart - CTRL+R
13:14:26.962 [JavaFX Application Thread] DEBUG Input                - Registered new binding: Toggle Debug Camera - CTRL+7
13:14:26.966 [JavaFX Application Thread] DEBUG LoopRunner           - Starting loop
13:14:26.990 [JavaFX Application Thread] DEBUG LoopRunner           - Initializing JavaFX AnimationTimerLoop
13:14:26.992 [JavaFX Application Thread] DEBUG GameApplicationServi - Starting new game
13:14:26.992 [JavaFX Application Thread] DEBUG Input                - Clearing active input actions
13:14:27.010 [JavaFX Application Thread] DEBUG GameApplicationServi - Removing overlay from FXGLStartupScene and adding to FXGLLoadingScene
13:14:27.020 [JavaFX Application Thread] DEBUG PrimaryStageWindow   - FXGLStartupScene -> FXGLLoadingScene
13:14:27.021 [JavaFX Application Thread] DEBUG GameApplicationServi - Clearing previous game
13:14:27.021 [JavaFX Application Thread] DEBUG GameScene            - Clearing game scene
13:14:27.021 [JavaFX Application Thread] DEBUG GameWorld            - Clearing game world
13:14:27.021 [JavaFX Application Thread] DEBUG PhysicsWorld         - Clearing physics world
13:14:27.027 [FXGL Background Thread 1 ] DEBUG FXGLApplication      - Initializing game
13:14:27.090 [FXGL Background Thread 1 ] INFO  FXGLApplication      - Game initialization took: 0,062 sec
13:14:27.175 [FXGL Background Thread 4 ] DEBUG FXGLAssetLoaderServi - Loading from file system: jar:file:/C:/Users/agust/.m2/repository/com/github/almasb/fxgl/21/fxgl-21.jar!/fxglassets/ui/fonts/Abel-Regular.ttf
13:14:27.590 [JavaFX Application Thread] DEBUG Input                - Clearing active input actions
13:14:27.606 [JavaFX Application Thread] DEBUG GameApplicationServi - Removing overlay from FXGLLoadingScene and adding to GameScene
13:14:27.614 [JavaFX Application Thread] DEBUG PrimaryStageWindow   - FXGLLoadingScene -> GameScene
13:14:27.709 [FXGL Background Thread 4 ] DEBUG FXGLAssetLoaderServi - Loading from file system: jar:file:/C:/Users/agust/.m2/repository/com/github/almasb/fxgl/21/fxgl-21.jar!/fxglassets/ui/fonts/TerminalLandMono-Regular.otf
13:14:27.865 [FXGL Background Thread 4 ] DEBUG FXGLAssetLoaderServi - Loading from file system: jar:file:/C:/Users/agust/.m2/repository/com/github/almasb/fxgl/21/fxgl-21.jar!/fxglassets/ui/fonts/Courier-Prime.ttf
13:14:27.892 [JavaFX Application Thread] DEBUG FXGLApplication      - Registering font factories with UI factory
13:14:28.473 [JavaFX Application Thread] DEBUG LoopRunner           - Stopping loop
13:14:28.477 [JavaFX Application Thread] FATAL FXGLApplication      - Uncaught Exception:
java.lang.NullPointerException: Parameter specified as non-null is null: method com.almasb.fxgl.dsl.EntityBuilder.at, parameter p
	at com.almasb.fxgl.dsl.EntityBuilder.at(EntityBuilder.kt)
	at com.lucenstuff.fxglgames.suikagame.fruits.Fruit.buildFruit(Fruit.java:34)
	at com.lucenstuff.fxglgames.suikagame.SuikaGame.spawnFruitAt(SuikaGame.java:140)
	at com.lucenstuff.fxglgames.suikagame.SuikaGame.lambda$initGame$2(SuikaGame.java:95)
	at com.almasb.fxgl.input.Input.fire(Input.kt:259)
	at com.almasb.fxgl.input.Input.fireEventViaHandlers(Input.kt:241)
	at com.almasb.fxgl.app.PrimaryStageWindow$4$1.invoke(MainWindow.kt:330)
	at com.almasb.fxgl.app.PrimaryStageWindow$4$1.invoke(MainWindow.kt:330)
	at com.almasb.fxgl.core.fsm.StateMachine.runOnActiveStates(StateMachine.kt:69)
	at com.almasb.fxgl.app.PrimaryStageWindow$4.invoke(MainWindow.kt:330)
	at com.almasb.fxgl.app.PrimaryStageWindow$4.invoke(MainWindow.kt:323)
	at com.almasb.fxgl.app.MainWindow.addGlobalHandler$lambda$4(MainWindow.kt:251)
	at com.sun.javafx.event.CompositeEventHandler$NormalEventHandlerRecord.handleBubblingEvent(CompositeEventHandler.java:247)
	at com.sun.javafx.event.CompositeEventHandler.dispatchBubblingEvent(CompositeEventHandler.java:80)
	at com.sun.javafx.event.EventHandlerManager.dispatchBubblingEvent(EventHandlerManager.java:232)
	at com.sun.javafx.event.EventHandlerManager.dispatchBubblingEvent(EventHandlerManager.java:189)
	at com.sun.javafx.event.CompositeEventDispatcher.dispatchBubblingEvent(CompositeEventDispatcher.java:59)
	at com.sun.javafx.event.BasicEventDispatcher.dispatchEvent(BasicEventDispatcher.java:58)
	at com.sun.javafx.event.EventDispatchChainImpl.dispatchEvent(EventDispatchChainImpl.java:114)
	at com.sun.javafx.event.BasicEventDispatcher.dispatchEvent(BasicEventDispatcher.java:56)
	at com.sun.javafx.event.EventDispatchChainImpl.dispatchEvent(EventDispatchChainImpl.java:114)
	at com.sun.javafx.event.EventUtil.fireEventImpl(EventUtil.java:74)
	at com.sun.javafx.event.EventUtil.fireEvent(EventUtil.java:54)
	at javafx.event.Event.fireEvent(Event.java:198)
	at javafx.scene.Scene$ClickGenerator.postProcess(Scene.java:3688)
	at javafx.scene.Scene$MouseHandler.process(Scene.java:3993)
	at javafx.scene.Scene.processMouseEvent(Scene.java:1890)
	at javafx.scene.Scene$ScenePeerListener.mouseEvent(Scene.java:2708)
	at com.sun.javafx.tk.quantum.GlassViewEventHandler$MouseEventNotification.run(GlassViewEventHandler.java:411)
	at com.sun.javafx.tk.quantum.GlassViewEventHandler$MouseEventNotification.run(GlassViewEventHandler.java:301)
	at java.base/java.security.AccessController.doPrivileged(AccessController.java:400)
	at com.sun.javafx.tk.quantum.GlassViewEventHandler.lambda$handleMouseEvent$2(GlassViewEventHandler.java:450)
	at com.sun.javafx.tk.quantum.QuantumToolkit.runWithoutRenderLock(QuantumToolkit.java:424)
	at com.sun.javafx.tk.quantum.GlassViewEventHandler.handleMouseEvent(GlassViewEventHandler.java:449)
	at com.sun.glass.ui.View.handleMouseEvent(View.java:551)
	at com.sun.glass.ui.View.notifyMouse(View.java:937)
	at com.sun.glass.ui.win.WinApplication._runLoop(Native Method)
	at com.sun.glass.ui.win.WinApplication.lambda$runLoop$3(WinApplication.java:185)
	at java.base/java.lang.Thread.run(Thread.java:1583)

13:14:28.477 [JavaFX Application Thread] FATAL FXGLApplication      - Application will now exit
13:14:28.483 [JavaFX Application Thread] DEBUG PrimaryStageWindow   - Push state: ErrorSubScene
13:14:28.485 [JavaFX Application Thread] DEBUG Input                - Clearing active input actions
13:14:28.485 [JavaFX Application Thread] DEBUG GameApplicationServi - Removing overlay from GameScene and adding to ErrorSubScene
13:14:28.488 [JavaFX Application Thread] DEBUG PrimaryStageWindow   - GameScene -> ErrorSubScene
13:14:29.790 [JavaFX Application Thread] DEBUG FXGLApplication      - Exiting FXGL
13:14:29.790 [JavaFX Application Thread] DEBUG Async                - Shutting down background threads
13:14:29.790 [JavaFX Application Thread] DEBUG PrimaryStageWindow   - Closing main window
13:14:29.810 [JavaFX Application Thread] DEBUG Logger               - Closing Logger
