18:21:37.041 [main                     ] DEBUG Logger               - Configured Logger
18:21:37.085 [main                     ] DEBUG GameApplication      - Logging settings
Title: Basic Game App
Version: 0.1
Width: 1280
Height: 720
Fullscreen: false
Intro: false
Profiling: false
Single step:false
App Mode: DEVELOPER
Menu Key: ESCAPE
Stage Style: DECORATED
Scene Factory: class com.almasb.fxgl.app.scene.SceneFactory

18:21:37.838 [JavaFX Application Thread] DEBUG FXGLApplication      - Initializing FXGL
18:21:37.844 [JavaFX Application Thread] INFO  Engine               - FXGL-21 (28.12.2023 13.35) on WINDOWS (J:21.0.1 FX:21.0.1)
18:21:37.845 [JavaFX Application Thread] DEBUG Engine               - JRE Vendor Name: Oracle Corporation
18:21:37.845 [JavaFX Application Thread] DEBUG Engine               - Running on OS: Windows 11 version 10.0
18:21:37.845 [JavaFX Application Thread] DEBUG Engine               - Architecture: amd64
18:21:37.846 [JavaFX Application Thread] INFO  Engine               - Source code and latest versions at: https://github.com/AlmasB/FXGL
18:21:37.846 [JavaFX Application Thread] INFO  Engine               -       Ask questions and discuss at: https://github.com/AlmasB/FXGL/discussions
18:21:37.846 [JavaFX Application Thread] INFO  Engine               -              Join the FXGL chat at: https://gitter.im/AlmasB/FXGL
18:21:38.020 [JavaFX Application Thread] DEBUG PrimaryStageWindow   - Creating a JavaFX scene
18:21:38.101 [JavaFX Application Thread] DEBUG PrimaryStageWindow   - Target settings size: 1280.0 x 720.0
18:21:38.101 [JavaFX Application Thread] DEBUG PrimaryStageWindow   - Scaled scene size:    1280.0 x 720.0
18:21:38.102 [JavaFX Application Thread] DEBUG PrimaryStageWindow   - Scaled ratio: (1.0, 1.0)
18:21:38.104 [JavaFX Application Thread] DEBUG PrimaryStageWindow   - Set initial scene to FXGLStartupScene
18:21:38.109 [JavaFX Application Thread] DEBUG PrimaryStageWindow   - Opening main window
18:21:38.252 [JavaFX Application Thread] DEBUG PrimaryStageWindow   - Window border size: (16.0, 39.0)
18:21:38.252 [JavaFX Application Thread] DEBUG PrimaryStageWindow   - Scaled size: 1280.0 x 720.0
18:21:38.252 [JavaFX Application Thread] DEBUG PrimaryStageWindow   - Scaled ratio: (1.0, 1.0)
18:21:38.252 [JavaFX Application Thread] DEBUG PrimaryStageWindow   - Scene size: 1280.0 x 720.0
18:21:38.253 [JavaFX Application Thread] DEBUG PrimaryStageWindow   - Stage size: 1296.0 x 759.0
18:21:38.265 [FXGL Background Thread 1 ] DEBUG Engine               - Initializing environment variables
18:21:38.397 [FXGL Background Thread 1 ] DEBUG FXGLAssetLoaderServi - User app class for loading assets: class com.lucenstuff.fxglgames.suikagame.SuikaGame
18:21:38.399 [FXGL Background Thread 1 ] DEBUG GameApplicationServi - Applying CSS: fxgl_dark.css
18:21:38.400 [FXGL Background Thread 1 ] DEBUG FXGLAssetLoaderServi - Loading from file system: jar:file:/C:/Users/agust/.m2/repository/com/github/almasb/fxgl/21/fxgl-21.jar!/fxglassets/ui/css/fxgl_dark.css
18:21:38.483 [FXGL Background Thread 1 ] DEBUG GameApplicationServi - Initializing application scenes
18:21:38.657 [FXGL Background Thread 1 ] DEBUG GameWorld            - Game world initialized
18:21:38.737 [FXGL Background Thread 1 ] DEBUG PhysicsWorld         - Physics world initialized: appHeight=720, physics.ppm=50,0
18:21:38.737 [FXGL Background Thread 1 ] DEBUG PhysicsWorld         - Using strategy: BRUTE_FORCE
18:21:38.743 [FXGL Background Thread 1 ] DEBUG GameScene            - Game scene initialized: 1280x720
18:21:38.762 [FXGL Background Thread 1 ] DEBUG FXGL.DefaultMenu     - createMenuBodyGameMenu()
18:21:38.784 [FXGL Background Thread 1 ] DEBUG FXGL.DefaultMenu     - createOptionsMenu()
18:21:38.799 [FXGL Background Thread 1 ] DEBUG FXGLAssetLoaderServi - Loading from file system: jar:file:/C:/Users/agust/.m2/repository/com/github/almasb/fxgl/21/fxgl-21.jar!/fxglassets/textures/particles/smoke.png
18:21:39.015 [FXGL Background Thread 1 ] DEBUG FXGLAssetLoaderServi - Loading from file system: jar:file:/C:/Users/agust/.m2/repository/com/github/almasb/fxgl/21/fxgl-21.jar!/fxglassets/textures/particles/trace_horizontal.png
18:21:39.061 [FXGL Background Thread 1 ] DEBUG GameApplicationServi - Application scenes initialized
18:21:39.089 [FXGL Background Thread 1 ] DEBUG SystemBundleService  - Loading FXGL system data
18:21:39.095 [FXGL Background Thread 1 ] DEBUG FileSystemAccess     - Reading from: D:\Programación\JAVA\SuikaGame\system\fxgl.bundle
18:21:39.112 [FXGL Background Thread 1 ] DEBUG SystemBundleService  - Bundle FXGL: {}
18:21:39.112 [FXGL Background Thread 1 ] DEBUG UpdaterService       - Checking for updates
18:21:39.164 [FXGL Background Thread 1 ] DEBUG FXGLApplication      - Loading default localization
18:21:39.165 [FXGL Background Thread 1 ] DEBUG FXGLAssetLoaderServi - Loading from file system: jar:file:/C:/Users/agust/.m2/repository/com/github/almasb/fxgl/21/fxgl-21.jar!/fxglassets/languages/english.lang
18:21:39.178 [FXGL Background Thread 4 ] DEBUG FXGLApplication      - Loading fonts
18:21:39.179 [FXGL Background Thread 4 ] DEBUG FXGLAssetLoaderServi - Loading from file system: jar:file:/C:/Users/agust/.m2/repository/com/github/almasb/fxgl/21/fxgl-21.jar!/fxglassets/ui/fonts/VarelaRound-Regular.ttf
18:21:39.207 [FXGL Background Thread 1 ] INFO  FXGLApplication      - FXGL initialization took: 0,942 sec
18:21:39.209 [JavaFX Application Thread] DEBUG FXGLAssetLoaderServi - Loading from file system: jar:file:/C:/Users/agust/.m2/repository/com/github/almasb/fxgl/21/fxgl-21.jar!/fxglassets/textures/fxgl_icon.png
18:21:39.242 [JavaFX Application Thread] DEBUG FXGLAssetLoaderServi - Loading from file system: jar:file:/C:/Users/agust/.m2/repository/com/github/almasb/fxgl/21/fxgl-21.jar!/fxglassets/textures/fxgl_default_cursor.png
18:21:39.262 [JavaFX Application Thread] DEBUG Input                - Registered new binding: Screenshot - CTRL+8
18:21:39.263 [JavaFX Application Thread] DEBUG Input                - Registered new binding: Dev Options - 1
18:21:39.264 [JavaFX Application Thread] DEBUG Input                - Registered new binding: Dev Console - 2
18:21:39.264 [JavaFX Application Thread] DEBUG Input                - Registered new binding: System info dump - CTRL+9
18:21:39.265 [JavaFX Application Thread] DEBUG Input                - Registered new binding: Restart - CTRL+R
18:21:39.266 [JavaFX Application Thread] DEBUG Input                - Registered new binding: Toggle Debug Camera - CTRL+7
18:21:39.270 [JavaFX Application Thread] DEBUG LoopRunner           - Starting loop
18:21:39.327 [FXGL Background Thread 4 ] DEBUG FXGLAssetLoaderServi - Loading from file system: jar:file:/C:/Users/agust/.m2/repository/com/github/almasb/fxgl/21/fxgl-21.jar!/fxglassets/ui/fonts/Abel-Regular.ttf
18:21:39.334 [JavaFX Application Thread] DEBUG LoopRunner           - Initializing JavaFX AnimationTimerLoop
18:21:39.335 [JavaFX Application Thread] DEBUG GameApplicationServi - Starting new game
18:21:39.336 [JavaFX Application Thread] DEBUG Input                - Clearing active input actions
18:21:39.380 [JavaFX Application Thread] DEBUG GameApplicationServi - Removing overlay from FXGLStartupScene and adding to FXGLLoadingScene
18:21:39.387 [JavaFX Application Thread] DEBUG PrimaryStageWindow   - FXGLStartupScene -> FXGLLoadingScene
18:21:39.388 [JavaFX Application Thread] DEBUG GameApplicationServi - Clearing previous game
18:21:39.389 [JavaFX Application Thread] DEBUG GameScene            - Clearing game scene
18:21:39.389 [JavaFX Application Thread] DEBUG GameWorld            - Clearing game world
18:21:39.389 [JavaFX Application Thread] DEBUG PhysicsWorld         - Clearing physics world
18:21:39.393 [FXGL Background Thread 1 ] DEBUG FXGLApplication      - Initializing game
18:21:39.455 [FXGL Background Thread 1 ] INFO  FXGLApplication      - Game initialization took: 0,062 sec
18:21:39.527 [FXGL Background Thread 4 ] DEBUG FXGLAssetLoaderServi - Loading from file system: jar:file:/C:/Users/agust/.m2/repository/com/github/almasb/fxgl/21/fxgl-21.jar!/fxglassets/ui/fonts/TerminalLandMono-Regular.otf
18:21:39.950 [JavaFX Application Thread] DEBUG Input                - Clearing active input actions
18:21:39.967 [JavaFX Application Thread] DEBUG GameApplicationServi - Removing overlay from FXGLLoadingScene and adding to GameScene
18:21:39.977 [JavaFX Application Thread] DEBUG PrimaryStageWindow   - FXGLLoadingScene -> GameScene
18:21:40.031 [FXGL Background Thread 4 ] DEBUG FXGLAssetLoaderServi - Loading from file system: jar:file:/C:/Users/agust/.m2/repository/com/github/almasb/fxgl/21/fxgl-21.jar!/fxglassets/ui/fonts/Courier-Prime.ttf
18:21:40.163 [JavaFX Application Thread] DEBUG FXGLApplication      - Registering font factories with UI factory
18:21:40.812 [JavaFX Application Thread] DEBUG FXGLAssetLoaderServi - Loading from file system: file:/D:/Programaci%c3%b3n/JAVA/SuikaGame/target/classes/assets/textures/lemon_view.png
18:21:40.814 [JavaFX Application Thread] DEBUG FXGLAssetLoaderServi - Loading from file system: file:/D:/Programaci%c3%b3n/JAVA/SuikaGame/target/classes/assets/textures/cherry_view.png
18:21:42.161 [FXGL Background Thread 3 ] DEBUG Engine               - Logging environment variables
18:21:42.162 [FXGL Background Thread 3 ] DEBUG Engine               - achievements: []
18:21:42.163 [FXGL Background Thread 3 ] DEBUG Engine               - actualHeight: 720.0
18:21:42.163 [FXGL Background Thread 3 ] DEBUG Engine               - actualHeightProperty: ReadOnlyDoubleProperty [value: 720.0]
18:21:42.163 [FXGL Background Thread 3 ] DEBUG Engine               - actualWidth: 1280.0
18:21:42.164 [FXGL Background Thread 3 ] DEBUG Engine               - actualWidthProperty: ReadOnlyDoubleProperty [value: 1280.0]
18:21:42.164 [FXGL Background Thread 3 ] DEBUG Engine               - appIcon: fxgl_icon.png
18:21:42.165 [FXGL Background Thread 3 ] DEBUG Engine               - applicationMode: DEVELOPER
18:21:42.166 [FXGL Background Thread 3 ] DEBUG Engine               - cSSList: [fxgl_dark.css]
18:21:42.166 [FXGL Background Thread 3 ] DEBUG Engine               - collisionDetectionStrategy: BRUTE_FORCE
18:21:42.167 [FXGL Background Thread 3 ] DEBUG Engine               - configClass: Optional.empty
18:21:42.167 [FXGL Background Thread 3 ] DEBUG Engine               - credits: []
18:21:42.168 [FXGL Background Thread 3 ] DEBUG Engine               - defaultCursor: CursorInfo(imageName=fxgl_default_cursor.png, hotspotX=7.0, hotspotY=6.0)
18:21:42.169 [FXGL Background Thread 3 ] DEBUG Engine               - devBBoxColorProperty: ObjectProperty [value: 0xff0000ff]
18:21:42.173 [FXGL Background Thread 3 ] DEBUG Engine               - devEnableDebugCameraProperty: BooleanProperty [value: false]
18:21:42.174 [FXGL Background Thread 3 ] DEBUG Engine               - devSensorColorProperty: ObjectProperty [value: 0xffff00ff]
18:21:42.175 [FXGL Background Thread 3 ] DEBUG Engine               - devShowBBoxProperty: BooleanProperty [value: false]
18:21:42.175 [FXGL Background Thread 3 ] DEBUG Engine               - devShowPositionProperty: BooleanProperty [value: false]
18:21:42.175 [FXGL Background Thread 3 ] DEBUG Engine               - enabledMenuItems: []
18:21:42.176 [FXGL Background Thread 3 ] DEBUG Engine               - engineServices: [class com.almasb.fxgl.app.services.FXGLAssetLoaderService, class com.almasb.fxgl.app.FXGLApplication$GameApplicationService, class com.almasb.fxgl.app.services.FXGLDialogService, class com.almasb.fxgl.app.services.IOTaskExecutorService, class com.almasb.fxgl.io.FileSystemService, class com.almasb.fxgl.localization.LocalizationService, class com.almasb.fxgl.app.services.SystemBundleService, class com.almasb.fxgl.profile.SaveLoadService, class com.almasb.fxgl.ui.FXGLUIFactoryServiceProvider, class com.almasb.fxgl.ui.FXGLDialogFactoryServiceProvider, class com.almasb.fxgl.audio.AudioPlayer, class com.almasb.fxgl.notification.impl.NotificationServiceProvider, class com.almasb.fxgl.achievement.AchievementService, class com.almasb.fxgl.cutscene.CutsceneService, class com.almasb.fxgl.minigames.MiniGameService, class com.almasb.fxgl.net.NetService, class com.almasb.fxgl.app.services.UpdaterService, class com.almasb.fxgl.dev.DevService]
18:21:42.176 [FXGL Background Thread 3 ] DEBUG Engine               - fontGame: Abel-Regular.ttf
18:21:42.176 [FXGL Background Thread 3 ] DEBUG Engine               - fontMono: TerminalLandMono-Regular.otf
18:21:42.177 [FXGL Background Thread 3 ] DEBUG Engine               - fontSizeScaleUI: 1.0
18:21:42.177 [FXGL Background Thread 3 ] DEBUG Engine               - fontText: Courier-Prime.ttf
18:21:42.177 [FXGL Background Thread 3 ] DEBUG Engine               - fontUI: VarelaRound-Regular.ttf
18:21:42.177 [FXGL Background Thread 3 ] DEBUG Engine               - fullScreen: BooleanProperty [value: false]
18:21:42.179 [FXGL Background Thread 3 ] DEBUG Engine               - gameDifficulty: MEDIUM
18:21:42.181 [FXGL Background Thread 3 ] DEBUG Engine               - gameDifficultyProperty: ObjectProperty [value: MEDIUM]
18:21:42.181 [FXGL Background Thread 3 ] DEBUG Engine               - globalMusicVolume: 0.5
18:21:42.181 [FXGL Background Thread 3 ] DEBUG Engine               - globalMusicVolumeProperty: DoubleProperty [value: 0.5]
18:21:42.181 [FXGL Background Thread 3 ] DEBUG Engine               - globalSoundVolume: 0.5
18:21:42.182 [FXGL Background Thread 3 ] DEBUG Engine               - globalSoundVolumeProperty: DoubleProperty [value: 0.5]
18:21:42.182 [FXGL Background Thread 3 ] DEBUG Engine               - height: 720
18:21:42.182 [FXGL Background Thread 3 ] DEBUG Engine               - is3D: false
18:21:42.182 [FXGL Background Thread 3 ] DEBUG Engine               - isAndroid: false
18:21:42.182 [FXGL Background Thread 3 ] DEBUG Engine               - isBrowser: false
18:21:42.183 [FXGL Background Thread 3 ] DEBUG Engine               - isClickFeedbackEnabled: false
18:21:42.183 [FXGL Background Thread 3 ] DEBUG Engine               - isCloseConfirmation: false
18:21:42.183 [FXGL Background Thread 3 ] DEBUG Engine               - isDesktop: true
18:21:42.184 [FXGL Background Thread 3 ] DEBUG Engine               - isDeveloperMenuEnabled: true
18:21:42.184 [FXGL Background Thread 3 ] DEBUG Engine               - isEmbedded: false
18:21:42.184 [FXGL Background Thread 3 ] DEBUG Engine               - isEntityPreloadEnabled: true
18:21:42.184 [FXGL Background Thread 3 ] DEBUG Engine               - isExperimentalTiledLargeMap: false
18:21:42.184 [FXGL Background Thread 3 ] DEBUG Engine               - isFileSystemWriteAllowed: true
18:21:42.197 [FXGL Background Thread 3 ] DEBUG Engine               - isFullScreenAllowed: false
18:21:42.197 [FXGL Background Thread 3 ] DEBUG Engine               - isFullScreenFromStart: false
18:21:42.197 [FXGL Background Thread 3 ] DEBUG Engine               - isGameMenuEnabled: true
18:21:42.197 [FXGL Background Thread 3 ] DEBUG Engine               - isIOS: false
18:21:42.197 [FXGL Background Thread 3 ] DEBUG Engine               - isIntroEnabled: false
18:21:42.197 [FXGL Background Thread 3 ] DEBUG Engine               - isLinux: false
18:21:42.197 [FXGL Background Thread 3 ] DEBUG Engine               - isMac: false
18:21:42.197 [FXGL Background Thread 3 ] DEBUG Engine               - isMainMenuEnabled: false
18:21:42.197 [FXGL Background Thread 3 ] DEBUG Engine               - isManualResizeEnabled: false
18:21:42.197 [FXGL Background Thread 3 ] DEBUG Engine               - isMobile: false
18:21:42.197 [FXGL Background Thread 3 ] DEBUG Engine               - isNative: false
18:21:42.197 [FXGL Background Thread 3 ] DEBUG Engine               - isPauseMusicWhenMinimized: true
18:21:42.197 [FXGL Background Thread 3 ] DEBUG Engine               - isPreserveResizeRatio: false
18:21:42.197 [FXGL Background Thread 3 ] DEBUG Engine               - isProfilingEnabled: false
18:21:42.199 [FXGL Background Thread 3 ] DEBUG Engine               - isScaleAffectedOnResize: true
18:21:42.199 [FXGL Background Thread 3 ] DEBUG Engine               - isSingleStep: false
18:21:42.199 [FXGL Background Thread 3 ] DEBUG Engine               - isUserProfileEnabled: false
18:21:42.199 [FXGL Background Thread 3 ] DEBUG Engine               - isWindows: true
18:21:42.199 [FXGL Background Thread 3 ] DEBUG Engine               - language: ObjectProperty [value: ENGLISH]
18:21:42.199 [FXGL Background Thread 3 ] DEBUG Engine               - menuKey: ESCAPE
18:21:42.199 [FXGL Background Thread 3 ] DEBUG Engine               - mouseSensitivity: 0.2
18:21:42.199 [FXGL Background Thread 3 ] DEBUG Engine               - notificationViewClass: class com.almasb.fxgl.notification.view.XboxNotificationView
18:21:42.199 [FXGL Background Thread 3 ] DEBUG Engine               - pixelsPerMeter: 50.0
18:21:42.199 [FXGL Background Thread 3 ] DEBUG Engine               - platform: WINDOWS
18:21:42.200 [FXGL Background Thread 3 ] DEBUG Engine               - prefHeightProperty: ReadOnlyDoubleProperty [value: 720.0]
18:21:42.200 [FXGL Background Thread 3 ] DEBUG Engine               - prefWidthProperty: ReadOnlyDoubleProperty [value: 1280.0]
18:21:42.200 [FXGL Background Thread 3 ] DEBUG Engine               - profileDir: profiles/
18:21:42.200 [FXGL Background Thread 3 ] DEBUG Engine               - profileName: StringProperty [value: DEFAULT]
18:21:42.200 [FXGL Background Thread 3 ] DEBUG Engine               - randomSeed: -1
18:21:42.201 [FXGL Background Thread 3 ] DEBUG Engine               - runtimeInfo: RuntimeInfo(platform=WINDOWS, version=21, build=28.12.2023 13.35)
18:21:42.201 [FXGL Background Thread 3 ] DEBUG Engine               - saveFileExt: sav
18:21:42.201 [FXGL Background Thread 3 ] DEBUG Engine               - scaledHeightProp$fxgl: DoubleProperty [bound, value: 720.0]
18:21:42.201 [FXGL Background Thread 3 ] DEBUG Engine               - scaledWidthProp$fxgl: DoubleProperty [bound, value: 1280.0]
18:21:42.201 [FXGL Background Thread 3 ] DEBUG Engine               - sceneFactory: com.almasb.fxgl.app.scene.SceneFactory@7c6a6251
18:21:42.201 [FXGL Background Thread 3 ] DEBUG Engine               - secondsIn24h: 60
18:21:42.201 [FXGL Background Thread 3 ] DEBUG Engine               - soundMenuBack: menu/back.wav
18:21:42.201 [FXGL Background Thread 3 ] DEBUG Engine               - soundMenuPress: menu/press.wav
18:21:42.201 [FXGL Background Thread 3 ] DEBUG Engine               - soundMenuSelect: menu/select.wav
18:21:42.201 [FXGL Background Thread 3 ] DEBUG Engine               - soundNotification: core/notification.wav
18:21:42.202 [FXGL Background Thread 3 ] DEBUG Engine               - stageStyle: DECORATED
18:21:42.202 [FXGL Background Thread 3 ] DEBUG Engine               - supportedLanguages: [ENGLISH, FRENCH, GERMAN, HUNGARIAN, RUSSIAN]
18:21:42.202 [FXGL Background Thread 3 ] DEBUG Engine               - ticksPerSecond: -1
18:21:42.202 [FXGL Background Thread 3 ] DEBUG Engine               - title: Basic Game App
18:21:42.202 [FXGL Background Thread 3 ] DEBUG Engine               - urlGithub: https://github.com/AlmasB/FXGL
18:21:42.202 [FXGL Background Thread 3 ] DEBUG Engine               - urlLeaderboard: http://fxgl-top.herokuapp.com/
18:21:42.202 [FXGL Background Thread 3 ] DEBUG Engine               - urlPOM: https://raw.githubusercontent.com/AlmasB/FXGL/release/README.md
18:21:42.203 [FXGL Background Thread 3 ] DEBUG Engine               - userAppClass: class com.lucenstuff.fxglgames.suikagame.SuikaGame
18:21:42.203 [FXGL Background Thread 3 ] DEBUG Engine               - version: 0.1
18:21:42.203 [FXGL Background Thread 3 ] DEBUG Engine               - versionCheckDays: 7
18:21:42.203 [FXGL Background Thread 3 ] DEBUG Engine               - width: 1280
18:21:42.203 [FXGL Background Thread 3 ] DEBUG Engine               - Logging services
18:21:42.203 [FXGL Background Thread 3 ] DEBUG Engine               - class com.almasb.fxgl.app.services.FXGLAssetLoaderService
18:21:42.203 [FXGL Background Thread 3 ] DEBUG Engine               - class com.almasb.fxgl.app.FXGLApplication$GameApplicationService
18:21:42.203 [FXGL Background Thread 3 ] DEBUG Engine               - class com.almasb.fxgl.app.services.FXGLDialogService
18:21:42.204 [FXGL Background Thread 3 ] DEBUG Engine               - class com.almasb.fxgl.app.services.IOTaskExecutorService
18:21:42.204 [FXGL Background Thread 3 ] DEBUG Engine               - class com.almasb.fxgl.io.FileSystemService
18:21:42.204 [FXGL Background Thread 3 ] DEBUG Engine               - class com.almasb.fxgl.localization.LocalizationService
18:21:42.204 [FXGL Background Thread 3 ] DEBUG Engine               - class com.almasb.fxgl.app.services.SystemBundleService
18:21:42.204 [FXGL Background Thread 3 ] DEBUG Engine               - class com.almasb.fxgl.profile.SaveLoadService
18:21:42.204 [FXGL Background Thread 3 ] DEBUG Engine               - class com.almasb.fxgl.ui.FXGLUIFactoryServiceProvider
18:21:42.204 [FXGL Background Thread 3 ] DEBUG Engine               - class com.almasb.fxgl.ui.FXGLDialogFactoryServiceProvider
18:21:42.204 [FXGL Background Thread 3 ] DEBUG Engine               - class com.almasb.fxgl.audio.AudioPlayer
18:21:42.204 [FXGL Background Thread 3 ] DEBUG Engine               - class com.almasb.fxgl.notification.impl.NotificationServiceProvider
18:21:42.204 [FXGL Background Thread 3 ] DEBUG Engine               - class com.almasb.fxgl.achievement.AchievementService
18:21:42.205 [FXGL Background Thread 3 ] DEBUG Engine               - class com.almasb.fxgl.cutscene.CutsceneService
18:21:42.205 [FXGL Background Thread 3 ] DEBUG Engine               - class com.almasb.fxgl.minigames.MiniGameService
18:21:42.205 [FXGL Background Thread 3 ] DEBUG Engine               - class com.almasb.fxgl.net.NetService
18:21:42.205 [FXGL Background Thread 3 ] DEBUG Engine               - class com.almasb.fxgl.app.services.UpdaterService
18:21:42.205 [FXGL Background Thread 3 ] DEBUG Engine               - class com.almasb.fxgl.dev.DevService
18:21:43.827 [JavaFX Application Thread] DEBUG FXGLAssetLoaderServi - Loading from file system: file:/D:/Programaci%c3%b3n/JAVA/SuikaGame/target/classes/assets/textures/grape_view.png
18:21:46.012 [JavaFX Application Thread] DEBUG FXGLAssetLoaderServi - Loading from file system: file:/D:/Programaci%c3%b3n/JAVA/SuikaGame/target/classes/assets/textures/strawberry_view.png
18:21:50.500 [JavaFX Application Thread] DEBUG FXGLAssetLoaderServi - Loading from file system: file:/D:/Programaci%c3%b3n/JAVA/SuikaGame/target/classes/assets/textures/orange_view.png
18:21:52.370 [JavaFX Application Thread] DEBUG FXGLAssetLoaderServi - Loading from file system: file:/D:/Programaci%c3%b3n/JAVA/SuikaGame/target/classes/assets/textures/apple_view.png
18:22:06.471 [JavaFX Application Thread] DEBUG FXGLAssetLoaderServi - Loading from file system: file:/D:/Programaci%c3%b3n/JAVA/SuikaGame/target/classes/assets/textures/pear_view.png
18:22:15.367 [JavaFX Application Thread] DEBUG FXGLAssetLoaderServi - Loading from file system: file:/D:/Programaci%c3%b3n/JAVA/SuikaGame/target/classes/assets/textures/peach_view.png
18:22:56.103 [JavaFX Application Thread] DEBUG FXGLAssetLoaderServi - Loading from file system: file:/D:/Programaci%c3%b3n/JAVA/SuikaGame/target/classes/assets/textures/pineapple_view.png
18:23:51.213 [JavaFX Application Thread] DEBUG FXGLApplication      - Exiting FXGL
18:23:51.213 [JavaFX Application Thread] DEBUG LoopRunner           - Stopping loop
18:23:51.213 [JavaFX Application Thread] DEBUG SystemBundleService  - Saving FXGL system data
18:23:51.216 [JavaFX Application Thread] DEBUG FileSystemAccess     - Writing to: D:\Programación\JAVA\SuikaGame\system\fxgl.bundle
18:23:51.219 [JavaFX Application Thread] DEBUG Async                - Shutting down background threads
18:23:51.219 [JavaFX Application Thread] DEBUG PrimaryStageWindow   - Closing main window
18:23:51.235 [JavaFX Application Thread] DEBUG Logger               - Closing Logger
