13:38:51.240 [main                     ] DEBUG Logger               - Configured Logger
13:38:51.270 [main                     ] DEBUG GameApplication      - Logging settings
Title: Suika FXGL
Version: 0.1
Width: 1280
Height: 720
Fullscreen: false
Intro: false
Profiling: false
Single step:false
App Mode: DEVELOPER
Menu Key: ESCAPE
Stage Style: DECORATED
Scene Factory: class com.almasb.fxgl.app.scene.SceneFactory

13:38:51.804 [JavaFX Application Thread] DEBUG FXGLApplication      - Initializing FXGL
13:38:51.809 [JavaFX Application Thread] INFO  Engine               - FXGL-21 (28.12.2023 13.35) on WINDOWS (J:21.0.2 FX:21.0.1)
13:38:51.809 [JavaFX Application Thread] DEBUG Engine               - JRE Vendor Name: Oracle Corporation
13:38:51.809 [JavaFX Application Thread] DEBUG Engine               - Running on OS: Windows 10 version 10.0
13:38:51.809 [JavaFX Application Thread] DEBUG Engine               - Architecture: amd64
13:38:51.810 [JavaFX Application Thread] INFO  Engine               - Source code and latest versions at: https://github.com/AlmasB/FXGL
13:38:51.810 [JavaFX Application Thread] INFO  Engine               -       Ask questions and discuss at: https://github.com/AlmasB/FXGL/discussions
13:38:51.810 [JavaFX Application Thread] INFO  Engine               -              Join the FXGL chat at: https://gitter.im/AlmasB/FXGL
13:38:51.970 [JavaFX Application Thread] DEBUG PrimaryStageWindow   - Creating a JavaFX scene
13:38:52.039 [JavaFX Application Thread] DEBUG PrimaryStageWindow   - Target settings size: 1280.0 x 720.0
13:38:52.040 [JavaFX Application Thread] DEBUG PrimaryStageWindow   - Scaled scene size:    1280.0 x 720.0
13:38:52.040 [JavaFX Application Thread] DEBUG PrimaryStageWindow   - Scaled ratio: (1.0, 1.0)
13:38:52.041 [JavaFX Application Thread] DEBUG PrimaryStageWindow   - Set initial scene to FXGLStartupScene
13:38:52.048 [JavaFX Application Thread] DEBUG PrimaryStageWindow   - Opening main window
13:38:52.162 [JavaFX Application Thread] DEBUG PrimaryStageWindow   - Window border size: (16.0, 39.0)
13:38:52.163 [JavaFX Application Thread] DEBUG PrimaryStageWindow   - Scaled size: 1280.0 x 720.0
13:38:52.163 [JavaFX Application Thread] DEBUG PrimaryStageWindow   - Scaled ratio: (1.0, 1.0)
13:38:52.163 [JavaFX Application Thread] DEBUG PrimaryStageWindow   - Scene size: 1280.0 x 720.0
13:38:52.163 [JavaFX Application Thread] DEBUG PrimaryStageWindow   - Stage size: 1296.0 x 759.0
13:38:52.173 [FXGL Background Thread 1 ] DEBUG Engine               - Initializing environment variables
13:38:52.282 [FXGL Background Thread 1 ] DEBUG FXGLAssetLoaderServi - User app class for loading assets: class com.lucenstuff.fxglgames.suikagame.SuikaGame
13:38:52.282 [FXGL Background Thread 1 ] DEBUG GameApplicationServi - Applying CSS: fxgl_dark.css
13:38:52.284 [FXGL Background Thread 1 ] DEBUG FXGLAssetLoaderServi - Loading from file system: jar:file:/C:/Users/agust/.m2/repository/com/github/almasb/fxgl/21/fxgl-21.jar!/fxglassets/ui/css/fxgl_dark.css
13:38:52.374 [FXGL Background Thread 1 ] DEBUG GameApplicationServi - Initializing application scenes
13:38:52.510 [FXGL Background Thread 1 ] DEBUG GameWorld            - Game world initialized
13:38:52.580 [FXGL Background Thread 1 ] DEBUG PhysicsWorld         - Physics world initialized: appHeight=720, physics.ppm=50,0
13:38:52.580 [FXGL Background Thread 1 ] DEBUG PhysicsWorld         - Using strategy: BRUTE_FORCE
13:38:52.586 [FXGL Background Thread 1 ] DEBUG GameScene            - Game scene initialized: 1280x720
13:38:52.601 [FXGL Background Thread 1 ] DEBUG FXGL.DefaultMenu     - createMenuBodyGameMenu()
13:38:52.620 [FXGL Background Thread 1 ] DEBUG FXGL.DefaultMenu     - createOptionsMenu()
13:38:52.632 [FXGL Background Thread 1 ] DEBUG FXGLAssetLoaderServi - Loading from file system: jar:file:/C:/Users/agust/.m2/repository/com/github/almasb/fxgl/21/fxgl-21.jar!/fxglassets/textures/particles/smoke.png
13:38:52.760 [FXGL Background Thread 1 ] DEBUG FXGLAssetLoaderServi - Loading from file system: jar:file:/C:/Users/agust/.m2/repository/com/github/almasb/fxgl/21/fxgl-21.jar!/fxglassets/textures/particles/trace_horizontal.png
13:38:52.789 [FXGL Background Thread 1 ] DEBUG GameApplicationServi - Application scenes initialized
13:38:52.805 [FXGL Background Thread 1 ] DEBUG SystemBundleService  - Loading FXGL system data
13:38:52.811 [FXGL Background Thread 1 ] DEBUG FileSystemAccess     - Reading from: C:\Users\agust\IdeaProjects\SuikaGameJavaFXGL2\system\fxgl.bundle
13:38:52.821 [FXGL Background Thread 1 ] DEBUG SystemBundleService  - Bundle FXGL: {}
13:38:52.821 [FXGL Background Thread 1 ] DEBUG UpdaterService       - Checking for updates
13:38:52.867 [FXGL Background Thread 1 ] DEBUG FXGLApplication      - Loading default localization
13:38:52.866 [FXGL Background Thread 4 ] DEBUG FXGLApplication      - Loading fonts
13:38:52.868 [FXGL Background Thread 1 ] DEBUG FXGLAssetLoaderServi - Loading from file system: jar:file:/C:/Users/agust/.m2/repository/com/github/almasb/fxgl/21/fxgl-21.jar!/fxglassets/languages/english.lang
13:38:52.868 [FXGL Background Thread 4 ] DEBUG FXGLAssetLoaderServi - Loading from file system: jar:file:/C:/Users/agust/.m2/repository/com/github/almasb/fxgl/21/fxgl-21.jar!/fxglassets/ui/fonts/VarelaRound-Regular.ttf
13:38:52.925 [FXGL Background Thread 1 ] INFO  FXGLApplication      - FXGL initialization took: 0,751 sec
13:38:52.926 [JavaFX Application Thread] DEBUG FXGLAssetLoaderServi - Loading from file system: file:/C:/Users/agust/IdeaProjects/SuikaGameJavaFXGL2/target/classes/assets/textures/watermelon_view.png
13:38:52.941 [JavaFX Application Thread] DEBUG FXGLAssetLoaderServi - Loading from file system: jar:file:/C:/Users/agust/.m2/repository/com/github/almasb/fxgl/21/fxgl-21.jar!/fxglassets/textures/fxgl_default_cursor.png
13:38:52.953 [JavaFX Application Thread] DEBUG Input                - Registered new binding: Screenshot - CTRL+8
13:38:52.953 [JavaFX Application Thread] DEBUG Input                - Registered new binding: Dev Options - 1
13:38:52.954 [JavaFX Application Thread] DEBUG Input                - Registered new binding: Dev Console - 2
13:38:52.954 [JavaFX Application Thread] DEBUG Input                - Registered new binding: System info dump - CTRL+9
13:38:52.955 [JavaFX Application Thread] DEBUG Input                - Registered new binding: Restart - CTRL+R
13:38:52.956 [JavaFX Application Thread] DEBUG Input                - Registered new binding: Toggle Debug Camera - CTRL+7
13:38:52.960 [JavaFX Application Thread] DEBUG LoopRunner           - Starting loop
13:38:52.974 [FXGL Background Thread 4 ] DEBUG FXGLAssetLoaderServi - Loading from file system: jar:file:/C:/Users/agust/.m2/repository/com/github/almasb/fxgl/21/fxgl-21.jar!/fxglassets/ui/fonts/Abel-Regular.ttf
13:38:52.979 [JavaFX Application Thread] DEBUG LoopRunner           - Initializing JavaFX AnimationTimerLoop
13:38:52.981 [JavaFX Application Thread] DEBUG GameApplicationServi - Starting new game
13:38:52.981 [JavaFX Application Thread] DEBUG Input                - Clearing active input actions
13:38:52.993 [JavaFX Application Thread] DEBUG GameApplicationServi - Removing overlay from FXGLStartupScene and adding to FXGLLoadingScene
13:38:52.997 [JavaFX Application Thread] DEBUG PrimaryStageWindow   - FXGLStartupScene -> FXGLLoadingScene
13:38:52.997 [JavaFX Application Thread] DEBUG GameApplicationServi - Clearing previous game
13:38:52.997 [JavaFX Application Thread] DEBUG GameScene            - Clearing game scene
13:38:52.998 [JavaFX Application Thread] DEBUG GameWorld            - Clearing game world
13:38:52.998 [JavaFX Application Thread] DEBUG PhysicsWorld         - Clearing physics world
13:38:53.000 [FXGL Background Thread 1 ] DEBUG FXGLApplication      - Initializing game
13:38:53.040 [FXGL Background Thread 1 ] DEBUG FXGLAssetLoaderServi - Loading from file system: file:/C:/Users/agust/IdeaProjects/SuikaGameJavaFXGL2/target/classes/assets/textures/background_view.png
13:38:53.048 [FXGL Background Thread 4 ] DEBUG FXGLAssetLoaderServi - Loading from file system: jar:file:/C:/Users/agust/.m2/repository/com/github/almasb/fxgl/21/fxgl-21.jar!/fxglassets/ui/fonts/TerminalLandMono-Regular.otf
13:38:53.079 [FXGL Background Thread 1 ] DEBUG FXGLAssetLoaderServi - Loading from file system: file:/C:/Users/agust/IdeaProjects/SuikaGameJavaFXGL2/target/classes/assets/textures/container_view.png
13:38:53.166 [FXGL Background Thread 4 ] DEBUG FXGLAssetLoaderServi - Loading from file system: jar:file:/C:/Users/agust/.m2/repository/com/github/almasb/fxgl/21/fxgl-21.jar!/fxglassets/ui/fonts/Courier-Prime.ttf
13:38:53.177 [FXGL Background Thread 1 ] DEBUG FXGLAssetLoaderServi - Loading from file system: file:/C:/Users/agust/IdeaProjects/SuikaGameJavaFXGL2/target/classes/assets/textures/ring_view.png
13:38:53.188 [FXGL Background Thread 1 ] DEBUG FXGLAssetLoaderServi - Loading from file system: file:/C:/Users/agust/IdeaProjects/SuikaGameJavaFXGL2/target/classes/assets/textures/next_fruit_view.png
13:38:53.192 [FXGL Background Thread 1 ] DEBUG FXGLAssetLoaderServi - Loading from file system: file:/C:/Users/agust/IdeaProjects/SuikaGameJavaFXGL2/target/classes/assets/textures/score_view.png
13:38:53.198 [FXGL Background Thread 1 ] DEBUG FXGLAssetLoaderServi - Loading from file system: file:/C:/Users/agust/IdeaProjects/SuikaGameJavaFXGL2/target/classes/assets/textures/cherry_view.png
13:38:53.199 [FXGL Background Thread 1 ] DEBUG FXGLAssetLoaderServi - Loading from file system: file:/C:/Users/agust/IdeaProjects/SuikaGameJavaFXGL2/target/classes/assets/textures/apple_view.png
13:38:53.202 [FXGL Background Thread 1 ] DEBUG FXGLAssetLoaderServi - Loading from file system: file:/C:/Users/agust/IdeaProjects/SuikaGameJavaFXGL2/target/classes/assets/textures/grape_view.png
13:38:53.205 [FXGL Background Thread 1 ] INFO  FXGLApplication      - Game initialization took: 0,206 sec
13:38:53.350 [JavaFX Application Thread] DEBUG Input                - Clearing active input actions
13:38:53.361 [JavaFX Application Thread] DEBUG GameApplicationServi - Removing overlay from FXGLLoadingScene and adding to GameScene
13:38:53.399 [JavaFX Application Thread] DEBUG PrimaryStageWindow   - FXGLLoadingScene -> GameScene
13:38:53.569 [JavaFX Application Thread] DEBUG FXGLApplication      - Registering font factories with UI factory
13:38:55.055 [JavaFX Application Thread] DEBUG FXGLAssetLoaderServi - Loading from file system: file:/C:/Users/agust/IdeaProjects/SuikaGameJavaFXGL2/target/classes/assets/textures/orange_view.png
13:38:55.060 [JavaFX Application Thread] DEBUG FXGLAssetLoaderServi - Loading from file system: file:/C:/Users/agust/IdeaProjects/SuikaGameJavaFXGL2/target/classes/assets/sounds/fruit_drop.wav
13:38:55.865 [FXGL Background Thread 3 ] DEBUG Engine               - Logging environment variables
13:38:55.866 [FXGL Background Thread 3 ] DEBUG Engine               - achievements: []
13:38:55.866 [FXGL Background Thread 3 ] DEBUG Engine               - actualHeight: 720.0
13:38:55.866 [FXGL Background Thread 3 ] DEBUG Engine               - actualHeightProperty: ReadOnlyDoubleProperty [value: 720.0]
13:38:55.867 [FXGL Background Thread 3 ] DEBUG Engine               - actualWidth: 1280.0
13:38:55.868 [FXGL Background Thread 3 ] DEBUG Engine               - actualWidthProperty: ReadOnlyDoubleProperty [value: 1280.0]
13:38:55.868 [FXGL Background Thread 3 ] DEBUG Engine               - appIcon: watermelon_view.png
13:38:55.868 [FXGL Background Thread 3 ] DEBUG Engine               - applicationMode: DEVELOPER
13:38:55.868 [FXGL Background Thread 3 ] DEBUG Engine               - cSSList: [fxgl_dark.css]
13:38:55.868 [FXGL Background Thread 3 ] DEBUG Engine               - collisionDetectionStrategy: BRUTE_FORCE
13:38:55.868 [FXGL Background Thread 3 ] DEBUG Engine               - configClass: Optional.empty
13:38:55.868 [FXGL Background Thread 3 ] DEBUG Engine               - credits: []
13:38:55.869 [FXGL Background Thread 3 ] DEBUG Engine               - defaultCursor: CursorInfo(imageName=fxgl_default_cursor.png, hotspotX=7.0, hotspotY=6.0)
13:38:55.870 [FXGL Background Thread 3 ] DEBUG Engine               - devBBoxColorProperty: ObjectProperty [value: 0xff0000ff]
13:38:55.870 [FXGL Background Thread 3 ] DEBUG Engine               - devEnableDebugCameraProperty: BooleanProperty [value: false]
13:38:55.870 [FXGL Background Thread 3 ] DEBUG Engine               - devSensorColorProperty: ObjectProperty [value: 0xffff00ff]
13:38:55.870 [FXGL Background Thread 3 ] DEBUG Engine               - devShowBBoxProperty: BooleanProperty [value: false]
13:38:55.870 [FXGL Background Thread 3 ] DEBUG Engine               - devShowPositionProperty: BooleanProperty [value: false]
13:38:55.870 [FXGL Background Thread 3 ] DEBUG Engine               - enabledMenuItems: []
13:38:55.870 [FXGL Background Thread 3 ] DEBUG Engine               - engineServices: [class com.almasb.fxgl.app.services.FXGLAssetLoaderService, class com.almasb.fxgl.app.FXGLApplication$GameApplicationService, class com.almasb.fxgl.app.services.FXGLDialogService, class com.almasb.fxgl.app.services.IOTaskExecutorService, class com.almasb.fxgl.io.FileSystemService, class com.almasb.fxgl.localization.LocalizationService, class com.almasb.fxgl.app.services.SystemBundleService, class com.almasb.fxgl.profile.SaveLoadService, class com.almasb.fxgl.ui.FXGLUIFactoryServiceProvider, class com.almasb.fxgl.ui.FXGLDialogFactoryServiceProvider, class com.almasb.fxgl.audio.AudioPlayer, class com.almasb.fxgl.notification.impl.NotificationServiceProvider, class com.almasb.fxgl.achievement.AchievementService, class com.almasb.fxgl.cutscene.CutsceneService, class com.almasb.fxgl.minigames.MiniGameService, class com.almasb.fxgl.net.NetService, class com.almasb.fxgl.app.services.UpdaterService, class com.almasb.fxgl.dev.DevService]
13:38:55.870 [FXGL Background Thread 3 ] DEBUG Engine               - fontGame: Abel-Regular.ttf
13:38:55.870 [FXGL Background Thread 3 ] DEBUG Engine               - fontMono: TerminalLandMono-Regular.otf
13:38:55.870 [FXGL Background Thread 3 ] DEBUG Engine               - fontSizeScaleUI: 1.0
13:38:55.870 [FXGL Background Thread 3 ] DEBUG Engine               - fontText: Courier-Prime.ttf
13:38:55.871 [FXGL Background Thread 3 ] DEBUG Engine               - fontUI: VarelaRound-Regular.ttf
13:38:55.871 [FXGL Background Thread 3 ] DEBUG Engine               - fullScreen: BooleanProperty [value: false]
13:38:55.871 [FXGL Background Thread 3 ] DEBUG Engine               - gameDifficulty: MEDIUM
13:38:55.871 [FXGL Background Thread 3 ] DEBUG Engine               - gameDifficultyProperty: ObjectProperty [value: MEDIUM]
13:38:55.871 [FXGL Background Thread 3 ] DEBUG Engine               - globalMusicVolume: 0.5
13:38:55.871 [FXGL Background Thread 3 ] DEBUG Engine               - globalMusicVolumeProperty: DoubleProperty [value: 0.5]
13:38:55.871 [FXGL Background Thread 3 ] DEBUG Engine               - globalSoundVolume: 0.5
13:38:55.871 [FXGL Background Thread 3 ] DEBUG Engine               - globalSoundVolumeProperty: DoubleProperty [value: 0.5]
13:38:55.871 [FXGL Background Thread 3 ] DEBUG Engine               - height: 720
13:38:55.871 [FXGL Background Thread 3 ] DEBUG Engine               - is3D: false
13:38:55.871 [FXGL Background Thread 3 ] DEBUG Engine               - isAndroid: false
13:38:55.871 [FXGL Background Thread 3 ] DEBUG Engine               - isBrowser: false
13:38:55.872 [FXGL Background Thread 3 ] DEBUG Engine               - isClickFeedbackEnabled: false
13:38:55.872 [FXGL Background Thread 3 ] DEBUG Engine               - isCloseConfirmation: false
13:38:55.872 [FXGL Background Thread 3 ] DEBUG Engine               - isDesktop: true
13:38:55.872 [FXGL Background Thread 3 ] DEBUG Engine               - isDeveloperMenuEnabled: true
13:38:55.872 [FXGL Background Thread 3 ] DEBUG Engine               - isEmbedded: false
13:38:55.872 [FXGL Background Thread 3 ] DEBUG Engine               - isEntityPreloadEnabled: true
13:38:55.872 [FXGL Background Thread 3 ] DEBUG Engine               - isExperimentalTiledLargeMap: false
13:38:55.872 [FXGL Background Thread 3 ] DEBUG Engine               - isFileSystemWriteAllowed: true
13:38:55.872 [FXGL Background Thread 3 ] DEBUG Engine               - isFullScreenAllowed: false
13:38:55.872 [FXGL Background Thread 3 ] DEBUG Engine               - isFullScreenFromStart: false
13:38:55.873 [FXGL Background Thread 3 ] DEBUG Engine               - isGameMenuEnabled: true
13:38:55.873 [FXGL Background Thread 3 ] DEBUG Engine               - isIOS: false
13:38:55.873 [FXGL Background Thread 3 ] DEBUG Engine               - isIntroEnabled: false
13:38:55.873 [FXGL Background Thread 3 ] DEBUG Engine               - isLinux: false
13:38:55.873 [FXGL Background Thread 3 ] DEBUG Engine               - isMac: false
13:38:55.873 [FXGL Background Thread 3 ] DEBUG Engine               - isMainMenuEnabled: false
13:38:55.873 [FXGL Background Thread 3 ] DEBUG Engine               - isManualResizeEnabled: false
13:38:55.873 [FXGL Background Thread 3 ] DEBUG Engine               - isMobile: false
13:38:55.873 [FXGL Background Thread 3 ] DEBUG Engine               - isNative: false
13:38:55.873 [FXGL Background Thread 3 ] DEBUG Engine               - isPauseMusicWhenMinimized: true
13:38:55.873 [FXGL Background Thread 3 ] DEBUG Engine               - isPreserveResizeRatio: false
13:38:55.873 [FXGL Background Thread 3 ] DEBUG Engine               - isProfilingEnabled: false
13:38:55.873 [FXGL Background Thread 3 ] DEBUG Engine               - isScaleAffectedOnResize: true
13:38:55.874 [FXGL Background Thread 3 ] DEBUG Engine               - isSingleStep: false
13:38:55.874 [FXGL Background Thread 3 ] DEBUG Engine               - isUserProfileEnabled: false
13:38:55.874 [FXGL Background Thread 3 ] DEBUG Engine               - isWindows: true
13:38:55.874 [FXGL Background Thread 3 ] DEBUG Engine               - language: ObjectProperty [value: ENGLISH]
13:38:55.874 [FXGL Background Thread 3 ] DEBUG Engine               - menuKey: ESCAPE
13:38:55.874 [FXGL Background Thread 3 ] DEBUG Engine               - mouseSensitivity: 0.2
13:38:55.874 [FXGL Background Thread 3 ] DEBUG Engine               - notificationViewClass: class com.almasb.fxgl.notification.view.XboxNotificationView
13:38:55.874 [FXGL Background Thread 3 ] DEBUG Engine               - pixelsPerMeter: 50.0
13:38:55.874 [FXGL Background Thread 3 ] DEBUG Engine               - platform: WINDOWS
13:38:55.874 [FXGL Background Thread 3 ] DEBUG Engine               - prefHeightProperty: ReadOnlyDoubleProperty [value: 720.0]
13:38:55.878 [FXGL Background Thread 3 ] DEBUG Engine               - prefWidthProperty: ReadOnlyDoubleProperty [value: 1280.0]
13:38:55.878 [FXGL Background Thread 3 ] DEBUG Engine               - profileDir: profiles/
13:38:55.878 [FXGL Background Thread 3 ] DEBUG Engine               - profileName: StringProperty [value: DEFAULT]
13:38:55.878 [FXGL Background Thread 3 ] DEBUG Engine               - randomSeed: -1
13:38:55.878 [FXGL Background Thread 3 ] DEBUG Engine               - runtimeInfo: RuntimeInfo(platform=WINDOWS, version=21, build=28.12.2023 13.35)
13:38:55.879 [FXGL Background Thread 3 ] DEBUG Engine               - saveFileExt: sav
13:38:55.879 [FXGL Background Thread 3 ] DEBUG Engine               - scaledHeightProp$fxgl: DoubleProperty [bound, value: 720.0]
13:38:55.879 [FXGL Background Thread 3 ] DEBUG Engine               - scaledWidthProp$fxgl: DoubleProperty [bound, value: 1280.0]
13:38:55.879 [FXGL Background Thread 3 ] DEBUG Engine               - sceneFactory: com.almasb.fxgl.app.scene.SceneFactory@46a71a54
13:38:55.879 [FXGL Background Thread 3 ] DEBUG Engine               - secondsIn24h: 60
13:38:55.879 [FXGL Background Thread 3 ] DEBUG Engine               - soundMenuBack: menu/back.wav
13:38:55.879 [FXGL Background Thread 3 ] DEBUG Engine               - soundMenuPress: menu/press.wav
13:38:55.879 [FXGL Background Thread 3 ] DEBUG Engine               - soundMenuSelect: menu/select.wav
13:38:55.879 [FXGL Background Thread 3 ] DEBUG Engine               - soundNotification: core/notification.wav
13:38:55.879 [FXGL Background Thread 3 ] DEBUG Engine               - stageStyle: DECORATED
13:38:55.879 [FXGL Background Thread 3 ] DEBUG Engine               - supportedLanguages: [ENGLISH, FRENCH, GERMAN, HUNGARIAN, RUSSIAN]
13:38:55.880 [FXGL Background Thread 3 ] DEBUG Engine               - ticksPerSecond: -1
13:38:55.880 [FXGL Background Thread 3 ] DEBUG Engine               - title: Suika FXGL
13:38:55.880 [FXGL Background Thread 3 ] DEBUG Engine               - urlGithub: https://github.com/AlmasB/FXGL
13:38:55.880 [FXGL Background Thread 3 ] DEBUG Engine               - urlLeaderboard: http://fxgl-top.herokuapp.com/
13:38:55.880 [FXGL Background Thread 3 ] DEBUG Engine               - urlPOM: https://raw.githubusercontent.com/AlmasB/FXGL/release/README.md
13:38:55.880 [FXGL Background Thread 3 ] DEBUG Engine               - userAppClass: class com.lucenstuff.fxglgames.suikagame.SuikaGame
13:38:55.880 [FXGL Background Thread 3 ] DEBUG Engine               - version: 0.1
13:38:55.880 [FXGL Background Thread 3 ] DEBUG Engine               - versionCheckDays: 7
13:38:55.880 [FXGL Background Thread 3 ] DEBUG Engine               - width: 1280
13:38:55.881 [FXGL Background Thread 3 ] DEBUG Engine               - Logging services
13:38:55.881 [FXGL Background Thread 3 ] DEBUG Engine               - class com.almasb.fxgl.app.services.FXGLAssetLoaderService
13:38:55.881 [FXGL Background Thread 3 ] DEBUG Engine               - class com.almasb.fxgl.app.FXGLApplication$GameApplicationService
13:38:55.881 [FXGL Background Thread 3 ] DEBUG Engine               - class com.almasb.fxgl.app.services.FXGLDialogService
13:38:55.881 [FXGL Background Thread 3 ] DEBUG Engine               - class com.almasb.fxgl.app.services.IOTaskExecutorService
13:38:55.881 [FXGL Background Thread 3 ] DEBUG Engine               - class com.almasb.fxgl.io.FileSystemService
13:38:55.881 [FXGL Background Thread 3 ] DEBUG Engine               - class com.almasb.fxgl.localization.LocalizationService
13:38:55.881 [FXGL Background Thread 3 ] DEBUG Engine               - class com.almasb.fxgl.app.services.SystemBundleService
13:38:55.881 [FXGL Background Thread 3 ] DEBUG Engine               - class com.almasb.fxgl.profile.SaveLoadService
13:38:55.881 [FXGL Background Thread 3 ] DEBUG Engine               - class com.almasb.fxgl.ui.FXGLUIFactoryServiceProvider
13:38:55.881 [FXGL Background Thread 3 ] DEBUG Engine               - class com.almasb.fxgl.ui.FXGLDialogFactoryServiceProvider
13:38:55.881 [FXGL Background Thread 3 ] DEBUG Engine               - class com.almasb.fxgl.audio.AudioPlayer
13:38:55.882 [FXGL Background Thread 3 ] DEBUG Engine               - class com.almasb.fxgl.notification.impl.NotificationServiceProvider
13:38:55.882 [FXGL Background Thread 3 ] DEBUG Engine               - class com.almasb.fxgl.achievement.AchievementService
13:38:55.882 [FXGL Background Thread 3 ] DEBUG Engine               - class com.almasb.fxgl.cutscene.CutsceneService
13:38:55.882 [FXGL Background Thread 3 ] DEBUG Engine               - class com.almasb.fxgl.minigames.MiniGameService
13:38:55.882 [FXGL Background Thread 3 ] DEBUG Engine               - class com.almasb.fxgl.net.NetService
13:38:55.882 [FXGL Background Thread 3 ] DEBUG Engine               - class com.almasb.fxgl.app.services.UpdaterService
13:38:55.882 [FXGL Background Thread 3 ] DEBUG Engine               - class com.almasb.fxgl.dev.DevService
13:38:56.011 [JavaFX Application Thread] DEBUG FXGLAssetLoaderServi - Loading from file system: file:/C:/Users/agust/IdeaProjects/SuikaGameJavaFXGL2/target/classes/assets/textures/lemon_view.png
13:38:56.703 [JavaFX Application Thread] DEBUG FXGLAssetLoaderServi - Loading from file system: file:/C:/Users/agust/IdeaProjects/SuikaGameJavaFXGL2/target/classes/assets/textures/strawberry_view.png
13:39:02.045 [JavaFX Application Thread] DEBUG FXGLAssetLoaderServi - Loading from file system: file:/C:/Users/agust/IdeaProjects/SuikaGameJavaFXGL2/target/classes/assets/sounds/fruit_merge.wav
13:39:03.818 [JavaFX Application Thread] DEBUG FXGLAssetLoaderServi - Loading from file system: file:/C:/Users/agust/IdeaProjects/SuikaGameJavaFXGL2/target/classes/assets/textures/pear_view.png
13:39:15.256 [JavaFX Application Thread] DEBUG FXGLAssetLoaderServi - Loading from file system: file:/C:/Users/agust/IdeaProjects/SuikaGameJavaFXGL2/target/classes/assets/textures/peach_view.png
13:39:20.222 [JavaFX Application Thread] DEBUG FXGLApplication      - Exiting FXGL
13:39:20.222 [JavaFX Application Thread] DEBUG LoopRunner           - Stopping loop
13:39:20.222 [JavaFX Application Thread] DEBUG SystemBundleService  - Saving FXGL system data
13:39:20.225 [JavaFX Application Thread] DEBUG FileSystemAccess     - Writing to: C:\Users\agust\IdeaProjects\SuikaGameJavaFXGL2\system\fxgl.bundle
13:39:20.228 [JavaFX Application Thread] DEBUG Async                - Shutting down background threads
13:39:20.228 [JavaFX Application Thread] DEBUG PrimaryStageWindow   - Closing main window
13:39:20.249 [JavaFX Application Thread] DEBUG Logger               - Closing Logger
