13:40:02.518 [main                     ] DEBUG Logger               - Configured Logger
13:40:02.554 [main                     ] DEBUG GameApplication      - Logging settings
Title: Basic Game App
Version: 0.1
Width: 1280
Height: 720
Fullscreen: false
Intro: false
Profiling: false
Single step:false
App Mode: DEVELOPER
Menu Key: ESCAPE
Stage Style: DECORATED
Scene Factory: class com.almasb.fxgl.app.scene.SceneFactory

13:40:03.177 [JavaFX Application Thread] DEBUG FXGLApplication      - Initializing FXGL
13:40:03.181 [JavaFX Application Thread] INFO  Engine               - FXGL-21 (28.12.2023 13.35) on WINDOWS (J:21.0.1 FX:21.0.1)
13:40:03.182 [JavaFX Application Thread] DEBUG Engine               - JRE Vendor Name: Oracle Corporation
13:40:03.182 [JavaFX Application Thread] DEBUG Engine               - Running on OS: Windows 11 version 10.0
13:40:03.183 [JavaFX Application Thread] DEBUG Engine               - Architecture: amd64
13:40:03.183 [JavaFX Application Thread] INFO  Engine               - Source code and latest versions at: https://github.com/AlmasB/FXGL
13:40:03.183 [JavaFX Application Thread] INFO  Engine               -       Ask questions and discuss at: https://github.com/AlmasB/FXGL/discussions
13:40:03.183 [JavaFX Application Thread] INFO  Engine               -              Join the FXGL chat at: https://gitter.im/AlmasB/FXGL
13:40:03.344 [JavaFX Application Thread] DEBUG PrimaryStageWindow   - Creating a JavaFX scene
13:40:03.412 [JavaFX Application Thread] DEBUG PrimaryStageWindow   - Target settings size: 1280.0 x 720.0
13:40:03.412 [JavaFX Application Thread] DEBUG PrimaryStageWindow   - Scaled scene size:    1280.0 x 720.0
13:40:03.413 [JavaFX Application Thread] DEBUG PrimaryStageWindow   - Scaled ratio: (1.0, 1.0)
13:40:03.414 [JavaFX Application Thread] DEBUG PrimaryStageWindow   - Set initial scene to FXGLStartupScene
13:40:03.418 [JavaFX Application Thread] DEBUG PrimaryStageWindow   - Opening main window
13:40:03.577 [JavaFX Application Thread] DEBUG PrimaryStageWindow   - Window border size: (16.0, 39.0)
13:40:03.577 [JavaFX Application Thread] DEBUG PrimaryStageWindow   - Scaled size: 1280.0 x 720.0
13:40:03.577 [JavaFX Application Thread] DEBUG PrimaryStageWindow   - Scaled ratio: (1.0, 1.0)
13:40:03.577 [JavaFX Application Thread] DEBUG PrimaryStageWindow   - Scene size: 1280.0 x 720.0
13:40:03.578 [JavaFX Application Thread] DEBUG PrimaryStageWindow   - Stage size: 1296.0 x 759.0
13:40:03.584 [FXGL Background Thread 1 ] DEBUG Engine               - Initializing environment variables
13:40:03.658 [FXGL Background Thread 1 ] DEBUG FXGLAssetLoaderServi - User app class for loading assets: class com.lucenstuff.fxglgames.suikagame.SuikaGame
13:40:03.658 [FXGL Background Thread 1 ] DEBUG GameApplicationServi - Applying CSS: fxgl_dark.css
13:40:03.660 [FXGL Background Thread 1 ] DEBUG FXGLAssetLoaderServi - Loading from file system: jar:file:/C:/Users/agust/.m2/repository/com/github/almasb/fxgl/21/fxgl-21.jar!/fxglassets/ui/css/fxgl_dark.css
13:40:03.723 [FXGL Background Thread 1 ] DEBUG GameApplicationServi - Initializing application scenes
13:40:03.844 [FXGL Background Thread 1 ] DEBUG GameWorld            - Game world initialized
13:40:03.916 [FXGL Background Thread 1 ] DEBUG PhysicsWorld         - Physics world initialized: appHeight=720, physics.ppm=50,0
13:40:03.916 [FXGL Background Thread 1 ] DEBUG PhysicsWorld         - Using strategy: BRUTE_FORCE
13:40:03.921 [FXGL Background Thread 1 ] DEBUG GameScene            - Game scene initialized: 1280x720
13:40:03.936 [FXGL Background Thread 1 ] DEBUG FXGL.DefaultMenu     - createMenuBodyGameMenu()
13:40:03.955 [FXGL Background Thread 1 ] DEBUG FXGL.DefaultMenu     - createOptionsMenu()
13:40:03.967 [FXGL Background Thread 1 ] DEBUG FXGLAssetLoaderServi - Loading from file system: jar:file:/C:/Users/agust/.m2/repository/com/github/almasb/fxgl/21/fxgl-21.jar!/fxglassets/textures/particles/smoke.png
13:40:04.101 [FXGL Background Thread 1 ] DEBUG FXGLAssetLoaderServi - Loading from file system: jar:file:/C:/Users/agust/.m2/repository/com/github/almasb/fxgl/21/fxgl-21.jar!/fxglassets/textures/particles/trace_horizontal.png
13:40:04.140 [FXGL Background Thread 1 ] DEBUG GameApplicationServi - Application scenes initialized
13:40:04.159 [FXGL Background Thread 1 ] DEBUG SystemBundleService  - Loading FXGL system data
13:40:04.164 [FXGL Background Thread 1 ] DEBUG FileSystemAccess     - Reading from: D:\Programación\JAVA\SuikaGame\system\fxgl.bundle
13:40:04.176 [FXGL Background Thread 1 ] DEBUG SystemBundleService  - Bundle FXGL: {}
13:40:04.176 [FXGL Background Thread 1 ] DEBUG UpdaterService       - Checking for updates
13:40:04.212 [FXGL Background Thread 1 ] DEBUG FXGLApplication      - Loading default localization
13:40:04.213 [FXGL Background Thread 1 ] DEBUG FXGLAssetLoaderServi - Loading from file system: jar:file:/C:/Users/agust/.m2/repository/com/github/almasb/fxgl/21/fxgl-21.jar!/fxglassets/languages/english.lang
13:40:04.233 [FXGL Background Thread 1 ] INFO  FXGLApplication      - FXGL initialization took: 0,648 sec
13:40:04.234 [JavaFX Application Thread] DEBUG FXGLAssetLoaderServi - Loading from file system: jar:file:/C:/Users/agust/.m2/repository/com/github/almasb/fxgl/21/fxgl-21.jar!/fxglassets/textures/fxgl_icon.png
13:40:04.330 [FXGL Background Thread 4 ] DEBUG FXGLApplication      - Loading fonts
13:40:04.331 [FXGL Background Thread 4 ] DEBUG FXGLAssetLoaderServi - Loading from file system: jar:file:/C:/Users/agust/.m2/repository/com/github/almasb/fxgl/21/fxgl-21.jar!/fxglassets/ui/fonts/VarelaRound-Regular.ttf
13:40:04.334 [JavaFX Application Thread] DEBUG FXGLAssetLoaderServi - Loading from file system: jar:file:/C:/Users/agust/.m2/repository/com/github/almasb/fxgl/21/fxgl-21.jar!/fxglassets/textures/fxgl_default_cursor.png
13:40:04.346 [JavaFX Application Thread] DEBUG Input                - Registered new binding: Screenshot - CTRL+8
13:40:04.347 [JavaFX Application Thread] DEBUG Input                - Registered new binding: Dev Options - 1
13:40:04.347 [JavaFX Application Thread] DEBUG Input                - Registered new binding: Dev Console - 2
13:40:04.347 [JavaFX Application Thread] DEBUG Input                - Registered new binding: System info dump - CTRL+9
13:40:04.348 [JavaFX Application Thread] DEBUG Input                - Registered new binding: Restart - CTRL+R
13:40:04.349 [JavaFX Application Thread] DEBUG Input                - Registered new binding: Toggle Debug Camera - CTRL+7
13:40:04.353 [JavaFX Application Thread] DEBUG LoopRunner           - Starting loop
13:40:04.371 [JavaFX Application Thread] DEBUG LoopRunner           - Initializing JavaFX AnimationTimerLoop
13:40:04.374 [JavaFX Application Thread] DEBUG GameApplicationServi - Starting new game
13:40:04.375 [JavaFX Application Thread] DEBUG Input                - Clearing active input actions
13:40:04.394 [JavaFX Application Thread] DEBUG GameApplicationServi - Removing overlay from FXGLStartupScene and adding to FXGLLoadingScene
13:40:04.398 [JavaFX Application Thread] DEBUG PrimaryStageWindow   - FXGLStartupScene -> FXGLLoadingScene
13:40:04.398 [JavaFX Application Thread] DEBUG GameApplicationServi - Clearing previous game
13:40:04.398 [JavaFX Application Thread] DEBUG GameScene            - Clearing game scene
13:40:04.398 [JavaFX Application Thread] DEBUG GameWorld            - Clearing game world
13:40:04.398 [JavaFX Application Thread] DEBUG PhysicsWorld         - Clearing physics world
13:40:04.401 [FXGL Background Thread 1 ] DEBUG FXGLApplication      - Initializing game
13:40:04.411 [FXGL Background Thread 1 ] DEBUG FXGLAssetLoaderServi - Loading from file system: file:/D:/Programaci%c3%b3n/JAVA/SuikaGame/target/classes/assets/textures/background_view.png
13:40:04.439 [FXGL Background Thread 1 ] DEBUG FXGLAssetLoaderServi - Loading from file system: file:/D:/Programaci%c3%b3n/JAVA/SuikaGame/target/classes/assets/textures/container_view.png
13:40:04.758 [FXGL Background Thread 4 ] DEBUG FXGLAssetLoaderServi - Loading from file system: jar:file:/C:/Users/agust/.m2/repository/com/github/almasb/fxgl/21/fxgl-21.jar!/fxglassets/ui/fonts/Abel-Regular.ttf
13:40:04.778 [FXGL Background Thread 1 ] DEBUG FXGLAssetLoaderServi - Loading from file system: file:/D:/Programaci%c3%b3n/JAVA/SuikaGame/target/classes/assets/textures/ring_view.png
13:40:04.783 [FXGL Background Thread 1 ] DEBUG FXGLAssetLoaderServi - Loading from file system: file:/D:/Programaci%c3%b3n/JAVA/SuikaGame/target/classes/assets/textures/next_fruit_view.png
13:40:04.791 [FXGL Background Thread 1 ] DEBUG FXGLAssetLoaderServi - Loading from file system: file:/D:/Programaci%c3%b3n/JAVA/SuikaGame/target/classes/assets/textures/score_view.png
13:40:04.793 [FXGL Background Thread 1 ] INFO  FXGLApplication      - Game initialization took: 0,392 sec
13:40:04.909 [JavaFX Application Thread] DEBUG Input                - Clearing active input actions
13:40:04.939 [JavaFX Application Thread] DEBUG GameApplicationServi - Removing overlay from FXGLLoadingScene and adding to GameScene
13:40:04.964 [JavaFX Application Thread] DEBUG PrimaryStageWindow   - FXGLLoadingScene -> GameScene
13:40:05.069 [FXGL Background Thread 4 ] DEBUG FXGLAssetLoaderServi - Loading from file system: jar:file:/C:/Users/agust/.m2/repository/com/github/almasb/fxgl/21/fxgl-21.jar!/fxglassets/ui/fonts/TerminalLandMono-Regular.otf
13:40:05.116 [FXGL Background Thread 4 ] DEBUG FXGLAssetLoaderServi - Loading from file system: jar:file:/C:/Users/agust/.m2/repository/com/github/almasb/fxgl/21/fxgl-21.jar!/fxglassets/ui/fonts/Courier-Prime.ttf
13:40:05.131 [JavaFX Application Thread] DEBUG FXGLApplication      - Registering font factories with UI factory
13:40:06.413 [JavaFX Application Thread] DEBUG FXGLAssetLoaderServi - Loading from file system: file:/D:/Programaci%c3%b3n/JAVA/SuikaGame/target/classes/assets/textures/lemon_view.png
13:40:06.414 [JavaFX Application Thread] DEBUG FXGLAssetLoaderServi - Loading from file system: file:/D:/Programaci%c3%b3n/JAVA/SuikaGame/target/classes/assets/textures/orange_view.png
13:40:07.211 [FXGL Background Thread 3 ] DEBUG Engine               - Logging environment variables
13:40:07.211 [FXGL Background Thread 3 ] DEBUG Engine               - achievements: []
13:40:07.211 [FXGL Background Thread 3 ] DEBUG Engine               - actualHeight: 720.0
13:40:07.211 [FXGL Background Thread 3 ] DEBUG Engine               - actualHeightProperty: ReadOnlyDoubleProperty [value: 720.0]
13:40:07.211 [FXGL Background Thread 3 ] DEBUG Engine               - actualWidth: 1280.0
13:40:07.211 [FXGL Background Thread 3 ] DEBUG Engine               - actualWidthProperty: ReadOnlyDoubleProperty [value: 1280.0]
13:40:07.212 [FXGL Background Thread 3 ] DEBUG Engine               - appIcon: fxgl_icon.png
13:40:07.212 [FXGL Background Thread 3 ] DEBUG Engine               - applicationMode: DEVELOPER
13:40:07.212 [FXGL Background Thread 3 ] DEBUG Engine               - cSSList: [fxgl_dark.css]
13:40:07.212 [FXGL Background Thread 3 ] DEBUG Engine               - collisionDetectionStrategy: BRUTE_FORCE
13:40:07.212 [FXGL Background Thread 3 ] DEBUG Engine               - configClass: Optional.empty
13:40:07.212 [FXGL Background Thread 3 ] DEBUG Engine               - credits: []
13:40:07.213 [FXGL Background Thread 3 ] DEBUG Engine               - defaultCursor: CursorInfo(imageName=fxgl_default_cursor.png, hotspotX=7.0, hotspotY=6.0)
13:40:07.213 [FXGL Background Thread 3 ] DEBUG Engine               - devBBoxColorProperty: ObjectProperty [value: 0xff0000ff]
13:40:07.213 [FXGL Background Thread 3 ] DEBUG Engine               - devEnableDebugCameraProperty: BooleanProperty [value: false]
13:40:07.213 [FXGL Background Thread 3 ] DEBUG Engine               - devSensorColorProperty: ObjectProperty [value: 0xffff00ff]
13:40:07.213 [FXGL Background Thread 3 ] DEBUG Engine               - devShowBBoxProperty: BooleanProperty [value: false]
13:40:07.213 [FXGL Background Thread 3 ] DEBUG Engine               - devShowPositionProperty: BooleanProperty [value: false]
13:40:07.213 [FXGL Background Thread 3 ] DEBUG Engine               - enabledMenuItems: []
13:40:07.213 [FXGL Background Thread 3 ] DEBUG Engine               - engineServices: [class com.almasb.fxgl.app.services.FXGLAssetLoaderService, class com.almasb.fxgl.app.FXGLApplication$GameApplicationService, class com.almasb.fxgl.app.services.FXGLDialogService, class com.almasb.fxgl.app.services.IOTaskExecutorService, class com.almasb.fxgl.io.FileSystemService, class com.almasb.fxgl.localization.LocalizationService, class com.almasb.fxgl.app.services.SystemBundleService, class com.almasb.fxgl.profile.SaveLoadService, class com.almasb.fxgl.ui.FXGLUIFactoryServiceProvider, class com.almasb.fxgl.ui.FXGLDialogFactoryServiceProvider, class com.almasb.fxgl.audio.AudioPlayer, class com.almasb.fxgl.notification.impl.NotificationServiceProvider, class com.almasb.fxgl.achievement.AchievementService, class com.almasb.fxgl.cutscene.CutsceneService, class com.almasb.fxgl.minigames.MiniGameService, class com.almasb.fxgl.net.NetService, class com.almasb.fxgl.app.services.UpdaterService, class com.almasb.fxgl.dev.DevService]
13:40:07.213 [FXGL Background Thread 3 ] DEBUG Engine               - fontGame: Abel-Regular.ttf
13:40:07.214 [FXGL Background Thread 3 ] DEBUG Engine               - fontMono: TerminalLandMono-Regular.otf
13:40:07.214 [FXGL Background Thread 3 ] DEBUG Engine               - fontSizeScaleUI: 1.0
13:40:07.214 [FXGL Background Thread 3 ] DEBUG Engine               - fontText: Courier-Prime.ttf
13:40:07.214 [FXGL Background Thread 3 ] DEBUG Engine               - fontUI: VarelaRound-Regular.ttf
13:40:07.214 [FXGL Background Thread 3 ] DEBUG Engine               - fullScreen: BooleanProperty [value: false]
13:40:07.214 [FXGL Background Thread 3 ] DEBUG Engine               - gameDifficulty: MEDIUM
13:40:07.214 [FXGL Background Thread 3 ] DEBUG Engine               - gameDifficultyProperty: ObjectProperty [value: MEDIUM]
13:40:07.214 [FXGL Background Thread 3 ] DEBUG Engine               - globalMusicVolume: 0.5
13:40:07.214 [FXGL Background Thread 3 ] DEBUG Engine               - globalMusicVolumeProperty: DoubleProperty [value: 0.5]
13:40:07.214 [FXGL Background Thread 3 ] DEBUG Engine               - globalSoundVolume: 0.5
13:40:07.214 [FXGL Background Thread 3 ] DEBUG Engine               - globalSoundVolumeProperty: DoubleProperty [value: 0.5]
13:40:07.214 [FXGL Background Thread 3 ] DEBUG Engine               - height: 720
13:40:07.214 [FXGL Background Thread 3 ] DEBUG Engine               - is3D: false
13:40:07.215 [JavaFX Application Thread] DEBUG FXGLAssetLoaderServi - Loading from file system: file:/D:/Programaci%c3%b3n/JAVA/SuikaGame/target/classes/assets/textures/grape_view.png
13:40:07.215 [FXGL Background Thread 3 ] DEBUG Engine               - isAndroid: false
13:40:07.215 [FXGL Background Thread 3 ] DEBUG Engine               - isBrowser: false
13:40:07.215 [FXGL Background Thread 3 ] DEBUG Engine               - isClickFeedbackEnabled: false
13:40:07.215 [FXGL Background Thread 3 ] DEBUG Engine               - isCloseConfirmation: false
13:40:07.215 [FXGL Background Thread 3 ] DEBUG Engine               - isDesktop: true
13:40:07.215 [FXGL Background Thread 3 ] DEBUG Engine               - isDeveloperMenuEnabled: true
13:40:07.215 [FXGL Background Thread 3 ] DEBUG Engine               - isEmbedded: false
13:40:07.215 [FXGL Background Thread 3 ] DEBUG Engine               - isEntityPreloadEnabled: true
13:40:07.215 [FXGL Background Thread 3 ] DEBUG Engine               - isExperimentalTiledLargeMap: false
13:40:07.215 [FXGL Background Thread 3 ] DEBUG Engine               - isFileSystemWriteAllowed: true
13:40:07.215 [FXGL Background Thread 3 ] DEBUG Engine               - isFullScreenAllowed: false
13:40:07.215 [FXGL Background Thread 3 ] DEBUG Engine               - isFullScreenFromStart: false
13:40:07.215 [FXGL Background Thread 3 ] DEBUG Engine               - isGameMenuEnabled: true
13:40:07.215 [FXGL Background Thread 3 ] DEBUG Engine               - isIOS: false
13:40:07.215 [FXGL Background Thread 3 ] DEBUG Engine               - isIntroEnabled: false
13:40:07.215 [FXGL Background Thread 3 ] DEBUG Engine               - isLinux: false
13:40:07.215 [FXGL Background Thread 3 ] DEBUG Engine               - isMac: false
13:40:07.215 [FXGL Background Thread 3 ] DEBUG Engine               - isMainMenuEnabled: false
13:40:07.216 [FXGL Background Thread 3 ] DEBUG Engine               - isManualResizeEnabled: false
13:40:07.216 [FXGL Background Thread 3 ] DEBUG Engine               - isMobile: false
13:40:07.216 [FXGL Background Thread 3 ] DEBUG Engine               - isNative: false
13:40:07.216 [FXGL Background Thread 3 ] DEBUG Engine               - isPauseMusicWhenMinimized: true
13:40:07.216 [FXGL Background Thread 3 ] DEBUG Engine               - isPreserveResizeRatio: false
13:40:07.216 [FXGL Background Thread 3 ] DEBUG Engine               - isProfilingEnabled: false
13:40:07.216 [FXGL Background Thread 3 ] DEBUG Engine               - isScaleAffectedOnResize: true
13:40:07.216 [FXGL Background Thread 3 ] DEBUG Engine               - isSingleStep: false
13:40:07.216 [FXGL Background Thread 3 ] DEBUG Engine               - isUserProfileEnabled: false
13:40:07.216 [FXGL Background Thread 3 ] DEBUG Engine               - isWindows: true
13:40:07.216 [FXGL Background Thread 3 ] DEBUG Engine               - language: ObjectProperty [value: ENGLISH]
13:40:07.216 [FXGL Background Thread 3 ] DEBUG Engine               - menuKey: ESCAPE
13:40:07.216 [FXGL Background Thread 3 ] DEBUG Engine               - mouseSensitivity: 0.2
13:40:07.217 [FXGL Background Thread 3 ] DEBUG Engine               - notificationViewClass: class com.almasb.fxgl.notification.view.XboxNotificationView
13:40:07.217 [FXGL Background Thread 3 ] DEBUG Engine               - pixelsPerMeter: 50.0
13:40:07.217 [FXGL Background Thread 3 ] DEBUG Engine               - platform: WINDOWS
13:40:07.217 [FXGL Background Thread 3 ] DEBUG Engine               - prefHeightProperty: ReadOnlyDoubleProperty [value: 720.0]
13:40:07.217 [FXGL Background Thread 3 ] DEBUG Engine               - prefWidthProperty: ReadOnlyDoubleProperty [value: 1280.0]
13:40:07.217 [FXGL Background Thread 3 ] DEBUG Engine               - profileDir: profiles/
13:40:07.217 [FXGL Background Thread 3 ] DEBUG Engine               - profileName: StringProperty [value: DEFAULT]
13:40:07.218 [FXGL Background Thread 3 ] DEBUG Engine               - randomSeed: -1
13:40:07.218 [FXGL Background Thread 3 ] DEBUG Engine               - runtimeInfo: RuntimeInfo(platform=WINDOWS, version=21, build=28.12.2023 13.35)
13:40:07.218 [FXGL Background Thread 3 ] DEBUG Engine               - saveFileExt: sav
13:40:07.219 [FXGL Background Thread 3 ] DEBUG Engine               - scaledHeightProp$fxgl: DoubleProperty [bound, value: 720.0]
13:40:07.219 [FXGL Background Thread 3 ] DEBUG Engine               - scaledWidthProp$fxgl: DoubleProperty [bound, value: 1280.0]
13:40:07.219 [FXGL Background Thread 3 ] DEBUG Engine               - sceneFactory: com.almasb.fxgl.app.scene.SceneFactory@7f9d61b1
13:40:07.220 [FXGL Background Thread 3 ] DEBUG Engine               - secondsIn24h: 60
13:40:07.220 [FXGL Background Thread 3 ] DEBUG Engine               - soundMenuBack: menu/back.wav
13:40:07.220 [FXGL Background Thread 3 ] DEBUG Engine               - soundMenuPress: menu/press.wav
13:40:07.220 [FXGL Background Thread 3 ] DEBUG Engine               - soundMenuSelect: menu/select.wav
13:40:07.220 [FXGL Background Thread 3 ] DEBUG Engine               - soundNotification: core/notification.wav
13:40:07.221 [FXGL Background Thread 3 ] DEBUG Engine               - stageStyle: DECORATED
13:40:07.221 [FXGL Background Thread 3 ] DEBUG Engine               - supportedLanguages: [ENGLISH, FRENCH, GERMAN, HUNGARIAN, RUSSIAN]
13:40:07.221 [FXGL Background Thread 3 ] DEBUG Engine               - ticksPerSecond: -1
13:40:07.221 [FXGL Background Thread 3 ] DEBUG Engine               - title: Basic Game App
13:40:07.221 [FXGL Background Thread 3 ] DEBUG Engine               - urlGithub: https://github.com/AlmasB/FXGL
13:40:07.221 [FXGL Background Thread 3 ] DEBUG Engine               - urlLeaderboard: http://fxgl-top.herokuapp.com/
13:40:07.222 [FXGL Background Thread 3 ] DEBUG Engine               - urlPOM: https://raw.githubusercontent.com/AlmasB/FXGL/release/README.md
13:40:07.222 [FXGL Background Thread 3 ] DEBUG Engine               - userAppClass: class com.lucenstuff.fxglgames.suikagame.SuikaGame
13:40:07.222 [FXGL Background Thread 3 ] DEBUG Engine               - version: 0.1
13:40:07.223 [FXGL Background Thread 3 ] DEBUG Engine               - versionCheckDays: 7
13:40:07.223 [FXGL Background Thread 3 ] DEBUG Engine               - width: 1280
13:40:07.223 [FXGL Background Thread 3 ] DEBUG Engine               - Logging services
13:40:07.223 [FXGL Background Thread 3 ] DEBUG Engine               - class com.almasb.fxgl.app.services.FXGLAssetLoaderService
13:40:07.224 [FXGL Background Thread 3 ] DEBUG Engine               - class com.almasb.fxgl.app.FXGLApplication$GameApplicationService
13:40:07.224 [FXGL Background Thread 3 ] DEBUG Engine               - class com.almasb.fxgl.app.services.FXGLDialogService
13:40:07.224 [FXGL Background Thread 3 ] DEBUG Engine               - class com.almasb.fxgl.app.services.IOTaskExecutorService
13:40:07.224 [FXGL Background Thread 3 ] DEBUG Engine               - class com.almasb.fxgl.io.FileSystemService
13:40:07.224 [FXGL Background Thread 3 ] DEBUG Engine               - class com.almasb.fxgl.localization.LocalizationService
13:40:07.224 [FXGL Background Thread 3 ] DEBUG Engine               - class com.almasb.fxgl.app.services.SystemBundleService
13:40:07.224 [FXGL Background Thread 3 ] DEBUG Engine               - class com.almasb.fxgl.profile.SaveLoadService
13:40:07.224 [FXGL Background Thread 3 ] DEBUG Engine               - class com.almasb.fxgl.ui.FXGLUIFactoryServiceProvider
13:40:07.224 [FXGL Background Thread 3 ] DEBUG Engine               - class com.almasb.fxgl.ui.FXGLDialogFactoryServiceProvider
13:40:07.224 [FXGL Background Thread 3 ] DEBUG Engine               - class com.almasb.fxgl.audio.AudioPlayer
13:40:07.225 [FXGL Background Thread 3 ] DEBUG Engine               - class com.almasb.fxgl.notification.impl.NotificationServiceProvider
13:40:07.225 [FXGL Background Thread 3 ] DEBUG Engine               - class com.almasb.fxgl.achievement.AchievementService
13:40:07.225 [FXGL Background Thread 3 ] DEBUG Engine               - class com.almasb.fxgl.cutscene.CutsceneService
13:40:07.225 [FXGL Background Thread 3 ] DEBUG Engine               - class com.almasb.fxgl.minigames.MiniGameService
13:40:07.225 [FXGL Background Thread 3 ] DEBUG Engine               - class com.almasb.fxgl.net.NetService
13:40:07.225 [FXGL Background Thread 3 ] DEBUG Engine               - class com.almasb.fxgl.app.services.UpdaterService
13:40:07.225 [FXGL Background Thread 3 ] DEBUG Engine               - class com.almasb.fxgl.dev.DevService
13:40:08.226 [JavaFX Application Thread] DEBUG FXGLApplication      - Exiting FXGL
13:40:08.227 [JavaFX Application Thread] DEBUG LoopRunner           - Stopping loop
13:40:08.227 [JavaFX Application Thread] DEBUG SystemBundleService  - Saving FXGL system data
13:40:08.228 [JavaFX Application Thread] DEBUG FileSystemAccess     - Writing to: D:\Programación\JAVA\SuikaGame\system\fxgl.bundle
13:40:08.230 [JavaFX Application Thread] DEBUG Async                - Shutting down background threads
13:40:08.231 [JavaFX Application Thread] DEBUG PrimaryStageWindow   - Closing main window
13:40:08.259 [JavaFX Application Thread] DEBUG Logger               - Closing Logger
