17:00:03.388 [main                     ] DEBUG Logger               - Configured Logger
17:00:03.406 [main                     ] DEBUG GameApplication      - Logging settings
Title: Suika FXGL
Version: 0.1
Width: 1280
Height: 720
Fullscreen: false
Intro: false
Profiling: false
Single step:false
App Mode: DEVELOPER
Menu Key: ESCAPE
Stage Style: DECORATED
Scene Factory: class com.almasb.fxgl.app.scene.SceneFactory

17:00:03.802 [JavaFX Application Thread] DEBUG FXGLApplication      - Initializing FXGL
17:00:03.805 [JavaFX Application Thread] INFO  Engine               - FXGL-21 (28.12.2023 13.35) on WINDOWS (J:21.0.2 FX:21.0.1)
17:00:03.806 [JavaFX Application Thread] DEBUG Engine               - JRE Vendor Name: Oracle Corporation
17:00:03.806 [JavaFX Application Thread] DEBUG Engine               - Running on OS: Windows 10 version 10.0
17:00:03.806 [JavaFX Application Thread] DEBUG Engine               - Architecture: amd64
17:00:03.806 [JavaFX Application Thread] INFO  Engine               - Source code and latest versions at: https://github.com/AlmasB/FXGL
17:00:03.806 [JavaFX Application Thread] INFO  Engine               -       Ask questions and discuss at: https://github.com/AlmasB/FXGL/discussions
17:00:03.806 [JavaFX Application Thread] INFO  Engine               -              Join the FXGL chat at: https://gitter.im/AlmasB/FXGL
17:00:03.891 [JavaFX Application Thread] DEBUG PrimaryStageWindow   - Creating a JavaFX scene
17:00:03.929 [JavaFX Application Thread] DEBUG PrimaryStageWindow   - Target settings size: 1280.0 x 720.0
17:00:03.929 [JavaFX Application Thread] DEBUG PrimaryStageWindow   - Scaled scene size:    1280.0 x 720.0
17:00:03.929 [JavaFX Application Thread] DEBUG PrimaryStageWindow   - Scaled ratio: (1.0, 1.0)
17:00:03.930 [JavaFX Application Thread] DEBUG PrimaryStageWindow   - Set initial scene to FXGLStartupScene
17:00:03.932 [JavaFX Application Thread] DEBUG PrimaryStageWindow   - Opening main window
17:00:04.000 [JavaFX Application Thread] DEBUG PrimaryStageWindow   - Window border size: (16.0, 39.0)
17:00:04.000 [JavaFX Application Thread] DEBUG PrimaryStageWindow   - Scaled size: 1280.0 x 720.0
17:00:04.001 [JavaFX Application Thread] DEBUG PrimaryStageWindow   - Scaled ratio: (1.0, 1.0)
17:00:04.001 [JavaFX Application Thread] DEBUG PrimaryStageWindow   - Scene size: 1280.0 x 720.0
17:00:04.001 [JavaFX Application Thread] DEBUG PrimaryStageWindow   - Stage size: 1296.0 x 759.0
17:00:04.006 [FXGL Background Thread 1 ] DEBUG Engine               - Initializing environment variables
17:00:04.047 [FXGL Background Thread 1 ] DEBUG FXGLAssetLoaderServi - User app class for loading assets: class com.lucenstuff.fxglgames.suikagame.SuikaGame
17:00:04.047 [FXGL Background Thread 1 ] DEBUG GameApplicationServi - Applying CSS: fxgl_dark.css
17:00:04.048 [FXGL Background Thread 1 ] DEBUG FXGLAssetLoaderServi - Loading from file system: jar:file:/C:/Users/Fabrizio/.m2/repository/com/github/almasb/fxgl/21/fxgl-21.jar!/fxglassets/ui/css/fxgl_dark.css
17:00:04.083 [FXGL Background Thread 1 ] DEBUG GameApplicationServi - Initializing application scenes
17:00:04.109 [FXGL Background Thread 1 ] DEBUG GameWorld            - Game world initialized
17:00:04.161 [FXGL Background Thread 1 ] DEBUG PhysicsWorld         - Physics world initialized: appHeight=720, physics.ppm=50,0
17:00:04.161 [FXGL Background Thread 1 ] DEBUG PhysicsWorld         - Using strategy: BRUTE_FORCE
17:00:04.165 [FXGL Background Thread 1 ] DEBUG GameScene            - Game scene initialized: 1280x720
17:00:04.178 [FXGL Background Thread 1 ] DEBUG FXGL.DefaultMenu     - createMenuBodyGameMenu()
17:00:04.191 [FXGL Background Thread 1 ] DEBUG FXGL.DefaultMenu     - createOptionsMenu()
17:00:04.198 [FXGL Background Thread 1 ] DEBUG FXGLAssetLoaderServi - Loading from file system: jar:file:/C:/Users/Fabrizio/.m2/repository/com/github/almasb/fxgl/21/fxgl-21.jar!/fxglassets/textures/particles/smoke.png
17:00:04.287 [FXGL Background Thread 1 ] DEBUG FXGLAssetLoaderServi - Loading from file system: jar:file:/C:/Users/Fabrizio/.m2/repository/com/github/almasb/fxgl/21/fxgl-21.jar!/fxglassets/textures/particles/trace_horizontal.png
17:00:04.320 [FXGL Background Thread 1 ] DEBUG GameApplicationServi - Application scenes initialized
17:00:04.329 [FXGL Background Thread 1 ] DEBUG SystemBundleService  - Loading FXGL system data
17:00:04.331 [FXGL Background Thread 1 ] DEBUG FileSystemAccess     - Reading from: D:\Intellij\Project\system\fxgl.bundle
17:00:04.338 [FXGL Background Thread 1 ] DEBUG SystemBundleService  - Bundle FXGL: {}
17:00:04.338 [FXGL Background Thread 1 ] DEBUG UpdaterService       - Checking for updates
17:00:04.357 [FXGL Background Thread 4 ] DEBUG FXGLApplication      - Loading fonts
17:00:04.358 [FXGL Background Thread 1 ] DEBUG FXGLApplication      - Loading default localization
17:00:04.358 [FXGL Background Thread 4 ] DEBUG FXGLAssetLoaderServi - Loading from file system: jar:file:/C:/Users/Fabrizio/.m2/repository/com/github/almasb/fxgl/21/fxgl-21.jar!/fxglassets/ui/fonts/VarelaRound-Regular.ttf
17:00:04.358 [FXGL Background Thread 1 ] DEBUG FXGLAssetLoaderServi - Loading from file system: jar:file:/C:/Users/Fabrizio/.m2/repository/com/github/almasb/fxgl/21/fxgl-21.jar!/fxglassets/languages/english.lang
17:00:04.369 [FXGL Background Thread 1 ] INFO  FXGLApplication      - FXGL initialization took: 0,363 sec
17:00:04.370 [JavaFX Application Thread] DEBUG FXGLAssetLoaderServi - Loading from file system: file:/D:/Intellij/Project/target/classes/assets/textures/watermelon_view.png
17:00:04.380 [FXGL Background Thread 4 ] DEBUG FXGLAssetLoaderServi - Loading from file system: jar:file:/C:/Users/Fabrizio/.m2/repository/com/github/almasb/fxgl/21/fxgl-21.jar!/fxglassets/ui/fonts/Abel-Regular.ttf
17:00:04.386 [JavaFX Application Thread] DEBUG FXGLAssetLoaderServi - Loading from file system: jar:file:/C:/Users/Fabrizio/.m2/repository/com/github/almasb/fxgl/21/fxgl-21.jar!/fxglassets/textures/fxgl_default_cursor.png
17:00:04.388 [FXGL Background Thread 4 ] DEBUG FXGLAssetLoaderServi - Loading from file system: jar:file:/C:/Users/Fabrizio/.m2/repository/com/github/almasb/fxgl/21/fxgl-21.jar!/fxglassets/ui/fonts/TerminalLandMono-Regular.otf
17:00:04.394 [JavaFX Application Thread] DEBUG Input                - Registered new binding: Screenshot - CTRL+8
17:00:04.395 [JavaFX Application Thread] DEBUG Input                - Registered new binding: Dev Options - 1
17:00:04.395 [JavaFX Application Thread] DEBUG Input                - Registered new binding: Dev Console - 2
17:00:04.395 [JavaFX Application Thread] DEBUG Input                - Registered new binding: System info dump - CTRL+9
17:00:04.396 [JavaFX Application Thread] DEBUG Input                - Registered new binding: Restart - CTRL+R
17:00:04.396 [FXGL Background Thread 4 ] DEBUG FXGLAssetLoaderServi - Loading from file system: jar:file:/C:/Users/Fabrizio/.m2/repository/com/github/almasb/fxgl/21/fxgl-21.jar!/fxglassets/ui/fonts/Courier-Prime.ttf
17:00:04.396 [JavaFX Application Thread] DEBUG Input                - Registered new binding: Toggle Debug Camera - CTRL+7
17:00:04.399 [JavaFX Application Thread] DEBUG LoopRunner           - Starting loop
17:00:04.411 [JavaFX Application Thread] DEBUG LoopRunner           - Initializing JavaFX AnimationTimerLoop
17:00:04.412 [JavaFX Application Thread] DEBUG GameApplicationServi - Starting new game
17:00:04.413 [JavaFX Application Thread] DEBUG Input                - Clearing active input actions
17:00:04.422 [JavaFX Application Thread] DEBUG GameApplicationServi - Removing overlay from FXGLStartupScene and adding to FXGLLoadingScene
17:00:04.425 [JavaFX Application Thread] DEBUG PrimaryStageWindow   - FXGLStartupScene -> FXGLLoadingScene
17:00:04.425 [JavaFX Application Thread] DEBUG GameApplicationServi - Clearing previous game
17:00:04.426 [JavaFX Application Thread] DEBUG GameScene            - Clearing game scene
17:00:04.426 [JavaFX Application Thread] DEBUG GameWorld            - Clearing game world
17:00:04.426 [JavaFX Application Thread] DEBUG PhysicsWorld         - Clearing physics world
17:00:04.427 [FXGL Background Thread 4 ] DEBUG FXGLApplication      - Initializing game
17:00:04.427 [JavaFX Application Thread] DEBUG FXGLApplication      - Registering font factories with UI factory
17:00:04.431 [FXGL Background Thread 4 ] DEBUG FXGLAssetLoaderServi - Loading from file system: file:/D:/Intellij/Project/target/classes/assets/textures/background_view.png
17:00:04.462 [FXGL Background Thread 4 ] DEBUG FXGLAssetLoaderServi - Loading from file system: file:/D:/Intellij/Project/target/classes/assets/textures/container_view.png
17:00:04.486 [FXGL Background Thread 4 ] DEBUG FXGLAssetLoaderServi - Loading from file system: file:/D:/Intellij/Project/target/classes/assets/textures/ring_view.png
17:00:04.490 [FXGL Background Thread 4 ] DEBUG FXGLAssetLoaderServi - Loading from file system: file:/D:/Intellij/Project/target/classes/assets/textures/next_fruit_view.png
17:00:04.493 [FXGL Background Thread 4 ] DEBUG FXGLAssetLoaderServi - Loading from file system: file:/D:/Intellij/Project/target/classes/assets/textures/score_view.png
17:00:04.495 [FXGL Background Thread 4 ] INFO  FXGLApplication      - Game initialization took: 0,068 sec
17:00:04.584 [JavaFX Application Thread] DEBUG Input                - Clearing active input actions
17:00:04.593 [JavaFX Application Thread] DEBUG GameApplicationServi - Removing overlay from FXGLLoadingScene and adding to GameScene
17:00:04.598 [JavaFX Application Thread] DEBUG PrimaryStageWindow   - FXGLLoadingScene -> GameScene
17:00:06.271 [JavaFX Application Thread] DEBUG FXGLAssetLoaderServi - Loading from file system: file:/D:/Intellij/Project/target/classes/assets/textures/orange_view.png
17:00:06.272 [JavaFX Application Thread] DEBUG LoopRunner           - Stopping loop
17:00:06.274 [JavaFX Application Thread] FATAL FXGLApplication      - Uncaught Exception:
java.lang.NullPointerException: Cannot invoke "javafx.scene.image.ImageView.setImage(javafx.scene.image.Image)" because "this.currentFruitImageView" is null
	at com.lucenstuff.fxglgames.suikagame.SuikaGame.updateCurrentFruitImageView(SuikaGame.java:242)
	at com.lucenstuff.fxglgames.suikagame.SuikaGame.spawnFruitAt(SuikaGame.java:204)
	at com.lucenstuff.fxglgames.suikagame.SuikaGame.lambda$initGame$1(SuikaGame.java:168)
	at com.almasb.fxgl.input.Input.fire(Input.kt:259)
	at com.almasb.fxgl.input.Input.fireEventViaHandlers(Input.kt:241)
	at com.almasb.fxgl.app.PrimaryStageWindow$4$1.invoke(MainWindow.kt:330)
	at com.almasb.fxgl.app.PrimaryStageWindow$4$1.invoke(MainWindow.kt:330)
	at com.almasb.fxgl.core.fsm.StateMachine.runOnActiveStates(StateMachine.kt:69)
	at com.almasb.fxgl.app.PrimaryStageWindow$4.invoke(MainWindow.kt:330)
	at com.almasb.fxgl.app.PrimaryStageWindow$4.invoke(MainWindow.kt:323)
	at com.almasb.fxgl.app.MainWindow.addGlobalHandler$lambda$4(MainWindow.kt:251)
	at com.sun.javafx.event.CompositeEventHandler$NormalEventHandlerRecord.handleBubblingEvent(CompositeEventHandler.java:247)
	at com.sun.javafx.event.CompositeEventHandler.dispatchBubblingEvent(CompositeEventHandler.java:80)
	at com.sun.javafx.event.EventHandlerManager.dispatchBubblingEvent(EventHandlerManager.java:232)
	at com.sun.javafx.event.EventHandlerManager.dispatchBubblingEvent(EventHandlerManager.java:189)
	at com.sun.javafx.event.CompositeEventDispatcher.dispatchBubblingEvent(CompositeEventDispatcher.java:59)
	at com.sun.javafx.event.BasicEventDispatcher.dispatchEvent(BasicEventDispatcher.java:58)
	at com.sun.javafx.event.EventDispatchChainImpl.dispatchEvent(EventDispatchChainImpl.java:114)
	at com.sun.javafx.event.BasicEventDispatcher.dispatchEvent(BasicEventDispatcher.java:56)
	at com.sun.javafx.event.EventDispatchChainImpl.dispatchEvent(EventDispatchChainImpl.java:114)
	at com.sun.javafx.event.EventUtil.fireEventImpl(EventUtil.java:74)
	at com.sun.javafx.event.EventUtil.fireEvent(EventUtil.java:54)
	at javafx.event.Event.fireEvent(Event.java:198)
	at javafx.scene.Scene$ClickGenerator.postProcess(Scene.java:3688)
	at javafx.scene.Scene$MouseHandler.process(Scene.java:3993)
	at javafx.scene.Scene.processMouseEvent(Scene.java:1890)
	at javafx.scene.Scene$ScenePeerListener.mouseEvent(Scene.java:2708)
	at com.sun.javafx.tk.quantum.GlassViewEventHandler$MouseEventNotification.run(GlassViewEventHandler.java:411)
	at com.sun.javafx.tk.quantum.GlassViewEventHandler$MouseEventNotification.run(GlassViewEventHandler.java:301)
	at java.base/java.security.AccessController.doPrivileged(AccessController.java:400)
	at com.sun.javafx.tk.quantum.GlassViewEventHandler.lambda$handleMouseEvent$2(GlassViewEventHandler.java:450)
	at com.sun.javafx.tk.quantum.QuantumToolkit.runWithoutRenderLock(QuantumToolkit.java:424)
	at com.sun.javafx.tk.quantum.GlassViewEventHandler.handleMouseEvent(GlassViewEventHandler.java:449)
	at com.sun.glass.ui.View.handleMouseEvent(View.java:551)
	at com.sun.glass.ui.View.notifyMouse(View.java:937)
	at com.sun.glass.ui.win.WinApplication._runLoop(Native Method)
	at com.sun.glass.ui.win.WinApplication.lambda$runLoop$3(WinApplication.java:185)
	at java.base/java.lang.Thread.run(Thread.java:1583)

17:00:06.274 [JavaFX Application Thread] FATAL FXGLApplication      - Application will now exit
17:00:06.278 [JavaFX Application Thread] DEBUG PrimaryStageWindow   - Push state: ErrorSubScene
17:00:06.278 [JavaFX Application Thread] DEBUG Input                - Clearing active input actions
17:00:06.279 [JavaFX Application Thread] DEBUG GameApplicationServi - Removing overlay from GameScene and adding to ErrorSubScene
17:00:06.280 [JavaFX Application Thread] DEBUG PrimaryStageWindow   - GameScene -> ErrorSubScene
17:00:07.357 [FXGL Background Thread 3 ] DEBUG Engine               - Logging environment variables
17:00:07.357 [FXGL Background Thread 3 ] DEBUG Engine               - achievements: []
17:00:07.357 [FXGL Background Thread 3 ] DEBUG Engine               - actualHeight: 720.0
17:00:07.357 [FXGL Background Thread 3 ] DEBUG Engine               - actualHeightProperty: ReadOnlyDoubleProperty [value: 720.0]
17:00:07.357 [FXGL Background Thread 3 ] DEBUG Engine               - actualWidth: 1280.0
17:00:07.357 [FXGL Background Thread 3 ] DEBUG Engine               - actualWidthProperty: ReadOnlyDoubleProperty [value: 1280.0]
17:00:07.358 [FXGL Background Thread 3 ] DEBUG Engine               - appIcon: watermelon_view.png
17:00:07.358 [FXGL Background Thread 3 ] DEBUG Engine               - applicationMode: DEVELOPER
17:00:07.358 [FXGL Background Thread 3 ] DEBUG Engine               - cSSList: [fxgl_dark.css]
17:00:07.358 [FXGL Background Thread 3 ] DEBUG Engine               - collisionDetectionStrategy: BRUTE_FORCE
17:00:07.358 [FXGL Background Thread 3 ] DEBUG Engine               - configClass: Optional.empty
17:00:07.358 [FXGL Background Thread 3 ] DEBUG Engine               - credits: []
17:00:07.358 [FXGL Background Thread 3 ] DEBUG Engine               - defaultCursor: CursorInfo(imageName=fxgl_default_cursor.png, hotspotX=7.0, hotspotY=6.0)
17:00:07.358 [FXGL Background Thread 3 ] DEBUG Engine               - devBBoxColorProperty: ObjectProperty [value: 0xff0000ff]
17:00:07.358 [FXGL Background Thread 3 ] DEBUG Engine               - devEnableDebugCameraProperty: BooleanProperty [value: false]
17:00:07.358 [FXGL Background Thread 3 ] DEBUG Engine               - devSensorColorProperty: ObjectProperty [value: 0xffff00ff]
17:00:07.358 [FXGL Background Thread 3 ] DEBUG Engine               - devShowBBoxProperty: BooleanProperty [value: false]
17:00:07.358 [FXGL Background Thread 3 ] DEBUG Engine               - devShowPositionProperty: BooleanProperty [value: false]
17:00:07.358 [FXGL Background Thread 3 ] DEBUG Engine               - enabledMenuItems: []
17:00:07.359 [FXGL Background Thread 3 ] DEBUG Engine               - engineServices: [class com.almasb.fxgl.app.services.FXGLAssetLoaderService, class com.almasb.fxgl.app.FXGLApplication$GameApplicationService, class com.almasb.fxgl.app.services.FXGLDialogService, class com.almasb.fxgl.app.services.IOTaskExecutorService, class com.almasb.fxgl.io.FileSystemService, class com.almasb.fxgl.localization.LocalizationService, class com.almasb.fxgl.app.services.SystemBundleService, class com.almasb.fxgl.profile.SaveLoadService, class com.almasb.fxgl.ui.FXGLUIFactoryServiceProvider, class com.almasb.fxgl.ui.FXGLDialogFactoryServiceProvider, class com.almasb.fxgl.audio.AudioPlayer, class com.almasb.fxgl.notification.impl.NotificationServiceProvider, class com.almasb.fxgl.achievement.AchievementService, class com.almasb.fxgl.cutscene.CutsceneService, class com.almasb.fxgl.minigames.MiniGameService, class com.almasb.fxgl.net.NetService, class com.almasb.fxgl.app.services.UpdaterService, class com.almasb.fxgl.dev.DevService]
17:00:07.359 [FXGL Background Thread 3 ] DEBUG Engine               - fontGame: Abel-Regular.ttf
17:00:07.359 [FXGL Background Thread 3 ] DEBUG Engine               - fontMono: TerminalLandMono-Regular.otf
17:00:07.359 [FXGL Background Thread 3 ] DEBUG Engine               - fontSizeScaleUI: 1.0
17:00:07.359 [FXGL Background Thread 3 ] DEBUG Engine               - fontText: Courier-Prime.ttf
17:00:07.359 [FXGL Background Thread 3 ] DEBUG Engine               - fontUI: VarelaRound-Regular.ttf
17:00:07.359 [FXGL Background Thread 3 ] DEBUG Engine               - fullScreen: BooleanProperty [value: false]
17:00:07.359 [FXGL Background Thread 3 ] DEBUG Engine               - gameDifficulty: MEDIUM
17:00:07.359 [FXGL Background Thread 3 ] DEBUG Engine               - gameDifficultyProperty: ObjectProperty [value: MEDIUM]
17:00:07.359 [FXGL Background Thread 3 ] DEBUG Engine               - globalMusicVolume: 0.5
17:00:07.359 [FXGL Background Thread 3 ] DEBUG Engine               - globalMusicVolumeProperty: DoubleProperty [value: 0.5]
17:00:07.359 [FXGL Background Thread 3 ] DEBUG Engine               - globalSoundVolume: 0.5
17:00:07.359 [FXGL Background Thread 3 ] DEBUG Engine               - globalSoundVolumeProperty: DoubleProperty [value: 0.5]
17:00:07.359 [FXGL Background Thread 3 ] DEBUG Engine               - height: 720
17:00:07.359 [FXGL Background Thread 3 ] DEBUG Engine               - is3D: false
17:00:07.359 [FXGL Background Thread 3 ] DEBUG Engine               - isAndroid: false
17:00:07.359 [FXGL Background Thread 3 ] DEBUG Engine               - isBrowser: false
17:00:07.359 [FXGL Background Thread 3 ] DEBUG Engine               - isClickFeedbackEnabled: false
17:00:07.360 [FXGL Background Thread 3 ] DEBUG Engine               - isCloseConfirmation: false
17:00:07.360 [FXGL Background Thread 3 ] DEBUG Engine               - isDesktop: true
17:00:07.360 [FXGL Background Thread 3 ] DEBUG Engine               - isDeveloperMenuEnabled: true
17:00:07.360 [FXGL Background Thread 3 ] DEBUG Engine               - isEmbedded: false
17:00:07.360 [FXGL Background Thread 3 ] DEBUG Engine               - isEntityPreloadEnabled: true
17:00:07.360 [FXGL Background Thread 3 ] DEBUG Engine               - isExperimentalTiledLargeMap: false
17:00:07.360 [FXGL Background Thread 3 ] DEBUG Engine               - isFileSystemWriteAllowed: true
17:00:07.360 [FXGL Background Thread 3 ] DEBUG Engine               - isFullScreenAllowed: false
17:00:07.360 [FXGL Background Thread 3 ] DEBUG Engine               - isFullScreenFromStart: false
17:00:07.360 [FXGL Background Thread 3 ] DEBUG Engine               - isGameMenuEnabled: true
17:00:07.360 [FXGL Background Thread 3 ] DEBUG Engine               - isIOS: false
17:00:07.360 [FXGL Background Thread 3 ] DEBUG Engine               - isIntroEnabled: false
17:00:07.360 [FXGL Background Thread 3 ] DEBUG Engine               - isLinux: false
17:00:07.360 [FXGL Background Thread 3 ] DEBUG Engine               - isMac: false
17:00:07.360 [FXGL Background Thread 3 ] DEBUG Engine               - isMainMenuEnabled: false
17:00:07.360 [FXGL Background Thread 3 ] DEBUG Engine               - isManualResizeEnabled: false
17:00:07.360 [FXGL Background Thread 3 ] DEBUG Engine               - isMobile: false
17:00:07.360 [FXGL Background Thread 3 ] DEBUG Engine               - isNative: false
17:00:07.360 [FXGL Background Thread 3 ] DEBUG Engine               - isPauseMusicWhenMinimized: true
17:00:07.361 [FXGL Background Thread 3 ] DEBUG Engine               - isPreserveResizeRatio: false
17:00:07.361 [FXGL Background Thread 3 ] DEBUG Engine               - isProfilingEnabled: false
17:00:07.361 [FXGL Background Thread 3 ] DEBUG Engine               - isScaleAffectedOnResize: true
17:00:07.361 [FXGL Background Thread 3 ] DEBUG Engine               - isSingleStep: false
17:00:07.361 [FXGL Background Thread 3 ] DEBUG Engine               - isUserProfileEnabled: false
17:00:07.361 [FXGL Background Thread 3 ] DEBUG Engine               - isWindows: true
17:00:07.361 [FXGL Background Thread 3 ] DEBUG Engine               - language: ObjectProperty [value: ENGLISH]
17:00:07.361 [FXGL Background Thread 3 ] DEBUG Engine               - menuKey: ESCAPE
17:00:07.361 [FXGL Background Thread 3 ] DEBUG Engine               - mouseSensitivity: 0.2
17:00:07.361 [FXGL Background Thread 3 ] DEBUG Engine               - notificationViewClass: class com.almasb.fxgl.notification.view.XboxNotificationView
17:00:07.361 [FXGL Background Thread 3 ] DEBUG Engine               - pixelsPerMeter: 50.0
17:00:07.361 [FXGL Background Thread 3 ] DEBUG Engine               - platform: WINDOWS
17:00:07.361 [FXGL Background Thread 3 ] DEBUG Engine               - prefHeightProperty: ReadOnlyDoubleProperty [value: 720.0]
17:00:07.361 [FXGL Background Thread 3 ] DEBUG Engine               - prefWidthProperty: ReadOnlyDoubleProperty [value: 1280.0]
17:00:07.361 [FXGL Background Thread 3 ] DEBUG Engine               - profileDir: profiles/
17:00:07.361 [FXGL Background Thread 3 ] DEBUG Engine               - profileName: StringProperty [value: DEFAULT]
17:00:07.361 [FXGL Background Thread 3 ] DEBUG Engine               - randomSeed: -1
17:00:07.361 [FXGL Background Thread 3 ] DEBUG Engine               - runtimeInfo: RuntimeInfo(platform=WINDOWS, version=21, build=28.12.2023 13.35)
17:00:07.362 [FXGL Background Thread 3 ] DEBUG Engine               - saveFileExt: sav
17:00:07.362 [FXGL Background Thread 3 ] DEBUG Engine               - scaledHeightProp$fxgl: DoubleProperty [bound, value: 720.0]
17:00:07.362 [FXGL Background Thread 3 ] DEBUG Engine               - scaledWidthProp$fxgl: DoubleProperty [bound, value: 1280.0]
17:00:07.362 [FXGL Background Thread 3 ] DEBUG Engine               - sceneFactory: com.almasb.fxgl.app.scene.SceneFactory@29ca0fc8
17:00:07.362 [FXGL Background Thread 3 ] DEBUG Engine               - secondsIn24h: 60
17:00:07.362 [FXGL Background Thread 3 ] DEBUG Engine               - soundMenuBack: menu/back.wav
17:00:07.362 [FXGL Background Thread 3 ] DEBUG Engine               - soundMenuPress: menu/press.wav
17:00:07.362 [FXGL Background Thread 3 ] DEBUG Engine               - soundMenuSelect: menu/select.wav
17:00:07.362 [FXGL Background Thread 3 ] DEBUG Engine               - soundNotification: core/notification.wav
17:00:07.362 [FXGL Background Thread 3 ] DEBUG Engine               - stageStyle: DECORATED
17:00:07.362 [FXGL Background Thread 3 ] DEBUG Engine               - supportedLanguages: [ENGLISH, FRENCH, GERMAN, HUNGARIAN, RUSSIAN]
17:00:07.362 [FXGL Background Thread 3 ] DEBUG Engine               - ticksPerSecond: -1
17:00:07.362 [FXGL Background Thread 3 ] DEBUG Engine               - title: Suika FXGL
17:00:07.362 [FXGL Background Thread 3 ] DEBUG Engine               - urlGithub: https://github.com/AlmasB/FXGL
17:00:07.362 [FXGL Background Thread 3 ] DEBUG Engine               - urlLeaderboard: http://fxgl-top.herokuapp.com/
17:00:07.362 [FXGL Background Thread 3 ] DEBUG Engine               - urlPOM: https://raw.githubusercontent.com/AlmasB/FXGL/release/README.md
17:00:07.362 [FXGL Background Thread 3 ] DEBUG Engine               - userAppClass: class com.lucenstuff.fxglgames.suikagame.SuikaGame
17:00:07.362 [FXGL Background Thread 3 ] DEBUG Engine               - version: 0.1
17:00:07.362 [FXGL Background Thread 3 ] DEBUG Engine               - versionCheckDays: 7
17:00:07.362 [FXGL Background Thread 3 ] DEBUG Engine               - width: 1280
17:00:07.363 [FXGL Background Thread 3 ] DEBUG Engine               - Logging services
17:00:07.363 [FXGL Background Thread 3 ] DEBUG Engine               - class com.almasb.fxgl.app.services.FXGLAssetLoaderService
17:00:07.363 [FXGL Background Thread 3 ] DEBUG Engine               - class com.almasb.fxgl.app.FXGLApplication$GameApplicationService
17:00:07.363 [FXGL Background Thread 3 ] DEBUG Engine               - class com.almasb.fxgl.app.services.FXGLDialogService
17:00:07.363 [FXGL Background Thread 3 ] DEBUG Engine               - class com.almasb.fxgl.app.services.IOTaskExecutorService
17:00:07.363 [FXGL Background Thread 3 ] DEBUG Engine               - class com.almasb.fxgl.io.FileSystemService
17:00:07.363 [FXGL Background Thread 3 ] DEBUG Engine               - class com.almasb.fxgl.localization.LocalizationService
17:00:07.363 [FXGL Background Thread 3 ] DEBUG Engine               - class com.almasb.fxgl.app.services.SystemBundleService
17:00:07.363 [FXGL Background Thread 3 ] DEBUG Engine               - class com.almasb.fxgl.profile.SaveLoadService
17:00:07.363 [FXGL Background Thread 3 ] DEBUG Engine               - class com.almasb.fxgl.ui.FXGLUIFactoryServiceProvider
17:00:07.363 [FXGL Background Thread 3 ] DEBUG Engine               - class com.almasb.fxgl.ui.FXGLDialogFactoryServiceProvider
17:00:07.363 [FXGL Background Thread 3 ] DEBUG Engine               - class com.almasb.fxgl.audio.AudioPlayer
17:00:07.363 [FXGL Background Thread 3 ] DEBUG Engine               - class com.almasb.fxgl.notification.impl.NotificationServiceProvider
17:00:07.363 [FXGL Background Thread 3 ] DEBUG Engine               - class com.almasb.fxgl.achievement.AchievementService
17:00:07.363 [FXGL Background Thread 3 ] DEBUG Engine               - class com.almasb.fxgl.cutscene.CutsceneService
17:00:07.363 [FXGL Background Thread 3 ] DEBUG Engine               - class com.almasb.fxgl.minigames.MiniGameService
17:00:07.363 [FXGL Background Thread 3 ] DEBUG Engine               - class com.almasb.fxgl.net.NetService
17:00:07.363 [FXGL Background Thread 3 ] DEBUG Engine               - class com.almasb.fxgl.app.services.UpdaterService
17:00:07.363 [FXGL Background Thread 3 ] DEBUG Engine               - class com.almasb.fxgl.dev.DevService
17:00:17.417 [JavaFX Application Thread] DEBUG FXGLApplication      - Exiting FXGL
17:00:17.417 [JavaFX Application Thread] DEBUG Async                - Shutting down background threads
17:00:17.418 [JavaFX Application Thread] DEBUG PrimaryStageWindow   - Closing main window
17:00:17.427 [JavaFX Application Thread] DEBUG Logger               - Closing Logger
