17:04:35.385 [main                     ] DEBUG Logger               - Configured Logger
17:04:35.403 [main                     ] DEBUG GameApplication      - Logging settings
Title: Suika FXGL
Version: 0.1
Width: 1280
Height: 720
Fullscreen: false
Intro: false
Profiling: false
Single step:false
App Mode: DEVELOPER
Menu Key: ESCAPE
Stage Style: DECORATED
Scene Factory: class com.almasb.fxgl.app.scene.SceneFactory

17:04:35.806 [JavaFX Application Thread] DEBUG FXGLApplication      - Initializing FXGL
17:04:35.809 [JavaFX Application Thread] INFO  Engine               - FXGL-21 (28.12.2023 13.35) on WINDOWS (J:21.0.2 FX:21.0.1)
17:04:35.810 [JavaFX Application Thread] DEBUG Engine               - JRE Vendor Name: Oracle Corporation
17:04:35.810 [JavaFX Application Thread] DEBUG Engine               - Running on OS: Windows 10 version 10.0
17:04:35.810 [JavaFX Application Thread] DEBUG Engine               - Architecture: amd64
17:04:35.810 [JavaFX Application Thread] INFO  Engine               - Source code and latest versions at: https://github.com/AlmasB/FXGL
17:04:35.810 [JavaFX Application Thread] INFO  Engine               -       Ask questions and discuss at: https://github.com/AlmasB/FXGL/discussions
17:04:35.810 [JavaFX Application Thread] INFO  Engine               -              Join the FXGL chat at: https://gitter.im/AlmasB/FXGL
17:04:35.896 [JavaFX Application Thread] DEBUG PrimaryStageWindow   - Creating a JavaFX scene
17:04:35.934 [JavaFX Application Thread] DEBUG PrimaryStageWindow   - Target settings size: 1280.0 x 720.0
17:04:35.934 [JavaFX Application Thread] DEBUG PrimaryStageWindow   - Scaled scene size:    1280.0 x 720.0
17:04:35.935 [JavaFX Application Thread] DEBUG PrimaryStageWindow   - Scaled ratio: (1.0, 1.0)
17:04:35.935 [JavaFX Application Thread] DEBUG PrimaryStageWindow   - Set initial scene to FXGLStartupScene
17:04:35.937 [JavaFX Application Thread] DEBUG PrimaryStageWindow   - Opening main window
17:04:36.005 [JavaFX Application Thread] DEBUG PrimaryStageWindow   - Window border size: (16.0, 39.0)
17:04:36.005 [JavaFX Application Thread] DEBUG PrimaryStageWindow   - Scaled size: 1280.0 x 720.0
17:04:36.005 [JavaFX Application Thread] DEBUG PrimaryStageWindow   - Scaled ratio: (1.0, 1.0)
17:04:36.005 [JavaFX Application Thread] DEBUG PrimaryStageWindow   - Scene size: 1280.0 x 720.0
17:04:36.006 [JavaFX Application Thread] DEBUG PrimaryStageWindow   - Stage size: 1296.0 x 759.0
17:04:36.011 [FXGL Background Thread 1 ] DEBUG Engine               - Initializing environment variables
17:04:36.048 [FXGL Background Thread 1 ] DEBUG FXGLAssetLoaderServi - User app class for loading assets: class com.lucenstuff.fxglgames.suikagame.SuikaGame
17:04:36.048 [FXGL Background Thread 1 ] DEBUG GameApplicationServi - Applying CSS: fxgl_dark.css
17:04:36.049 [FXGL Background Thread 1 ] DEBUG FXGLAssetLoaderServi - Loading from file system: jar:file:/C:/Users/Fabrizio/.m2/repository/com/github/almasb/fxgl/21/fxgl-21.jar!/fxglassets/ui/css/fxgl_dark.css
17:04:36.082 [FXGL Background Thread 1 ] DEBUG GameApplicationServi - Initializing application scenes
17:04:36.104 [FXGL Background Thread 1 ] DEBUG GameWorld            - Game world initialized
17:04:36.153 [FXGL Background Thread 1 ] DEBUG PhysicsWorld         - Physics world initialized: appHeight=720, physics.ppm=50,0
17:04:36.153 [FXGL Background Thread 1 ] DEBUG PhysicsWorld         - Using strategy: BRUTE_FORCE
17:04:36.156 [FXGL Background Thread 1 ] DEBUG GameScene            - Game scene initialized: 1280x720
17:04:36.166 [FXGL Background Thread 1 ] DEBUG FXGL.DefaultMenu     - createMenuBodyGameMenu()
17:04:36.178 [FXGL Background Thread 1 ] DEBUG FXGL.DefaultMenu     - createOptionsMenu()
17:04:36.185 [FXGL Background Thread 1 ] DEBUG FXGLAssetLoaderServi - Loading from file system: jar:file:/C:/Users/Fabrizio/.m2/repository/com/github/almasb/fxgl/21/fxgl-21.jar!/fxglassets/textures/particles/smoke.png
17:04:36.264 [FXGL Background Thread 1 ] DEBUG FXGLAssetLoaderServi - Loading from file system: jar:file:/C:/Users/Fabrizio/.m2/repository/com/github/almasb/fxgl/21/fxgl-21.jar!/fxglassets/textures/particles/trace_horizontal.png
17:04:36.288 [FXGL Background Thread 1 ] DEBUG GameApplicationServi - Application scenes initialized
17:04:36.297 [FXGL Background Thread 1 ] DEBUG SystemBundleService  - Loading FXGL system data
17:04:36.300 [FXGL Background Thread 1 ] DEBUG FileSystemAccess     - Reading from: D:\Intellij\Project\system\fxgl.bundle
17:04:36.307 [FXGL Background Thread 1 ] DEBUG SystemBundleService  - Bundle FXGL: {}
17:04:36.307 [FXGL Background Thread 1 ] DEBUG UpdaterService       - Checking for updates
17:04:36.327 [FXGL Background Thread 4 ] DEBUG FXGLApplication      - Loading fonts
17:04:36.328 [FXGL Background Thread 4 ] DEBUG FXGLAssetLoaderServi - Loading from file system: jar:file:/C:/Users/Fabrizio/.m2/repository/com/github/almasb/fxgl/21/fxgl-21.jar!/fxglassets/ui/fonts/VarelaRound-Regular.ttf
17:04:36.328 [FXGL Background Thread 1 ] DEBUG FXGLApplication      - Loading default localization
17:04:36.328 [FXGL Background Thread 1 ] DEBUG FXGLAssetLoaderServi - Loading from file system: jar:file:/C:/Users/Fabrizio/.m2/repository/com/github/almasb/fxgl/21/fxgl-21.jar!/fxglassets/languages/english.lang
17:04:36.340 [FXGL Background Thread 1 ] INFO  FXGLApplication      - FXGL initialization took: 0,330 sec
17:04:36.341 [JavaFX Application Thread] DEBUG FXGLAssetLoaderServi - Loading from file system: file:/D:/Intellij/Project/target/classes/assets/textures/watermelon_view.png
17:04:36.355 [FXGL Background Thread 4 ] DEBUG FXGLAssetLoaderServi - Loading from file system: jar:file:/C:/Users/Fabrizio/.m2/repository/com/github/almasb/fxgl/21/fxgl-21.jar!/fxglassets/ui/fonts/Abel-Regular.ttf
17:04:36.356 [JavaFX Application Thread] DEBUG FXGLAssetLoaderServi - Loading from file system: jar:file:/C:/Users/Fabrizio/.m2/repository/com/github/almasb/fxgl/21/fxgl-21.jar!/fxglassets/textures/fxgl_default_cursor.png
17:04:36.364 [FXGL Background Thread 4 ] DEBUG FXGLAssetLoaderServi - Loading from file system: jar:file:/C:/Users/Fabrizio/.m2/repository/com/github/almasb/fxgl/21/fxgl-21.jar!/fxglassets/ui/fonts/TerminalLandMono-Regular.otf
17:04:36.366 [JavaFX Application Thread] DEBUG Input                - Registered new binding: Screenshot - CTRL+8
17:04:36.366 [JavaFX Application Thread] DEBUG Input                - Registered new binding: Dev Options - 1
17:04:36.366 [JavaFX Application Thread] DEBUG Input                - Registered new binding: Dev Console - 2
17:04:36.367 [JavaFX Application Thread] DEBUG Input                - Registered new binding: System info dump - CTRL+9
17:04:36.367 [JavaFX Application Thread] DEBUG Input                - Registered new binding: Restart - CTRL+R
17:04:36.367 [JavaFX Application Thread] DEBUG Input                - Registered new binding: Toggle Debug Camera - CTRL+7
17:04:36.370 [JavaFX Application Thread] DEBUG LoopRunner           - Starting loop
17:04:36.373 [FXGL Background Thread 4 ] DEBUG FXGLAssetLoaderServi - Loading from file system: jar:file:/C:/Users/Fabrizio/.m2/repository/com/github/almasb/fxgl/21/fxgl-21.jar!/fxglassets/ui/fonts/Courier-Prime.ttf
17:04:36.383 [JavaFX Application Thread] DEBUG LoopRunner           - Initializing JavaFX AnimationTimerLoop
17:04:36.384 [JavaFX Application Thread] DEBUG GameApplicationServi - Starting new game
17:04:36.385 [JavaFX Application Thread] DEBUG Input                - Clearing active input actions
17:04:36.394 [JavaFX Application Thread] DEBUG GameApplicationServi - Removing overlay from FXGLStartupScene and adding to FXGLLoadingScene
17:04:36.397 [JavaFX Application Thread] DEBUG PrimaryStageWindow   - FXGLStartupScene -> FXGLLoadingScene
17:04:36.397 [JavaFX Application Thread] DEBUG GameApplicationServi - Clearing previous game
17:04:36.397 [JavaFX Application Thread] DEBUG GameScene            - Clearing game scene
17:04:36.397 [JavaFX Application Thread] DEBUG GameWorld            - Clearing game world
17:04:36.397 [JavaFX Application Thread] DEBUG PhysicsWorld         - Clearing physics world
17:04:36.398 [FXGL Background Thread 4 ] DEBUG FXGLApplication      - Initializing game
17:04:36.402 [FXGL Background Thread 4 ] DEBUG FXGLAssetLoaderServi - Loading from file system: file:/D:/Intellij/Project/target/classes/assets/textures/background_view.png
17:04:36.433 [FXGL Background Thread 4 ] DEBUG FXGLAssetLoaderServi - Loading from file system: file:/D:/Intellij/Project/target/classes/assets/textures/container_view.png
17:04:36.459 [FXGL Background Thread 4 ] DEBUG FXGLAssetLoaderServi - Loading from file system: file:/D:/Intellij/Project/target/classes/assets/textures/ring_view.png
17:04:36.462 [FXGL Background Thread 4 ] DEBUG FXGLAssetLoaderServi - Loading from file system: file:/D:/Intellij/Project/target/classes/assets/textures/next_fruit_view.png
17:04:36.464 [FXGL Background Thread 4 ] DEBUG FXGLAssetLoaderServi - Loading from file system: file:/D:/Intellij/Project/target/classes/assets/textures/score_view.png
17:04:36.468 [FXGL Background Thread 4 ] DEBUG FXGLAssetLoaderServi - Loading from file system: file:/D:/Intellij/Project/target/classes/assets/textures/apple_view.png
17:04:36.550 [JavaFX Application Thread] DEBUG FXGLApplication      - Registering font factories with UI factory
17:04:36.558 [JavaFX Application Thread] DEBUG LoopRunner           - Stopping loop
17:04:36.559 [JavaFX Application Thread] FATAL FXGLApplication      - Uncaught Exception:
java.lang.RuntimeException: Initialization failed
	at com.almasb.fxgl.app.FXGLApplication$InitAppTask.failed(FXGLApplication.kt:343)
	at javafx.concurrent.Task.setState(Task.java:710)
	at javafx.concurrent.Task$TaskCallable.lambda$call$2(Task.java:1429)
	at com.sun.javafx.application.PlatformImpl.lambda$runLater$10(PlatformImpl.java:456)
	at java.base/java.security.AccessController.doPrivileged(AccessController.java:400)
	at com.sun.javafx.application.PlatformImpl.lambda$runLater$11(PlatformImpl.java:455)
	at com.sun.glass.ui.InvokeLaterDispatcher$Future.run(InvokeLaterDispatcher.java:95)
	at com.sun.glass.ui.win.WinApplication._runLoop(Native Method)
	at com.sun.glass.ui.win.WinApplication.lambda$runLoop$3(WinApplication.java:185)
	at java.base/java.lang.Thread.run(Thread.java:1583)
Caused by: java.lang.NullPointerException: Cannot invoke "javafx.scene.image.ImageView.setImage(javafx.scene.image.Image)" because "this.currentFruitImageView" is null
	at com.lucenstuff.fxglgames.suikagame.SuikaGame.updateCurrentFruitImageView(SuikaGame.java:203)
	at com.lucenstuff.fxglgames.suikagame.SuikaGame.spawnFruitAt(SuikaGame.java:165)
	at com.lucenstuff.fxglgames.suikagame.SuikaGame.initFruits(SuikaGame.java:437)
	at com.lucenstuff.fxglgames.suikagame.SuikaGame.initUI(SuikaGame.java:432)
	at com.almasb.fxgl.app.FXGLApplication$InitAppTask.call(FXGLApplication.kt:321)
	at com.almasb.fxgl.app.FXGLApplication$InitAppTask.call(FXGLApplication.kt:311)
	at javafx.concurrent.Task$TaskCallable.call(Task.java:1399)
	at java.base/java.util.concurrent.FutureTask.run(FutureTask.java:317)
	at java.base/java.util.concurrent.Executors$RunnableAdapter.call(Executors.java:572)
	at java.base/java.util.concurrent.FutureTask.run(FutureTask.java:317)
	at java.base/java.util.concurrent.ThreadPoolExecutor.runWorker(ThreadPoolExecutor.java:1144)
	at java.base/java.util.concurrent.ThreadPoolExecutor$Worker.run(ThreadPoolExecutor.java:642)
	... 1 more

17:04:36.559 [JavaFX Application Thread] FATAL FXGLApplication      - Application will now exit
17:04:36.564 [JavaFX Application Thread] DEBUG PrimaryStageWindow   - Push state: ErrorSubScene
17:04:36.564 [JavaFX Application Thread] DEBUG Input                - Clearing active input actions
17:04:36.565 [JavaFX Application Thread] DEBUG GameApplicationServi - Removing overlay from FXGLLoadingScene and adding to ErrorSubScene
17:04:36.567 [JavaFX Application Thread] DEBUG PrimaryStageWindow   - FXGLLoadingScene -> ErrorSubScene
17:04:38.727 [JavaFX Application Thread] DEBUG FXGLApplication      - Exiting FXGL
17:04:38.727 [JavaFX Application Thread] DEBUG Async                - Shutting down background threads
17:04:38.727 [JavaFX Application Thread] DEBUG PrimaryStageWindow   - Closing main window
17:04:38.734 [JavaFX Application Thread] DEBUG Logger               - Closing Logger
