12:56:01.902 [main                     ] DEBUG Logger               - Configured Logger
12:56:01.930 [main                     ] DEBUG GameApplication      - Logging settings
Title: Basic Game App
Version: 0.1
Width: 1280
Height: 720
Fullscreen: false
Intro: false
Profiling: false
Single step:false
App Mode: DEVELOPER
Menu Key: ESCAPE
Stage Style: DECORATED
Scene Factory: class com.almasb.fxgl.app.scene.SceneFactory

12:56:02.453 [JavaFX Application Thread] DEBUG FXGLApplication      - Initializing FXGL
12:56:02.457 [JavaFX Application Thread] INFO  Engine               - FXGL-21 (28.12.2023 13.35) on WINDOWS (J:21.0.1 FX:21.0.1)
12:56:02.458 [JavaFX Application Thread] DEBUG Engine               - JRE Vendor Name: Oracle Corporation
12:56:02.458 [JavaFX Application Thread] DEBUG Engine               - Running on OS: Windows 11 version 10.0
12:56:02.458 [JavaFX Application Thread] DEBUG Engine               - Architecture: amd64
12:56:02.458 [JavaFX Application Thread] INFO  Engine               - Source code and latest versions at: https://github.com/AlmasB/FXGL
12:56:02.459 [JavaFX Application Thread] INFO  Engine               -       Ask questions and discuss at: https://github.com/AlmasB/FXGL/discussions
12:56:02.459 [JavaFX Application Thread] INFO  Engine               -              Join the FXGL chat at: https://gitter.im/AlmasB/FXGL
12:56:02.587 [JavaFX Application Thread] DEBUG PrimaryStageWindow   - Creating a JavaFX scene
12:56:02.650 [JavaFX Application Thread] DEBUG PrimaryStageWindow   - Target settings size: 1280.0 x 720.0
12:56:02.651 [JavaFX Application Thread] DEBUG PrimaryStageWindow   - Scaled scene size:    1280.0 x 720.0
12:56:02.651 [JavaFX Application Thread] DEBUG PrimaryStageWindow   - Scaled ratio: (1.0, 1.0)
12:56:02.652 [JavaFX Application Thread] DEBUG PrimaryStageWindow   - Set initial scene to FXGLStartupScene
12:56:02.656 [JavaFX Application Thread] DEBUG PrimaryStageWindow   - Opening main window
12:56:02.768 [JavaFX Application Thread] DEBUG PrimaryStageWindow   - Window border size: (16.0, 39.0)
12:56:02.768 [JavaFX Application Thread] DEBUG PrimaryStageWindow   - Scaled size: 1280.0 x 720.0
12:56:02.768 [JavaFX Application Thread] DEBUG PrimaryStageWindow   - Scaled ratio: (1.0, 1.0)
12:56:02.769 [JavaFX Application Thread] DEBUG PrimaryStageWindow   - Scene size: 1280.0 x 720.0
12:56:02.769 [JavaFX Application Thread] DEBUG PrimaryStageWindow   - Stage size: 1296.0 x 759.0
12:56:02.779 [FXGL Background Thread 1 ] DEBUG Engine               - Initializing environment variables
12:56:02.851 [FXGL Background Thread 1 ] DEBUG FXGLAssetLoaderServi - User app class for loading assets: class com.lucenstuff.fxglgames.suikagame.SuikaGame
12:56:02.852 [FXGL Background Thread 1 ] DEBUG GameApplicationServi - Applying CSS: fxgl_dark.css
12:56:02.853 [FXGL Background Thread 1 ] DEBUG FXGLAssetLoaderServi - Loading from file system: jar:file:/C:/Users/agust/.m2/repository/com/github/almasb/fxgl/21/fxgl-21.jar!/fxglassets/ui/css/fxgl_dark.css
12:56:02.909 [FXGL Background Thread 1 ] DEBUG GameApplicationServi - Initializing application scenes
12:56:02.998 [FXGL Background Thread 1 ] DEBUG GameWorld            - Game world initialized
12:56:03.064 [FXGL Background Thread 1 ] DEBUG PhysicsWorld         - Physics world initialized: appHeight=720, physics.ppm=50,0
12:56:03.064 [FXGL Background Thread 1 ] DEBUG PhysicsWorld         - Using strategy: BRUTE_FORCE
12:56:03.068 [FXGL Background Thread 1 ] DEBUG GameScene            - Game scene initialized: 1280x720
12:56:03.082 [FXGL Background Thread 1 ] DEBUG FXGL.DefaultMenu     - createMenuBodyGameMenu()
12:56:03.099 [FXGL Background Thread 1 ] DEBUG FXGL.DefaultMenu     - createOptionsMenu()
12:56:03.111 [FXGL Background Thread 1 ] DEBUG FXGLAssetLoaderServi - Loading from file system: jar:file:/C:/Users/agust/.m2/repository/com/github/almasb/fxgl/21/fxgl-21.jar!/fxglassets/textures/particles/smoke.png
12:56:03.230 [FXGL Background Thread 1 ] DEBUG FXGLAssetLoaderServi - Loading from file system: jar:file:/C:/Users/agust/.m2/repository/com/github/almasb/fxgl/21/fxgl-21.jar!/fxglassets/textures/particles/trace_horizontal.png
12:56:03.263 [FXGL Background Thread 1 ] DEBUG GameApplicationServi - Application scenes initialized
12:56:03.278 [FXGL Background Thread 1 ] DEBUG SystemBundleService  - Loading FXGL system data
12:56:03.283 [FXGL Background Thread 1 ] DEBUG FileSystemAccess     - Reading from: D:\Programación\JAVA\SuikaGame\system\fxgl.bundle
12:56:03.293 [FXGL Background Thread 1 ] DEBUG SystemBundleService  - Bundle FXGL: {}
12:56:03.293 [FXGL Background Thread 1 ] DEBUG UpdaterService       - Checking for updates
12:56:03.332 [FXGL Background Thread 1 ] DEBUG FXGLApplication      - Loading default localization
12:56:03.333 [FXGL Background Thread 1 ] DEBUG FXGLAssetLoaderServi - Loading from file system: jar:file:/C:/Users/agust/.m2/repository/com/github/almasb/fxgl/21/fxgl-21.jar!/fxglassets/languages/english.lang
12:56:03.338 [FXGL Background Thread 4 ] DEBUG FXGLApplication      - Loading fonts
12:56:03.339 [FXGL Background Thread 4 ] DEBUG FXGLAssetLoaderServi - Loading from file system: jar:file:/C:/Users/agust/.m2/repository/com/github/almasb/fxgl/21/fxgl-21.jar!/fxglassets/ui/fonts/VarelaRound-Regular.ttf
12:56:03.374 [FXGL Background Thread 1 ] INFO  FXGLApplication      - FXGL initialization took: 0,595 sec
12:56:03.375 [JavaFX Application Thread] DEBUG FXGLAssetLoaderServi - Loading from file system: jar:file:/C:/Users/agust/.m2/repository/com/github/almasb/fxgl/21/fxgl-21.jar!/fxglassets/textures/fxgl_icon.png
12:56:03.395 [JavaFX Application Thread] DEBUG FXGLAssetLoaderServi - Loading from file system: jar:file:/C:/Users/agust/.m2/repository/com/github/almasb/fxgl/21/fxgl-21.jar!/fxglassets/textures/fxgl_default_cursor.png
12:56:03.407 [JavaFX Application Thread] DEBUG Input                - Registered new binding: Screenshot - CTRL+8
12:56:03.408 [JavaFX Application Thread] DEBUG Input                - Registered new binding: Dev Options - 1
12:56:03.408 [JavaFX Application Thread] DEBUG Input                - Registered new binding: Dev Console - 2
12:56:03.409 [JavaFX Application Thread] DEBUG Input                - Registered new binding: System info dump - CTRL+9
12:56:03.410 [JavaFX Application Thread] DEBUG Input                - Registered new binding: Restart - CTRL+R
12:56:03.411 [JavaFX Application Thread] DEBUG Input                - Registered new binding: Toggle Debug Camera - CTRL+7
12:56:03.415 [JavaFX Application Thread] DEBUG LoopRunner           - Starting loop
12:56:03.435 [FXGL Background Thread 4 ] DEBUG FXGLAssetLoaderServi - Loading from file system: jar:file:/C:/Users/agust/.m2/repository/com/github/almasb/fxgl/21/fxgl-21.jar!/fxglassets/ui/fonts/Abel-Regular.ttf
12:56:03.439 [JavaFX Application Thread] DEBUG LoopRunner           - Initializing JavaFX AnimationTimerLoop
12:56:03.441 [JavaFX Application Thread] DEBUG GameApplicationServi - Starting new game
12:56:03.441 [JavaFX Application Thread] DEBUG Input                - Clearing active input actions
12:56:03.455 [JavaFX Application Thread] DEBUG GameApplicationServi - Removing overlay from FXGLStartupScene and adding to FXGLLoadingScene
12:56:03.459 [JavaFX Application Thread] DEBUG PrimaryStageWindow   - FXGLStartupScene -> FXGLLoadingScene
12:56:03.459 [JavaFX Application Thread] DEBUG GameApplicationServi - Clearing previous game
12:56:03.459 [JavaFX Application Thread] DEBUG GameScene            - Clearing game scene
12:56:03.459 [JavaFX Application Thread] DEBUG GameWorld            - Clearing game world
12:56:03.460 [JavaFX Application Thread] DEBUG PhysicsWorld         - Clearing physics world
12:56:03.461 [FXGL Background Thread 1 ] DEBUG FXGLApplication      - Initializing game
12:56:03.468 [FXGL Background Thread 1 ] DEBUG FXGLAssetLoaderServi - Loading from file system: file:/D:/Programaci%c3%b3n/JAVA/SuikaGame/target/classes/assets/textures/background_view.png
12:56:03.506 [FXGL Background Thread 1 ] DEBUG FXGLAssetLoaderServi - Loading from file system: file:/D:/Programaci%c3%b3n/JAVA/SuikaGame/target/classes/assets/textures/container_view.png
12:56:03.541 [FXGL Background Thread 4 ] DEBUG FXGLAssetLoaderServi - Loading from file system: jar:file:/C:/Users/agust/.m2/repository/com/github/almasb/fxgl/21/fxgl-21.jar!/fxglassets/ui/fonts/TerminalLandMono-Regular.otf
12:56:03.589 [FXGL Background Thread 1 ] DEBUG FXGLAssetLoaderServi - Loading from file system: file:/D:/Programaci%c3%b3n/JAVA/SuikaGame/target/classes/assets/textures/ring_view.png
12:56:03.592 [FXGL Background Thread 1 ] DEBUG FXGLAssetLoaderServi - Loading from file system: file:/D:/Programaci%c3%b3n/JAVA/SuikaGame/target/classes/assets/textures/next_fruit_view.png
12:56:03.598 [FXGL Background Thread 1 ] DEBUG FXGLAssetLoaderServi - Loading from file system: file:/D:/Programaci%c3%b3n/JAVA/SuikaGame/target/classes/assets/textures/score_view.png
12:56:03.600 [FXGL Background Thread 1 ] INFO  FXGLApplication      - Game initialization took: 0,139 sec
12:56:03.655 [FXGL Background Thread 4 ] DEBUG FXGLAssetLoaderServi - Loading from file system: jar:file:/C:/Users/agust/.m2/repository/com/github/almasb/fxgl/21/fxgl-21.jar!/fxglassets/ui/fonts/Courier-Prime.ttf
12:56:03.823 [JavaFX Application Thread] DEBUG Input                - Clearing active input actions
12:56:03.836 [JavaFX Application Thread] DEBUG GameApplicationServi - Removing overlay from FXGLLoadingScene and adding to GameScene
12:56:03.843 [JavaFX Application Thread] DEBUG PrimaryStageWindow   - FXGLLoadingScene -> GameScene
12:56:03.844 [JavaFX Application Thread] DEBUG FXGLApplication      - Registering font factories with UI factory
12:56:06.327 [FXGL Background Thread 3 ] DEBUG Engine               - Logging environment variables
12:56:06.328 [FXGL Background Thread 3 ] DEBUG Engine               - achievements: []
12:56:06.328 [FXGL Background Thread 3 ] DEBUG Engine               - actualHeight: 720.0
12:56:06.328 [FXGL Background Thread 3 ] DEBUG Engine               - actualHeightProperty: ReadOnlyDoubleProperty [value: 720.0]
12:56:06.328 [FXGL Background Thread 3 ] DEBUG Engine               - actualWidth: 1280.0
12:56:06.328 [FXGL Background Thread 3 ] DEBUG Engine               - actualWidthProperty: ReadOnlyDoubleProperty [value: 1280.0]
12:56:06.328 [FXGL Background Thread 3 ] DEBUG Engine               - appIcon: fxgl_icon.png
12:56:06.328 [FXGL Background Thread 3 ] DEBUG Engine               - applicationMode: DEVELOPER
12:56:06.328 [FXGL Background Thread 3 ] DEBUG Engine               - cSSList: [fxgl_dark.css]
12:56:06.328 [FXGL Background Thread 3 ] DEBUG Engine               - collisionDetectionStrategy: BRUTE_FORCE
12:56:06.329 [FXGL Background Thread 3 ] DEBUG Engine               - configClass: Optional.empty
12:56:06.329 [FXGL Background Thread 3 ] DEBUG Engine               - credits: []
12:56:06.329 [FXGL Background Thread 3 ] DEBUG Engine               - defaultCursor: CursorInfo(imageName=fxgl_default_cursor.png, hotspotX=7.0, hotspotY=6.0)
12:56:06.329 [FXGL Background Thread 3 ] DEBUG Engine               - devBBoxColorProperty: ObjectProperty [value: 0xff0000ff]
12:56:06.329 [FXGL Background Thread 3 ] DEBUG Engine               - devEnableDebugCameraProperty: BooleanProperty [value: false]
12:56:06.329 [FXGL Background Thread 3 ] DEBUG Engine               - devSensorColorProperty: ObjectProperty [value: 0xffff00ff]
12:56:06.329 [FXGL Background Thread 3 ] DEBUG Engine               - devShowBBoxProperty: BooleanProperty [value: false]
12:56:06.330 [FXGL Background Thread 3 ] DEBUG Engine               - devShowPositionProperty: BooleanProperty [value: false]
12:56:06.330 [FXGL Background Thread 3 ] DEBUG Engine               - enabledMenuItems: []
12:56:06.330 [FXGL Background Thread 3 ] DEBUG Engine               - engineServices: [class com.almasb.fxgl.app.services.FXGLAssetLoaderService, class com.almasb.fxgl.app.FXGLApplication$GameApplicationService, class com.almasb.fxgl.app.services.FXGLDialogService, class com.almasb.fxgl.app.services.IOTaskExecutorService, class com.almasb.fxgl.io.FileSystemService, class com.almasb.fxgl.localization.LocalizationService, class com.almasb.fxgl.app.services.SystemBundleService, class com.almasb.fxgl.profile.SaveLoadService, class com.almasb.fxgl.ui.FXGLUIFactoryServiceProvider, class com.almasb.fxgl.ui.FXGLDialogFactoryServiceProvider, class com.almasb.fxgl.audio.AudioPlayer, class com.almasb.fxgl.notification.impl.NotificationServiceProvider, class com.almasb.fxgl.achievement.AchievementService, class com.almasb.fxgl.cutscene.CutsceneService, class com.almasb.fxgl.minigames.MiniGameService, class com.almasb.fxgl.net.NetService, class com.almasb.fxgl.app.services.UpdaterService, class com.almasb.fxgl.dev.DevService]
12:56:06.330 [FXGL Background Thread 3 ] DEBUG Engine               - fontGame: Abel-Regular.ttf
12:56:06.330 [FXGL Background Thread 3 ] DEBUG Engine               - fontMono: TerminalLandMono-Regular.otf
12:56:06.330 [FXGL Background Thread 3 ] DEBUG Engine               - fontSizeScaleUI: 1.0
12:56:06.330 [FXGL Background Thread 3 ] DEBUG Engine               - fontText: Courier-Prime.ttf
12:56:06.330 [FXGL Background Thread 3 ] DEBUG Engine               - fontUI: VarelaRound-Regular.ttf
12:56:06.330 [FXGL Background Thread 3 ] DEBUG Engine               - fullScreen: BooleanProperty [value: false]
12:56:06.330 [FXGL Background Thread 3 ] DEBUG Engine               - gameDifficulty: MEDIUM
12:56:06.330 [FXGL Background Thread 3 ] DEBUG Engine               - gameDifficultyProperty: ObjectProperty [value: MEDIUM]
12:56:06.330 [FXGL Background Thread 3 ] DEBUG Engine               - globalMusicVolume: 0.5
12:56:06.330 [FXGL Background Thread 3 ] DEBUG Engine               - globalMusicVolumeProperty: DoubleProperty [value: 0.5]
12:56:06.331 [FXGL Background Thread 3 ] DEBUG Engine               - globalSoundVolume: 0.5
12:56:06.331 [FXGL Background Thread 3 ] DEBUG Engine               - globalSoundVolumeProperty: DoubleProperty [value: 0.5]
12:56:06.331 [FXGL Background Thread 3 ] DEBUG Engine               - height: 720
12:56:06.331 [FXGL Background Thread 3 ] DEBUG Engine               - is3D: false
12:56:06.331 [FXGL Background Thread 3 ] DEBUG Engine               - isAndroid: false
12:56:06.331 [FXGL Background Thread 3 ] DEBUG Engine               - isBrowser: false
12:56:06.331 [FXGL Background Thread 3 ] DEBUG Engine               - isClickFeedbackEnabled: false
12:56:06.331 [FXGL Background Thread 3 ] DEBUG Engine               - isCloseConfirmation: false
12:56:06.331 [FXGL Background Thread 3 ] DEBUG Engine               - isDesktop: true
12:56:06.331 [FXGL Background Thread 3 ] DEBUG Engine               - isDeveloperMenuEnabled: true
12:56:06.331 [FXGL Background Thread 3 ] DEBUG Engine               - isEmbedded: false
12:56:06.331 [FXGL Background Thread 3 ] DEBUG Engine               - isEntityPreloadEnabled: true
12:56:06.331 [FXGL Background Thread 3 ] DEBUG Engine               - isExperimentalTiledLargeMap: false
12:56:06.332 [FXGL Background Thread 3 ] DEBUG Engine               - isFileSystemWriteAllowed: true
12:56:06.332 [FXGL Background Thread 3 ] DEBUG Engine               - isFullScreenAllowed: false
12:56:06.332 [FXGL Background Thread 3 ] DEBUG Engine               - isFullScreenFromStart: false
12:56:06.332 [FXGL Background Thread 3 ] DEBUG Engine               - isGameMenuEnabled: true
12:56:06.332 [FXGL Background Thread 3 ] DEBUG Engine               - isIOS: false
12:56:06.332 [FXGL Background Thread 3 ] DEBUG Engine               - isIntroEnabled: false
12:56:06.332 [FXGL Background Thread 3 ] DEBUG Engine               - isLinux: false
12:56:06.332 [FXGL Background Thread 3 ] DEBUG Engine               - isMac: false
12:56:06.332 [FXGL Background Thread 3 ] DEBUG Engine               - isMainMenuEnabled: false
12:56:06.332 [FXGL Background Thread 3 ] DEBUG Engine               - isManualResizeEnabled: false
12:56:06.332 [FXGL Background Thread 3 ] DEBUG Engine               - isMobile: false
12:56:06.332 [FXGL Background Thread 3 ] DEBUG Engine               - isNative: false
12:56:06.332 [FXGL Background Thread 3 ] DEBUG Engine               - isPauseMusicWhenMinimized: true
12:56:06.332 [FXGL Background Thread 3 ] DEBUG Engine               - isPreserveResizeRatio: false
12:56:06.333 [FXGL Background Thread 3 ] DEBUG Engine               - isProfilingEnabled: false
12:56:06.333 [FXGL Background Thread 3 ] DEBUG Engine               - isScaleAffectedOnResize: true
12:56:06.333 [FXGL Background Thread 3 ] DEBUG Engine               - isSingleStep: false
12:56:06.333 [FXGL Background Thread 3 ] DEBUG Engine               - isUserProfileEnabled: false
12:56:06.333 [FXGL Background Thread 3 ] DEBUG Engine               - isWindows: true
12:56:06.333 [FXGL Background Thread 3 ] DEBUG Engine               - language: ObjectProperty [value: ENGLISH]
12:56:06.333 [FXGL Background Thread 3 ] DEBUG Engine               - menuKey: ESCAPE
12:56:06.333 [FXGL Background Thread 3 ] DEBUG Engine               - mouseSensitivity: 0.2
12:56:06.333 [FXGL Background Thread 3 ] DEBUG Engine               - notificationViewClass: class com.almasb.fxgl.notification.view.XboxNotificationView
12:56:06.333 [FXGL Background Thread 3 ] DEBUG Engine               - pixelsPerMeter: 50.0
12:56:06.333 [FXGL Background Thread 3 ] DEBUG Engine               - platform: WINDOWS
12:56:06.333 [FXGL Background Thread 3 ] DEBUG Engine               - prefHeightProperty: ReadOnlyDoubleProperty [value: 720.0]
12:56:06.333 [FXGL Background Thread 3 ] DEBUG Engine               - prefWidthProperty: ReadOnlyDoubleProperty [value: 1280.0]
12:56:06.333 [FXGL Background Thread 3 ] DEBUG Engine               - profileDir: profiles/
12:56:06.333 [FXGL Background Thread 3 ] DEBUG Engine               - profileName: StringProperty [value: DEFAULT]
12:56:06.334 [FXGL Background Thread 3 ] DEBUG Engine               - randomSeed: -1
12:56:06.334 [FXGL Background Thread 3 ] DEBUG Engine               - runtimeInfo: RuntimeInfo(platform=WINDOWS, version=21, build=28.12.2023 13.35)
12:56:06.334 [FXGL Background Thread 3 ] DEBUG Engine               - saveFileExt: sav
12:56:06.334 [FXGL Background Thread 3 ] DEBUG Engine               - scaledHeightProp$fxgl: DoubleProperty [bound, value: 720.0]
12:56:06.334 [FXGL Background Thread 3 ] DEBUG Engine               - scaledWidthProp$fxgl: DoubleProperty [bound, value: 1280.0]
12:56:06.334 [FXGL Background Thread 3 ] DEBUG Engine               - sceneFactory: com.almasb.fxgl.app.scene.SceneFactory@5ef215fe
12:56:06.334 [FXGL Background Thread 3 ] DEBUG Engine               - secondsIn24h: 60
12:56:06.334 [FXGL Background Thread 3 ] DEBUG Engine               - soundMenuBack: menu/back.wav
12:56:06.334 [FXGL Background Thread 3 ] DEBUG Engine               - soundMenuPress: menu/press.wav
12:56:06.334 [FXGL Background Thread 3 ] DEBUG Engine               - soundMenuSelect: menu/select.wav
12:56:06.334 [FXGL Background Thread 3 ] DEBUG Engine               - soundNotification: core/notification.wav
12:56:06.335 [FXGL Background Thread 3 ] DEBUG Engine               - stageStyle: DECORATED
12:56:06.335 [FXGL Background Thread 3 ] DEBUG Engine               - supportedLanguages: [ENGLISH, FRENCH, GERMAN, HUNGARIAN, RUSSIAN]
12:56:06.335 [FXGL Background Thread 3 ] DEBUG Engine               - ticksPerSecond: -1
12:56:06.335 [FXGL Background Thread 3 ] DEBUG Engine               - title: Basic Game App
12:56:06.335 [FXGL Background Thread 3 ] DEBUG Engine               - urlGithub: https://github.com/AlmasB/FXGL
12:56:06.335 [FXGL Background Thread 3 ] DEBUG Engine               - urlLeaderboard: http://fxgl-top.herokuapp.com/
12:56:06.335 [FXGL Background Thread 3 ] DEBUG Engine               - urlPOM: https://raw.githubusercontent.com/AlmasB/FXGL/release/README.md
12:56:06.335 [FXGL Background Thread 3 ] DEBUG Engine               - userAppClass: class com.lucenstuff.fxglgames.suikagame.SuikaGame
12:56:06.335 [FXGL Background Thread 3 ] DEBUG Engine               - version: 0.1
12:56:06.335 [FXGL Background Thread 3 ] DEBUG Engine               - versionCheckDays: 7
12:56:06.335 [FXGL Background Thread 3 ] DEBUG Engine               - width: 1280
12:56:06.335 [FXGL Background Thread 3 ] DEBUG Engine               - Logging services
12:56:06.335 [FXGL Background Thread 3 ] DEBUG Engine               - class com.almasb.fxgl.app.services.FXGLAssetLoaderService
12:56:06.335 [FXGL Background Thread 3 ] DEBUG Engine               - class com.almasb.fxgl.app.FXGLApplication$GameApplicationService
12:56:06.335 [FXGL Background Thread 3 ] DEBUG Engine               - class com.almasb.fxgl.app.services.FXGLDialogService
12:56:06.335 [FXGL Background Thread 3 ] DEBUG Engine               - class com.almasb.fxgl.app.services.IOTaskExecutorService
12:56:06.335 [FXGL Background Thread 3 ] DEBUG Engine               - class com.almasb.fxgl.io.FileSystemService
12:56:06.335 [FXGL Background Thread 3 ] DEBUG Engine               - class com.almasb.fxgl.localization.LocalizationService
12:56:06.335 [FXGL Background Thread 3 ] DEBUG Engine               - class com.almasb.fxgl.app.services.SystemBundleService
12:56:06.335 [FXGL Background Thread 3 ] DEBUG Engine               - class com.almasb.fxgl.profile.SaveLoadService
12:56:06.335 [FXGL Background Thread 3 ] DEBUG Engine               - class com.almasb.fxgl.ui.FXGLUIFactoryServiceProvider
12:56:06.335 [FXGL Background Thread 3 ] DEBUG Engine               - class com.almasb.fxgl.ui.FXGLDialogFactoryServiceProvider
12:56:06.335 [FXGL Background Thread 3 ] DEBUG Engine               - class com.almasb.fxgl.audio.AudioPlayer
12:56:06.337 [FXGL Background Thread 3 ] DEBUG Engine               - class com.almasb.fxgl.notification.impl.NotificationServiceProvider
12:56:06.337 [FXGL Background Thread 3 ] DEBUG Engine               - class com.almasb.fxgl.achievement.AchievementService
12:56:06.337 [FXGL Background Thread 3 ] DEBUG Engine               - class com.almasb.fxgl.cutscene.CutsceneService
12:56:06.337 [FXGL Background Thread 3 ] DEBUG Engine               - class com.almasb.fxgl.minigames.MiniGameService
12:56:06.337 [FXGL Background Thread 3 ] DEBUG Engine               - class com.almasb.fxgl.net.NetService
12:56:06.337 [FXGL Background Thread 3 ] DEBUG Engine               - class com.almasb.fxgl.app.services.UpdaterService
12:56:06.337 [FXGL Background Thread 3 ] DEBUG Engine               - class com.almasb.fxgl.dev.DevService
12:56:31.192 [JavaFX Application Thread] DEBUG FXGLAssetLoaderServi - Loading from file system: file:/D:/Programaci%c3%b3n/JAVA/SuikaGame/target/classes/assets/textures/grape_view.png
12:56:31.193 [JavaFX Application Thread] DEBUG FXGLAssetLoaderServi - Loading from file system: file:/D:/Programaci%c3%b3n/JAVA/SuikaGame/target/classes/assets/textures/lemon_view.png
12:56:32.071 [JavaFX Application Thread] DEBUG FXGLAssetLoaderServi - Loading from file system: file:/D:/Programaci%c3%b3n/JAVA/SuikaGame/target/classes/assets/textures/apple_view.png
12:56:32.863 [JavaFX Application Thread] DEBUG FXGLAssetLoaderServi - Loading from file system: file:/D:/Programaci%c3%b3n/JAVA/SuikaGame/target/classes/assets/textures/orange_view.png
12:56:33.847 [JavaFX Application Thread] DEBUG FXGLAssetLoaderServi - Loading from file system: file:/D:/Programaci%c3%b3n/JAVA/SuikaGame/target/classes/assets/textures/strawberry_view.png
12:56:34.577 [JavaFX Application Thread] DEBUG FXGLAssetLoaderServi - Loading from file system: file:/D:/Programaci%c3%b3n/JAVA/SuikaGame/target/classes/assets/textures/cherry_view.png
12:56:51.108 [JavaFX Application Thread] DEBUG FXGLApplication      - Exiting FXGL
12:56:51.108 [JavaFX Application Thread] DEBUG LoopRunner           - Stopping loop
12:56:51.108 [JavaFX Application Thread] DEBUG SystemBundleService  - Saving FXGL system data
12:56:51.110 [JavaFX Application Thread] DEBUG FileSystemAccess     - Writing to: D:\Programación\JAVA\SuikaGame\system\fxgl.bundle
12:56:51.112 [JavaFX Application Thread] DEBUG Async                - Shutting down background threads
12:56:51.112 [JavaFX Application Thread] DEBUG PrimaryStageWindow   - Closing main window
12:56:51.128 [JavaFX Application Thread] DEBUG Logger               - Closing Logger
