16:18:56.263 [main                     ] DEBUG Logger               - Configured Logger
16:18:56.302 [main                     ] DEBUG GameApplication      - Logging settings
Title: Basic Game App
Version: 0.1
Width: 1280
Height: 720
Fullscreen: false
Intro: false
Profiling: false
Single step:false
App Mode: DEVELOPER
Menu Key: ESCAPE
Stage Style: DECORATED
Scene Factory: class com.almasb.fxgl.app.scene.SceneFactory

16:18:56.997 [JavaFX Application Thread] DEBUG FXGLApplication      - Initializing FXGL
16:18:57.002 [JavaFX Application Thread] INFO  Engine               - FXGL-21 (28.12.2023 13.35) on WINDOWS (J:21.0.1 FX:21.0.1)
16:18:57.003 [JavaFX Application Thread] DEBUG Engine               - JRE Vendor Name: Oracle Corporation
16:18:57.003 [JavaFX Application Thread] DEBUG Engine               - Running on OS: Windows 11 version 10.0
16:18:57.003 [JavaFX Application Thread] DEBUG Engine               - Architecture: amd64
16:18:57.003 [JavaFX Application Thread] INFO  Engine               - Source code and latest versions at: https://github.com/AlmasB/FXGL
16:18:57.004 [JavaFX Application Thread] INFO  Engine               -       Ask questions and discuss at: https://github.com/AlmasB/FXGL/discussions
16:18:57.004 [JavaFX Application Thread] INFO  Engine               -              Join the FXGL chat at: https://gitter.im/AlmasB/FXGL
16:18:57.171 [JavaFX Application Thread] DEBUG PrimaryStageWindow   - Creating a JavaFX scene
16:18:57.244 [JavaFX Application Thread] DEBUG PrimaryStageWindow   - Target settings size: 1280.0 x 720.0
16:18:57.244 [JavaFX Application Thread] DEBUG PrimaryStageWindow   - Scaled scene size:    1280.0 x 720.0
16:18:57.245 [JavaFX Application Thread] DEBUG PrimaryStageWindow   - Scaled ratio: (1.0, 1.0)
16:18:57.246 [JavaFX Application Thread] DEBUG PrimaryStageWindow   - Set initial scene to FXGLStartupScene
16:18:57.250 [JavaFX Application Thread] DEBUG PrimaryStageWindow   - Opening main window
16:18:57.382 [JavaFX Application Thread] DEBUG PrimaryStageWindow   - Window border size: (16.0, 39.0)
16:18:57.382 [JavaFX Application Thread] DEBUG PrimaryStageWindow   - Scaled size: 1280.0 x 720.0
16:18:57.382 [JavaFX Application Thread] DEBUG PrimaryStageWindow   - Scaled ratio: (1.0, 1.0)
16:18:57.382 [JavaFX Application Thread] DEBUG PrimaryStageWindow   - Scene size: 1280.0 x 720.0
16:18:57.383 [JavaFX Application Thread] DEBUG PrimaryStageWindow   - Stage size: 1296.0 x 759.0
16:18:57.427 [FXGL Background Thread 1 ] DEBUG Engine               - Initializing environment variables
16:18:57.516 [FXGL Background Thread 1 ] DEBUG FXGLAssetLoaderServi - User app class for loading assets: class com.lucenstuff.fxglgames.suikagame.SuikaGame
16:18:57.516 [FXGL Background Thread 1 ] DEBUG GameApplicationServi - Applying CSS: fxgl_dark.css
16:18:57.517 [FXGL Background Thread 1 ] DEBUG FXGLAssetLoaderServi - Loading from file system: jar:file:/C:/Users/agust/.m2/repository/com/github/almasb/fxgl/21/fxgl-21.jar!/fxglassets/ui/css/fxgl_dark.css
16:18:57.583 [FXGL Background Thread 1 ] DEBUG GameApplicationServi - Initializing application scenes
16:18:57.762 [FXGL Background Thread 1 ] DEBUG GameWorld            - Game world initialized
16:18:57.842 [FXGL Background Thread 1 ] DEBUG PhysicsWorld         - Physics world initialized: appHeight=720, physics.ppm=50,0
16:18:57.842 [FXGL Background Thread 1 ] DEBUG PhysicsWorld         - Using strategy: BRUTE_FORCE
16:18:57.847 [FXGL Background Thread 1 ] DEBUG GameScene            - Game scene initialized: 1280x720
16:18:57.865 [FXGL Background Thread 1 ] DEBUG FXGL.DefaultMenu     - createMenuBodyGameMenu()
16:18:57.885 [FXGL Background Thread 1 ] DEBUG FXGL.DefaultMenu     - createOptionsMenu()
16:18:57.899 [FXGL Background Thread 1 ] DEBUG FXGLAssetLoaderServi - Loading from file system: jar:file:/C:/Users/agust/.m2/repository/com/github/almasb/fxgl/21/fxgl-21.jar!/fxglassets/textures/particles/smoke.png
16:18:58.051 [FXGL Background Thread 1 ] DEBUG FXGLAssetLoaderServi - Loading from file system: jar:file:/C:/Users/agust/.m2/repository/com/github/almasb/fxgl/21/fxgl-21.jar!/fxglassets/textures/particles/trace_horizontal.png
16:18:58.094 [FXGL Background Thread 1 ] DEBUG GameApplicationServi - Application scenes initialized
16:18:58.114 [FXGL Background Thread 1 ] DEBUG SystemBundleService  - Loading FXGL system data
16:18:58.122 [FXGL Background Thread 1 ] DEBUG FileSystemAccess     - Reading from: D:\Programación\JAVA\SuikaGame\system\fxgl.bundle
16:18:58.134 [FXGL Background Thread 1 ] DEBUG SystemBundleService  - Bundle FXGL: {}
16:18:58.134 [FXGL Background Thread 1 ] DEBUG UpdaterService       - Checking for updates
16:18:58.190 [FXGL Background Thread 1 ] DEBUG FXGLApplication      - Loading default localization
16:18:58.190 [FXGL Background Thread 4 ] DEBUG FXGLApplication      - Loading fonts
16:18:58.190 [FXGL Background Thread 1 ] DEBUG FXGLAssetLoaderServi - Loading from file system: jar:file:/C:/Users/agust/.m2/repository/com/github/almasb/fxgl/21/fxgl-21.jar!/fxglassets/languages/english.lang
16:18:58.191 [FXGL Background Thread 4 ] DEBUG FXGLAssetLoaderServi - Loading from file system: jar:file:/C:/Users/agust/.m2/repository/com/github/almasb/fxgl/21/fxgl-21.jar!/fxglassets/ui/fonts/VarelaRound-Regular.ttf
16:18:58.237 [FXGL Background Thread 1 ] INFO  FXGLApplication      - FXGL initialization took: 0,809 sec
16:18:58.238 [JavaFX Application Thread] DEBUG FXGLAssetLoaderServi - Loading from file system: jar:file:/C:/Users/agust/.m2/repository/com/github/almasb/fxgl/21/fxgl-21.jar!/fxglassets/textures/fxgl_icon.png
16:18:58.273 [JavaFX Application Thread] DEBUG FXGLAssetLoaderServi - Loading from file system: jar:file:/C:/Users/agust/.m2/repository/com/github/almasb/fxgl/21/fxgl-21.jar!/fxglassets/textures/fxgl_default_cursor.png
16:18:58.288 [JavaFX Application Thread] DEBUG Input                - Registered new binding: Screenshot - CTRL+8
16:18:58.288 [JavaFX Application Thread] DEBUG Input                - Registered new binding: Dev Options - 1
16:18:58.289 [JavaFX Application Thread] DEBUG Input                - Registered new binding: Dev Console - 2
16:18:58.290 [JavaFX Application Thread] DEBUG Input                - Registered new binding: System info dump - CTRL+9
16:18:58.291 [JavaFX Application Thread] DEBUG Input                - Registered new binding: Restart - CTRL+R
16:18:58.292 [JavaFX Application Thread] DEBUG Input                - Registered new binding: Toggle Debug Camera - CTRL+7
16:18:58.297 [JavaFX Application Thread] DEBUG LoopRunner           - Starting loop
16:18:58.372 [FXGL Background Thread 4 ] DEBUG FXGLAssetLoaderServi - Loading from file system: jar:file:/C:/Users/agust/.m2/repository/com/github/almasb/fxgl/21/fxgl-21.jar!/fxglassets/ui/fonts/Abel-Regular.ttf
16:18:58.385 [JavaFX Application Thread] DEBUG LoopRunner           - Initializing JavaFX AnimationTimerLoop
16:18:58.388 [JavaFX Application Thread] DEBUG GameApplicationServi - Starting new game
16:18:58.388 [JavaFX Application Thread] DEBUG Input                - Clearing active input actions
16:18:58.411 [JavaFX Application Thread] DEBUG GameApplicationServi - Removing overlay from FXGLStartupScene and adding to FXGLLoadingScene
16:18:58.415 [JavaFX Application Thread] DEBUG PrimaryStageWindow   - FXGLStartupScene -> FXGLLoadingScene
16:18:58.416 [JavaFX Application Thread] DEBUG GameApplicationServi - Clearing previous game
16:18:58.416 [JavaFX Application Thread] DEBUG GameScene            - Clearing game scene
16:18:58.416 [JavaFX Application Thread] DEBUG GameWorld            - Clearing game world
16:18:58.416 [JavaFX Application Thread] DEBUG PhysicsWorld         - Clearing physics world
16:18:58.417 [FXGL Background Thread 4 ] DEBUG FXGLAssetLoaderServi - Loading from file system: jar:file:/C:/Users/agust/.m2/repository/com/github/almasb/fxgl/21/fxgl-21.jar!/fxglassets/ui/fonts/TerminalLandMono-Regular.otf
16:18:58.418 [FXGL Background Thread 1 ] DEBUG FXGLApplication      - Initializing game
16:18:58.444 [FXGL Background Thread 4 ] DEBUG FXGLAssetLoaderServi - Loading from file system: jar:file:/C:/Users/agust/.m2/repository/com/github/almasb/fxgl/21/fxgl-21.jar!/fxglassets/ui/fonts/Courier-Prime.ttf
16:18:58.488 [FXGL Background Thread 1 ] DEBUG FXGLAssetLoaderServi - Loading from file system: file:/D:/Programaci%c3%b3n/JAVA/SuikaGame/target/classes/assets/textures/orange.png
16:18:58.870 [JavaFX Application Thread] DEBUG FXGLApplication      - Registering font factories with UI factory
16:18:58.951 [FXGL Background Thread 1 ] INFO  FXGLApplication      - Game initialization took: 0,533 sec
16:18:58.967 [JavaFX Application Thread] DEBUG Input                - Clearing active input actions
16:18:58.986 [JavaFX Application Thread] DEBUG GameApplicationServi - Removing overlay from FXGLLoadingScene and adding to GameScene
16:18:58.995 [JavaFX Application Thread] DEBUG PrimaryStageWindow   - FXGLLoadingScene -> GameScene
16:19:00.952 [JavaFX Application Thread] WARN  GameWorld            - Entity is already attached to world
16:19:01.194 [FXGL Background Thread 3 ] DEBUG Engine               - Logging environment variables
16:19:01.196 [FXGL Background Thread 3 ] DEBUG Engine               - achievements: []
16:19:01.196 [FXGL Background Thread 3 ] DEBUG Engine               - actualHeight: 720.0
16:19:01.196 [FXGL Background Thread 3 ] DEBUG Engine               - actualHeightProperty: ReadOnlyDoubleProperty [value: 720.0]
16:19:01.196 [FXGL Background Thread 3 ] DEBUG Engine               - actualWidth: 1280.0
16:19:01.196 [FXGL Background Thread 3 ] DEBUG Engine               - actualWidthProperty: ReadOnlyDoubleProperty [value: 1280.0]
16:19:01.196 [FXGL Background Thread 3 ] DEBUG Engine               - appIcon: fxgl_icon.png
16:19:01.196 [FXGL Background Thread 3 ] DEBUG Engine               - applicationMode: DEVELOPER
16:19:01.196 [FXGL Background Thread 3 ] DEBUG Engine               - cSSList: [fxgl_dark.css]
16:19:01.196 [FXGL Background Thread 3 ] DEBUG Engine               - collisionDetectionStrategy: BRUTE_FORCE
16:19:01.196 [FXGL Background Thread 3 ] DEBUG Engine               - configClass: Optional.empty
16:19:01.197 [FXGL Background Thread 3 ] DEBUG Engine               - credits: []
16:19:01.197 [FXGL Background Thread 3 ] DEBUG Engine               - defaultCursor: CursorInfo(imageName=fxgl_default_cursor.png, hotspotX=7.0, hotspotY=6.0)
16:19:01.197 [FXGL Background Thread 3 ] DEBUG Engine               - devBBoxColorProperty: ObjectProperty [value: 0xff0000ff]
16:19:01.197 [FXGL Background Thread 3 ] DEBUG Engine               - devEnableDebugCameraProperty: BooleanProperty [value: false]
16:19:01.197 [FXGL Background Thread 3 ] DEBUG Engine               - devSensorColorProperty: ObjectProperty [value: 0xffff00ff]
16:19:01.198 [FXGL Background Thread 3 ] DEBUG Engine               - devShowBBoxProperty: BooleanProperty [value: false]
16:19:01.198 [FXGL Background Thread 3 ] DEBUG Engine               - devShowPositionProperty: BooleanProperty [value: false]
16:19:01.198 [FXGL Background Thread 3 ] DEBUG Engine               - enabledMenuItems: []
16:19:01.198 [FXGL Background Thread 3 ] DEBUG Engine               - engineServices: [class com.almasb.fxgl.app.services.FXGLAssetLoaderService, class com.almasb.fxgl.app.FXGLApplication$GameApplicationService, class com.almasb.fxgl.app.services.FXGLDialogService, class com.almasb.fxgl.app.services.IOTaskExecutorService, class com.almasb.fxgl.io.FileSystemService, class com.almasb.fxgl.localization.LocalizationService, class com.almasb.fxgl.app.services.SystemBundleService, class com.almasb.fxgl.profile.SaveLoadService, class com.almasb.fxgl.ui.FXGLUIFactoryServiceProvider, class com.almasb.fxgl.ui.FXGLDialogFactoryServiceProvider, class com.almasb.fxgl.audio.AudioPlayer, class com.almasb.fxgl.notification.impl.NotificationServiceProvider, class com.almasb.fxgl.achievement.AchievementService, class com.almasb.fxgl.cutscene.CutsceneService, class com.almasb.fxgl.minigames.MiniGameService, class com.almasb.fxgl.net.NetService, class com.almasb.fxgl.app.services.UpdaterService, class com.almasb.fxgl.dev.DevService]
16:19:01.198 [FXGL Background Thread 3 ] DEBUG Engine               - fontGame: Abel-Regular.ttf
16:19:01.198 [FXGL Background Thread 3 ] DEBUG Engine               - fontMono: TerminalLandMono-Regular.otf
16:19:01.198 [FXGL Background Thread 3 ] DEBUG Engine               - fontSizeScaleUI: 1.0
16:19:01.198 [FXGL Background Thread 3 ] DEBUG Engine               - fontText: Courier-Prime.ttf
16:19:01.198 [FXGL Background Thread 3 ] DEBUG Engine               - fontUI: VarelaRound-Regular.ttf
16:19:01.198 [FXGL Background Thread 3 ] DEBUG Engine               - fullScreen: BooleanProperty [value: false]
16:19:01.199 [FXGL Background Thread 3 ] DEBUG Engine               - gameDifficulty: MEDIUM
16:19:01.199 [FXGL Background Thread 3 ] DEBUG Engine               - gameDifficultyProperty: ObjectProperty [value: MEDIUM]
16:19:01.199 [FXGL Background Thread 3 ] DEBUG Engine               - globalMusicVolume: 0.5
16:19:01.199 [FXGL Background Thread 3 ] DEBUG Engine               - globalMusicVolumeProperty: DoubleProperty [value: 0.5]
16:19:01.200 [FXGL Background Thread 3 ] DEBUG Engine               - globalSoundVolume: 0.5
16:19:01.200 [FXGL Background Thread 3 ] DEBUG Engine               - globalSoundVolumeProperty: DoubleProperty [value: 0.5]
16:19:01.200 [FXGL Background Thread 3 ] DEBUG Engine               - height: 720
16:19:01.200 [FXGL Background Thread 3 ] DEBUG Engine               - is3D: false
16:19:01.200 [FXGL Background Thread 3 ] DEBUG Engine               - isAndroid: false
16:19:01.200 [FXGL Background Thread 3 ] DEBUG Engine               - isBrowser: false
16:19:01.200 [FXGL Background Thread 3 ] DEBUG Engine               - isClickFeedbackEnabled: false
16:19:01.201 [FXGL Background Thread 3 ] DEBUG Engine               - isCloseConfirmation: false
16:19:01.201 [FXGL Background Thread 3 ] DEBUG Engine               - isDesktop: true
16:19:01.201 [FXGL Background Thread 3 ] DEBUG Engine               - isDeveloperMenuEnabled: true
16:19:01.201 [FXGL Background Thread 3 ] DEBUG Engine               - isEmbedded: false
16:19:01.201 [FXGL Background Thread 3 ] DEBUG Engine               - isEntityPreloadEnabled: true
16:19:01.201 [FXGL Background Thread 3 ] DEBUG Engine               - isExperimentalTiledLargeMap: false
16:19:01.201 [FXGL Background Thread 3 ] DEBUG Engine               - isFileSystemWriteAllowed: true
16:19:01.201 [FXGL Background Thread 3 ] DEBUG Engine               - isFullScreenAllowed: false
16:19:01.201 [FXGL Background Thread 3 ] DEBUG Engine               - isFullScreenFromStart: false
16:19:01.201 [FXGL Background Thread 3 ] DEBUG Engine               - isGameMenuEnabled: true
16:19:01.202 [FXGL Background Thread 3 ] DEBUG Engine               - isIOS: false
16:19:01.202 [FXGL Background Thread 3 ] DEBUG Engine               - isIntroEnabled: false
16:19:01.202 [FXGL Background Thread 3 ] DEBUG Engine               - isLinux: false
16:19:01.202 [FXGL Background Thread 3 ] DEBUG Engine               - isMac: false
16:19:01.202 [FXGL Background Thread 3 ] DEBUG Engine               - isMainMenuEnabled: false
16:19:01.202 [FXGL Background Thread 3 ] DEBUG Engine               - isManualResizeEnabled: false
16:19:01.202 [FXGL Background Thread 3 ] DEBUG Engine               - isMobile: false
16:19:01.202 [FXGL Background Thread 3 ] DEBUG Engine               - isNative: false
16:19:01.202 [FXGL Background Thread 3 ] DEBUG Engine               - isPauseMusicWhenMinimized: true
16:19:01.202 [FXGL Background Thread 3 ] DEBUG Engine               - isPreserveResizeRatio: false
16:19:01.202 [FXGL Background Thread 3 ] DEBUG Engine               - isProfilingEnabled: false
16:19:01.203 [FXGL Background Thread 3 ] DEBUG Engine               - isScaleAffectedOnResize: true
16:19:01.203 [FXGL Background Thread 3 ] DEBUG Engine               - isSingleStep: false
16:19:01.203 [FXGL Background Thread 3 ] DEBUG Engine               - isUserProfileEnabled: false
16:19:01.203 [FXGL Background Thread 3 ] DEBUG Engine               - isWindows: true
16:19:01.203 [FXGL Background Thread 3 ] DEBUG Engine               - language: ObjectProperty [value: ENGLISH]
16:19:01.204 [FXGL Background Thread 3 ] DEBUG Engine               - menuKey: ESCAPE
16:19:01.204 [FXGL Background Thread 3 ] DEBUG Engine               - mouseSensitivity: 0.2
16:19:01.204 [FXGL Background Thread 3 ] DEBUG Engine               - notificationViewClass: class com.almasb.fxgl.notification.view.XboxNotificationView
16:19:01.204 [FXGL Background Thread 3 ] DEBUG Engine               - pixelsPerMeter: 50.0
16:19:01.204 [FXGL Background Thread 3 ] DEBUG Engine               - platform: WINDOWS
16:19:01.204 [FXGL Background Thread 3 ] DEBUG Engine               - prefHeightProperty: ReadOnlyDoubleProperty [value: 720.0]
16:19:01.204 [FXGL Background Thread 3 ] DEBUG Engine               - prefWidthProperty: ReadOnlyDoubleProperty [value: 1280.0]
16:19:01.204 [FXGL Background Thread 3 ] DEBUG Engine               - profileDir: profiles/
16:19:01.204 [FXGL Background Thread 3 ] DEBUG Engine               - profileName: StringProperty [value: DEFAULT]
16:19:01.204 [FXGL Background Thread 3 ] DEBUG Engine               - randomSeed: -1
16:19:01.205 [FXGL Background Thread 3 ] DEBUG Engine               - runtimeInfo: RuntimeInfo(platform=WINDOWS, version=21, build=28.12.2023 13.35)
16:19:01.205 [FXGL Background Thread 3 ] DEBUG Engine               - saveFileExt: sav
16:19:01.205 [FXGL Background Thread 3 ] DEBUG Engine               - scaledHeightProp$fxgl: DoubleProperty [bound, value: 720.0]
16:19:01.205 [FXGL Background Thread 3 ] DEBUG Engine               - scaledWidthProp$fxgl: DoubleProperty [bound, value: 1280.0]
16:19:01.205 [FXGL Background Thread 3 ] DEBUG Engine               - sceneFactory: com.almasb.fxgl.app.scene.SceneFactory@5c38ab23
16:19:01.205 [FXGL Background Thread 3 ] DEBUG Engine               - secondsIn24h: 60
16:19:01.205 [FXGL Background Thread 3 ] DEBUG Engine               - soundMenuBack: menu/back.wav
16:19:01.205 [FXGL Background Thread 3 ] DEBUG Engine               - soundMenuPress: menu/press.wav
16:19:01.205 [FXGL Background Thread 3 ] DEBUG Engine               - soundMenuSelect: menu/select.wav
16:19:01.206 [FXGL Background Thread 3 ] DEBUG Engine               - soundNotification: core/notification.wav
16:19:01.206 [FXGL Background Thread 3 ] DEBUG Engine               - stageStyle: DECORATED
16:19:01.206 [FXGL Background Thread 3 ] DEBUG Engine               - supportedLanguages: [ENGLISH, FRENCH, GERMAN, HUNGARIAN, RUSSIAN]
16:19:01.206 [FXGL Background Thread 3 ] DEBUG Engine               - ticksPerSecond: -1
16:19:01.206 [FXGL Background Thread 3 ] DEBUG Engine               - title: Basic Game App
16:19:01.206 [FXGL Background Thread 3 ] DEBUG Engine               - urlGithub: https://github.com/AlmasB/FXGL
16:19:01.206 [FXGL Background Thread 3 ] DEBUG Engine               - urlLeaderboard: http://fxgl-top.herokuapp.com/
16:19:01.206 [FXGL Background Thread 3 ] DEBUG Engine               - urlPOM: https://raw.githubusercontent.com/AlmasB/FXGL/release/README.md
16:19:01.206 [FXGL Background Thread 3 ] DEBUG Engine               - userAppClass: class com.lucenstuff.fxglgames.suikagame.SuikaGame
16:19:01.206 [FXGL Background Thread 3 ] DEBUG Engine               - version: 0.1
16:19:01.206 [FXGL Background Thread 3 ] DEBUG Engine               - versionCheckDays: 7
16:19:01.207 [FXGL Background Thread 3 ] DEBUG Engine               - width: 1280
16:19:01.207 [FXGL Background Thread 3 ] DEBUG Engine               - Logging services
16:19:01.207 [FXGL Background Thread 3 ] DEBUG Engine               - class com.almasb.fxgl.app.services.FXGLAssetLoaderService
16:19:01.207 [FXGL Background Thread 3 ] DEBUG Engine               - class com.almasb.fxgl.app.FXGLApplication$GameApplicationService
16:19:01.207 [FXGL Background Thread 3 ] DEBUG Engine               - class com.almasb.fxgl.app.services.FXGLDialogService
16:19:01.207 [FXGL Background Thread 3 ] DEBUG Engine               - class com.almasb.fxgl.app.services.IOTaskExecutorService
16:19:01.207 [FXGL Background Thread 3 ] DEBUG Engine               - class com.almasb.fxgl.io.FileSystemService
16:19:01.207 [FXGL Background Thread 3 ] DEBUG Engine               - class com.almasb.fxgl.localization.LocalizationService
16:19:01.207 [FXGL Background Thread 3 ] DEBUG Engine               - class com.almasb.fxgl.app.services.SystemBundleService
16:19:01.207 [FXGL Background Thread 3 ] DEBUG Engine               - class com.almasb.fxgl.profile.SaveLoadService
16:19:01.208 [FXGL Background Thread 3 ] DEBUG Engine               - class com.almasb.fxgl.ui.FXGLUIFactoryServiceProvider
16:19:01.208 [FXGL Background Thread 3 ] DEBUG Engine               - class com.almasb.fxgl.ui.FXGLDialogFactoryServiceProvider
16:19:01.208 [FXGL Background Thread 3 ] DEBUG Engine               - class com.almasb.fxgl.audio.AudioPlayer
16:19:01.208 [FXGL Background Thread 3 ] DEBUG Engine               - class com.almasb.fxgl.notification.impl.NotificationServiceProvider
16:19:01.208 [FXGL Background Thread 3 ] DEBUG Engine               - class com.almasb.fxgl.achievement.AchievementService
16:19:01.208 [FXGL Background Thread 3 ] DEBUG Engine               - class com.almasb.fxgl.cutscene.CutsceneService
16:19:01.208 [FXGL Background Thread 3 ] DEBUG Engine               - class com.almasb.fxgl.minigames.MiniGameService
16:19:01.208 [FXGL Background Thread 3 ] DEBUG Engine               - class com.almasb.fxgl.net.NetService
16:19:01.208 [FXGL Background Thread 3 ] DEBUG Engine               - class com.almasb.fxgl.app.services.UpdaterService
16:19:01.208 [FXGL Background Thread 3 ] DEBUG Engine               - class com.almasb.fxgl.dev.DevService
16:19:02.187 [JavaFX Application Thread] WARN  GameWorld            - Entity is already attached to world
16:19:04.379 [JavaFX Application Thread] WARN  GameWorld            - Entity is already attached to world
16:19:07.983 [JavaFX Application Thread] WARN  GameWorld            - Entity is already attached to world
16:19:10.386 [JavaFX Application Thread] WARN  GameWorld            - Entity is already attached to world
16:19:12.622 [JavaFX Application Thread] WARN  GameWorld            - Entity is already attached to world
16:19:14.591 [JavaFX Application Thread] DEBUG FXGLApplication      - Exiting FXGL
16:19:14.591 [JavaFX Application Thread] DEBUG LoopRunner           - Stopping loop
16:19:14.591 [JavaFX Application Thread] DEBUG SystemBundleService  - Saving FXGL system data
16:19:14.593 [JavaFX Application Thread] DEBUG FileSystemAccess     - Writing to: D:\Programación\JAVA\SuikaGame\system\fxgl.bundle
16:19:14.596 [JavaFX Application Thread] DEBUG Async                - Shutting down background threads
16:19:14.597 [JavaFX Application Thread] DEBUG PrimaryStageWindow   - Closing main window
16:19:14.626 [JavaFX Application Thread] DEBUG Logger               - Closing Logger
