12:36:13.095 [main                     ] DEBUG Logger               - Configured Logger
12:36:13.122 [main                     ] DEBUG GameApplication      - Logging settings
Title: Suika FXGL
Version: 0.1
Width: 1280
Height: 720
Fullscreen: false
Intro: false
Profiling: false
Single step:false
App Mode: DEVELOPER
Menu Key: ESCAPE
Stage Style: DECORATED
Scene Factory: class com.almasb.fxgl.app.scene.SceneFactory

12:36:13.647 [JavaFX Application Thread] DEBUG FXGLApplication      - Initializing FXGL
12:36:13.651 [JavaFX Application Thread] INFO  Engine               - FXGL-21 (28.12.2023 13.35) on WINDOWS (J:21.0.2 FX:21.0.1)
12:36:13.651 [JavaFX Application Thread] DEBUG Engine               - JRE Vendor Name: Oracle Corporation
12:36:13.652 [JavaFX Application Thread] DEBUG Engine               - Running on OS: Windows 10 version 10.0
12:36:13.652 [JavaFX Application Thread] DEBUG Engine               - Architecture: amd64
12:36:13.652 [JavaFX Application Thread] INFO  Engine               - Source code and latest versions at: https://github.com/AlmasB/FXGL
12:36:13.653 [JavaFX Application Thread] INFO  Engine               -       Ask questions and discuss at: https://github.com/AlmasB/FXGL/discussions
12:36:13.653 [JavaFX Application Thread] INFO  Engine               -              Join the FXGL chat at: https://gitter.im/AlmasB/FXGL
12:36:13.812 [JavaFX Application Thread] DEBUG PrimaryStageWindow   - Creating a JavaFX scene
12:36:13.877 [JavaFX Application Thread] DEBUG PrimaryStageWindow   - Target settings size: 1280.0 x 720.0
12:36:13.878 [JavaFX Application Thread] DEBUG PrimaryStageWindow   - Scaled scene size:    1280.0 x 720.0
12:36:13.878 [JavaFX Application Thread] DEBUG PrimaryStageWindow   - Scaled ratio: (1.0, 1.0)
12:36:13.880 [JavaFX Application Thread] DEBUG PrimaryStageWindow   - Set initial scene to FXGLStartupScene
12:36:13.884 [JavaFX Application Thread] DEBUG PrimaryStageWindow   - Opening main window
12:36:13.992 [JavaFX Application Thread] DEBUG PrimaryStageWindow   - Window border size: (16.0, 39.0)
12:36:13.992 [JavaFX Application Thread] DEBUG PrimaryStageWindow   - Scaled size: 1280.0 x 720.0
12:36:13.992 [JavaFX Application Thread] DEBUG PrimaryStageWindow   - Scaled ratio: (1.0, 1.0)
12:36:13.993 [JavaFX Application Thread] DEBUG PrimaryStageWindow   - Scene size: 1280.0 x 720.0
12:36:13.993 [JavaFX Application Thread] DEBUG PrimaryStageWindow   - Stage size: 1296.0 x 759.0
12:36:14.003 [FXGL Background Thread 1 ] DEBUG Engine               - Initializing environment variables
12:36:14.079 [FXGL Background Thread 1 ] DEBUG FXGLAssetLoaderServi - User app class for loading assets: class com.lucenstuff.fxglgames.suikagame.SuikaGame
12:36:14.079 [FXGL Background Thread 1 ] DEBUG GameApplicationServi - Applying CSS: fxgl_dark.css
12:36:14.080 [FXGL Background Thread 1 ] DEBUG FXGLAssetLoaderServi - Loading from file system: jar:file:/C:/Users/agust/.m2/repository/com/github/almasb/fxgl/21/fxgl-21.jar!/fxglassets/ui/css/fxgl_dark.css
12:36:14.147 [FXGL Background Thread 1 ] DEBUG GameApplicationServi - Initializing application scenes
12:36:14.246 [FXGL Background Thread 1 ] DEBUG GameWorld            - Game world initialized
12:36:14.321 [FXGL Background Thread 1 ] DEBUG PhysicsWorld         - Physics world initialized: appHeight=720, physics.ppm=50,0
12:36:14.321 [FXGL Background Thread 1 ] DEBUG PhysicsWorld         - Using strategy: BRUTE_FORCE
12:36:14.324 [FXGL Background Thread 1 ] DEBUG GameScene            - Game scene initialized: 1280x720
12:36:14.340 [FXGL Background Thread 1 ] DEBUG FXGL.DefaultMenu     - createMenuBodyGameMenu()
12:36:14.359 [FXGL Background Thread 1 ] DEBUG FXGL.DefaultMenu     - createOptionsMenu()
12:36:14.371 [FXGL Background Thread 1 ] DEBUG FXGLAssetLoaderServi - Loading from file system: jar:file:/C:/Users/agust/.m2/repository/com/github/almasb/fxgl/21/fxgl-21.jar!/fxglassets/textures/particles/smoke.png
12:36:14.495 [FXGL Background Thread 1 ] DEBUG FXGLAssetLoaderServi - Loading from file system: jar:file:/C:/Users/agust/.m2/repository/com/github/almasb/fxgl/21/fxgl-21.jar!/fxglassets/textures/particles/trace_horizontal.png
12:36:14.531 [FXGL Background Thread 1 ] DEBUG GameApplicationServi - Application scenes initialized
12:36:14.547 [FXGL Background Thread 1 ] DEBUG SystemBundleService  - Loading FXGL system data
12:36:14.552 [FXGL Background Thread 1 ] DEBUG FileSystemAccess     - Reading from: C:\Users\agust\IdeaProjects\SuikaGameJavaFXGL2\system\fxgl.bundle
12:36:14.563 [FXGL Background Thread 1 ] DEBUG SystemBundleService  - Bundle FXGL: {}
12:36:14.563 [FXGL Background Thread 1 ] DEBUG UpdaterService       - Checking for updates
12:36:14.614 [FXGL Background Thread 1 ] DEBUG FXGLApplication      - Loading default localization
12:36:14.615 [FXGL Background Thread 1 ] DEBUG FXGLAssetLoaderServi - Loading from file system: jar:file:/C:/Users/agust/.m2/repository/com/github/almasb/fxgl/21/fxgl-21.jar!/fxglassets/languages/english.lang
12:36:14.638 [FXGL Background Thread 4 ] DEBUG FXGLApplication      - Loading fonts
12:36:14.638 [FXGL Background Thread 4 ] DEBUG FXGLAssetLoaderServi - Loading from file system: jar:file:/C:/Users/agust/.m2/repository/com/github/almasb/fxgl/21/fxgl-21.jar!/fxglassets/ui/fonts/VarelaRound-Regular.ttf
12:36:14.650 [FXGL Background Thread 1 ] INFO  FXGLApplication      - FXGL initialization took: 0,646 sec
12:36:14.651 [JavaFX Application Thread] DEBUG FXGLAssetLoaderServi - Loading from file system: file:/C:/Users/agust/IdeaProjects/SuikaGameJavaFXGL2/target/classes/assets/textures/watermelon_view.png
12:36:14.691 [JavaFX Application Thread] DEBUG FXGLAssetLoaderServi - Loading from file system: jar:file:/C:/Users/agust/.m2/repository/com/github/almasb/fxgl/21/fxgl-21.jar!/fxglassets/textures/fxgl_default_cursor.png
12:36:14.705 [JavaFX Application Thread] DEBUG Input                - Registered new binding: Screenshot - CTRL+8
12:36:14.705 [FXGL Background Thread 4 ] DEBUG FXGLAssetLoaderServi - Loading from file system: jar:file:/C:/Users/agust/.m2/repository/com/github/almasb/fxgl/21/fxgl-21.jar!/fxglassets/ui/fonts/Abel-Regular.ttf
12:36:14.708 [JavaFX Application Thread] DEBUG Input                - Registered new binding: Dev Options - 1
12:36:14.708 [JavaFX Application Thread] DEBUG Input                - Registered new binding: Dev Console - 2
12:36:14.709 [JavaFX Application Thread] DEBUG Input                - Registered new binding: System info dump - CTRL+9
12:36:14.709 [JavaFX Application Thread] DEBUG Input                - Registered new binding: Restart - CTRL+R
12:36:14.710 [JavaFX Application Thread] DEBUG Input                - Registered new binding: Toggle Debug Camera - CTRL+7
12:36:14.715 [JavaFX Application Thread] DEBUG LoopRunner           - Starting loop
12:36:14.744 [FXGL Background Thread 4 ] DEBUG FXGLAssetLoaderServi - Loading from file system: jar:file:/C:/Users/agust/.m2/repository/com/github/almasb/fxgl/21/fxgl-21.jar!/fxglassets/ui/fonts/TerminalLandMono-Regular.otf
12:36:14.751 [JavaFX Application Thread] DEBUG LoopRunner           - Initializing JavaFX AnimationTimerLoop
12:36:14.754 [JavaFX Application Thread] DEBUG GameApplicationServi - Starting new game
12:36:14.754 [JavaFX Application Thread] DEBUG Input                - Clearing active input actions
12:36:14.776 [JavaFX Application Thread] DEBUG GameApplicationServi - Removing overlay from FXGLStartupScene and adding to FXGLLoadingScene
12:36:14.781 [JavaFX Application Thread] DEBUG PrimaryStageWindow   - FXGLStartupScene -> FXGLLoadingScene
12:36:14.782 [JavaFX Application Thread] DEBUG GameApplicationServi - Clearing previous game
12:36:14.782 [JavaFX Application Thread] DEBUG GameScene            - Clearing game scene
12:36:14.782 [JavaFX Application Thread] DEBUG GameWorld            - Clearing game world
12:36:14.782 [JavaFX Application Thread] DEBUG PhysicsWorld         - Clearing physics world
12:36:14.784 [FXGL Background Thread 1 ] DEBUG FXGLApplication      - Initializing game
12:36:14.807 [FXGL Background Thread 4 ] DEBUG FXGLAssetLoaderServi - Loading from file system: jar:file:/C:/Users/agust/.m2/repository/com/github/almasb/fxgl/21/fxgl-21.jar!/fxglassets/ui/fonts/Courier-Prime.ttf
12:36:14.869 [FXGL Background Thread 1 ] DEBUG FXGLAssetLoaderServi - Loading from file system: file:/C:/Users/agust/IdeaProjects/SuikaGameJavaFXGL2/target/classes/assets/textures/background_view.png
12:36:14.898 [FXGL Background Thread 1 ] DEBUG FXGLAssetLoaderServi - Loading from file system: file:/C:/Users/agust/IdeaProjects/SuikaGameJavaFXGL2/target/classes/assets/textures/container_view.png
12:36:14.915 [FXGL Background Thread 1 ] DEBUG FXGLAssetLoaderServi - Loading from file system: file:/C:/Users/agust/IdeaProjects/SuikaGameJavaFXGL2/target/classes/assets/textures/ring_view.png
12:36:14.936 [FXGL Background Thread 1 ] DEBUG FXGLAssetLoaderServi - Loading from file system: file:/C:/Users/agust/IdeaProjects/SuikaGameJavaFXGL2/target/classes/assets/textures/next_fruit_view.png
12:36:14.954 [FXGL Background Thread 1 ] DEBUG FXGLAssetLoaderServi - Loading from file system: file:/C:/Users/agust/IdeaProjects/SuikaGameJavaFXGL2/target/classes/assets/textures/score_view.png
12:36:14.962 [FXGL Background Thread 1 ] DEBUG FXGLAssetLoaderServi - Loading from file system: file:/C:/Users/agust/IdeaProjects/SuikaGameJavaFXGL2/target/classes/assets/textures/strawberry_view.png
12:36:14.964 [FXGL Background Thread 1 ] DEBUG FXGLAssetLoaderServi - Loading from file system: file:/C:/Users/agust/IdeaProjects/SuikaGameJavaFXGL2/target/classes/assets/textures/cherry_view.png
12:36:14.967 [FXGL Background Thread 1 ] DEBUG FXGLAssetLoaderServi - Loading from file system: file:/C:/Users/agust/IdeaProjects/SuikaGameJavaFXGL2/target/classes/assets/textures/lemon_view.png
12:36:14.969 [FXGL Background Thread 1 ] INFO  FXGLApplication      - Game initialization took: 0,185 sec
12:36:15.118 [JavaFX Application Thread] DEBUG FXGLApplication      - Registering font factories with UI factory
12:36:15.126 [JavaFX Application Thread] DEBUG Input                - Clearing active input actions
12:36:15.137 [JavaFX Application Thread] DEBUG GameApplicationServi - Removing overlay from FXGLLoadingScene and adding to GameScene
12:36:15.142 [JavaFX Application Thread] DEBUG PrimaryStageWindow   - FXGLLoadingScene -> GameScene
12:36:16.599 [JavaFX Application Thread] DEBUG FXGLAssetLoaderServi - Loading from file system: file:/C:/Users/agust/IdeaProjects/SuikaGameJavaFXGL2/target/classes/assets/textures/grape_view.png
12:36:16.602 [JavaFX Application Thread] DEBUG FXGLAssetLoaderServi - Loading from file system: file:/C:/Users/agust/IdeaProjects/SuikaGameJavaFXGL2/target/classes/assets/sounds/fruit_drop.wav
12:36:17.611 [FXGL Background Thread 3 ] DEBUG Engine               - Logging environment variables
12:36:17.612 [FXGL Background Thread 3 ] DEBUG Engine               - achievements: []
12:36:17.613 [FXGL Background Thread 3 ] DEBUG Engine               - actualHeight: 720.0
12:36:17.613 [FXGL Background Thread 3 ] DEBUG Engine               - actualHeightProperty: ReadOnlyDoubleProperty [value: 720.0]
12:36:17.613 [FXGL Background Thread 3 ] DEBUG Engine               - actualWidth: 1280.0
12:36:17.614 [FXGL Background Thread 3 ] DEBUG Engine               - actualWidthProperty: ReadOnlyDoubleProperty [value: 1280.0]
12:36:17.614 [FXGL Background Thread 3 ] DEBUG Engine               - appIcon: watermelon_view.png
12:36:17.614 [FXGL Background Thread 3 ] DEBUG Engine               - applicationMode: DEVELOPER
12:36:17.614 [FXGL Background Thread 3 ] DEBUG Engine               - cSSList: [fxgl_dark.css]
12:36:17.614 [FXGL Background Thread 3 ] DEBUG Engine               - collisionDetectionStrategy: BRUTE_FORCE
12:36:17.614 [FXGL Background Thread 3 ] DEBUG Engine               - configClass: Optional.empty
12:36:17.614 [FXGL Background Thread 3 ] DEBUG Engine               - credits: []
12:36:17.615 [FXGL Background Thread 3 ] DEBUG Engine               - defaultCursor: CursorInfo(imageName=fxgl_default_cursor.png, hotspotX=7.0, hotspotY=6.0)
12:36:17.615 [FXGL Background Thread 3 ] DEBUG Engine               - devBBoxColorProperty: ObjectProperty [value: 0xff0000ff]
12:36:17.615 [FXGL Background Thread 3 ] DEBUG Engine               - devEnableDebugCameraProperty: BooleanProperty [value: false]
12:36:17.616 [FXGL Background Thread 3 ] DEBUG Engine               - devSensorColorProperty: ObjectProperty [value: 0xffff00ff]
12:36:17.616 [FXGL Background Thread 3 ] DEBUG Engine               - devShowBBoxProperty: BooleanProperty [value: false]
12:36:17.616 [FXGL Background Thread 3 ] DEBUG Engine               - devShowPositionProperty: BooleanProperty [value: false]
12:36:17.616 [FXGL Background Thread 3 ] DEBUG Engine               - enabledMenuItems: []
12:36:17.616 [FXGL Background Thread 3 ] DEBUG Engine               - engineServices: [class com.almasb.fxgl.app.services.FXGLAssetLoaderService, class com.almasb.fxgl.app.FXGLApplication$GameApplicationService, class com.almasb.fxgl.app.services.FXGLDialogService, class com.almasb.fxgl.app.services.IOTaskExecutorService, class com.almasb.fxgl.io.FileSystemService, class com.almasb.fxgl.localization.LocalizationService, class com.almasb.fxgl.app.services.SystemBundleService, class com.almasb.fxgl.profile.SaveLoadService, class com.almasb.fxgl.ui.FXGLUIFactoryServiceProvider, class com.almasb.fxgl.ui.FXGLDialogFactoryServiceProvider, class com.almasb.fxgl.audio.AudioPlayer, class com.almasb.fxgl.notification.impl.NotificationServiceProvider, class com.almasb.fxgl.achievement.AchievementService, class com.almasb.fxgl.cutscene.CutsceneService, class com.almasb.fxgl.minigames.MiniGameService, class com.almasb.fxgl.net.NetService, class com.almasb.fxgl.app.services.UpdaterService, class com.almasb.fxgl.dev.DevService]
12:36:17.616 [FXGL Background Thread 3 ] DEBUG Engine               - fontGame: Abel-Regular.ttf
12:36:17.616 [FXGL Background Thread 3 ] DEBUG Engine               - fontMono: TerminalLandMono-Regular.otf
12:36:17.616 [FXGL Background Thread 3 ] DEBUG Engine               - fontSizeScaleUI: 1.0
12:36:17.616 [FXGL Background Thread 3 ] DEBUG Engine               - fontText: Courier-Prime.ttf
12:36:17.616 [FXGL Background Thread 3 ] DEBUG Engine               - fontUI: VarelaRound-Regular.ttf
12:36:17.616 [FXGL Background Thread 3 ] DEBUG Engine               - fullScreen: BooleanProperty [value: false]
12:36:17.616 [FXGL Background Thread 3 ] DEBUG Engine               - gameDifficulty: MEDIUM
12:36:17.616 [FXGL Background Thread 3 ] DEBUG Engine               - gameDifficultyProperty: ObjectProperty [value: MEDIUM]
12:36:17.616 [FXGL Background Thread 3 ] DEBUG Engine               - globalMusicVolume: 0.5
12:36:17.617 [FXGL Background Thread 3 ] DEBUG Engine               - globalMusicVolumeProperty: DoubleProperty [value: 0.5]
12:36:17.617 [FXGL Background Thread 3 ] DEBUG Engine               - globalSoundVolume: 0.5
12:36:17.617 [FXGL Background Thread 3 ] DEBUG Engine               - globalSoundVolumeProperty: DoubleProperty [value: 0.5]
12:36:17.617 [FXGL Background Thread 3 ] DEBUG Engine               - height: 720
12:36:17.617 [FXGL Background Thread 3 ] DEBUG Engine               - is3D: false
12:36:17.617 [FXGL Background Thread 3 ] DEBUG Engine               - isAndroid: false
12:36:17.617 [FXGL Background Thread 3 ] DEBUG Engine               - isBrowser: false
12:36:17.617 [FXGL Background Thread 3 ] DEBUG Engine               - isClickFeedbackEnabled: false
12:36:17.617 [FXGL Background Thread 3 ] DEBUG Engine               - isCloseConfirmation: false
12:36:17.617 [FXGL Background Thread 3 ] DEBUG Engine               - isDesktop: true
12:36:17.617 [FXGL Background Thread 3 ] DEBUG Engine               - isDeveloperMenuEnabled: true
12:36:17.617 [FXGL Background Thread 3 ] DEBUG Engine               - isEmbedded: false
12:36:17.617 [FXGL Background Thread 3 ] DEBUG Engine               - isEntityPreloadEnabled: true
12:36:17.617 [FXGL Background Thread 3 ] DEBUG Engine               - isExperimentalTiledLargeMap: false
12:36:17.617 [FXGL Background Thread 3 ] DEBUG Engine               - isFileSystemWriteAllowed: true
12:36:17.618 [FXGL Background Thread 3 ] DEBUG Engine               - isFullScreenAllowed: false
12:36:17.618 [FXGL Background Thread 3 ] DEBUG Engine               - isFullScreenFromStart: false
12:36:17.618 [FXGL Background Thread 3 ] DEBUG Engine               - isGameMenuEnabled: true
12:36:17.618 [FXGL Background Thread 3 ] DEBUG Engine               - isIOS: false
12:36:17.618 [FXGL Background Thread 3 ] DEBUG Engine               - isIntroEnabled: false
12:36:17.618 [FXGL Background Thread 3 ] DEBUG Engine               - isLinux: false
12:36:17.618 [FXGL Background Thread 3 ] DEBUG Engine               - isMac: false
12:36:17.618 [FXGL Background Thread 3 ] DEBUG Engine               - isMainMenuEnabled: false
12:36:17.618 [FXGL Background Thread 3 ] DEBUG Engine               - isManualResizeEnabled: false
12:36:17.618 [FXGL Background Thread 3 ] DEBUG Engine               - isMobile: false
12:36:17.618 [FXGL Background Thread 3 ] DEBUG Engine               - isNative: false
12:36:17.618 [FXGL Background Thread 3 ] DEBUG Engine               - isPauseMusicWhenMinimized: true
12:36:17.618 [FXGL Background Thread 3 ] DEBUG Engine               - isPreserveResizeRatio: false
12:36:17.618 [FXGL Background Thread 3 ] DEBUG Engine               - isProfilingEnabled: false
12:36:17.618 [FXGL Background Thread 3 ] DEBUG Engine               - isScaleAffectedOnResize: true
12:36:17.618 [FXGL Background Thread 3 ] DEBUG Engine               - isSingleStep: false
12:36:17.618 [FXGL Background Thread 3 ] DEBUG Engine               - isUserProfileEnabled: false
12:36:17.618 [FXGL Background Thread 3 ] DEBUG Engine               - isWindows: true
12:36:17.619 [FXGL Background Thread 3 ] DEBUG Engine               - language: ObjectProperty [value: ENGLISH]
12:36:17.619 [FXGL Background Thread 3 ] DEBUG Engine               - menuKey: ESCAPE
12:36:17.619 [FXGL Background Thread 3 ] DEBUG Engine               - mouseSensitivity: 0.2
12:36:17.619 [FXGL Background Thread 3 ] DEBUG Engine               - notificationViewClass: class com.almasb.fxgl.notification.view.XboxNotificationView
12:36:17.619 [FXGL Background Thread 3 ] DEBUG Engine               - pixelsPerMeter: 50.0
12:36:17.619 [FXGL Background Thread 3 ] DEBUG Engine               - platform: WINDOWS
12:36:17.619 [FXGL Background Thread 3 ] DEBUG Engine               - prefHeightProperty: ReadOnlyDoubleProperty [value: 720.0]
12:36:17.619 [FXGL Background Thread 3 ] DEBUG Engine               - prefWidthProperty: ReadOnlyDoubleProperty [value: 1280.0]
12:36:17.619 [FXGL Background Thread 3 ] DEBUG Engine               - profileDir: profiles/
12:36:17.619 [FXGL Background Thread 3 ] DEBUG Engine               - profileName: StringProperty [value: DEFAULT]
12:36:17.619 [FXGL Background Thread 3 ] DEBUG Engine               - randomSeed: -1
12:36:17.620 [FXGL Background Thread 3 ] DEBUG Engine               - runtimeInfo: RuntimeInfo(platform=WINDOWS, version=21, build=28.12.2023 13.35)
12:36:17.620 [FXGL Background Thread 3 ] DEBUG Engine               - saveFileExt: sav
12:36:17.620 [FXGL Background Thread 3 ] DEBUG Engine               - scaledHeightProp$fxgl: DoubleProperty [bound, value: 720.0]
12:36:17.620 [FXGL Background Thread 3 ] DEBUG Engine               - scaledWidthProp$fxgl: DoubleProperty [bound, value: 1280.0]
12:36:17.620 [FXGL Background Thread 3 ] DEBUG Engine               - sceneFactory: com.almasb.fxgl.app.scene.SceneFactory@531fc996
12:36:17.620 [FXGL Background Thread 3 ] DEBUG Engine               - secondsIn24h: 60
12:36:17.620 [FXGL Background Thread 3 ] DEBUG Engine               - soundMenuBack: menu/back.wav
12:36:17.620 [FXGL Background Thread 3 ] DEBUG Engine               - soundMenuPress: menu/press.wav
12:36:17.620 [FXGL Background Thread 3 ] DEBUG Engine               - soundMenuSelect: menu/select.wav
12:36:17.620 [FXGL Background Thread 3 ] DEBUG Engine               - soundNotification: core/notification.wav
12:36:17.621 [FXGL Background Thread 3 ] DEBUG Engine               - stageStyle: DECORATED
12:36:17.621 [FXGL Background Thread 3 ] DEBUG Engine               - supportedLanguages: [ENGLISH, FRENCH, GERMAN, HUNGARIAN, RUSSIAN]
12:36:17.621 [FXGL Background Thread 3 ] DEBUG Engine               - ticksPerSecond: -1
12:36:17.621 [FXGL Background Thread 3 ] DEBUG Engine               - title: Suika FXGL
12:36:17.621 [FXGL Background Thread 3 ] DEBUG Engine               - urlGithub: https://github.com/AlmasB/FXGL
12:36:17.621 [FXGL Background Thread 3 ] DEBUG Engine               - urlLeaderboard: http://fxgl-top.herokuapp.com/
12:36:17.621 [FXGL Background Thread 3 ] DEBUG Engine               - urlPOM: https://raw.githubusercontent.com/AlmasB/FXGL/release/README.md
12:36:17.621 [FXGL Background Thread 3 ] DEBUG Engine               - userAppClass: class com.lucenstuff.fxglgames.suikagame.SuikaGame
12:36:17.621 [FXGL Background Thread 3 ] DEBUG Engine               - version: 0.1
12:36:17.621 [FXGL Background Thread 3 ] DEBUG Engine               - versionCheckDays: 7
12:36:17.621 [FXGL Background Thread 3 ] DEBUG Engine               - width: 1280
12:36:17.621 [FXGL Background Thread 3 ] DEBUG Engine               - Logging services
12:36:17.621 [FXGL Background Thread 3 ] DEBUG Engine               - class com.almasb.fxgl.app.services.FXGLAssetLoaderService
12:36:17.622 [FXGL Background Thread 3 ] DEBUG Engine               - class com.almasb.fxgl.app.FXGLApplication$GameApplicationService
12:36:17.622 [FXGL Background Thread 3 ] DEBUG Engine               - class com.almasb.fxgl.app.services.FXGLDialogService
12:36:17.622 [FXGL Background Thread 3 ] DEBUG Engine               - class com.almasb.fxgl.app.services.IOTaskExecutorService
12:36:17.622 [FXGL Background Thread 3 ] DEBUG Engine               - class com.almasb.fxgl.io.FileSystemService
12:36:17.622 [FXGL Background Thread 3 ] DEBUG Engine               - class com.almasb.fxgl.localization.LocalizationService
12:36:17.622 [FXGL Background Thread 3 ] DEBUG Engine               - class com.almasb.fxgl.app.services.SystemBundleService
12:36:17.622 [FXGL Background Thread 3 ] DEBUG Engine               - class com.almasb.fxgl.profile.SaveLoadService
12:36:17.623 [FXGL Background Thread 3 ] DEBUG Engine               - class com.almasb.fxgl.ui.FXGLUIFactoryServiceProvider
12:36:17.623 [FXGL Background Thread 3 ] DEBUG Engine               - class com.almasb.fxgl.ui.FXGLDialogFactoryServiceProvider
12:36:17.623 [FXGL Background Thread 3 ] DEBUG Engine               - class com.almasb.fxgl.audio.AudioPlayer
12:36:17.623 [FXGL Background Thread 3 ] DEBUG Engine               - class com.almasb.fxgl.notification.impl.NotificationServiceProvider
12:36:17.623 [FXGL Background Thread 3 ] DEBUG Engine               - class com.almasb.fxgl.achievement.AchievementService
12:36:17.623 [FXGL Background Thread 3 ] DEBUG Engine               - class com.almasb.fxgl.cutscene.CutsceneService
12:36:17.623 [FXGL Background Thread 3 ] DEBUG Engine               - class com.almasb.fxgl.minigames.MiniGameService
12:36:17.623 [FXGL Background Thread 3 ] DEBUG Engine               - class com.almasb.fxgl.net.NetService
12:36:17.623 [FXGL Background Thread 3 ] DEBUG Engine               - class com.almasb.fxgl.app.services.UpdaterService
12:36:17.623 [FXGL Background Thread 3 ] DEBUG Engine               - class com.almasb.fxgl.dev.DevService
12:36:18.113 [JavaFX Application Thread] DEBUG FXGLAssetLoaderServi - Loading from file system: file:/C:/Users/agust/IdeaProjects/SuikaGameJavaFXGL2/target/classes/assets/textures/orange_view.png
12:36:19.303 [JavaFX Application Thread] DEBUG FXGLAssetLoaderServi - Loading from file system: file:/C:/Users/agust/IdeaProjects/SuikaGameJavaFXGL2/target/classes/assets/textures/apple_view.png
12:36:20.357 [JavaFX Application Thread] DEBUG FXGLApplication      - Exiting FXGL
12:36:20.357 [JavaFX Application Thread] DEBUG LoopRunner           - Stopping loop
12:36:20.357 [JavaFX Application Thread] DEBUG SystemBundleService  - Saving FXGL system data
12:36:20.359 [JavaFX Application Thread] DEBUG FileSystemAccess     - Writing to: C:\Users\agust\IdeaProjects\SuikaGameJavaFXGL2\system\fxgl.bundle
12:36:20.362 [JavaFX Application Thread] DEBUG Async                - Shutting down background threads
12:36:20.362 [JavaFX Application Thread] DEBUG PrimaryStageWindow   - Closing main window
12:36:20.378 [JavaFX Application Thread] DEBUG Logger               - Closing Logger
