12:14:55.582 [main                     ] DEBUG Logger               - Configured Logger
12:14:55.612 [main                     ] DEBUG GameApplication      - Logging settings
Title: Suika FXGL
Version: 0.1
Width: 1280
Height: 720
Fullscreen: false
Intro: false
Profiling: false
Single step:false
App Mode: DEVELOPER
Menu Key: ESCAPE
Stage Style: DECORATED
Scene Factory: class com.almasb.fxgl.app.scene.SceneFactory

12:14:56.141 [JavaFX Application Thread] DEBUG FXGLApplication      - Initializing FXGL
12:14:56.145 [JavaFX Application Thread] INFO  Engine               - FXGL-21 (28.12.2023 13.35) on WINDOWS (J:21.0.2 FX:21.0.1)
12:14:56.145 [JavaFX Application Thread] DEBUG Engine               - JRE Vendor Name: Oracle Corporation
12:14:56.146 [JavaFX Application Thread] DEBUG Engine               - Running on OS: Windows 10 version 10.0
12:14:56.146 [JavaFX Application Thread] DEBUG Engine               - Architecture: amd64
12:14:56.146 [JavaFX Application Thread] INFO  Engine               - Source code and latest versions at: https://github.com/AlmasB/FXGL
12:14:56.146 [JavaFX Application Thread] INFO  Engine               -       Ask questions and discuss at: https://github.com/AlmasB/FXGL/discussions
12:14:56.146 [JavaFX Application Thread] INFO  Engine               -              Join the FXGL chat at: https://gitter.im/AlmasB/FXGL
12:14:56.310 [JavaFX Application Thread] DEBUG PrimaryStageWindow   - Creating a JavaFX scene
12:14:56.380 [JavaFX Application Thread] DEBUG PrimaryStageWindow   - Target settings size: 1280.0 x 720.0
12:14:56.381 [JavaFX Application Thread] DEBUG PrimaryStageWindow   - Scaled scene size:    1280.0 x 720.0
12:14:56.381 [JavaFX Application Thread] DEBUG PrimaryStageWindow   - Scaled ratio: (1.0, 1.0)
12:14:56.382 [JavaFX Application Thread] DEBUG PrimaryStageWindow   - Set initial scene to FXGLStartupScene
12:14:56.386 [JavaFX Application Thread] DEBUG PrimaryStageWindow   - Opening main window
12:14:56.498 [JavaFX Application Thread] DEBUG PrimaryStageWindow   - Window border size: (16.0, 39.0)
12:14:56.498 [JavaFX Application Thread] DEBUG PrimaryStageWindow   - Scaled size: 1280.0 x 720.0
12:14:56.499 [JavaFX Application Thread] DEBUG PrimaryStageWindow   - Scaled ratio: (1.0, 1.0)
12:14:56.499 [JavaFX Application Thread] DEBUG PrimaryStageWindow   - Scene size: 1280.0 x 720.0
12:14:56.500 [JavaFX Application Thread] DEBUG PrimaryStageWindow   - Stage size: 1296.0 x 759.0
12:14:56.509 [FXGL Background Thread 1 ] DEBUG Engine               - Initializing environment variables
12:14:56.590 [FXGL Background Thread 1 ] DEBUG FXGLAssetLoaderServi - User app class for loading assets: class com.lucenstuff.fxglgames.suikagame.SuikaGame
12:14:56.591 [FXGL Background Thread 1 ] DEBUG GameApplicationServi - Applying CSS: fxgl_dark.css
12:14:56.591 [FXGL Background Thread 1 ] DEBUG FXGLAssetLoaderServi - Loading from file system: jar:file:/C:/Users/agust/.m2/repository/com/github/almasb/fxgl/21/fxgl-21.jar!/fxglassets/ui/css/fxgl_dark.css
12:14:56.658 [FXGL Background Thread 1 ] DEBUG GameApplicationServi - Initializing application scenes
12:14:56.761 [FXGL Background Thread 1 ] DEBUG GameWorld            - Game world initialized
12:14:56.849 [FXGL Background Thread 1 ] DEBUG PhysicsWorld         - Physics world initialized: appHeight=720, physics.ppm=50,0
12:14:56.850 [FXGL Background Thread 1 ] DEBUG PhysicsWorld         - Using strategy: BRUTE_FORCE
12:14:56.854 [FXGL Background Thread 1 ] DEBUG GameScene            - Game scene initialized: 1280x720
12:14:56.871 [FXGL Background Thread 1 ] DEBUG FXGL.DefaultMenu     - createMenuBodyGameMenu()
12:14:56.892 [FXGL Background Thread 1 ] DEBUG FXGL.DefaultMenu     - createOptionsMenu()
12:14:56.905 [FXGL Background Thread 1 ] DEBUG FXGLAssetLoaderServi - Loading from file system: jar:file:/C:/Users/agust/.m2/repository/com/github/almasb/fxgl/21/fxgl-21.jar!/fxglassets/textures/particles/smoke.png
12:14:57.018 [FXGL Background Thread 1 ] DEBUG FXGLAssetLoaderServi - Loading from file system: jar:file:/C:/Users/agust/.m2/repository/com/github/almasb/fxgl/21/fxgl-21.jar!/fxglassets/textures/particles/trace_horizontal.png
12:14:57.064 [FXGL Background Thread 1 ] DEBUG GameApplicationServi - Application scenes initialized
12:14:57.080 [FXGL Background Thread 1 ] DEBUG SystemBundleService  - Loading FXGL system data
12:14:57.085 [FXGL Background Thread 1 ] DEBUG FileSystemAccess     - Reading from: C:\Users\agust\IdeaProjects\SuikaGameJavaFXGL2\system\fxgl.bundle
12:14:57.097 [FXGL Background Thread 1 ] DEBUG SystemBundleService  - Bundle FXGL: {}
12:14:57.098 [FXGL Background Thread 1 ] DEBUG UpdaterService       - Checking for updates
12:14:57.144 [FXGL Background Thread 1 ] DEBUG FXGLApplication      - Loading default localization
12:14:57.145 [FXGL Background Thread 1 ] DEBUG FXGLAssetLoaderServi - Loading from file system: jar:file:/C:/Users/agust/.m2/repository/com/github/almasb/fxgl/21/fxgl-21.jar!/fxglassets/languages/english.lang
12:14:57.178 [FXGL Background Thread 1 ] INFO  FXGLApplication      - FXGL initialization took: 0,669 sec
12:14:57.180 [JavaFX Application Thread] DEBUG FXGLAssetLoaderServi - Loading from file system: file:/C:/Users/agust/IdeaProjects/SuikaGameJavaFXGL2/target/classes/assets/textures/watermelon_view.png
12:14:57.208 [FXGL Background Thread 4 ] DEBUG FXGLApplication      - Loading fonts
12:14:57.209 [FXGL Background Thread 4 ] DEBUG FXGLAssetLoaderServi - Loading from file system: jar:file:/C:/Users/agust/.m2/repository/com/github/almasb/fxgl/21/fxgl-21.jar!/fxglassets/ui/fonts/VarelaRound-Regular.ttf
12:14:57.239 [JavaFX Application Thread] DEBUG FXGLAssetLoaderServi - Loading from file system: jar:file:/C:/Users/agust/.m2/repository/com/github/almasb/fxgl/21/fxgl-21.jar!/fxglassets/textures/fxgl_default_cursor.png
12:14:57.261 [JavaFX Application Thread] DEBUG Input                - Registered new binding: Screenshot - CTRL+8
12:14:57.261 [JavaFX Application Thread] DEBUG Input                - Registered new binding: Dev Options - 1
12:14:57.262 [JavaFX Application Thread] DEBUG Input                - Registered new binding: Dev Console - 2
12:14:57.263 [JavaFX Application Thread] DEBUG Input                - Registered new binding: System info dump - CTRL+9
12:14:57.264 [JavaFX Application Thread] DEBUG Input                - Registered new binding: Restart - CTRL+R
12:14:57.264 [JavaFX Application Thread] DEBUG Input                - Registered new binding: Toggle Debug Camera - CTRL+7
12:14:57.269 [JavaFX Application Thread] DEBUG LoopRunner           - Starting loop
12:14:57.334 [FXGL Background Thread 4 ] DEBUG FXGLAssetLoaderServi - Loading from file system: jar:file:/C:/Users/agust/.m2/repository/com/github/almasb/fxgl/21/fxgl-21.jar!/fxglassets/ui/fonts/Abel-Regular.ttf
12:14:57.342 [JavaFX Application Thread] DEBUG LoopRunner           - Initializing JavaFX AnimationTimerLoop
12:14:57.354 [JavaFX Application Thread] DEBUG GameApplicationServi - Starting new game
12:14:57.355 [JavaFX Application Thread] DEBUG Input                - Clearing active input actions
12:14:57.370 [JavaFX Application Thread] DEBUG GameApplicationServi - Removing overlay from FXGLStartupScene and adding to FXGLLoadingScene
12:14:57.374 [JavaFX Application Thread] DEBUG PrimaryStageWindow   - FXGLStartupScene -> FXGLLoadingScene
12:14:57.374 [JavaFX Application Thread] DEBUG GameApplicationServi - Clearing previous game
12:14:57.374 [JavaFX Application Thread] DEBUG GameScene            - Clearing game scene
12:14:57.374 [JavaFX Application Thread] DEBUG GameWorld            - Clearing game world
12:14:57.375 [JavaFX Application Thread] DEBUG PhysicsWorld         - Clearing physics world
12:14:57.377 [FXGL Background Thread 1 ] DEBUG FXGLApplication      - Initializing game
12:14:57.409 [FXGL Background Thread 1 ] DEBUG FXGLAssetLoaderServi - Loading from file system: file:/C:/Users/agust/IdeaProjects/SuikaGameJavaFXGL2/target/classes/assets/textures/background_view.png
12:14:57.419 [FXGL Background Thread 4 ] DEBUG FXGLAssetLoaderServi - Loading from file system: jar:file:/C:/Users/agust/.m2/repository/com/github/almasb/fxgl/21/fxgl-21.jar!/fxglassets/ui/fonts/TerminalLandMono-Regular.otf
12:14:57.450 [FXGL Background Thread 1 ] DEBUG FXGLAssetLoaderServi - Loading from file system: file:/C:/Users/agust/IdeaProjects/SuikaGameJavaFXGL2/target/classes/assets/textures/container_view.png
12:14:57.492 [FXGL Background Thread 4 ] DEBUG FXGLAssetLoaderServi - Loading from file system: jar:file:/C:/Users/agust/.m2/repository/com/github/almasb/fxgl/21/fxgl-21.jar!/fxglassets/ui/fonts/Courier-Prime.ttf
12:14:57.498 [FXGL Background Thread 1 ] DEBUG FXGLAssetLoaderServi - Loading from file system: file:/C:/Users/agust/IdeaProjects/SuikaGameJavaFXGL2/target/classes/assets/textures/ring_view.png
12:14:57.504 [FXGL Background Thread 1 ] DEBUG FXGLAssetLoaderServi - Loading from file system: file:/C:/Users/agust/IdeaProjects/SuikaGameJavaFXGL2/target/classes/assets/textures/next_fruit_view.png
12:14:57.508 [FXGL Background Thread 1 ] DEBUG FXGLAssetLoaderServi - Loading from file system: file:/C:/Users/agust/IdeaProjects/SuikaGameJavaFXGL2/target/classes/assets/textures/score_view.png
12:14:57.514 [FXGL Background Thread 1 ] DEBUG FXGLAssetLoaderServi - Loading from file system: file:/C:/Users/agust/IdeaProjects/SuikaGameJavaFXGL2/target/classes/assets/textures/lemon_view.png
12:14:57.516 [FXGL Background Thread 1 ] DEBUG FXGLAssetLoaderServi - Loading from file system: file:/C:/Users/agust/IdeaProjects/SuikaGameJavaFXGL2/target/classes/assets/textures/cherry_view.png
12:14:57.517 [FXGL Background Thread 1 ] DEBUG FXGLAssetLoaderServi - Loading from file system: file:/C:/Users/agust/IdeaProjects/SuikaGameJavaFXGL2/target/classes/assets/textures/orange_view.png
12:14:57.521 [FXGL Background Thread 1 ] INFO  FXGLApplication      - Game initialization took: 0,143 sec
12:14:57.637 [JavaFX Application Thread] DEBUG Input                - Clearing active input actions
12:14:57.646 [JavaFX Application Thread] DEBUG GameApplicationServi - Removing overlay from FXGLLoadingScene and adding to GameScene
12:14:57.651 [JavaFX Application Thread] DEBUG PrimaryStageWindow   - FXGLLoadingScene -> GameScene
12:14:57.652 [JavaFX Application Thread] DEBUG FXGLApplication      - Registering font factories with UI factory
12:15:00.143 [FXGL Background Thread 3 ] DEBUG Engine               - Logging environment variables
12:15:00.145 [FXGL Background Thread 3 ] DEBUG Engine               - achievements: []
12:15:00.146 [FXGL Background Thread 3 ] DEBUG Engine               - actualHeight: 720.0
12:15:00.147 [FXGL Background Thread 3 ] DEBUG Engine               - actualHeightProperty: ReadOnlyDoubleProperty [value: 720.0]
12:15:00.147 [FXGL Background Thread 3 ] DEBUG Engine               - actualWidth: 1280.0
12:15:00.148 [FXGL Background Thread 3 ] DEBUG Engine               - actualWidthProperty: ReadOnlyDoubleProperty [value: 1280.0]
12:15:00.148 [FXGL Background Thread 3 ] DEBUG Engine               - appIcon: watermelon_view.png
12:15:00.148 [FXGL Background Thread 3 ] DEBUG Engine               - applicationMode: DEVELOPER
12:15:00.148 [FXGL Background Thread 3 ] DEBUG Engine               - cSSList: [fxgl_dark.css]
12:15:00.148 [FXGL Background Thread 3 ] DEBUG Engine               - collisionDetectionStrategy: BRUTE_FORCE
12:15:00.148 [FXGL Background Thread 3 ] DEBUG Engine               - configClass: Optional.empty
12:15:00.148 [FXGL Background Thread 3 ] DEBUG Engine               - credits: []
12:15:00.148 [FXGL Background Thread 3 ] DEBUG Engine               - defaultCursor: CursorInfo(imageName=fxgl_default_cursor.png, hotspotX=7.0, hotspotY=6.0)
12:15:00.149 [FXGL Background Thread 3 ] DEBUG Engine               - devBBoxColorProperty: ObjectProperty [value: 0xff0000ff]
12:15:00.149 [FXGL Background Thread 3 ] DEBUG Engine               - devEnableDebugCameraProperty: BooleanProperty [value: false]
12:15:00.149 [FXGL Background Thread 3 ] DEBUG Engine               - devSensorColorProperty: ObjectProperty [value: 0xffff00ff]
12:15:00.149 [FXGL Background Thread 3 ] DEBUG Engine               - devShowBBoxProperty: BooleanProperty [value: false]
12:15:00.149 [FXGL Background Thread 3 ] DEBUG Engine               - devShowPositionProperty: BooleanProperty [value: false]
12:15:00.149 [FXGL Background Thread 3 ] DEBUG Engine               - enabledMenuItems: []
12:15:00.149 [FXGL Background Thread 3 ] DEBUG Engine               - engineServices: [class com.almasb.fxgl.app.services.FXGLAssetLoaderService, class com.almasb.fxgl.app.FXGLApplication$GameApplicationService, class com.almasb.fxgl.app.services.FXGLDialogService, class com.almasb.fxgl.app.services.IOTaskExecutorService, class com.almasb.fxgl.io.FileSystemService, class com.almasb.fxgl.localization.LocalizationService, class com.almasb.fxgl.app.services.SystemBundleService, class com.almasb.fxgl.profile.SaveLoadService, class com.almasb.fxgl.ui.FXGLUIFactoryServiceProvider, class com.almasb.fxgl.ui.FXGLDialogFactoryServiceProvider, class com.almasb.fxgl.audio.AudioPlayer, class com.almasb.fxgl.notification.impl.NotificationServiceProvider, class com.almasb.fxgl.achievement.AchievementService, class com.almasb.fxgl.cutscene.CutsceneService, class com.almasb.fxgl.minigames.MiniGameService, class com.almasb.fxgl.net.NetService, class com.almasb.fxgl.app.services.UpdaterService, class com.almasb.fxgl.dev.DevService]
12:15:00.149 [FXGL Background Thread 3 ] DEBUG Engine               - fontGame: Abel-Regular.ttf
12:15:00.149 [FXGL Background Thread 3 ] DEBUG Engine               - fontMono: TerminalLandMono-Regular.otf
12:15:00.150 [FXGL Background Thread 3 ] DEBUG Engine               - fontSizeScaleUI: 1.0
12:15:00.150 [FXGL Background Thread 3 ] DEBUG Engine               - fontText: Courier-Prime.ttf
12:15:00.150 [FXGL Background Thread 3 ] DEBUG Engine               - fontUI: VarelaRound-Regular.ttf
12:15:00.150 [FXGL Background Thread 3 ] DEBUG Engine               - fullScreen: BooleanProperty [value: false]
12:15:00.150 [FXGL Background Thread 3 ] DEBUG Engine               - gameDifficulty: MEDIUM
12:15:00.150 [FXGL Background Thread 3 ] DEBUG Engine               - gameDifficultyProperty: ObjectProperty [value: MEDIUM]
12:15:00.150 [FXGL Background Thread 3 ] DEBUG Engine               - globalMusicVolume: 0.5
12:15:00.150 [FXGL Background Thread 3 ] DEBUG Engine               - globalMusicVolumeProperty: DoubleProperty [value: 0.5]
12:15:00.150 [FXGL Background Thread 3 ] DEBUG Engine               - globalSoundVolume: 0.5
12:15:00.150 [FXGL Background Thread 3 ] DEBUG Engine               - globalSoundVolumeProperty: DoubleProperty [value: 0.5]
12:15:00.150 [FXGL Background Thread 3 ] DEBUG Engine               - height: 720
12:15:00.150 [FXGL Background Thread 3 ] DEBUG Engine               - is3D: false
12:15:00.150 [FXGL Background Thread 3 ] DEBUG Engine               - isAndroid: false
12:15:00.151 [FXGL Background Thread 3 ] DEBUG Engine               - isBrowser: false
12:15:00.151 [FXGL Background Thread 3 ] DEBUG Engine               - isClickFeedbackEnabled: false
12:15:00.151 [FXGL Background Thread 3 ] DEBUG Engine               - isCloseConfirmation: false
12:15:00.151 [FXGL Background Thread 3 ] DEBUG Engine               - isDesktop: true
12:15:00.151 [FXGL Background Thread 3 ] DEBUG Engine               - isDeveloperMenuEnabled: true
12:15:00.151 [FXGL Background Thread 3 ] DEBUG Engine               - isEmbedded: false
12:15:00.151 [FXGL Background Thread 3 ] DEBUG Engine               - isEntityPreloadEnabled: true
12:15:00.151 [FXGL Background Thread 3 ] DEBUG Engine               - isExperimentalTiledLargeMap: false
12:15:00.151 [FXGL Background Thread 3 ] DEBUG Engine               - isFileSystemWriteAllowed: true
12:15:00.151 [FXGL Background Thread 3 ] DEBUG Engine               - isFullScreenAllowed: false
12:15:00.151 [FXGL Background Thread 3 ] DEBUG Engine               - isFullScreenFromStart: false
12:15:00.151 [FXGL Background Thread 3 ] DEBUG Engine               - isGameMenuEnabled: true
12:15:00.151 [FXGL Background Thread 3 ] DEBUG Engine               - isIOS: false
12:15:00.151 [FXGL Background Thread 3 ] DEBUG Engine               - isIntroEnabled: false
12:15:00.151 [FXGL Background Thread 3 ] DEBUG Engine               - isLinux: false
12:15:00.151 [FXGL Background Thread 3 ] DEBUG Engine               - isMac: false
12:15:00.151 [FXGL Background Thread 3 ] DEBUG Engine               - isMainMenuEnabled: false
12:15:00.151 [FXGL Background Thread 3 ] DEBUG Engine               - isManualResizeEnabled: false
12:15:00.151 [FXGL Background Thread 3 ] DEBUG Engine               - isMobile: false
12:15:00.151 [FXGL Background Thread 3 ] DEBUG Engine               - isNative: false
12:15:00.152 [FXGL Background Thread 3 ] DEBUG Engine               - isPauseMusicWhenMinimized: true
12:15:00.152 [FXGL Background Thread 3 ] DEBUG Engine               - isPreserveResizeRatio: false
12:15:00.152 [FXGL Background Thread 3 ] DEBUG Engine               - isProfilingEnabled: false
12:15:00.152 [FXGL Background Thread 3 ] DEBUG Engine               - isScaleAffectedOnResize: true
12:15:00.152 [FXGL Background Thread 3 ] DEBUG Engine               - isSingleStep: false
12:15:00.152 [FXGL Background Thread 3 ] DEBUG Engine               - isUserProfileEnabled: false
12:15:00.153 [FXGL Background Thread 3 ] DEBUG Engine               - isWindows: true
12:15:00.153 [FXGL Background Thread 3 ] DEBUG Engine               - language: ObjectProperty [value: ENGLISH]
12:15:00.153 [FXGL Background Thread 3 ] DEBUG Engine               - menuKey: ESCAPE
12:15:00.153 [FXGL Background Thread 3 ] DEBUG Engine               - mouseSensitivity: 0.2
12:15:00.153 [FXGL Background Thread 3 ] DEBUG Engine               - notificationViewClass: class com.almasb.fxgl.notification.view.XboxNotificationView
12:15:00.153 [FXGL Background Thread 3 ] DEBUG Engine               - pixelsPerMeter: 50.0
12:15:00.155 [FXGL Background Thread 3 ] DEBUG Engine               - platform: WINDOWS
12:15:00.155 [FXGL Background Thread 3 ] DEBUG Engine               - prefHeightProperty: ReadOnlyDoubleProperty [value: 720.0]
12:15:00.155 [FXGL Background Thread 3 ] DEBUG Engine               - prefWidthProperty: ReadOnlyDoubleProperty [value: 1280.0]
12:15:00.156 [FXGL Background Thread 3 ] DEBUG Engine               - profileDir: profiles/
12:15:00.156 [FXGL Background Thread 3 ] DEBUG Engine               - profileName: StringProperty [value: DEFAULT]
12:15:00.156 [FXGL Background Thread 3 ] DEBUG Engine               - randomSeed: -1
12:15:00.156 [FXGL Background Thread 3 ] DEBUG Engine               - runtimeInfo: RuntimeInfo(platform=WINDOWS, version=21, build=28.12.2023 13.35)
12:15:00.156 [FXGL Background Thread 3 ] DEBUG Engine               - saveFileExt: sav
12:15:00.157 [FXGL Background Thread 3 ] DEBUG Engine               - scaledHeightProp$fxgl: DoubleProperty [bound, value: 720.0]
12:15:00.157 [FXGL Background Thread 3 ] DEBUG Engine               - scaledWidthProp$fxgl: DoubleProperty [bound, value: 1280.0]
12:15:00.157 [FXGL Background Thread 3 ] DEBUG Engine               - sceneFactory: com.almasb.fxgl.app.scene.SceneFactory@7d973c7e
12:15:00.157 [FXGL Background Thread 3 ] DEBUG Engine               - secondsIn24h: 60
12:15:00.157 [FXGL Background Thread 3 ] DEBUG Engine               - soundMenuBack: menu/back.wav
12:15:00.157 [FXGL Background Thread 3 ] DEBUG Engine               - soundMenuPress: menu/press.wav
12:15:00.157 [FXGL Background Thread 3 ] DEBUG Engine               - soundMenuSelect: menu/select.wav
12:15:00.157 [FXGL Background Thread 3 ] DEBUG Engine               - soundNotification: core/notification.wav
12:15:00.157 [FXGL Background Thread 3 ] DEBUG Engine               - stageStyle: DECORATED
12:15:00.157 [FXGL Background Thread 3 ] DEBUG Engine               - supportedLanguages: [ENGLISH, FRENCH, GERMAN, HUNGARIAN, RUSSIAN]
12:15:00.157 [FXGL Background Thread 3 ] DEBUG Engine               - ticksPerSecond: -1
12:15:00.157 [FXGL Background Thread 3 ] DEBUG Engine               - title: Suika FXGL
12:15:00.157 [FXGL Background Thread 3 ] DEBUG Engine               - urlGithub: https://github.com/AlmasB/FXGL
12:15:00.157 [FXGL Background Thread 3 ] DEBUG Engine               - urlLeaderboard: http://fxgl-top.herokuapp.com/
12:15:00.158 [FXGL Background Thread 3 ] DEBUG Engine               - urlPOM: https://raw.githubusercontent.com/AlmasB/FXGL/release/README.md
12:15:00.158 [FXGL Background Thread 3 ] DEBUG Engine               - userAppClass: class com.lucenstuff.fxglgames.suikagame.SuikaGame
12:15:00.158 [FXGL Background Thread 3 ] DEBUG Engine               - version: 0.1
12:15:00.158 [FXGL Background Thread 3 ] DEBUG Engine               - versionCheckDays: 7
12:15:00.158 [FXGL Background Thread 3 ] DEBUG Engine               - width: 1280
12:15:00.158 [FXGL Background Thread 3 ] DEBUG Engine               - Logging services
12:15:00.158 [FXGL Background Thread 3 ] DEBUG Engine               - class com.almasb.fxgl.app.services.FXGLAssetLoaderService
12:15:00.158 [FXGL Background Thread 3 ] DEBUG Engine               - class com.almasb.fxgl.app.FXGLApplication$GameApplicationService
12:15:00.158 [FXGL Background Thread 3 ] DEBUG Engine               - class com.almasb.fxgl.app.services.FXGLDialogService
12:15:00.158 [FXGL Background Thread 3 ] DEBUG Engine               - class com.almasb.fxgl.app.services.IOTaskExecutorService
12:15:00.158 [FXGL Background Thread 3 ] DEBUG Engine               - class com.almasb.fxgl.io.FileSystemService
12:15:00.159 [FXGL Background Thread 3 ] DEBUG Engine               - class com.almasb.fxgl.localization.LocalizationService
12:15:00.159 [FXGL Background Thread 3 ] DEBUG Engine               - class com.almasb.fxgl.app.services.SystemBundleService
12:15:00.159 [FXGL Background Thread 3 ] DEBUG Engine               - class com.almasb.fxgl.profile.SaveLoadService
12:15:00.159 [FXGL Background Thread 3 ] DEBUG Engine               - class com.almasb.fxgl.ui.FXGLUIFactoryServiceProvider
12:15:00.159 [FXGL Background Thread 3 ] DEBUG Engine               - class com.almasb.fxgl.ui.FXGLDialogFactoryServiceProvider
12:15:00.159 [FXGL Background Thread 3 ] DEBUG Engine               - class com.almasb.fxgl.audio.AudioPlayer
12:15:00.159 [FXGL Background Thread 3 ] DEBUG Engine               - class com.almasb.fxgl.notification.impl.NotificationServiceProvider
12:15:00.159 [FXGL Background Thread 3 ] DEBUG Engine               - class com.almasb.fxgl.achievement.AchievementService
12:15:00.159 [FXGL Background Thread 3 ] DEBUG Engine               - class com.almasb.fxgl.cutscene.CutsceneService
12:15:00.159 [FXGL Background Thread 3 ] DEBUG Engine               - class com.almasb.fxgl.minigames.MiniGameService
12:15:00.159 [FXGL Background Thread 3 ] DEBUG Engine               - class com.almasb.fxgl.net.NetService
12:15:00.159 [FXGL Background Thread 3 ] DEBUG Engine               - class com.almasb.fxgl.app.services.UpdaterService
12:15:00.159 [FXGL Background Thread 3 ] DEBUG Engine               - class com.almasb.fxgl.dev.DevService
12:15:04.454 [JavaFX Application Thread] DEBUG FXGLAssetLoaderServi - Loading from file system: file:/C:/Users/agust/IdeaProjects/SuikaGameJavaFXGL2/target/classes/assets/textures/strawberry_view.png
12:15:04.457 [JavaFX Application Thread] DEBUG FXGLAssetLoaderServi - Loading from file system: file:/C:/Users/agust/IdeaProjects/SuikaGameJavaFXGL2/target/classes/assets/sounds/fruit_drop.wav
12:15:05.626 [JavaFX Application Thread] DEBUG FXGLAssetLoaderServi - Loading from file system: file:/C:/Users/agust/IdeaProjects/SuikaGameJavaFXGL2/target/classes/assets/textures/apple_view.png
12:15:07.671 [JavaFX Application Thread] DEBUG FXGLApplication      - Exiting FXGL
12:15:07.671 [JavaFX Application Thread] DEBUG LoopRunner           - Stopping loop
12:15:07.672 [JavaFX Application Thread] DEBUG SystemBundleService  - Saving FXGL system data
12:15:07.674 [JavaFX Application Thread] DEBUG FileSystemAccess     - Writing to: C:\Users\agust\IdeaProjects\SuikaGameJavaFXGL2\system\fxgl.bundle
12:15:07.676 [JavaFX Application Thread] DEBUG Async                - Shutting down background threads
12:15:07.676 [JavaFX Application Thread] DEBUG PrimaryStageWindow   - Closing main window
12:15:07.695 [JavaFX Application Thread] DEBUG Logger               - Closing Logger
