17:13:59.000 [main                     ] DEBUG Logger               - Configured Logger
17:13:59.017 [main                     ] DEBUG GameApplication      - Logging settings
Title: Suika FXGL
Version: 0.1
Width: 1280
Height: 720
Fullscreen: false
Intro: false
Profiling: false
Single step:false
App Mode: DEVELOPER
Menu Key: ESCAPE
Stage Style: DECORATED
Scene Factory: class com.almasb.fxgl.app.scene.SceneFactory

17:13:59.403 [JavaFX Application Thread] DEBUG FXGLApplication      - Initializing FXGL
17:13:59.407 [JavaFX Application Thread] INFO  Engine               - FXGL-21 (28.12.2023 13.35) on WINDOWS (J:21.0.2 FX:21.0.1)
17:13:59.407 [JavaFX Application Thread] DEBUG Engine               - JRE Vendor Name: Oracle Corporation
17:13:59.407 [JavaFX Application Thread] DEBUG Engine               - Running on OS: Windows 10 version 10.0
17:13:59.407 [JavaFX Application Thread] DEBUG Engine               - Architecture: amd64
17:13:59.407 [JavaFX Application Thread] INFO  Engine               - Source code and latest versions at: https://github.com/AlmasB/FXGL
17:13:59.407 [JavaFX Application Thread] INFO  Engine               -       Ask questions and discuss at: https://github.com/AlmasB/FXGL/discussions
17:13:59.407 [JavaFX Application Thread] INFO  Engine               -              Join the FXGL chat at: https://gitter.im/AlmasB/FXGL
17:13:59.495 [JavaFX Application Thread] DEBUG PrimaryStageWindow   - Creating a JavaFX scene
17:13:59.532 [JavaFX Application Thread] DEBUG PrimaryStageWindow   - Target settings size: 1280.0 x 720.0
17:13:59.532 [JavaFX Application Thread] DEBUG PrimaryStageWindow   - Scaled scene size:    1280.0 x 720.0
17:13:59.533 [JavaFX Application Thread] DEBUG PrimaryStageWindow   - Scaled ratio: (1.0, 1.0)
17:13:59.533 [JavaFX Application Thread] DEBUG PrimaryStageWindow   - Set initial scene to FXGLStartupScene
17:13:59.536 [JavaFX Application Thread] DEBUG PrimaryStageWindow   - Opening main window
17:13:59.603 [JavaFX Application Thread] DEBUG PrimaryStageWindow   - Window border size: (16.0, 39.0)
17:13:59.603 [JavaFX Application Thread] DEBUG PrimaryStageWindow   - Scaled size: 1280.0 x 720.0
17:13:59.603 [JavaFX Application Thread] DEBUG PrimaryStageWindow   - Scaled ratio: (1.0, 1.0)
17:13:59.604 [JavaFX Application Thread] DEBUG PrimaryStageWindow   - Scene size: 1280.0 x 720.0
17:13:59.604 [JavaFX Application Thread] DEBUG PrimaryStageWindow   - Stage size: 1296.0 x 759.0
17:13:59.609 [FXGL Background Thread 1 ] DEBUG Engine               - Initializing environment variables
17:13:59.651 [FXGL Background Thread 1 ] DEBUG FXGLAssetLoaderServi - User app class for loading assets: class com.lucenstuff.fxglgames.suikagame.SuikaGame
17:13:59.651 [FXGL Background Thread 1 ] DEBUG GameApplicationServi - Applying CSS: fxgl_dark.css
17:13:59.652 [FXGL Background Thread 1 ] DEBUG FXGLAssetLoaderServi - Loading from file system: jar:file:/C:/Users/Fabrizio/.m2/repository/com/github/almasb/fxgl/21/fxgl-21.jar!/fxglassets/ui/css/fxgl_dark.css
17:13:59.686 [FXGL Background Thread 1 ] DEBUG GameApplicationServi - Initializing application scenes
17:13:59.710 [FXGL Background Thread 1 ] DEBUG GameWorld            - Game world initialized
17:13:59.760 [FXGL Background Thread 1 ] DEBUG PhysicsWorld         - Physics world initialized: appHeight=720, physics.ppm=50,0
17:13:59.760 [FXGL Background Thread 1 ] DEBUG PhysicsWorld         - Using strategy: BRUTE_FORCE
17:13:59.763 [FXGL Background Thread 1 ] DEBUG GameScene            - Game scene initialized: 1280x720
17:13:59.772 [FXGL Background Thread 1 ] DEBUG FXGL.DefaultMenu     - createMenuBodyGameMenu()
17:13:59.783 [FXGL Background Thread 1 ] DEBUG FXGL.DefaultMenu     - createOptionsMenu()
17:13:59.792 [FXGL Background Thread 1 ] DEBUG FXGLAssetLoaderServi - Loading from file system: jar:file:/C:/Users/Fabrizio/.m2/repository/com/github/almasb/fxgl/21/fxgl-21.jar!/fxglassets/textures/particles/smoke.png
17:13:59.870 [FXGL Background Thread 1 ] DEBUG FXGLAssetLoaderServi - Loading from file system: jar:file:/C:/Users/Fabrizio/.m2/repository/com/github/almasb/fxgl/21/fxgl-21.jar!/fxglassets/textures/particles/trace_horizontal.png
17:13:59.894 [FXGL Background Thread 1 ] DEBUG GameApplicationServi - Application scenes initialized
17:13:59.904 [FXGL Background Thread 1 ] DEBUG SystemBundleService  - Loading FXGL system data
17:13:59.907 [FXGL Background Thread 1 ] DEBUG FileSystemAccess     - Reading from: D:\Intellij\Project\system\fxgl.bundle
17:13:59.914 [FXGL Background Thread 1 ] DEBUG SystemBundleService  - Bundle FXGL: {}
17:13:59.914 [FXGL Background Thread 1 ] DEBUG UpdaterService       - Checking for updates
17:13:59.933 [FXGL Background Thread 4 ] DEBUG FXGLApplication      - Loading fonts
17:13:59.933 [FXGL Background Thread 4 ] DEBUG FXGLAssetLoaderServi - Loading from file system: jar:file:/C:/Users/Fabrizio/.m2/repository/com/github/almasb/fxgl/21/fxgl-21.jar!/fxglassets/ui/fonts/VarelaRound-Regular.ttf
17:13:59.934 [FXGL Background Thread 1 ] DEBUG FXGLApplication      - Loading default localization
17:13:59.934 [FXGL Background Thread 1 ] DEBUG FXGLAssetLoaderServi - Loading from file system: jar:file:/C:/Users/Fabrizio/.m2/repository/com/github/almasb/fxgl/21/fxgl-21.jar!/fxglassets/languages/english.lang
17:13:59.946 [FXGL Background Thread 1 ] INFO  FXGLApplication      - FXGL initialization took: 0,337 sec
17:13:59.947 [JavaFX Application Thread] DEBUG FXGLAssetLoaderServi - Loading from file system: file:/D:/Intellij/Project/target/classes/assets/textures/watermelon_view.png
17:13:59.958 [FXGL Background Thread 4 ] DEBUG FXGLAssetLoaderServi - Loading from file system: jar:file:/C:/Users/Fabrizio/.m2/repository/com/github/almasb/fxgl/21/fxgl-21.jar!/fxglassets/ui/fonts/Abel-Regular.ttf
17:13:59.960 [JavaFX Application Thread] DEBUG FXGLAssetLoaderServi - Loading from file system: jar:file:/C:/Users/Fabrizio/.m2/repository/com/github/almasb/fxgl/21/fxgl-21.jar!/fxglassets/textures/fxgl_default_cursor.png
17:13:59.967 [FXGL Background Thread 4 ] DEBUG FXGLAssetLoaderServi - Loading from file system: jar:file:/C:/Users/Fabrizio/.m2/repository/com/github/almasb/fxgl/21/fxgl-21.jar!/fxglassets/ui/fonts/TerminalLandMono-Regular.otf
17:13:59.972 [JavaFX Application Thread] DEBUG Input                - Registered new binding: Screenshot - CTRL+8
17:13:59.972 [JavaFX Application Thread] DEBUG Input                - Registered new binding: Dev Options - 1
17:13:59.972 [JavaFX Application Thread] DEBUG Input                - Registered new binding: Dev Console - 2
17:13:59.973 [JavaFX Application Thread] DEBUG Input                - Registered new binding: System info dump - CTRL+9
17:13:59.973 [JavaFX Application Thread] DEBUG Input                - Registered new binding: Restart - CTRL+R
17:13:59.974 [JavaFX Application Thread] DEBUG Input                - Registered new binding: Toggle Debug Camera - CTRL+7
17:13:59.975 [FXGL Background Thread 4 ] DEBUG FXGLAssetLoaderServi - Loading from file system: jar:file:/C:/Users/Fabrizio/.m2/repository/com/github/almasb/fxgl/21/fxgl-21.jar!/fxglassets/ui/fonts/Courier-Prime.ttf
17:13:59.976 [JavaFX Application Thread] DEBUG LoopRunner           - Starting loop
17:13:59.988 [JavaFX Application Thread] DEBUG LoopRunner           - Initializing JavaFX AnimationTimerLoop
17:13:59.989 [JavaFX Application Thread] DEBUG GameApplicationServi - Starting new game
17:13:59.990 [JavaFX Application Thread] DEBUG Input                - Clearing active input actions
17:13:59.998 [JavaFX Application Thread] DEBUG GameApplicationServi - Removing overlay from FXGLStartupScene and adding to FXGLLoadingScene
17:14:00.002 [JavaFX Application Thread] DEBUG PrimaryStageWindow   - FXGLStartupScene -> FXGLLoadingScene
17:14:00.002 [JavaFX Application Thread] DEBUG GameApplicationServi - Clearing previous game
17:14:00.002 [JavaFX Application Thread] DEBUG GameScene            - Clearing game scene
17:14:00.002 [JavaFX Application Thread] DEBUG GameWorld            - Clearing game world
17:14:00.002 [JavaFX Application Thread] DEBUG PhysicsWorld         - Clearing physics world
17:14:00.003 [FXGL Background Thread 4 ] DEBUG FXGLApplication      - Initializing game
17:14:00.003 [JavaFX Application Thread] DEBUG FXGLApplication      - Registering font factories with UI factory
17:14:00.008 [FXGL Background Thread 4 ] DEBUG FXGLAssetLoaderServi - Loading from file system: file:/D:/Intellij/Project/target/classes/assets/textures/background_view.png
17:14:00.040 [FXGL Background Thread 4 ] DEBUG FXGLAssetLoaderServi - Loading from file system: file:/D:/Intellij/Project/target/classes/assets/textures/container_view.png
17:14:00.066 [FXGL Background Thread 4 ] DEBUG FXGLAssetLoaderServi - Loading from file system: file:/D:/Intellij/Project/target/classes/assets/textures/ring_view.png
17:14:00.069 [FXGL Background Thread 4 ] DEBUG FXGLAssetLoaderServi - Loading from file system: file:/D:/Intellij/Project/target/classes/assets/textures/next_fruit_view.png
17:14:00.072 [FXGL Background Thread 4 ] DEBUG FXGLAssetLoaderServi - Loading from file system: file:/D:/Intellij/Project/target/classes/assets/textures/score_view.png
17:14:00.076 [FXGL Background Thread 4 ] DEBUG FXGLAssetLoaderServi - Loading from file system: file:/D:/Intellij/Project/target/classes/assets/textures/cherry_view.png
17:14:00.077 [FXGL Background Thread 4 ] DEBUG FXGLAssetLoaderServi - Loading from file system: file:/D:/Intellij/Project/target/classes/assets/textures/grape_view.png
17:14:00.079 [FXGL Background Thread 4 ] DEBUG FXGLAssetLoaderServi - Loading from file system: file:/D:/Intellij/Project/target/classes/assets/textures/lemon_view.png
17:14:00.081 [FXGL Background Thread 4 ] INFO  FXGLApplication      - Game initialization took: 0,078 sec
17:14:00.164 [JavaFX Application Thread] DEBUG Input                - Clearing active input actions
17:14:00.174 [JavaFX Application Thread] DEBUG GameApplicationServi - Removing overlay from FXGLLoadingScene and adding to GameScene
17:14:00.178 [JavaFX Application Thread] DEBUG PrimaryStageWindow   - FXGLLoadingScene -> GameScene
17:14:02.528 [JavaFX Application Thread] DEBUG FXGLApplication      - Exiting FXGL
17:14:02.529 [JavaFX Application Thread] DEBUG LoopRunner           - Stopping loop
17:14:02.529 [JavaFX Application Thread] DEBUG SystemBundleService  - Saving FXGL system data
17:14:02.530 [JavaFX Application Thread] DEBUG FileSystemAccess     - Writing to: D:\Intellij\Project\system\fxgl.bundle
17:14:02.532 [JavaFX Application Thread] DEBUG Async                - Shutting down background threads
17:14:02.532 [JavaFX Application Thread] DEBUG PrimaryStageWindow   - Closing main window
17:14:02.540 [JavaFX Application Thread] DEBUG Logger               - Closing Logger
