17:19:47.842 [main                     ] DEBUG Logger               - Configured Logger
17:19:47.884 [main                     ] DEBUG GameApplication      - Logging settings
Title: Basic Game App
Version: 0.1
Width: 1280
Height: 720
Fullscreen: false
Intro: false
Profiling: false
Single step:false
App Mode: DEVELOPER
Menu Key: ESCAPE
Stage Style: DECORATED
Scene Factory: class com.almasb.fxgl.app.scene.SceneFactory

17:19:48.706 [JavaFX Application Thread] DEBUG FXGLApplication      - Initializing FXGL
17:19:48.712 [JavaFX Application Thread] INFO  Engine               - FXGL-21 (28.12.2023 13.35) on WINDOWS (J:21.0.1 FX:21.0.1)
17:19:48.712 [JavaFX Application Thread] DEBUG Engine               - JRE Vendor Name: Oracle Corporation
17:19:48.712 [JavaFX Application Thread] DEBUG Engine               - Running on OS: Windows 11 version 10.0
17:19:48.713 [JavaFX Application Thread] DEBUG Engine               - Architecture: amd64
17:19:48.713 [JavaFX Application Thread] INFO  Engine               - Source code and latest versions at: https://github.com/AlmasB/FXGL
17:19:48.713 [JavaFX Application Thread] INFO  Engine               -       Ask questions and discuss at: https://github.com/AlmasB/FXGL/discussions
17:19:48.713 [JavaFX Application Thread] INFO  Engine               -              Join the FXGL chat at: https://gitter.im/AlmasB/FXGL
17:19:48.925 [JavaFX Application Thread] DEBUG PrimaryStageWindow   - Creating a JavaFX scene
17:19:49.014 [JavaFX Application Thread] DEBUG PrimaryStageWindow   - Target settings size: 1280.0 x 720.0
17:19:49.014 [JavaFX Application Thread] DEBUG PrimaryStageWindow   - Scaled scene size:    1280.0 x 720.0
17:19:49.015 [JavaFX Application Thread] DEBUG PrimaryStageWindow   - Scaled ratio: (1.0, 1.0)
17:19:49.017 [JavaFX Application Thread] DEBUG PrimaryStageWindow   - Set initial scene to FXGLStartupScene
17:19:49.024 [JavaFX Application Thread] DEBUG PrimaryStageWindow   - Opening main window
17:19:49.212 [JavaFX Application Thread] DEBUG PrimaryStageWindow   - Window border size: (16.0, 39.0)
17:19:49.212 [JavaFX Application Thread] DEBUG PrimaryStageWindow   - Scaled size: 1280.0 x 720.0
17:19:49.213 [JavaFX Application Thread] DEBUG PrimaryStageWindow   - Scaled ratio: (1.0, 1.0)
17:19:49.213 [JavaFX Application Thread] DEBUG PrimaryStageWindow   - Scene size: 1280.0 x 720.0
17:19:49.213 [JavaFX Application Thread] DEBUG PrimaryStageWindow   - Stage size: 1296.0 x 759.0
17:19:49.235 [FXGL Background Thread 1 ] DEBUG Engine               - Initializing environment variables
17:19:49.345 [FXGL Background Thread 1 ] DEBUG FXGLAssetLoaderServi - User app class for loading assets: class com.lucenstuff.fxglgames.suikagame.SuikaGame
17:19:49.345 [FXGL Background Thread 1 ] DEBUG GameApplicationServi - Applying CSS: fxgl_dark.css
17:19:49.348 [FXGL Background Thread 1 ] DEBUG FXGLAssetLoaderServi - Loading from file system: jar:file:/C:/Users/agust/.m2/repository/com/github/almasb/fxgl/21/fxgl-21.jar!/fxglassets/ui/css/fxgl_dark.css
17:19:49.432 [FXGL Background Thread 1 ] DEBUG GameApplicationServi - Initializing application scenes
17:19:49.628 [FXGL Background Thread 1 ] DEBUG GameWorld            - Game world initialized
17:19:49.726 [FXGL Background Thread 1 ] DEBUG PhysicsWorld         - Physics world initialized: appHeight=720, physics.ppm=50,0
17:19:49.726 [FXGL Background Thread 1 ] DEBUG PhysicsWorld         - Using strategy: BRUTE_FORCE
17:19:49.730 [FXGL Background Thread 1 ] DEBUG GameScene            - Game scene initialized: 1280x720
17:19:49.753 [FXGL Background Thread 1 ] DEBUG FXGL.DefaultMenu     - createMenuBodyGameMenu()
17:19:49.779 [FXGL Background Thread 1 ] DEBUG FXGL.DefaultMenu     - createOptionsMenu()
17:19:49.796 [FXGL Background Thread 1 ] DEBUG FXGLAssetLoaderServi - Loading from file system: jar:file:/C:/Users/agust/.m2/repository/com/github/almasb/fxgl/21/fxgl-21.jar!/fxglassets/textures/particles/smoke.png
17:19:49.995 [FXGL Background Thread 1 ] DEBUG FXGLAssetLoaderServi - Loading from file system: jar:file:/C:/Users/agust/.m2/repository/com/github/almasb/fxgl/21/fxgl-21.jar!/fxglassets/textures/particles/trace_horizontal.png
17:19:50.082 [FXGL Background Thread 1 ] DEBUG GameApplicationServi - Application scenes initialized
17:19:50.105 [FXGL Background Thread 1 ] DEBUG SystemBundleService  - Loading FXGL system data
17:19:50.114 [FXGL Background Thread 1 ] DEBUG FileSystemAccess     - Reading from: D:\Programación\JAVA\SuikaGame\system\fxgl.bundle
17:19:50.128 [FXGL Background Thread 1 ] DEBUG SystemBundleService  - Bundle FXGL: {}
17:19:50.128 [FXGL Background Thread 1 ] DEBUG UpdaterService       - Checking for updates
17:19:50.184 [FXGL Background Thread 1 ] DEBUG FXGLApplication      - Loading default localization
17:19:50.188 [FXGL Background Thread 1 ] DEBUG FXGLAssetLoaderServi - Loading from file system: jar:file:/C:/Users/agust/.m2/repository/com/github/almasb/fxgl/21/fxgl-21.jar!/fxglassets/languages/english.lang
17:19:50.223 [FXGL Background Thread 1 ] INFO  FXGLApplication      - FXGL initialization took: 0,987 sec
17:19:50.225 [JavaFX Application Thread] DEBUG FXGLAssetLoaderServi - Loading from file system: jar:file:/C:/Users/agust/.m2/repository/com/github/almasb/fxgl/21/fxgl-21.jar!/fxglassets/textures/fxgl_icon.png
17:19:50.259 [FXGL Background Thread 4 ] DEBUG FXGLApplication      - Loading fonts
17:19:50.260 [FXGL Background Thread 4 ] DEBUG FXGLAssetLoaderServi - Loading from file system: jar:file:/C:/Users/agust/.m2/repository/com/github/almasb/fxgl/21/fxgl-21.jar!/fxglassets/ui/fonts/VarelaRound-Regular.ttf
17:19:50.262 [JavaFX Application Thread] DEBUG FXGLAssetLoaderServi - Loading from file system: jar:file:/C:/Users/agust/.m2/repository/com/github/almasb/fxgl/21/fxgl-21.jar!/fxglassets/textures/fxgl_default_cursor.png
17:19:50.279 [JavaFX Application Thread] DEBUG Input                - Registered new binding: Screenshot - CTRL+8
17:19:50.279 [JavaFX Application Thread] DEBUG Input                - Registered new binding: Dev Options - 1
17:19:50.280 [JavaFX Application Thread] DEBUG Input                - Registered new binding: Dev Console - 2
17:19:50.280 [JavaFX Application Thread] DEBUG Input                - Registered new binding: System info dump - CTRL+9
17:19:50.281 [JavaFX Application Thread] DEBUG Input                - Registered new binding: Restart - CTRL+R
17:19:50.282 [JavaFX Application Thread] DEBUG Input                - Registered new binding: Toggle Debug Camera - CTRL+7
17:19:50.288 [JavaFX Application Thread] DEBUG LoopRunner           - Starting loop
17:19:50.353 [JavaFX Application Thread] DEBUG LoopRunner           - Initializing JavaFX AnimationTimerLoop
17:19:50.355 [JavaFX Application Thread] DEBUG GameApplicationServi - Starting new game
17:19:50.356 [JavaFX Application Thread] DEBUG Input                - Clearing active input actions
17:19:50.382 [JavaFX Application Thread] DEBUG GameApplicationServi - Removing overlay from FXGLStartupScene and adding to FXGLLoadingScene
17:19:50.394 [JavaFX Application Thread] DEBUG PrimaryStageWindow   - FXGLStartupScene -> FXGLLoadingScene
17:19:50.394 [JavaFX Application Thread] DEBUG GameApplicationServi - Clearing previous game
17:19:50.394 [JavaFX Application Thread] DEBUG GameScene            - Clearing game scene
17:19:50.394 [JavaFX Application Thread] DEBUG GameWorld            - Clearing game world
17:19:50.395 [JavaFX Application Thread] DEBUG PhysicsWorld         - Clearing physics world
17:19:50.403 [FXGL Background Thread 1 ] DEBUG FXGLApplication      - Initializing game
17:19:50.488 [FXGL Background Thread 1 ] INFO  FXGLApplication      - Game initialization took: 0,086 sec
17:19:50.541 [FXGL Background Thread 4 ] DEBUG FXGLAssetLoaderServi - Loading from file system: jar:file:/C:/Users/agust/.m2/repository/com/github/almasb/fxgl/21/fxgl-21.jar!/fxglassets/ui/fonts/Abel-Regular.ttf
17:19:50.988 [JavaFX Application Thread] DEBUG Input                - Clearing active input actions
17:19:51.005 [JavaFX Application Thread] DEBUG GameApplicationServi - Removing overlay from FXGLLoadingScene and adding to GameScene
17:19:51.014 [JavaFX Application Thread] DEBUG PrimaryStageWindow   - FXGLLoadingScene -> GameScene
17:19:51.198 [FXGL Background Thread 4 ] DEBUG FXGLAssetLoaderServi - Loading from file system: jar:file:/C:/Users/agust/.m2/repository/com/github/almasb/fxgl/21/fxgl-21.jar!/fxglassets/ui/fonts/TerminalLandMono-Regular.otf
17:19:51.212 [FXGL Background Thread 4 ] DEBUG FXGLAssetLoaderServi - Loading from file system: jar:file:/C:/Users/agust/.m2/repository/com/github/almasb/fxgl/21/fxgl-21.jar!/fxglassets/ui/fonts/Courier-Prime.ttf
17:19:51.234 [JavaFX Application Thread] DEBUG FXGLApplication      - Registering font factories with UI factory
17:19:51.692 [JavaFX Application Thread] DEBUG FXGLAssetLoaderServi - Loading from file system: file:/D:/Programaci%c3%b3n/JAVA/SuikaGame/target/classes/assets/textures/orange.png
17:19:53.183 [FXGL Background Thread 3 ] DEBUG Engine               - Logging environment variables
17:19:53.183 [FXGL Background Thread 3 ] DEBUG Engine               - achievements: []
17:19:53.183 [FXGL Background Thread 3 ] DEBUG Engine               - actualHeight: 720.0
17:19:53.184 [FXGL Background Thread 3 ] DEBUG Engine               - actualHeightProperty: ReadOnlyDoubleProperty [value: 720.0]
17:19:53.184 [FXGL Background Thread 3 ] DEBUG Engine               - actualWidth: 1280.0
17:19:53.184 [FXGL Background Thread 3 ] DEBUG Engine               - actualWidthProperty: ReadOnlyDoubleProperty [value: 1280.0]
17:19:53.184 [FXGL Background Thread 3 ] DEBUG Engine               - appIcon: fxgl_icon.png
17:19:53.184 [FXGL Background Thread 3 ] DEBUG Engine               - applicationMode: DEVELOPER
17:19:53.184 [FXGL Background Thread 3 ] DEBUG Engine               - cSSList: [fxgl_dark.css]
17:19:53.184 [FXGL Background Thread 3 ] DEBUG Engine               - collisionDetectionStrategy: BRUTE_FORCE
17:19:53.184 [FXGL Background Thread 3 ] DEBUG Engine               - configClass: Optional.empty
17:19:53.184 [FXGL Background Thread 3 ] DEBUG Engine               - credits: []
17:19:53.185 [FXGL Background Thread 3 ] DEBUG Engine               - defaultCursor: CursorInfo(imageName=fxgl_default_cursor.png, hotspotX=7.0, hotspotY=6.0)
17:19:53.185 [FXGL Background Thread 3 ] DEBUG Engine               - devBBoxColorProperty: ObjectProperty [value: 0xff0000ff]
17:19:53.185 [FXGL Background Thread 3 ] DEBUG Engine               - devEnableDebugCameraProperty: BooleanProperty [value: false]
17:19:53.185 [FXGL Background Thread 3 ] DEBUG Engine               - devSensorColorProperty: ObjectProperty [value: 0xffff00ff]
17:19:53.185 [FXGL Background Thread 3 ] DEBUG Engine               - devShowBBoxProperty: BooleanProperty [value: false]
17:19:53.185 [FXGL Background Thread 3 ] DEBUG Engine               - devShowPositionProperty: BooleanProperty [value: false]
17:19:53.185 [FXGL Background Thread 3 ] DEBUG Engine               - enabledMenuItems: []
17:19:53.185 [FXGL Background Thread 3 ] DEBUG Engine               - engineServices: [class com.almasb.fxgl.app.services.FXGLAssetLoaderService, class com.almasb.fxgl.app.FXGLApplication$GameApplicationService, class com.almasb.fxgl.app.services.FXGLDialogService, class com.almasb.fxgl.app.services.IOTaskExecutorService, class com.almasb.fxgl.io.FileSystemService, class com.almasb.fxgl.localization.LocalizationService, class com.almasb.fxgl.app.services.SystemBundleService, class com.almasb.fxgl.profile.SaveLoadService, class com.almasb.fxgl.ui.FXGLUIFactoryServiceProvider, class com.almasb.fxgl.ui.FXGLDialogFactoryServiceProvider, class com.almasb.fxgl.audio.AudioPlayer, class com.almasb.fxgl.notification.impl.NotificationServiceProvider, class com.almasb.fxgl.achievement.AchievementService, class com.almasb.fxgl.cutscene.CutsceneService, class com.almasb.fxgl.minigames.MiniGameService, class com.almasb.fxgl.net.NetService, class com.almasb.fxgl.app.services.UpdaterService, class com.almasb.fxgl.dev.DevService]
17:19:53.185 [FXGL Background Thread 3 ] DEBUG Engine               - fontGame: Abel-Regular.ttf
17:19:53.186 [FXGL Background Thread 3 ] DEBUG Engine               - fontMono: TerminalLandMono-Regular.otf
17:19:53.186 [FXGL Background Thread 3 ] DEBUG Engine               - fontSizeScaleUI: 1.0
17:19:53.186 [FXGL Background Thread 3 ] DEBUG Engine               - fontText: Courier-Prime.ttf
17:19:53.186 [FXGL Background Thread 3 ] DEBUG Engine               - fontUI: VarelaRound-Regular.ttf
17:19:53.186 [FXGL Background Thread 3 ] DEBUG Engine               - fullScreen: BooleanProperty [value: false]
17:19:53.186 [FXGL Background Thread 3 ] DEBUG Engine               - gameDifficulty: MEDIUM
17:19:53.186 [FXGL Background Thread 3 ] DEBUG Engine               - gameDifficultyProperty: ObjectProperty [value: MEDIUM]
17:19:53.186 [FXGL Background Thread 3 ] DEBUG Engine               - globalMusicVolume: 0.5
17:19:53.186 [FXGL Background Thread 3 ] DEBUG Engine               - globalMusicVolumeProperty: DoubleProperty [value: 0.5]
17:19:53.186 [FXGL Background Thread 3 ] DEBUG Engine               - globalSoundVolume: 0.5
17:19:53.186 [FXGL Background Thread 3 ] DEBUG Engine               - globalSoundVolumeProperty: DoubleProperty [value: 0.5]
17:19:53.186 [FXGL Background Thread 3 ] DEBUG Engine               - height: 720
17:19:53.187 [FXGL Background Thread 3 ] DEBUG Engine               - is3D: false
17:19:53.187 [FXGL Background Thread 3 ] DEBUG Engine               - isAndroid: false
17:19:53.187 [FXGL Background Thread 3 ] DEBUG Engine               - isBrowser: false
17:19:53.187 [FXGL Background Thread 3 ] DEBUG Engine               - isClickFeedbackEnabled: false
17:19:53.187 [FXGL Background Thread 3 ] DEBUG Engine               - isCloseConfirmation: false
17:19:53.187 [FXGL Background Thread 3 ] DEBUG Engine               - isDesktop: true
17:19:53.187 [FXGL Background Thread 3 ] DEBUG Engine               - isDeveloperMenuEnabled: true
17:19:53.187 [FXGL Background Thread 3 ] DEBUG Engine               - isEmbedded: false
17:19:53.187 [FXGL Background Thread 3 ] DEBUG Engine               - isEntityPreloadEnabled: true
17:19:53.187 [FXGL Background Thread 3 ] DEBUG Engine               - isExperimentalTiledLargeMap: false
17:19:53.187 [FXGL Background Thread 3 ] DEBUG Engine               - isFileSystemWriteAllowed: true
17:19:53.187 [FXGL Background Thread 3 ] DEBUG Engine               - isFullScreenAllowed: false
17:19:53.187 [FXGL Background Thread 3 ] DEBUG Engine               - isFullScreenFromStart: false
17:19:53.187 [FXGL Background Thread 3 ] DEBUG Engine               - isGameMenuEnabled: true
17:19:53.187 [FXGL Background Thread 3 ] DEBUG Engine               - isIOS: false
17:19:53.187 [FXGL Background Thread 3 ] DEBUG Engine               - isIntroEnabled: false
17:19:53.188 [FXGL Background Thread 3 ] DEBUG Engine               - isLinux: false
17:19:53.188 [FXGL Background Thread 3 ] DEBUG Engine               - isMac: false
17:19:53.188 [FXGL Background Thread 3 ] DEBUG Engine               - isMainMenuEnabled: false
17:19:53.188 [FXGL Background Thread 3 ] DEBUG Engine               - isManualResizeEnabled: false
17:19:53.188 [FXGL Background Thread 3 ] DEBUG Engine               - isMobile: false
17:19:53.188 [FXGL Background Thread 3 ] DEBUG Engine               - isNative: false
17:19:53.188 [FXGL Background Thread 3 ] DEBUG Engine               - isPauseMusicWhenMinimized: true
17:19:53.189 [FXGL Background Thread 3 ] DEBUG Engine               - isPreserveResizeRatio: false
17:19:53.189 [FXGL Background Thread 3 ] DEBUG Engine               - isProfilingEnabled: false
17:19:53.189 [FXGL Background Thread 3 ] DEBUG Engine               - isScaleAffectedOnResize: true
17:19:53.193 [FXGL Background Thread 3 ] DEBUG Engine               - isSingleStep: false
17:19:53.193 [FXGL Background Thread 3 ] DEBUG Engine               - isUserProfileEnabled: false
17:19:53.194 [FXGL Background Thread 3 ] DEBUG Engine               - isWindows: true
17:19:53.195 [FXGL Background Thread 3 ] DEBUG Engine               - language: ObjectProperty [value: ENGLISH]
17:19:53.195 [FXGL Background Thread 3 ] DEBUG Engine               - menuKey: ESCAPE
17:19:53.195 [FXGL Background Thread 3 ] DEBUG Engine               - mouseSensitivity: 0.2
17:19:53.195 [FXGL Background Thread 3 ] DEBUG Engine               - notificationViewClass: class com.almasb.fxgl.notification.view.XboxNotificationView
17:19:53.195 [FXGL Background Thread 3 ] DEBUG Engine               - pixelsPerMeter: 50.0
17:19:53.195 [FXGL Background Thread 3 ] DEBUG Engine               - platform: WINDOWS
17:19:53.196 [FXGL Background Thread 3 ] DEBUG Engine               - prefHeightProperty: ReadOnlyDoubleProperty [value: 720.0]
17:19:53.196 [FXGL Background Thread 3 ] DEBUG Engine               - prefWidthProperty: ReadOnlyDoubleProperty [value: 1280.0]
17:19:53.196 [FXGL Background Thread 3 ] DEBUG Engine               - profileDir: profiles/
17:19:53.196 [FXGL Background Thread 3 ] DEBUG Engine               - profileName: StringProperty [value: DEFAULT]
17:19:53.196 [FXGL Background Thread 3 ] DEBUG Engine               - randomSeed: -1
17:19:53.197 [FXGL Background Thread 3 ] DEBUG Engine               - runtimeInfo: RuntimeInfo(platform=WINDOWS, version=21, build=28.12.2023 13.35)
17:19:53.197 [FXGL Background Thread 3 ] DEBUG Engine               - saveFileExt: sav
17:19:53.197 [FXGL Background Thread 3 ] DEBUG Engine               - scaledHeightProp$fxgl: DoubleProperty [bound, value: 720.0]
17:19:53.197 [FXGL Background Thread 3 ] DEBUG Engine               - scaledWidthProp$fxgl: DoubleProperty [bound, value: 1280.0]
17:19:53.198 [FXGL Background Thread 3 ] DEBUG Engine               - sceneFactory: com.almasb.fxgl.app.scene.SceneFactory@7783535a
17:19:53.198 [FXGL Background Thread 3 ] DEBUG Engine               - secondsIn24h: 60
17:19:53.198 [FXGL Background Thread 3 ] DEBUG Engine               - soundMenuBack: menu/back.wav
17:19:53.198 [FXGL Background Thread 3 ] DEBUG Engine               - soundMenuPress: menu/press.wav
17:19:53.198 [FXGL Background Thread 3 ] DEBUG Engine               - soundMenuSelect: menu/select.wav
17:19:53.198 [FXGL Background Thread 3 ] DEBUG Engine               - soundNotification: core/notification.wav
17:19:53.198 [FXGL Background Thread 3 ] DEBUG Engine               - stageStyle: DECORATED
17:19:53.198 [FXGL Background Thread 3 ] DEBUG Engine               - supportedLanguages: [ENGLISH, FRENCH, GERMAN, HUNGARIAN, RUSSIAN]
17:19:53.198 [FXGL Background Thread 3 ] DEBUG Engine               - ticksPerSecond: -1
17:19:53.199 [FXGL Background Thread 3 ] DEBUG Engine               - title: Basic Game App
17:19:53.199 [FXGL Background Thread 3 ] DEBUG Engine               - urlGithub: https://github.com/AlmasB/FXGL
17:19:53.199 [FXGL Background Thread 3 ] DEBUG Engine               - urlLeaderboard: http://fxgl-top.herokuapp.com/
17:19:53.199 [FXGL Background Thread 3 ] DEBUG Engine               - urlPOM: https://raw.githubusercontent.com/AlmasB/FXGL/release/README.md
17:19:53.199 [FXGL Background Thread 3 ] DEBUG Engine               - userAppClass: class com.lucenstuff.fxglgames.suikagame.SuikaGame
17:19:53.199 [FXGL Background Thread 3 ] DEBUG Engine               - version: 0.1
17:19:53.199 [FXGL Background Thread 3 ] DEBUG Engine               - versionCheckDays: 7
17:19:53.199 [FXGL Background Thread 3 ] DEBUG Engine               - width: 1280
17:19:53.199 [FXGL Background Thread 3 ] DEBUG Engine               - Logging services
17:19:53.200 [FXGL Background Thread 3 ] DEBUG Engine               - class com.almasb.fxgl.app.services.FXGLAssetLoaderService
17:19:53.200 [FXGL Background Thread 3 ] DEBUG Engine               - class com.almasb.fxgl.app.FXGLApplication$GameApplicationService
17:19:53.200 [FXGL Background Thread 3 ] DEBUG Engine               - class com.almasb.fxgl.app.services.FXGLDialogService
17:19:53.200 [FXGL Background Thread 3 ] DEBUG Engine               - class com.almasb.fxgl.app.services.IOTaskExecutorService
17:19:53.200 [FXGL Background Thread 3 ] DEBUG Engine               - class com.almasb.fxgl.io.FileSystemService
17:19:53.202 [FXGL Background Thread 3 ] DEBUG Engine               - class com.almasb.fxgl.localization.LocalizationService
17:19:53.202 [FXGL Background Thread 3 ] DEBUG Engine               - class com.almasb.fxgl.app.services.SystemBundleService
17:19:53.202 [FXGL Background Thread 3 ] DEBUG Engine               - class com.almasb.fxgl.profile.SaveLoadService
17:19:53.203 [FXGL Background Thread 3 ] DEBUG Engine               - class com.almasb.fxgl.ui.FXGLUIFactoryServiceProvider
17:19:53.203 [FXGL Background Thread 3 ] DEBUG Engine               - class com.almasb.fxgl.ui.FXGLDialogFactoryServiceProvider
17:19:53.203 [FXGL Background Thread 3 ] DEBUG Engine               - class com.almasb.fxgl.audio.AudioPlayer
17:19:53.210 [FXGL Background Thread 3 ] DEBUG Engine               - class com.almasb.fxgl.notification.impl.NotificationServiceProvider
17:19:53.211 [FXGL Background Thread 3 ] DEBUG Engine               - class com.almasb.fxgl.achievement.AchievementService
17:19:53.211 [FXGL Background Thread 3 ] DEBUG Engine               - class com.almasb.fxgl.cutscene.CutsceneService
17:19:53.211 [FXGL Background Thread 3 ] DEBUG Engine               - class com.almasb.fxgl.minigames.MiniGameService
17:19:53.211 [FXGL Background Thread 3 ] DEBUG Engine               - class com.almasb.fxgl.net.NetService
17:19:53.212 [FXGL Background Thread 3 ] DEBUG Engine               - class com.almasb.fxgl.app.services.UpdaterService
17:19:53.212 [FXGL Background Thread 3 ] DEBUG Engine               - class com.almasb.fxgl.dev.DevService
17:19:54.157 [JavaFX Application Thread] DEBUG FXGLApplication      - Exiting FXGL
17:19:54.157 [JavaFX Application Thread] DEBUG LoopRunner           - Stopping loop
17:19:54.158 [JavaFX Application Thread] DEBUG SystemBundleService  - Saving FXGL system data
17:19:54.161 [JavaFX Application Thread] DEBUG FileSystemAccess     - Writing to: D:\Programación\JAVA\SuikaGame\system\fxgl.bundle
17:19:54.163 [JavaFX Application Thread] DEBUG Async                - Shutting down background threads
17:19:54.163 [JavaFX Application Thread] DEBUG PrimaryStageWindow   - Closing main window
17:19:54.185 [JavaFX Application Thread] DEBUG Logger               - Closing Logger
