13:49:30.426 [main                     ] DEBUG Logger               - Configured Logger
13:49:30.443 [main                     ] DEBUG GameApplication      - Logging settings
Title: Suika FXGL
Version: 0.1
Width: 1280
Height: 720
Fullscreen: false
Intro: false
Profiling: false
Single step:false
App Mode: DEVELOPER
Menu Key: ESCAPE
Stage Style: DECORATED
Scene Factory: class com.almasb.fxgl.app.scene.SceneFactory

13:49:30.951 [JavaFX Application Thread] DEBUG FXGLApplication      - Initializing FXGL
13:49:30.954 [JavaFX Application Thread] INFO  Engine               - FXGL-21 (28.12.2023 13.35) on WINDOWS (J:21.0.2 FX:21.0.1)
13:49:30.955 [JavaFX Application Thread] DEBUG Engine               - JRE Vendor Name: Oracle Corporation
13:49:30.955 [JavaFX Application Thread] DEBUG Engine               - Running on OS: Windows 10 version 10.0
13:49:30.955 [JavaFX Application Thread] DEBUG Engine               - Architecture: amd64
13:49:30.955 [JavaFX Application Thread] INFO  Engine               - Source code and latest versions at: https://github.com/AlmasB/FXGL
13:49:30.955 [JavaFX Application Thread] INFO  Engine               -       Ask questions and discuss at: https://github.com/AlmasB/FXGL/discussions
13:49:30.956 [JavaFX Application Thread] INFO  Engine               -              Join the FXGL chat at: https://gitter.im/AlmasB/FXGL
13:49:31.049 [JavaFX Application Thread] DEBUG PrimaryStageWindow   - Creating a JavaFX scene
13:49:31.111 [JavaFX Application Thread] DEBUG PrimaryStageWindow   - Target settings size: 1280.0 x 720.0
13:49:31.112 [JavaFX Application Thread] DEBUG PrimaryStageWindow   - Scaled scene size:    1280.0 x 720.0
13:49:31.112 [JavaFX Application Thread] DEBUG PrimaryStageWindow   - Scaled ratio: (1.0, 1.0)
13:49:31.113 [JavaFX Application Thread] DEBUG PrimaryStageWindow   - Set initial scene to FXGLStartupScene
13:49:31.115 [JavaFX Application Thread] DEBUG PrimaryStageWindow   - Opening main window
13:49:31.204 [JavaFX Application Thread] DEBUG PrimaryStageWindow   - Window border size: (16.0, 39.0)
13:49:31.204 [JavaFX Application Thread] DEBUG PrimaryStageWindow   - Scaled size: 1280.0 x 720.0
13:49:31.205 [JavaFX Application Thread] DEBUG PrimaryStageWindow   - Scaled ratio: (1.0, 1.0)
13:49:31.205 [JavaFX Application Thread] DEBUG PrimaryStageWindow   - Scene size: 1280.0 x 720.0
13:49:31.205 [JavaFX Application Thread] DEBUG PrimaryStageWindow   - Stage size: 1296.0 x 759.0
13:49:31.211 [FXGL Background Thread 1 ] DEBUG Engine               - Initializing environment variables
13:49:31.249 [FXGL Background Thread 1 ] DEBUG FXGLAssetLoaderServi - User app class for loading assets: class com.lucenstuff.fxglgames.suikagame.SuikaGame
13:49:31.249 [FXGL Background Thread 1 ] DEBUG GameApplicationServi - Applying CSS: fxgl_dark.css
13:49:31.250 [FXGL Background Thread 1 ] DEBUG FXGLAssetLoaderServi - Loading from file system: jar:file:/C:/Users/Fabrizio/.m2/repository/com/github/almasb/fxgl/21/fxgl-21.jar!/fxglassets/ui/css/fxgl_dark.css
13:49:31.282 [FXGL Background Thread 1 ] DEBUG GameApplicationServi - Initializing application scenes
13:49:31.310 [FXGL Background Thread 1 ] DEBUG GameWorld            - Game world initialized
13:49:31.362 [FXGL Background Thread 1 ] DEBUG PhysicsWorld         - Physics world initialized: appHeight=720, physics.ppm=50,0
13:49:31.362 [FXGL Background Thread 1 ] DEBUG PhysicsWorld         - Using strategy: BRUTE_FORCE
13:49:31.365 [FXGL Background Thread 1 ] DEBUG GameScene            - Game scene initialized: 1280x720
13:49:31.374 [FXGL Background Thread 1 ] DEBUG FXGL.DefaultMenu     - createMenuBodyGameMenu()
13:49:31.387 [FXGL Background Thread 1 ] DEBUG FXGL.DefaultMenu     - createOptionsMenu()
13:49:31.423 [FXGL Background Thread 1 ] DEBUG FXGLAssetLoaderServi - Loading from file system: jar:file:/C:/Users/Fabrizio/.m2/repository/com/github/almasb/fxgl/21/fxgl-21.jar!/fxglassets/textures/particles/smoke.png
13:49:31.508 [FXGL Background Thread 1 ] DEBUG FXGLAssetLoaderServi - Loading from file system: jar:file:/C:/Users/Fabrizio/.m2/repository/com/github/almasb/fxgl/21/fxgl-21.jar!/fxglassets/textures/particles/trace_horizontal.png
13:49:31.531 [FXGL Background Thread 1 ] DEBUG GameApplicationServi - Application scenes initialized
13:49:31.542 [FXGL Background Thread 1 ] DEBUG SystemBundleService  - Loading FXGL system data
13:49:31.545 [FXGL Background Thread 1 ] DEBUG FileSystemAccess     - Reading from: D:\Intellij\Project\system\fxgl.bundle
13:49:31.553 [FXGL Background Thread 1 ] DEBUG SystemBundleService  - Bundle FXGL: {}
13:49:31.553 [FXGL Background Thread 1 ] DEBUG UpdaterService       - Checking for updates
13:49:31.575 [FXGL Background Thread 4 ] DEBUG FXGLApplication      - Loading fonts
13:49:31.576 [FXGL Background Thread 1 ] DEBUG FXGLApplication      - Loading default localization
13:49:31.576 [FXGL Background Thread 4 ] DEBUG FXGLAssetLoaderServi - Loading from file system: jar:file:/C:/Users/Fabrizio/.m2/repository/com/github/almasb/fxgl/21/fxgl-21.jar!/fxglassets/ui/fonts/VarelaRound-Regular.ttf
13:49:31.576 [FXGL Background Thread 1 ] DEBUG FXGLAssetLoaderServi - Loading from file system: jar:file:/C:/Users/Fabrizio/.m2/repository/com/github/almasb/fxgl/21/fxgl-21.jar!/fxglassets/languages/english.lang
13:49:31.591 [FXGL Background Thread 1 ] INFO  FXGLApplication      - FXGL initialization took: 0,380 sec
13:49:31.592 [JavaFX Application Thread] DEBUG FXGLAssetLoaderServi - Loading from file system: file:/D:/Intellij/Project/target/classes/assets/textures/watermelon_view.png
13:49:31.601 [FXGL Background Thread 4 ] DEBUG FXGLAssetLoaderServi - Loading from file system: jar:file:/C:/Users/Fabrizio/.m2/repository/com/github/almasb/fxgl/21/fxgl-21.jar!/fxglassets/ui/fonts/Abel-Regular.ttf
13:49:31.609 [FXGL Background Thread 4 ] DEBUG FXGLAssetLoaderServi - Loading from file system: jar:file:/C:/Users/Fabrizio/.m2/repository/com/github/almasb/fxgl/21/fxgl-21.jar!/fxglassets/ui/fonts/TerminalLandMono-Regular.otf
13:49:31.616 [FXGL Background Thread 4 ] DEBUG FXGLAssetLoaderServi - Loading from file system: jar:file:/C:/Users/Fabrizio/.m2/repository/com/github/almasb/fxgl/21/fxgl-21.jar!/fxglassets/ui/fonts/Courier-Prime.ttf
13:49:31.622 [JavaFX Application Thread] DEBUG FXGLAssetLoaderServi - Loading from file system: jar:file:/C:/Users/Fabrizio/.m2/repository/com/github/almasb/fxgl/21/fxgl-21.jar!/fxglassets/textures/fxgl_default_cursor.png
13:49:31.631 [JavaFX Application Thread] DEBUG Input                - Registered new binding: Screenshot - CTRL+8
13:49:31.632 [JavaFX Application Thread] DEBUG Input                - Registered new binding: Dev Options - 1
13:49:31.632 [JavaFX Application Thread] DEBUG Input                - Registered new binding: Dev Console - 2
13:49:31.632 [JavaFX Application Thread] DEBUG Input                - Registered new binding: System info dump - CTRL+9
13:49:31.633 [JavaFX Application Thread] DEBUG Input                - Registered new binding: Restart - CTRL+R
13:49:31.633 [JavaFX Application Thread] DEBUG Input                - Registered new binding: Toggle Debug Camera - CTRL+7
13:49:31.637 [JavaFX Application Thread] DEBUG LoopRunner           - Starting loop
13:49:31.650 [JavaFX Application Thread] DEBUG LoopRunner           - Initializing JavaFX AnimationTimerLoop
13:49:31.652 [JavaFX Application Thread] DEBUG GameApplicationServi - Starting new game
13:49:31.652 [JavaFX Application Thread] DEBUG Input                - Clearing active input actions
13:49:31.660 [JavaFX Application Thread] DEBUG GameApplicationServi - Removing overlay from FXGLStartupScene and adding to FXGLLoadingScene
13:49:31.662 [JavaFX Application Thread] DEBUG PrimaryStageWindow   - FXGLStartupScene -> FXGLLoadingScene
13:49:31.662 [JavaFX Application Thread] DEBUG GameApplicationServi - Clearing previous game
13:49:31.662 [JavaFX Application Thread] DEBUG GameScene            - Clearing game scene
13:49:31.662 [JavaFX Application Thread] DEBUG GameWorld            - Clearing game world
13:49:31.662 [JavaFX Application Thread] DEBUG PhysicsWorld         - Clearing physics world
13:49:31.663 [FXGL Background Thread 4 ] DEBUG FXGLApplication      - Initializing game
13:49:31.663 [JavaFX Application Thread] DEBUG FXGLApplication      - Registering font factories with UI factory
13:49:31.683 [FXGL Background Thread 4 ] DEBUG FXGLAssetLoaderServi - Loading from file system: file:/D:/Intellij/Project/target/classes/assets/textures/background_view.png
13:49:31.731 [FXGL Background Thread 4 ] DEBUG FXGLAssetLoaderServi - Loading from file system: file:/D:/Intellij/Project/target/classes/assets/textures/container_view.png
13:49:31.758 [FXGL Background Thread 4 ] DEBUG FXGLAssetLoaderServi - Loading from file system: file:/D:/Intellij/Project/target/classes/assets/textures/ring_view.png
13:49:31.778 [FXGL Background Thread 4 ] DEBUG FXGLAssetLoaderServi - Loading from file system: file:/D:/Intellij/Project/target/classes/assets/textures/next_fruit_view.png
13:49:31.792 [FXGL Background Thread 4 ] DEBUG FXGLAssetLoaderServi - Loading from file system: file:/D:/Intellij/Project/target/classes/assets/textures/score_view.png
13:49:31.809 [FXGL Background Thread 4 ] DEBUG FXGLAssetLoaderServi - Loading from file system: file:/D:/Intellij/Project/target/classes/assets/textures/grape_view.png
13:49:31.819 [FXGL Background Thread 4 ] DEBUG FXGLAssetLoaderServi - Loading from file system: file:/D:/Intellij/Project/target/classes/assets/textures/lemon_view.png
13:49:31.831 [FXGL Background Thread 4 ] DEBUG FXGLAssetLoaderServi - Loading from file system: file:/D:/Intellij/Project/target/classes/assets/textures/orange_view.png
13:49:31.841 [FXGL Background Thread 4 ] INFO  FXGLApplication      - Game initialization took: 0,178 sec
13:49:31.887 [JavaFX Application Thread] DEBUG Input                - Clearing active input actions
13:49:31.895 [JavaFX Application Thread] DEBUG GameApplicationServi - Removing overlay from FXGLLoadingScene and adding to GameScene
13:49:31.898 [JavaFX Application Thread] DEBUG PrimaryStageWindow   - FXGLLoadingScene -> GameScene
13:49:32.533 [JavaFX Application Thread] DEBUG FXGLAssetLoaderServi - Loading from file system: file:/D:/Intellij/Project/target/classes/assets/textures/cherry_view.png
13:49:32.558 [JavaFX Application Thread] DEBUG FXGLAssetLoaderServi - Loading from file system: file:/D:/Intellij/Project/target/classes/assets/sounds/fruit_drop.wav
13:49:32.712 [JavaFX Application Thread] DEBUG FXGLAssetLoaderServi - Loading from file system: file:/D:/Intellij/Project/target/classes/assets/textures/strawberry_view.png
13:49:32.858 [JavaFX Application Thread] DEBUG FXGLAssetLoaderServi - Loading from file system: file:/D:/Intellij/Project/target/classes/assets/textures/apple_view.png
13:49:34.058 [JavaFX Application Thread] DEBUG FXGLAssetLoaderServi - Loading from file system: file:/D:/Intellij/Project/target/classes/assets/textures/pear_view.png
13:49:34.076 [JavaFX Application Thread] DEBUG FXGLAssetLoaderServi - Loading from file system: file:/D:/Intellij/Project/target/classes/assets/sounds/fruit_merge.wav
13:49:34.575 [FXGL Background Thread 3 ] DEBUG Engine               - Logging environment variables
13:49:34.575 [FXGL Background Thread 3 ] DEBUG Engine               - achievements: []
13:49:34.575 [FXGL Background Thread 3 ] DEBUG Engine               - actualHeight: 720.0
13:49:34.575 [FXGL Background Thread 3 ] DEBUG Engine               - actualHeightProperty: ReadOnlyDoubleProperty [value: 720.0]
13:49:34.575 [FXGL Background Thread 3 ] DEBUG Engine               - actualWidth: 1280.0
13:49:34.575 [FXGL Background Thread 3 ] DEBUG Engine               - actualWidthProperty: ReadOnlyDoubleProperty [value: 1280.0]
13:49:34.575 [FXGL Background Thread 3 ] DEBUG Engine               - appIcon: watermelon_view.png
13:49:34.576 [FXGL Background Thread 3 ] DEBUG Engine               - applicationMode: DEVELOPER
13:49:34.576 [FXGL Background Thread 3 ] DEBUG Engine               - cSSList: [fxgl_dark.css]
13:49:34.576 [FXGL Background Thread 3 ] DEBUG Engine               - collisionDetectionStrategy: BRUTE_FORCE
13:49:34.576 [FXGL Background Thread 3 ] DEBUG Engine               - configClass: Optional.empty
13:49:34.576 [FXGL Background Thread 3 ] DEBUG Engine               - credits: []
13:49:34.576 [FXGL Background Thread 3 ] DEBUG Engine               - defaultCursor: CursorInfo(imageName=fxgl_default_cursor.png, hotspotX=7.0, hotspotY=6.0)
13:49:34.576 [FXGL Background Thread 3 ] DEBUG Engine               - devBBoxColorProperty: ObjectProperty [value: 0xff0000ff]
13:49:34.576 [FXGL Background Thread 3 ] DEBUG Engine               - devEnableDebugCameraProperty: BooleanProperty [value: false]
13:49:34.576 [FXGL Background Thread 3 ] DEBUG Engine               - devSensorColorProperty: ObjectProperty [value: 0xffff00ff]
13:49:34.576 [FXGL Background Thread 3 ] DEBUG Engine               - devShowBBoxProperty: BooleanProperty [value: false]
13:49:34.576 [FXGL Background Thread 3 ] DEBUG Engine               - devShowPositionProperty: BooleanProperty [value: false]
13:49:34.576 [FXGL Background Thread 3 ] DEBUG Engine               - enabledMenuItems: []
13:49:34.577 [FXGL Background Thread 3 ] DEBUG Engine               - engineServices: [class com.almasb.fxgl.app.services.FXGLAssetLoaderService, class com.almasb.fxgl.app.FXGLApplication$GameApplicationService, class com.almasb.fxgl.app.services.FXGLDialogService, class com.almasb.fxgl.app.services.IOTaskExecutorService, class com.almasb.fxgl.io.FileSystemService, class com.almasb.fxgl.localization.LocalizationService, class com.almasb.fxgl.app.services.SystemBundleService, class com.almasb.fxgl.profile.SaveLoadService, class com.almasb.fxgl.ui.FXGLUIFactoryServiceProvider, class com.almasb.fxgl.ui.FXGLDialogFactoryServiceProvider, class com.almasb.fxgl.audio.AudioPlayer, class com.almasb.fxgl.notification.impl.NotificationServiceProvider, class com.almasb.fxgl.achievement.AchievementService, class com.almasb.fxgl.cutscene.CutsceneService, class com.almasb.fxgl.minigames.MiniGameService, class com.almasb.fxgl.net.NetService, class com.almasb.fxgl.app.services.UpdaterService, class com.almasb.fxgl.dev.DevService]
13:49:34.577 [FXGL Background Thread 3 ] DEBUG Engine               - fontGame: Abel-Regular.ttf
13:49:34.577 [FXGL Background Thread 3 ] DEBUG Engine               - fontMono: TerminalLandMono-Regular.otf
13:49:34.577 [FXGL Background Thread 3 ] DEBUG Engine               - fontSizeScaleUI: 1.0
13:49:34.577 [FXGL Background Thread 3 ] DEBUG Engine               - fontText: Courier-Prime.ttf
13:49:34.577 [FXGL Background Thread 3 ] DEBUG Engine               - fontUI: VarelaRound-Regular.ttf
13:49:34.577 [FXGL Background Thread 3 ] DEBUG Engine               - fullScreen: BooleanProperty [value: false]
13:49:34.577 [FXGL Background Thread 3 ] DEBUG Engine               - gameDifficulty: MEDIUM
13:49:34.577 [FXGL Background Thread 3 ] DEBUG Engine               - gameDifficultyProperty: ObjectProperty [value: MEDIUM]
13:49:34.577 [FXGL Background Thread 3 ] DEBUG Engine               - globalMusicVolume: 0.5
13:49:34.577 [FXGL Background Thread 3 ] DEBUG Engine               - globalMusicVolumeProperty: DoubleProperty [value: 0.5]
13:49:34.577 [FXGL Background Thread 3 ] DEBUG Engine               - globalSoundVolume: 0.5
13:49:34.577 [FXGL Background Thread 3 ] DEBUG Engine               - globalSoundVolumeProperty: DoubleProperty [value: 0.5]
13:49:34.577 [FXGL Background Thread 3 ] DEBUG Engine               - height: 720
13:49:34.577 [FXGL Background Thread 3 ] DEBUG Engine               - is3D: false
13:49:34.577 [FXGL Background Thread 3 ] DEBUG Engine               - isAndroid: false
13:49:34.577 [FXGL Background Thread 3 ] DEBUG Engine               - isBrowser: false
13:49:34.577 [FXGL Background Thread 3 ] DEBUG Engine               - isClickFeedbackEnabled: false
13:49:34.577 [FXGL Background Thread 3 ] DEBUG Engine               - isCloseConfirmation: false
13:49:34.577 [FXGL Background Thread 3 ] DEBUG Engine               - isDesktop: true
13:49:34.577 [FXGL Background Thread 3 ] DEBUG Engine               - isDeveloperMenuEnabled: true
13:49:34.578 [FXGL Background Thread 3 ] DEBUG Engine               - isEmbedded: false
13:49:34.578 [FXGL Background Thread 3 ] DEBUG Engine               - isEntityPreloadEnabled: true
13:49:34.578 [FXGL Background Thread 3 ] DEBUG Engine               - isExperimentalTiledLargeMap: false
13:49:34.578 [FXGL Background Thread 3 ] DEBUG Engine               - isFileSystemWriteAllowed: true
13:49:34.578 [FXGL Background Thread 3 ] DEBUG Engine               - isFullScreenAllowed: false
13:49:34.578 [FXGL Background Thread 3 ] DEBUG Engine               - isFullScreenFromStart: false
13:49:34.578 [FXGL Background Thread 3 ] DEBUG Engine               - isGameMenuEnabled: true
13:49:34.578 [FXGL Background Thread 3 ] DEBUG Engine               - isIOS: false
13:49:34.578 [FXGL Background Thread 3 ] DEBUG Engine               - isIntroEnabled: false
13:49:34.578 [FXGL Background Thread 3 ] DEBUG Engine               - isLinux: false
13:49:34.578 [FXGL Background Thread 3 ] DEBUG Engine               - isMac: false
13:49:34.578 [FXGL Background Thread 3 ] DEBUG Engine               - isMainMenuEnabled: false
13:49:34.578 [FXGL Background Thread 3 ] DEBUG Engine               - isManualResizeEnabled: false
13:49:34.578 [FXGL Background Thread 3 ] DEBUG Engine               - isMobile: false
13:49:34.578 [FXGL Background Thread 3 ] DEBUG Engine               - isNative: false
13:49:34.578 [FXGL Background Thread 3 ] DEBUG Engine               - isPauseMusicWhenMinimized: true
13:49:34.578 [FXGL Background Thread 3 ] DEBUG Engine               - isPreserveResizeRatio: false
13:49:34.578 [FXGL Background Thread 3 ] DEBUG Engine               - isProfilingEnabled: false
13:49:34.578 [FXGL Background Thread 3 ] DEBUG Engine               - isScaleAffectedOnResize: true
13:49:34.578 [FXGL Background Thread 3 ] DEBUG Engine               - isSingleStep: false
13:49:34.578 [FXGL Background Thread 3 ] DEBUG Engine               - isUserProfileEnabled: false
13:49:34.579 [FXGL Background Thread 3 ] DEBUG Engine               - isWindows: true
13:49:34.579 [FXGL Background Thread 3 ] DEBUG Engine               - language: ObjectProperty [value: ENGLISH]
13:49:34.579 [FXGL Background Thread 3 ] DEBUG Engine               - menuKey: ESCAPE
13:49:34.579 [FXGL Background Thread 3 ] DEBUG Engine               - mouseSensitivity: 0.2
13:49:34.579 [FXGL Background Thread 3 ] DEBUG Engine               - notificationViewClass: class com.almasb.fxgl.notification.view.XboxNotificationView
13:49:34.579 [FXGL Background Thread 3 ] DEBUG Engine               - pixelsPerMeter: 50.0
13:49:34.579 [FXGL Background Thread 3 ] DEBUG Engine               - platform: WINDOWS
13:49:34.579 [FXGL Background Thread 3 ] DEBUG Engine               - prefHeightProperty: ReadOnlyDoubleProperty [value: 720.0]
13:49:34.579 [FXGL Background Thread 3 ] DEBUG Engine               - prefWidthProperty: ReadOnlyDoubleProperty [value: 1280.0]
13:49:34.579 [FXGL Background Thread 3 ] DEBUG Engine               - profileDir: profiles/
13:49:34.579 [FXGL Background Thread 3 ] DEBUG Engine               - profileName: StringProperty [value: DEFAULT]
13:49:34.579 [FXGL Background Thread 3 ] DEBUG Engine               - randomSeed: -1
13:49:34.579 [FXGL Background Thread 3 ] DEBUG Engine               - runtimeInfo: RuntimeInfo(platform=WINDOWS, version=21, build=28.12.2023 13.35)
13:49:34.579 [FXGL Background Thread 3 ] DEBUG Engine               - saveFileExt: sav
13:49:34.579 [FXGL Background Thread 3 ] DEBUG Engine               - scaledHeightProp$fxgl: DoubleProperty [bound, value: 720.0]
13:49:34.580 [FXGL Background Thread 3 ] DEBUG Engine               - scaledWidthProp$fxgl: DoubleProperty [bound, value: 1280.0]
13:49:34.580 [FXGL Background Thread 3 ] DEBUG Engine               - sceneFactory: com.almasb.fxgl.app.scene.SceneFactory@7a5d3baf
13:49:34.580 [FXGL Background Thread 3 ] DEBUG Engine               - secondsIn24h: 60
13:49:34.580 [FXGL Background Thread 3 ] DEBUG Engine               - soundMenuBack: menu/back.wav
13:49:34.580 [FXGL Background Thread 3 ] DEBUG Engine               - soundMenuPress: menu/press.wav
13:49:34.580 [FXGL Background Thread 3 ] DEBUG Engine               - soundMenuSelect: menu/select.wav
13:49:34.580 [FXGL Background Thread 3 ] DEBUG Engine               - soundNotification: core/notification.wav
13:49:34.580 [FXGL Background Thread 3 ] DEBUG Engine               - stageStyle: DECORATED
13:49:34.580 [FXGL Background Thread 3 ] DEBUG Engine               - supportedLanguages: [ENGLISH, FRENCH, GERMAN, HUNGARIAN, RUSSIAN]
13:49:34.580 [FXGL Background Thread 3 ] DEBUG Engine               - ticksPerSecond: -1
13:49:34.580 [FXGL Background Thread 3 ] DEBUG Engine               - title: Suika FXGL
13:49:34.580 [FXGL Background Thread 3 ] DEBUG Engine               - urlGithub: https://github.com/AlmasB/FXGL
13:49:34.580 [FXGL Background Thread 3 ] DEBUG Engine               - urlLeaderboard: http://fxgl-top.herokuapp.com/
13:49:34.580 [FXGL Background Thread 3 ] DEBUG Engine               - urlPOM: https://raw.githubusercontent.com/AlmasB/FXGL/release/README.md
13:49:34.580 [FXGL Background Thread 3 ] DEBUG Engine               - userAppClass: class com.lucenstuff.fxglgames.suikagame.SuikaGame
13:49:34.580 [FXGL Background Thread 3 ] DEBUG Engine               - version: 0.1
13:49:34.580 [FXGL Background Thread 3 ] DEBUG Engine               - versionCheckDays: 7
13:49:34.580 [FXGL Background Thread 3 ] DEBUG Engine               - width: 1280
13:49:34.580 [FXGL Background Thread 3 ] DEBUG Engine               - Logging services
13:49:34.580 [FXGL Background Thread 3 ] DEBUG Engine               - class com.almasb.fxgl.app.services.FXGLAssetLoaderService
13:49:34.581 [FXGL Background Thread 3 ] DEBUG Engine               - class com.almasb.fxgl.app.FXGLApplication$GameApplicationService
13:49:34.581 [FXGL Background Thread 3 ] DEBUG Engine               - class com.almasb.fxgl.app.services.FXGLDialogService
13:49:34.581 [FXGL Background Thread 3 ] DEBUG Engine               - class com.almasb.fxgl.app.services.IOTaskExecutorService
13:49:34.581 [FXGL Background Thread 3 ] DEBUG Engine               - class com.almasb.fxgl.io.FileSystemService
13:49:34.581 [FXGL Background Thread 3 ] DEBUG Engine               - class com.almasb.fxgl.localization.LocalizationService
13:49:34.581 [FXGL Background Thread 3 ] DEBUG Engine               - class com.almasb.fxgl.app.services.SystemBundleService
13:49:34.581 [FXGL Background Thread 3 ] DEBUG Engine               - class com.almasb.fxgl.profile.SaveLoadService
13:49:34.581 [FXGL Background Thread 3 ] DEBUG Engine               - class com.almasb.fxgl.ui.FXGLUIFactoryServiceProvider
13:49:34.581 [FXGL Background Thread 3 ] DEBUG Engine               - class com.almasb.fxgl.ui.FXGLDialogFactoryServiceProvider
13:49:34.581 [FXGL Background Thread 3 ] DEBUG Engine               - class com.almasb.fxgl.audio.AudioPlayer
13:49:34.581 [FXGL Background Thread 3 ] DEBUG Engine               - class com.almasb.fxgl.notification.impl.NotificationServiceProvider
13:49:34.581 [FXGL Background Thread 3 ] DEBUG Engine               - class com.almasb.fxgl.achievement.AchievementService
13:49:34.581 [FXGL Background Thread 3 ] DEBUG Engine               - class com.almasb.fxgl.cutscene.CutsceneService
13:49:34.581 [FXGL Background Thread 3 ] DEBUG Engine               - class com.almasb.fxgl.minigames.MiniGameService
13:49:34.581 [FXGL Background Thread 3 ] DEBUG Engine               - class com.almasb.fxgl.net.NetService
13:49:34.581 [FXGL Background Thread 3 ] DEBUG Engine               - class com.almasb.fxgl.app.services.UpdaterService
13:49:34.581 [FXGL Background Thread 3 ] DEBUG Engine               - class com.almasb.fxgl.dev.DevService
13:49:37.721 [JavaFX Application Thread] DEBUG FXGLApplication      - Exiting FXGL
13:49:37.721 [JavaFX Application Thread] DEBUG LoopRunner           - Stopping loop
13:49:37.721 [JavaFX Application Thread] DEBUG SystemBundleService  - Saving FXGL system data
13:49:37.723 [JavaFX Application Thread] DEBUG FileSystemAccess     - Writing to: D:\Intellij\Project\system\fxgl.bundle
13:49:37.724 [JavaFX Application Thread] DEBUG Async                - Shutting down background threads
13:49:37.724 [JavaFX Application Thread] DEBUG PrimaryStageWindow   - Closing main window
13:49:37.731 [JavaFX Application Thread] DEBUG Logger               - Closing Logger
