21:55:44.096 [main                     ] DEBUG Logger               - Configured Logger
21:55:44.115 [main                     ] DEBUG GameApplication      - Logging settings
Title: Suika FXGL
Version: 0.1
Width: 1280
Height: 720
Fullscreen: false
Intro: false
Profiling: false
Single step:false
App Mode: DEVELOPER
Menu Key: ESCAPE
Stage Style: DECORATED
Scene Factory: class com.almasb.fxgl.app.scene.SceneFactory

21:55:44.556 [JavaFX Application Thread] DEBUG FXGLApplication      - Initializing FXGL
21:55:44.559 [JavaFX Application Thread] INFO  Engine               - FXGL-21 (28.12.2023 13.35) on WINDOWS (J:21.0.2 FX:21.0.1)
21:55:44.560 [JavaFX Application Thread] DEBUG Engine               - JRE Vendor Name: Oracle Corporation
21:55:44.560 [JavaFX Application Thread] DEBUG Engine               - Running on OS: Windows 10 version 10.0
21:55:44.560 [JavaFX Application Thread] DEBUG Engine               - Architecture: amd64
21:55:44.560 [JavaFX Application Thread] INFO  Engine               - Source code and latest versions at: https://github.com/AlmasB/FXGL
21:55:44.560 [JavaFX Application Thread] INFO  Engine               -       Ask questions and discuss at: https://github.com/AlmasB/FXGL/discussions
21:55:44.560 [JavaFX Application Thread] INFO  Engine               -              Join the FXGL chat at: https://gitter.im/AlmasB/FXGL
21:55:44.647 [JavaFX Application Thread] DEBUG PrimaryStageWindow   - Creating a JavaFX scene
21:55:44.686 [JavaFX Application Thread] DEBUG PrimaryStageWindow   - Target settings size: 1280.0 x 720.0
21:55:44.687 [JavaFX Application Thread] DEBUG PrimaryStageWindow   - Scaled scene size:    1280.0 x 720.0
21:55:44.687 [JavaFX Application Thread] DEBUG PrimaryStageWindow   - Scaled ratio: (1.0, 1.0)
21:55:44.688 [JavaFX Application Thread] DEBUG PrimaryStageWindow   - Set initial scene to FXGLStartupScene
21:55:44.691 [JavaFX Application Thread] DEBUG PrimaryStageWindow   - Opening main window
21:55:44.758 [JavaFX Application Thread] DEBUG PrimaryStageWindow   - Window border size: (16.0, 39.0)
21:55:44.759 [JavaFX Application Thread] DEBUG PrimaryStageWindow   - Scaled size: 1280.0 x 720.0
21:55:44.759 [JavaFX Application Thread] DEBUG PrimaryStageWindow   - Scaled ratio: (1.0, 1.0)
21:55:44.759 [JavaFX Application Thread] DEBUG PrimaryStageWindow   - Scene size: 1280.0 x 720.0
21:55:44.759 [JavaFX Application Thread] DEBUG PrimaryStageWindow   - Stage size: 1296.0 x 759.0
21:55:44.764 [FXGL Background Thread 1 ] DEBUG Engine               - Initializing environment variables
21:55:44.802 [FXGL Background Thread 1 ] DEBUG FXGLAssetLoaderServi - User app class for loading assets: class com.lucenstuff.fxglgames.suikagame.SuikaGame
21:55:44.803 [FXGL Background Thread 1 ] DEBUG GameApplicationServi - Applying CSS: fxgl_dark.css
21:55:44.803 [FXGL Background Thread 1 ] DEBUG FXGLAssetLoaderServi - Loading from file system: jar:file:/C:/Users/Fabrizio/.m2/repository/com/github/almasb/fxgl/21/fxgl-21.jar!/fxglassets/ui/css/fxgl_dark.css
21:55:44.836 [FXGL Background Thread 1 ] DEBUG GameApplicationServi - Initializing application scenes
21:55:44.862 [FXGL Background Thread 1 ] DEBUG GameWorld            - Game world initialized
21:55:44.909 [FXGL Background Thread 1 ] DEBUG PhysicsWorld         - Physics world initialized: appHeight=720, physics.ppm=50,0
21:55:44.909 [FXGL Background Thread 1 ] DEBUG PhysicsWorld         - Using strategy: BRUTE_FORCE
21:55:44.912 [FXGL Background Thread 1 ] DEBUG GameScene            - Game scene initialized: 1280x720
21:55:44.922 [FXGL Background Thread 1 ] DEBUG FXGL.DefaultMenu     - createMenuBodyGameMenu()
21:55:44.934 [FXGL Background Thread 1 ] DEBUG FXGL.DefaultMenu     - createOptionsMenu()
21:55:44.942 [FXGL Background Thread 1 ] DEBUG FXGLAssetLoaderServi - Loading from file system: jar:file:/C:/Users/Fabrizio/.m2/repository/com/github/almasb/fxgl/21/fxgl-21.jar!/fxglassets/textures/particles/smoke.png
21:55:45.022 [FXGL Background Thread 1 ] DEBUG FXGLAssetLoaderServi - Loading from file system: jar:file:/C:/Users/Fabrizio/.m2/repository/com/github/almasb/fxgl/21/fxgl-21.jar!/fxglassets/textures/particles/trace_horizontal.png
21:55:45.043 [FXGL Background Thread 1 ] DEBUG GameApplicationServi - Application scenes initialized
21:55:45.053 [FXGL Background Thread 1 ] DEBUG SystemBundleService  - Loading FXGL system data
21:55:45.055 [FXGL Background Thread 1 ] DEBUG FileSystemAccess     - Reading from: D:\Intellij\Project\system\fxgl.bundle
21:55:45.063 [FXGL Background Thread 1 ] DEBUG SystemBundleService  - Bundle FXGL: {}
21:55:45.063 [FXGL Background Thread 1 ] DEBUG UpdaterService       - Checking for updates
21:55:45.082 [FXGL Background Thread 4 ] DEBUG FXGLApplication      - Loading fonts
21:55:45.083 [FXGL Background Thread 4 ] DEBUG FXGLAssetLoaderServi - Loading from file system: jar:file:/C:/Users/Fabrizio/.m2/repository/com/github/almasb/fxgl/21/fxgl-21.jar!/fxglassets/ui/fonts/VarelaRound-Regular.ttf
21:55:45.083 [FXGL Background Thread 1 ] DEBUG FXGLApplication      - Loading default localization
21:55:45.083 [FXGL Background Thread 1 ] DEBUG FXGLAssetLoaderServi - Loading from file system: jar:file:/C:/Users/Fabrizio/.m2/repository/com/github/almasb/fxgl/21/fxgl-21.jar!/fxglassets/languages/english.lang
21:55:45.095 [FXGL Background Thread 1 ] INFO  FXGLApplication      - FXGL initialization took: 0,331 sec
21:55:45.096 [JavaFX Application Thread] DEBUG FXGLAssetLoaderServi - Loading from file system: file:/D:/Intellij/Project/target/classes/assets/textures/watermelon_view.png
21:55:45.106 [FXGL Background Thread 4 ] DEBUG FXGLAssetLoaderServi - Loading from file system: jar:file:/C:/Users/Fabrizio/.m2/repository/com/github/almasb/fxgl/21/fxgl-21.jar!/fxglassets/ui/fonts/Abel-Regular.ttf
21:55:45.108 [JavaFX Application Thread] DEBUG FXGLAssetLoaderServi - Loading from file system: jar:file:/C:/Users/Fabrizio/.m2/repository/com/github/almasb/fxgl/21/fxgl-21.jar!/fxglassets/textures/fxgl_default_cursor.png
21:55:45.115 [FXGL Background Thread 4 ] DEBUG FXGLAssetLoaderServi - Loading from file system: jar:file:/C:/Users/Fabrizio/.m2/repository/com/github/almasb/fxgl/21/fxgl-21.jar!/fxglassets/ui/fonts/TerminalLandMono-Regular.otf
21:55:45.118 [JavaFX Application Thread] DEBUG Input                - Registered new binding: Screenshot - CTRL+8
21:55:45.118 [JavaFX Application Thread] DEBUG Input                - Registered new binding: Dev Options - 1
21:55:45.119 [JavaFX Application Thread] DEBUG Input                - Registered new binding: Dev Console - 2
21:55:45.119 [JavaFX Application Thread] DEBUG Input                - Registered new binding: System info dump - CTRL+9
21:55:45.119 [JavaFX Application Thread] DEBUG Input                - Registered new binding: Restart - CTRL+R
21:55:45.120 [JavaFX Application Thread] DEBUG Input                - Registered new binding: Toggle Debug Camera - CTRL+7
21:55:45.122 [FXGL Background Thread 4 ] DEBUG FXGLAssetLoaderServi - Loading from file system: jar:file:/C:/Users/Fabrizio/.m2/repository/com/github/almasb/fxgl/21/fxgl-21.jar!/fxglassets/ui/fonts/Courier-Prime.ttf
21:55:45.123 [JavaFX Application Thread] DEBUG LoopRunner           - Starting loop
21:55:45.134 [JavaFX Application Thread] DEBUG LoopRunner           - Initializing JavaFX AnimationTimerLoop
21:55:45.135 [JavaFX Application Thread] DEBUG GameApplicationServi - Starting new game
21:55:45.136 [JavaFX Application Thread] DEBUG Input                - Clearing active input actions
21:55:45.146 [JavaFX Application Thread] DEBUG GameApplicationServi - Removing overlay from FXGLStartupScene and adding to FXGLLoadingScene
21:55:45.149 [JavaFX Application Thread] DEBUG PrimaryStageWindow   - FXGLStartupScene -> FXGLLoadingScene
21:55:45.149 [JavaFX Application Thread] DEBUG GameApplicationServi - Clearing previous game
21:55:45.149 [JavaFX Application Thread] DEBUG GameScene            - Clearing game scene
21:55:45.149 [JavaFX Application Thread] DEBUG GameWorld            - Clearing game world
21:55:45.149 [JavaFX Application Thread] DEBUG PhysicsWorld         - Clearing physics world
21:55:45.150 [FXGL Background Thread 4 ] DEBUG FXGLApplication      - Initializing game
21:55:45.154 [FXGL Background Thread 4 ] DEBUG FXGLAssetLoaderServi - Loading from file system: file:/D:/Intellij/Project/target/classes/assets/textures/background_view.png
21:55:45.188 [FXGL Background Thread 4 ] DEBUG FXGLAssetLoaderServi - Loading from file system: file:/D:/Intellij/Project/target/classes/assets/textures/container_view.png
21:55:45.212 [FXGL Background Thread 4 ] DEBUG FXGLAssetLoaderServi - Loading from file system: file:/D:/Intellij/Project/target/classes/assets/textures/ring_view.png
21:55:45.217 [FXGL Background Thread 4 ] DEBUG FXGLAssetLoaderServi - Loading from file system: file:/D:/Intellij/Project/target/classes/assets/textures/next_fruit_view.png
21:55:45.219 [FXGL Background Thread 4 ] DEBUG FXGLAssetLoaderServi - Loading from file system: file:/D:/Intellij/Project/target/classes/assets/textures/score_view.png
21:55:45.224 [FXGL Background Thread 4 ] DEBUG FXGLAssetLoaderServi - Loading from file system: file:/D:/Intellij/Project/target/classes/assets/textures/orange_view.png
21:55:45.226 [FXGL Background Thread 4 ] DEBUG FXGLAssetLoaderServi - Loading from file system: file:/D:/Intellij/Project/target/classes/assets/textures/strawberry_view.png
21:55:45.228 [FXGL Background Thread 4 ] DEBUG FXGLAssetLoaderServi - Loading from file system: file:/D:/Intellij/Project/target/classes/assets/textures/cherry_view.png
21:55:45.230 [FXGL Background Thread 4 ] INFO  FXGLApplication      - Game initialization took: 0,081 sec
21:55:45.305 [JavaFX Application Thread] DEBUG FXGLApplication      - Registering font factories with UI factory
21:55:45.321 [JavaFX Application Thread] DEBUG Input                - Clearing active input actions
21:55:45.331 [JavaFX Application Thread] DEBUG GameApplicationServi - Removing overlay from FXGLLoadingScene and adding to GameScene
21:55:45.335 [JavaFX Application Thread] DEBUG PrimaryStageWindow   - FXGLLoadingScene -> GameScene
21:55:45.893 [JavaFX Application Thread] DEBUG FXGLAssetLoaderServi - Loading from file system: file:/D:/Intellij/Project/target/classes/assets/textures/lemon_view.png
21:55:45.896 [JavaFX Application Thread] DEBUG FXGLAssetLoaderServi - Loading from file system: file:/D:/Intellij/Project/target/classes/assets/sounds/fruit_drop.wav
21:55:45.986 [JavaFX Application Thread] DEBUG FXGLAssetLoaderServi - Loading from file system: file:/D:/Intellij/Project/target/classes/assets/textures/grape_view.png
21:55:46.114 [JavaFX Application Thread] DEBUG FXGLAssetLoaderServi - Loading from file system: file:/D:/Intellij/Project/target/classes/assets/textures/apple_view.png
21:55:46.512 [JavaFX Application Thread] DEBUG FXGLAssetLoaderServi - Loading from file system: file:/D:/Intellij/Project/target/classes/assets/sounds/fruit_merge.wav
21:55:47.890 [JavaFX Application Thread] DEBUG FXGLAssetLoaderServi - Loading from file system: file:/D:/Intellij/Project/target/classes/assets/textures/pear_view.png
21:55:48.082 [FXGL Background Thread 3 ] DEBUG Engine               - Logging environment variables
21:55:48.083 [FXGL Background Thread 3 ] DEBUG Engine               - achievements: []
21:55:48.083 [FXGL Background Thread 3 ] DEBUG Engine               - actualHeight: 720.0
21:55:48.083 [FXGL Background Thread 3 ] DEBUG Engine               - actualHeightProperty: ReadOnlyDoubleProperty [value: 720.0]
21:55:48.083 [FXGL Background Thread 3 ] DEBUG Engine               - actualWidth: 1280.0
21:55:48.083 [FXGL Background Thread 3 ] DEBUG Engine               - actualWidthProperty: ReadOnlyDoubleProperty [value: 1280.0]
21:55:48.083 [FXGL Background Thread 3 ] DEBUG Engine               - appIcon: watermelon_view.png
21:55:48.083 [FXGL Background Thread 3 ] DEBUG Engine               - applicationMode: DEVELOPER
21:55:48.083 [FXGL Background Thread 3 ] DEBUG Engine               - cSSList: [fxgl_dark.css]
21:55:48.083 [FXGL Background Thread 3 ] DEBUG Engine               - collisionDetectionStrategy: BRUTE_FORCE
21:55:48.083 [FXGL Background Thread 3 ] DEBUG Engine               - configClass: Optional.empty
21:55:48.083 [FXGL Background Thread 3 ] DEBUG Engine               - credits: []
21:55:48.083 [FXGL Background Thread 3 ] DEBUG Engine               - defaultCursor: CursorInfo(imageName=fxgl_default_cursor.png, hotspotX=7.0, hotspotY=6.0)
21:55:48.084 [FXGL Background Thread 3 ] DEBUG Engine               - devBBoxColorProperty: ObjectProperty [value: 0xff0000ff]
21:55:48.084 [FXGL Background Thread 3 ] DEBUG Engine               - devEnableDebugCameraProperty: BooleanProperty [value: false]
21:55:48.084 [FXGL Background Thread 3 ] DEBUG Engine               - devSensorColorProperty: ObjectProperty [value: 0xffff00ff]
21:55:48.084 [FXGL Background Thread 3 ] DEBUG Engine               - devShowBBoxProperty: BooleanProperty [value: false]
21:55:48.084 [FXGL Background Thread 3 ] DEBUG Engine               - devShowPositionProperty: BooleanProperty [value: false]
21:55:48.084 [FXGL Background Thread 3 ] DEBUG Engine               - enabledMenuItems: []
21:55:48.084 [FXGL Background Thread 3 ] DEBUG Engine               - engineServices: [class com.almasb.fxgl.app.services.FXGLAssetLoaderService, class com.almasb.fxgl.app.FXGLApplication$GameApplicationService, class com.almasb.fxgl.app.services.FXGLDialogService, class com.almasb.fxgl.app.services.IOTaskExecutorService, class com.almasb.fxgl.io.FileSystemService, class com.almasb.fxgl.localization.LocalizationService, class com.almasb.fxgl.app.services.SystemBundleService, class com.almasb.fxgl.profile.SaveLoadService, class com.almasb.fxgl.ui.FXGLUIFactoryServiceProvider, class com.almasb.fxgl.ui.FXGLDialogFactoryServiceProvider, class com.almasb.fxgl.audio.AudioPlayer, class com.almasb.fxgl.notification.impl.NotificationServiceProvider, class com.almasb.fxgl.achievement.AchievementService, class com.almasb.fxgl.cutscene.CutsceneService, class com.almasb.fxgl.minigames.MiniGameService, class com.almasb.fxgl.net.NetService, class com.almasb.fxgl.app.services.UpdaterService, class com.almasb.fxgl.dev.DevService]
21:55:48.084 [FXGL Background Thread 3 ] DEBUG Engine               - fontGame: Abel-Regular.ttf
21:55:48.084 [FXGL Background Thread 3 ] DEBUG Engine               - fontMono: TerminalLandMono-Regular.otf
21:55:48.084 [FXGL Background Thread 3 ] DEBUG Engine               - fontSizeScaleUI: 1.0
21:55:48.084 [FXGL Background Thread 3 ] DEBUG Engine               - fontText: Courier-Prime.ttf
21:55:48.084 [FXGL Background Thread 3 ] DEBUG Engine               - fontUI: VarelaRound-Regular.ttf
21:55:48.084 [FXGL Background Thread 3 ] DEBUG Engine               - fullScreen: BooleanProperty [value: false]
21:55:48.084 [FXGL Background Thread 3 ] DEBUG Engine               - gameDifficulty: MEDIUM
21:55:48.084 [FXGL Background Thread 3 ] DEBUG Engine               - gameDifficultyProperty: ObjectProperty [value: MEDIUM]
21:55:48.084 [FXGL Background Thread 3 ] DEBUG Engine               - globalMusicVolume: 0.5
21:55:48.084 [FXGL Background Thread 3 ] DEBUG Engine               - globalMusicVolumeProperty: DoubleProperty [value: 0.5]
21:55:48.084 [FXGL Background Thread 3 ] DEBUG Engine               - globalSoundVolume: 0.5
21:55:48.084 [FXGL Background Thread 3 ] DEBUG Engine               - globalSoundVolumeProperty: DoubleProperty [value: 0.5]
21:55:48.084 [FXGL Background Thread 3 ] DEBUG Engine               - height: 720
21:55:48.085 [FXGL Background Thread 3 ] DEBUG Engine               - is3D: false
21:55:48.085 [FXGL Background Thread 3 ] DEBUG Engine               - isAndroid: false
21:55:48.085 [FXGL Background Thread 3 ] DEBUG Engine               - isBrowser: false
21:55:48.085 [FXGL Background Thread 3 ] DEBUG Engine               - isClickFeedbackEnabled: false
21:55:48.085 [FXGL Background Thread 3 ] DEBUG Engine               - isCloseConfirmation: false
21:55:48.085 [FXGL Background Thread 3 ] DEBUG Engine               - isDesktop: true
21:55:48.085 [FXGL Background Thread 3 ] DEBUG Engine               - isDeveloperMenuEnabled: true
21:55:48.085 [FXGL Background Thread 3 ] DEBUG Engine               - isEmbedded: false
21:55:48.085 [FXGL Background Thread 3 ] DEBUG Engine               - isEntityPreloadEnabled: true
21:55:48.085 [FXGL Background Thread 3 ] DEBUG Engine               - isExperimentalTiledLargeMap: false
21:55:48.085 [FXGL Background Thread 3 ] DEBUG Engine               - isFileSystemWriteAllowed: true
21:55:48.085 [FXGL Background Thread 3 ] DEBUG Engine               - isFullScreenAllowed: false
21:55:48.085 [FXGL Background Thread 3 ] DEBUG Engine               - isFullScreenFromStart: false
21:55:48.085 [FXGL Background Thread 3 ] DEBUG Engine               - isGameMenuEnabled: true
21:55:48.085 [FXGL Background Thread 3 ] DEBUG Engine               - isIOS: false
21:55:48.085 [FXGL Background Thread 3 ] DEBUG Engine               - isIntroEnabled: false
21:55:48.085 [FXGL Background Thread 3 ] DEBUG Engine               - isLinux: false
21:55:48.085 [FXGL Background Thread 3 ] DEBUG Engine               - isMac: false
21:55:48.085 [FXGL Background Thread 3 ] DEBUG Engine               - isMainMenuEnabled: false
21:55:48.085 [FXGL Background Thread 3 ] DEBUG Engine               - isManualResizeEnabled: false
21:55:48.086 [FXGL Background Thread 3 ] DEBUG Engine               - isMobile: false
21:55:48.086 [FXGL Background Thread 3 ] DEBUG Engine               - isNative: false
21:55:48.086 [FXGL Background Thread 3 ] DEBUG Engine               - isPauseMusicWhenMinimized: true
21:55:48.086 [FXGL Background Thread 3 ] DEBUG Engine               - isPreserveResizeRatio: false
21:55:48.086 [FXGL Background Thread 3 ] DEBUG Engine               - isProfilingEnabled: false
21:55:48.086 [FXGL Background Thread 3 ] DEBUG Engine               - isScaleAffectedOnResize: true
21:55:48.086 [FXGL Background Thread 3 ] DEBUG Engine               - isSingleStep: false
21:55:48.086 [FXGL Background Thread 3 ] DEBUG Engine               - isUserProfileEnabled: false
21:55:48.086 [FXGL Background Thread 3 ] DEBUG Engine               - isWindows: true
21:55:48.086 [FXGL Background Thread 3 ] DEBUG Engine               - language: ObjectProperty [value: ENGLISH]
21:55:48.086 [FXGL Background Thread 3 ] DEBUG Engine               - menuKey: ESCAPE
21:55:48.086 [FXGL Background Thread 3 ] DEBUG Engine               - mouseSensitivity: 0.2
21:55:48.086 [FXGL Background Thread 3 ] DEBUG Engine               - notificationViewClass: class com.almasb.fxgl.notification.view.XboxNotificationView
21:55:48.086 [FXGL Background Thread 3 ] DEBUG Engine               - pixelsPerMeter: 50.0
21:55:48.086 [FXGL Background Thread 3 ] DEBUG Engine               - platform: WINDOWS
21:55:48.086 [FXGL Background Thread 3 ] DEBUG Engine               - prefHeightProperty: ReadOnlyDoubleProperty [value: 720.0]
21:55:48.086 [FXGL Background Thread 3 ] DEBUG Engine               - prefWidthProperty: ReadOnlyDoubleProperty [value: 1280.0]
21:55:48.086 [FXGL Background Thread 3 ] DEBUG Engine               - profileDir: profiles/
21:55:48.086 [FXGL Background Thread 3 ] DEBUG Engine               - profileName: StringProperty [value: DEFAULT]
21:55:48.086 [FXGL Background Thread 3 ] DEBUG Engine               - randomSeed: -1
21:55:48.087 [FXGL Background Thread 3 ] DEBUG Engine               - runtimeInfo: RuntimeInfo(platform=WINDOWS, version=21, build=28.12.2023 13.35)
21:55:48.088 [FXGL Background Thread 3 ] DEBUG Engine               - saveFileExt: sav
21:55:48.088 [FXGL Background Thread 3 ] DEBUG Engine               - scaledHeightProp$fxgl: DoubleProperty [bound, value: 720.0]
21:55:48.088 [FXGL Background Thread 3 ] DEBUG Engine               - scaledWidthProp$fxgl: DoubleProperty [bound, value: 1280.0]
21:55:48.088 [FXGL Background Thread 3 ] DEBUG Engine               - sceneFactory: com.almasb.fxgl.app.scene.SceneFactory@17f58a6f
21:55:48.088 [FXGL Background Thread 3 ] DEBUG Engine               - secondsIn24h: 60
21:55:48.088 [FXGL Background Thread 3 ] DEBUG Engine               - soundMenuBack: menu/back.wav
21:55:48.088 [FXGL Background Thread 3 ] DEBUG Engine               - soundMenuPress: menu/press.wav
21:55:48.088 [FXGL Background Thread 3 ] DEBUG Engine               - soundMenuSelect: menu/select.wav
21:55:48.088 [FXGL Background Thread 3 ] DEBUG Engine               - soundNotification: core/notification.wav
21:55:48.088 [FXGL Background Thread 3 ] DEBUG Engine               - stageStyle: DECORATED
21:55:48.088 [FXGL Background Thread 3 ] DEBUG Engine               - supportedLanguages: [ENGLISH, FRENCH, GERMAN, HUNGARIAN, RUSSIAN]
21:55:48.088 [FXGL Background Thread 3 ] DEBUG Engine               - ticksPerSecond: -1
21:55:48.088 [FXGL Background Thread 3 ] DEBUG Engine               - title: Suika FXGL
21:55:48.088 [FXGL Background Thread 3 ] DEBUG Engine               - urlGithub: https://github.com/AlmasB/FXGL
21:55:48.088 [FXGL Background Thread 3 ] DEBUG Engine               - urlLeaderboard: http://fxgl-top.herokuapp.com/
21:55:48.088 [FXGL Background Thread 3 ] DEBUG Engine               - urlPOM: https://raw.githubusercontent.com/AlmasB/FXGL/release/README.md
21:55:48.088 [FXGL Background Thread 3 ] DEBUG Engine               - userAppClass: class com.lucenstuff.fxglgames.suikagame.SuikaGame
21:55:48.088 [FXGL Background Thread 3 ] DEBUG Engine               - version: 0.1
21:55:48.088 [FXGL Background Thread 3 ] DEBUG Engine               - versionCheckDays: 7
21:55:48.088 [FXGL Background Thread 3 ] DEBUG Engine               - width: 1280
21:55:48.088 [FXGL Background Thread 3 ] DEBUG Engine               - Logging services
21:55:48.088 [FXGL Background Thread 3 ] DEBUG Engine               - class com.almasb.fxgl.app.services.FXGLAssetLoaderService
21:55:48.088 [FXGL Background Thread 3 ] DEBUG Engine               - class com.almasb.fxgl.app.FXGLApplication$GameApplicationService
21:55:48.088 [FXGL Background Thread 3 ] DEBUG Engine               - class com.almasb.fxgl.app.services.FXGLDialogService
21:55:48.089 [FXGL Background Thread 3 ] DEBUG Engine               - class com.almasb.fxgl.app.services.IOTaskExecutorService
21:55:48.089 [FXGL Background Thread 3 ] DEBUG Engine               - class com.almasb.fxgl.io.FileSystemService
21:55:48.089 [FXGL Background Thread 3 ] DEBUG Engine               - class com.almasb.fxgl.localization.LocalizationService
21:55:48.089 [FXGL Background Thread 3 ] DEBUG Engine               - class com.almasb.fxgl.app.services.SystemBundleService
21:55:48.089 [FXGL Background Thread 3 ] DEBUG Engine               - class com.almasb.fxgl.profile.SaveLoadService
21:55:48.089 [FXGL Background Thread 3 ] DEBUG Engine               - class com.almasb.fxgl.ui.FXGLUIFactoryServiceProvider
21:55:48.089 [FXGL Background Thread 3 ] DEBUG Engine               - class com.almasb.fxgl.ui.FXGLDialogFactoryServiceProvider
21:55:48.089 [FXGL Background Thread 3 ] DEBUG Engine               - class com.almasb.fxgl.audio.AudioPlayer
21:55:48.089 [FXGL Background Thread 3 ] DEBUG Engine               - class com.almasb.fxgl.notification.impl.NotificationServiceProvider
21:55:48.089 [FXGL Background Thread 3 ] DEBUG Engine               - class com.almasb.fxgl.achievement.AchievementService
21:55:48.089 [FXGL Background Thread 3 ] DEBUG Engine               - class com.almasb.fxgl.cutscene.CutsceneService
21:55:48.089 [FXGL Background Thread 3 ] DEBUG Engine               - class com.almasb.fxgl.minigames.MiniGameService
21:55:48.089 [FXGL Background Thread 3 ] DEBUG Engine               - class com.almasb.fxgl.net.NetService
21:55:48.089 [FXGL Background Thread 3 ] DEBUG Engine               - class com.almasb.fxgl.app.services.UpdaterService
21:55:48.089 [FXGL Background Thread 3 ] DEBUG Engine               - class com.almasb.fxgl.dev.DevService
21:55:50.109 [JavaFX Application Thread] DEBUG FXGLAssetLoaderServi - Loading from file system: file:/D:/Intellij/Project/target/classes/assets/textures/peach_view.png
21:55:58.687 [JavaFX Application Thread] DEBUG PrimaryStageWindow   - Push state: DialogSubScene
21:55:58.688 [JavaFX Application Thread] DEBUG Input                - Clearing active input actions
21:55:58.688 [JavaFX Application Thread] DEBUG GameApplicationServi - Removing overlay from GameScene and adding to DialogSubScene
21:55:58.689 [JavaFX Application Thread] DEBUG PrimaryStageWindow   - GameScene -> DialogSubScene
21:56:00.025 [JavaFX Application Thread] DEBUG PrimaryStageWindow   - Pop state: DialogSubScene
21:56:00.025 [JavaFX Application Thread] DEBUG Input                - Clearing active input actions
21:56:00.026 [JavaFX Application Thread] DEBUG GameApplicationServi - Removing overlay from DialogSubScene and adding to GameScene
21:56:00.027 [JavaFX Application Thread] DEBUG PrimaryStageWindow   - GameScene <- DialogSubScene
21:56:00.027 [JavaFX Application Thread] DEBUG GameApplicationServi - Starting new game
21:56:00.027 [JavaFX Application Thread] DEBUG Input                - Clearing active input actions
21:56:00.031 [JavaFX Application Thread] DEBUG GameApplicationServi - Removing overlay from GameScene and adding to FXGLLoadingScene
21:56:00.031 [JavaFX Application Thread] DEBUG PrimaryStageWindow   - GameScene -> FXGLLoadingScene
21:56:00.031 [JavaFX Application Thread] DEBUG GameApplicationServi - Clearing previous game
21:56:00.031 [JavaFX Application Thread] DEBUG GameScene            - Clearing game scene
21:56:00.031 [JavaFX Application Thread] DEBUG GameWorld            - Clearing game world
21:56:00.034 [JavaFX Application Thread] DEBUG PhysicsWorld         - Clearing physics world
21:56:00.034 [FXGL Background Thread 2 ] DEBUG FXGLApplication      - Initializing game
21:56:00.036 [FXGL Background Thread 2 ] INFO  FXGLApplication      - Game initialization took: 0,002 sec
21:56:00.056 [JavaFX Application Thread] DEBUG Input                - Clearing active input actions
21:56:00.060 [JavaFX Application Thread] DEBUG GameApplicationServi - Removing overlay from FXGLLoadingScene and adding to GameScene
21:56:00.063 [JavaFX Application Thread] DEBUG PrimaryStageWindow   - FXGLLoadingScene -> GameScene
21:56:10.147 [JavaFX Application Thread] DEBUG FXGLApplication      - Exiting FXGL
21:56:10.147 [JavaFX Application Thread] DEBUG LoopRunner           - Stopping loop
21:56:10.147 [JavaFX Application Thread] DEBUG SystemBundleService  - Saving FXGL system data
21:56:10.149 [JavaFX Application Thread] DEBUG FileSystemAccess     - Writing to: D:\Intellij\Project\system\fxgl.bundle
21:56:10.150 [JavaFX Application Thread] DEBUG Async                - Shutting down background threads
21:56:10.150 [JavaFX Application Thread] DEBUG PrimaryStageWindow   - Closing main window
21:56:10.158 [JavaFX Application Thread] DEBUG Logger               - Closing Logger
