15:34:20.407 [main                     ] DEBUG Logger               - Configured Logger
15:34:20.444 [main                     ] DEBUG GameApplication      - Logging settings
Title: Basic Game App
Version: 0.1
Width: 1280
Height: 720
Fullscreen: false
Intro: false
Profiling: false
Single step:false
App Mode: DEVELOPER
Menu Key: ESCAPE
Stage Style: DECORATED
Scene Factory: class com.almasb.fxgl.app.scene.SceneFactory

15:34:21.131 [JavaFX Application Thread] DEBUG FXGLApplication      - Initializing FXGL
15:34:21.137 [JavaFX Application Thread] INFO  Engine               - FXGL-21 (28.12.2023 13.35) on WINDOWS (J:21.0.1 FX:21.0.1)
15:34:21.137 [JavaFX Application Thread] DEBUG Engine               - JRE Vendor Name: Oracle Corporation
15:34:21.138 [JavaFX Application Thread] DEBUG Engine               - Running on OS: Windows 11 version 10.0
15:34:21.138 [JavaFX Application Thread] DEBUG Engine               - Architecture: amd64
15:34:21.138 [JavaFX Application Thread] INFO  Engine               - Source code and latest versions at: https://github.com/AlmasB/FXGL
15:34:21.138 [JavaFX Application Thread] INFO  Engine               -       Ask questions and discuss at: https://github.com/AlmasB/FXGL/discussions
15:34:21.138 [JavaFX Application Thread] INFO  Engine               -              Join the FXGL chat at: https://gitter.im/AlmasB/FXGL
15:34:21.326 [JavaFX Application Thread] DEBUG PrimaryStageWindow   - Creating a JavaFX scene
15:34:21.405 [JavaFX Application Thread] DEBUG PrimaryStageWindow   - Target settings size: 1280.0 x 720.0
15:34:21.406 [JavaFX Application Thread] DEBUG PrimaryStageWindow   - Scaled scene size:    1280.0 x 720.0
15:34:21.406 [JavaFX Application Thread] DEBUG PrimaryStageWindow   - Scaled ratio: (1.0, 1.0)
15:34:21.407 [JavaFX Application Thread] DEBUG PrimaryStageWindow   - Set initial scene to FXGLStartupScene
15:34:21.412 [JavaFX Application Thread] DEBUG PrimaryStageWindow   - Opening main window
15:34:21.545 [JavaFX Application Thread] DEBUG PrimaryStageWindow   - Window border size: (16.0, 39.0)
15:34:21.546 [JavaFX Application Thread] DEBUG PrimaryStageWindow   - Scaled size: 1280.0 x 720.0
15:34:21.546 [JavaFX Application Thread] DEBUG PrimaryStageWindow   - Scaled ratio: (1.0, 1.0)
15:34:21.546 [JavaFX Application Thread] DEBUG PrimaryStageWindow   - Scene size: 1280.0 x 720.0
15:34:21.546 [JavaFX Application Thread] DEBUG PrimaryStageWindow   - Stage size: 1296.0 x 759.0
15:34:21.563 [FXGL Background Thread 1 ] DEBUG Engine               - Initializing environment variables
15:34:21.659 [FXGL Background Thread 1 ] DEBUG FXGLAssetLoaderServi - User app class for loading assets: class com.lucenstuff.fxglgames.suikagame.SuikaGame
15:34:21.659 [FXGL Background Thread 1 ] DEBUG GameApplicationServi - Applying CSS: fxgl_dark.css
15:34:21.661 [FXGL Background Thread 1 ] DEBUG FXGLAssetLoaderServi - Loading from file system: jar:file:/C:/Users/agust/.m2/repository/com/github/almasb/fxgl/21/fxgl-21.jar!/fxglassets/ui/css/fxgl_dark.css
15:34:21.734 [FXGL Background Thread 1 ] DEBUG GameApplicationServi - Initializing application scenes
15:34:21.854 [FXGL Background Thread 1 ] DEBUG GameWorld            - Game world initialized
15:34:21.942 [FXGL Background Thread 1 ] DEBUG PhysicsWorld         - Physics world initialized: appHeight=720, physics.ppm=50,0
15:34:21.943 [FXGL Background Thread 1 ] DEBUG PhysicsWorld         - Using strategy: BRUTE_FORCE
15:34:21.947 [FXGL Background Thread 1 ] DEBUG GameScene            - Game scene initialized: 1280x720
15:34:21.966 [FXGL Background Thread 1 ] DEBUG FXGL.DefaultMenu     - createMenuBodyGameMenu()
15:34:21.989 [FXGL Background Thread 1 ] DEBUG FXGL.DefaultMenu     - createOptionsMenu()
15:34:22.006 [FXGL Background Thread 1 ] DEBUG FXGLAssetLoaderServi - Loading from file system: jar:file:/C:/Users/agust/.m2/repository/com/github/almasb/fxgl/21/fxgl-21.jar!/fxglassets/textures/particles/smoke.png
15:34:22.178 [FXGL Background Thread 1 ] DEBUG FXGLAssetLoaderServi - Loading from file system: jar:file:/C:/Users/agust/.m2/repository/com/github/almasb/fxgl/21/fxgl-21.jar!/fxglassets/textures/particles/trace_horizontal.png
15:34:22.226 [FXGL Background Thread 1 ] DEBUG GameApplicationServi - Application scenes initialized
15:34:22.251 [FXGL Background Thread 1 ] DEBUG SystemBundleService  - Loading FXGL system data
15:34:22.256 [FXGL Background Thread 1 ] DEBUG FileSystemAccess     - Reading from: C:\Users\agust\OneDrive\Escritorio\FXGLGames-master\Gravity\system\fxgl.bundle
15:34:22.269 [FXGL Background Thread 1 ] DEBUG SystemBundleService  - Bundle FXGL: {}
15:34:22.269 [FXGL Background Thread 1 ] DEBUG UpdaterService       - Checking for updates
15:34:22.327 [FXGL Background Thread 1 ] DEBUG FXGLApplication      - Loading default localization
15:34:22.329 [FXGL Background Thread 1 ] DEBUG FXGLAssetLoaderServi - Loading from file system: jar:file:/C:/Users/agust/.m2/repository/com/github/almasb/fxgl/21/fxgl-21.jar!/fxglassets/languages/english.lang
15:34:22.366 [FXGL Background Thread 1 ] INFO  FXGLApplication      - FXGL initialization took: 0,803 sec
15:34:22.368 [JavaFX Application Thread] DEBUG FXGLAssetLoaderServi - Loading from file system: jar:file:/C:/Users/agust/.m2/repository/com/github/almasb/fxgl/21/fxgl-21.jar!/fxglassets/textures/fxgl_icon.png
15:34:22.414 [FXGL Background Thread 4 ] DEBUG FXGLApplication      - Loading fonts
15:34:22.415 [FXGL Background Thread 4 ] DEBUG FXGLAssetLoaderServi - Loading from file system: jar:file:/C:/Users/agust/.m2/repository/com/github/almasb/fxgl/21/fxgl-21.jar!/fxglassets/ui/fonts/VarelaRound-Regular.ttf
15:34:22.421 [JavaFX Application Thread] DEBUG FXGLAssetLoaderServi - Loading from file system: jar:file:/C:/Users/agust/.m2/repository/com/github/almasb/fxgl/21/fxgl-21.jar!/fxglassets/textures/fxgl_default_cursor.png
15:34:22.464 [JavaFX Application Thread] DEBUG Input                - Registered new binding: Screenshot - CTRL+8
15:34:22.465 [JavaFX Application Thread] DEBUG Input                - Registered new binding: Dev Options - 1
15:34:22.466 [JavaFX Application Thread] DEBUG Input                - Registered new binding: Dev Console - 2
15:34:22.467 [JavaFX Application Thread] DEBUG Input                - Registered new binding: System info dump - CTRL+9
15:34:22.467 [JavaFX Application Thread] DEBUG Input                - Registered new binding: Restart - CTRL+R
15:34:22.468 [JavaFX Application Thread] DEBUG Input                - Registered new binding: Toggle Debug Camera - CTRL+7
15:34:22.475 [JavaFX Application Thread] DEBUG LoopRunner           - Starting loop
15:34:22.586 [FXGL Background Thread 4 ] DEBUG FXGLAssetLoaderServi - Loading from file system: jar:file:/C:/Users/agust/.m2/repository/com/github/almasb/fxgl/21/fxgl-21.jar!/fxglassets/ui/fonts/Abel-Regular.ttf
15:34:22.593 [JavaFX Application Thread] DEBUG LoopRunner           - Initializing JavaFX AnimationTimerLoop
15:34:22.598 [JavaFX Application Thread] DEBUG GameApplicationServi - Starting new game
15:34:22.598 [JavaFX Application Thread] DEBUG Input                - Clearing active input actions
15:34:22.621 [JavaFX Application Thread] DEBUG GameApplicationServi - Removing overlay from FXGLStartupScene and adding to FXGLLoadingScene
15:34:22.625 [FXGL Background Thread 4 ] DEBUG FXGLAssetLoaderServi - Loading from file system: jar:file:/C:/Users/agust/.m2/repository/com/github/almasb/fxgl/21/fxgl-21.jar!/fxglassets/ui/fonts/TerminalLandMono-Regular.otf
15:34:22.626 [JavaFX Application Thread] DEBUG PrimaryStageWindow   - FXGLStartupScene -> FXGLLoadingScene
15:34:22.626 [JavaFX Application Thread] DEBUG GameApplicationServi - Clearing previous game
15:34:22.626 [JavaFX Application Thread] DEBUG GameScene            - Clearing game scene
15:34:22.626 [JavaFX Application Thread] DEBUG GameWorld            - Clearing game world
15:34:22.627 [JavaFX Application Thread] DEBUG PhysicsWorld         - Clearing physics world
15:34:22.629 [FXGL Background Thread 1 ] DEBUG FXGLApplication      - Initializing game
15:34:22.666 [FXGL Background Thread 4 ] DEBUG FXGLAssetLoaderServi - Loading from file system: jar:file:/C:/Users/agust/.m2/repository/com/github/almasb/fxgl/21/fxgl-21.jar!/fxglassets/ui/fonts/Courier-Prime.ttf
15:34:22.669 [FXGL Background Thread 1 ] DEBUG FXGLAssetLoaderServi - Loading from file system: file:/C:/Users/agust/OneDrive/Escritorio/FXGLGames-master/Gravity/target/classes/assets/textures/orange.png
15:34:22.680 [FXGL Background Thread 1 ] INFO  FXGLApplication      - Game initialization took: 0,051 sec
15:34:22.973 [JavaFX Application Thread] DEBUG Input                - Clearing active input actions
15:34:22.988 [JavaFX Application Thread] DEBUG GameApplicationServi - Removing overlay from FXGLLoadingScene and adding to GameScene
15:34:22.997 [JavaFX Application Thread] DEBUG PrimaryStageWindow   - FXGLLoadingScene -> GameScene
15:34:22.997 [JavaFX Application Thread] DEBUG FXGLApplication      - Registering font factories with UI factory
15:34:24.686 [JavaFX Application Thread] WARN  GameWorld            - Entity is already attached to world
15:34:25.322 [FXGL Background Thread 3 ] DEBUG Engine               - Logging environment variables
15:34:25.322 [FXGL Background Thread 3 ] DEBUG Engine               - achievements: []
15:34:25.322 [FXGL Background Thread 3 ] DEBUG Engine               - actualHeight: 720.0
15:34:25.323 [FXGL Background Thread 3 ] DEBUG Engine               - actualHeightProperty: ReadOnlyDoubleProperty [value: 720.0]
15:34:25.323 [FXGL Background Thread 3 ] DEBUG Engine               - actualWidth: 1280.0
15:34:25.323 [FXGL Background Thread 3 ] DEBUG Engine               - actualWidthProperty: ReadOnlyDoubleProperty [value: 1280.0]
15:34:25.323 [FXGL Background Thread 3 ] DEBUG Engine               - appIcon: fxgl_icon.png
15:34:25.323 [FXGL Background Thread 3 ] DEBUG Engine               - applicationMode: DEVELOPER
15:34:25.323 [FXGL Background Thread 3 ] DEBUG Engine               - cSSList: [fxgl_dark.css]
15:34:25.323 [FXGL Background Thread 3 ] DEBUG Engine               - collisionDetectionStrategy: BRUTE_FORCE
15:34:25.323 [FXGL Background Thread 3 ] DEBUG Engine               - configClass: Optional.empty
15:34:25.323 [FXGL Background Thread 3 ] DEBUG Engine               - credits: []
15:34:25.324 [FXGL Background Thread 3 ] DEBUG Engine               - defaultCursor: CursorInfo(imageName=fxgl_default_cursor.png, hotspotX=7.0, hotspotY=6.0)
15:34:25.324 [FXGL Background Thread 3 ] DEBUG Engine               - devBBoxColorProperty: ObjectProperty [value: 0xff0000ff]
15:34:25.324 [FXGL Background Thread 3 ] DEBUG Engine               - devEnableDebugCameraProperty: BooleanProperty [value: false]
15:34:25.324 [FXGL Background Thread 3 ] DEBUG Engine               - devSensorColorProperty: ObjectProperty [value: 0xffff00ff]
15:34:25.324 [FXGL Background Thread 3 ] DEBUG Engine               - devShowBBoxProperty: BooleanProperty [value: false]
15:34:25.324 [FXGL Background Thread 3 ] DEBUG Engine               - devShowPositionProperty: BooleanProperty [value: false]
15:34:25.324 [FXGL Background Thread 3 ] DEBUG Engine               - enabledMenuItems: []
15:34:25.325 [FXGL Background Thread 3 ] DEBUG Engine               - engineServices: [class com.almasb.fxgl.app.services.FXGLAssetLoaderService, class com.almasb.fxgl.app.FXGLApplication$GameApplicationService, class com.almasb.fxgl.app.services.FXGLDialogService, class com.almasb.fxgl.app.services.IOTaskExecutorService, class com.almasb.fxgl.io.FileSystemService, class com.almasb.fxgl.localization.LocalizationService, class com.almasb.fxgl.app.services.SystemBundleService, class com.almasb.fxgl.profile.SaveLoadService, class com.almasb.fxgl.ui.FXGLUIFactoryServiceProvider, class com.almasb.fxgl.ui.FXGLDialogFactoryServiceProvider, class com.almasb.fxgl.audio.AudioPlayer, class com.almasb.fxgl.notification.impl.NotificationServiceProvider, class com.almasb.fxgl.achievement.AchievementService, class com.almasb.fxgl.cutscene.CutsceneService, class com.almasb.fxgl.minigames.MiniGameService, class com.almasb.fxgl.net.NetService, class com.almasb.fxgl.app.services.UpdaterService, class com.almasb.fxgl.dev.DevService]
15:34:25.325 [FXGL Background Thread 3 ] DEBUG Engine               - fontGame: Abel-Regular.ttf
15:34:25.325 [FXGL Background Thread 3 ] DEBUG Engine               - fontMono: TerminalLandMono-Regular.otf
15:34:25.325 [FXGL Background Thread 3 ] DEBUG Engine               - fontSizeScaleUI: 1.0
15:34:25.325 [FXGL Background Thread 3 ] DEBUG Engine               - fontText: Courier-Prime.ttf
15:34:25.325 [FXGL Background Thread 3 ] DEBUG Engine               - fontUI: VarelaRound-Regular.ttf
15:34:25.325 [FXGL Background Thread 3 ] DEBUG Engine               - fullScreen: BooleanProperty [value: false]
15:34:25.325 [FXGL Background Thread 3 ] DEBUG Engine               - gameDifficulty: MEDIUM
15:34:25.325 [FXGL Background Thread 3 ] DEBUG Engine               - gameDifficultyProperty: ObjectProperty [value: MEDIUM]
15:34:25.325 [FXGL Background Thread 3 ] DEBUG Engine               - globalMusicVolume: 0.5
15:34:25.325 [FXGL Background Thread 3 ] DEBUG Engine               - globalMusicVolumeProperty: DoubleProperty [value: 0.5]
15:34:25.326 [FXGL Background Thread 3 ] DEBUG Engine               - globalSoundVolume: 0.5
15:34:25.326 [FXGL Background Thread 3 ] DEBUG Engine               - globalSoundVolumeProperty: DoubleProperty [value: 0.5]
15:34:25.326 [FXGL Background Thread 3 ] DEBUG Engine               - height: 720
15:34:25.326 [FXGL Background Thread 3 ] DEBUG Engine               - is3D: false
15:34:25.326 [FXGL Background Thread 3 ] DEBUG Engine               - isAndroid: false
15:34:25.326 [FXGL Background Thread 3 ] DEBUG Engine               - isBrowser: false
15:34:25.326 [FXGL Background Thread 3 ] DEBUG Engine               - isClickFeedbackEnabled: false
15:34:25.326 [FXGL Background Thread 3 ] DEBUG Engine               - isCloseConfirmation: false
15:34:25.326 [FXGL Background Thread 3 ] DEBUG Engine               - isDesktop: true
15:34:25.326 [FXGL Background Thread 3 ] DEBUG Engine               - isDeveloperMenuEnabled: true
15:34:25.326 [FXGL Background Thread 3 ] DEBUG Engine               - isEmbedded: false
15:34:25.326 [FXGL Background Thread 3 ] DEBUG Engine               - isEntityPreloadEnabled: true
15:34:25.326 [FXGL Background Thread 3 ] DEBUG Engine               - isExperimentalTiledLargeMap: false
15:34:25.327 [FXGL Background Thread 3 ] DEBUG Engine               - isFileSystemWriteAllowed: true
15:34:25.327 [FXGL Background Thread 3 ] DEBUG Engine               - isFullScreenAllowed: false
15:34:25.327 [FXGL Background Thread 3 ] DEBUG Engine               - isFullScreenFromStart: false
15:34:25.327 [FXGL Background Thread 3 ] DEBUG Engine               - isGameMenuEnabled: true
15:34:25.327 [FXGL Background Thread 3 ] DEBUG Engine               - isIOS: false
15:34:25.327 [FXGL Background Thread 3 ] DEBUG Engine               - isIntroEnabled: false
15:34:25.327 [FXGL Background Thread 3 ] DEBUG Engine               - isLinux: false
15:34:25.327 [FXGL Background Thread 3 ] DEBUG Engine               - isMac: false
15:34:25.327 [FXGL Background Thread 3 ] DEBUG Engine               - isMainMenuEnabled: false
15:34:25.327 [FXGL Background Thread 3 ] DEBUG Engine               - isManualResizeEnabled: false
15:34:25.327 [FXGL Background Thread 3 ] DEBUG Engine               - isMobile: false
15:34:25.327 [FXGL Background Thread 3 ] DEBUG Engine               - isNative: false
15:34:25.327 [FXGL Background Thread 3 ] DEBUG Engine               - isPauseMusicWhenMinimized: true
15:34:25.328 [FXGL Background Thread 3 ] DEBUG Engine               - isPreserveResizeRatio: false
15:34:25.328 [FXGL Background Thread 3 ] DEBUG Engine               - isProfilingEnabled: false
15:34:25.328 [FXGL Background Thread 3 ] DEBUG Engine               - isScaleAffectedOnResize: true
15:34:25.328 [FXGL Background Thread 3 ] DEBUG Engine               - isSingleStep: false
15:34:25.328 [FXGL Background Thread 3 ] DEBUG Engine               - isUserProfileEnabled: false
15:34:25.328 [FXGL Background Thread 3 ] DEBUG Engine               - isWindows: true
15:34:25.328 [FXGL Background Thread 3 ] DEBUG Engine               - language: ObjectProperty [value: ENGLISH]
15:34:25.328 [FXGL Background Thread 3 ] DEBUG Engine               - menuKey: ESCAPE
15:34:25.328 [FXGL Background Thread 3 ] DEBUG Engine               - mouseSensitivity: 0.2
15:34:25.328 [FXGL Background Thread 3 ] DEBUG Engine               - notificationViewClass: class com.almasb.fxgl.notification.view.XboxNotificationView
15:34:25.328 [FXGL Background Thread 3 ] DEBUG Engine               - pixelsPerMeter: 50.0
15:34:25.328 [FXGL Background Thread 3 ] DEBUG Engine               - platform: WINDOWS
15:34:25.329 [FXGL Background Thread 3 ] DEBUG Engine               - prefHeightProperty: ReadOnlyDoubleProperty [value: 720.0]
15:34:25.329 [FXGL Background Thread 3 ] DEBUG Engine               - prefWidthProperty: ReadOnlyDoubleProperty [value: 1280.0]
15:34:25.329 [FXGL Background Thread 3 ] DEBUG Engine               - profileDir: profiles/
15:34:25.329 [FXGL Background Thread 3 ] DEBUG Engine               - profileName: StringProperty [value: DEFAULT]
15:34:25.329 [FXGL Background Thread 3 ] DEBUG Engine               - randomSeed: -1
15:34:25.329 [FXGL Background Thread 3 ] DEBUG Engine               - runtimeInfo: RuntimeInfo(platform=WINDOWS, version=21, build=28.12.2023 13.35)
15:34:25.329 [FXGL Background Thread 3 ] DEBUG Engine               - saveFileExt: sav
15:34:25.329 [FXGL Background Thread 3 ] DEBUG Engine               - scaledHeightProp$fxgl: DoubleProperty [bound, value: 720.0]
15:34:25.329 [FXGL Background Thread 3 ] DEBUG Engine               - scaledWidthProp$fxgl: DoubleProperty [bound, value: 1280.0]
15:34:25.329 [FXGL Background Thread 3 ] DEBUG Engine               - sceneFactory: com.almasb.fxgl.app.scene.SceneFactory@5d96daf4
15:34:25.329 [FXGL Background Thread 3 ] DEBUG Engine               - secondsIn24h: 60
15:34:25.329 [FXGL Background Thread 3 ] DEBUG Engine               - soundMenuBack: menu/back.wav
15:34:25.329 [FXGL Background Thread 3 ] DEBUG Engine               - soundMenuPress: menu/press.wav
15:34:25.329 [FXGL Background Thread 3 ] DEBUG Engine               - soundMenuSelect: menu/select.wav
15:34:25.329 [FXGL Background Thread 3 ] DEBUG Engine               - soundNotification: core/notification.wav
15:34:25.331 [FXGL Background Thread 3 ] DEBUG Engine               - stageStyle: DECORATED
15:34:25.331 [FXGL Background Thread 3 ] DEBUG Engine               - supportedLanguages: [ENGLISH, FRENCH, GERMAN, HUNGARIAN, RUSSIAN]
15:34:25.331 [FXGL Background Thread 3 ] DEBUG Engine               - ticksPerSecond: -1
15:34:25.331 [FXGL Background Thread 3 ] DEBUG Engine               - title: Basic Game App
15:34:25.331 [FXGL Background Thread 3 ] DEBUG Engine               - urlGithub: https://github.com/AlmasB/FXGL
15:34:25.331 [FXGL Background Thread 3 ] DEBUG Engine               - urlLeaderboard: http://fxgl-top.herokuapp.com/
15:34:25.331 [FXGL Background Thread 3 ] DEBUG Engine               - urlPOM: https://raw.githubusercontent.com/AlmasB/FXGL/release/README.md
15:34:25.331 [FXGL Background Thread 3 ] DEBUG Engine               - userAppClass: class com.lucenstuff.fxglgames.suikagame.SuikaGame
15:34:25.332 [FXGL Background Thread 3 ] DEBUG Engine               - version: 0.1
15:34:25.333 [FXGL Background Thread 3 ] DEBUG Engine               - versionCheckDays: 7
15:34:25.334 [FXGL Background Thread 3 ] DEBUG Engine               - width: 1280
15:34:25.334 [FXGL Background Thread 3 ] DEBUG Engine               - Logging services
15:34:25.334 [FXGL Background Thread 3 ] DEBUG Engine               - class com.almasb.fxgl.app.services.FXGLAssetLoaderService
15:34:25.334 [FXGL Background Thread 3 ] DEBUG Engine               - class com.almasb.fxgl.app.FXGLApplication$GameApplicationService
15:34:25.334 [FXGL Background Thread 3 ] DEBUG Engine               - class com.almasb.fxgl.app.services.FXGLDialogService
15:34:25.334 [FXGL Background Thread 3 ] DEBUG Engine               - class com.almasb.fxgl.app.services.IOTaskExecutorService
15:34:25.334 [FXGL Background Thread 3 ] DEBUG Engine               - class com.almasb.fxgl.io.FileSystemService
15:34:25.334 [FXGL Background Thread 3 ] DEBUG Engine               - class com.almasb.fxgl.localization.LocalizationService
15:34:25.334 [FXGL Background Thread 3 ] DEBUG Engine               - class com.almasb.fxgl.app.services.SystemBundleService
15:34:25.335 [FXGL Background Thread 3 ] DEBUG Engine               - class com.almasb.fxgl.profile.SaveLoadService
15:34:25.336 [FXGL Background Thread 3 ] DEBUG Engine               - class com.almasb.fxgl.ui.FXGLUIFactoryServiceProvider
15:34:25.336 [FXGL Background Thread 3 ] DEBUG Engine               - class com.almasb.fxgl.ui.FXGLDialogFactoryServiceProvider
15:34:25.336 [FXGL Background Thread 3 ] DEBUG Engine               - class com.almasb.fxgl.audio.AudioPlayer
15:34:25.336 [FXGL Background Thread 3 ] DEBUG Engine               - class com.almasb.fxgl.notification.impl.NotificationServiceProvider
15:34:25.336 [FXGL Background Thread 3 ] DEBUG Engine               - class com.almasb.fxgl.achievement.AchievementService
15:34:25.336 [FXGL Background Thread 3 ] DEBUG Engine               - class com.almasb.fxgl.cutscene.CutsceneService
15:34:25.336 [FXGL Background Thread 3 ] DEBUG Engine               - class com.almasb.fxgl.minigames.MiniGameService
15:34:25.337 [FXGL Background Thread 3 ] DEBUG Engine               - class com.almasb.fxgl.net.NetService
15:34:25.337 [FXGL Background Thread 3 ] DEBUG Engine               - class com.almasb.fxgl.app.services.UpdaterService
15:34:25.337 [FXGL Background Thread 3 ] DEBUG Engine               - class com.almasb.fxgl.dev.DevService
15:34:29.957 [JavaFX Application Thread] WARN  GameWorld            - Entity is already attached to world
15:34:32.945 [JavaFX Application Thread] WARN  GameWorld            - Entity is already attached to world
15:34:43.806 [JavaFX Application Thread] WARN  GameWorld            - Entity is already attached to world
15:34:44.989 [JavaFX Application Thread] WARN  GameWorld            - Entity is already attached to world
15:34:46.575 [JavaFX Application Thread] WARN  GameWorld            - Entity is already attached to world
15:34:47.876 [JavaFX Application Thread] WARN  GameWorld            - Entity is already attached to world
15:34:50.817 [JavaFX Application Thread] WARN  GameWorld            - Entity is already attached to world
15:34:55.601 [JavaFX Application Thread] WARN  GameWorld            - Entity is already attached to world
15:34:59.541 [JavaFX Application Thread] WARN  GameWorld            - Entity is already attached to world
15:35:01.991 [JavaFX Application Thread] WARN  GameWorld            - Entity is already attached to world
15:35:03.527 [JavaFX Application Thread] WARN  GameWorld            - Entity is already attached to world
15:35:05.963 [JavaFX Application Thread] WARN  GameWorld            - Entity is already attached to world
15:35:09.994 [JavaFX Application Thread] WARN  GameWorld            - Entity is already attached to world
15:36:18.463 [JavaFX Application Thread] WARN  GameWorld            - Entity is already attached to world
15:36:21.404 [JavaFX Application Thread] WARN  GameWorld            - Entity is already attached to world
15:36:39.829 [JavaFX Application Thread] WARN  GameWorld            - Entity is already attached to world
15:36:41.893 [JavaFX Application Thread] WARN  GameWorld            - Entity is already attached to world
15:36:44.337 [JavaFX Application Thread] WARN  GameWorld            - Entity is already attached to world
15:36:45.824 [JavaFX Application Thread] WARN  GameWorld            - Entity is already attached to world
15:36:47.106 [JavaFX Application Thread] WARN  GameWorld            - Entity is already attached to world
15:36:48.775 [JavaFX Application Thread] WARN  GameWorld            - Entity is already attached to world
15:36:58.925 [JavaFX Application Thread] DEBUG GameApplicationServi - Starting new game
15:36:58.926 [JavaFX Application Thread] DEBUG Input                - Clearing active input actions
15:36:58.934 [JavaFX Application Thread] DEBUG GameApplicationServi - Removing overlay from GameScene and adding to FXGLLoadingScene
15:36:58.938 [JavaFX Application Thread] DEBUG PrimaryStageWindow   - GameScene -> FXGLLoadingScene
15:36:58.938 [JavaFX Application Thread] DEBUG GameApplicationServi - Clearing previous game
15:36:58.938 [JavaFX Application Thread] DEBUG GameScene            - Clearing game scene
15:36:58.938 [JavaFX Application Thread] DEBUG GameWorld            - Clearing game world
15:36:58.946 [JavaFX Application Thread] DEBUG PhysicsWorld         - Clearing physics world
15:36:58.947 [FXGL Background Thread 5 ] DEBUG FXGLApplication      - Initializing game
15:36:58.954 [FXGL Background Thread 5 ] INFO  FXGLApplication      - Game initialization took: 0,006 sec
15:36:58.993 [JavaFX Application Thread] DEBUG Input                - Clearing active input actions
15:36:59.002 [JavaFX Application Thread] DEBUG GameApplicationServi - Removing overlay from FXGLLoadingScene and adding to GameScene
15:36:59.008 [JavaFX Application Thread] DEBUG PrimaryStageWindow   - FXGLLoadingScene -> GameScene
15:37:03.679 [JavaFX Application Thread] WARN  GameWorld            - Entity is already attached to world
15:37:11.128 [JavaFX Application Thread] WARN  GameWorld            - Entity is already attached to world
15:37:11.753 [JavaFX Application Thread] DEBUG GameApplicationServi - Starting new game
15:37:11.753 [JavaFX Application Thread] DEBUG Input                - Clearing active input actions
15:37:11.759 [JavaFX Application Thread] DEBUG GameApplicationServi - Removing overlay from GameScene and adding to FXGLLoadingScene
15:37:11.762 [JavaFX Application Thread] DEBUG PrimaryStageWindow   - GameScene -> FXGLLoadingScene
15:37:11.762 [JavaFX Application Thread] DEBUG GameApplicationServi - Clearing previous game
15:37:11.763 [JavaFX Application Thread] DEBUG GameScene            - Clearing game scene
15:37:11.763 [JavaFX Application Thread] DEBUG GameWorld            - Clearing game world
15:37:11.764 [JavaFX Application Thread] DEBUG PhysicsWorld         - Clearing physics world
15:37:11.765 [FXGL Background Thread 5 ] DEBUG FXGLApplication      - Initializing game
15:37:11.769 [FXGL Background Thread 5 ] INFO  FXGLApplication      - Game initialization took: 0,004 sec
15:37:11.790 [JavaFX Application Thread] DEBUG Input                - Clearing active input actions
15:37:11.798 [JavaFX Application Thread] DEBUG GameApplicationServi - Removing overlay from FXGLLoadingScene and adding to GameScene
15:37:11.803 [JavaFX Application Thread] DEBUG PrimaryStageWindow   - FXGLLoadingScene -> GameScene
15:37:17.326 [JavaFX Application Thread] WARN  GameWorld            - Entity is already attached to world
15:37:20.693 [JavaFX Application Thread] WARN  GameWorld            - Entity is already attached to world
15:37:23.766 [JavaFX Application Thread] WARN  GameWorld            - Entity is already attached to world
15:37:27.927 [JavaFX Application Thread] WARN  GameWorld            - Entity is already attached to world
15:37:32.358 [JavaFX Application Thread] WARN  GameWorld            - Entity is already attached to world
15:37:37.445 [JavaFX Application Thread] WARN  GameWorld            - Entity is already attached to world
15:37:43.953 [JavaFX Application Thread] WARN  GameWorld            - Entity is already attached to world
15:37:47.123 [JavaFX Application Thread] WARN  GameWorld            - Entity is already attached to world
15:37:52.247 [JavaFX Application Thread] DEBUG GameApplicationServi - Starting new game
15:37:52.248 [JavaFX Application Thread] DEBUG Input                - Clearing active input actions
15:37:52.252 [JavaFX Application Thread] DEBUG GameApplicationServi - Removing overlay from GameScene and adding to FXGLLoadingScene
15:37:52.255 [JavaFX Application Thread] DEBUG PrimaryStageWindow   - GameScene -> FXGLLoadingScene
15:37:52.255 [JavaFX Application Thread] DEBUG GameApplicationServi - Clearing previous game
15:37:52.255 [JavaFX Application Thread] DEBUG GameScene            - Clearing game scene
15:37:52.255 [JavaFX Application Thread] DEBUG GameWorld            - Clearing game world
15:37:52.257 [JavaFX Application Thread] DEBUG PhysicsWorld         - Clearing physics world
15:37:52.257 [FXGL Background Thread 5 ] DEBUG FXGLApplication      - Initializing game
15:37:52.261 [FXGL Background Thread 5 ] INFO  FXGLApplication      - Game initialization took: 0,003 sec
15:37:52.265 [JavaFX Application Thread] DEBUG Input                - Clearing active input actions
15:37:52.269 [JavaFX Application Thread] DEBUG GameApplicationServi - Removing overlay from FXGLLoadingScene and adding to GameScene
15:37:52.269 [JavaFX Application Thread] DEBUG PrimaryStageWindow   - FXGLLoadingScene -> GameScene
15:37:56.221 [JavaFX Application Thread] WARN  GameWorld            - Entity is already attached to world
15:38:00.359 [JavaFX Application Thread] WARN  GameWorld            - Entity is already attached to world
15:38:00.555 [JavaFX Application Thread] WARN  GameWorld            - Entity is already attached to world
15:38:04.392 [JavaFX Application Thread] WARN  GameWorld            - Entity is already attached to world
15:38:05.596 [JavaFX Application Thread] WARN  GameWorld            - Entity is already attached to world
15:38:05.981 [JavaFX Application Thread] WARN  GameWorld            - Entity is already attached to world
15:38:06.753 [JavaFX Application Thread] WARN  GameWorld            - Entity is already attached to world
15:38:07.220 [JavaFX Application Thread] WARN  GameWorld            - Entity is already attached to world
15:38:09.938 [JavaFX Application Thread] DEBUG GameApplicationServi - Starting new game
15:38:09.938 [JavaFX Application Thread] DEBUG Input                - Clearing active input actions
15:38:09.941 [JavaFX Application Thread] DEBUG GameApplicationServi - Removing overlay from GameScene and adding to FXGLLoadingScene
15:38:09.946 [JavaFX Application Thread] DEBUG PrimaryStageWindow   - GameScene -> FXGLLoadingScene
15:38:09.946 [JavaFX Application Thread] DEBUG GameApplicationServi - Clearing previous game
15:38:09.946 [JavaFX Application Thread] DEBUG GameScene            - Clearing game scene
15:38:09.946 [JavaFX Application Thread] DEBUG GameWorld            - Clearing game world
15:38:09.947 [JavaFX Application Thread] DEBUG PhysicsWorld         - Clearing physics world
15:38:09.948 [FXGL Background Thread 5 ] DEBUG FXGLApplication      - Initializing game
15:38:09.953 [FXGL Background Thread 5 ] INFO  FXGLApplication      - Game initialization took: 0,005 sec
15:38:09.972 [JavaFX Application Thread] DEBUG Input                - Clearing active input actions
15:38:09.975 [JavaFX Application Thread] DEBUG GameApplicationServi - Removing overlay from FXGLLoadingScene and adding to GameScene
15:38:09.979 [JavaFX Application Thread] DEBUG PrimaryStageWindow   - FXGLLoadingScene -> GameScene
15:38:12.371 [JavaFX Application Thread] WARN  GameWorld            - Entity is already attached to world
15:38:15.862 [JavaFX Application Thread] WARN  GameWorld            - Entity is already attached to world
15:38:16.562 [JavaFX Application Thread] WARN  GameWorld            - Entity is already attached to world
15:38:20.227 [JavaFX Application Thread] WARN  GameWorld            - Entity is already attached to world
15:38:27.250 [JavaFX Application Thread] WARN  GameWorld            - Entity is already attached to world
15:38:30.787 [JavaFX Application Thread] DEBUG GameApplicationServi - Starting new game
15:38:30.787 [JavaFX Application Thread] DEBUG Input                - Clearing active input actions
15:38:30.791 [JavaFX Application Thread] DEBUG GameApplicationServi - Removing overlay from GameScene and adding to FXGLLoadingScene
15:38:30.794 [JavaFX Application Thread] DEBUG PrimaryStageWindow   - GameScene -> FXGLLoadingScene
15:38:30.794 [JavaFX Application Thread] DEBUG GameApplicationServi - Clearing previous game
15:38:30.794 [JavaFX Application Thread] DEBUG GameScene            - Clearing game scene
15:38:30.794 [JavaFX Application Thread] DEBUG GameWorld            - Clearing game world
15:38:30.795 [JavaFX Application Thread] DEBUG PhysicsWorld         - Clearing physics world
15:38:30.795 [FXGL Background Thread 5 ] DEBUG FXGLApplication      - Initializing game
15:38:30.798 [FXGL Background Thread 5 ] INFO  FXGLApplication      - Game initialization took: 0,003 sec
15:38:30.816 [JavaFX Application Thread] DEBUG Input                - Clearing active input actions
15:38:30.821 [JavaFX Application Thread] DEBUG GameApplicationServi - Removing overlay from FXGLLoadingScene and adding to GameScene
15:38:30.824 [JavaFX Application Thread] DEBUG PrimaryStageWindow   - FXGLLoadingScene -> GameScene
15:38:32.326 [JavaFX Application Thread] WARN  GameWorld            - Entity is already attached to world
15:38:35.811 [JavaFX Application Thread] WARN  GameWorld            - Entity is already attached to world
15:38:45.846 [JavaFX Application Thread] WARN  GameWorld            - Entity is already attached to world
15:38:51.248 [JavaFX Application Thread] WARN  GameWorld            - Entity is already attached to world
15:38:59.151 [JavaFX Application Thread] DEBUG GameApplicationServi - Starting new game
15:38:59.152 [JavaFX Application Thread] DEBUG Input                - Clearing active input actions
15:38:59.156 [JavaFX Application Thread] DEBUG GameApplicationServi - Removing overlay from GameScene and adding to FXGLLoadingScene
15:38:59.159 [JavaFX Application Thread] DEBUG PrimaryStageWindow   - GameScene -> FXGLLoadingScene
15:38:59.159 [JavaFX Application Thread] DEBUG GameApplicationServi - Clearing previous game
15:38:59.159 [JavaFX Application Thread] DEBUG GameScene            - Clearing game scene
15:38:59.159 [JavaFX Application Thread] DEBUG GameWorld            - Clearing game world
15:38:59.160 [JavaFX Application Thread] DEBUG PhysicsWorld         - Clearing physics world
15:38:59.160 [FXGL Background Thread 5 ] DEBUG FXGLApplication      - Initializing game
15:38:59.163 [FXGL Background Thread 5 ] INFO  FXGLApplication      - Game initialization took: 0,003 sec
15:38:59.181 [JavaFX Application Thread] DEBUG Input                - Clearing active input actions
15:38:59.186 [JavaFX Application Thread] DEBUG GameApplicationServi - Removing overlay from FXGLLoadingScene and adding to GameScene
15:38:59.189 [JavaFX Application Thread] DEBUG PrimaryStageWindow   - FXGLLoadingScene -> GameScene
15:39:01.118 [JavaFX Application Thread] DEBUG FXGLApplication      - Exiting FXGL
15:39:01.118 [JavaFX Application Thread] DEBUG LoopRunner           - Stopping loop
15:39:01.118 [JavaFX Application Thread] DEBUG SystemBundleService  - Saving FXGL system data
15:39:01.121 [JavaFX Application Thread] DEBUG FileSystemAccess     - Writing to: C:\Users\agust\OneDrive\Escritorio\FXGLGames-master\Gravity\system\fxgl.bundle
15:39:01.125 [JavaFX Application Thread] DEBUG Async                - Shutting down background threads
15:39:01.125 [JavaFX Application Thread] DEBUG PrimaryStageWindow   - Closing main window
15:39:01.139 [JavaFX Application Thread] DEBUG Logger               - Closing Logger
