14:47:42.192 [main                     ] DEBUG Logger               - Configured Logger
14:47:42.228 [main                     ] DEBUG GameApplication      - Logging settings
Title: Basic Game App
Version: 0.1
Width: 1280
Height: 720
Fullscreen: false
Intro: false
Profiling: false
Single step:false
App Mode: DEVELOPER
Menu Key: ESCAPE
Stage Style: DECORATED
Scene Factory: class com.almasb.fxgl.app.scene.SceneFactory

14:47:42.899 [JavaFX Application Thread] DEBUG FXGLApplication      - Initializing FXGL
14:47:42.904 [JavaFX Application Thread] INFO  Engine               - FXGL-21 (28.12.2023 13.35) on WINDOWS (J:21.0.1 FX:21.0.1)
14:47:42.904 [JavaFX Application Thread] DEBUG Engine               - JRE Vendor Name: Oracle Corporation
14:47:42.904 [JavaFX Application Thread] DEBUG Engine               - Running on OS: Windows 11 version 10.0
14:47:42.905 [JavaFX Application Thread] DEBUG Engine               - Architecture: amd64
14:47:42.905 [JavaFX Application Thread] INFO  Engine               - Source code and latest versions at: https://github.com/AlmasB/FXGL
14:47:42.905 [JavaFX Application Thread] INFO  Engine               -       Ask questions and discuss at: https://github.com/AlmasB/FXGL/discussions
14:47:42.905 [JavaFX Application Thread] INFO  Engine               -              Join the FXGL chat at: https://gitter.im/AlmasB/FXGL
14:47:43.088 [JavaFX Application Thread] DEBUG PrimaryStageWindow   - Creating a JavaFX scene
14:47:43.167 [JavaFX Application Thread] DEBUG PrimaryStageWindow   - Target settings size: 1280.0 x 720.0
14:47:43.168 [JavaFX Application Thread] DEBUG PrimaryStageWindow   - Scaled scene size:    1280.0 x 720.0
14:47:43.168 [JavaFX Application Thread] DEBUG PrimaryStageWindow   - Scaled ratio: (1.0, 1.0)
14:47:43.170 [JavaFX Application Thread] DEBUG PrimaryStageWindow   - Set initial scene to FXGLStartupScene
14:47:43.174 [JavaFX Application Thread] DEBUG PrimaryStageWindow   - Opening main window
14:47:43.309 [JavaFX Application Thread] DEBUG PrimaryStageWindow   - Window border size: (16.0, 39.0)
14:47:43.309 [JavaFX Application Thread] DEBUG PrimaryStageWindow   - Scaled size: 1280.0 x 720.0
14:47:43.310 [JavaFX Application Thread] DEBUG PrimaryStageWindow   - Scaled ratio: (1.0, 1.0)
14:47:43.310 [JavaFX Application Thread] DEBUG PrimaryStageWindow   - Scene size: 1280.0 x 720.0
14:47:43.310 [JavaFX Application Thread] DEBUG PrimaryStageWindow   - Stage size: 1296.0 x 759.0
14:47:43.351 [FXGL Background Thread 1 ] DEBUG Engine               - Initializing environment variables
14:47:43.434 [FXGL Background Thread 1 ] DEBUG FXGLAssetLoaderServi - User app class for loading assets: class com.lucenstuff.fxglgames.suikagame.SuikaGame
14:47:43.434 [FXGL Background Thread 1 ] DEBUG GameApplicationServi - Applying CSS: fxgl_dark.css
14:47:43.436 [FXGL Background Thread 1 ] DEBUG FXGLAssetLoaderServi - Loading from file system: jar:file:/C:/Users/agust/.m2/repository/com/github/almasb/fxgl/21/fxgl-21.jar!/fxglassets/ui/css/fxgl_dark.css
14:47:43.506 [FXGL Background Thread 1 ] DEBUG GameApplicationServi - Initializing application scenes
14:47:43.632 [FXGL Background Thread 1 ] DEBUG GameWorld            - Game world initialized
14:47:43.722 [FXGL Background Thread 1 ] DEBUG PhysicsWorld         - Physics world initialized: appHeight=720, physics.ppm=50,0
14:47:43.723 [FXGL Background Thread 1 ] DEBUG PhysicsWorld         - Using strategy: BRUTE_FORCE
14:47:43.727 [FXGL Background Thread 1 ] DEBUG GameScene            - Game scene initialized: 1280x720
14:47:43.746 [FXGL Background Thread 1 ] DEBUG FXGL.DefaultMenu     - createMenuBodyGameMenu()
14:47:43.769 [FXGL Background Thread 1 ] DEBUG FXGL.DefaultMenu     - createOptionsMenu()
14:47:43.784 [FXGL Background Thread 1 ] DEBUG FXGLAssetLoaderServi - Loading from file system: jar:file:/C:/Users/agust/.m2/repository/com/github/almasb/fxgl/21/fxgl-21.jar!/fxglassets/textures/particles/smoke.png
14:47:43.956 [FXGL Background Thread 1 ] DEBUG FXGLAssetLoaderServi - Loading from file system: jar:file:/C:/Users/agust/.m2/repository/com/github/almasb/fxgl/21/fxgl-21.jar!/fxglassets/textures/particles/trace_horizontal.png
14:47:44.002 [FXGL Background Thread 1 ] DEBUG GameApplicationServi - Application scenes initialized
14:47:44.026 [FXGL Background Thread 1 ] DEBUG SystemBundleService  - Loading FXGL system data
14:47:44.033 [FXGL Background Thread 1 ] DEBUG FileSystemAccess     - Reading from: C:\Users\agust\OneDrive\Escritorio\FXGLGames-master\Gravity\system\fxgl.bundle
14:47:44.045 [FXGL Background Thread 1 ] DEBUG SystemBundleService  - Bundle FXGL: {}
14:47:44.045 [FXGL Background Thread 1 ] DEBUG UpdaterService       - Checking for updates
14:47:44.104 [FXGL Background Thread 1 ] DEBUG FXGLApplication      - Loading default localization
14:47:44.105 [FXGL Background Thread 1 ] DEBUG FXGLAssetLoaderServi - Loading from file system: jar:file:/C:/Users/agust/.m2/repository/com/github/almasb/fxgl/21/fxgl-21.jar!/fxglassets/languages/english.lang
14:47:44.144 [FXGL Background Thread 1 ] INFO  FXGLApplication      - FXGL initialization took: 0,792 sec
14:47:44.145 [JavaFX Application Thread] DEBUG FXGLAssetLoaderServi - Loading from file system: jar:file:/C:/Users/agust/.m2/repository/com/github/almasb/fxgl/21/fxgl-21.jar!/fxglassets/textures/fxgl_icon.png
14:47:44.153 [FXGL Background Thread 4 ] DEBUG FXGLApplication      - Loading fonts
14:47:44.154 [FXGL Background Thread 4 ] DEBUG FXGLAssetLoaderServi - Loading from file system: jar:file:/C:/Users/agust/.m2/repository/com/github/almasb/fxgl/21/fxgl-21.jar!/fxglassets/ui/fonts/VarelaRound-Regular.ttf
14:47:44.174 [JavaFX Application Thread] DEBUG FXGLAssetLoaderServi - Loading from file system: jar:file:/C:/Users/agust/.m2/repository/com/github/almasb/fxgl/21/fxgl-21.jar!/fxglassets/textures/fxgl_default_cursor.png
14:47:44.195 [JavaFX Application Thread] DEBUG Input                - Registered new binding: Screenshot - CTRL+8
14:47:44.196 [JavaFX Application Thread] DEBUG Input                - Registered new binding: Dev Options - 1
14:47:44.197 [JavaFX Application Thread] DEBUG Input                - Registered new binding: Dev Console - 2
14:47:44.198 [JavaFX Application Thread] DEBUG Input                - Registered new binding: System info dump - CTRL+9
14:47:44.199 [JavaFX Application Thread] DEBUG Input                - Registered new binding: Restart - CTRL+R
14:47:44.200 [JavaFX Application Thread] DEBUG Input                - Registered new binding: Toggle Debug Camera - CTRL+7
14:47:44.207 [JavaFX Application Thread] DEBUG LoopRunner           - Starting loop
14:47:44.230 [JavaFX Application Thread] DEBUG LoopRunner           - Initializing JavaFX AnimationTimerLoop
14:47:44.232 [JavaFX Application Thread] DEBUG GameApplicationServi - Starting new game
14:47:44.233 [JavaFX Application Thread] DEBUG Input                - Clearing active input actions
14:47:44.255 [JavaFX Application Thread] DEBUG GameApplicationServi - Removing overlay from FXGLStartupScene and adding to FXGLLoadingScene
14:47:44.261 [JavaFX Application Thread] DEBUG PrimaryStageWindow   - FXGLStartupScene -> FXGLLoadingScene
14:47:44.261 [JavaFX Application Thread] DEBUG GameApplicationServi - Clearing previous game
14:47:44.261 [JavaFX Application Thread] DEBUG GameScene            - Clearing game scene
14:47:44.262 [JavaFX Application Thread] DEBUG GameWorld            - Clearing game world
14:47:44.262 [JavaFX Application Thread] DEBUG PhysicsWorld         - Clearing physics world
14:47:44.265 [FXGL Background Thread 1 ] DEBUG FXGLApplication      - Initializing game
14:47:44.335 [FXGL Background Thread 1 ] DEBUG FXGLAssetLoaderServi - Loading from file system: file:/C:/Users/agust/OneDrive/Escritorio/FXGLGames-master/Gravity/target/classes/assets/textures/orange.png
14:47:44.355 [FXGL Background Thread 1 ] INFO  FXGLApplication      - Game initialization took: 0,089 sec
14:47:44.387 [FXGL Background Thread 4 ] DEBUG FXGLAssetLoaderServi - Loading from file system: jar:file:/C:/Users/agust/.m2/repository/com/github/almasb/fxgl/21/fxgl-21.jar!/fxglassets/ui/fonts/Abel-Regular.ttf
14:47:44.489 [FXGL Background Thread 4 ] DEBUG FXGLAssetLoaderServi - Loading from file system: jar:file:/C:/Users/agust/.m2/repository/com/github/almasb/fxgl/21/fxgl-21.jar!/fxglassets/ui/fonts/TerminalLandMono-Regular.otf
14:47:44.500 [FXGL Background Thread 4 ] DEBUG FXGLAssetLoaderServi - Loading from file system: jar:file:/C:/Users/agust/.m2/repository/com/github/almasb/fxgl/21/fxgl-21.jar!/fxglassets/ui/fonts/Courier-Prime.ttf
14:47:44.779 [JavaFX Application Thread] DEBUG Input                - Clearing active input actions
14:47:44.793 [JavaFX Application Thread] DEBUG GameApplicationServi - Removing overlay from FXGLLoadingScene and adding to GameScene
14:47:44.810 [JavaFX Application Thread] DEBUG PrimaryStageWindow   - FXGLLoadingScene -> GameScene
14:47:44.968 [JavaFX Application Thread] DEBUG FXGLApplication      - Registering font factories with UI factory
14:47:47.096 [FXGL Background Thread 3 ] DEBUG Engine               - Logging environment variables
14:47:47.098 [FXGL Background Thread 3 ] DEBUG Engine               - achievements: []
14:47:47.098 [FXGL Background Thread 3 ] DEBUG Engine               - actualHeight: 720.0
14:47:47.098 [FXGL Background Thread 3 ] DEBUG Engine               - actualHeightProperty: ReadOnlyDoubleProperty [value: 720.0]
14:47:47.099 [FXGL Background Thread 3 ] DEBUG Engine               - actualWidth: 1280.0
14:47:47.099 [FXGL Background Thread 3 ] DEBUG Engine               - actualWidthProperty: ReadOnlyDoubleProperty [value: 1280.0]
14:47:47.099 [FXGL Background Thread 3 ] DEBUG Engine               - appIcon: fxgl_icon.png
14:47:47.099 [FXGL Background Thread 3 ] DEBUG Engine               - applicationMode: DEVELOPER
14:47:47.099 [FXGL Background Thread 3 ] DEBUG Engine               - cSSList: [fxgl_dark.css]
14:47:47.099 [FXGL Background Thread 3 ] DEBUG Engine               - collisionDetectionStrategy: BRUTE_FORCE
14:47:47.099 [FXGL Background Thread 3 ] DEBUG Engine               - configClass: Optional.empty
14:47:47.099 [FXGL Background Thread 3 ] DEBUG Engine               - credits: []
14:47:47.100 [FXGL Background Thread 3 ] DEBUG Engine               - defaultCursor: CursorInfo(imageName=fxgl_default_cursor.png, hotspotX=7.0, hotspotY=6.0)
14:47:47.100 [FXGL Background Thread 3 ] DEBUG Engine               - devBBoxColorProperty: ObjectProperty [value: 0xff0000ff]
14:47:47.101 [FXGL Background Thread 3 ] DEBUG Engine               - devEnableDebugCameraProperty: BooleanProperty [value: false]
14:47:47.101 [FXGL Background Thread 3 ] DEBUG Engine               - devSensorColorProperty: ObjectProperty [value: 0xffff00ff]
14:47:47.101 [FXGL Background Thread 3 ] DEBUG Engine               - devShowBBoxProperty: BooleanProperty [value: false]
14:47:47.101 [FXGL Background Thread 3 ] DEBUG Engine               - devShowPositionProperty: BooleanProperty [value: false]
14:47:47.101 [FXGL Background Thread 3 ] DEBUG Engine               - enabledMenuItems: []
14:47:47.101 [FXGL Background Thread 3 ] DEBUG Engine               - engineServices: [class com.almasb.fxgl.app.services.FXGLAssetLoaderService, class com.almasb.fxgl.app.FXGLApplication$GameApplicationService, class com.almasb.fxgl.app.services.FXGLDialogService, class com.almasb.fxgl.app.services.IOTaskExecutorService, class com.almasb.fxgl.io.FileSystemService, class com.almasb.fxgl.localization.LocalizationService, class com.almasb.fxgl.app.services.SystemBundleService, class com.almasb.fxgl.profile.SaveLoadService, class com.almasb.fxgl.ui.FXGLUIFactoryServiceProvider, class com.almasb.fxgl.ui.FXGLDialogFactoryServiceProvider, class com.almasb.fxgl.audio.AudioPlayer, class com.almasb.fxgl.notification.impl.NotificationServiceProvider, class com.almasb.fxgl.achievement.AchievementService, class com.almasb.fxgl.cutscene.CutsceneService, class com.almasb.fxgl.minigames.MiniGameService, class com.almasb.fxgl.net.NetService, class com.almasb.fxgl.app.services.UpdaterService, class com.almasb.fxgl.dev.DevService]
14:47:47.101 [FXGL Background Thread 3 ] DEBUG Engine               - fontGame: Abel-Regular.ttf
14:47:47.102 [FXGL Background Thread 3 ] DEBUG Engine               - fontMono: TerminalLandMono-Regular.otf
14:47:47.102 [FXGL Background Thread 3 ] DEBUG Engine               - fontSizeScaleUI: 1.0
14:47:47.102 [FXGL Background Thread 3 ] DEBUG Engine               - fontText: Courier-Prime.ttf
14:47:47.102 [FXGL Background Thread 3 ] DEBUG Engine               - fontUI: VarelaRound-Regular.ttf
14:47:47.102 [FXGL Background Thread 3 ] DEBUG Engine               - fullScreen: BooleanProperty [value: false]
14:47:47.102 [FXGL Background Thread 3 ] DEBUG Engine               - gameDifficulty: MEDIUM
14:47:47.102 [FXGL Background Thread 3 ] DEBUG Engine               - gameDifficultyProperty: ObjectProperty [value: MEDIUM]
14:47:47.102 [FXGL Background Thread 3 ] DEBUG Engine               - globalMusicVolume: 0.5
14:47:47.102 [FXGL Background Thread 3 ] DEBUG Engine               - globalMusicVolumeProperty: DoubleProperty [value: 0.5]
14:47:47.103 [FXGL Background Thread 3 ] DEBUG Engine               - globalSoundVolume: 0.5
14:47:47.103 [FXGL Background Thread 3 ] DEBUG Engine               - globalSoundVolumeProperty: DoubleProperty [value: 0.5]
14:47:47.103 [FXGL Background Thread 3 ] DEBUG Engine               - height: 720
14:47:47.103 [FXGL Background Thread 3 ] DEBUG Engine               - is3D: false
14:47:47.103 [FXGL Background Thread 3 ] DEBUG Engine               - isAndroid: false
14:47:47.105 [FXGL Background Thread 3 ] DEBUG Engine               - isBrowser: false
14:47:47.106 [FXGL Background Thread 3 ] DEBUG Engine               - isClickFeedbackEnabled: false
14:47:47.106 [FXGL Background Thread 3 ] DEBUG Engine               - isCloseConfirmation: false
14:47:47.107 [FXGL Background Thread 3 ] DEBUG Engine               - isDesktop: true
14:47:47.107 [FXGL Background Thread 3 ] DEBUG Engine               - isDeveloperMenuEnabled: true
14:47:47.107 [FXGL Background Thread 3 ] DEBUG Engine               - isEmbedded: false
14:47:47.107 [FXGL Background Thread 3 ] DEBUG Engine               - isEntityPreloadEnabled: true
14:47:47.107 [FXGL Background Thread 3 ] DEBUG Engine               - isExperimentalTiledLargeMap: false
14:47:47.108 [FXGL Background Thread 3 ] DEBUG Engine               - isFileSystemWriteAllowed: true
14:47:47.108 [FXGL Background Thread 3 ] DEBUG Engine               - isFullScreenAllowed: false
14:47:47.108 [FXGL Background Thread 3 ] DEBUG Engine               - isFullScreenFromStart: false
14:47:47.109 [FXGL Background Thread 3 ] DEBUG Engine               - isGameMenuEnabled: true
14:47:47.109 [FXGL Background Thread 3 ] DEBUG Engine               - isIOS: false
14:47:47.109 [FXGL Background Thread 3 ] DEBUG Engine               - isIntroEnabled: false
14:47:47.109 [FXGL Background Thread 3 ] DEBUG Engine               - isLinux: false
14:47:47.109 [FXGL Background Thread 3 ] DEBUG Engine               - isMac: false
14:47:47.109 [FXGL Background Thread 3 ] DEBUG Engine               - isMainMenuEnabled: false
14:47:47.109 [FXGL Background Thread 3 ] DEBUG Engine               - isManualResizeEnabled: false
14:47:47.109 [FXGL Background Thread 3 ] DEBUG Engine               - isMobile: false
14:47:47.109 [FXGL Background Thread 3 ] DEBUG Engine               - isNative: false
14:47:47.109 [FXGL Background Thread 3 ] DEBUG Engine               - isPauseMusicWhenMinimized: true
14:47:47.109 [FXGL Background Thread 3 ] DEBUG Engine               - isPreserveResizeRatio: false
14:47:47.110 [FXGL Background Thread 3 ] DEBUG Engine               - isProfilingEnabled: false
14:47:47.110 [FXGL Background Thread 3 ] DEBUG Engine               - isScaleAffectedOnResize: true
14:47:47.110 [FXGL Background Thread 3 ] DEBUG Engine               - isSingleStep: false
14:47:47.110 [FXGL Background Thread 3 ] DEBUG Engine               - isUserProfileEnabled: false
14:47:47.110 [FXGL Background Thread 3 ] DEBUG Engine               - isWindows: true
14:47:47.110 [FXGL Background Thread 3 ] DEBUG Engine               - language: ObjectProperty [value: ENGLISH]
14:47:47.110 [FXGL Background Thread 3 ] DEBUG Engine               - menuKey: ESCAPE
14:47:47.110 [FXGL Background Thread 3 ] DEBUG Engine               - mouseSensitivity: 0.2
14:47:47.111 [FXGL Background Thread 3 ] DEBUG Engine               - notificationViewClass: class com.almasb.fxgl.notification.view.XboxNotificationView
14:47:47.111 [FXGL Background Thread 3 ] DEBUG Engine               - pixelsPerMeter: 50.0
14:47:47.111 [FXGL Background Thread 3 ] DEBUG Engine               - platform: WINDOWS
14:47:47.111 [FXGL Background Thread 3 ] DEBUG Engine               - prefHeightProperty: ReadOnlyDoubleProperty [value: 720.0]
14:47:47.111 [FXGL Background Thread 3 ] DEBUG Engine               - prefWidthProperty: ReadOnlyDoubleProperty [value: 1280.0]
14:47:47.111 [FXGL Background Thread 3 ] DEBUG Engine               - profileDir: profiles/
14:47:47.111 [FXGL Background Thread 3 ] DEBUG Engine               - profileName: StringProperty [value: DEFAULT]
14:47:47.111 [FXGL Background Thread 3 ] DEBUG Engine               - randomSeed: -1
14:47:47.111 [FXGL Background Thread 3 ] DEBUG Engine               - runtimeInfo: RuntimeInfo(platform=WINDOWS, version=21, build=28.12.2023 13.35)
14:47:47.112 [FXGL Background Thread 3 ] DEBUG Engine               - saveFileExt: sav
14:47:47.112 [FXGL Background Thread 3 ] DEBUG Engine               - scaledHeightProp$fxgl: DoubleProperty [bound, value: 720.0]
14:47:47.112 [FXGL Background Thread 3 ] DEBUG Engine               - scaledWidthProp$fxgl: DoubleProperty [bound, value: 1280.0]
14:47:47.112 [FXGL Background Thread 3 ] DEBUG Engine               - sceneFactory: com.almasb.fxgl.app.scene.SceneFactory@fa91e22
14:47:47.112 [FXGL Background Thread 3 ] DEBUG Engine               - secondsIn24h: 60
14:47:47.112 [FXGL Background Thread 3 ] DEBUG Engine               - soundMenuBack: menu/back.wav
14:47:47.112 [FXGL Background Thread 3 ] DEBUG Engine               - soundMenuPress: menu/press.wav
14:47:47.112 [FXGL Background Thread 3 ] DEBUG Engine               - soundMenuSelect: menu/select.wav
14:47:47.112 [FXGL Background Thread 3 ] DEBUG Engine               - soundNotification: core/notification.wav
14:47:47.112 [FXGL Background Thread 3 ] DEBUG Engine               - stageStyle: DECORATED
14:47:47.113 [FXGL Background Thread 3 ] DEBUG Engine               - supportedLanguages: [ENGLISH, FRENCH, GERMAN, HUNGARIAN, RUSSIAN]
14:47:47.113 [FXGL Background Thread 3 ] DEBUG Engine               - ticksPerSecond: -1
14:47:47.113 [FXGL Background Thread 3 ] DEBUG Engine               - title: Basic Game App
14:47:47.113 [FXGL Background Thread 3 ] DEBUG Engine               - urlGithub: https://github.com/AlmasB/FXGL
14:47:47.113 [FXGL Background Thread 3 ] DEBUG Engine               - urlLeaderboard: http://fxgl-top.herokuapp.com/
14:47:47.113 [FXGL Background Thread 3 ] DEBUG Engine               - urlPOM: https://raw.githubusercontent.com/AlmasB/FXGL/release/README.md
14:47:47.113 [FXGL Background Thread 3 ] DEBUG Engine               - userAppClass: class com.lucenstuff.fxglgames.suikagame.SuikaGame
14:47:47.113 [FXGL Background Thread 3 ] DEBUG Engine               - version: 0.1
14:47:47.113 [FXGL Background Thread 3 ] DEBUG Engine               - versionCheckDays: 7
14:47:47.113 [FXGL Background Thread 3 ] DEBUG Engine               - width: 1280
14:47:47.113 [FXGL Background Thread 3 ] DEBUG Engine               - Logging services
14:47:47.114 [FXGL Background Thread 3 ] DEBUG Engine               - class com.almasb.fxgl.app.services.FXGLAssetLoaderService
14:47:47.114 [FXGL Background Thread 3 ] DEBUG Engine               - class com.almasb.fxgl.app.FXGLApplication$GameApplicationService
14:47:47.114 [FXGL Background Thread 3 ] DEBUG Engine               - class com.almasb.fxgl.app.services.FXGLDialogService
14:47:47.114 [FXGL Background Thread 3 ] DEBUG Engine               - class com.almasb.fxgl.app.services.IOTaskExecutorService
14:47:47.114 [FXGL Background Thread 3 ] DEBUG Engine               - class com.almasb.fxgl.io.FileSystemService
14:47:47.114 [FXGL Background Thread 3 ] DEBUG Engine               - class com.almasb.fxgl.localization.LocalizationService
14:47:47.114 [FXGL Background Thread 3 ] DEBUG Engine               - class com.almasb.fxgl.app.services.SystemBundleService
14:47:47.114 [FXGL Background Thread 3 ] DEBUG Engine               - class com.almasb.fxgl.profile.SaveLoadService
14:47:47.114 [FXGL Background Thread 3 ] DEBUG Engine               - class com.almasb.fxgl.ui.FXGLUIFactoryServiceProvider
14:47:47.114 [FXGL Background Thread 3 ] DEBUG Engine               - class com.almasb.fxgl.ui.FXGLDialogFactoryServiceProvider
14:47:47.114 [FXGL Background Thread 3 ] DEBUG Engine               - class com.almasb.fxgl.audio.AudioPlayer
14:47:47.114 [FXGL Background Thread 3 ] DEBUG Engine               - class com.almasb.fxgl.notification.impl.NotificationServiceProvider
14:47:47.114 [FXGL Background Thread 3 ] DEBUG Engine               - class com.almasb.fxgl.achievement.AchievementService
14:47:47.114 [FXGL Background Thread 3 ] DEBUG Engine               - class com.almasb.fxgl.cutscene.CutsceneService
14:47:47.115 [FXGL Background Thread 3 ] DEBUG Engine               - class com.almasb.fxgl.minigames.MiniGameService
14:47:47.115 [FXGL Background Thread 3 ] DEBUG Engine               - class com.almasb.fxgl.net.NetService
14:47:47.115 [FXGL Background Thread 3 ] DEBUG Engine               - class com.almasb.fxgl.app.services.UpdaterService
14:47:47.115 [FXGL Background Thread 3 ] DEBUG Engine               - class com.almasb.fxgl.dev.DevService
14:54:51.379 [JavaFX Application Thread] DEBUG GameApplicationServi - Starting new game
14:54:51.380 [JavaFX Application Thread] DEBUG Input                - Clearing active input actions
14:54:51.389 [JavaFX Application Thread] DEBUG GameApplicationServi - Removing overlay from GameScene and adding to FXGLLoadingScene
14:54:51.394 [JavaFX Application Thread] DEBUG PrimaryStageWindow   - GameScene -> FXGLLoadingScene
14:54:51.394 [JavaFX Application Thread] DEBUG GameApplicationServi - Clearing previous game
14:54:51.394 [JavaFX Application Thread] DEBUG GameScene            - Clearing game scene
14:54:51.394 [JavaFX Application Thread] DEBUG GameWorld            - Clearing game world
14:54:51.398 [JavaFX Application Thread] DEBUG PhysicsWorld         - Clearing physics world
14:54:51.404 [FXGL Background Thread 5 ] DEBUG FXGLApplication      - Initializing game
14:54:51.453 [FXGL Background Thread 5 ] INFO  FXGLApplication      - Game initialization took: 0,048 sec
14:54:51.481 [JavaFX Application Thread] DEBUG Input                - Clearing active input actions
14:54:51.492 [JavaFX Application Thread] DEBUG GameApplicationServi - Removing overlay from FXGLLoadingScene and adding to GameScene
14:54:51.498 [JavaFX Application Thread] DEBUG PrimaryStageWindow   - FXGLLoadingScene -> GameScene
14:55:10.259 [JavaFX Application Thread] DEBUG GameApplicationServi - Starting new game
14:55:10.260 [JavaFX Application Thread] DEBUG Input                - Clearing active input actions
14:55:10.265 [JavaFX Application Thread] DEBUG GameApplicationServi - Removing overlay from GameScene and adding to FXGLLoadingScene
14:55:10.269 [JavaFX Application Thread] DEBUG PrimaryStageWindow   - GameScene -> FXGLLoadingScene
14:55:10.269 [JavaFX Application Thread] DEBUG GameApplicationServi - Clearing previous game
14:55:10.269 [JavaFX Application Thread] DEBUG GameScene            - Clearing game scene
14:55:10.269 [JavaFX Application Thread] DEBUG GameWorld            - Clearing game world
14:55:10.270 [JavaFX Application Thread] DEBUG PhysicsWorld         - Clearing physics world
14:55:10.271 [FXGL Background Thread 5 ] DEBUG FXGLApplication      - Initializing game
14:55:10.274 [FXGL Background Thread 5 ] INFO  FXGLApplication      - Game initialization took: 0,003 sec
14:55:10.298 [JavaFX Application Thread] DEBUG Input                - Clearing active input actions
14:55:10.312 [JavaFX Application Thread] DEBUG GameApplicationServi - Removing overlay from FXGLLoadingScene and adding to GameScene
14:55:10.315 [JavaFX Application Thread] DEBUG PrimaryStageWindow   - FXGLLoadingScene -> GameScene
14:55:37.237 [JavaFX Application Thread] DEBUG GameApplicationServi - Starting new game
14:55:37.238 [JavaFX Application Thread] DEBUG Input                - Clearing active input actions
14:55:37.244 [JavaFX Application Thread] DEBUG GameApplicationServi - Removing overlay from GameScene and adding to FXGLLoadingScene
14:55:37.246 [JavaFX Application Thread] DEBUG PrimaryStageWindow   - GameScene -> FXGLLoadingScene
14:55:37.246 [JavaFX Application Thread] DEBUG GameApplicationServi - Clearing previous game
14:55:37.246 [JavaFX Application Thread] DEBUG GameScene            - Clearing game scene
14:55:37.246 [JavaFX Application Thread] DEBUG GameWorld            - Clearing game world
14:55:37.248 [JavaFX Application Thread] DEBUG PhysicsWorld         - Clearing physics world
14:55:37.248 [FXGL Background Thread 5 ] DEBUG FXGLApplication      - Initializing game
14:55:37.251 [FXGL Background Thread 5 ] INFO  FXGLApplication      - Game initialization took: 0,003 sec
14:55:37.276 [JavaFX Application Thread] DEBUG Input                - Clearing active input actions
14:55:37.281 [JavaFX Application Thread] DEBUG GameApplicationServi - Removing overlay from FXGLLoadingScene and adding to GameScene
14:55:37.285 [JavaFX Application Thread] DEBUG PrimaryStageWindow   - FXGLLoadingScene -> GameScene
14:55:39.455 [JavaFX Application Thread] DEBUG GameApplicationServi - Starting new game
14:55:39.455 [JavaFX Application Thread] DEBUG Input                - Clearing active input actions
14:55:39.460 [JavaFX Application Thread] DEBUG GameApplicationServi - Removing overlay from GameScene and adding to FXGLLoadingScene
14:55:39.463 [JavaFX Application Thread] DEBUG PrimaryStageWindow   - GameScene -> FXGLLoadingScene
14:55:39.463 [JavaFX Application Thread] DEBUG GameApplicationServi - Clearing previous game
14:55:39.463 [JavaFX Application Thread] DEBUG GameScene            - Clearing game scene
14:55:39.463 [JavaFX Application Thread] DEBUG GameWorld            - Clearing game world
14:55:39.464 [JavaFX Application Thread] DEBUG PhysicsWorld         - Clearing physics world
14:55:39.465 [FXGL Background Thread 5 ] DEBUG FXGLApplication      - Initializing game
14:55:39.467 [FXGL Background Thread 5 ] INFO  FXGLApplication      - Game initialization took: 0,003 sec
14:55:39.487 [JavaFX Application Thread] DEBUG Input                - Clearing active input actions
14:55:39.492 [JavaFX Application Thread] DEBUG GameApplicationServi - Removing overlay from FXGLLoadingScene and adding to GameScene
14:55:39.496 [JavaFX Application Thread] DEBUG PrimaryStageWindow   - FXGLLoadingScene -> GameScene
14:55:41.099 [JavaFX Application Thread] DEBUG GameApplicationServi - Starting new game
14:55:41.099 [JavaFX Application Thread] DEBUG Input                - Clearing active input actions
14:55:41.102 [JavaFX Application Thread] DEBUG GameApplicationServi - Removing overlay from GameScene and adding to FXGLLoadingScene
14:55:41.105 [JavaFX Application Thread] DEBUG PrimaryStageWindow   - GameScene -> FXGLLoadingScene
14:55:41.105 [JavaFX Application Thread] DEBUG GameApplicationServi - Clearing previous game
14:55:41.105 [JavaFX Application Thread] DEBUG GameScene            - Clearing game scene
14:55:41.105 [JavaFX Application Thread] DEBUG GameWorld            - Clearing game world
14:55:41.106 [JavaFX Application Thread] DEBUG PhysicsWorld         - Clearing physics world
14:55:41.106 [FXGL Background Thread 5 ] DEBUG FXGLApplication      - Initializing game
14:55:41.112 [FXGL Background Thread 5 ] INFO  FXGLApplication      - Game initialization took: 0,006 sec
14:55:41.129 [JavaFX Application Thread] DEBUG Input                - Clearing active input actions
14:55:41.132 [JavaFX Application Thread] DEBUG GameApplicationServi - Removing overlay from FXGLLoadingScene and adding to GameScene
14:55:41.137 [JavaFX Application Thread] DEBUG PrimaryStageWindow   - FXGLLoadingScene -> GameScene
14:55:42.885 [JavaFX Application Thread] DEBUG GameApplicationServi - Starting new game
14:55:42.885 [JavaFX Application Thread] DEBUG Input                - Clearing active input actions
14:55:42.889 [JavaFX Application Thread] DEBUG GameApplicationServi - Removing overlay from GameScene and adding to FXGLLoadingScene
14:55:42.892 [JavaFX Application Thread] DEBUG PrimaryStageWindow   - GameScene -> FXGLLoadingScene
14:55:42.892 [JavaFX Application Thread] DEBUG GameApplicationServi - Clearing previous game
14:55:42.892 [JavaFX Application Thread] DEBUG GameScene            - Clearing game scene
14:55:42.892 [JavaFX Application Thread] DEBUG GameWorld            - Clearing game world
14:55:42.893 [JavaFX Application Thread] DEBUG PhysicsWorld         - Clearing physics world
14:55:42.893 [FXGL Background Thread 5 ] DEBUG FXGLApplication      - Initializing game
14:55:42.899 [FXGL Background Thread 5 ] INFO  FXGLApplication      - Game initialization took: 0,006 sec
14:55:42.917 [JavaFX Application Thread] DEBUG Input                - Clearing active input actions
14:55:42.921 [JavaFX Application Thread] DEBUG GameApplicationServi - Removing overlay from FXGLLoadingScene and adding to GameScene
14:55:42.925 [JavaFX Application Thread] DEBUG PrimaryStageWindow   - FXGLLoadingScene -> GameScene
14:56:06.212 [JavaFX Application Thread] DEBUG FXGLApplication      - Exiting FXGL
14:56:06.213 [JavaFX Application Thread] DEBUG LoopRunner           - Stopping loop
14:56:06.213 [JavaFX Application Thread] DEBUG SystemBundleService  - Saving FXGL system data
14:56:06.216 [JavaFX Application Thread] DEBUG FileSystemAccess     - Writing to: C:\Users\agust\OneDrive\Escritorio\FXGLGames-master\Gravity\system\fxgl.bundle
14:56:06.220 [JavaFX Application Thread] DEBUG Async                - Shutting down background threads
14:56:06.220 [JavaFX Application Thread] DEBUG PrimaryStageWindow   - Closing main window
14:56:06.231 [JavaFX Application Thread] DEBUG Logger               - Closing Logger
