20:10:47.757 [main                     ] DEBUG Logger               - Configured Logger
20:10:47.777 [main                     ] DEBUG GameApplication      - Logging settings
Title: Suika FXGL
Version: 0.1
Width: 1280
Height: 720
Fullscreen: false
Intro: false
Profiling: false
Single step:false
App Mode: DEVELOPER
Menu Key: ESCAPE
Stage Style: DECORATED
Scene Factory: class com.almasb.fxgl.app.scene.SceneFactory

20:10:48.247 [JavaFX Application Thread] DEBUG FXGLApplication      - Initializing FXGL
20:10:48.251 [JavaFX Application Thread] INFO  Engine               - FXGL-21 (28.12.2023 13.35) on WINDOWS (J:21.0.2 FX:21.0.1)
20:10:48.251 [JavaFX Application Thread] DEBUG Engine               - JRE Vendor Name: Oracle Corporation
20:10:48.252 [JavaFX Application Thread] DEBUG Engine               - Running on OS: Windows 10 version 10.0
20:10:48.252 [JavaFX Application Thread] DEBUG Engine               - Architecture: amd64
20:10:48.252 [JavaFX Application Thread] INFO  Engine               - Source code and latest versions at: https://github.com/AlmasB/FXGL
20:10:48.252 [JavaFX Application Thread] INFO  Engine               -       Ask questions and discuss at: https://github.com/AlmasB/FXGL/discussions
20:10:48.252 [JavaFX Application Thread] INFO  Engine               -              Join the FXGL chat at: https://gitter.im/AlmasB/FXGL
20:10:48.375 [JavaFX Application Thread] DEBUG PrimaryStageWindow   - Creating a JavaFX scene
20:10:48.426 [JavaFX Application Thread] DEBUG PrimaryStageWindow   - Target settings size: 1280.0 x 720.0
20:10:48.426 [JavaFX Application Thread] DEBUG PrimaryStageWindow   - Scaled scene size:    1280.0 x 720.0
20:10:48.426 [JavaFX Application Thread] DEBUG PrimaryStageWindow   - Scaled ratio: (1.0, 1.0)
20:10:48.427 [JavaFX Application Thread] DEBUG PrimaryStageWindow   - Set initial scene to FXGLStartupScene
20:10:48.430 [JavaFX Application Thread] DEBUG PrimaryStageWindow   - Opening main window
20:10:48.529 [JavaFX Application Thread] DEBUG PrimaryStageWindow   - Window border size: (16.0, 39.0)
20:10:48.530 [JavaFX Application Thread] DEBUG PrimaryStageWindow   - Scaled size: 1280.0 x 720.0
20:10:48.530 [JavaFX Application Thread] DEBUG PrimaryStageWindow   - Scaled ratio: (1.0, 1.0)
20:10:48.530 [JavaFX Application Thread] DEBUG PrimaryStageWindow   - Scene size: 1280.0 x 720.0
20:10:48.530 [JavaFX Application Thread] DEBUG PrimaryStageWindow   - Stage size: 1296.0 x 759.0
20:10:48.543 [FXGL Background Thread 1 ] DEBUG Engine               - Initializing environment variables
20:10:48.615 [FXGL Background Thread 1 ] DEBUG FXGLAssetLoaderServi - User app class for loading assets: class com.lucenstuff.fxglgames.suikagame.SuikaGame
20:10:48.615 [FXGL Background Thread 1 ] DEBUG GameApplicationServi - Applying CSS: fxgl_dark.css
20:10:48.616 [FXGL Background Thread 1 ] DEBUG FXGLAssetLoaderServi - Loading from file system: jar:file:/C:/Users/Nacho/.m2/repository/com/github/almasb/fxgl/21/fxgl-21.jar!/fxglassets/ui/css/fxgl_dark.css
20:10:48.667 [FXGL Background Thread 1 ] DEBUG GameApplicationServi - Initializing application scenes
20:10:48.712 [FXGL Background Thread 1 ] DEBUG GameWorld            - Game world initialized
20:10:48.779 [FXGL Background Thread 1 ] DEBUG PhysicsWorld         - Physics world initialized: appHeight=720, physics.ppm=50,0
20:10:48.779 [FXGL Background Thread 1 ] DEBUG PhysicsWorld         - Using strategy: BRUTE_FORCE
20:10:48.783 [FXGL Background Thread 1 ] DEBUG GameScene            - Game scene initialized: 1280x720
20:10:48.798 [FXGL Background Thread 1 ] DEBUG FXGL.DefaultMenu     - createMenuBodyGameMenu()
20:10:48.816 [FXGL Background Thread 1 ] DEBUG FXGL.DefaultMenu     - createOptionsMenu()
20:10:48.827 [FXGL Background Thread 1 ] DEBUG FXGLAssetLoaderServi - Loading from file system: jar:file:/C:/Users/Nacho/.m2/repository/com/github/almasb/fxgl/21/fxgl-21.jar!/fxglassets/textures/particles/smoke.png
20:10:48.970 [FXGL Background Thread 1 ] DEBUG FXGLAssetLoaderServi - Loading from file system: jar:file:/C:/Users/Nacho/.m2/repository/com/github/almasb/fxgl/21/fxgl-21.jar!/fxglassets/textures/particles/trace_horizontal.png
20:10:48.996 [FXGL Background Thread 1 ] DEBUG GameApplicationServi - Application scenes initialized
20:10:49.020 [FXGL Background Thread 1 ] DEBUG SystemBundleService  - Loading FXGL system data
20:10:49.025 [FXGL Background Thread 1 ] DEBUG FileSystemAccess     - Reading from: C:\Users\Nacho\IdeaProjects\SuikaGameJavaFXGL\system\fxgl.bundle
20:10:49.034 [FXGL Background Thread 1 ] DEBUG SystemBundleService  - Bundle FXGL: {}
20:10:49.035 [FXGL Background Thread 1 ] DEBUG UpdaterService       - Checking for updates
20:10:49.066 [FXGL Background Thread 1 ] DEBUG FXGLApplication      - Loading default localization
20:10:49.067 [FXGL Background Thread 1 ] DEBUG FXGLAssetLoaderServi - Loading from file system: jar:file:/C:/Users/Nacho/.m2/repository/com/github/almasb/fxgl/21/fxgl-21.jar!/fxglassets/languages/english.lang
20:10:49.067 [FXGL Background Thread 4 ] DEBUG FXGLApplication      - Loading fonts
20:10:49.068 [FXGL Background Thread 4 ] DEBUG FXGLAssetLoaderServi - Loading from file system: jar:file:/C:/Users/Nacho/.m2/repository/com/github/almasb/fxgl/21/fxgl-21.jar!/fxglassets/ui/fonts/VarelaRound-Regular.ttf
20:10:49.093 [FXGL Background Thread 1 ] INFO  FXGLApplication      - FXGL initialization took: 0,550 sec
20:10:49.094 [JavaFX Application Thread] DEBUG FXGLAssetLoaderServi - Loading from file system: jar:file:/C:/Users/Nacho/.m2/repository/com/github/almasb/fxgl/21/fxgl-21.jar!/fxglassets/textures/fxgl_icon.png
20:10:49.112 [JavaFX Application Thread] DEBUG FXGLAssetLoaderServi - Loading from file system: jar:file:/C:/Users/Nacho/.m2/repository/com/github/almasb/fxgl/21/fxgl-21.jar!/fxglassets/textures/fxgl_default_cursor.png
20:10:49.117 [FXGL Background Thread 4 ] DEBUG FXGLAssetLoaderServi - Loading from file system: jar:file:/C:/Users/Nacho/.m2/repository/com/github/almasb/fxgl/21/fxgl-21.jar!/fxglassets/ui/fonts/Abel-Regular.ttf
20:10:49.124 [JavaFX Application Thread] DEBUG Input                - Registered new binding: Screenshot - CTRL+8
20:10:49.125 [JavaFX Application Thread] DEBUG Input                - Registered new binding: Dev Options - 1
20:10:49.126 [JavaFX Application Thread] DEBUG Input                - Registered new binding: Dev Console - 2
20:10:49.127 [JavaFX Application Thread] DEBUG Input                - Registered new binding: System info dump - CTRL+9
20:10:49.127 [JavaFX Application Thread] DEBUG Input                - Registered new binding: Restart - CTRL+R
20:10:49.128 [JavaFX Application Thread] DEBUG Input                - Registered new binding: Toggle Debug Camera - CTRL+7
20:10:49.129 [FXGL Background Thread 4 ] DEBUG FXGLAssetLoaderServi - Loading from file system: jar:file:/C:/Users/Nacho/.m2/repository/com/github/almasb/fxgl/21/fxgl-21.jar!/fxglassets/ui/fonts/TerminalLandMono-Regular.otf
20:10:49.133 [JavaFX Application Thread] DEBUG LoopRunner           - Starting loop
20:10:49.174 [FXGL Background Thread 4 ] DEBUG FXGLAssetLoaderServi - Loading from file system: jar:file:/C:/Users/Nacho/.m2/repository/com/github/almasb/fxgl/21/fxgl-21.jar!/fxglassets/ui/fonts/Courier-Prime.ttf
20:10:49.179 [JavaFX Application Thread] DEBUG LoopRunner           - Initializing JavaFX AnimationTimerLoop
20:10:49.181 [JavaFX Application Thread] DEBUG GameApplicationServi - Starting new game
20:10:49.181 [JavaFX Application Thread] DEBUG Input                - Clearing active input actions
20:10:49.192 [JavaFX Application Thread] DEBUG GameApplicationServi - Removing overlay from FXGLStartupScene and adding to FXGLLoadingScene
20:10:49.201 [JavaFX Application Thread] DEBUG PrimaryStageWindow   - FXGLStartupScene -> FXGLLoadingScene
20:10:49.201 [JavaFX Application Thread] DEBUG GameApplicationServi - Clearing previous game
20:10:49.201 [JavaFX Application Thread] DEBUG GameScene            - Clearing game scene
20:10:49.202 [JavaFX Application Thread] DEBUG GameWorld            - Clearing game world
20:10:49.202 [JavaFX Application Thread] DEBUG PhysicsWorld         - Clearing physics world
20:10:49.203 [FXGL Background Thread 1 ] DEBUG FXGLApplication      - Initializing game
20:10:49.215 [FXGL Background Thread 1 ] DEBUG FXGLAssetLoaderServi - Loading from file system: file:/C:/Users/Nacho/IdeaProjects/SuikaGameJavaFXGL/target/classes/assets/textures/background_view.png
20:10:49.241 [FXGL Background Thread 1 ] DEBUG FXGLAssetLoaderServi - Loading from file system: file:/C:/Users/Nacho/IdeaProjects/SuikaGameJavaFXGL/target/classes/assets/textures/container_view.png
20:10:49.327 [FXGL Background Thread 1 ] DEBUG FXGLAssetLoaderServi - Loading from file system: file:/C:/Users/Nacho/IdeaProjects/SuikaGameJavaFXGL/target/classes/assets/textures/ring_view.png
20:10:49.331 [FXGL Background Thread 1 ] DEBUG FXGLAssetLoaderServi - Loading from file system: file:/C:/Users/Nacho/IdeaProjects/SuikaGameJavaFXGL/target/classes/assets/textures/next_fruit_view.png
20:10:49.334 [FXGL Background Thread 1 ] DEBUG FXGLAssetLoaderServi - Loading from file system: file:/C:/Users/Nacho/IdeaProjects/SuikaGameJavaFXGL/target/classes/assets/textures/score_view.png
20:10:49.336 [FXGL Background Thread 1 ] INFO  FXGLApplication      - Game initialization took: 0,132 sec
20:10:49.416 [JavaFX Application Thread] DEBUG FXGLApplication      - Registering font factories with UI factory
20:10:49.419 [JavaFX Application Thread] DEBUG Input                - Clearing active input actions
20:10:49.427 [JavaFX Application Thread] DEBUG GameApplicationServi - Removing overlay from FXGLLoadingScene and adding to GameScene
20:10:49.432 [JavaFX Application Thread] DEBUG PrimaryStageWindow   - FXGLLoadingScene -> GameScene
20:10:52.064 [FXGL Background Thread 3 ] DEBUG Engine               - Logging environment variables
20:10:52.064 [FXGL Background Thread 3 ] DEBUG Engine               - achievements: []
20:10:52.064 [FXGL Background Thread 3 ] DEBUG Engine               - actualHeight: 720.0
20:10:52.064 [FXGL Background Thread 3 ] DEBUG Engine               - actualHeightProperty: ReadOnlyDoubleProperty [value: 720.0]
20:10:52.064 [FXGL Background Thread 3 ] DEBUG Engine               - actualWidth: 1280.0
20:10:52.065 [FXGL Background Thread 3 ] DEBUG Engine               - actualWidthProperty: ReadOnlyDoubleProperty [value: 1280.0]
20:10:52.065 [FXGL Background Thread 3 ] DEBUG Engine               - appIcon: fxgl_icon.png
20:10:52.065 [FXGL Background Thread 3 ] DEBUG Engine               - applicationMode: DEVELOPER
20:10:52.065 [FXGL Background Thread 3 ] DEBUG Engine               - cSSList: [fxgl_dark.css]
20:10:52.065 [FXGL Background Thread 3 ] DEBUG Engine               - collisionDetectionStrategy: BRUTE_FORCE
20:10:52.065 [FXGL Background Thread 3 ] DEBUG Engine               - configClass: Optional.empty
20:10:52.065 [FXGL Background Thread 3 ] DEBUG Engine               - credits: []
20:10:52.065 [FXGL Background Thread 3 ] DEBUG Engine               - defaultCursor: CursorInfo(imageName=fxgl_default_cursor.png, hotspotX=7.0, hotspotY=6.0)
20:10:52.065 [FXGL Background Thread 3 ] DEBUG Engine               - devBBoxColorProperty: ObjectProperty [value: 0xff0000ff]
20:10:52.065 [FXGL Background Thread 3 ] DEBUG Engine               - devEnableDebugCameraProperty: BooleanProperty [value: false]
20:10:52.065 [FXGL Background Thread 3 ] DEBUG Engine               - devSensorColorProperty: ObjectProperty [value: 0xffff00ff]
20:10:52.065 [FXGL Background Thread 3 ] DEBUG Engine               - devShowBBoxProperty: BooleanProperty [value: false]
20:10:52.065 [FXGL Background Thread 3 ] DEBUG Engine               - devShowPositionProperty: BooleanProperty [value: false]
20:10:52.066 [FXGL Background Thread 3 ] DEBUG Engine               - enabledMenuItems: []
20:10:52.066 [FXGL Background Thread 3 ] DEBUG Engine               - engineServices: [class com.almasb.fxgl.app.services.FXGLAssetLoaderService, class com.almasb.fxgl.app.FXGLApplication$GameApplicationService, class com.almasb.fxgl.app.services.FXGLDialogService, class com.almasb.fxgl.app.services.IOTaskExecutorService, class com.almasb.fxgl.io.FileSystemService, class com.almasb.fxgl.localization.LocalizationService, class com.almasb.fxgl.app.services.SystemBundleService, class com.almasb.fxgl.profile.SaveLoadService, class com.almasb.fxgl.ui.FXGLUIFactoryServiceProvider, class com.almasb.fxgl.ui.FXGLDialogFactoryServiceProvider, class com.almasb.fxgl.audio.AudioPlayer, class com.almasb.fxgl.notification.impl.NotificationServiceProvider, class com.almasb.fxgl.achievement.AchievementService, class com.almasb.fxgl.cutscene.CutsceneService, class com.almasb.fxgl.minigames.MiniGameService, class com.almasb.fxgl.net.NetService, class com.almasb.fxgl.app.services.UpdaterService, class com.almasb.fxgl.dev.DevService]
20:10:52.066 [FXGL Background Thread 3 ] DEBUG Engine               - fontGame: Abel-Regular.ttf
20:10:52.066 [FXGL Background Thread 3 ] DEBUG Engine               - fontMono: TerminalLandMono-Regular.otf
20:10:52.066 [FXGL Background Thread 3 ] DEBUG Engine               - fontSizeScaleUI: 1.0
20:10:52.066 [FXGL Background Thread 3 ] DEBUG Engine               - fontText: Courier-Prime.ttf
20:10:52.066 [FXGL Background Thread 3 ] DEBUG Engine               - fontUI: VarelaRound-Regular.ttf
20:10:52.066 [FXGL Background Thread 3 ] DEBUG Engine               - fullScreen: BooleanProperty [value: false]
20:10:52.066 [FXGL Background Thread 3 ] DEBUG Engine               - gameDifficulty: MEDIUM
20:10:52.066 [FXGL Background Thread 3 ] DEBUG Engine               - gameDifficultyProperty: ObjectProperty [value: MEDIUM]
20:10:52.066 [FXGL Background Thread 3 ] DEBUG Engine               - globalMusicVolume: 0.5
20:10:52.066 [FXGL Background Thread 3 ] DEBUG Engine               - globalMusicVolumeProperty: DoubleProperty [value: 0.5]
20:10:52.066 [FXGL Background Thread 3 ] DEBUG Engine               - globalSoundVolume: 0.5
20:10:52.066 [FXGL Background Thread 3 ] DEBUG Engine               - globalSoundVolumeProperty: DoubleProperty [value: 0.5]
20:10:52.066 [FXGL Background Thread 3 ] DEBUG Engine               - height: 720
20:10:52.066 [FXGL Background Thread 3 ] DEBUG Engine               - is3D: false
20:10:52.067 [FXGL Background Thread 3 ] DEBUG Engine               - isAndroid: false
20:10:52.067 [FXGL Background Thread 3 ] DEBUG Engine               - isBrowser: false
20:10:52.067 [FXGL Background Thread 3 ] DEBUG Engine               - isClickFeedbackEnabled: false
20:10:52.067 [FXGL Background Thread 3 ] DEBUG Engine               - isCloseConfirmation: false
20:10:52.067 [FXGL Background Thread 3 ] DEBUG Engine               - isDesktop: true
20:10:52.067 [FXGL Background Thread 3 ] DEBUG Engine               - isDeveloperMenuEnabled: true
20:10:52.067 [FXGL Background Thread 3 ] DEBUG Engine               - isEmbedded: false
20:10:52.067 [FXGL Background Thread 3 ] DEBUG Engine               - isEntityPreloadEnabled: true
20:10:52.067 [FXGL Background Thread 3 ] DEBUG Engine               - isExperimentalTiledLargeMap: false
20:10:52.067 [FXGL Background Thread 3 ] DEBUG Engine               - isFileSystemWriteAllowed: true
20:10:52.067 [FXGL Background Thread 3 ] DEBUG Engine               - isFullScreenAllowed: false
20:10:52.067 [FXGL Background Thread 3 ] DEBUG Engine               - isFullScreenFromStart: false
20:10:52.067 [FXGL Background Thread 3 ] DEBUG Engine               - isGameMenuEnabled: true
20:10:52.067 [FXGL Background Thread 3 ] DEBUG Engine               - isIOS: false
20:10:52.067 [FXGL Background Thread 3 ] DEBUG Engine               - isIntroEnabled: false
20:10:52.067 [FXGL Background Thread 3 ] DEBUG Engine               - isLinux: false
20:10:52.067 [FXGL Background Thread 3 ] DEBUG Engine               - isMac: false
20:10:52.067 [FXGL Background Thread 3 ] DEBUG Engine               - isMainMenuEnabled: false
20:10:52.067 [FXGL Background Thread 3 ] DEBUG Engine               - isManualResizeEnabled: false
20:10:52.068 [FXGL Background Thread 3 ] DEBUG Engine               - isMobile: false
20:10:52.068 [FXGL Background Thread 3 ] DEBUG Engine               - isNative: false
20:10:52.068 [FXGL Background Thread 3 ] DEBUG Engine               - isPauseMusicWhenMinimized: true
20:10:52.068 [FXGL Background Thread 3 ] DEBUG Engine               - isPreserveResizeRatio: false
20:10:52.068 [FXGL Background Thread 3 ] DEBUG Engine               - isProfilingEnabled: false
20:10:52.068 [FXGL Background Thread 3 ] DEBUG Engine               - isScaleAffectedOnResize: true
20:10:52.068 [FXGL Background Thread 3 ] DEBUG Engine               - isSingleStep: false
20:10:52.068 [FXGL Background Thread 3 ] DEBUG Engine               - isUserProfileEnabled: false
20:10:52.068 [FXGL Background Thread 3 ] DEBUG Engine               - isWindows: true
20:10:52.068 [FXGL Background Thread 3 ] DEBUG Engine               - language: ObjectProperty [value: ENGLISH]
20:10:52.068 [FXGL Background Thread 3 ] DEBUG Engine               - menuKey: ESCAPE
20:10:52.068 [FXGL Background Thread 3 ] DEBUG Engine               - mouseSensitivity: 0.2
20:10:52.068 [FXGL Background Thread 3 ] DEBUG Engine               - notificationViewClass: class com.almasb.fxgl.notification.view.XboxNotificationView
20:10:52.068 [FXGL Background Thread 3 ] DEBUG Engine               - pixelsPerMeter: 50.0
20:10:52.068 [FXGL Background Thread 3 ] DEBUG Engine               - platform: WINDOWS
20:10:52.068 [FXGL Background Thread 3 ] DEBUG Engine               - prefHeightProperty: ReadOnlyDoubleProperty [value: 720.0]
20:10:52.068 [FXGL Background Thread 3 ] DEBUG Engine               - prefWidthProperty: ReadOnlyDoubleProperty [value: 1280.0]
20:10:52.068 [FXGL Background Thread 3 ] DEBUG Engine               - profileDir: profiles/
20:10:52.068 [FXGL Background Thread 3 ] DEBUG Engine               - profileName: StringProperty [value: DEFAULT]
20:10:52.069 [FXGL Background Thread 3 ] DEBUG Engine               - randomSeed: -1
20:10:52.069 [FXGL Background Thread 3 ] DEBUG Engine               - runtimeInfo: RuntimeInfo(platform=WINDOWS, version=21, build=28.12.2023 13.35)
20:10:52.069 [FXGL Background Thread 3 ] DEBUG Engine               - saveFileExt: sav
20:10:52.069 [FXGL Background Thread 3 ] DEBUG Engine               - scaledHeightProp$fxgl: DoubleProperty [bound, value: 720.0]
20:10:52.069 [FXGL Background Thread 3 ] DEBUG Engine               - scaledWidthProp$fxgl: DoubleProperty [bound, value: 1280.0]
20:10:52.069 [FXGL Background Thread 3 ] DEBUG Engine               - sceneFactory: com.almasb.fxgl.app.scene.SceneFactory@2f8e7462
20:10:52.069 [FXGL Background Thread 3 ] DEBUG Engine               - secondsIn24h: 60
20:10:52.069 [FXGL Background Thread 3 ] DEBUG Engine               - soundMenuBack: menu/back.wav
20:10:52.069 [FXGL Background Thread 3 ] DEBUG Engine               - soundMenuPress: menu/press.wav
20:10:52.069 [FXGL Background Thread 3 ] DEBUG Engine               - soundMenuSelect: menu/select.wav
20:10:52.069 [FXGL Background Thread 3 ] DEBUG Engine               - soundNotification: core/notification.wav
20:10:52.069 [FXGL Background Thread 3 ] DEBUG Engine               - stageStyle: DECORATED
20:10:52.069 [FXGL Background Thread 3 ] DEBUG Engine               - supportedLanguages: [ENGLISH, FRENCH, GERMAN, HUNGARIAN, RUSSIAN]
20:10:52.069 [FXGL Background Thread 3 ] DEBUG Engine               - ticksPerSecond: -1
20:10:52.069 [FXGL Background Thread 3 ] DEBUG Engine               - title: Suika FXGL
20:10:52.069 [FXGL Background Thread 3 ] DEBUG Engine               - urlGithub: https://github.com/AlmasB/FXGL
20:10:52.070 [FXGL Background Thread 3 ] DEBUG Engine               - urlLeaderboard: http://fxgl-top.herokuapp.com/
20:10:52.070 [FXGL Background Thread 3 ] DEBUG Engine               - urlPOM: https://raw.githubusercontent.com/AlmasB/FXGL/release/README.md
20:10:52.070 [FXGL Background Thread 3 ] DEBUG Engine               - userAppClass: class com.lucenstuff.fxglgames.suikagame.SuikaGame
20:10:52.070 [FXGL Background Thread 3 ] DEBUG Engine               - version: 0.1
20:10:52.070 [FXGL Background Thread 3 ] DEBUG Engine               - versionCheckDays: 7
20:10:52.070 [FXGL Background Thread 3 ] DEBUG Engine               - width: 1280
20:10:52.070 [FXGL Background Thread 3 ] DEBUG Engine               - Logging services
20:10:52.070 [FXGL Background Thread 3 ] DEBUG Engine               - class com.almasb.fxgl.app.services.FXGLAssetLoaderService
20:10:52.070 [FXGL Background Thread 3 ] DEBUG Engine               - class com.almasb.fxgl.app.FXGLApplication$GameApplicationService
20:10:52.070 [FXGL Background Thread 3 ] DEBUG Engine               - class com.almasb.fxgl.app.services.FXGLDialogService
20:10:52.070 [FXGL Background Thread 3 ] DEBUG Engine               - class com.almasb.fxgl.app.services.IOTaskExecutorService
20:10:52.070 [FXGL Background Thread 3 ] DEBUG Engine               - class com.almasb.fxgl.io.FileSystemService
20:10:52.070 [FXGL Background Thread 3 ] DEBUG Engine               - class com.almasb.fxgl.localization.LocalizationService
20:10:52.070 [FXGL Background Thread 3 ] DEBUG Engine               - class com.almasb.fxgl.app.services.SystemBundleService
20:10:52.070 [FXGL Background Thread 3 ] DEBUG Engine               - class com.almasb.fxgl.profile.SaveLoadService
20:10:52.070 [FXGL Background Thread 3 ] DEBUG Engine               - class com.almasb.fxgl.ui.FXGLUIFactoryServiceProvider
20:10:52.070 [FXGL Background Thread 3 ] DEBUG Engine               - class com.almasb.fxgl.ui.FXGLDialogFactoryServiceProvider
20:10:52.070 [FXGL Background Thread 3 ] DEBUG Engine               - class com.almasb.fxgl.audio.AudioPlayer
20:10:52.070 [FXGL Background Thread 3 ] DEBUG Engine               - class com.almasb.fxgl.notification.impl.NotificationServiceProvider
20:10:52.070 [FXGL Background Thread 3 ] DEBUG Engine               - class com.almasb.fxgl.achievement.AchievementService
20:10:52.071 [FXGL Background Thread 3 ] DEBUG Engine               - class com.almasb.fxgl.cutscene.CutsceneService
20:10:52.071 [FXGL Background Thread 3 ] DEBUG Engine               - class com.almasb.fxgl.minigames.MiniGameService
20:10:52.071 [FXGL Background Thread 3 ] DEBUG Engine               - class com.almasb.fxgl.net.NetService
20:10:52.071 [FXGL Background Thread 3 ] DEBUG Engine               - class com.almasb.fxgl.app.services.UpdaterService
20:10:52.071 [FXGL Background Thread 3 ] DEBUG Engine               - class com.almasb.fxgl.dev.DevService
20:10:52.094 [JavaFX Application Thread] DEBUG FXGLAssetLoaderServi - Loading from file system: file:/C:/Users/Nacho/IdeaProjects/SuikaGameJavaFXGL/target/classes/assets/textures/apple_view.png
20:10:52.096 [JavaFX Application Thread] DEBUG FXGLAssetLoaderServi - Loading from file system: file:/C:/Users/Nacho/IdeaProjects/SuikaGameJavaFXGL/target/classes/assets/textures/cherry_view.png
20:10:52.162 [JavaFX Application Thread] DEBUG FXGLAssetLoaderServi - Loading from file system: file:/C:/Users/Nacho/IdeaProjects/SuikaGameJavaFXGL/target/classes/assets/textures/lemon_view.png
20:10:52.193 [JavaFX Application Thread] DEBUG FXGLAssetLoaderServi - Loading from file system: file:/C:/Users/Nacho/IdeaProjects/SuikaGameJavaFXGL/target/classes/assets/textures/orange_view.png
20:10:52.259 [JavaFX Application Thread] DEBUG FXGLAssetLoaderServi - Loading from file system: file:/C:/Users/Nacho/IdeaProjects/SuikaGameJavaFXGL/target/classes/assets/textures/grape_view.png
20:10:52.277 [JavaFX Application Thread] DEBUG FXGLAssetLoaderServi - Loading from file system: file:/C:/Users/Nacho/IdeaProjects/SuikaGameJavaFXGL/target/classes/assets/textures/strawberry_view.png
20:10:52.425 [JavaFX Application Thread] DEBUG FXGLAssetLoaderServi - Loading from file system: file:/C:/Users/Nacho/IdeaProjects/SuikaGameJavaFXGL/target/classes/assets/textures/pear_view.png
20:10:52.874 [JavaFX Application Thread] DEBUG FXGLAssetLoaderServi - Loading from file system: file:/C:/Users/Nacho/IdeaProjects/SuikaGameJavaFXGL/target/classes/assets/textures/peach_view.png
20:10:54.314 [JavaFX Application Thread] DEBUG FXGLAssetLoaderServi - Loading from file system: file:/C:/Users/Nacho/IdeaProjects/SuikaGameJavaFXGL/target/classes/assets/textures/pineapple_view.png
20:10:56.762 [JavaFX Application Thread] DEBUG FXGLAssetLoaderServi - Loading from file system: file:/C:/Users/Nacho/IdeaProjects/SuikaGameJavaFXGL/target/classes/assets/textures/melon_view.png
20:11:00.442 [JavaFX Application Thread] DEBUG PrimaryStageWindow   - Push state: DialogSubScene
20:11:00.443 [JavaFX Application Thread] DEBUG Input                - Clearing active input actions
20:11:00.443 [JavaFX Application Thread] DEBUG GameApplicationServi - Removing overlay from GameScene and adding to DialogSubScene
20:11:00.445 [JavaFX Application Thread] DEBUG PrimaryStageWindow   - GameScene -> DialogSubScene
20:11:01.362 [JavaFX Application Thread] DEBUG PrimaryStageWindow   - Pop state: DialogSubScene
20:11:01.362 [JavaFX Application Thread] DEBUG Input                - Clearing active input actions
20:11:01.363 [JavaFX Application Thread] DEBUG GameApplicationServi - Removing overlay from DialogSubScene and adding to GameScene
20:11:01.363 [JavaFX Application Thread] DEBUG PrimaryStageWindow   - GameScene <- DialogSubScene
20:11:01.897 [JavaFX Application Thread] DEBUG PrimaryStageWindow   - Push state: DialogSubScene
20:11:01.898 [JavaFX Application Thread] DEBUG Input                - Clearing active input actions
20:11:01.898 [JavaFX Application Thread] DEBUG GameApplicationServi - Removing overlay from GameScene and adding to DialogSubScene
20:11:01.899 [JavaFX Application Thread] DEBUG PrimaryStageWindow   - GameScene -> DialogSubScene
20:11:03.019 [JavaFX Application Thread] DEBUG FXGLApplication      - Exiting FXGL
20:11:03.019 [JavaFX Application Thread] DEBUG LoopRunner           - Stopping loop
20:11:03.019 [JavaFX Application Thread] DEBUG SystemBundleService  - Saving FXGL system data
20:11:03.021 [JavaFX Application Thread] DEBUG FileSystemAccess     - Writing to: C:\Users\Nacho\IdeaProjects\SuikaGameJavaFXGL\system\fxgl.bundle
20:11:03.023 [JavaFX Application Thread] DEBUG Async                - Shutting down background threads
20:11:03.023 [JavaFX Application Thread] DEBUG PrimaryStageWindow   - Closing main window
20:11:03.032 [JavaFX Application Thread] DEBUG Logger               - Closing Logger
