14:51:44.087 [main                     ] DEBUG Logger               - Configured Logger
14:51:44.120 [main                     ] DEBUG GameApplication      - Logging settings
Title: Suika FXGL
Version: 0.1
Width: 1280
Height: 720
Fullscreen: false
Intro: false
Profiling: false
Single step:false
App Mode: DEVELOPER
Menu Key: ESCAPE
Stage Style: DECORATED
Scene Factory: class com.almasb.fxgl.app.scene.SceneFactory

14:51:44.662 [JavaFX Application Thread] DEBUG FXGLApplication      - Initializing FXGL
14:51:44.666 [JavaFX Application Thread] INFO  Engine               - FXGL-21 (28.12.2023 13.35) on WINDOWS (J:21.0.2 FX:21.0.1)
14:51:44.667 [JavaFX Application Thread] DEBUG Engine               - JRE Vendor Name: Oracle Corporation
14:51:44.667 [JavaFX Application Thread] DEBUG Engine               - Running on OS: Windows 10 version 10.0
14:51:44.667 [JavaFX Application Thread] DEBUG Engine               - Architecture: amd64
14:51:44.667 [JavaFX Application Thread] INFO  Engine               - Source code and latest versions at: https://github.com/AlmasB/FXGL
14:51:44.667 [JavaFX Application Thread] INFO  Engine               -       Ask questions and discuss at: https://github.com/AlmasB/FXGL/discussions
14:51:44.667 [JavaFX Application Thread] INFO  Engine               -              Join the FXGL chat at: https://gitter.im/AlmasB/FXGL
14:51:44.835 [JavaFX Application Thread] DEBUG PrimaryStageWindow   - Creating a JavaFX scene
14:51:44.909 [JavaFX Application Thread] DEBUG PrimaryStageWindow   - Target settings size: 1280.0 x 720.0
14:51:44.909 [JavaFX Application Thread] DEBUG PrimaryStageWindow   - Scaled scene size:    1280.0 x 720.0
14:51:44.910 [JavaFX Application Thread] DEBUG PrimaryStageWindow   - Scaled ratio: (1.0, 1.0)
14:51:44.911 [JavaFX Application Thread] DEBUG PrimaryStageWindow   - Set initial scene to FXGLStartupScene
14:51:44.915 [JavaFX Application Thread] DEBUG PrimaryStageWindow   - Opening main window
14:51:45.030 [JavaFX Application Thread] DEBUG PrimaryStageWindow   - Window border size: (16.0, 39.0)
14:51:45.033 [JavaFX Application Thread] DEBUG PrimaryStageWindow   - Scaled size: 1280.0 x 720.0
14:51:45.033 [JavaFX Application Thread] DEBUG PrimaryStageWindow   - Scaled ratio: (1.0, 1.0)
14:51:45.034 [JavaFX Application Thread] DEBUG PrimaryStageWindow   - Scene size: 1280.0 x 720.0
14:51:45.034 [JavaFX Application Thread] DEBUG PrimaryStageWindow   - Stage size: 1296.0 x 759.0
14:51:45.120 [FXGL Background Thread 1 ] DEBUG Engine               - Initializing environment variables
14:51:45.214 [FXGL Background Thread 1 ] DEBUG FXGLAssetLoaderServi - User app class for loading assets: class com.lucenstuff.fxglgames.suikagame.SuikaGame
14:51:45.214 [FXGL Background Thread 1 ] DEBUG GameApplicationServi - Applying CSS: fxgl_dark.css
14:51:45.215 [FXGL Background Thread 1 ] DEBUG FXGLAssetLoaderServi - Loading from file system: jar:file:/C:/Users/agust/.m2/repository/com/github/almasb/fxgl/21/fxgl-21.jar!/fxglassets/ui/css/fxgl_dark.css
14:51:45.283 [FXGL Background Thread 1 ] DEBUG GameApplicationServi - Initializing application scenes
14:51:45.396 [FXGL Background Thread 1 ] DEBUG GameWorld            - Game world initialized
14:51:45.471 [FXGL Background Thread 1 ] DEBUG PhysicsWorld         - Physics world initialized: appHeight=720, physics.ppm=50,0
14:51:45.471 [FXGL Background Thread 1 ] DEBUG PhysicsWorld         - Using strategy: BRUTE_FORCE
14:51:45.475 [FXGL Background Thread 1 ] DEBUG GameScene            - Game scene initialized: 1280x720
14:51:45.489 [FXGL Background Thread 1 ] DEBUG FXGL.DefaultMenu     - createMenuBodyGameMenu()
14:51:45.514 [FXGL Background Thread 1 ] DEBUG FXGL.DefaultMenu     - createOptionsMenu()
14:51:45.527 [FXGL Background Thread 1 ] DEBUG FXGLAssetLoaderServi - Loading from file system: jar:file:/C:/Users/agust/.m2/repository/com/github/almasb/fxgl/21/fxgl-21.jar!/fxglassets/textures/particles/smoke.png
14:51:45.658 [FXGL Background Thread 1 ] DEBUG FXGLAssetLoaderServi - Loading from file system: jar:file:/C:/Users/agust/.m2/repository/com/github/almasb/fxgl/21/fxgl-21.jar!/fxglassets/textures/particles/trace_horizontal.png
14:51:45.692 [FXGL Background Thread 1 ] DEBUG GameApplicationServi - Application scenes initialized
14:51:45.714 [FXGL Background Thread 1 ] DEBUG SystemBundleService  - Loading FXGL system data
14:51:45.719 [FXGL Background Thread 1 ] DEBUG FileSystemAccess     - Reading from: C:\Users\agust\IdeaProjects\SuikaGameJavaFXGL2\system\fxgl.bundle
14:51:45.730 [FXGL Background Thread 1 ] DEBUG SystemBundleService  - Bundle FXGL: {}
14:51:45.730 [FXGL Background Thread 1 ] DEBUG UpdaterService       - Checking for updates
14:51:45.772 [FXGL Background Thread 1 ] DEBUG FXGLApplication      - Loading default localization
14:51:45.773 [FXGL Background Thread 1 ] DEBUG FXGLAssetLoaderServi - Loading from file system: jar:file:/C:/Users/agust/.m2/repository/com/github/almasb/fxgl/21/fxgl-21.jar!/fxglassets/languages/english.lang
14:51:45.799 [FXGL Background Thread 1 ] INFO  FXGLApplication      - FXGL initialization took: 0,680 sec
14:51:45.800 [JavaFX Application Thread] DEBUG FXGLAssetLoaderServi - Loading from file system: file:/C:/Users/agust/IdeaProjects/SuikaGameJavaFXGL2/target/classes/assets/textures/watermelon_view.png
14:51:45.816 [FXGL Background Thread 4 ] DEBUG FXGLApplication      - Loading fonts
14:51:45.817 [FXGL Background Thread 4 ] DEBUG FXGLAssetLoaderServi - Loading from file system: jar:file:/C:/Users/agust/.m2/repository/com/github/almasb/fxgl/21/fxgl-21.jar!/fxglassets/ui/fonts/VarelaRound-Regular.ttf
14:51:45.822 [JavaFX Application Thread] DEBUG FXGLAssetLoaderServi - Loading from file system: jar:file:/C:/Users/agust/.m2/repository/com/github/almasb/fxgl/21/fxgl-21.jar!/fxglassets/textures/fxgl_default_cursor.png
14:51:45.843 [JavaFX Application Thread] DEBUG Input                - Registered new binding: Screenshot - CTRL+8
14:51:45.845 [JavaFX Application Thread] DEBUG Input                - Registered new binding: Dev Options - 1
14:51:45.846 [JavaFX Application Thread] DEBUG Input                - Registered new binding: Dev Console - 2
14:51:45.847 [JavaFX Application Thread] DEBUG Input                - Registered new binding: System info dump - CTRL+9
14:51:45.848 [JavaFX Application Thread] DEBUG Input                - Registered new binding: Restart - CTRL+R
14:51:45.849 [JavaFX Application Thread] DEBUG Input                - Registered new binding: Toggle Debug Camera - CTRL+7
14:51:45.856 [JavaFX Application Thread] DEBUG LoopRunner           - Starting loop
14:51:45.887 [FXGL Background Thread 4 ] DEBUG FXGLAssetLoaderServi - Loading from file system: jar:file:/C:/Users/agust/.m2/repository/com/github/almasb/fxgl/21/fxgl-21.jar!/fxglassets/ui/fonts/Abel-Regular.ttf
14:51:45.892 [JavaFX Application Thread] DEBUG LoopRunner           - Initializing JavaFX AnimationTimerLoop
14:51:45.902 [JavaFX Application Thread] DEBUG GameApplicationServi - Starting new game
14:51:45.903 [JavaFX Application Thread] DEBUG Input                - Clearing active input actions
14:51:45.928 [JavaFX Application Thread] DEBUG GameApplicationServi - Removing overlay from FXGLStartupScene and adding to FXGLLoadingScene
14:51:45.932 [JavaFX Application Thread] DEBUG PrimaryStageWindow   - FXGLStartupScene -> FXGLLoadingScene
14:51:45.932 [JavaFX Application Thread] DEBUG GameApplicationServi - Clearing previous game
14:51:45.932 [JavaFX Application Thread] DEBUG GameScene            - Clearing game scene
14:51:45.932 [JavaFX Application Thread] DEBUG GameWorld            - Clearing game world
14:51:45.932 [JavaFX Application Thread] DEBUG PhysicsWorld         - Clearing physics world
14:51:45.934 [FXGL Background Thread 1 ] DEBUG FXGLApplication      - Initializing game
14:51:45.996 [FXGL Background Thread 4 ] DEBUG FXGLAssetLoaderServi - Loading from file system: jar:file:/C:/Users/agust/.m2/repository/com/github/almasb/fxgl/21/fxgl-21.jar!/fxglassets/ui/fonts/TerminalLandMono-Regular.otf
14:51:46.017 [FXGL Background Thread 1 ] DEBUG FXGLAssetLoaderServi - Loading from file system: file:/C:/Users/agust/IdeaProjects/SuikaGameJavaFXGL2/target/classes/assets/textures/background_view.png
14:51:46.046 [FXGL Background Thread 1 ] DEBUG FXGLAssetLoaderServi - Loading from file system: file:/C:/Users/agust/IdeaProjects/SuikaGameJavaFXGL2/target/classes/assets/textures/container_view.png
14:51:46.158 [FXGL Background Thread 4 ] DEBUG FXGLAssetLoaderServi - Loading from file system: jar:file:/C:/Users/agust/.m2/repository/com/github/almasb/fxgl/21/fxgl-21.jar!/fxglassets/ui/fonts/Courier-Prime.ttf
14:51:46.512 [JavaFX Application Thread] DEBUG FXGLApplication      - Registering font factories with UI factory
14:51:46.513 [FXGL Background Thread 1 ] DEBUG FXGLAssetLoaderServi - Loading from file system: file:/C:/Users/agust/IdeaProjects/SuikaGameJavaFXGL2/target/classes/assets/textures/ring_view.png
14:51:46.526 [FXGL Background Thread 1 ] DEBUG FXGLAssetLoaderServi - Loading from file system: file:/C:/Users/agust/IdeaProjects/SuikaGameJavaFXGL2/target/classes/assets/textures/next_fruit_view.png
14:51:46.530 [FXGL Background Thread 1 ] DEBUG FXGLAssetLoaderServi - Loading from file system: file:/C:/Users/agust/IdeaProjects/SuikaGameJavaFXGL2/target/classes/assets/textures/score_view.png
14:51:46.537 [FXGL Background Thread 1 ] DEBUG FXGLAssetLoaderServi - Loading from file system: file:/C:/Users/agust/IdeaProjects/SuikaGameJavaFXGL2/target/classes/assets/textures/strawberry_view.png
14:51:46.538 [FXGL Background Thread 1 ] DEBUG FXGLAssetLoaderServi - Loading from file system: file:/C:/Users/agust/IdeaProjects/SuikaGameJavaFXGL2/target/classes/assets/textures/lemon_view.png
14:51:46.543 [FXGL Background Thread 1 ] DEBUG FXGLAssetLoaderServi - Loading from file system: file:/C:/Users/agust/IdeaProjects/SuikaGameJavaFXGL2/target/classes/assets/textures/grape_view.png
14:51:46.546 [FXGL Background Thread 1 ] INFO  FXGLApplication      - Game initialization took: 0,613 sec
14:51:46.548 [JavaFX Application Thread] DEBUG Input                - Clearing active input actions
14:51:46.563 [JavaFX Application Thread] DEBUG GameApplicationServi - Removing overlay from FXGLLoadingScene and adding to GameScene
14:51:46.568 [JavaFX Application Thread] DEBUG PrimaryStageWindow   - FXGLLoadingScene -> GameScene
14:51:48.771 [FXGL Background Thread 3 ] DEBUG Engine               - Logging environment variables
14:51:48.772 [FXGL Background Thread 3 ] DEBUG Engine               - achievements: []
14:51:48.773 [FXGL Background Thread 3 ] DEBUG Engine               - actualHeight: 720.0
14:51:48.773 [FXGL Background Thread 3 ] DEBUG Engine               - actualHeightProperty: ReadOnlyDoubleProperty [value: 720.0]
14:51:48.773 [FXGL Background Thread 3 ] DEBUG Engine               - actualWidth: 1280.0
14:51:48.773 [FXGL Background Thread 3 ] DEBUG Engine               - actualWidthProperty: ReadOnlyDoubleProperty [value: 1280.0]
14:51:48.773 [FXGL Background Thread 3 ] DEBUG Engine               - appIcon: watermelon_view.png
14:51:48.773 [FXGL Background Thread 3 ] DEBUG Engine               - applicationMode: DEVELOPER
14:51:48.773 [FXGL Background Thread 3 ] DEBUG Engine               - cSSList: [fxgl_dark.css]
14:51:48.773 [FXGL Background Thread 3 ] DEBUG Engine               - collisionDetectionStrategy: BRUTE_FORCE
14:51:48.773 [FXGL Background Thread 3 ] DEBUG Engine               - configClass: Optional.empty
14:51:48.774 [FXGL Background Thread 3 ] DEBUG Engine               - credits: []
14:51:48.774 [FXGL Background Thread 3 ] DEBUG Engine               - defaultCursor: CursorInfo(imageName=fxgl_default_cursor.png, hotspotX=7.0, hotspotY=6.0)
14:51:48.775 [FXGL Background Thread 3 ] DEBUG Engine               - devBBoxColorProperty: ObjectProperty [value: 0xff0000ff]
14:51:48.775 [FXGL Background Thread 3 ] DEBUG Engine               - devEnableDebugCameraProperty: BooleanProperty [value: false]
14:51:48.775 [FXGL Background Thread 3 ] DEBUG Engine               - devSensorColorProperty: ObjectProperty [value: 0xffff00ff]
14:51:48.775 [FXGL Background Thread 3 ] DEBUG Engine               - devShowBBoxProperty: BooleanProperty [value: false]
14:51:48.775 [FXGL Background Thread 3 ] DEBUG Engine               - devShowPositionProperty: BooleanProperty [value: false]
14:51:48.775 [FXGL Background Thread 3 ] DEBUG Engine               - enabledMenuItems: []
14:51:48.775 [FXGL Background Thread 3 ] DEBUG Engine               - engineServices: [class com.almasb.fxgl.app.services.FXGLAssetLoaderService, class com.almasb.fxgl.app.FXGLApplication$GameApplicationService, class com.almasb.fxgl.app.services.FXGLDialogService, class com.almasb.fxgl.app.services.IOTaskExecutorService, class com.almasb.fxgl.io.FileSystemService, class com.almasb.fxgl.localization.LocalizationService, class com.almasb.fxgl.app.services.SystemBundleService, class com.almasb.fxgl.profile.SaveLoadService, class com.almasb.fxgl.ui.FXGLUIFactoryServiceProvider, class com.almasb.fxgl.ui.FXGLDialogFactoryServiceProvider, class com.almasb.fxgl.audio.AudioPlayer, class com.almasb.fxgl.notification.impl.NotificationServiceProvider, class com.almasb.fxgl.achievement.AchievementService, class com.almasb.fxgl.cutscene.CutsceneService, class com.almasb.fxgl.minigames.MiniGameService, class com.almasb.fxgl.net.NetService, class com.almasb.fxgl.app.services.UpdaterService, class com.almasb.fxgl.dev.DevService]
14:51:48.775 [FXGL Background Thread 3 ] DEBUG Engine               - fontGame: Abel-Regular.ttf
14:51:48.775 [FXGL Background Thread 3 ] DEBUG Engine               - fontMono: TerminalLandMono-Regular.otf
14:51:48.776 [FXGL Background Thread 3 ] DEBUG Engine               - fontSizeScaleUI: 1.0
14:51:48.776 [FXGL Background Thread 3 ] DEBUG Engine               - fontText: Courier-Prime.ttf
14:51:48.776 [FXGL Background Thread 3 ] DEBUG Engine               - fontUI: VarelaRound-Regular.ttf
14:51:48.776 [FXGL Background Thread 3 ] DEBUG Engine               - fullScreen: BooleanProperty [value: false]
14:51:48.776 [FXGL Background Thread 3 ] DEBUG Engine               - gameDifficulty: MEDIUM
14:51:48.776 [FXGL Background Thread 3 ] DEBUG Engine               - gameDifficultyProperty: ObjectProperty [value: MEDIUM]
14:51:48.776 [FXGL Background Thread 3 ] DEBUG Engine               - globalMusicVolume: 0.5
14:51:48.777 [FXGL Background Thread 3 ] DEBUG Engine               - globalMusicVolumeProperty: DoubleProperty [value: 0.5]
14:51:48.777 [FXGL Background Thread 3 ] DEBUG Engine               - globalSoundVolume: 0.5
14:51:48.777 [FXGL Background Thread 3 ] DEBUG Engine               - globalSoundVolumeProperty: DoubleProperty [value: 0.5]
14:51:48.777 [FXGL Background Thread 3 ] DEBUG Engine               - height: 720
14:51:48.777 [FXGL Background Thread 3 ] DEBUG Engine               - is3D: false
14:51:48.777 [FXGL Background Thread 3 ] DEBUG Engine               - isAndroid: false
14:51:48.777 [FXGL Background Thread 3 ] DEBUG Engine               - isBrowser: false
14:51:48.778 [FXGL Background Thread 3 ] DEBUG Engine               - isClickFeedbackEnabled: false
14:51:48.778 [FXGL Background Thread 3 ] DEBUG Engine               - isCloseConfirmation: false
14:51:48.778 [FXGL Background Thread 3 ] DEBUG Engine               - isDesktop: true
14:51:48.778 [FXGL Background Thread 3 ] DEBUG Engine               - isDeveloperMenuEnabled: true
14:51:48.778 [FXGL Background Thread 3 ] DEBUG Engine               - isEmbedded: false
14:51:48.778 [FXGL Background Thread 3 ] DEBUG Engine               - isEntityPreloadEnabled: true
14:51:48.778 [FXGL Background Thread 3 ] DEBUG Engine               - isExperimentalTiledLargeMap: false
14:51:48.779 [FXGL Background Thread 3 ] DEBUG Engine               - isFileSystemWriteAllowed: true
14:51:48.779 [FXGL Background Thread 3 ] DEBUG Engine               - isFullScreenAllowed: false
14:51:48.781 [FXGL Background Thread 3 ] DEBUG Engine               - isFullScreenFromStart: false
14:51:48.782 [FXGL Background Thread 3 ] DEBUG Engine               - isGameMenuEnabled: true
14:51:48.782 [FXGL Background Thread 3 ] DEBUG Engine               - isIOS: false
14:51:48.782 [FXGL Background Thread 3 ] DEBUG Engine               - isIntroEnabled: false
14:51:48.782 [FXGL Background Thread 3 ] DEBUG Engine               - isLinux: false
14:51:48.782 [FXGL Background Thread 3 ] DEBUG Engine               - isMac: false
14:51:48.782 [FXGL Background Thread 3 ] DEBUG Engine               - isMainMenuEnabled: false
14:51:48.782 [FXGL Background Thread 3 ] DEBUG Engine               - isManualResizeEnabled: false
14:51:48.782 [FXGL Background Thread 3 ] DEBUG Engine               - isMobile: false
14:51:48.783 [FXGL Background Thread 3 ] DEBUG Engine               - isNative: false
14:51:48.783 [FXGL Background Thread 3 ] DEBUG Engine               - isPauseMusicWhenMinimized: true
14:51:48.783 [FXGL Background Thread 3 ] DEBUG Engine               - isPreserveResizeRatio: false
14:51:48.783 [FXGL Background Thread 3 ] DEBUG Engine               - isProfilingEnabled: false
14:51:48.783 [FXGL Background Thread 3 ] DEBUG Engine               - isScaleAffectedOnResize: true
14:51:48.783 [FXGL Background Thread 3 ] DEBUG Engine               - isSingleStep: false
14:51:48.783 [FXGL Background Thread 3 ] DEBUG Engine               - isUserProfileEnabled: false
14:51:48.783 [FXGL Background Thread 3 ] DEBUG Engine               - isWindows: true
14:51:48.784 [FXGL Background Thread 3 ] DEBUG Engine               - language: ObjectProperty [value: ENGLISH]
14:51:48.784 [FXGL Background Thread 3 ] DEBUG Engine               - menuKey: ESCAPE
14:51:48.784 [FXGL Background Thread 3 ] DEBUG Engine               - mouseSensitivity: 0.2
14:51:48.784 [FXGL Background Thread 3 ] DEBUG Engine               - notificationViewClass: class com.almasb.fxgl.notification.view.XboxNotificationView
14:51:48.784 [FXGL Background Thread 3 ] DEBUG Engine               - pixelsPerMeter: 50.0
14:51:48.784 [FXGL Background Thread 3 ] DEBUG Engine               - platform: WINDOWS
14:51:48.784 [FXGL Background Thread 3 ] DEBUG Engine               - prefHeightProperty: ReadOnlyDoubleProperty [value: 720.0]
14:51:48.784 [FXGL Background Thread 3 ] DEBUG Engine               - prefWidthProperty: ReadOnlyDoubleProperty [value: 1280.0]
14:51:48.784 [FXGL Background Thread 3 ] DEBUG Engine               - profileDir: profiles/
14:51:48.784 [FXGL Background Thread 3 ] DEBUG Engine               - profileName: StringProperty [value: DEFAULT]
14:51:48.784 [FXGL Background Thread 3 ] DEBUG Engine               - randomSeed: -1
14:51:48.784 [FXGL Background Thread 3 ] DEBUG Engine               - runtimeInfo: RuntimeInfo(platform=WINDOWS, version=21, build=28.12.2023 13.35)
14:51:48.785 [FXGL Background Thread 3 ] DEBUG Engine               - saveFileExt: sav
14:51:48.785 [FXGL Background Thread 3 ] DEBUG Engine               - scaledHeightProp$fxgl: DoubleProperty [bound, value: 720.0]
14:51:48.785 [FXGL Background Thread 3 ] DEBUG Engine               - scaledWidthProp$fxgl: DoubleProperty [bound, value: 1280.0]
14:51:48.785 [FXGL Background Thread 3 ] DEBUG Engine               - sceneFactory: com.almasb.fxgl.app.scene.SceneFactory@250891f5
14:51:48.785 [FXGL Background Thread 3 ] DEBUG Engine               - secondsIn24h: 60
14:51:48.785 [FXGL Background Thread 3 ] DEBUG Engine               - soundMenuBack: menu/back.wav
14:51:48.785 [FXGL Background Thread 3 ] DEBUG Engine               - soundMenuPress: menu/press.wav
14:51:48.785 [FXGL Background Thread 3 ] DEBUG Engine               - soundMenuSelect: menu/select.wav
14:51:48.785 [FXGL Background Thread 3 ] DEBUG Engine               - soundNotification: core/notification.wav
14:51:48.785 [FXGL Background Thread 3 ] DEBUG Engine               - stageStyle: DECORATED
14:51:48.785 [FXGL Background Thread 3 ] DEBUG Engine               - supportedLanguages: [ENGLISH, FRENCH, GERMAN, HUNGARIAN, RUSSIAN]
14:51:48.785 [FXGL Background Thread 3 ] DEBUG Engine               - ticksPerSecond: -1
14:51:48.785 [FXGL Background Thread 3 ] DEBUG Engine               - title: Suika FXGL
14:51:48.785 [FXGL Background Thread 3 ] DEBUG Engine               - urlGithub: https://github.com/AlmasB/FXGL
14:51:48.786 [FXGL Background Thread 3 ] DEBUG Engine               - urlLeaderboard: http://fxgl-top.herokuapp.com/
14:51:48.786 [FXGL Background Thread 3 ] DEBUG Engine               - urlPOM: https://raw.githubusercontent.com/AlmasB/FXGL/release/README.md
14:51:48.786 [FXGL Background Thread 3 ] DEBUG Engine               - userAppClass: class com.lucenstuff.fxglgames.suikagame.SuikaGame
14:51:48.786 [FXGL Background Thread 3 ] DEBUG Engine               - version: 0.1
14:51:48.786 [FXGL Background Thread 3 ] DEBUG Engine               - versionCheckDays: 7
14:51:48.786 [FXGL Background Thread 3 ] DEBUG Engine               - width: 1280
14:51:48.786 [FXGL Background Thread 3 ] DEBUG Engine               - Logging services
14:51:48.786 [FXGL Background Thread 3 ] DEBUG Engine               - class com.almasb.fxgl.app.services.FXGLAssetLoaderService
14:51:48.786 [FXGL Background Thread 3 ] DEBUG Engine               - class com.almasb.fxgl.app.FXGLApplication$GameApplicationService
14:51:48.786 [FXGL Background Thread 3 ] DEBUG Engine               - class com.almasb.fxgl.app.services.FXGLDialogService
14:51:48.786 [FXGL Background Thread 3 ] DEBUG Engine               - class com.almasb.fxgl.app.services.IOTaskExecutorService
14:51:48.786 [FXGL Background Thread 3 ] DEBUG Engine               - class com.almasb.fxgl.io.FileSystemService
14:51:48.786 [FXGL Background Thread 3 ] DEBUG Engine               - class com.almasb.fxgl.localization.LocalizationService
14:51:48.786 [FXGL Background Thread 3 ] DEBUG Engine               - class com.almasb.fxgl.app.services.SystemBundleService
14:51:48.786 [FXGL Background Thread 3 ] DEBUG Engine               - class com.almasb.fxgl.profile.SaveLoadService
14:51:48.786 [FXGL Background Thread 3 ] DEBUG Engine               - class com.almasb.fxgl.ui.FXGLUIFactoryServiceProvider
14:51:48.786 [FXGL Background Thread 3 ] DEBUG Engine               - class com.almasb.fxgl.ui.FXGLDialogFactoryServiceProvider
14:51:48.787 [FXGL Background Thread 3 ] DEBUG Engine               - class com.almasb.fxgl.audio.AudioPlayer
14:51:48.787 [FXGL Background Thread 3 ] DEBUG Engine               - class com.almasb.fxgl.notification.impl.NotificationServiceProvider
14:51:48.787 [FXGL Background Thread 3 ] DEBUG Engine               - class com.almasb.fxgl.achievement.AchievementService
14:51:48.787 [FXGL Background Thread 3 ] DEBUG Engine               - class com.almasb.fxgl.cutscene.CutsceneService
14:51:48.787 [FXGL Background Thread 3 ] DEBUG Engine               - class com.almasb.fxgl.minigames.MiniGameService
14:51:48.787 [FXGL Background Thread 3 ] DEBUG Engine               - class com.almasb.fxgl.net.NetService
14:51:48.787 [FXGL Background Thread 3 ] DEBUG Engine               - class com.almasb.fxgl.app.services.UpdaterService
14:51:48.787 [FXGL Background Thread 3 ] DEBUG Engine               - class com.almasb.fxgl.dev.DevService
14:51:49.609 [JavaFX Application Thread] DEBUG FXGLApplication      - Exiting FXGL
14:51:49.609 [JavaFX Application Thread] DEBUG LoopRunner           - Stopping loop
14:51:49.609 [JavaFX Application Thread] DEBUG SystemBundleService  - Saving FXGL system data
14:51:49.611 [JavaFX Application Thread] DEBUG FileSystemAccess     - Writing to: C:\Users\agust\IdeaProjects\SuikaGameJavaFXGL2\system\fxgl.bundle
14:51:49.613 [JavaFX Application Thread] DEBUG Async                - Shutting down background threads
14:51:49.614 [JavaFX Application Thread] DEBUG PrimaryStageWindow   - Closing main window
14:51:49.628 [JavaFX Application Thread] DEBUG Logger               - Closing Logger
