15:56:34.737 [main                     ] DEBUG Logger               - Configured Logger
15:56:34.773 [main                     ] DEBUG GameApplication      - Logging settings
Title: Basic Game App
Version: 0.1
Width: 1280
Height: 720
Fullscreen: false
Intro: false
Profiling: false
Single step:false
App Mode: DEVELOPER
Menu Key: ESCAPE
Stage Style: DECORATED
Scene Factory: class com.almasb.fxgl.app.scene.SceneFactory

15:56:35.471 [JavaFX Application Thread] DEBUG FXGLApplication      - Initializing FXGL
15:56:35.477 [JavaFX Application Thread] INFO  Engine               - FXGL-21 (28.12.2023 13.35) on WINDOWS (J:21.0.1 FX:21.0.1)
15:56:35.478 [JavaFX Application Thread] DEBUG Engine               - JRE Vendor Name: Oracle Corporation
15:56:35.478 [JavaFX Application Thread] DEBUG Engine               - Running on OS: Windows 11 version 10.0
15:56:35.478 [JavaFX Application Thread] DEBUG Engine               - Architecture: amd64
15:56:35.478 [JavaFX Application Thread] INFO  Engine               - Source code and latest versions at: https://github.com/AlmasB/FXGL
15:56:35.479 [JavaFX Application Thread] INFO  Engine               -       Ask questions and discuss at: https://github.com/AlmasB/FXGL/discussions
15:56:35.479 [JavaFX Application Thread] INFO  Engine               -              Join the FXGL chat at: https://gitter.im/AlmasB/FXGL
15:56:35.660 [JavaFX Application Thread] DEBUG PrimaryStageWindow   - Creating a JavaFX scene
15:56:35.737 [JavaFX Application Thread] DEBUG PrimaryStageWindow   - Target settings size: 1280.0 x 720.0
15:56:35.737 [JavaFX Application Thread] DEBUG PrimaryStageWindow   - Scaled scene size:    1280.0 x 720.0
15:56:35.737 [JavaFX Application Thread] DEBUG PrimaryStageWindow   - Scaled ratio: (1.0, 1.0)
15:56:35.738 [JavaFX Application Thread] DEBUG PrimaryStageWindow   - Set initial scene to FXGLStartupScene
15:56:35.744 [JavaFX Application Thread] DEBUG PrimaryStageWindow   - Opening main window
15:56:35.875 [JavaFX Application Thread] DEBUG PrimaryStageWindow   - Window border size: (16.0, 39.0)
15:56:35.875 [JavaFX Application Thread] DEBUG PrimaryStageWindow   - Scaled size: 1280.0 x 720.0
15:56:35.875 [JavaFX Application Thread] DEBUG PrimaryStageWindow   - Scaled ratio: (1.0, 1.0)
15:56:35.876 [JavaFX Application Thread] DEBUG PrimaryStageWindow   - Scene size: 1280.0 x 720.0
15:56:35.876 [JavaFX Application Thread] DEBUG PrimaryStageWindow   - Stage size: 1296.0 x 759.0
15:56:35.909 [FXGL Background Thread 1 ] DEBUG Engine               - Initializing environment variables
15:56:36.002 [FXGL Background Thread 1 ] DEBUG FXGLAssetLoaderServi - User app class for loading assets: class com.lucenstuff.fxglgames.suikagame.SuikaGame
15:56:36.002 [FXGL Background Thread 1 ] DEBUG GameApplicationServi - Applying CSS: fxgl_dark.css
15:56:36.003 [FXGL Background Thread 1 ] DEBUG FXGLAssetLoaderServi - Loading from file system: jar:file:/C:/Users/agust/.m2/repository/com/github/almasb/fxgl/21/fxgl-21.jar!/fxglassets/ui/css/fxgl_dark.css
15:56:36.073 [FXGL Background Thread 1 ] DEBUG GameApplicationServi - Initializing application scenes
15:56:36.196 [FXGL Background Thread 1 ] DEBUG GameWorld            - Game world initialized
15:56:36.283 [FXGL Background Thread 1 ] DEBUG PhysicsWorld         - Physics world initialized: appHeight=720, physics.ppm=50,0
15:56:36.284 [FXGL Background Thread 1 ] DEBUG PhysicsWorld         - Using strategy: BRUTE_FORCE
15:56:36.288 [FXGL Background Thread 1 ] DEBUG GameScene            - Game scene initialized: 1280x720
15:56:36.306 [FXGL Background Thread 1 ] DEBUG FXGL.DefaultMenu     - createMenuBodyGameMenu()
15:56:36.331 [FXGL Background Thread 1 ] DEBUG FXGL.DefaultMenu     - createOptionsMenu()
15:56:36.346 [FXGL Background Thread 1 ] DEBUG FXGLAssetLoaderServi - Loading from file system: jar:file:/C:/Users/agust/.m2/repository/com/github/almasb/fxgl/21/fxgl-21.jar!/fxglassets/textures/particles/smoke.png
15:56:36.511 [FXGL Background Thread 1 ] DEBUG FXGLAssetLoaderServi - Loading from file system: jar:file:/C:/Users/agust/.m2/repository/com/github/almasb/fxgl/21/fxgl-21.jar!/fxglassets/textures/particles/trace_horizontal.png
15:56:36.551 [FXGL Background Thread 1 ] DEBUG GameApplicationServi - Application scenes initialized
15:56:36.574 [FXGL Background Thread 1 ] DEBUG SystemBundleService  - Loading FXGL system data
15:56:36.579 [FXGL Background Thread 1 ] DEBUG FileSystemAccess     - Reading from: C:\Users\agust\OneDrive\Escritorio\FXGLGames-master\Gravity\system\fxgl.bundle
15:56:36.593 [FXGL Background Thread 1 ] DEBUG SystemBundleService  - Bundle FXGL: {}
15:56:36.593 [FXGL Background Thread 1 ] DEBUG UpdaterService       - Checking for updates
15:56:36.653 [FXGL Background Thread 1 ] DEBUG FXGLApplication      - Loading default localization
15:56:36.654 [FXGL Background Thread 1 ] DEBUG FXGLAssetLoaderServi - Loading from file system: jar:file:/C:/Users/agust/.m2/repository/com/github/almasb/fxgl/21/fxgl-21.jar!/fxglassets/languages/english.lang
15:56:36.693 [FXGL Background Thread 1 ] INFO  FXGLApplication      - FXGL initialization took: 0,784 sec
15:56:36.697 [JavaFX Application Thread] DEBUG FXGLAssetLoaderServi - Loading from file system: jar:file:/C:/Users/agust/.m2/repository/com/github/almasb/fxgl/21/fxgl-21.jar!/fxglassets/textures/fxgl_icon.png
15:56:36.700 [FXGL Background Thread 4 ] DEBUG FXGLApplication      - Loading fonts
15:56:36.702 [FXGL Background Thread 4 ] DEBUG FXGLAssetLoaderServi - Loading from file system: jar:file:/C:/Users/agust/.m2/repository/com/github/almasb/fxgl/21/fxgl-21.jar!/fxglassets/ui/fonts/VarelaRound-Regular.ttf
15:56:36.740 [JavaFX Application Thread] DEBUG FXGLAssetLoaderServi - Loading from file system: jar:file:/C:/Users/agust/.m2/repository/com/github/almasb/fxgl/21/fxgl-21.jar!/fxglassets/textures/fxgl_default_cursor.png
15:56:36.767 [JavaFX Application Thread] DEBUG Input                - Registered new binding: Screenshot - CTRL+8
15:56:36.768 [JavaFX Application Thread] DEBUG Input                - Registered new binding: Dev Options - 1
15:56:36.769 [JavaFX Application Thread] DEBUG Input                - Registered new binding: Dev Console - 2
15:56:36.769 [JavaFX Application Thread] DEBUG Input                - Registered new binding: System info dump - CTRL+9
15:56:36.771 [JavaFX Application Thread] DEBUG Input                - Registered new binding: Restart - CTRL+R
15:56:36.773 [JavaFX Application Thread] DEBUG Input                - Registered new binding: Toggle Debug Camera - CTRL+7
15:56:36.781 [JavaFX Application Thread] DEBUG LoopRunner           - Starting loop
15:56:36.862 [FXGL Background Thread 4 ] DEBUG FXGLAssetLoaderServi - Loading from file system: jar:file:/C:/Users/agust/.m2/repository/com/github/almasb/fxgl/21/fxgl-21.jar!/fxglassets/ui/fonts/Abel-Regular.ttf
15:56:36.874 [JavaFX Application Thread] DEBUG LoopRunner           - Initializing JavaFX AnimationTimerLoop
15:56:36.878 [JavaFX Application Thread] DEBUG GameApplicationServi - Starting new game
15:56:36.878 [JavaFX Application Thread] DEBUG Input                - Clearing active input actions
15:56:36.904 [JavaFX Application Thread] DEBUG GameApplicationServi - Removing overlay from FXGLStartupScene and adding to FXGLLoadingScene
15:56:36.909 [JavaFX Application Thread] DEBUG PrimaryStageWindow   - FXGLStartupScene -> FXGLLoadingScene
15:56:36.909 [JavaFX Application Thread] DEBUG GameApplicationServi - Clearing previous game
15:56:36.910 [JavaFX Application Thread] DEBUG GameScene            - Clearing game scene
15:56:36.910 [JavaFX Application Thread] DEBUG GameWorld            - Clearing game world
15:56:36.910 [JavaFX Application Thread] DEBUG PhysicsWorld         - Clearing physics world
15:56:36.911 [FXGL Background Thread 1 ] DEBUG FXGLApplication      - Initializing game
15:56:36.915 [FXGL Background Thread 4 ] DEBUG FXGLAssetLoaderServi - Loading from file system: jar:file:/C:/Users/agust/.m2/repository/com/github/almasb/fxgl/21/fxgl-21.jar!/fxglassets/ui/fonts/TerminalLandMono-Regular.otf
15:56:36.965 [FXGL Background Thread 1 ] DEBUG FXGLAssetLoaderServi - Loading from file system: file:/C:/Users/agust/OneDrive/Escritorio/FXGLGames-master/Gravity/target/classes/assets/textures/orange.png
15:56:36.969 [FXGL Background Thread 1 ] INFO  FXGLApplication      - Game initialization took: 0,057 sec
15:56:36.978 [FXGL Background Thread 4 ] DEBUG FXGLAssetLoaderServi - Loading from file system: jar:file:/C:/Users/agust/.m2/repository/com/github/almasb/fxgl/21/fxgl-21.jar!/fxglassets/ui/fonts/Courier-Prime.ttf
15:56:37.316 [JavaFX Application Thread] DEBUG Input                - Clearing active input actions
15:56:37.331 [JavaFX Application Thread] DEBUG GameApplicationServi - Removing overlay from FXGLLoadingScene and adding to GameScene
15:56:37.340 [JavaFX Application Thread] DEBUG PrimaryStageWindow   - FXGLLoadingScene -> GameScene
15:56:37.342 [JavaFX Application Thread] DEBUG FXGLApplication      - Registering font factories with UI factory
15:56:39.647 [FXGL Background Thread 3 ] DEBUG Engine               - Logging environment variables
15:56:39.647 [FXGL Background Thread 3 ] DEBUG Engine               - achievements: []
15:56:39.648 [FXGL Background Thread 3 ] DEBUG Engine               - actualHeight: 720.0
15:56:39.648 [FXGL Background Thread 3 ] DEBUG Engine               - actualHeightProperty: ReadOnlyDoubleProperty [value: 720.0]
15:56:39.648 [FXGL Background Thread 3 ] DEBUG Engine               - actualWidth: 1280.0
15:56:39.648 [FXGL Background Thread 3 ] DEBUG Engine               - actualWidthProperty: ReadOnlyDoubleProperty [value: 1280.0]
15:56:39.648 [FXGL Background Thread 3 ] DEBUG Engine               - appIcon: fxgl_icon.png
15:56:39.648 [FXGL Background Thread 3 ] DEBUG Engine               - applicationMode: DEVELOPER
15:56:39.648 [FXGL Background Thread 3 ] DEBUG Engine               - cSSList: [fxgl_dark.css]
15:56:39.648 [FXGL Background Thread 3 ] DEBUG Engine               - collisionDetectionStrategy: BRUTE_FORCE
15:56:39.648 [FXGL Background Thread 3 ] DEBUG Engine               - configClass: Optional.empty
15:56:39.648 [FXGL Background Thread 3 ] DEBUG Engine               - credits: []
15:56:39.650 [FXGL Background Thread 3 ] DEBUG Engine               - defaultCursor: CursorInfo(imageName=fxgl_default_cursor.png, hotspotX=7.0, hotspotY=6.0)
15:56:39.650 [FXGL Background Thread 3 ] DEBUG Engine               - devBBoxColorProperty: ObjectProperty [value: 0xff0000ff]
15:56:39.650 [FXGL Background Thread 3 ] DEBUG Engine               - devEnableDebugCameraProperty: BooleanProperty [value: false]
15:56:39.650 [FXGL Background Thread 3 ] DEBUG Engine               - devSensorColorProperty: ObjectProperty [value: 0xffff00ff]
15:56:39.650 [FXGL Background Thread 3 ] DEBUG Engine               - devShowBBoxProperty: BooleanProperty [value: false]
15:56:39.651 [FXGL Background Thread 3 ] DEBUG Engine               - devShowPositionProperty: BooleanProperty [value: false]
15:56:39.651 [FXGL Background Thread 3 ] DEBUG Engine               - enabledMenuItems: []
15:56:39.651 [FXGL Background Thread 3 ] DEBUG Engine               - engineServices: [class com.almasb.fxgl.app.services.FXGLAssetLoaderService, class com.almasb.fxgl.app.FXGLApplication$GameApplicationService, class com.almasb.fxgl.app.services.FXGLDialogService, class com.almasb.fxgl.app.services.IOTaskExecutorService, class com.almasb.fxgl.io.FileSystemService, class com.almasb.fxgl.localization.LocalizationService, class com.almasb.fxgl.app.services.SystemBundleService, class com.almasb.fxgl.profile.SaveLoadService, class com.almasb.fxgl.ui.FXGLUIFactoryServiceProvider, class com.almasb.fxgl.ui.FXGLDialogFactoryServiceProvider, class com.almasb.fxgl.audio.AudioPlayer, class com.almasb.fxgl.notification.impl.NotificationServiceProvider, class com.almasb.fxgl.achievement.AchievementService, class com.almasb.fxgl.cutscene.CutsceneService, class com.almasb.fxgl.minigames.MiniGameService, class com.almasb.fxgl.net.NetService, class com.almasb.fxgl.app.services.UpdaterService, class com.almasb.fxgl.dev.DevService]
15:56:39.651 [FXGL Background Thread 3 ] DEBUG Engine               - fontGame: Abel-Regular.ttf
15:56:39.651 [FXGL Background Thread 3 ] DEBUG Engine               - fontMono: TerminalLandMono-Regular.otf
15:56:39.652 [FXGL Background Thread 3 ] DEBUG Engine               - fontSizeScaleUI: 1.0
15:56:39.652 [FXGL Background Thread 3 ] DEBUG Engine               - fontText: Courier-Prime.ttf
15:56:39.652 [FXGL Background Thread 3 ] DEBUG Engine               - fontUI: VarelaRound-Regular.ttf
15:56:39.652 [FXGL Background Thread 3 ] DEBUG Engine               - fullScreen: BooleanProperty [value: false]
15:56:39.652 [FXGL Background Thread 3 ] DEBUG Engine               - gameDifficulty: MEDIUM
15:56:39.652 [FXGL Background Thread 3 ] DEBUG Engine               - gameDifficultyProperty: ObjectProperty [value: MEDIUM]
15:56:39.652 [FXGL Background Thread 3 ] DEBUG Engine               - globalMusicVolume: 0.5
15:56:39.652 [FXGL Background Thread 3 ] DEBUG Engine               - globalMusicVolumeProperty: DoubleProperty [value: 0.5]
15:56:39.652 [FXGL Background Thread 3 ] DEBUG Engine               - globalSoundVolume: 0.5
15:56:39.653 [FXGL Background Thread 3 ] DEBUG Engine               - globalSoundVolumeProperty: DoubleProperty [value: 0.5]
15:56:39.653 [FXGL Background Thread 3 ] DEBUG Engine               - height: 720
15:56:39.653 [FXGL Background Thread 3 ] DEBUG Engine               - is3D: false
15:56:39.653 [FXGL Background Thread 3 ] DEBUG Engine               - isAndroid: false
15:56:39.653 [FXGL Background Thread 3 ] DEBUG Engine               - isBrowser: false
15:56:39.653 [FXGL Background Thread 3 ] DEBUG Engine               - isClickFeedbackEnabled: false
15:56:39.653 [FXGL Background Thread 3 ] DEBUG Engine               - isCloseConfirmation: false
15:56:39.653 [FXGL Background Thread 3 ] DEBUG Engine               - isDesktop: true
15:56:39.653 [FXGL Background Thread 3 ] DEBUG Engine               - isDeveloperMenuEnabled: true
15:56:39.653 [FXGL Background Thread 3 ] DEBUG Engine               - isEmbedded: false
15:56:39.653 [FXGL Background Thread 3 ] DEBUG Engine               - isEntityPreloadEnabled: true
15:56:39.653 [FXGL Background Thread 3 ] DEBUG Engine               - isExperimentalTiledLargeMap: false
15:56:39.654 [FXGL Background Thread 3 ] DEBUG Engine               - isFileSystemWriteAllowed: true
15:56:39.654 [FXGL Background Thread 3 ] DEBUG Engine               - isFullScreenAllowed: false
15:56:39.655 [FXGL Background Thread 3 ] DEBUG Engine               - isFullScreenFromStart: false
15:56:39.655 [FXGL Background Thread 3 ] DEBUG Engine               - isGameMenuEnabled: true
15:56:39.655 [FXGL Background Thread 3 ] DEBUG Engine               - isIOS: false
15:56:39.655 [FXGL Background Thread 3 ] DEBUG Engine               - isIntroEnabled: false
15:56:39.655 [FXGL Background Thread 3 ] DEBUG Engine               - isLinux: false
15:56:39.655 [FXGL Background Thread 3 ] DEBUG Engine               - isMac: false
15:56:39.655 [FXGL Background Thread 3 ] DEBUG Engine               - isMainMenuEnabled: false
15:56:39.655 [FXGL Background Thread 3 ] DEBUG Engine               - isManualResizeEnabled: false
15:56:39.655 [FXGL Background Thread 3 ] DEBUG Engine               - isMobile: false
15:56:39.655 [FXGL Background Thread 3 ] DEBUG Engine               - isNative: false
15:56:39.655 [FXGL Background Thread 3 ] DEBUG Engine               - isPauseMusicWhenMinimized: true
15:56:39.655 [FXGL Background Thread 3 ] DEBUG Engine               - isPreserveResizeRatio: false
15:56:39.656 [FXGL Background Thread 3 ] DEBUG Engine               - isProfilingEnabled: false
15:56:39.656 [FXGL Background Thread 3 ] DEBUG Engine               - isScaleAffectedOnResize: true
15:56:39.656 [FXGL Background Thread 3 ] DEBUG Engine               - isSingleStep: false
15:56:39.656 [FXGL Background Thread 3 ] DEBUG Engine               - isUserProfileEnabled: false
15:56:39.656 [FXGL Background Thread 3 ] DEBUG Engine               - isWindows: true
15:56:39.656 [FXGL Background Thread 3 ] DEBUG Engine               - language: ObjectProperty [value: ENGLISH]
15:56:39.656 [FXGL Background Thread 3 ] DEBUG Engine               - menuKey: ESCAPE
15:56:39.656 [FXGL Background Thread 3 ] DEBUG Engine               - mouseSensitivity: 0.2
15:56:39.656 [FXGL Background Thread 3 ] DEBUG Engine               - notificationViewClass: class com.almasb.fxgl.notification.view.XboxNotificationView
15:56:39.656 [FXGL Background Thread 3 ] DEBUG Engine               - pixelsPerMeter: 50.0
15:56:39.657 [FXGL Background Thread 3 ] DEBUG Engine               - platform: WINDOWS
15:56:39.657 [FXGL Background Thread 3 ] DEBUG Engine               - prefHeightProperty: ReadOnlyDoubleProperty [value: 720.0]
15:56:39.657 [FXGL Background Thread 3 ] DEBUG Engine               - prefWidthProperty: ReadOnlyDoubleProperty [value: 1280.0]
15:56:39.657 [FXGL Background Thread 3 ] DEBUG Engine               - profileDir: profiles/
15:56:39.657 [FXGL Background Thread 3 ] DEBUG Engine               - profileName: StringProperty [value: DEFAULT]
15:56:39.657 [FXGL Background Thread 3 ] DEBUG Engine               - randomSeed: -1
15:56:39.657 [FXGL Background Thread 3 ] DEBUG Engine               - runtimeInfo: RuntimeInfo(platform=WINDOWS, version=21, build=28.12.2023 13.35)
15:56:39.658 [FXGL Background Thread 3 ] DEBUG Engine               - saveFileExt: sav
15:56:39.658 [FXGL Background Thread 3 ] DEBUG Engine               - scaledHeightProp$fxgl: DoubleProperty [bound, value: 720.0]
15:56:39.658 [FXGL Background Thread 3 ] DEBUG Engine               - scaledWidthProp$fxgl: DoubleProperty [bound, value: 1280.0]
15:56:39.658 [FXGL Background Thread 3 ] DEBUG Engine               - sceneFactory: com.almasb.fxgl.app.scene.SceneFactory@58f3810c
15:56:39.658 [FXGL Background Thread 3 ] DEBUG Engine               - secondsIn24h: 60
15:56:39.658 [FXGL Background Thread 3 ] DEBUG Engine               - soundMenuBack: menu/back.wav
15:56:39.658 [FXGL Background Thread 3 ] DEBUG Engine               - soundMenuPress: menu/press.wav
15:56:39.658 [FXGL Background Thread 3 ] DEBUG Engine               - soundMenuSelect: menu/select.wav
15:56:39.658 [FXGL Background Thread 3 ] DEBUG Engine               - soundNotification: core/notification.wav
15:56:39.658 [FXGL Background Thread 3 ] DEBUG Engine               - stageStyle: DECORATED
15:56:39.659 [FXGL Background Thread 3 ] DEBUG Engine               - supportedLanguages: [ENGLISH, FRENCH, GERMAN, HUNGARIAN, RUSSIAN]
15:56:39.659 [FXGL Background Thread 3 ] DEBUG Engine               - ticksPerSecond: -1
15:56:39.659 [FXGL Background Thread 3 ] DEBUG Engine               - title: Basic Game App
15:56:39.659 [FXGL Background Thread 3 ] DEBUG Engine               - urlGithub: https://github.com/AlmasB/FXGL
15:56:39.659 [FXGL Background Thread 3 ] DEBUG Engine               - urlLeaderboard: http://fxgl-top.herokuapp.com/
15:56:39.659 [FXGL Background Thread 3 ] DEBUG Engine               - urlPOM: https://raw.githubusercontent.com/AlmasB/FXGL/release/README.md
15:56:39.659 [FXGL Background Thread 3 ] DEBUG Engine               - userAppClass: class com.lucenstuff.fxglgames.suikagame.SuikaGame
15:56:39.659 [FXGL Background Thread 3 ] DEBUG Engine               - version: 0.1
15:56:39.659 [FXGL Background Thread 3 ] DEBUG Engine               - versionCheckDays: 7
15:56:39.659 [FXGL Background Thread 3 ] DEBUG Engine               - width: 1280
15:56:39.659 [FXGL Background Thread 3 ] DEBUG Engine               - Logging services
15:56:39.660 [FXGL Background Thread 3 ] DEBUG Engine               - class com.almasb.fxgl.app.services.FXGLAssetLoaderService
15:56:39.660 [FXGL Background Thread 3 ] DEBUG Engine               - class com.almasb.fxgl.app.FXGLApplication$GameApplicationService
15:56:39.660 [FXGL Background Thread 3 ] DEBUG Engine               - class com.almasb.fxgl.app.services.FXGLDialogService
15:56:39.660 [FXGL Background Thread 3 ] DEBUG Engine               - class com.almasb.fxgl.app.services.IOTaskExecutorService
15:56:39.660 [FXGL Background Thread 3 ] DEBUG Engine               - class com.almasb.fxgl.io.FileSystemService
15:56:39.660 [FXGL Background Thread 3 ] DEBUG Engine               - class com.almasb.fxgl.localization.LocalizationService
15:56:39.660 [FXGL Background Thread 3 ] DEBUG Engine               - class com.almasb.fxgl.app.services.SystemBundleService
15:56:39.660 [FXGL Background Thread 3 ] DEBUG Engine               - class com.almasb.fxgl.profile.SaveLoadService
15:56:39.660 [FXGL Background Thread 3 ] DEBUG Engine               - class com.almasb.fxgl.ui.FXGLUIFactoryServiceProvider
15:56:39.660 [FXGL Background Thread 3 ] DEBUG Engine               - class com.almasb.fxgl.ui.FXGLDialogFactoryServiceProvider
15:56:39.660 [FXGL Background Thread 3 ] DEBUG Engine               - class com.almasb.fxgl.audio.AudioPlayer
15:56:39.660 [FXGL Background Thread 3 ] DEBUG Engine               - class com.almasb.fxgl.notification.impl.NotificationServiceProvider
15:56:39.660 [FXGL Background Thread 3 ] DEBUG Engine               - class com.almasb.fxgl.achievement.AchievementService
15:56:39.672 [FXGL Background Thread 3 ] DEBUG Engine               - class com.almasb.fxgl.cutscene.CutsceneService
15:56:39.675 [FXGL Background Thread 3 ] DEBUG Engine               - class com.almasb.fxgl.minigames.MiniGameService
15:56:39.675 [FXGL Background Thread 3 ] DEBUG Engine               - class com.almasb.fxgl.net.NetService
15:56:39.676 [FXGL Background Thread 3 ] DEBUG Engine               - class com.almasb.fxgl.app.services.UpdaterService
15:56:39.676 [FXGL Background Thread 3 ] DEBUG Engine               - class com.almasb.fxgl.dev.DevService
15:56:39.682 [JavaFX Application Thread] DEBUG GameApplicationServi - Starting new game
15:56:39.683 [JavaFX Application Thread] DEBUG Input                - Clearing active input actions
15:56:39.691 [JavaFX Application Thread] DEBUG GameApplicationServi - Removing overlay from GameScene and adding to FXGLLoadingScene
15:56:39.700 [JavaFX Application Thread] DEBUG PrimaryStageWindow   - GameScene -> FXGLLoadingScene
15:56:39.700 [JavaFX Application Thread] DEBUG GameApplicationServi - Clearing previous game
15:56:39.700 [JavaFX Application Thread] DEBUG GameScene            - Clearing game scene
15:56:39.700 [JavaFX Application Thread] DEBUG GameWorld            - Clearing game world
15:56:39.705 [JavaFX Application Thread] DEBUG PhysicsWorld         - Clearing physics world
15:56:39.705 [FXGL Background Thread 2 ] DEBUG FXGLApplication      - Initializing game
15:56:39.710 [FXGL Background Thread 2 ] INFO  FXGLApplication      - Game initialization took: 0,005 sec
15:56:39.771 [JavaFX Application Thread] DEBUG Input                - Clearing active input actions
15:56:39.779 [JavaFX Application Thread] DEBUG GameApplicationServi - Removing overlay from FXGLLoadingScene and adding to GameScene
15:56:39.787 [JavaFX Application Thread] DEBUG PrimaryStageWindow   - FXGLLoadingScene -> GameScene
15:56:42.293 [JavaFX Application Thread] DEBUG FXGLApplication      - Exiting FXGL
15:56:42.293 [JavaFX Application Thread] DEBUG LoopRunner           - Stopping loop
15:56:42.293 [JavaFX Application Thread] DEBUG SystemBundleService  - Saving FXGL system data
15:56:42.296 [JavaFX Application Thread] DEBUG FileSystemAccess     - Writing to: C:\Users\agust\OneDrive\Escritorio\FXGLGames-master\Gravity\system\fxgl.bundle
15:56:42.298 [JavaFX Application Thread] DEBUG Async                - Shutting down background threads
15:56:42.299 [JavaFX Application Thread] DEBUG PrimaryStageWindow   - Closing main window
15:56:42.312 [JavaFX Application Thread] DEBUG Logger               - Closing Logger
