11:52:48.335 [main                     ] DEBUG Logger               - Configured Logger
11:52:48.363 [main                     ] DEBUG GameApplication      - Logging settings
Title: Suika FXGL
Version: 0.1
Width: 1280
Height: 720
Fullscreen: false
Intro: false
Profiling: false
Single step:false
App Mode: DEVELOPER
Menu Key: ESCAPE
Stage Style: DECORATED
Scene Factory: class com.almasb.fxgl.app.scene.SceneFactory

11:52:48.879 [JavaFX Application Thread] DEBUG FXGLApplication      - Initializing FXGL
11:52:48.883 [JavaFX Application Thread] INFO  Engine               - FXGL-21 (28.12.2023 13.35) on WINDOWS (J:21.0.2 FX:21.0.1)
11:52:48.883 [JavaFX Application Thread] DEBUG Engine               - JRE Vendor Name: Oracle Corporation
11:52:48.884 [JavaFX Application Thread] DEBUG Engine               - Running on OS: Windows 10 version 10.0
11:52:48.884 [JavaFX Application Thread] DEBUG Engine               - Architecture: amd64
11:52:48.884 [JavaFX Application Thread] INFO  Engine               - Source code and latest versions at: https://github.com/AlmasB/FXGL
11:52:48.884 [JavaFX Application Thread] INFO  Engine               -       Ask questions and discuss at: https://github.com/AlmasB/FXGL/discussions
11:52:48.885 [JavaFX Application Thread] INFO  Engine               -              Join the FXGL chat at: https://gitter.im/AlmasB/FXGL
11:52:49.052 [JavaFX Application Thread] DEBUG PrimaryStageWindow   - Creating a JavaFX scene
11:52:49.125 [JavaFX Application Thread] DEBUG PrimaryStageWindow   - Target settings size: 1280.0 x 720.0
11:52:49.125 [JavaFX Application Thread] DEBUG PrimaryStageWindow   - Scaled scene size:    1280.0 x 720.0
11:52:49.125 [JavaFX Application Thread] DEBUG PrimaryStageWindow   - Scaled ratio: (1.0, 1.0)
11:52:49.127 [JavaFX Application Thread] DEBUG PrimaryStageWindow   - Set initial scene to FXGLStartupScene
11:52:49.131 [JavaFX Application Thread] DEBUG PrimaryStageWindow   - Opening main window
11:52:49.238 [JavaFX Application Thread] DEBUG PrimaryStageWindow   - Window border size: (16.0, 39.0)
11:52:49.238 [JavaFX Application Thread] DEBUG PrimaryStageWindow   - Scaled size: 1280.0 x 720.0
11:52:49.238 [JavaFX Application Thread] DEBUG PrimaryStageWindow   - Scaled ratio: (1.0, 1.0)
11:52:49.239 [JavaFX Application Thread] DEBUG PrimaryStageWindow   - Scene size: 1280.0 x 720.0
11:52:49.239 [JavaFX Application Thread] DEBUG PrimaryStageWindow   - Stage size: 1296.0 x 759.0
11:52:49.248 [FXGL Background Thread 1 ] DEBUG Engine               - Initializing environment variables
11:52:49.320 [FXGL Background Thread 1 ] DEBUG FXGLAssetLoaderServi - User app class for loading assets: class com.lucenstuff.fxglgames.suikagame.SuikaGame
11:52:49.321 [FXGL Background Thread 1 ] DEBUG GameApplicationServi - Applying CSS: fxgl_dark.css
11:52:49.323 [FXGL Background Thread 1 ] DEBUG FXGLAssetLoaderServi - Loading from file system: jar:file:/C:/Users/agust/.m2/repository/com/github/almasb/fxgl/21/fxgl-21.jar!/fxglassets/ui/css/fxgl_dark.css
11:52:49.382 [FXGL Background Thread 1 ] DEBUG GameApplicationServi - Initializing application scenes
11:52:49.481 [FXGL Background Thread 1 ] DEBUG GameWorld            - Game world initialized
11:52:49.557 [FXGL Background Thread 1 ] DEBUG PhysicsWorld         - Physics world initialized: appHeight=720, physics.ppm=50,0
11:52:49.557 [FXGL Background Thread 1 ] DEBUG PhysicsWorld         - Using strategy: BRUTE_FORCE
11:52:49.562 [FXGL Background Thread 1 ] DEBUG GameScene            - Game scene initialized: 1280x720
11:52:49.578 [FXGL Background Thread 1 ] DEBUG FXGL.DefaultMenu     - createMenuBodyGameMenu()
11:52:49.599 [FXGL Background Thread 1 ] DEBUG FXGL.DefaultMenu     - createOptionsMenu()
11:52:49.611 [FXGL Background Thread 1 ] DEBUG FXGLAssetLoaderServi - Loading from file system: jar:file:/C:/Users/agust/.m2/repository/com/github/almasb/fxgl/21/fxgl-21.jar!/fxglassets/textures/particles/smoke.png
11:52:49.742 [FXGL Background Thread 1 ] DEBUG FXGLAssetLoaderServi - Loading from file system: jar:file:/C:/Users/agust/.m2/repository/com/github/almasb/fxgl/21/fxgl-21.jar!/fxglassets/textures/particles/trace_horizontal.png
11:52:49.780 [FXGL Background Thread 1 ] DEBUG GameApplicationServi - Application scenes initialized
11:52:49.797 [FXGL Background Thread 1 ] DEBUG SystemBundleService  - Loading FXGL system data
11:52:49.803 [FXGL Background Thread 1 ] DEBUG FileSystemAccess     - Reading from: C:\Users\agust\IdeaProjects\SuikaGameJavaFXGL2\system\fxgl.bundle
11:52:49.814 [FXGL Background Thread 1 ] DEBUG SystemBundleService  - Bundle FXGL: {}
11:52:49.814 [FXGL Background Thread 1 ] DEBUG UpdaterService       - Checking for updates
11:52:49.866 [FXGL Background Thread 1 ] DEBUG FXGLApplication      - Loading default localization
11:52:49.866 [FXGL Background Thread 1 ] DEBUG FXGLAssetLoaderServi - Loading from file system: jar:file:/C:/Users/agust/.m2/repository/com/github/almasb/fxgl/21/fxgl-21.jar!/fxglassets/languages/english.lang
11:52:49.891 [FXGL Background Thread 1 ] INFO  FXGLApplication      - FXGL initialization took: 0,643 sec
11:52:49.892 [JavaFX Application Thread] DEBUG FXGLAssetLoaderServi - Loading from file system: file:/C:/Users/agust/IdeaProjects/SuikaGameJavaFXGL2/target/classes/assets/textures/watermelon_view.png
11:52:49.901 [FXGL Background Thread 4 ] DEBUG FXGLApplication      - Loading fonts
11:52:49.906 [FXGL Background Thread 4 ] DEBUG FXGLAssetLoaderServi - Loading from file system: jar:file:/C:/Users/agust/.m2/repository/com/github/almasb/fxgl/21/fxgl-21.jar!/fxglassets/ui/fonts/VarelaRound-Regular.ttf
11:52:49.914 [JavaFX Application Thread] DEBUG FXGLAssetLoaderServi - Loading from file system: jar:file:/C:/Users/agust/.m2/repository/com/github/almasb/fxgl/21/fxgl-21.jar!/fxglassets/textures/fxgl_default_cursor.png
11:52:49.933 [JavaFX Application Thread] DEBUG Input                - Registered new binding: Screenshot - CTRL+8
11:52:49.935 [JavaFX Application Thread] DEBUG Input                - Registered new binding: Dev Options - 1
11:52:49.936 [JavaFX Application Thread] DEBUG Input                - Registered new binding: Dev Console - 2
11:52:49.937 [JavaFX Application Thread] DEBUG Input                - Registered new binding: System info dump - CTRL+9
11:52:49.939 [JavaFX Application Thread] DEBUG Input                - Registered new binding: Restart - CTRL+R
11:52:49.940 [JavaFX Application Thread] DEBUG Input                - Registered new binding: Toggle Debug Camera - CTRL+7
11:52:49.947 [JavaFX Application Thread] DEBUG LoopRunner           - Starting loop
11:52:50.006 [FXGL Background Thread 4 ] DEBUG FXGLAssetLoaderServi - Loading from file system: jar:file:/C:/Users/agust/.m2/repository/com/github/almasb/fxgl/21/fxgl-21.jar!/fxglassets/ui/fonts/Abel-Regular.ttf
11:52:50.025 [JavaFX Application Thread] DEBUG LoopRunner           - Initializing JavaFX AnimationTimerLoop
11:52:50.032 [JavaFX Application Thread] DEBUG GameApplicationServi - Starting new game
11:52:50.033 [JavaFX Application Thread] DEBUG Input                - Clearing active input actions
11:52:50.048 [JavaFX Application Thread] DEBUG GameApplicationServi - Removing overlay from FXGLStartupScene and adding to FXGLLoadingScene
11:52:50.072 [JavaFX Application Thread] DEBUG PrimaryStageWindow   - FXGLStartupScene -> FXGLLoadingScene
11:52:50.072 [JavaFX Application Thread] DEBUG GameApplicationServi - Clearing previous game
11:52:50.073 [JavaFX Application Thread] DEBUG GameScene            - Clearing game scene
11:52:50.073 [JavaFX Application Thread] DEBUG GameWorld            - Clearing game world
11:52:50.073 [JavaFX Application Thread] DEBUG PhysicsWorld         - Clearing physics world
11:52:50.075 [FXGL Background Thread 1 ] DEBUG FXGLApplication      - Initializing game
11:52:50.097 [FXGL Background Thread 4 ] DEBUG FXGLAssetLoaderServi - Loading from file system: jar:file:/C:/Users/agust/.m2/repository/com/github/almasb/fxgl/21/fxgl-21.jar!/fxglassets/ui/fonts/TerminalLandMono-Regular.otf
11:52:50.146 [FXGL Background Thread 1 ] DEBUG FXGLAssetLoaderServi - Loading from file system: file:/C:/Users/agust/IdeaProjects/SuikaGameJavaFXGL2/target/classes/assets/textures/background_view.png
11:52:50.180 [FXGL Background Thread 1 ] DEBUG FXGLAssetLoaderServi - Loading from file system: file:/C:/Users/agust/IdeaProjects/SuikaGameJavaFXGL2/target/classes/assets/textures/container_view.png
11:52:50.306 [FXGL Background Thread 4 ] DEBUG FXGLAssetLoaderServi - Loading from file system: jar:file:/C:/Users/agust/.m2/repository/com/github/almasb/fxgl/21/fxgl-21.jar!/fxglassets/ui/fonts/Courier-Prime.ttf
11:52:50.311 [FXGL Background Thread 1 ] DEBUG FXGLAssetLoaderServi - Loading from file system: file:/C:/Users/agust/IdeaProjects/SuikaGameJavaFXGL2/target/classes/assets/textures/ring_view.png
11:52:50.321 [FXGL Background Thread 1 ] DEBUG FXGLAssetLoaderServi - Loading from file system: file:/C:/Users/agust/IdeaProjects/SuikaGameJavaFXGL2/target/classes/assets/textures/next_fruit_view.png
11:52:50.324 [FXGL Background Thread 1 ] DEBUG FXGLAssetLoaderServi - Loading from file system: file:/C:/Users/agust/IdeaProjects/SuikaGameJavaFXGL2/target/classes/assets/textures/score_view.png
11:52:50.335 [FXGL Background Thread 1 ] DEBUG FXGLAssetLoaderServi - Loading from file system: file:/C:/Users/agust/IdeaProjects/SuikaGameJavaFXGL2/target/classes/assets/textures/orange_view.png
11:52:50.337 [FXGL Background Thread 1 ] DEBUG FXGLAssetLoaderServi - Loading from file system: file:/C:/Users/agust/IdeaProjects/SuikaGameJavaFXGL2/target/classes/assets/textures/cherry_view.png
11:52:50.338 [FXGL Background Thread 1 ] DEBUG FXGLAssetLoaderServi - Loading from file system: file:/C:/Users/agust/IdeaProjects/SuikaGameJavaFXGL2/target/classes/assets/textures/strawberry_view.png
11:52:50.357 [FXGL Background Thread 1 ] INFO  FXGLApplication      - Game initialization took: 0,281 sec
11:52:50.450 [JavaFX Application Thread] DEBUG Input                - Clearing active input actions
11:52:50.459 [JavaFX Application Thread] DEBUG GameApplicationServi - Removing overlay from FXGLLoadingScene and adding to GameScene
11:52:50.463 [JavaFX Application Thread] DEBUG PrimaryStageWindow   - FXGLLoadingScene -> GameScene
11:52:50.605 [JavaFX Application Thread] DEBUG FXGLApplication      - Registering font factories with UI factory
11:52:50.956 [JavaFX Application Thread] DEBUG FXGLAssetLoaderServi - Loading from file system: file:/C:/Users/agust/IdeaProjects/SuikaGameJavaFXGL2/target/classes/assets/textures/lemon_view.png
11:52:50.959 [JavaFX Application Thread] DEBUG FXGLAssetLoaderServi - Loading from file system: file:/C:/Users/agust/IdeaProjects/SuikaGameJavaFXGL2/target/classes/assets/sounds/fruit_drop.wav
11:52:51.114 [JavaFX Application Thread] DEBUG FXGLAssetLoaderServi - Loading from file system: file:/C:/Users/agust/IdeaProjects/SuikaGameJavaFXGL2/target/classes/assets/textures/apple_view.png
11:52:51.260 [JavaFX Application Thread] DEBUG FXGLAssetLoaderServi - Loading from file system: file:/C:/Users/agust/IdeaProjects/SuikaGameJavaFXGL2/target/classes/assets/textures/grape_view.png
11:52:51.969 [JavaFX Application Thread] DEBUG FXGLAssetLoaderServi - Loading from file system: file:/C:/Users/agust/IdeaProjects/SuikaGameJavaFXGL2/target/classes/assets/sounds/fruit_merge.wav
11:52:52.831 [JavaFX Application Thread] DEBUG FXGLAssetLoaderServi - Loading from file system: file:/C:/Users/agust/IdeaProjects/SuikaGameJavaFXGL2/target/classes/assets/textures/pear_view.png
11:52:52.863 [FXGL Background Thread 3 ] DEBUG Engine               - Logging environment variables
11:52:52.864 [FXGL Background Thread 3 ] DEBUG Engine               - achievements: []
11:52:52.864 [FXGL Background Thread 3 ] DEBUG Engine               - actualHeight: 720.0
11:52:52.864 [FXGL Background Thread 3 ] DEBUG Engine               - actualHeightProperty: ReadOnlyDoubleProperty [value: 720.0]
11:52:52.864 [FXGL Background Thread 3 ] DEBUG Engine               - actualWidth: 1280.0
11:52:52.864 [FXGL Background Thread 3 ] DEBUG Engine               - actualWidthProperty: ReadOnlyDoubleProperty [value: 1280.0]
11:52:52.864 [FXGL Background Thread 3 ] DEBUG Engine               - appIcon: watermelon_view.png
11:52:52.864 [FXGL Background Thread 3 ] DEBUG Engine               - applicationMode: DEVELOPER
11:52:52.865 [FXGL Background Thread 3 ] DEBUG Engine               - cSSList: [fxgl_dark.css]
11:52:52.865 [FXGL Background Thread 3 ] DEBUG Engine               - collisionDetectionStrategy: BRUTE_FORCE
11:52:52.865 [FXGL Background Thread 3 ] DEBUG Engine               - configClass: Optional.empty
11:52:52.865 [FXGL Background Thread 3 ] DEBUG Engine               - credits: []
11:52:52.865 [FXGL Background Thread 3 ] DEBUG Engine               - defaultCursor: CursorInfo(imageName=fxgl_default_cursor.png, hotspotX=7.0, hotspotY=6.0)
11:52:52.865 [FXGL Background Thread 3 ] DEBUG Engine               - devBBoxColorProperty: ObjectProperty [value: 0xff0000ff]
11:52:52.865 [FXGL Background Thread 3 ] DEBUG Engine               - devEnableDebugCameraProperty: BooleanProperty [value: false]
11:52:52.865 [FXGL Background Thread 3 ] DEBUG Engine               - devSensorColorProperty: ObjectProperty [value: 0xffff00ff]
11:52:52.865 [FXGL Background Thread 3 ] DEBUG Engine               - devShowBBoxProperty: BooleanProperty [value: false]
11:52:52.866 [FXGL Background Thread 3 ] DEBUG Engine               - devShowPositionProperty: BooleanProperty [value: false]
11:52:52.866 [FXGL Background Thread 3 ] DEBUG Engine               - enabledMenuItems: []
11:52:52.866 [FXGL Background Thread 3 ] DEBUG Engine               - engineServices: [class com.almasb.fxgl.app.services.FXGLAssetLoaderService, class com.almasb.fxgl.app.FXGLApplication$GameApplicationService, class com.almasb.fxgl.app.services.FXGLDialogService, class com.almasb.fxgl.app.services.IOTaskExecutorService, class com.almasb.fxgl.io.FileSystemService, class com.almasb.fxgl.localization.LocalizationService, class com.almasb.fxgl.app.services.SystemBundleService, class com.almasb.fxgl.profile.SaveLoadService, class com.almasb.fxgl.ui.FXGLUIFactoryServiceProvider, class com.almasb.fxgl.ui.FXGLDialogFactoryServiceProvider, class com.almasb.fxgl.audio.AudioPlayer, class com.almasb.fxgl.notification.impl.NotificationServiceProvider, class com.almasb.fxgl.achievement.AchievementService, class com.almasb.fxgl.cutscene.CutsceneService, class com.almasb.fxgl.minigames.MiniGameService, class com.almasb.fxgl.net.NetService, class com.almasb.fxgl.app.services.UpdaterService, class com.almasb.fxgl.dev.DevService]
11:52:52.866 [FXGL Background Thread 3 ] DEBUG Engine               - fontGame: Abel-Regular.ttf
11:52:52.866 [FXGL Background Thread 3 ] DEBUG Engine               - fontMono: TerminalLandMono-Regular.otf
11:52:52.866 [FXGL Background Thread 3 ] DEBUG Engine               - fontSizeScaleUI: 1.0
11:52:52.867 [FXGL Background Thread 3 ] DEBUG Engine               - fontText: Courier-Prime.ttf
11:52:52.867 [FXGL Background Thread 3 ] DEBUG Engine               - fontUI: VarelaRound-Regular.ttf
11:52:52.867 [FXGL Background Thread 3 ] DEBUG Engine               - fullScreen: BooleanProperty [value: false]
11:52:52.868 [FXGL Background Thread 3 ] DEBUG Engine               - gameDifficulty: MEDIUM
11:52:52.868 [FXGL Background Thread 3 ] DEBUG Engine               - gameDifficultyProperty: ObjectProperty [value: MEDIUM]
11:52:52.868 [FXGL Background Thread 3 ] DEBUG Engine               - globalMusicVolume: 0.5
11:52:52.868 [FXGL Background Thread 3 ] DEBUG Engine               - globalMusicVolumeProperty: DoubleProperty [value: 0.5]
11:52:52.868 [FXGL Background Thread 3 ] DEBUG Engine               - globalSoundVolume: 0.5
11:52:52.868 [FXGL Background Thread 3 ] DEBUG Engine               - globalSoundVolumeProperty: DoubleProperty [value: 0.5]
11:52:52.868 [FXGL Background Thread 3 ] DEBUG Engine               - height: 720
11:52:52.868 [FXGL Background Thread 3 ] DEBUG Engine               - is3D: false
11:52:52.868 [FXGL Background Thread 3 ] DEBUG Engine               - isAndroid: false
11:52:52.868 [FXGL Background Thread 3 ] DEBUG Engine               - isBrowser: false
11:52:52.868 [FXGL Background Thread 3 ] DEBUG Engine               - isClickFeedbackEnabled: false
11:52:52.868 [FXGL Background Thread 3 ] DEBUG Engine               - isCloseConfirmation: false
11:52:52.868 [FXGL Background Thread 3 ] DEBUG Engine               - isDesktop: true
11:52:52.868 [FXGL Background Thread 3 ] DEBUG Engine               - isDeveloperMenuEnabled: true
11:52:52.868 [FXGL Background Thread 3 ] DEBUG Engine               - isEmbedded: false
11:52:52.868 [FXGL Background Thread 3 ] DEBUG Engine               - isEntityPreloadEnabled: true
11:52:52.868 [FXGL Background Thread 3 ] DEBUG Engine               - isExperimentalTiledLargeMap: false
11:52:52.868 [FXGL Background Thread 3 ] DEBUG Engine               - isFileSystemWriteAllowed: true
11:52:52.868 [FXGL Background Thread 3 ] DEBUG Engine               - isFullScreenAllowed: false
11:52:52.868 [FXGL Background Thread 3 ] DEBUG Engine               - isFullScreenFromStart: false
11:52:52.868 [FXGL Background Thread 3 ] DEBUG Engine               - isGameMenuEnabled: true
11:52:52.868 [FXGL Background Thread 3 ] DEBUG Engine               - isIOS: false
11:52:52.868 [FXGL Background Thread 3 ] DEBUG Engine               - isIntroEnabled: false
11:52:52.868 [FXGL Background Thread 3 ] DEBUG Engine               - isLinux: false
11:52:52.868 [FXGL Background Thread 3 ] DEBUG Engine               - isMac: false
11:52:52.868 [FXGL Background Thread 3 ] DEBUG Engine               - isMainMenuEnabled: false
11:52:52.868 [FXGL Background Thread 3 ] DEBUG Engine               - isManualResizeEnabled: false
11:52:52.869 [FXGL Background Thread 3 ] DEBUG Engine               - isMobile: false
11:52:52.869 [FXGL Background Thread 3 ] DEBUG Engine               - isNative: false
11:52:52.869 [FXGL Background Thread 3 ] DEBUG Engine               - isPauseMusicWhenMinimized: true
11:52:52.869 [FXGL Background Thread 3 ] DEBUG Engine               - isPreserveResizeRatio: false
11:52:52.869 [FXGL Background Thread 3 ] DEBUG Engine               - isProfilingEnabled: false
11:52:52.869 [FXGL Background Thread 3 ] DEBUG Engine               - isScaleAffectedOnResize: true
11:52:52.869 [FXGL Background Thread 3 ] DEBUG Engine               - isSingleStep: false
11:52:52.869 [FXGL Background Thread 3 ] DEBUG Engine               - isUserProfileEnabled: false
11:52:52.869 [FXGL Background Thread 3 ] DEBUG Engine               - isWindows: true
11:52:52.869 [FXGL Background Thread 3 ] DEBUG Engine               - language: ObjectProperty [value: ENGLISH]
11:52:52.869 [FXGL Background Thread 3 ] DEBUG Engine               - menuKey: ESCAPE
11:52:52.869 [FXGL Background Thread 3 ] DEBUG Engine               - mouseSensitivity: 0.2
11:52:52.869 [FXGL Background Thread 3 ] DEBUG Engine               - notificationViewClass: class com.almasb.fxgl.notification.view.XboxNotificationView
11:52:52.869 [FXGL Background Thread 3 ] DEBUG Engine               - pixelsPerMeter: 50.0
11:52:52.869 [FXGL Background Thread 3 ] DEBUG Engine               - platform: WINDOWS
11:52:52.869 [FXGL Background Thread 3 ] DEBUG Engine               - prefHeightProperty: ReadOnlyDoubleProperty [value: 720.0]
11:52:52.869 [FXGL Background Thread 3 ] DEBUG Engine               - prefWidthProperty: ReadOnlyDoubleProperty [value: 1280.0]
11:52:52.869 [FXGL Background Thread 3 ] DEBUG Engine               - profileDir: profiles/
11:52:52.869 [FXGL Background Thread 3 ] DEBUG Engine               - profileName: StringProperty [value: DEFAULT]
11:52:52.870 [FXGL Background Thread 3 ] DEBUG Engine               - randomSeed: -1
11:52:52.870 [FXGL Background Thread 3 ] DEBUG Engine               - runtimeInfo: RuntimeInfo(platform=WINDOWS, version=21, build=28.12.2023 13.35)
11:52:52.871 [FXGL Background Thread 3 ] DEBUG Engine               - saveFileExt: sav
11:52:52.871 [FXGL Background Thread 3 ] DEBUG Engine               - scaledHeightProp$fxgl: DoubleProperty [bound, value: 720.0]
11:52:52.871 [FXGL Background Thread 3 ] DEBUG Engine               - scaledWidthProp$fxgl: DoubleProperty [bound, value: 1280.0]
11:52:52.871 [FXGL Background Thread 3 ] DEBUG Engine               - sceneFactory: com.almasb.fxgl.app.scene.SceneFactory@b6a68ed
11:52:52.871 [FXGL Background Thread 3 ] DEBUG Engine               - secondsIn24h: 60
11:52:52.871 [FXGL Background Thread 3 ] DEBUG Engine               - soundMenuBack: menu/back.wav
11:52:52.871 [FXGL Background Thread 3 ] DEBUG Engine               - soundMenuPress: menu/press.wav
11:52:52.871 [FXGL Background Thread 3 ] DEBUG Engine               - soundMenuSelect: menu/select.wav
11:52:52.872 [FXGL Background Thread 3 ] DEBUG Engine               - soundNotification: core/notification.wav
11:52:52.872 [FXGL Background Thread 3 ] DEBUG Engine               - stageStyle: DECORATED
11:52:52.872 [FXGL Background Thread 3 ] DEBUG Engine               - supportedLanguages: [ENGLISH, FRENCH, GERMAN, HUNGARIAN, RUSSIAN]
11:52:52.872 [FXGL Background Thread 3 ] DEBUG Engine               - ticksPerSecond: -1
11:52:52.872 [FXGL Background Thread 3 ] DEBUG Engine               - title: Suika FXGL
11:52:52.872 [FXGL Background Thread 3 ] DEBUG Engine               - urlGithub: https://github.com/AlmasB/FXGL
11:52:52.872 [FXGL Background Thread 3 ] DEBUG Engine               - urlLeaderboard: http://fxgl-top.herokuapp.com/
11:52:52.872 [FXGL Background Thread 3 ] DEBUG Engine               - urlPOM: https://raw.githubusercontent.com/AlmasB/FXGL/release/README.md
11:52:52.872 [FXGL Background Thread 3 ] DEBUG Engine               - userAppClass: class com.lucenstuff.fxglgames.suikagame.SuikaGame
11:52:52.872 [FXGL Background Thread 3 ] DEBUG Engine               - version: 0.1
11:52:52.872 [FXGL Background Thread 3 ] DEBUG Engine               - versionCheckDays: 7
11:52:52.872 [FXGL Background Thread 3 ] DEBUG Engine               - width: 1280
11:52:52.872 [FXGL Background Thread 3 ] DEBUG Engine               - Logging services
11:52:52.873 [FXGL Background Thread 3 ] DEBUG Engine               - class com.almasb.fxgl.app.services.FXGLAssetLoaderService
11:52:52.873 [FXGL Background Thread 3 ] DEBUG Engine               - class com.almasb.fxgl.app.FXGLApplication$GameApplicationService
11:52:52.873 [FXGL Background Thread 3 ] DEBUG Engine               - class com.almasb.fxgl.app.services.FXGLDialogService
11:52:52.873 [FXGL Background Thread 3 ] DEBUG Engine               - class com.almasb.fxgl.app.services.IOTaskExecutorService
11:52:52.873 [FXGL Background Thread 3 ] DEBUG Engine               - class com.almasb.fxgl.io.FileSystemService
11:52:52.873 [FXGL Background Thread 3 ] DEBUG Engine               - class com.almasb.fxgl.localization.LocalizationService
11:52:52.873 [FXGL Background Thread 3 ] DEBUG Engine               - class com.almasb.fxgl.app.services.SystemBundleService
11:52:52.873 [FXGL Background Thread 3 ] DEBUG Engine               - class com.almasb.fxgl.profile.SaveLoadService
11:52:52.873 [FXGL Background Thread 3 ] DEBUG Engine               - class com.almasb.fxgl.ui.FXGLUIFactoryServiceProvider
11:52:52.873 [FXGL Background Thread 3 ] DEBUG Engine               - class com.almasb.fxgl.ui.FXGLDialogFactoryServiceProvider
11:52:52.873 [FXGL Background Thread 3 ] DEBUG Engine               - class com.almasb.fxgl.audio.AudioPlayer
11:52:52.873 [FXGL Background Thread 3 ] DEBUG Engine               - class com.almasb.fxgl.notification.impl.NotificationServiceProvider
11:52:52.873 [FXGL Background Thread 3 ] DEBUG Engine               - class com.almasb.fxgl.achievement.AchievementService
11:52:52.873 [FXGL Background Thread 3 ] DEBUG Engine               - class com.almasb.fxgl.cutscene.CutsceneService
11:52:52.873 [FXGL Background Thread 3 ] DEBUG Engine               - class com.almasb.fxgl.minigames.MiniGameService
11:52:52.874 [FXGL Background Thread 3 ] DEBUG Engine               - class com.almasb.fxgl.net.NetService
11:52:52.874 [FXGL Background Thread 3 ] DEBUG Engine               - class com.almasb.fxgl.app.services.UpdaterService
11:52:52.874 [FXGL Background Thread 3 ] DEBUG Engine               - class com.almasb.fxgl.dev.DevService
11:52:55.040 [JavaFX Application Thread] DEBUG FXGLAssetLoaderServi - Loading from file system: file:/C:/Users/agust/IdeaProjects/SuikaGameJavaFXGL2/target/classes/assets/textures/peach_view.png
11:52:59.788 [JavaFX Application Thread] DEBUG FXGLAssetLoaderServi - Loading from file system: file:/C:/Users/agust/IdeaProjects/SuikaGameJavaFXGL2/target/classes/assets/textures/pineapple_view.png
11:53:08.285 [JavaFX Application Thread] DEBUG PrimaryStageWindow   - Push state: DialogSubScene
11:53:08.286 [JavaFX Application Thread] DEBUG Input                - Clearing active input actions
11:53:08.286 [JavaFX Application Thread] DEBUG GameApplicationServi - Removing overlay from GameScene and adding to DialogSubScene
11:53:08.288 [JavaFX Application Thread] DEBUG PrimaryStageWindow   - GameScene -> DialogSubScene
11:53:09.794 [JavaFX Application Thread] DEBUG PrimaryStageWindow   - Pop state: DialogSubScene
11:53:09.794 [JavaFX Application Thread] DEBUG Input                - Clearing active input actions
11:53:09.795 [JavaFX Application Thread] DEBUG GameApplicationServi - Removing overlay from DialogSubScene and adding to GameScene
11:53:09.796 [JavaFX Application Thread] DEBUG PrimaryStageWindow   - GameScene <- DialogSubScene
11:53:11.349 [JavaFX Application Thread] DEBUG FXGLApplication      - Exiting FXGL
11:53:11.349 [JavaFX Application Thread] DEBUG LoopRunner           - Stopping loop
11:53:11.349 [JavaFX Application Thread] DEBUG SystemBundleService  - Saving FXGL system data
11:53:11.351 [JavaFX Application Thread] DEBUG FileSystemAccess     - Writing to: C:\Users\agust\IdeaProjects\SuikaGameJavaFXGL2\system\fxgl.bundle
11:53:11.354 [JavaFX Application Thread] DEBUG Async                - Shutting down background threads
11:53:11.354 [JavaFX Application Thread] DEBUG PrimaryStageWindow   - Closing main window
11:53:11.384 [JavaFX Application Thread] DEBUG Logger               - Closing Logger
