15:45:01.266 [main                     ] DEBUG Logger               - Configured Logger
15:45:01.287 [main                     ] DEBUG GameApplication      - Logging settings
Title: Suika FXGL
Version: 0.1
Width: 1280
Height: 720
Fullscreen: false
Intro: false
Profiling: false
Single step:false
App Mode: DEVELOPER
Menu Key: ESCAPE
Stage Style: DECORATED
Scene Factory: class com.almasb.fxgl.app.scene.SceneFactory

15:45:01.700 [JavaFX Application Thread] DEBUG FXGLApplication      - Initializing FXGL
15:45:01.703 [JavaFX Application Thread] INFO  Engine               - FXGL-21 (28.12.2023 13.35) on WINDOWS (J:21.0.2 FX:21.0.1)
15:45:01.704 [JavaFX Application Thread] DEBUG Engine               - JRE Vendor Name: Oracle Corporation
15:45:01.704 [JavaFX Application Thread] DEBUG Engine               - Running on OS: Windows 10 version 10.0
15:45:01.704 [JavaFX Application Thread] DEBUG Engine               - Architecture: amd64
15:45:01.704 [JavaFX Application Thread] INFO  Engine               - Source code and latest versions at: https://github.com/AlmasB/FXGL
15:45:01.704 [JavaFX Application Thread] INFO  Engine               -       Ask questions and discuss at: https://github.com/AlmasB/FXGL/discussions
15:45:01.704 [JavaFX Application Thread] INFO  Engine               -              Join the FXGL chat at: https://gitter.im/AlmasB/FXGL
15:45:01.789 [JavaFX Application Thread] DEBUG PrimaryStageWindow   - Creating a JavaFX scene
15:45:01.832 [JavaFX Application Thread] DEBUG PrimaryStageWindow   - Target settings size: 1280.0 x 720.0
15:45:01.833 [JavaFX Application Thread] DEBUG PrimaryStageWindow   - Scaled scene size:    1280.0 x 720.0
15:45:01.833 [JavaFX Application Thread] DEBUG PrimaryStageWindow   - Scaled ratio: (1.0, 1.0)
15:45:01.834 [JavaFX Application Thread] DEBUG PrimaryStageWindow   - Set initial scene to FXGLStartupScene
15:45:01.836 [JavaFX Application Thread] DEBUG PrimaryStageWindow   - Opening main window
15:45:01.904 [JavaFX Application Thread] DEBUG PrimaryStageWindow   - Window border size: (16.0, 39.0)
15:45:01.904 [JavaFX Application Thread] DEBUG PrimaryStageWindow   - Scaled size: 1280.0 x 720.0
15:45:01.904 [JavaFX Application Thread] DEBUG PrimaryStageWindow   - Scaled ratio: (1.0, 1.0)
15:45:01.904 [JavaFX Application Thread] DEBUG PrimaryStageWindow   - Scene size: 1280.0 x 720.0
15:45:01.905 [JavaFX Application Thread] DEBUG PrimaryStageWindow   - Stage size: 1296.0 x 759.0
15:45:01.910 [FXGL Background Thread 1 ] DEBUG Engine               - Initializing environment variables
15:45:01.948 [FXGL Background Thread 1 ] DEBUG FXGLAssetLoaderServi - User app class for loading assets: class com.lucenstuff.fxglgames.suikagame.SuikaGame
15:45:01.948 [FXGL Background Thread 1 ] DEBUG GameApplicationServi - Applying CSS: fxgl_dark.css
15:45:01.949 [FXGL Background Thread 1 ] DEBUG FXGLAssetLoaderServi - Loading from file system: jar:file:/C:/Users/Fabrizio/.m2/repository/com/github/almasb/fxgl/21/fxgl-21.jar!/fxglassets/ui/css/fxgl_dark.css
15:45:01.981 [FXGL Background Thread 1 ] DEBUG GameApplicationServi - Initializing application scenes
15:45:02.003 [FXGL Background Thread 1 ] DEBUG GameWorld            - Game world initialized
15:45:02.049 [FXGL Background Thread 1 ] DEBUG PhysicsWorld         - Physics world initialized: appHeight=720, physics.ppm=50,0
15:45:02.049 [FXGL Background Thread 1 ] DEBUG PhysicsWorld         - Using strategy: BRUTE_FORCE
15:45:02.052 [FXGL Background Thread 1 ] DEBUG GameScene            - Game scene initialized: 1280x720
15:45:02.062 [FXGL Background Thread 1 ] DEBUG FXGL.DefaultMenu     - createMenuBodyGameMenu()
15:45:02.074 [FXGL Background Thread 1 ] DEBUG FXGL.DefaultMenu     - createOptionsMenu()
15:45:02.082 [FXGL Background Thread 1 ] DEBUG FXGLAssetLoaderServi - Loading from file system: jar:file:/C:/Users/Fabrizio/.m2/repository/com/github/almasb/fxgl/21/fxgl-21.jar!/fxglassets/textures/particles/smoke.png
15:45:02.164 [FXGL Background Thread 1 ] DEBUG FXGLAssetLoaderServi - Loading from file system: jar:file:/C:/Users/Fabrizio/.m2/repository/com/github/almasb/fxgl/21/fxgl-21.jar!/fxglassets/textures/particles/trace_horizontal.png
15:45:02.186 [FXGL Background Thread 1 ] DEBUG GameApplicationServi - Application scenes initialized
15:45:02.197 [FXGL Background Thread 1 ] DEBUG SystemBundleService  - Loading FXGL system data
15:45:02.201 [FXGL Background Thread 1 ] DEBUG FileSystemAccess     - Reading from: D:\Intellij\Project\system\fxgl.bundle
15:45:02.209 [FXGL Background Thread 1 ] DEBUG SystemBundleService  - Bundle FXGL: {}
15:45:02.209 [FXGL Background Thread 1 ] DEBUG UpdaterService       - Checking for updates
15:45:02.231 [FXGL Background Thread 4 ] DEBUG FXGLApplication      - Loading fonts
15:45:02.231 [FXGL Background Thread 1 ] DEBUG FXGLApplication      - Loading default localization
15:45:02.231 [FXGL Background Thread 4 ] DEBUG FXGLAssetLoaderServi - Loading from file system: jar:file:/C:/Users/Fabrizio/.m2/repository/com/github/almasb/fxgl/21/fxgl-21.jar!/fxglassets/ui/fonts/VarelaRound-Regular.ttf
15:45:02.232 [FXGL Background Thread 1 ] DEBUG FXGLAssetLoaderServi - Loading from file system: jar:file:/C:/Users/Fabrizio/.m2/repository/com/github/almasb/fxgl/21/fxgl-21.jar!/fxglassets/languages/english.lang
15:45:02.243 [FXGL Background Thread 1 ] INFO  FXGLApplication      - FXGL initialization took: 0,332 sec
15:45:02.243 [JavaFX Application Thread] DEBUG FXGLAssetLoaderServi - Loading from file system: file:/D:/Intellij/Project/target/classes/assets/textures/watermelon_view.png
15:45:02.256 [JavaFX Application Thread] DEBUG FXGLAssetLoaderServi - Loading from file system: jar:file:/C:/Users/Fabrizio/.m2/repository/com/github/almasb/fxgl/21/fxgl-21.jar!/fxglassets/textures/fxgl_default_cursor.png
15:45:02.261 [FXGL Background Thread 4 ] DEBUG FXGLAssetLoaderServi - Loading from file system: jar:file:/C:/Users/Fabrizio/.m2/repository/com/github/almasb/fxgl/21/fxgl-21.jar!/fxglassets/ui/fonts/Abel-Regular.ttf
15:45:02.266 [JavaFX Application Thread] DEBUG Input                - Registered new binding: Screenshot - CTRL+8
15:45:02.267 [JavaFX Application Thread] DEBUG Input                - Registered new binding: Dev Options - 1
15:45:02.267 [JavaFX Application Thread] DEBUG Input                - Registered new binding: Dev Console - 2
15:45:02.267 [JavaFX Application Thread] DEBUG Input                - Registered new binding: System info dump - CTRL+9
15:45:02.267 [JavaFX Application Thread] DEBUG Input                - Registered new binding: Restart - CTRL+R
15:45:02.268 [JavaFX Application Thread] DEBUG Input                - Registered new binding: Toggle Debug Camera - CTRL+7
15:45:02.268 [FXGL Background Thread 4 ] DEBUG FXGLAssetLoaderServi - Loading from file system: jar:file:/C:/Users/Fabrizio/.m2/repository/com/github/almasb/fxgl/21/fxgl-21.jar!/fxglassets/ui/fonts/TerminalLandMono-Regular.otf
15:45:02.270 [JavaFX Application Thread] DEBUG LoopRunner           - Starting loop
15:45:02.276 [FXGL Background Thread 4 ] DEBUG FXGLAssetLoaderServi - Loading from file system: jar:file:/C:/Users/Fabrizio/.m2/repository/com/github/almasb/fxgl/21/fxgl-21.jar!/fxglassets/ui/fonts/Courier-Prime.ttf
15:45:02.282 [JavaFX Application Thread] DEBUG LoopRunner           - Initializing JavaFX AnimationTimerLoop
15:45:02.283 [JavaFX Application Thread] DEBUG GameApplicationServi - Starting new game
15:45:02.283 [JavaFX Application Thread] DEBUG Input                - Clearing active input actions
15:45:02.292 [JavaFX Application Thread] DEBUG GameApplicationServi - Removing overlay from FXGLStartupScene and adding to FXGLLoadingScene
15:45:02.295 [JavaFX Application Thread] DEBUG PrimaryStageWindow   - FXGLStartupScene -> FXGLLoadingScene
15:45:02.295 [JavaFX Application Thread] DEBUG GameApplicationServi - Clearing previous game
15:45:02.295 [JavaFX Application Thread] DEBUG GameScene            - Clearing game scene
15:45:02.295 [JavaFX Application Thread] DEBUG GameWorld            - Clearing game world
15:45:02.295 [JavaFX Application Thread] DEBUG PhysicsWorld         - Clearing physics world
15:45:02.296 [FXGL Background Thread 4 ] DEBUG FXGLApplication      - Initializing game
15:45:02.298 [JavaFX Application Thread] DEBUG FXGLApplication      - Registering font factories with UI factory
15:45:02.301 [FXGL Background Thread 4 ] DEBUG FXGLAssetLoaderServi - Loading from file system: file:/D:/Intellij/Project/target/classes/assets/textures/background_view.png
15:45:02.331 [FXGL Background Thread 4 ] DEBUG FXGLAssetLoaderServi - Loading from file system: file:/D:/Intellij/Project/target/classes/assets/textures/container_view.png
15:45:02.451 [JavaFX Application Thread] DEBUG LoopRunner           - Stopping loop
15:45:02.452 [JavaFX Application Thread] FATAL FXGLApplication      - Uncaught Exception:
java.lang.RuntimeException: Initialization failed
	at com.almasb.fxgl.app.FXGLApplication$InitAppTask.failed(FXGLApplication.kt:343)
	at javafx.concurrent.Task.setState(Task.java:710)
	at javafx.concurrent.Task$TaskCallable.lambda$call$2(Task.java:1429)
	at com.sun.javafx.application.PlatformImpl.lambda$runLater$10(PlatformImpl.java:456)
	at java.base/java.security.AccessController.doPrivileged(AccessController.java:400)
	at com.sun.javafx.application.PlatformImpl.lambda$runLater$11(PlatformImpl.java:455)
	at com.sun.glass.ui.InvokeLaterDispatcher$Future.run(InvokeLaterDispatcher.java:95)
	at com.sun.glass.ui.win.WinApplication._runLoop(Native Method)
	at com.sun.glass.ui.win.WinApplication.lambda$runLoop$3(WinApplication.java:185)
	at java.base/java.lang.Thread.run(Thread.java:1583)
Caused by: java.lang.NullPointerException: Parameter specified as non-null is null: method com.almasb.fxgl.dsl.EntityBuilder.view, parameter node
	at com.almasb.fxgl.dsl.EntityBuilder.view(EntityBuilder.kt)
	at com.lucenstuff.fxglgames.suikagame.SuikaGame.initGame(SuikaGame.java:82)
	at com.almasb.fxgl.app.FXGLApplication$InitAppTask.initGame(FXGLApplication.kt:339)
	at com.almasb.fxgl.app.FXGLApplication$InitAppTask.call(FXGLApplication.kt:319)
	at com.almasb.fxgl.app.FXGLApplication$InitAppTask.call(FXGLApplication.kt:311)
	at javafx.concurrent.Task$TaskCallable.call(Task.java:1399)
	at java.base/java.util.concurrent.FutureTask.run(FutureTask.java:317)
	at java.base/java.util.concurrent.Executors$RunnableAdapter.call(Executors.java:572)
	at java.base/java.util.concurrent.FutureTask.run(FutureTask.java:317)
	at java.base/java.util.concurrent.ThreadPoolExecutor.runWorker(ThreadPoolExecutor.java:1144)
	at java.base/java.util.concurrent.ThreadPoolExecutor$Worker.run(ThreadPoolExecutor.java:642)
	... 1 more

15:45:02.452 [JavaFX Application Thread] FATAL FXGLApplication      - Application will now exit
15:45:02.457 [JavaFX Application Thread] DEBUG PrimaryStageWindow   - Push state: ErrorSubScene
15:45:02.457 [JavaFX Application Thread] DEBUG Input                - Clearing active input actions
15:45:02.458 [JavaFX Application Thread] DEBUG GameApplicationServi - Removing overlay from FXGLLoadingScene and adding to ErrorSubScene
15:45:02.460 [JavaFX Application Thread] DEBUG PrimaryStageWindow   - FXGLLoadingScene -> ErrorSubScene
15:45:05.230 [FXGL Background Thread 3 ] DEBUG Engine               - Logging environment variables
15:45:05.231 [FXGL Background Thread 3 ] DEBUG Engine               - achievements: []
15:45:05.231 [FXGL Background Thread 3 ] DEBUG Engine               - actualHeight: 720.0
15:45:05.231 [FXGL Background Thread 3 ] DEBUG Engine               - actualHeightProperty: ReadOnlyDoubleProperty [value: 720.0]
15:45:05.231 [FXGL Background Thread 3 ] DEBUG Engine               - actualWidth: 1280.0
15:45:05.231 [FXGL Background Thread 3 ] DEBUG Engine               - actualWidthProperty: ReadOnlyDoubleProperty [value: 1280.0]
15:45:05.231 [FXGL Background Thread 3 ] DEBUG Engine               - appIcon: watermelon_view.png
15:45:05.232 [FXGL Background Thread 3 ] DEBUG Engine               - applicationMode: DEVELOPER
15:45:05.232 [FXGL Background Thread 3 ] DEBUG Engine               - cSSList: [fxgl_dark.css]
15:45:05.232 [FXGL Background Thread 3 ] DEBUG Engine               - collisionDetectionStrategy: BRUTE_FORCE
15:45:05.232 [FXGL Background Thread 3 ] DEBUG Engine               - configClass: Optional.empty
15:45:05.232 [FXGL Background Thread 3 ] DEBUG Engine               - credits: []
15:45:05.232 [FXGL Background Thread 3 ] DEBUG Engine               - defaultCursor: CursorInfo(imageName=fxgl_default_cursor.png, hotspotX=7.0, hotspotY=6.0)
15:45:05.232 [FXGL Background Thread 3 ] DEBUG Engine               - devBBoxColorProperty: ObjectProperty [value: 0xff0000ff]
15:45:05.232 [FXGL Background Thread 3 ] DEBUG Engine               - devEnableDebugCameraProperty: BooleanProperty [value: false]
15:45:05.232 [FXGL Background Thread 3 ] DEBUG Engine               - devSensorColorProperty: ObjectProperty [value: 0xffff00ff]
15:45:05.232 [FXGL Background Thread 3 ] DEBUG Engine               - devShowBBoxProperty: BooleanProperty [value: false]
15:45:05.232 [FXGL Background Thread 3 ] DEBUG Engine               - devShowPositionProperty: BooleanProperty [value: false]
15:45:05.233 [FXGL Background Thread 3 ] DEBUG Engine               - enabledMenuItems: []
15:45:05.233 [FXGL Background Thread 3 ] DEBUG Engine               - engineServices: [class com.almasb.fxgl.app.services.FXGLAssetLoaderService, class com.almasb.fxgl.app.FXGLApplication$GameApplicationService, class com.almasb.fxgl.app.services.FXGLDialogService, class com.almasb.fxgl.app.services.IOTaskExecutorService, class com.almasb.fxgl.io.FileSystemService, class com.almasb.fxgl.localization.LocalizationService, class com.almasb.fxgl.app.services.SystemBundleService, class com.almasb.fxgl.profile.SaveLoadService, class com.almasb.fxgl.ui.FXGLUIFactoryServiceProvider, class com.almasb.fxgl.ui.FXGLDialogFactoryServiceProvider, class com.almasb.fxgl.audio.AudioPlayer, class com.almasb.fxgl.notification.impl.NotificationServiceProvider, class com.almasb.fxgl.achievement.AchievementService, class com.almasb.fxgl.cutscene.CutsceneService, class com.almasb.fxgl.minigames.MiniGameService, class com.almasb.fxgl.net.NetService, class com.almasb.fxgl.app.services.UpdaterService, class com.almasb.fxgl.dev.DevService]
15:45:05.233 [FXGL Background Thread 3 ] DEBUG Engine               - fontGame: Abel-Regular.ttf
15:45:05.233 [FXGL Background Thread 3 ] DEBUG Engine               - fontMono: TerminalLandMono-Regular.otf
15:45:05.233 [FXGL Background Thread 3 ] DEBUG Engine               - fontSizeScaleUI: 1.0
15:45:05.233 [FXGL Background Thread 3 ] DEBUG Engine               - fontText: Courier-Prime.ttf
15:45:05.233 [FXGL Background Thread 3 ] DEBUG Engine               - fontUI: VarelaRound-Regular.ttf
15:45:05.233 [FXGL Background Thread 3 ] DEBUG Engine               - fullScreen: BooleanProperty [value: false]
15:45:05.233 [FXGL Background Thread 3 ] DEBUG Engine               - gameDifficulty: MEDIUM
15:45:05.233 [FXGL Background Thread 3 ] DEBUG Engine               - gameDifficultyProperty: ObjectProperty [value: MEDIUM]
15:45:05.233 [FXGL Background Thread 3 ] DEBUG Engine               - globalMusicVolume: 0.5
15:45:05.233 [FXGL Background Thread 3 ] DEBUG Engine               - globalMusicVolumeProperty: DoubleProperty [value: 0.5]
15:45:05.234 [FXGL Background Thread 3 ] DEBUG Engine               - globalSoundVolume: 0.5
15:45:05.234 [FXGL Background Thread 3 ] DEBUG Engine               - globalSoundVolumeProperty: DoubleProperty [value: 0.5]
15:45:05.234 [FXGL Background Thread 3 ] DEBUG Engine               - height: 720
15:45:05.234 [FXGL Background Thread 3 ] DEBUG Engine               - is3D: false
15:45:05.234 [FXGL Background Thread 3 ] DEBUG Engine               - isAndroid: false
15:45:05.234 [FXGL Background Thread 3 ] DEBUG Engine               - isBrowser: false
15:45:05.234 [FXGL Background Thread 3 ] DEBUG Engine               - isClickFeedbackEnabled: false
15:45:05.234 [FXGL Background Thread 3 ] DEBUG Engine               - isCloseConfirmation: false
15:45:05.234 [FXGL Background Thread 3 ] DEBUG Engine               - isDesktop: true
15:45:05.234 [FXGL Background Thread 3 ] DEBUG Engine               - isDeveloperMenuEnabled: true
15:45:05.235 [FXGL Background Thread 3 ] DEBUG Engine               - isEmbedded: false
15:45:05.235 [FXGL Background Thread 3 ] DEBUG Engine               - isEntityPreloadEnabled: true
15:45:05.235 [FXGL Background Thread 3 ] DEBUG Engine               - isExperimentalTiledLargeMap: false
15:45:05.235 [FXGL Background Thread 3 ] DEBUG Engine               - isFileSystemWriteAllowed: true
15:45:05.235 [FXGL Background Thread 3 ] DEBUG Engine               - isFullScreenAllowed: false
15:45:05.235 [FXGL Background Thread 3 ] DEBUG Engine               - isFullScreenFromStart: false
15:45:05.235 [FXGL Background Thread 3 ] DEBUG Engine               - isGameMenuEnabled: true
15:45:05.235 [FXGL Background Thread 3 ] DEBUG Engine               - isIOS: false
15:45:05.235 [FXGL Background Thread 3 ] DEBUG Engine               - isIntroEnabled: false
15:45:05.235 [FXGL Background Thread 3 ] DEBUG Engine               - isLinux: false
15:45:05.235 [FXGL Background Thread 3 ] DEBUG Engine               - isMac: false
15:45:05.235 [FXGL Background Thread 3 ] DEBUG Engine               - isMainMenuEnabled: false
15:45:05.235 [FXGL Background Thread 3 ] DEBUG Engine               - isManualResizeEnabled: false
15:45:05.235 [FXGL Background Thread 3 ] DEBUG Engine               - isMobile: false
15:45:05.235 [FXGL Background Thread 3 ] DEBUG Engine               - isNative: false
15:45:05.235 [FXGL Background Thread 3 ] DEBUG Engine               - isPauseMusicWhenMinimized: true
15:45:05.235 [FXGL Background Thread 3 ] DEBUG Engine               - isPreserveResizeRatio: false
15:45:05.236 [FXGL Background Thread 3 ] DEBUG Engine               - isProfilingEnabled: false
15:45:05.236 [FXGL Background Thread 3 ] DEBUG Engine               - isScaleAffectedOnResize: true
15:45:05.236 [FXGL Background Thread 3 ] DEBUG Engine               - isSingleStep: false
15:45:05.236 [FXGL Background Thread 3 ] DEBUG Engine               - isUserProfileEnabled: false
15:45:05.236 [FXGL Background Thread 3 ] DEBUG Engine               - isWindows: true
15:45:05.236 [FXGL Background Thread 3 ] DEBUG Engine               - language: ObjectProperty [value: ENGLISH]
15:45:05.236 [FXGL Background Thread 3 ] DEBUG Engine               - menuKey: ESCAPE
15:45:05.236 [FXGL Background Thread 3 ] DEBUG Engine               - mouseSensitivity: 0.2
15:45:05.236 [FXGL Background Thread 3 ] DEBUG Engine               - notificationViewClass: class com.almasb.fxgl.notification.view.XboxNotificationView
15:45:05.236 [FXGL Background Thread 3 ] DEBUG Engine               - pixelsPerMeter: 50.0
15:45:05.236 [FXGL Background Thread 3 ] DEBUG Engine               - platform: WINDOWS
15:45:05.236 [FXGL Background Thread 3 ] DEBUG Engine               - prefHeightProperty: ReadOnlyDoubleProperty [value: 720.0]
15:45:05.236 [FXGL Background Thread 3 ] DEBUG Engine               - prefWidthProperty: ReadOnlyDoubleProperty [value: 1280.0]
15:45:05.236 [FXGL Background Thread 3 ] DEBUG Engine               - profileDir: profiles/
15:45:05.236 [FXGL Background Thread 3 ] DEBUG Engine               - profileName: StringProperty [value: DEFAULT]
15:45:05.236 [FXGL Background Thread 3 ] DEBUG Engine               - randomSeed: -1
15:45:05.237 [FXGL Background Thread 3 ] DEBUG Engine               - runtimeInfo: RuntimeInfo(platform=WINDOWS, version=21, build=28.12.2023 13.35)
15:45:05.237 [FXGL Background Thread 3 ] DEBUG Engine               - saveFileExt: sav
15:45:05.237 [FXGL Background Thread 3 ] DEBUG Engine               - scaledHeightProp$fxgl: DoubleProperty [bound, value: 720.0]
15:45:05.237 [FXGL Background Thread 3 ] DEBUG Engine               - scaledWidthProp$fxgl: DoubleProperty [bound, value: 1280.0]
15:45:05.237 [FXGL Background Thread 3 ] DEBUG Engine               - sceneFactory: com.almasb.fxgl.app.scene.SceneFactory@f5a1684
15:45:05.237 [FXGL Background Thread 3 ] DEBUG Engine               - secondsIn24h: 60
15:45:05.237 [FXGL Background Thread 3 ] DEBUG Engine               - soundMenuBack: menu/back.wav
15:45:05.237 [FXGL Background Thread 3 ] DEBUG Engine               - soundMenuPress: menu/press.wav
15:45:05.237 [FXGL Background Thread 3 ] DEBUG Engine               - soundMenuSelect: menu/select.wav
15:45:05.237 [FXGL Background Thread 3 ] DEBUG Engine               - soundNotification: core/notification.wav
15:45:05.237 [FXGL Background Thread 3 ] DEBUG Engine               - stageStyle: DECORATED
15:45:05.237 [FXGL Background Thread 3 ] DEBUG Engine               - supportedLanguages: [ENGLISH, FRENCH, GERMAN, HUNGARIAN, RUSSIAN]
15:45:05.238 [FXGL Background Thread 3 ] DEBUG Engine               - ticksPerSecond: -1
15:45:05.238 [FXGL Background Thread 3 ] DEBUG Engine               - title: Suika FXGL
15:45:05.238 [FXGL Background Thread 3 ] DEBUG Engine               - urlGithub: https://github.com/AlmasB/FXGL
15:45:05.238 [FXGL Background Thread 3 ] DEBUG Engine               - urlLeaderboard: http://fxgl-top.herokuapp.com/
15:45:05.238 [FXGL Background Thread 3 ] DEBUG Engine               - urlPOM: https://raw.githubusercontent.com/AlmasB/FXGL/release/README.md
15:45:05.238 [FXGL Background Thread 3 ] DEBUG Engine               - userAppClass: class com.lucenstuff.fxglgames.suikagame.SuikaGame
15:45:05.238 [FXGL Background Thread 3 ] DEBUG Engine               - version: 0.1
15:45:05.238 [FXGL Background Thread 3 ] DEBUG Engine               - versionCheckDays: 7
15:45:05.238 [FXGL Background Thread 3 ] DEBUG Engine               - width: 1280
15:45:05.238 [FXGL Background Thread 3 ] DEBUG Engine               - Logging services
15:45:05.238 [FXGL Background Thread 3 ] DEBUG Engine               - class com.almasb.fxgl.app.services.FXGLAssetLoaderService
15:45:05.238 [FXGL Background Thread 3 ] DEBUG Engine               - class com.almasb.fxgl.app.FXGLApplication$GameApplicationService
15:45:05.238 [FXGL Background Thread 3 ] DEBUG Engine               - class com.almasb.fxgl.app.services.FXGLDialogService
15:45:05.238 [FXGL Background Thread 3 ] DEBUG Engine               - class com.almasb.fxgl.app.services.IOTaskExecutorService
15:45:05.238 [FXGL Background Thread 3 ] DEBUG Engine               - class com.almasb.fxgl.io.FileSystemService
15:45:05.238 [FXGL Background Thread 3 ] DEBUG Engine               - class com.almasb.fxgl.localization.LocalizationService
15:45:05.239 [FXGL Background Thread 3 ] DEBUG Engine               - class com.almasb.fxgl.app.services.SystemBundleService
15:45:05.239 [FXGL Background Thread 3 ] DEBUG Engine               - class com.almasb.fxgl.profile.SaveLoadService
15:45:05.239 [FXGL Background Thread 3 ] DEBUG Engine               - class com.almasb.fxgl.ui.FXGLUIFactoryServiceProvider
15:45:05.239 [FXGL Background Thread 3 ] DEBUG Engine               - class com.almasb.fxgl.ui.FXGLDialogFactoryServiceProvider
15:45:05.239 [FXGL Background Thread 3 ] DEBUG Engine               - class com.almasb.fxgl.audio.AudioPlayer
15:45:05.239 [FXGL Background Thread 3 ] DEBUG Engine               - class com.almasb.fxgl.notification.impl.NotificationServiceProvider
15:45:05.239 [FXGL Background Thread 3 ] DEBUG Engine               - class com.almasb.fxgl.achievement.AchievementService
15:45:05.239 [FXGL Background Thread 3 ] DEBUG Engine               - class com.almasb.fxgl.cutscene.CutsceneService
15:45:05.239 [FXGL Background Thread 3 ] DEBUG Engine               - class com.almasb.fxgl.minigames.MiniGameService
15:45:05.239 [FXGL Background Thread 3 ] DEBUG Engine               - class com.almasb.fxgl.net.NetService
15:45:05.239 [FXGL Background Thread 3 ] DEBUG Engine               - class com.almasb.fxgl.app.services.UpdaterService
15:45:05.239 [FXGL Background Thread 3 ] DEBUG Engine               - class com.almasb.fxgl.dev.DevService
15:45:25.959 [JavaFX Application Thread] DEBUG FXGLApplication      - Exiting FXGL
15:45:25.959 [JavaFX Application Thread] DEBUG Async                - Shutting down background threads
15:45:25.959 [JavaFX Application Thread] DEBUG PrimaryStageWindow   - Closing main window
15:45:25.968 [JavaFX Application Thread] DEBUG Logger               - Closing Logger
