12:32:31.129 [main                     ] DEBUG Logger               - Configured Logger
12:32:31.158 [main                     ] DEBUG GameApplication      - Logging settings
Title: Suika FXGL
Version: 0.1
Width: 1280
Height: 720
Fullscreen: false
Intro: false
Profiling: false
Single step:false
App Mode: DEVELOPER
Menu Key: ESCAPE
Stage Style: DECORATED
Scene Factory: class com.almasb.fxgl.app.scene.SceneFactory

12:32:31.683 [JavaFX Application Thread] DEBUG FXGLApplication      - Initializing FXGL
12:32:31.688 [JavaFX Application Thread] INFO  Engine               - FXGL-21 (28.12.2023 13.35) on WINDOWS (J:21.0.2 FX:21.0.1)
12:32:31.688 [JavaFX Application Thread] DEBUG Engine               - JRE Vendor Name: Oracle Corporation
12:32:31.688 [JavaFX Application Thread] DEBUG Engine               - Running on OS: Windows 10 version 10.0
12:32:31.688 [JavaFX Application Thread] DEBUG Engine               - Architecture: amd64
12:32:31.688 [JavaFX Application Thread] INFO  Engine               - Source code and latest versions at: https://github.com/AlmasB/FXGL
12:32:31.688 [JavaFX Application Thread] INFO  Engine               -       Ask questions and discuss at: https://github.com/AlmasB/FXGL/discussions
12:32:31.689 [JavaFX Application Thread] INFO  Engine               -              Join the FXGL chat at: https://gitter.im/AlmasB/FXGL
12:32:31.850 [JavaFX Application Thread] DEBUG PrimaryStageWindow   - Creating a JavaFX scene
12:32:31.917 [JavaFX Application Thread] DEBUG PrimaryStageWindow   - Target settings size: 1280.0 x 720.0
12:32:31.917 [JavaFX Application Thread] DEBUG PrimaryStageWindow   - Scaled scene size:    1280.0 x 720.0
12:32:31.918 [JavaFX Application Thread] DEBUG PrimaryStageWindow   - Scaled ratio: (1.0, 1.0)
12:32:31.919 [JavaFX Application Thread] DEBUG PrimaryStageWindow   - Set initial scene to FXGLStartupScene
12:32:31.923 [JavaFX Application Thread] DEBUG PrimaryStageWindow   - Opening main window
12:32:32.032 [JavaFX Application Thread] DEBUG PrimaryStageWindow   - Window border size: (16.0, 39.0)
12:32:32.033 [JavaFX Application Thread] DEBUG PrimaryStageWindow   - Scaled size: 1280.0 x 720.0
12:32:32.033 [JavaFX Application Thread] DEBUG PrimaryStageWindow   - Scaled ratio: (1.0, 1.0)
12:32:32.033 [JavaFX Application Thread] DEBUG PrimaryStageWindow   - Scene size: 1280.0 x 720.0
12:32:32.033 [JavaFX Application Thread] DEBUG PrimaryStageWindow   - Stage size: 1296.0 x 759.0
12:32:32.042 [FXGL Background Thread 1 ] DEBUG Engine               - Initializing environment variables
12:32:32.119 [FXGL Background Thread 1 ] DEBUG FXGLAssetLoaderServi - User app class for loading assets: class com.lucenstuff.fxglgames.suikagame.SuikaGame
12:32:32.119 [FXGL Background Thread 1 ] DEBUG GameApplicationServi - Applying CSS: fxgl_dark.css
12:32:32.120 [FXGL Background Thread 1 ] DEBUG FXGLAssetLoaderServi - Loading from file system: jar:file:/C:/Users/agust/.m2/repository/com/github/almasb/fxgl/21/fxgl-21.jar!/fxglassets/ui/css/fxgl_dark.css
12:32:32.183 [FXGL Background Thread 1 ] DEBUG GameApplicationServi - Initializing application scenes
12:32:32.286 [FXGL Background Thread 1 ] DEBUG GameWorld            - Game world initialized
12:32:32.356 [FXGL Background Thread 1 ] DEBUG PhysicsWorld         - Physics world initialized: appHeight=720, physics.ppm=50,0
12:32:32.356 [FXGL Background Thread 1 ] DEBUG PhysicsWorld         - Using strategy: BRUTE_FORCE
12:32:32.360 [FXGL Background Thread 1 ] DEBUG GameScene            - Game scene initialized: 1280x720
12:32:32.375 [FXGL Background Thread 1 ] DEBUG FXGL.DefaultMenu     - createMenuBodyGameMenu()
12:32:32.395 [FXGL Background Thread 1 ] DEBUG FXGL.DefaultMenu     - createOptionsMenu()
12:32:32.407 [FXGL Background Thread 1 ] DEBUG FXGLAssetLoaderServi - Loading from file system: jar:file:/C:/Users/agust/.m2/repository/com/github/almasb/fxgl/21/fxgl-21.jar!/fxglassets/textures/particles/smoke.png
12:32:32.531 [FXGL Background Thread 1 ] DEBUG FXGLAssetLoaderServi - Loading from file system: jar:file:/C:/Users/agust/.m2/repository/com/github/almasb/fxgl/21/fxgl-21.jar!/fxglassets/textures/particles/trace_horizontal.png
12:32:32.565 [FXGL Background Thread 1 ] DEBUG GameApplicationServi - Application scenes initialized
12:32:32.583 [FXGL Background Thread 1 ] DEBUG SystemBundleService  - Loading FXGL system data
12:32:32.587 [FXGL Background Thread 1 ] DEBUG FileSystemAccess     - Reading from: C:\Users\agust\IdeaProjects\SuikaGameJavaFXGL2\system\fxgl.bundle
12:32:32.599 [FXGL Background Thread 1 ] DEBUG SystemBundleService  - Bundle FXGL: {}
12:32:32.599 [FXGL Background Thread 1 ] DEBUG UpdaterService       - Checking for updates
12:32:32.643 [FXGL Background Thread 1 ] DEBUG FXGLApplication      - Loading default localization
12:32:32.643 [FXGL Background Thread 1 ] DEBUG FXGLAssetLoaderServi - Loading from file system: jar:file:/C:/Users/agust/.m2/repository/com/github/almasb/fxgl/21/fxgl-21.jar!/fxglassets/languages/english.lang
12:32:32.670 [FXGL Background Thread 1 ] INFO  FXGLApplication      - FXGL initialization took: 0,626 sec
12:32:32.671 [JavaFX Application Thread] DEBUG FXGLAssetLoaderServi - Loading from file system: file:/C:/Users/agust/IdeaProjects/SuikaGameJavaFXGL2/target/classes/assets/textures/watermelon_view.png
12:32:32.682 [FXGL Background Thread 4 ] DEBUG FXGLApplication      - Loading fonts
12:32:32.683 [FXGL Background Thread 4 ] DEBUG FXGLAssetLoaderServi - Loading from file system: jar:file:/C:/Users/agust/.m2/repository/com/github/almasb/fxgl/21/fxgl-21.jar!/fxglassets/ui/fonts/VarelaRound-Regular.ttf
12:32:32.688 [JavaFX Application Thread] DEBUG FXGLAssetLoaderServi - Loading from file system: jar:file:/C:/Users/agust/.m2/repository/com/github/almasb/fxgl/21/fxgl-21.jar!/fxglassets/textures/fxgl_default_cursor.png
12:32:32.706 [JavaFX Application Thread] DEBUG Input                - Registered new binding: Screenshot - CTRL+8
12:32:32.708 [JavaFX Application Thread] DEBUG Input                - Registered new binding: Dev Options - 1
12:32:32.708 [JavaFX Application Thread] DEBUG Input                - Registered new binding: Dev Console - 2
12:32:32.710 [JavaFX Application Thread] DEBUG Input                - Registered new binding: System info dump - CTRL+9
12:32:32.710 [JavaFX Application Thread] DEBUG Input                - Registered new binding: Restart - CTRL+R
12:32:32.711 [JavaFX Application Thread] DEBUG Input                - Registered new binding: Toggle Debug Camera - CTRL+7
12:32:32.717 [JavaFX Application Thread] DEBUG LoopRunner           - Starting loop
12:32:32.742 [FXGL Background Thread 4 ] DEBUG FXGLAssetLoaderServi - Loading from file system: jar:file:/C:/Users/agust/.m2/repository/com/github/almasb/fxgl/21/fxgl-21.jar!/fxglassets/ui/fonts/Abel-Regular.ttf
12:32:32.748 [JavaFX Application Thread] DEBUG LoopRunner           - Initializing JavaFX AnimationTimerLoop
12:32:32.750 [JavaFX Application Thread] DEBUG GameApplicationServi - Starting new game
12:32:32.754 [JavaFX Application Thread] DEBUG Input                - Clearing active input actions
12:32:32.767 [JavaFX Application Thread] DEBUG GameApplicationServi - Removing overlay from FXGLStartupScene and adding to FXGLLoadingScene
12:32:32.771 [JavaFX Application Thread] DEBUG PrimaryStageWindow   - FXGLStartupScene -> FXGLLoadingScene
12:32:32.771 [JavaFX Application Thread] DEBUG GameApplicationServi - Clearing previous game
12:32:32.772 [JavaFX Application Thread] DEBUG GameScene            - Clearing game scene
12:32:32.772 [JavaFX Application Thread] DEBUG GameWorld            - Clearing game world
12:32:32.772 [JavaFX Application Thread] DEBUG PhysicsWorld         - Clearing physics world
12:32:32.773 [FXGL Background Thread 1 ] DEBUG FXGLApplication      - Initializing game
12:32:32.817 [FXGL Background Thread 1 ] DEBUG FXGLAssetLoaderServi - Loading from file system: file:/C:/Users/agust/IdeaProjects/SuikaGameJavaFXGL2/target/classes/assets/textures/background_view.png
12:32:32.823 [FXGL Background Thread 4 ] DEBUG FXGLAssetLoaderServi - Loading from file system: jar:file:/C:/Users/agust/.m2/repository/com/github/almasb/fxgl/21/fxgl-21.jar!/fxglassets/ui/fonts/TerminalLandMono-Regular.otf
12:32:32.854 [FXGL Background Thread 1 ] DEBUG FXGLAssetLoaderServi - Loading from file system: file:/C:/Users/agust/IdeaProjects/SuikaGameJavaFXGL2/target/classes/assets/textures/container_view.png
12:32:33.036 [FXGL Background Thread 4 ] DEBUG FXGLAssetLoaderServi - Loading from file system: jar:file:/C:/Users/agust/.m2/repository/com/github/almasb/fxgl/21/fxgl-21.jar!/fxglassets/ui/fonts/Courier-Prime.ttf
12:32:33.039 [FXGL Background Thread 1 ] DEBUG FXGLAssetLoaderServi - Loading from file system: file:/C:/Users/agust/IdeaProjects/SuikaGameJavaFXGL2/target/classes/assets/textures/ring_view.png
12:32:33.057 [FXGL Background Thread 1 ] DEBUG FXGLAssetLoaderServi - Loading from file system: file:/C:/Users/agust/IdeaProjects/SuikaGameJavaFXGL2/target/classes/assets/textures/next_fruit_view.png
12:32:33.060 [FXGL Background Thread 1 ] DEBUG FXGLAssetLoaderServi - Loading from file system: file:/C:/Users/agust/IdeaProjects/SuikaGameJavaFXGL2/target/classes/assets/textures/score_view.png
12:32:33.066 [FXGL Background Thread 1 ] DEBUG FXGLAssetLoaderServi - Loading from file system: file:/C:/Users/agust/IdeaProjects/SuikaGameJavaFXGL2/target/classes/assets/textures/cherry_view.png
12:32:33.067 [FXGL Background Thread 1 ] DEBUG FXGLAssetLoaderServi - Loading from file system: file:/C:/Users/agust/IdeaProjects/SuikaGameJavaFXGL2/target/classes/assets/textures/strawberry_view.png
12:32:33.069 [FXGL Background Thread 1 ] DEBUG FXGLAssetLoaderServi - Loading from file system: file:/C:/Users/agust/IdeaProjects/SuikaGameJavaFXGL2/target/classes/assets/textures/grape_view.png
12:32:33.074 [FXGL Background Thread 1 ] INFO  FXGLApplication      - Game initialization took: 0,301 sec
12:32:33.184 [JavaFX Application Thread] DEBUG Input                - Clearing active input actions
12:32:33.194 [JavaFX Application Thread] DEBUG GameApplicationServi - Removing overlay from FXGLLoadingScene and adding to GameScene
12:32:33.200 [JavaFX Application Thread] DEBUG PrimaryStageWindow   - FXGLLoadingScene -> GameScene
12:32:33.201 [JavaFX Application Thread] DEBUG FXGLApplication      - Registering font factories with UI factory
12:32:34.754 [JavaFX Application Thread] DEBUG FXGLAssetLoaderServi - Loading from file system: file:/C:/Users/agust/IdeaProjects/SuikaGameJavaFXGL2/target/classes/assets/textures/apple_view.png
12:32:34.757 [JavaFX Application Thread] DEBUG FXGLAssetLoaderServi - Loading from file system: file:/C:/Users/agust/IdeaProjects/SuikaGameJavaFXGL2/target/classes/assets/sounds/fruit_drop.wav
12:32:35.638 [FXGL Background Thread 3 ] DEBUG Engine               - Logging environment variables
12:32:35.639 [FXGL Background Thread 3 ] DEBUG Engine               - achievements: []
12:32:35.639 [FXGL Background Thread 3 ] DEBUG Engine               - actualHeight: 720.0
12:32:35.639 [FXGL Background Thread 3 ] DEBUG Engine               - actualHeightProperty: ReadOnlyDoubleProperty [value: 720.0]
12:32:35.639 [FXGL Background Thread 3 ] DEBUG Engine               - actualWidth: 1280.0
12:32:35.639 [FXGL Background Thread 3 ] DEBUG Engine               - actualWidthProperty: ReadOnlyDoubleProperty [value: 1280.0]
12:32:35.639 [FXGL Background Thread 3 ] DEBUG Engine               - appIcon: watermelon_view.png
12:32:35.639 [FXGL Background Thread 3 ] DEBUG Engine               - applicationMode: DEVELOPER
12:32:35.639 [FXGL Background Thread 3 ] DEBUG Engine               - cSSList: [fxgl_dark.css]
12:32:35.639 [FXGL Background Thread 3 ] DEBUG Engine               - collisionDetectionStrategy: BRUTE_FORCE
12:32:35.639 [FXGL Background Thread 3 ] DEBUG Engine               - configClass: Optional.empty
12:32:35.640 [FXGL Background Thread 3 ] DEBUG Engine               - credits: []
12:32:35.640 [FXGL Background Thread 3 ] DEBUG Engine               - defaultCursor: CursorInfo(imageName=fxgl_default_cursor.png, hotspotX=7.0, hotspotY=6.0)
12:32:35.641 [FXGL Background Thread 3 ] DEBUG Engine               - devBBoxColorProperty: ObjectProperty [value: 0xff0000ff]
12:32:35.641 [FXGL Background Thread 3 ] DEBUG Engine               - devEnableDebugCameraProperty: BooleanProperty [value: false]
12:32:35.641 [FXGL Background Thread 3 ] DEBUG Engine               - devSensorColorProperty: ObjectProperty [value: 0xffff00ff]
12:32:35.642 [FXGL Background Thread 3 ] DEBUG Engine               - devShowBBoxProperty: BooleanProperty [value: false]
12:32:35.642 [FXGL Background Thread 3 ] DEBUG Engine               - devShowPositionProperty: BooleanProperty [value: false]
12:32:35.642 [FXGL Background Thread 3 ] DEBUG Engine               - enabledMenuItems: []
12:32:35.644 [FXGL Background Thread 3 ] DEBUG Engine               - engineServices: [class com.almasb.fxgl.app.services.FXGLAssetLoaderService, class com.almasb.fxgl.app.FXGLApplication$GameApplicationService, class com.almasb.fxgl.app.services.FXGLDialogService, class com.almasb.fxgl.app.services.IOTaskExecutorService, class com.almasb.fxgl.io.FileSystemService, class com.almasb.fxgl.localization.LocalizationService, class com.almasb.fxgl.app.services.SystemBundleService, class com.almasb.fxgl.profile.SaveLoadService, class com.almasb.fxgl.ui.FXGLUIFactoryServiceProvider, class com.almasb.fxgl.ui.FXGLDialogFactoryServiceProvider, class com.almasb.fxgl.audio.AudioPlayer, class com.almasb.fxgl.notification.impl.NotificationServiceProvider, class com.almasb.fxgl.achievement.AchievementService, class com.almasb.fxgl.cutscene.CutsceneService, class com.almasb.fxgl.minigames.MiniGameService, class com.almasb.fxgl.net.NetService, class com.almasb.fxgl.app.services.UpdaterService, class com.almasb.fxgl.dev.DevService]
12:32:35.644 [FXGL Background Thread 3 ] DEBUG Engine               - fontGame: Abel-Regular.ttf
12:32:35.644 [FXGL Background Thread 3 ] DEBUG Engine               - fontMono: TerminalLandMono-Regular.otf
12:32:35.645 [FXGL Background Thread 3 ] DEBUG Engine               - fontSizeScaleUI: 1.0
12:32:35.645 [FXGL Background Thread 3 ] DEBUG Engine               - fontText: Courier-Prime.ttf
12:32:35.645 [FXGL Background Thread 3 ] DEBUG Engine               - fontUI: VarelaRound-Regular.ttf
12:32:35.645 [FXGL Background Thread 3 ] DEBUG Engine               - fullScreen: BooleanProperty [value: false]
12:32:35.645 [FXGL Background Thread 3 ] DEBUG Engine               - gameDifficulty: MEDIUM
12:32:35.645 [FXGL Background Thread 3 ] DEBUG Engine               - gameDifficultyProperty: ObjectProperty [value: MEDIUM]
12:32:35.645 [FXGL Background Thread 3 ] DEBUG Engine               - globalMusicVolume: 0.5
12:32:35.645 [FXGL Background Thread 3 ] DEBUG Engine               - globalMusicVolumeProperty: DoubleProperty [value: 0.5]
12:32:35.645 [FXGL Background Thread 3 ] DEBUG Engine               - globalSoundVolume: 0.5
12:32:35.645 [FXGL Background Thread 3 ] DEBUG Engine               - globalSoundVolumeProperty: DoubleProperty [value: 0.5]
12:32:35.645 [FXGL Background Thread 3 ] DEBUG Engine               - height: 720
12:32:35.645 [FXGL Background Thread 3 ] DEBUG Engine               - is3D: false
12:32:35.645 [FXGL Background Thread 3 ] DEBUG Engine               - isAndroid: false
12:32:35.646 [FXGL Background Thread 3 ] DEBUG Engine               - isBrowser: false
12:32:35.646 [FXGL Background Thread 3 ] DEBUG Engine               - isClickFeedbackEnabled: false
12:32:35.646 [FXGL Background Thread 3 ] DEBUG Engine               - isCloseConfirmation: false
12:32:35.646 [FXGL Background Thread 3 ] DEBUG Engine               - isDesktop: true
12:32:35.646 [FXGL Background Thread 3 ] DEBUG Engine               - isDeveloperMenuEnabled: true
12:32:35.646 [FXGL Background Thread 3 ] DEBUG Engine               - isEmbedded: false
12:32:35.646 [FXGL Background Thread 3 ] DEBUG Engine               - isEntityPreloadEnabled: true
12:32:35.647 [FXGL Background Thread 3 ] DEBUG Engine               - isExperimentalTiledLargeMap: false
12:32:35.647 [FXGL Background Thread 3 ] DEBUG Engine               - isFileSystemWriteAllowed: true
12:32:35.647 [FXGL Background Thread 3 ] DEBUG Engine               - isFullScreenAllowed: false
12:32:35.647 [FXGL Background Thread 3 ] DEBUG Engine               - isFullScreenFromStart: false
12:32:35.647 [FXGL Background Thread 3 ] DEBUG Engine               - isGameMenuEnabled: true
12:32:35.647 [FXGL Background Thread 3 ] DEBUG Engine               - isIOS: false
12:32:35.648 [FXGL Background Thread 3 ] DEBUG Engine               - isIntroEnabled: false
12:32:35.648 [FXGL Background Thread 3 ] DEBUG Engine               - isLinux: false
12:32:35.648 [FXGL Background Thread 3 ] DEBUG Engine               - isMac: false
12:32:35.648 [FXGL Background Thread 3 ] DEBUG Engine               - isMainMenuEnabled: false
12:32:35.648 [FXGL Background Thread 3 ] DEBUG Engine               - isManualResizeEnabled: false
12:32:35.648 [FXGL Background Thread 3 ] DEBUG Engine               - isMobile: false
12:32:35.648 [FXGL Background Thread 3 ] DEBUG Engine               - isNative: false
12:32:35.648 [FXGL Background Thread 3 ] DEBUG Engine               - isPauseMusicWhenMinimized: true
12:32:35.648 [FXGL Background Thread 3 ] DEBUG Engine               - isPreserveResizeRatio: false
12:32:35.648 [FXGL Background Thread 3 ] DEBUG Engine               - isProfilingEnabled: false
12:32:35.648 [FXGL Background Thread 3 ] DEBUG Engine               - isScaleAffectedOnResize: true
12:32:35.648 [FXGL Background Thread 3 ] DEBUG Engine               - isSingleStep: false
12:32:35.648 [FXGL Background Thread 3 ] DEBUG Engine               - isUserProfileEnabled: false
12:32:35.648 [FXGL Background Thread 3 ] DEBUG Engine               - isWindows: true
12:32:35.648 [FXGL Background Thread 3 ] DEBUG Engine               - language: ObjectProperty [value: ENGLISH]
12:32:35.648 [FXGL Background Thread 3 ] DEBUG Engine               - menuKey: ESCAPE
12:32:35.648 [FXGL Background Thread 3 ] DEBUG Engine               - mouseSensitivity: 0.2
12:32:35.648 [FXGL Background Thread 3 ] DEBUG Engine               - notificationViewClass: class com.almasb.fxgl.notification.view.XboxNotificationView
12:32:35.649 [FXGL Background Thread 3 ] DEBUG Engine               - pixelsPerMeter: 50.0
12:32:35.649 [FXGL Background Thread 3 ] DEBUG Engine               - platform: WINDOWS
12:32:35.649 [FXGL Background Thread 3 ] DEBUG Engine               - prefHeightProperty: ReadOnlyDoubleProperty [value: 720.0]
12:32:35.649 [FXGL Background Thread 3 ] DEBUG Engine               - prefWidthProperty: ReadOnlyDoubleProperty [value: 1280.0]
12:32:35.649 [FXGL Background Thread 3 ] DEBUG Engine               - profileDir: profiles/
12:32:35.649 [FXGL Background Thread 3 ] DEBUG Engine               - profileName: StringProperty [value: DEFAULT]
12:32:35.649 [FXGL Background Thread 3 ] DEBUG Engine               - randomSeed: -1
12:32:35.649 [FXGL Background Thread 3 ] DEBUG Engine               - runtimeInfo: RuntimeInfo(platform=WINDOWS, version=21, build=28.12.2023 13.35)
12:32:35.649 [FXGL Background Thread 3 ] DEBUG Engine               - saveFileExt: sav
12:32:35.649 [FXGL Background Thread 3 ] DEBUG Engine               - scaledHeightProp$fxgl: DoubleProperty [bound, value: 720.0]
12:32:35.649 [FXGL Background Thread 3 ] DEBUG Engine               - scaledWidthProp$fxgl: DoubleProperty [bound, value: 1280.0]
12:32:35.649 [FXGL Background Thread 3 ] DEBUG Engine               - sceneFactory: com.almasb.fxgl.app.scene.SceneFactory@3b65362e
12:32:35.649 [FXGL Background Thread 3 ] DEBUG Engine               - secondsIn24h: 60
12:32:35.649 [FXGL Background Thread 3 ] DEBUG Engine               - soundMenuBack: menu/back.wav
12:32:35.649 [FXGL Background Thread 3 ] DEBUG Engine               - soundMenuPress: menu/press.wav
12:32:35.649 [FXGL Background Thread 3 ] DEBUG Engine               - soundMenuSelect: menu/select.wav
12:32:35.649 [FXGL Background Thread 3 ] DEBUG Engine               - soundNotification: core/notification.wav
12:32:35.650 [FXGL Background Thread 3 ] DEBUG Engine               - stageStyle: DECORATED
12:32:35.650 [FXGL Background Thread 3 ] DEBUG Engine               - supportedLanguages: [ENGLISH, FRENCH, GERMAN, HUNGARIAN, RUSSIAN]
12:32:35.650 [FXGL Background Thread 3 ] DEBUG Engine               - ticksPerSecond: -1
12:32:35.650 [FXGL Background Thread 3 ] DEBUG Engine               - title: Suika FXGL
12:32:35.650 [FXGL Background Thread 3 ] DEBUG Engine               - urlGithub: https://github.com/AlmasB/FXGL
12:32:35.650 [FXGL Background Thread 3 ] DEBUG Engine               - urlLeaderboard: http://fxgl-top.herokuapp.com/
12:32:35.650 [FXGL Background Thread 3 ] DEBUG Engine               - urlPOM: https://raw.githubusercontent.com/AlmasB/FXGL/release/README.md
12:32:35.650 [FXGL Background Thread 3 ] DEBUG Engine               - userAppClass: class com.lucenstuff.fxglgames.suikagame.SuikaGame
12:32:35.650 [FXGL Background Thread 3 ] DEBUG Engine               - version: 0.1
12:32:35.650 [FXGL Background Thread 3 ] DEBUG Engine               - versionCheckDays: 7
12:32:35.650 [FXGL Background Thread 3 ] DEBUG Engine               - width: 1280
12:32:35.650 [FXGL Background Thread 3 ] DEBUG Engine               - Logging services
12:32:35.650 [FXGL Background Thread 3 ] DEBUG Engine               - class com.almasb.fxgl.app.services.FXGLAssetLoaderService
12:32:35.650 [FXGL Background Thread 3 ] DEBUG Engine               - class com.almasb.fxgl.app.FXGLApplication$GameApplicationService
12:32:35.650 [FXGL Background Thread 3 ] DEBUG Engine               - class com.almasb.fxgl.app.services.FXGLDialogService
12:32:35.650 [FXGL Background Thread 3 ] DEBUG Engine               - class com.almasb.fxgl.app.services.IOTaskExecutorService
12:32:35.651 [FXGL Background Thread 3 ] DEBUG Engine               - class com.almasb.fxgl.io.FileSystemService
12:32:35.652 [FXGL Background Thread 3 ] DEBUG Engine               - class com.almasb.fxgl.localization.LocalizationService
12:32:35.652 [FXGL Background Thread 3 ] DEBUG Engine               - class com.almasb.fxgl.app.services.SystemBundleService
12:32:35.652 [FXGL Background Thread 3 ] DEBUG Engine               - class com.almasb.fxgl.profile.SaveLoadService
12:32:35.652 [FXGL Background Thread 3 ] DEBUG Engine               - class com.almasb.fxgl.ui.FXGLUIFactoryServiceProvider
12:32:35.652 [FXGL Background Thread 3 ] DEBUG Engine               - class com.almasb.fxgl.ui.FXGLDialogFactoryServiceProvider
12:32:35.652 [FXGL Background Thread 3 ] DEBUG Engine               - class com.almasb.fxgl.audio.AudioPlayer
12:32:35.652 [FXGL Background Thread 3 ] DEBUG Engine               - class com.almasb.fxgl.notification.impl.NotificationServiceProvider
12:32:35.652 [FXGL Background Thread 3 ] DEBUG Engine               - class com.almasb.fxgl.achievement.AchievementService
12:32:35.652 [FXGL Background Thread 3 ] DEBUG Engine               - class com.almasb.fxgl.cutscene.CutsceneService
12:32:35.652 [FXGL Background Thread 3 ] DEBUG Engine               - class com.almasb.fxgl.minigames.MiniGameService
12:32:35.652 [FXGL Background Thread 3 ] DEBUG Engine               - class com.almasb.fxgl.net.NetService
12:32:35.653 [FXGL Background Thread 3 ] DEBUG Engine               - class com.almasb.fxgl.app.services.UpdaterService
12:32:35.654 [FXGL Background Thread 3 ] DEBUG Engine               - class com.almasb.fxgl.dev.DevService
12:32:36.456 [JavaFX Application Thread] DEBUG FXGLAssetLoaderServi - Loading from file system: file:/C:/Users/agust/IdeaProjects/SuikaGameJavaFXGL2/target/classes/assets/textures/orange_view.png
12:32:37.018 [JavaFX Application Thread] DEBUG FXGLAssetLoaderServi - Loading from file system: file:/C:/Users/agust/IdeaProjects/SuikaGameJavaFXGL2/target/classes/assets/textures/lemon_view.png
12:32:43.843 [JavaFX Application Thread] DEBUG FXGLAssetLoaderServi - Loading from file system: file:/C:/Users/agust/IdeaProjects/SuikaGameJavaFXGL2/target/classes/assets/sounds/fruit_merge.wav
12:32:43.860 [JavaFX Application Thread] DEBUG FXGLAssetLoaderServi - Loading from file system: file:/C:/Users/agust/IdeaProjects/SuikaGameJavaFXGL2/target/classes/assets/textures/pear_view.png
12:33:00.333 [JavaFX Application Thread] DEBUG FXGLAssetLoaderServi - Loading from file system: file:/C:/Users/agust/IdeaProjects/SuikaGameJavaFXGL2/target/classes/assets/textures/peach_view.png
12:33:13.826 [JavaFX Application Thread] DEBUG FXGLAssetLoaderServi - Loading from file system: file:/C:/Users/agust/IdeaProjects/SuikaGameJavaFXGL2/target/classes/assets/textures/pineapple_view.png
12:34:32.530 [JavaFX Application Thread] DEBUG FXGLAssetLoaderServi - Loading from file system: file:/C:/Users/agust/IdeaProjects/SuikaGameJavaFXGL2/target/classes/assets/textures/melon_view.png
12:35:51.591 [JavaFX Application Thread] DEBUG FXGLApplication      - Exiting FXGL
12:35:51.591 [JavaFX Application Thread] DEBUG LoopRunner           - Stopping loop
12:35:51.591 [JavaFX Application Thread] DEBUG SystemBundleService  - Saving FXGL system data
12:35:51.593 [JavaFX Application Thread] DEBUG FileSystemAccess     - Writing to: C:\Users\agust\IdeaProjects\SuikaGameJavaFXGL2\system\fxgl.bundle
12:35:51.596 [JavaFX Application Thread] DEBUG Async                - Shutting down background threads
12:35:51.596 [JavaFX Application Thread] DEBUG PrimaryStageWindow   - Closing main window
12:35:51.606 [JavaFX Application Thread] DEBUG Logger               - Closing Logger
