16:50:58.274 [main                     ] DEBUG Logger               - Configured Logger
16:50:58.292 [main                     ] DEBUG GameApplication      - Logging settings
Title: Suika FXGL
Version: 0.1
Width: 1280
Height: 720
Fullscreen: false
Intro: false
Profiling: false
Single step:false
App Mode: DEVELOPER
Menu Key: ESCAPE
Stage Style: DECORATED
Scene Factory: class com.almasb.fxgl.app.scene.SceneFactory

16:50:58.685 [JavaFX Application Thread] DEBUG FXGLApplication      - Initializing FXGL
16:50:58.689 [JavaFX Application Thread] INFO  Engine               - FXGL-21 (28.12.2023 13.35) on WINDOWS (J:21.0.2 FX:21.0.1)
16:50:58.689 [JavaFX Application Thread] DEBUG Engine               - JRE Vendor Name: Oracle Corporation
16:50:58.689 [JavaFX Application Thread] DEBUG Engine               - Running on OS: Windows 10 version 10.0
16:50:58.689 [JavaFX Application Thread] DEBUG Engine               - Architecture: amd64
16:50:58.689 [JavaFX Application Thread] INFO  Engine               - Source code and latest versions at: https://github.com/AlmasB/FXGL
16:50:58.689 [JavaFX Application Thread] INFO  Engine               -       Ask questions and discuss at: https://github.com/AlmasB/FXGL/discussions
16:50:58.689 [JavaFX Application Thread] INFO  Engine               -              Join the FXGL chat at: https://gitter.im/AlmasB/FXGL
16:50:58.776 [JavaFX Application Thread] DEBUG PrimaryStageWindow   - Creating a JavaFX scene
16:50:58.814 [JavaFX Application Thread] DEBUG PrimaryStageWindow   - Target settings size: 1280.0 x 720.0
16:50:58.814 [JavaFX Application Thread] DEBUG PrimaryStageWindow   - Scaled scene size:    1280.0 x 720.0
16:50:58.814 [JavaFX Application Thread] DEBUG PrimaryStageWindow   - Scaled ratio: (1.0, 1.0)
16:50:58.815 [JavaFX Application Thread] DEBUG PrimaryStageWindow   - Set initial scene to FXGLStartupScene
16:50:58.818 [JavaFX Application Thread] DEBUG PrimaryStageWindow   - Opening main window
16:50:58.886 [JavaFX Application Thread] DEBUG PrimaryStageWindow   - Window border size: (16.0, 39.0)
16:50:58.886 [JavaFX Application Thread] DEBUG PrimaryStageWindow   - Scaled size: 1280.0 x 720.0
16:50:58.886 [JavaFX Application Thread] DEBUG PrimaryStageWindow   - Scaled ratio: (1.0, 1.0)
16:50:58.887 [JavaFX Application Thread] DEBUG PrimaryStageWindow   - Scene size: 1280.0 x 720.0
16:50:58.887 [JavaFX Application Thread] DEBUG PrimaryStageWindow   - Stage size: 1296.0 x 759.0
16:50:58.892 [FXGL Background Thread 1 ] DEBUG Engine               - Initializing environment variables
16:50:58.930 [FXGL Background Thread 1 ] DEBUG FXGLAssetLoaderServi - User app class for loading assets: class com.lucenstuff.fxglgames.suikagame.SuikaGame
16:50:58.930 [FXGL Background Thread 1 ] DEBUG GameApplicationServi - Applying CSS: fxgl_dark.css
16:50:58.931 [FXGL Background Thread 1 ] DEBUG FXGLAssetLoaderServi - Loading from file system: jar:file:/C:/Users/Fabrizio/.m2/repository/com/github/almasb/fxgl/21/fxgl-21.jar!/fxglassets/ui/css/fxgl_dark.css
16:50:58.966 [FXGL Background Thread 1 ] DEBUG GameApplicationServi - Initializing application scenes
16:50:58.989 [FXGL Background Thread 1 ] DEBUG GameWorld            - Game world initialized
16:50:59.039 [FXGL Background Thread 1 ] DEBUG PhysicsWorld         - Physics world initialized: appHeight=720, physics.ppm=50,0
16:50:59.039 [FXGL Background Thread 1 ] DEBUG PhysicsWorld         - Using strategy: BRUTE_FORCE
16:50:59.042 [FXGL Background Thread 1 ] DEBUG GameScene            - Game scene initialized: 1280x720
16:50:59.051 [FXGL Background Thread 1 ] DEBUG FXGL.DefaultMenu     - createMenuBodyGameMenu()
16:50:59.064 [FXGL Background Thread 1 ] DEBUG FXGL.DefaultMenu     - createOptionsMenu()
16:50:59.072 [FXGL Background Thread 1 ] DEBUG FXGLAssetLoaderServi - Loading from file system: jar:file:/C:/Users/Fabrizio/.m2/repository/com/github/almasb/fxgl/21/fxgl-21.jar!/fxglassets/textures/particles/smoke.png
16:50:59.152 [FXGL Background Thread 1 ] DEBUG FXGLAssetLoaderServi - Loading from file system: jar:file:/C:/Users/Fabrizio/.m2/repository/com/github/almasb/fxgl/21/fxgl-21.jar!/fxglassets/textures/particles/trace_horizontal.png
16:50:59.173 [FXGL Background Thread 1 ] DEBUG GameApplicationServi - Application scenes initialized
16:50:59.183 [FXGL Background Thread 1 ] DEBUG SystemBundleService  - Loading FXGL system data
16:50:59.187 [FXGL Background Thread 1 ] DEBUG FileSystemAccess     - Reading from: D:\Intellij\Project\system\fxgl.bundle
16:50:59.196 [FXGL Background Thread 1 ] DEBUG SystemBundleService  - Bundle FXGL: {}
16:50:59.196 [FXGL Background Thread 1 ] DEBUG UpdaterService       - Checking for updates
16:50:59.217 [FXGL Background Thread 4 ] DEBUG FXGLApplication      - Loading fonts
16:50:59.217 [FXGL Background Thread 1 ] DEBUG FXGLApplication      - Loading default localization
16:50:59.217 [FXGL Background Thread 4 ] DEBUG FXGLAssetLoaderServi - Loading from file system: jar:file:/C:/Users/Fabrizio/.m2/repository/com/github/almasb/fxgl/21/fxgl-21.jar!/fxglassets/ui/fonts/VarelaRound-Regular.ttf
16:50:59.218 [FXGL Background Thread 1 ] DEBUG FXGLAssetLoaderServi - Loading from file system: jar:file:/C:/Users/Fabrizio/.m2/repository/com/github/almasb/fxgl/21/fxgl-21.jar!/fxglassets/languages/english.lang
16:50:59.233 [FXGL Background Thread 1 ] INFO  FXGLApplication      - FXGL initialization took: 0,340 sec
16:50:59.234 [JavaFX Application Thread] DEBUG FXGLAssetLoaderServi - Loading from file system: file:/D:/Intellij/Project/target/classes/assets/textures/watermelon_view.png
16:50:59.246 [FXGL Background Thread 4 ] DEBUG FXGLAssetLoaderServi - Loading from file system: jar:file:/C:/Users/Fabrizio/.m2/repository/com/github/almasb/fxgl/21/fxgl-21.jar!/fxglassets/ui/fonts/Abel-Regular.ttf
16:50:59.250 [JavaFX Application Thread] DEBUG FXGLAssetLoaderServi - Loading from file system: jar:file:/C:/Users/Fabrizio/.m2/repository/com/github/almasb/fxgl/21/fxgl-21.jar!/fxglassets/textures/fxgl_default_cursor.png
16:50:59.256 [FXGL Background Thread 4 ] DEBUG FXGLAssetLoaderServi - Loading from file system: jar:file:/C:/Users/Fabrizio/.m2/repository/com/github/almasb/fxgl/21/fxgl-21.jar!/fxglassets/ui/fonts/TerminalLandMono-Regular.otf
16:50:59.260 [JavaFX Application Thread] DEBUG Input                - Registered new binding: Screenshot - CTRL+8
16:50:59.261 [JavaFX Application Thread] DEBUG Input                - Registered new binding: Dev Options - 1
16:50:59.261 [JavaFX Application Thread] DEBUG Input                - Registered new binding: Dev Console - 2
16:50:59.261 [JavaFX Application Thread] DEBUG Input                - Registered new binding: System info dump - CTRL+9
16:50:59.261 [JavaFX Application Thread] DEBUG Input                - Registered new binding: Restart - CTRL+R
16:50:59.262 [JavaFX Application Thread] DEBUG Input                - Registered new binding: Toggle Debug Camera - CTRL+7
16:50:59.265 [JavaFX Application Thread] DEBUG LoopRunner           - Starting loop
16:50:59.265 [FXGL Background Thread 4 ] DEBUG FXGLAssetLoaderServi - Loading from file system: jar:file:/C:/Users/Fabrizio/.m2/repository/com/github/almasb/fxgl/21/fxgl-21.jar!/fxglassets/ui/fonts/Courier-Prime.ttf
16:50:59.277 [JavaFX Application Thread] DEBUG LoopRunner           - Initializing JavaFX AnimationTimerLoop
16:50:59.278 [JavaFX Application Thread] DEBUG GameApplicationServi - Starting new game
16:50:59.279 [JavaFX Application Thread] DEBUG Input                - Clearing active input actions
16:50:59.289 [JavaFX Application Thread] DEBUG GameApplicationServi - Removing overlay from FXGLStartupScene and adding to FXGLLoadingScene
16:50:59.292 [JavaFX Application Thread] DEBUG PrimaryStageWindow   - FXGLStartupScene -> FXGLLoadingScene
16:50:59.292 [JavaFX Application Thread] DEBUG GameApplicationServi - Clearing previous game
16:50:59.292 [JavaFX Application Thread] DEBUG GameScene            - Clearing game scene
16:50:59.292 [JavaFX Application Thread] DEBUG GameWorld            - Clearing game world
16:50:59.293 [JavaFX Application Thread] DEBUG PhysicsWorld         - Clearing physics world
16:50:59.294 [FXGL Background Thread 4 ] DEBUG FXGLApplication      - Initializing game
16:50:59.299 [FXGL Background Thread 4 ] DEBUG FXGLAssetLoaderServi - Loading from file system: file:/D:/Intellij/Project/target/classes/assets/textures/background_view.png
16:50:59.330 [FXGL Background Thread 4 ] DEBUG FXGLAssetLoaderServi - Loading from file system: file:/D:/Intellij/Project/target/classes/assets/textures/container_view.png
16:50:59.356 [FXGL Background Thread 4 ] DEBUG FXGLAssetLoaderServi - Loading from file system: file:/D:/Intellij/Project/target/classes/assets/textures/ring_view.png
16:50:59.359 [FXGL Background Thread 4 ] DEBUG FXGLAssetLoaderServi - Loading from file system: file:/D:/Intellij/Project/target/classes/assets/textures/next_fruit_view.png
16:50:59.362 [FXGL Background Thread 4 ] DEBUG FXGLAssetLoaderServi - Loading from file system: file:/D:/Intellij/Project/target/classes/assets/textures/score_view.png
16:50:59.366 [FXGL Background Thread 4 ] DEBUG FXGLAssetLoaderServi - Loading from file system: file:/D:/Intellij/Project/target/classes/assets/textures/cherry_view.png
16:50:59.367 [FXGL Background Thread 4 ] DEBUG FXGLAssetLoaderServi - Loading from file system: file:/D:/Intellij/Project/target/classes/assets/textures/apple_view.png
16:50:59.369 [FXGL Background Thread 4 ] DEBUG FXGLAssetLoaderServi - Loading from file system: file:/D:/Intellij/Project/target/classes/assets/textures/strawberry_view.png
16:50:59.372 [FXGL Background Thread 4 ] INFO  FXGLApplication      - Game initialization took: 0,078 sec
16:50:59.451 [JavaFX Application Thread] DEBUG FXGLApplication      - Registering font factories with UI factory
16:50:59.460 [JavaFX Application Thread] DEBUG Input                - Clearing active input actions
16:50:59.470 [JavaFX Application Thread] DEBUG GameApplicationServi - Removing overlay from FXGLLoadingScene and adding to GameScene
16:50:59.474 [JavaFX Application Thread] DEBUG PrimaryStageWindow   - FXGLLoadingScene -> GameScene
16:51:02.216 [FXGL Background Thread 3 ] DEBUG Engine               - Logging environment variables
16:51:02.216 [FXGL Background Thread 3 ] DEBUG Engine               - achievements: []
16:51:02.216 [FXGL Background Thread 3 ] DEBUG Engine               - actualHeight: 720.0
16:51:02.216 [FXGL Background Thread 3 ] DEBUG Engine               - actualHeightProperty: ReadOnlyDoubleProperty [value: 720.0]
16:51:02.216 [FXGL Background Thread 3 ] DEBUG Engine               - actualWidth: 1280.0
16:51:02.216 [FXGL Background Thread 3 ] DEBUG Engine               - actualWidthProperty: ReadOnlyDoubleProperty [value: 1280.0]
16:51:02.216 [FXGL Background Thread 3 ] DEBUG Engine               - appIcon: watermelon_view.png
16:51:02.216 [FXGL Background Thread 3 ] DEBUG Engine               - applicationMode: DEVELOPER
16:51:02.217 [FXGL Background Thread 3 ] DEBUG Engine               - cSSList: [fxgl_dark.css]
16:51:02.217 [FXGL Background Thread 3 ] DEBUG Engine               - collisionDetectionStrategy: BRUTE_FORCE
16:51:02.217 [FXGL Background Thread 3 ] DEBUG Engine               - configClass: Optional.empty
16:51:02.217 [FXGL Background Thread 3 ] DEBUG Engine               - credits: []
16:51:02.217 [FXGL Background Thread 3 ] DEBUG Engine               - defaultCursor: CursorInfo(imageName=fxgl_default_cursor.png, hotspotX=7.0, hotspotY=6.0)
16:51:02.217 [FXGL Background Thread 3 ] DEBUG Engine               - devBBoxColorProperty: ObjectProperty [value: 0xff0000ff]
16:51:02.217 [FXGL Background Thread 3 ] DEBUG Engine               - devEnableDebugCameraProperty: BooleanProperty [value: false]
16:51:02.217 [FXGL Background Thread 3 ] DEBUG Engine               - devSensorColorProperty: ObjectProperty [value: 0xffff00ff]
16:51:02.217 [FXGL Background Thread 3 ] DEBUG Engine               - devShowBBoxProperty: BooleanProperty [value: false]
16:51:02.217 [FXGL Background Thread 3 ] DEBUG Engine               - devShowPositionProperty: BooleanProperty [value: false]
16:51:02.217 [FXGL Background Thread 3 ] DEBUG Engine               - enabledMenuItems: []
16:51:02.217 [FXGL Background Thread 3 ] DEBUG Engine               - engineServices: [class com.almasb.fxgl.app.services.FXGLAssetLoaderService, class com.almasb.fxgl.app.FXGLApplication$GameApplicationService, class com.almasb.fxgl.app.services.FXGLDialogService, class com.almasb.fxgl.app.services.IOTaskExecutorService, class com.almasb.fxgl.io.FileSystemService, class com.almasb.fxgl.localization.LocalizationService, class com.almasb.fxgl.app.services.SystemBundleService, class com.almasb.fxgl.profile.SaveLoadService, class com.almasb.fxgl.ui.FXGLUIFactoryServiceProvider, class com.almasb.fxgl.ui.FXGLDialogFactoryServiceProvider, class com.almasb.fxgl.audio.AudioPlayer, class com.almasb.fxgl.notification.impl.NotificationServiceProvider, class com.almasb.fxgl.achievement.AchievementService, class com.almasb.fxgl.cutscene.CutsceneService, class com.almasb.fxgl.minigames.MiniGameService, class com.almasb.fxgl.net.NetService, class com.almasb.fxgl.app.services.UpdaterService, class com.almasb.fxgl.dev.DevService]
16:51:02.217 [FXGL Background Thread 3 ] DEBUG Engine               - fontGame: Abel-Regular.ttf
16:51:02.217 [FXGL Background Thread 3 ] DEBUG Engine               - fontMono: TerminalLandMono-Regular.otf
16:51:02.217 [FXGL Background Thread 3 ] DEBUG Engine               - fontSizeScaleUI: 1.0
16:51:02.218 [FXGL Background Thread 3 ] DEBUG Engine               - fontText: Courier-Prime.ttf
16:51:02.218 [FXGL Background Thread 3 ] DEBUG Engine               - fontUI: VarelaRound-Regular.ttf
16:51:02.218 [FXGL Background Thread 3 ] DEBUG Engine               - fullScreen: BooleanProperty [value: false]
16:51:02.218 [FXGL Background Thread 3 ] DEBUG Engine               - gameDifficulty: MEDIUM
16:51:02.218 [FXGL Background Thread 3 ] DEBUG Engine               - gameDifficultyProperty: ObjectProperty [value: MEDIUM]
16:51:02.218 [FXGL Background Thread 3 ] DEBUG Engine               - globalMusicVolume: 0.5
16:51:02.218 [FXGL Background Thread 3 ] DEBUG Engine               - globalMusicVolumeProperty: DoubleProperty [value: 0.5]
16:51:02.218 [FXGL Background Thread 3 ] DEBUG Engine               - globalSoundVolume: 0.5
16:51:02.218 [FXGL Background Thread 3 ] DEBUG Engine               - globalSoundVolumeProperty: DoubleProperty [value: 0.5]
16:51:02.218 [FXGL Background Thread 3 ] DEBUG Engine               - height: 720
16:51:02.218 [FXGL Background Thread 3 ] DEBUG Engine               - is3D: false
16:51:02.218 [FXGL Background Thread 3 ] DEBUG Engine               - isAndroid: false
16:51:02.218 [FXGL Background Thread 3 ] DEBUG Engine               - isBrowser: false
16:51:02.218 [FXGL Background Thread 3 ] DEBUG Engine               - isClickFeedbackEnabled: false
16:51:02.218 [FXGL Background Thread 3 ] DEBUG Engine               - isCloseConfirmation: false
16:51:02.218 [FXGL Background Thread 3 ] DEBUG Engine               - isDesktop: true
16:51:02.218 [FXGL Background Thread 3 ] DEBUG Engine               - isDeveloperMenuEnabled: true
16:51:02.218 [FXGL Background Thread 3 ] DEBUG Engine               - isEmbedded: false
16:51:02.218 [FXGL Background Thread 3 ] DEBUG Engine               - isEntityPreloadEnabled: true
16:51:02.218 [FXGL Background Thread 3 ] DEBUG Engine               - isExperimentalTiledLargeMap: false
16:51:02.218 [FXGL Background Thread 3 ] DEBUG Engine               - isFileSystemWriteAllowed: true
16:51:02.219 [FXGL Background Thread 3 ] DEBUG Engine               - isFullScreenAllowed: false
16:51:02.219 [FXGL Background Thread 3 ] DEBUG Engine               - isFullScreenFromStart: false
16:51:02.219 [FXGL Background Thread 3 ] DEBUG Engine               - isGameMenuEnabled: true
16:51:02.219 [FXGL Background Thread 3 ] DEBUG Engine               - isIOS: false
16:51:02.219 [FXGL Background Thread 3 ] DEBUG Engine               - isIntroEnabled: false
16:51:02.219 [FXGL Background Thread 3 ] DEBUG Engine               - isLinux: false
16:51:02.219 [FXGL Background Thread 3 ] DEBUG Engine               - isMac: false
16:51:02.219 [FXGL Background Thread 3 ] DEBUG Engine               - isMainMenuEnabled: false
16:51:02.219 [FXGL Background Thread 3 ] DEBUG Engine               - isManualResizeEnabled: false
16:51:02.219 [FXGL Background Thread 3 ] DEBUG Engine               - isMobile: false
16:51:02.219 [FXGL Background Thread 3 ] DEBUG Engine               - isNative: false
16:51:02.219 [FXGL Background Thread 3 ] DEBUG Engine               - isPauseMusicWhenMinimized: true
16:51:02.219 [FXGL Background Thread 3 ] DEBUG Engine               - isPreserveResizeRatio: false
16:51:02.219 [FXGL Background Thread 3 ] DEBUG Engine               - isProfilingEnabled: false
16:51:02.219 [FXGL Background Thread 3 ] DEBUG Engine               - isScaleAffectedOnResize: true
16:51:02.219 [FXGL Background Thread 3 ] DEBUG Engine               - isSingleStep: false
16:51:02.219 [FXGL Background Thread 3 ] DEBUG Engine               - isUserProfileEnabled: false
16:51:02.219 [FXGL Background Thread 3 ] DEBUG Engine               - isWindows: true
16:51:02.219 [FXGL Background Thread 3 ] DEBUG Engine               - language: ObjectProperty [value: ENGLISH]
16:51:02.219 [FXGL Background Thread 3 ] DEBUG Engine               - menuKey: ESCAPE
16:51:02.219 [FXGL Background Thread 3 ] DEBUG Engine               - mouseSensitivity: 0.2
16:51:02.219 [FXGL Background Thread 3 ] DEBUG Engine               - notificationViewClass: class com.almasb.fxgl.notification.view.XboxNotificationView
16:51:02.220 [FXGL Background Thread 3 ] DEBUG Engine               - pixelsPerMeter: 50.0
16:51:02.220 [FXGL Background Thread 3 ] DEBUG Engine               - platform: WINDOWS
16:51:02.220 [FXGL Background Thread 3 ] DEBUG Engine               - prefHeightProperty: ReadOnlyDoubleProperty [value: 720.0]
16:51:02.220 [FXGL Background Thread 3 ] DEBUG Engine               - prefWidthProperty: ReadOnlyDoubleProperty [value: 1280.0]
16:51:02.220 [FXGL Background Thread 3 ] DEBUG Engine               - profileDir: profiles/
16:51:02.220 [FXGL Background Thread 3 ] DEBUG Engine               - profileName: StringProperty [value: DEFAULT]
16:51:02.220 [FXGL Background Thread 3 ] DEBUG Engine               - randomSeed: -1
16:51:02.220 [FXGL Background Thread 3 ] DEBUG Engine               - runtimeInfo: RuntimeInfo(platform=WINDOWS, version=21, build=28.12.2023 13.35)
16:51:02.220 [FXGL Background Thread 3 ] DEBUG Engine               - saveFileExt: sav
16:51:02.220 [FXGL Background Thread 3 ] DEBUG Engine               - scaledHeightProp$fxgl: DoubleProperty [bound, value: 720.0]
16:51:02.220 [FXGL Background Thread 3 ] DEBUG Engine               - scaledWidthProp$fxgl: DoubleProperty [bound, value: 1280.0]
16:51:02.220 [FXGL Background Thread 3 ] DEBUG Engine               - sceneFactory: com.almasb.fxgl.app.scene.SceneFactory@5a3aa63d
16:51:02.220 [FXGL Background Thread 3 ] DEBUG Engine               - secondsIn24h: 60
16:51:02.220 [FXGL Background Thread 3 ] DEBUG Engine               - soundMenuBack: menu/back.wav
16:51:02.220 [FXGL Background Thread 3 ] DEBUG Engine               - soundMenuPress: menu/press.wav
16:51:02.220 [FXGL Background Thread 3 ] DEBUG Engine               - soundMenuSelect: menu/select.wav
16:51:02.220 [FXGL Background Thread 3 ] DEBUG Engine               - soundNotification: core/notification.wav
16:51:02.220 [FXGL Background Thread 3 ] DEBUG Engine               - stageStyle: DECORATED
16:51:02.220 [FXGL Background Thread 3 ] DEBUG Engine               - supportedLanguages: [ENGLISH, FRENCH, GERMAN, HUNGARIAN, RUSSIAN]
16:51:02.221 [FXGL Background Thread 3 ] DEBUG Engine               - ticksPerSecond: -1
16:51:02.221 [FXGL Background Thread 3 ] DEBUG Engine               - title: Suika FXGL
16:51:02.221 [FXGL Background Thread 3 ] DEBUG Engine               - urlGithub: https://github.com/AlmasB/FXGL
16:51:02.221 [FXGL Background Thread 3 ] DEBUG Engine               - urlLeaderboard: http://fxgl-top.herokuapp.com/
16:51:02.221 [FXGL Background Thread 3 ] DEBUG Engine               - urlPOM: https://raw.githubusercontent.com/AlmasB/FXGL/release/README.md
16:51:02.221 [FXGL Background Thread 3 ] DEBUG Engine               - userAppClass: class com.lucenstuff.fxglgames.suikagame.SuikaGame
16:51:02.221 [FXGL Background Thread 3 ] DEBUG Engine               - version: 0.1
16:51:02.221 [FXGL Background Thread 3 ] DEBUG Engine               - versionCheckDays: 7
16:51:02.221 [FXGL Background Thread 3 ] DEBUG Engine               - width: 1280
16:51:02.221 [FXGL Background Thread 3 ] DEBUG Engine               - Logging services
16:51:02.221 [FXGL Background Thread 3 ] DEBUG Engine               - class com.almasb.fxgl.app.services.FXGLAssetLoaderService
16:51:02.221 [FXGL Background Thread 3 ] DEBUG Engine               - class com.almasb.fxgl.app.FXGLApplication$GameApplicationService
16:51:02.221 [FXGL Background Thread 3 ] DEBUG Engine               - class com.almasb.fxgl.app.services.FXGLDialogService
16:51:02.221 [FXGL Background Thread 3 ] DEBUG Engine               - class com.almasb.fxgl.app.services.IOTaskExecutorService
16:51:02.221 [FXGL Background Thread 3 ] DEBUG Engine               - class com.almasb.fxgl.io.FileSystemService
16:51:02.221 [FXGL Background Thread 3 ] DEBUG Engine               - class com.almasb.fxgl.localization.LocalizationService
16:51:02.221 [FXGL Background Thread 3 ] DEBUG Engine               - class com.almasb.fxgl.app.services.SystemBundleService
16:51:02.221 [FXGL Background Thread 3 ] DEBUG Engine               - class com.almasb.fxgl.profile.SaveLoadService
16:51:02.222 [FXGL Background Thread 3 ] DEBUG Engine               - class com.almasb.fxgl.ui.FXGLUIFactoryServiceProvider
16:51:02.222 [FXGL Background Thread 3 ] DEBUG Engine               - class com.almasb.fxgl.ui.FXGLDialogFactoryServiceProvider
16:51:02.222 [FXGL Background Thread 3 ] DEBUG Engine               - class com.almasb.fxgl.audio.AudioPlayer
16:51:02.222 [FXGL Background Thread 3 ] DEBUG Engine               - class com.almasb.fxgl.notification.impl.NotificationServiceProvider
16:51:02.222 [FXGL Background Thread 3 ] DEBUG Engine               - class com.almasb.fxgl.achievement.AchievementService
16:51:02.222 [FXGL Background Thread 3 ] DEBUG Engine               - class com.almasb.fxgl.cutscene.CutsceneService
16:51:02.222 [FXGL Background Thread 3 ] DEBUG Engine               - class com.almasb.fxgl.minigames.MiniGameService
16:51:02.222 [FXGL Background Thread 3 ] DEBUG Engine               - class com.almasb.fxgl.net.NetService
16:51:02.222 [FXGL Background Thread 3 ] DEBUG Engine               - class com.almasb.fxgl.app.services.UpdaterService
16:51:02.222 [FXGL Background Thread 3 ] DEBUG Engine               - class com.almasb.fxgl.dev.DevService
16:51:06.668 [JavaFX Application Thread] DEBUG FXGLAssetLoaderServi - Loading from file system: file:/D:/Intellij/Project/target/classes/assets/textures/grape_view.png
16:51:06.670 [JavaFX Application Thread] DEBUG FXGLAssetLoaderServi - Loading from file system: file:/D:/Intellij/Project/target/classes/assets/sounds/fruit_drop.wav
16:51:07.035 [JavaFX Application Thread] DEBUG FXGLAssetLoaderServi - Loading from file system: file:/D:/Intellij/Project/target/classes/assets/textures/lemon_view.png
16:51:07.297 [JavaFX Application Thread] DEBUG FXGLAssetLoaderServi - Loading from file system: file:/D:/Intellij/Project/target/classes/assets/textures/orange_view.png
16:51:07.824 [JavaFX Application Thread] DEBUG FXGLAssetLoaderServi - Loading from file system: file:/D:/Intellij/Project/target/classes/assets/sounds/fruit_merge.wav
16:51:09.102 [JavaFX Application Thread] DEBUG FXGLAssetLoaderServi - Loading from file system: file:/D:/Intellij/Project/target/classes/assets/textures/pear_view.png
16:52:10.045 [JavaFX Application Thread] DEBUG FXGLAssetLoaderServi - Loading from file system: file:/D:/Intellij/Project/target/classes/assets/textures/peach_view.png
16:52:13.594 [JavaFX Application Thread] DEBUG FXGLAssetLoaderServi - Loading from file system: file:/D:/Intellij/Project/target/classes/assets/textures/pineapple_view.png
16:52:20.801 [JavaFX Application Thread] DEBUG PrimaryStageWindow   - Push state: DialogSubScene
16:52:20.802 [JavaFX Application Thread] DEBUG Input                - Clearing active input actions
16:52:20.802 [JavaFX Application Thread] DEBUG GameApplicationServi - Removing overlay from GameScene and adding to DialogSubScene
16:52:20.803 [JavaFX Application Thread] DEBUG PrimaryStageWindow   - GameScene -> DialogSubScene
16:52:21.838 [JavaFX Application Thread] DEBUG PrimaryStageWindow   - Pop state: DialogSubScene
16:52:21.838 [JavaFX Application Thread] DEBUG Input                - Clearing active input actions
16:52:21.839 [JavaFX Application Thread] DEBUG GameApplicationServi - Removing overlay from DialogSubScene and adding to GameScene
16:52:21.840 [JavaFX Application Thread] DEBUG PrimaryStageWindow   - GameScene <- DialogSubScene
16:52:22.026 [JavaFX Application Thread] DEBUG PrimaryStageWindow   - Push state: DialogSubScene
16:52:22.026 [JavaFX Application Thread] DEBUG Input                - Clearing active input actions
16:52:22.027 [JavaFX Application Thread] DEBUG GameApplicationServi - Removing overlay from GameScene and adding to DialogSubScene
16:52:22.028 [JavaFX Application Thread] DEBUG PrimaryStageWindow   - GameScene -> DialogSubScene
16:52:22.639 [JavaFX Application Thread] DEBUG PrimaryStageWindow   - Pop state: DialogSubScene
16:52:22.640 [JavaFX Application Thread] DEBUG Input                - Clearing active input actions
16:52:22.640 [JavaFX Application Thread] DEBUG GameApplicationServi - Removing overlay from DialogSubScene and adding to GameScene
16:52:22.641 [JavaFX Application Thread] DEBUG PrimaryStageWindow   - GameScene <- DialogSubScene
16:52:23.283 [JavaFX Application Thread] DEBUG PrimaryStageWindow   - Push state: DialogSubScene
16:52:23.283 [JavaFX Application Thread] DEBUG Input                - Clearing active input actions
16:52:23.283 [JavaFX Application Thread] DEBUG GameApplicationServi - Removing overlay from GameScene and adding to DialogSubScene
16:52:23.284 [JavaFX Application Thread] DEBUG PrimaryStageWindow   - GameScene -> DialogSubScene
16:52:25.843 [JavaFX Application Thread] DEBUG PrimaryStageWindow   - Pop state: DialogSubScene
16:52:25.843 [JavaFX Application Thread] DEBUG Input                - Clearing active input actions
16:52:25.843 [JavaFX Application Thread] DEBUG GameApplicationServi - Removing overlay from DialogSubScene and adding to GameScene
16:52:25.844 [JavaFX Application Thread] DEBUG PrimaryStageWindow   - GameScene <- DialogSubScene
16:52:25.955 [JavaFX Application Thread] DEBUG PrimaryStageWindow   - Push state: DialogSubScene
16:52:25.955 [JavaFX Application Thread] DEBUG Input                - Clearing active input actions
16:52:25.955 [JavaFX Application Thread] DEBUG GameApplicationServi - Removing overlay from GameScene and adding to DialogSubScene
16:52:25.956 [JavaFX Application Thread] DEBUG PrimaryStageWindow   - GameScene -> DialogSubScene
16:52:26.373 [JavaFX Application Thread] DEBUG PrimaryStageWindow   - Pop state: DialogSubScene
16:52:26.374 [JavaFX Application Thread] DEBUG Input                - Clearing active input actions
16:52:26.374 [JavaFX Application Thread] DEBUG GameApplicationServi - Removing overlay from DialogSubScene and adding to GameScene
16:52:26.374 [JavaFX Application Thread] DEBUG PrimaryStageWindow   - GameScene <- DialogSubScene
16:52:26.618 [JavaFX Application Thread] DEBUG PrimaryStageWindow   - Push state: DialogSubScene
16:52:26.618 [JavaFX Application Thread] DEBUG Input                - Clearing active input actions
16:52:26.618 [JavaFX Application Thread] DEBUG GameApplicationServi - Removing overlay from GameScene and adding to DialogSubScene
16:52:26.619 [JavaFX Application Thread] DEBUG PrimaryStageWindow   - GameScene -> DialogSubScene
16:52:27.628 [JavaFX Application Thread] DEBUG FXGLApplication      - Exiting FXGL
16:52:27.629 [JavaFX Application Thread] DEBUG LoopRunner           - Stopping loop
16:52:27.629 [JavaFX Application Thread] DEBUG SystemBundleService  - Saving FXGL system data
16:52:27.630 [JavaFX Application Thread] DEBUG FileSystemAccess     - Writing to: D:\Intellij\Project\system\fxgl.bundle
16:52:27.632 [JavaFX Application Thread] DEBUG Async                - Shutting down background threads
16:52:27.632 [JavaFX Application Thread] DEBUG PrimaryStageWindow   - Closing main window
16:52:27.641 [JavaFX Application Thread] DEBUG Logger               - Closing Logger
