18:16:52.027 [main                     ] DEBUG Logger               - Configured Logger
18:16:52.047 [main                     ] DEBUG GameApplication      - Logging settings
Title: Suika FXGL
Version: 0.1
Width: 1280
Height: 720
Fullscreen: false
Intro: false
Profiling: false
Single step:false
App Mode: DEVELOPER
Menu Key: ESCAPE
Stage Style: DECORATED
Scene Factory: class com.almasb.fxgl.app.scene.SceneFactory

18:16:52.500 [JavaFX Application Thread] DEBUG FXGLApplication      - Initializing FXGL
18:16:52.503 [JavaFX Application Thread] INFO  Engine               - FXGL-21 (28.12.2023 13.35) on WINDOWS (J:21.0.2 FX:21.0.1)
18:16:52.503 [JavaFX Application Thread] DEBUG Engine               - JRE Vendor Name: Oracle Corporation
18:16:52.504 [JavaFX Application Thread] DEBUG Engine               - Running on OS: Windows 10 version 10.0
18:16:52.504 [JavaFX Application Thread] DEBUG Engine               - Architecture: amd64
18:16:52.504 [JavaFX Application Thread] INFO  Engine               - Source code and latest versions at: https://github.com/AlmasB/FXGL
18:16:52.504 [JavaFX Application Thread] INFO  Engine               -       Ask questions and discuss at: https://github.com/AlmasB/FXGL/discussions
18:16:52.504 [JavaFX Application Thread] INFO  Engine               -              Join the FXGL chat at: https://gitter.im/AlmasB/FXGL
18:16:52.598 [JavaFX Application Thread] DEBUG PrimaryStageWindow   - Creating a JavaFX scene
18:16:52.641 [JavaFX Application Thread] DEBUG PrimaryStageWindow   - Target settings size: 1280.0 x 720.0
18:16:52.641 [JavaFX Application Thread] DEBUG PrimaryStageWindow   - Scaled scene size:    1280.0 x 720.0
18:16:52.641 [JavaFX Application Thread] DEBUG PrimaryStageWindow   - Scaled ratio: (1.0, 1.0)
18:16:52.642 [JavaFX Application Thread] DEBUG PrimaryStageWindow   - Set initial scene to FXGLStartupScene
18:16:52.644 [JavaFX Application Thread] DEBUG PrimaryStageWindow   - Opening main window
18:16:52.719 [JavaFX Application Thread] DEBUG PrimaryStageWindow   - Window border size: (16.0, 39.0)
18:16:52.719 [JavaFX Application Thread] DEBUG PrimaryStageWindow   - Scaled size: 1280.0 x 720.0
18:16:52.719 [JavaFX Application Thread] DEBUG PrimaryStageWindow   - Scaled ratio: (1.0, 1.0)
18:16:52.719 [JavaFX Application Thread] DEBUG PrimaryStageWindow   - Scene size: 1280.0 x 720.0
18:16:52.719 [JavaFX Application Thread] DEBUG PrimaryStageWindow   - Stage size: 1296.0 x 759.0
18:16:52.725 [FXGL Background Thread 1 ] DEBUG Engine               - Initializing environment variables
18:16:52.766 [FXGL Background Thread 1 ] DEBUG FXGLAssetLoaderServi - User app class for loading assets: class com.lucenstuff.fxglgames.suikagame.SuikaGame
18:16:52.766 [FXGL Background Thread 1 ] DEBUG GameApplicationServi - Applying CSS: fxgl_dark.css
18:16:52.768 [FXGL Background Thread 1 ] DEBUG FXGLAssetLoaderServi - Loading from file system: jar:file:/C:/Users/Fabrizio/.m2/repository/com/github/almasb/fxgl/21/fxgl-21.jar!/fxglassets/ui/css/fxgl_dark.css
18:16:52.803 [FXGL Background Thread 1 ] DEBUG GameApplicationServi - Initializing application scenes
18:16:52.827 [FXGL Background Thread 1 ] DEBUG GameWorld            - Game world initialized
18:16:52.874 [FXGL Background Thread 1 ] DEBUG PhysicsWorld         - Physics world initialized: appHeight=720, physics.ppm=50,0
18:16:52.875 [FXGL Background Thread 1 ] DEBUG PhysicsWorld         - Using strategy: BRUTE_FORCE
18:16:52.878 [FXGL Background Thread 1 ] DEBUG GameScene            - Game scene initialized: 1280x720
18:16:52.889 [FXGL Background Thread 1 ] DEBUG FXGL.DefaultMenu     - createMenuBodyGameMenu()
18:16:52.901 [FXGL Background Thread 1 ] DEBUG FXGL.DefaultMenu     - createOptionsMenu()
18:16:52.909 [FXGL Background Thread 1 ] DEBUG FXGLAssetLoaderServi - Loading from file system: jar:file:/C:/Users/Fabrizio/.m2/repository/com/github/almasb/fxgl/21/fxgl-21.jar!/fxglassets/textures/particles/smoke.png
18:16:52.991 [FXGL Background Thread 1 ] DEBUG FXGLAssetLoaderServi - Loading from file system: jar:file:/C:/Users/Fabrizio/.m2/repository/com/github/almasb/fxgl/21/fxgl-21.jar!/fxglassets/textures/particles/trace_horizontal.png
18:16:53.015 [FXGL Background Thread 1 ] DEBUG GameApplicationServi - Application scenes initialized
18:16:53.024 [FXGL Background Thread 1 ] DEBUG SystemBundleService  - Loading FXGL system data
18:16:53.027 [FXGL Background Thread 1 ] DEBUG FileSystemAccess     - Reading from: D:\Intellij\Project\system\fxgl.bundle
18:16:53.035 [FXGL Background Thread 1 ] DEBUG SystemBundleService  - Bundle FXGL: {}
18:16:53.035 [FXGL Background Thread 1 ] DEBUG UpdaterService       - Checking for updates
18:16:53.056 [FXGL Background Thread 4 ] DEBUG FXGLApplication      - Loading fonts
18:16:53.056 [FXGL Background Thread 1 ] DEBUG FXGLApplication      - Loading default localization
18:16:53.056 [FXGL Background Thread 4 ] DEBUG FXGLAssetLoaderServi - Loading from file system: jar:file:/C:/Users/Fabrizio/.m2/repository/com/github/almasb/fxgl/21/fxgl-21.jar!/fxglassets/ui/fonts/VarelaRound-Regular.ttf
18:16:53.057 [FXGL Background Thread 1 ] DEBUG FXGLAssetLoaderServi - Loading from file system: jar:file:/C:/Users/Fabrizio/.m2/repository/com/github/almasb/fxgl/21/fxgl-21.jar!/fxglassets/languages/english.lang
18:16:53.071 [FXGL Background Thread 1 ] INFO  FXGLApplication      - FXGL initialization took: 0,346 sec
18:16:53.072 [JavaFX Application Thread] DEBUG FXGLAssetLoaderServi - Loading from file system: file:/D:/Intellij/Project/target/classes/assets/textures/watermelon_view.png
18:16:53.082 [FXGL Background Thread 4 ] DEBUG FXGLAssetLoaderServi - Loading from file system: jar:file:/C:/Users/Fabrizio/.m2/repository/com/github/almasb/fxgl/21/fxgl-21.jar!/fxglassets/ui/fonts/Abel-Regular.ttf
18:16:53.087 [JavaFX Application Thread] DEBUG FXGLAssetLoaderServi - Loading from file system: jar:file:/C:/Users/Fabrizio/.m2/repository/com/github/almasb/fxgl/21/fxgl-21.jar!/fxglassets/textures/fxgl_default_cursor.png
18:16:53.092 [FXGL Background Thread 4 ] DEBUG FXGLAssetLoaderServi - Loading from file system: jar:file:/C:/Users/Fabrizio/.m2/repository/com/github/almasb/fxgl/21/fxgl-21.jar!/fxglassets/ui/fonts/TerminalLandMono-Regular.otf
18:16:53.097 [JavaFX Application Thread] DEBUG Input                - Registered new binding: Screenshot - CTRL+8
18:16:53.097 [JavaFX Application Thread] DEBUG Input                - Registered new binding: Dev Options - 1
18:16:53.098 [JavaFX Application Thread] DEBUG Input                - Registered new binding: Dev Console - 2
18:16:53.098 [JavaFX Application Thread] DEBUG Input                - Registered new binding: System info dump - CTRL+9
18:16:53.098 [JavaFX Application Thread] DEBUG Input                - Registered new binding: Restart - CTRL+R
18:16:53.099 [JavaFX Application Thread] DEBUG Input                - Registered new binding: Toggle Debug Camera - CTRL+7
18:16:53.100 [FXGL Background Thread 4 ] DEBUG FXGLAssetLoaderServi - Loading from file system: jar:file:/C:/Users/Fabrizio/.m2/repository/com/github/almasb/fxgl/21/fxgl-21.jar!/fxglassets/ui/fonts/Courier-Prime.ttf
18:16:53.102 [JavaFX Application Thread] DEBUG LoopRunner           - Starting loop
18:16:53.113 [JavaFX Application Thread] DEBUG LoopRunner           - Initializing JavaFX AnimationTimerLoop
18:16:53.115 [JavaFX Application Thread] DEBUG GameApplicationServi - Starting new game
18:16:53.116 [JavaFX Application Thread] DEBUG Input                - Clearing active input actions
18:16:53.125 [JavaFX Application Thread] DEBUG GameApplicationServi - Removing overlay from FXGLStartupScene and adding to FXGLLoadingScene
18:16:53.127 [JavaFX Application Thread] DEBUG PrimaryStageWindow   - FXGLStartupScene -> FXGLLoadingScene
18:16:53.128 [JavaFX Application Thread] DEBUG GameApplicationServi - Clearing previous game
18:16:53.128 [JavaFX Application Thread] DEBUG GameScene            - Clearing game scene
18:16:53.128 [JavaFX Application Thread] DEBUG GameWorld            - Clearing game world
18:16:53.128 [JavaFX Application Thread] DEBUG PhysicsWorld         - Clearing physics world
18:16:53.129 [FXGL Background Thread 4 ] DEBUG FXGLApplication      - Initializing game
18:16:53.130 [JavaFX Application Thread] DEBUG FXGLApplication      - Registering font factories with UI factory
18:16:53.134 [FXGL Background Thread 4 ] DEBUG FXGLAssetLoaderServi - Loading from file system: file:/D:/Intellij/Project/target/classes/assets/textures/background_view.png
18:16:53.167 [FXGL Background Thread 4 ] DEBUG FXGLAssetLoaderServi - Loading from file system: file:/D:/Intellij/Project/target/classes/assets/textures/container_view.png
18:16:53.195 [FXGL Background Thread 4 ] DEBUG FXGLAssetLoaderServi - Loading from file system: file:/D:/Intellij/Project/target/classes/assets/textures/ring_view.png
18:16:53.198 [FXGL Background Thread 4 ] DEBUG FXGLAssetLoaderServi - Loading from file system: file:/D:/Intellij/Project/target/classes/assets/textures/next_fruit_view.png
18:16:53.201 [FXGL Background Thread 4 ] DEBUG FXGLAssetLoaderServi - Loading from file system: file:/D:/Intellij/Project/target/classes/assets/textures/score_view.png
18:16:53.206 [FXGL Background Thread 4 ] DEBUG FXGLAssetLoaderServi - Loading from file system: file:/D:/Intellij/Project/target/classes/assets/textures/grape_view.png
18:16:53.207 [FXGL Background Thread 4 ] DEBUG FXGLAssetLoaderServi - Loading from file system: file:/D:/Intellij/Project/target/classes/assets/textures/orange_view.png
18:16:53.208 [FXGL Background Thread 4 ] DEBUG FXGLAssetLoaderServi - Loading from file system: file:/D:/Intellij/Project/target/classes/assets/textures/apple_view.png
18:16:53.211 [FXGL Background Thread 4 ] INFO  FXGLApplication      - Game initialization took: 0,083 sec
18:16:53.304 [JavaFX Application Thread] DEBUG Input                - Clearing active input actions
18:16:53.314 [JavaFX Application Thread] DEBUG GameApplicationServi - Removing overlay from FXGLLoadingScene and adding to GameScene
18:16:53.318 [JavaFX Application Thread] DEBUG PrimaryStageWindow   - FXGLLoadingScene -> GameScene
18:16:55.059 [JavaFX Application Thread] DEBUG FXGLAssetLoaderServi - Loading from file system: file:/D:/Intellij/Project/target/classes/assets/textures/lemon_view.png
18:16:55.061 [JavaFX Application Thread] DEBUG FXGLAssetLoaderServi - Loading from file system: file:/D:/Intellij/Project/target/classes/assets/sounds/fruit_drop.wav
18:16:56.055 [FXGL Background Thread 3 ] DEBUG Engine               - Logging environment variables
18:16:56.055 [FXGL Background Thread 3 ] DEBUG Engine               - achievements: []
18:16:56.055 [FXGL Background Thread 3 ] DEBUG Engine               - actualHeight: 720.0
18:16:56.055 [FXGL Background Thread 3 ] DEBUG Engine               - actualHeightProperty: ReadOnlyDoubleProperty [value: 720.0]
18:16:56.056 [FXGL Background Thread 3 ] DEBUG Engine               - actualWidth: 1280.0
18:16:56.056 [FXGL Background Thread 3 ] DEBUG Engine               - actualWidthProperty: ReadOnlyDoubleProperty [value: 1280.0]
18:16:56.056 [FXGL Background Thread 3 ] DEBUG Engine               - appIcon: watermelon_view.png
18:16:56.056 [FXGL Background Thread 3 ] DEBUG Engine               - applicationMode: DEVELOPER
18:16:56.056 [FXGL Background Thread 3 ] DEBUG Engine               - cSSList: [fxgl_dark.css]
18:16:56.056 [FXGL Background Thread 3 ] DEBUG Engine               - collisionDetectionStrategy: BRUTE_FORCE
18:16:56.056 [FXGL Background Thread 3 ] DEBUG Engine               - configClass: Optional.empty
18:16:56.056 [FXGL Background Thread 3 ] DEBUG Engine               - credits: []
18:16:56.056 [FXGL Background Thread 3 ] DEBUG Engine               - defaultCursor: CursorInfo(imageName=fxgl_default_cursor.png, hotspotX=7.0, hotspotY=6.0)
18:16:56.056 [FXGL Background Thread 3 ] DEBUG Engine               - devBBoxColorProperty: ObjectProperty [value: 0xff0000ff]
18:16:56.056 [FXGL Background Thread 3 ] DEBUG Engine               - devEnableDebugCameraProperty: BooleanProperty [value: false]
18:16:56.056 [FXGL Background Thread 3 ] DEBUG Engine               - devSensorColorProperty: ObjectProperty [value: 0xffff00ff]
18:16:56.056 [FXGL Background Thread 3 ] DEBUG Engine               - devShowBBoxProperty: BooleanProperty [value: false]
18:16:56.056 [FXGL Background Thread 3 ] DEBUG Engine               - devShowPositionProperty: BooleanProperty [value: false]
18:16:56.057 [FXGL Background Thread 3 ] DEBUG Engine               - enabledMenuItems: []
18:16:56.057 [FXGL Background Thread 3 ] DEBUG Engine               - engineServices: [class com.almasb.fxgl.app.services.FXGLAssetLoaderService, class com.almasb.fxgl.app.FXGLApplication$GameApplicationService, class com.almasb.fxgl.app.services.FXGLDialogService, class com.almasb.fxgl.app.services.IOTaskExecutorService, class com.almasb.fxgl.io.FileSystemService, class com.almasb.fxgl.localization.LocalizationService, class com.almasb.fxgl.app.services.SystemBundleService, class com.almasb.fxgl.profile.SaveLoadService, class com.almasb.fxgl.ui.FXGLUIFactoryServiceProvider, class com.almasb.fxgl.ui.FXGLDialogFactoryServiceProvider, class com.almasb.fxgl.audio.AudioPlayer, class com.almasb.fxgl.notification.impl.NotificationServiceProvider, class com.almasb.fxgl.achievement.AchievementService, class com.almasb.fxgl.cutscene.CutsceneService, class com.almasb.fxgl.minigames.MiniGameService, class com.almasb.fxgl.net.NetService, class com.almasb.fxgl.app.services.UpdaterService, class com.almasb.fxgl.dev.DevService]
18:16:56.057 [FXGL Background Thread 3 ] DEBUG Engine               - fontGame: Abel-Regular.ttf
18:16:56.057 [FXGL Background Thread 3 ] DEBUG Engine               - fontMono: TerminalLandMono-Regular.otf
18:16:56.057 [FXGL Background Thread 3 ] DEBUG Engine               - fontSizeScaleUI: 1.0
18:16:56.057 [FXGL Background Thread 3 ] DEBUG Engine               - fontText: Courier-Prime.ttf
18:16:56.057 [FXGL Background Thread 3 ] DEBUG Engine               - fontUI: VarelaRound-Regular.ttf
18:16:56.057 [FXGL Background Thread 3 ] DEBUG Engine               - fullScreen: BooleanProperty [value: false]
18:16:56.057 [FXGL Background Thread 3 ] DEBUG Engine               - gameDifficulty: MEDIUM
18:16:56.057 [FXGL Background Thread 3 ] DEBUG Engine               - gameDifficultyProperty: ObjectProperty [value: MEDIUM]
18:16:56.057 [FXGL Background Thread 3 ] DEBUG Engine               - globalMusicVolume: 0.5
18:16:56.057 [FXGL Background Thread 3 ] DEBUG Engine               - globalMusicVolumeProperty: DoubleProperty [value: 0.5]
18:16:56.057 [FXGL Background Thread 3 ] DEBUG Engine               - globalSoundVolume: 0.5
18:16:56.057 [FXGL Background Thread 3 ] DEBUG Engine               - globalSoundVolumeProperty: DoubleProperty [value: 0.5]
18:16:56.057 [FXGL Background Thread 3 ] DEBUG Engine               - height: 720
18:16:56.057 [FXGL Background Thread 3 ] DEBUG Engine               - is3D: false
18:16:56.057 [FXGL Background Thread 3 ] DEBUG Engine               - isAndroid: false
18:16:56.057 [FXGL Background Thread 3 ] DEBUG Engine               - isBrowser: false
18:16:56.057 [FXGL Background Thread 3 ] DEBUG Engine               - isClickFeedbackEnabled: false
18:16:56.057 [FXGL Background Thread 3 ] DEBUG Engine               - isCloseConfirmation: false
18:16:56.058 [FXGL Background Thread 3 ] DEBUG Engine               - isDesktop: true
18:16:56.058 [FXGL Background Thread 3 ] DEBUG Engine               - isDeveloperMenuEnabled: true
18:16:56.058 [FXGL Background Thread 3 ] DEBUG Engine               - isEmbedded: false
18:16:56.058 [FXGL Background Thread 3 ] DEBUG Engine               - isEntityPreloadEnabled: true
18:16:56.058 [FXGL Background Thread 3 ] DEBUG Engine               - isExperimentalTiledLargeMap: false
18:16:56.058 [FXGL Background Thread 3 ] DEBUG Engine               - isFileSystemWriteAllowed: true
18:16:56.058 [FXGL Background Thread 3 ] DEBUG Engine               - isFullScreenAllowed: false
18:16:56.058 [FXGL Background Thread 3 ] DEBUG Engine               - isFullScreenFromStart: false
18:16:56.058 [FXGL Background Thread 3 ] DEBUG Engine               - isGameMenuEnabled: true
18:16:56.058 [FXGL Background Thread 3 ] DEBUG Engine               - isIOS: false
18:16:56.058 [FXGL Background Thread 3 ] DEBUG Engine               - isIntroEnabled: false
18:16:56.058 [FXGL Background Thread 3 ] DEBUG Engine               - isLinux: false
18:16:56.058 [FXGL Background Thread 3 ] DEBUG Engine               - isMac: false
18:16:56.058 [FXGL Background Thread 3 ] DEBUG Engine               - isMainMenuEnabled: false
18:16:56.058 [FXGL Background Thread 3 ] DEBUG Engine               - isManualResizeEnabled: false
18:16:56.058 [FXGL Background Thread 3 ] DEBUG Engine               - isMobile: false
18:16:56.058 [FXGL Background Thread 3 ] DEBUG Engine               - isNative: false
18:16:56.058 [FXGL Background Thread 3 ] DEBUG Engine               - isPauseMusicWhenMinimized: true
18:16:56.058 [FXGL Background Thread 3 ] DEBUG Engine               - isPreserveResizeRatio: false
18:16:56.058 [FXGL Background Thread 3 ] DEBUG Engine               - isProfilingEnabled: false
18:16:56.058 [FXGL Background Thread 3 ] DEBUG Engine               - isScaleAffectedOnResize: true
18:16:56.059 [FXGL Background Thread 3 ] DEBUG Engine               - isSingleStep: false
18:16:56.059 [FXGL Background Thread 3 ] DEBUG Engine               - isUserProfileEnabled: false
18:16:56.059 [FXGL Background Thread 3 ] DEBUG Engine               - isWindows: true
18:16:56.059 [FXGL Background Thread 3 ] DEBUG Engine               - language: ObjectProperty [value: ENGLISH]
18:16:56.059 [FXGL Background Thread 3 ] DEBUG Engine               - menuKey: ESCAPE
18:16:56.059 [FXGL Background Thread 3 ] DEBUG Engine               - mouseSensitivity: 0.2
18:16:56.059 [FXGL Background Thread 3 ] DEBUG Engine               - notificationViewClass: class com.almasb.fxgl.notification.view.XboxNotificationView
18:16:56.059 [FXGL Background Thread 3 ] DEBUG Engine               - pixelsPerMeter: 50.0
18:16:56.059 [FXGL Background Thread 3 ] DEBUG Engine               - platform: WINDOWS
18:16:56.059 [FXGL Background Thread 3 ] DEBUG Engine               - prefHeightProperty: ReadOnlyDoubleProperty [value: 720.0]
18:16:56.059 [FXGL Background Thread 3 ] DEBUG Engine               - prefWidthProperty: ReadOnlyDoubleProperty [value: 1280.0]
18:16:56.059 [FXGL Background Thread 3 ] DEBUG Engine               - profileDir: profiles/
18:16:56.059 [FXGL Background Thread 3 ] DEBUG Engine               - profileName: StringProperty [value: DEFAULT]
18:16:56.059 [FXGL Background Thread 3 ] DEBUG Engine               - randomSeed: -1
18:16:56.059 [FXGL Background Thread 3 ] DEBUG Engine               - runtimeInfo: RuntimeInfo(platform=WINDOWS, version=21, build=28.12.2023 13.35)
18:16:56.059 [FXGL Background Thread 3 ] DEBUG Engine               - saveFileExt: sav
18:16:56.059 [FXGL Background Thread 3 ] DEBUG Engine               - scaledHeightProp$fxgl: DoubleProperty [bound, value: 720.0]
18:16:56.060 [FXGL Background Thread 3 ] DEBUG Engine               - scaledWidthProp$fxgl: DoubleProperty [bound, value: 1280.0]
18:16:56.060 [FXGL Background Thread 3 ] DEBUG Engine               - sceneFactory: com.almasb.fxgl.app.scene.SceneFactory@6684ed9
18:16:56.060 [FXGL Background Thread 3 ] DEBUG Engine               - secondsIn24h: 60
18:16:56.060 [FXGL Background Thread 3 ] DEBUG Engine               - soundMenuBack: menu/back.wav
18:16:56.060 [FXGL Background Thread 3 ] DEBUG Engine               - soundMenuPress: menu/press.wav
18:16:56.060 [FXGL Background Thread 3 ] DEBUG Engine               - soundMenuSelect: menu/select.wav
18:16:56.060 [FXGL Background Thread 3 ] DEBUG Engine               - soundNotification: core/notification.wav
18:16:56.060 [FXGL Background Thread 3 ] DEBUG Engine               - stageStyle: DECORATED
18:16:56.060 [FXGL Background Thread 3 ] DEBUG Engine               - supportedLanguages: [ENGLISH, FRENCH, GERMAN, HUNGARIAN, RUSSIAN]
18:16:56.060 [FXGL Background Thread 3 ] DEBUG Engine               - ticksPerSecond: -1
18:16:56.060 [FXGL Background Thread 3 ] DEBUG Engine               - title: Suika FXGL
18:16:56.060 [FXGL Background Thread 3 ] DEBUG Engine               - urlGithub: https://github.com/AlmasB/FXGL
18:16:56.060 [FXGL Background Thread 3 ] DEBUG Engine               - urlLeaderboard: http://fxgl-top.herokuapp.com/
18:16:56.060 [FXGL Background Thread 3 ] DEBUG Engine               - urlPOM: https://raw.githubusercontent.com/AlmasB/FXGL/release/README.md
18:16:56.060 [FXGL Background Thread 3 ] DEBUG Engine               - userAppClass: class com.lucenstuff.fxglgames.suikagame.SuikaGame
18:16:56.060 [FXGL Background Thread 3 ] DEBUG Engine               - version: 0.1
18:16:56.060 [FXGL Background Thread 3 ] DEBUG Engine               - versionCheckDays: 7
18:16:56.060 [FXGL Background Thread 3 ] DEBUG Engine               - width: 1280
18:16:56.061 [FXGL Background Thread 3 ] DEBUG Engine               - Logging services
18:16:56.061 [FXGL Background Thread 3 ] DEBUG Engine               - class com.almasb.fxgl.app.services.FXGLAssetLoaderService
18:16:56.061 [FXGL Background Thread 3 ] DEBUG Engine               - class com.almasb.fxgl.app.FXGLApplication$GameApplicationService
18:16:56.061 [FXGL Background Thread 3 ] DEBUG Engine               - class com.almasb.fxgl.app.services.FXGLDialogService
18:16:56.061 [FXGL Background Thread 3 ] DEBUG Engine               - class com.almasb.fxgl.app.services.IOTaskExecutorService
18:16:56.061 [FXGL Background Thread 3 ] DEBUG Engine               - class com.almasb.fxgl.io.FileSystemService
18:16:56.061 [FXGL Background Thread 3 ] DEBUG Engine               - class com.almasb.fxgl.localization.LocalizationService
18:16:56.061 [FXGL Background Thread 3 ] DEBUG Engine               - class com.almasb.fxgl.app.services.SystemBundleService
18:16:56.061 [FXGL Background Thread 3 ] DEBUG Engine               - class com.almasb.fxgl.profile.SaveLoadService
18:16:56.061 [FXGL Background Thread 3 ] DEBUG Engine               - class com.almasb.fxgl.ui.FXGLUIFactoryServiceProvider
18:16:56.061 [FXGL Background Thread 3 ] DEBUG Engine               - class com.almasb.fxgl.ui.FXGLDialogFactoryServiceProvider
18:16:56.061 [FXGL Background Thread 3 ] DEBUG Engine               - class com.almasb.fxgl.audio.AudioPlayer
18:16:56.061 [FXGL Background Thread 3 ] DEBUG Engine               - class com.almasb.fxgl.notification.impl.NotificationServiceProvider
18:16:56.061 [FXGL Background Thread 3 ] DEBUG Engine               - class com.almasb.fxgl.achievement.AchievementService
18:16:56.061 [FXGL Background Thread 3 ] DEBUG Engine               - class com.almasb.fxgl.cutscene.CutsceneService
18:16:56.062 [FXGL Background Thread 3 ] DEBUG Engine               - class com.almasb.fxgl.minigames.MiniGameService
18:16:56.062 [FXGL Background Thread 3 ] DEBUG Engine               - class com.almasb.fxgl.net.NetService
18:16:56.062 [FXGL Background Thread 3 ] DEBUG Engine               - class com.almasb.fxgl.app.services.UpdaterService
18:16:56.062 [FXGL Background Thread 3 ] DEBUG Engine               - class com.almasb.fxgl.dev.DevService
18:16:57.061 [JavaFX Application Thread] DEBUG FXGLAssetLoaderServi - Loading from file system: file:/D:/Intellij/Project/target/classes/assets/textures/cherry_view.png
18:16:58.692 [JavaFX Application Thread] DEBUG FXGLAssetLoaderServi - Loading from file system: file:/D:/Intellij/Project/target/classes/assets/textures/strawberry_view.png
18:17:20.977 [JavaFX Application Thread] DEBUG FXGLAssetLoaderServi - Loading from file system: file:/D:/Intellij/Project/target/classes/assets/sounds/fruit_merge.wav
18:17:29.156 [JavaFX Application Thread] DEBUG FXGLApplication      - Exiting FXGL
18:17:29.156 [JavaFX Application Thread] DEBUG LoopRunner           - Stopping loop
18:17:29.156 [JavaFX Application Thread] DEBUG SystemBundleService  - Saving FXGL system data
18:17:29.158 [JavaFX Application Thread] DEBUG FileSystemAccess     - Writing to: D:\Intellij\Project\system\fxgl.bundle
18:17:29.159 [JavaFX Application Thread] DEBUG Async                - Shutting down background threads
18:17:29.159 [JavaFX Application Thread] DEBUG PrimaryStageWindow   - Closing main window
18:17:29.169 [JavaFX Application Thread] DEBUG Logger               - Closing Logger
