15:36:49.091 [main                     ] DEBUG Logger               - Configured Logger
15:36:49.108 [main                     ] DEBUG GameApplication      - Logging settings
Title: Suika FXGL
Version: 0.1
Width: 1280
Height: 720
Fullscreen: false
Intro: false
Profiling: false
Single step:false
App Mode: DEVELOPER
Menu Key: ESCAPE
Stage Style: DECORATED
Scene Factory: class com.almasb.fxgl.app.scene.SceneFactory

15:36:49.512 [JavaFX Application Thread] DEBUG FXGLApplication      - Initializing FXGL
15:36:49.515 [JavaFX Application Thread] INFO  Engine               - FXGL-21 (28.12.2023 13.35) on WINDOWS (J:21.0.2 FX:21.0.1)
15:36:49.515 [JavaFX Application Thread] DEBUG Engine               - JRE Vendor Name: Oracle Corporation
15:36:49.515 [JavaFX Application Thread] DEBUG Engine               - Running on OS: Windows 10 version 10.0
15:36:49.515 [JavaFX Application Thread] DEBUG Engine               - Architecture: amd64
15:36:49.515 [JavaFX Application Thread] INFO  Engine               - Source code and latest versions at: https://github.com/AlmasB/FXGL
15:36:49.516 [JavaFX Application Thread] INFO  Engine               -       Ask questions and discuss at: https://github.com/AlmasB/FXGL/discussions
15:36:49.516 [JavaFX Application Thread] INFO  Engine               -              Join the FXGL chat at: https://gitter.im/AlmasB/FXGL
15:36:49.602 [JavaFX Application Thread] DEBUG PrimaryStageWindow   - Creating a JavaFX scene
15:36:49.641 [JavaFX Application Thread] DEBUG PrimaryStageWindow   - Target settings size: 1280.0 x 720.0
15:36:49.641 [JavaFX Application Thread] DEBUG PrimaryStageWindow   - Scaled scene size:    1280.0 x 720.0
15:36:49.642 [JavaFX Application Thread] DEBUG PrimaryStageWindow   - Scaled ratio: (1.0, 1.0)
15:36:49.642 [JavaFX Application Thread] DEBUG PrimaryStageWindow   - Set initial scene to FXGLStartupScene
15:36:49.644 [JavaFX Application Thread] DEBUG PrimaryStageWindow   - Opening main window
15:36:49.709 [JavaFX Application Thread] DEBUG PrimaryStageWindow   - Window border size: (16.0, 39.0)
15:36:49.709 [JavaFX Application Thread] DEBUG PrimaryStageWindow   - Scaled size: 1280.0 x 720.0
15:36:49.710 [JavaFX Application Thread] DEBUG PrimaryStageWindow   - Scaled ratio: (1.0, 1.0)
15:36:49.710 [JavaFX Application Thread] DEBUG PrimaryStageWindow   - Scene size: 1280.0 x 720.0
15:36:49.710 [JavaFX Application Thread] DEBUG PrimaryStageWindow   - Stage size: 1296.0 x 759.0
15:36:49.715 [FXGL Background Thread 1 ] DEBUG Engine               - Initializing environment variables
15:36:49.753 [FXGL Background Thread 1 ] DEBUG FXGLAssetLoaderServi - User app class for loading assets: class com.lucenstuff.fxglgames.suikagame.SuikaGame
15:36:49.753 [FXGL Background Thread 1 ] DEBUG GameApplicationServi - Applying CSS: fxgl_dark.css
15:36:49.754 [FXGL Background Thread 1 ] DEBUG FXGLAssetLoaderServi - Loading from file system: jar:file:/C:/Users/Fabrizio/.m2/repository/com/github/almasb/fxgl/21/fxgl-21.jar!/fxglassets/ui/css/fxgl_dark.css
15:36:49.788 [FXGL Background Thread 1 ] DEBUG GameApplicationServi - Initializing application scenes
15:36:49.812 [FXGL Background Thread 1 ] DEBUG GameWorld            - Game world initialized
15:36:49.863 [FXGL Background Thread 1 ] DEBUG PhysicsWorld         - Physics world initialized: appHeight=720, physics.ppm=50,0
15:36:49.864 [FXGL Background Thread 1 ] DEBUG PhysicsWorld         - Using strategy: BRUTE_FORCE
15:36:49.867 [FXGL Background Thread 1 ] DEBUG GameScene            - Game scene initialized: 1280x720
15:36:49.877 [FXGL Background Thread 1 ] DEBUG FXGL.DefaultMenu     - createMenuBodyGameMenu()
15:36:49.888 [FXGL Background Thread 1 ] DEBUG FXGL.DefaultMenu     - createOptionsMenu()
15:36:49.896 [FXGL Background Thread 1 ] DEBUG FXGLAssetLoaderServi - Loading from file system: jar:file:/C:/Users/Fabrizio/.m2/repository/com/github/almasb/fxgl/21/fxgl-21.jar!/fxglassets/textures/particles/smoke.png
15:36:49.976 [FXGL Background Thread 1 ] DEBUG FXGLAssetLoaderServi - Loading from file system: jar:file:/C:/Users/Fabrizio/.m2/repository/com/github/almasb/fxgl/21/fxgl-21.jar!/fxglassets/textures/particles/trace_horizontal.png
15:36:50.000 [FXGL Background Thread 1 ] DEBUG GameApplicationServi - Application scenes initialized
15:36:50.011 [FXGL Background Thread 1 ] DEBUG SystemBundleService  - Loading FXGL system data
15:36:50.015 [FXGL Background Thread 1 ] DEBUG FileSystemAccess     - Reading from: D:\Intellij\Project\system\fxgl.bundle
15:36:50.025 [FXGL Background Thread 1 ] DEBUG SystemBundleService  - Bundle FXGL: {}
15:36:50.025 [FXGL Background Thread 1 ] DEBUG UpdaterService       - Checking for updates
15:36:50.046 [FXGL Background Thread 4 ] DEBUG FXGLApplication      - Loading fonts
15:36:50.047 [FXGL Background Thread 4 ] DEBUG FXGLAssetLoaderServi - Loading from file system: jar:file:/C:/Users/Fabrizio/.m2/repository/com/github/almasb/fxgl/21/fxgl-21.jar!/fxglassets/ui/fonts/VarelaRound-Regular.ttf
15:36:50.047 [FXGL Background Thread 1 ] DEBUG FXGLApplication      - Loading default localization
15:36:50.047 [FXGL Background Thread 1 ] DEBUG FXGLAssetLoaderServi - Loading from file system: jar:file:/C:/Users/Fabrizio/.m2/repository/com/github/almasb/fxgl/21/fxgl-21.jar!/fxglassets/languages/english.lang
15:36:50.061 [FXGL Background Thread 1 ] INFO  FXGLApplication      - FXGL initialization took: 0,346 sec
15:36:50.062 [JavaFX Application Thread] DEBUG FXGLAssetLoaderServi - Loading from file system: file:/D:/Intellij/Project/target/classes/assets/textures/watermelon_view.png
15:36:50.072 [FXGL Background Thread 4 ] DEBUG FXGLAssetLoaderServi - Loading from file system: jar:file:/C:/Users/Fabrizio/.m2/repository/com/github/almasb/fxgl/21/fxgl-21.jar!/fxglassets/ui/fonts/Abel-Regular.ttf
15:36:50.077 [JavaFX Application Thread] DEBUG FXGLAssetLoaderServi - Loading from file system: jar:file:/C:/Users/Fabrizio/.m2/repository/com/github/almasb/fxgl/21/fxgl-21.jar!/fxglassets/textures/fxgl_default_cursor.png
15:36:50.080 [FXGL Background Thread 4 ] DEBUG FXGLAssetLoaderServi - Loading from file system: jar:file:/C:/Users/Fabrizio/.m2/repository/com/github/almasb/fxgl/21/fxgl-21.jar!/fxglassets/ui/fonts/TerminalLandMono-Regular.otf
15:36:50.087 [JavaFX Application Thread] DEBUG Input                - Registered new binding: Screenshot - CTRL+8
15:36:50.088 [JavaFX Application Thread] DEBUG Input                - Registered new binding: Dev Options - 1
15:36:50.088 [FXGL Background Thread 4 ] DEBUG FXGLAssetLoaderServi - Loading from file system: jar:file:/C:/Users/Fabrizio/.m2/repository/com/github/almasb/fxgl/21/fxgl-21.jar!/fxglassets/ui/fonts/Courier-Prime.ttf
15:36:50.088 [JavaFX Application Thread] DEBUG Input                - Registered new binding: Dev Console - 2
15:36:50.088 [JavaFX Application Thread] DEBUG Input                - Registered new binding: System info dump - CTRL+9
15:36:50.089 [JavaFX Application Thread] DEBUG Input                - Registered new binding: Restart - CTRL+R
15:36:50.089 [JavaFX Application Thread] DEBUG Input                - Registered new binding: Toggle Debug Camera - CTRL+7
15:36:50.092 [JavaFX Application Thread] DEBUG LoopRunner           - Starting loop
15:36:50.105 [JavaFX Application Thread] DEBUG LoopRunner           - Initializing JavaFX AnimationTimerLoop
15:36:50.106 [JavaFX Application Thread] DEBUG GameApplicationServi - Starting new game
15:36:50.106 [JavaFX Application Thread] DEBUG Input                - Clearing active input actions
15:36:50.115 [JavaFX Application Thread] DEBUG GameApplicationServi - Removing overlay from FXGLStartupScene and adding to FXGLLoadingScene
15:36:50.118 [JavaFX Application Thread] DEBUG PrimaryStageWindow   - FXGLStartupScene -> FXGLLoadingScene
15:36:50.118 [JavaFX Application Thread] DEBUG GameApplicationServi - Clearing previous game
15:36:50.118 [JavaFX Application Thread] DEBUG GameScene            - Clearing game scene
15:36:50.118 [JavaFX Application Thread] DEBUG GameWorld            - Clearing game world
15:36:50.118 [JavaFX Application Thread] DEBUG PhysicsWorld         - Clearing physics world
15:36:50.119 [FXGL Background Thread 4 ] DEBUG FXGLApplication      - Initializing game
15:36:50.119 [JavaFX Application Thread] DEBUG FXGLApplication      - Registering font factories with UI factory
15:36:50.123 [FXGL Background Thread 4 ] DEBUG FXGLAssetLoaderServi - Loading from file system: file:/D:/Intellij/Project/target/classes/assets/textures/background_view.png
15:36:50.154 [FXGL Background Thread 4 ] DEBUG FXGLAssetLoaderServi - Loading from file system: file:/D:/Intellij/Project/target/classes/assets/textures/container_view.png
15:36:50.180 [FXGL Background Thread 4 ] DEBUG FXGLAssetLoaderServi - Loading from file system: file:/D:/Intellij/Project/target/classes/assets/textures/ring_view.png
15:36:50.183 [FXGL Background Thread 4 ] DEBUG FXGLAssetLoaderServi - Loading from file system: file:/D:/Intellij/Project/target/classes/assets/textures/next_fruit_view.png
15:36:50.185 [FXGL Background Thread 4 ] DEBUG FXGLAssetLoaderServi - Loading from file system: file:/D:/Intellij/Project/target/classes/assets/textures/score_view.png
15:36:50.187 [FXGL Background Thread 4 ] INFO  FXGLApplication      - Game initialization took: 0,068 sec
15:36:50.281 [JavaFX Application Thread] DEBUG Input                - Clearing active input actions
15:36:50.291 [JavaFX Application Thread] DEBUG GameApplicationServi - Removing overlay from FXGLLoadingScene and adding to GameScene
15:36:50.296 [JavaFX Application Thread] DEBUG PrimaryStageWindow   - FXGLLoadingScene -> GameScene
15:36:53.046 [FXGL Background Thread 3 ] DEBUG Engine               - Logging environment variables
15:36:53.046 [FXGL Background Thread 3 ] DEBUG Engine               - achievements: []
15:36:53.046 [FXGL Background Thread 3 ] DEBUG Engine               - actualHeight: 720.0
15:36:53.046 [FXGL Background Thread 3 ] DEBUG Engine               - actualHeightProperty: ReadOnlyDoubleProperty [value: 720.0]
15:36:53.046 [FXGL Background Thread 3 ] DEBUG Engine               - actualWidth: 1280.0
15:36:53.047 [FXGL Background Thread 3 ] DEBUG Engine               - actualWidthProperty: ReadOnlyDoubleProperty [value: 1280.0]
15:36:53.047 [FXGL Background Thread 3 ] DEBUG Engine               - appIcon: watermelon_view.png
15:36:53.047 [FXGL Background Thread 3 ] DEBUG Engine               - applicationMode: DEVELOPER
15:36:53.047 [FXGL Background Thread 3 ] DEBUG Engine               - cSSList: [fxgl_dark.css]
15:36:53.047 [FXGL Background Thread 3 ] DEBUG Engine               - collisionDetectionStrategy: BRUTE_FORCE
15:36:53.047 [FXGL Background Thread 3 ] DEBUG Engine               - configClass: Optional.empty
15:36:53.047 [FXGL Background Thread 3 ] DEBUG Engine               - credits: []
15:36:53.047 [FXGL Background Thread 3 ] DEBUG Engine               - defaultCursor: CursorInfo(imageName=fxgl_default_cursor.png, hotspotX=7.0, hotspotY=6.0)
15:36:53.047 [FXGL Background Thread 3 ] DEBUG Engine               - devBBoxColorProperty: ObjectProperty [value: 0xff0000ff]
15:36:53.048 [FXGL Background Thread 3 ] DEBUG Engine               - devEnableDebugCameraProperty: BooleanProperty [value: false]
15:36:53.048 [FXGL Background Thread 3 ] DEBUG Engine               - devSensorColorProperty: ObjectProperty [value: 0xffff00ff]
15:36:53.048 [FXGL Background Thread 3 ] DEBUG Engine               - devShowBBoxProperty: BooleanProperty [value: false]
15:36:53.048 [FXGL Background Thread 3 ] DEBUG Engine               - devShowPositionProperty: BooleanProperty [value: false]
15:36:53.048 [FXGL Background Thread 3 ] DEBUG Engine               - enabledMenuItems: []
15:36:53.048 [FXGL Background Thread 3 ] DEBUG Engine               - engineServices: [class com.almasb.fxgl.app.services.FXGLAssetLoaderService, class com.almasb.fxgl.app.FXGLApplication$GameApplicationService, class com.almasb.fxgl.app.services.FXGLDialogService, class com.almasb.fxgl.app.services.IOTaskExecutorService, class com.almasb.fxgl.io.FileSystemService, class com.almasb.fxgl.localization.LocalizationService, class com.almasb.fxgl.app.services.SystemBundleService, class com.almasb.fxgl.profile.SaveLoadService, class com.almasb.fxgl.ui.FXGLUIFactoryServiceProvider, class com.almasb.fxgl.ui.FXGLDialogFactoryServiceProvider, class com.almasb.fxgl.audio.AudioPlayer, class com.almasb.fxgl.notification.impl.NotificationServiceProvider, class com.almasb.fxgl.achievement.AchievementService, class com.almasb.fxgl.cutscene.CutsceneService, class com.almasb.fxgl.minigames.MiniGameService, class com.almasb.fxgl.net.NetService, class com.almasb.fxgl.app.services.UpdaterService, class com.almasb.fxgl.dev.DevService]
15:36:53.048 [FXGL Background Thread 3 ] DEBUG Engine               - fontGame: Abel-Regular.ttf
15:36:53.048 [FXGL Background Thread 3 ] DEBUG Engine               - fontMono: TerminalLandMono-Regular.otf
15:36:53.048 [FXGL Background Thread 3 ] DEBUG Engine               - fontSizeScaleUI: 1.0
15:36:53.048 [FXGL Background Thread 3 ] DEBUG Engine               - fontText: Courier-Prime.ttf
15:36:53.048 [FXGL Background Thread 3 ] DEBUG Engine               - fontUI: VarelaRound-Regular.ttf
15:36:53.048 [FXGL Background Thread 3 ] DEBUG Engine               - fullScreen: BooleanProperty [value: false]
15:36:53.048 [FXGL Background Thread 3 ] DEBUG Engine               - gameDifficulty: MEDIUM
15:36:53.048 [FXGL Background Thread 3 ] DEBUG Engine               - gameDifficultyProperty: ObjectProperty [value: MEDIUM]
15:36:53.048 [FXGL Background Thread 3 ] DEBUG Engine               - globalMusicVolume: 0.5
15:36:53.049 [FXGL Background Thread 3 ] DEBUG Engine               - globalMusicVolumeProperty: DoubleProperty [value: 0.5]
15:36:53.049 [FXGL Background Thread 3 ] DEBUG Engine               - globalSoundVolume: 0.5
15:36:53.049 [FXGL Background Thread 3 ] DEBUG Engine               - globalSoundVolumeProperty: DoubleProperty [value: 0.5]
15:36:53.049 [FXGL Background Thread 3 ] DEBUG Engine               - height: 720
15:36:53.049 [FXGL Background Thread 3 ] DEBUG Engine               - is3D: false
15:36:53.049 [FXGL Background Thread 3 ] DEBUG Engine               - isAndroid: false
15:36:53.049 [FXGL Background Thread 3 ] DEBUG Engine               - isBrowser: false
15:36:53.049 [FXGL Background Thread 3 ] DEBUG Engine               - isClickFeedbackEnabled: false
15:36:53.049 [FXGL Background Thread 3 ] DEBUG Engine               - isCloseConfirmation: false
15:36:53.049 [FXGL Background Thread 3 ] DEBUG Engine               - isDesktop: true
15:36:53.049 [FXGL Background Thread 3 ] DEBUG Engine               - isDeveloperMenuEnabled: true
15:36:53.049 [FXGL Background Thread 3 ] DEBUG Engine               - isEmbedded: false
15:36:53.049 [FXGL Background Thread 3 ] DEBUG Engine               - isEntityPreloadEnabled: true
15:36:53.049 [FXGL Background Thread 3 ] DEBUG Engine               - isExperimentalTiledLargeMap: false
15:36:53.049 [FXGL Background Thread 3 ] DEBUG Engine               - isFileSystemWriteAllowed: true
15:36:53.049 [FXGL Background Thread 3 ] DEBUG Engine               - isFullScreenAllowed: false
15:36:53.049 [FXGL Background Thread 3 ] DEBUG Engine               - isFullScreenFromStart: false
15:36:53.049 [FXGL Background Thread 3 ] DEBUG Engine               - isGameMenuEnabled: true
15:36:53.049 [FXGL Background Thread 3 ] DEBUG Engine               - isIOS: false
15:36:53.050 [FXGL Background Thread 3 ] DEBUG Engine               - isIntroEnabled: false
15:36:53.050 [FXGL Background Thread 3 ] DEBUG Engine               - isLinux: false
15:36:53.050 [FXGL Background Thread 3 ] DEBUG Engine               - isMac: false
15:36:53.050 [FXGL Background Thread 3 ] DEBUG Engine               - isMainMenuEnabled: false
15:36:53.050 [FXGL Background Thread 3 ] DEBUG Engine               - isManualResizeEnabled: false
15:36:53.050 [FXGL Background Thread 3 ] DEBUG Engine               - isMobile: false
15:36:53.050 [FXGL Background Thread 3 ] DEBUG Engine               - isNative: false
15:36:53.050 [FXGL Background Thread 3 ] DEBUG Engine               - isPauseMusicWhenMinimized: true
15:36:53.050 [FXGL Background Thread 3 ] DEBUG Engine               - isPreserveResizeRatio: false
15:36:53.050 [FXGL Background Thread 3 ] DEBUG Engine               - isProfilingEnabled: false
15:36:53.050 [FXGL Background Thread 3 ] DEBUG Engine               - isScaleAffectedOnResize: true
15:36:53.050 [FXGL Background Thread 3 ] DEBUG Engine               - isSingleStep: false
15:36:53.050 [FXGL Background Thread 3 ] DEBUG Engine               - isUserProfileEnabled: false
15:36:53.050 [FXGL Background Thread 3 ] DEBUG Engine               - isWindows: true
15:36:53.050 [FXGL Background Thread 3 ] DEBUG Engine               - language: ObjectProperty [value: ENGLISH]
15:36:53.050 [FXGL Background Thread 3 ] DEBUG Engine               - menuKey: ESCAPE
15:36:53.050 [FXGL Background Thread 3 ] DEBUG Engine               - mouseSensitivity: 0.2
15:36:53.050 [FXGL Background Thread 3 ] DEBUG Engine               - notificationViewClass: class com.almasb.fxgl.notification.view.XboxNotificationView
15:36:53.051 [FXGL Background Thread 3 ] DEBUG Engine               - pixelsPerMeter: 50.0
15:36:53.051 [FXGL Background Thread 3 ] DEBUG Engine               - platform: WINDOWS
15:36:53.051 [FXGL Background Thread 3 ] DEBUG Engine               - prefHeightProperty: ReadOnlyDoubleProperty [value: 720.0]
15:36:53.051 [FXGL Background Thread 3 ] DEBUG Engine               - prefWidthProperty: ReadOnlyDoubleProperty [value: 1280.0]
15:36:53.051 [FXGL Background Thread 3 ] DEBUG Engine               - profileDir: profiles/
15:36:53.051 [FXGL Background Thread 3 ] DEBUG Engine               - profileName: StringProperty [value: DEFAULT]
15:36:53.051 [FXGL Background Thread 3 ] DEBUG Engine               - randomSeed: -1
15:36:53.051 [FXGL Background Thread 3 ] DEBUG Engine               - runtimeInfo: RuntimeInfo(platform=WINDOWS, version=21, build=28.12.2023 13.35)
15:36:53.051 [FXGL Background Thread 3 ] DEBUG Engine               - saveFileExt: sav
15:36:53.051 [FXGL Background Thread 3 ] DEBUG Engine               - scaledHeightProp$fxgl: DoubleProperty [bound, value: 720.0]
15:36:53.051 [FXGL Background Thread 3 ] DEBUG Engine               - scaledWidthProp$fxgl: DoubleProperty [bound, value: 1280.0]
15:36:53.051 [FXGL Background Thread 3 ] DEBUG Engine               - sceneFactory: com.almasb.fxgl.app.scene.SceneFactory@5131dd2a
15:36:53.051 [FXGL Background Thread 3 ] DEBUG Engine               - secondsIn24h: 60
15:36:53.051 [FXGL Background Thread 3 ] DEBUG Engine               - soundMenuBack: menu/back.wav
15:36:53.051 [FXGL Background Thread 3 ] DEBUG Engine               - soundMenuPress: menu/press.wav
15:36:53.051 [FXGL Background Thread 3 ] DEBUG Engine               - soundMenuSelect: menu/select.wav
15:36:53.052 [FXGL Background Thread 3 ] DEBUG Engine               - soundNotification: core/notification.wav
15:36:53.052 [FXGL Background Thread 3 ] DEBUG Engine               - stageStyle: DECORATED
15:36:53.052 [FXGL Background Thread 3 ] DEBUG Engine               - supportedLanguages: [ENGLISH, FRENCH, GERMAN, HUNGARIAN, RUSSIAN]
15:36:53.052 [FXGL Background Thread 3 ] DEBUG Engine               - ticksPerSecond: -1
15:36:53.052 [FXGL Background Thread 3 ] DEBUG Engine               - title: Suika FXGL
15:36:53.052 [FXGL Background Thread 3 ] DEBUG Engine               - urlGithub: https://github.com/AlmasB/FXGL
15:36:53.052 [FXGL Background Thread 3 ] DEBUG Engine               - urlLeaderboard: http://fxgl-top.herokuapp.com/
15:36:53.052 [FXGL Background Thread 3 ] DEBUG Engine               - urlPOM: https://raw.githubusercontent.com/AlmasB/FXGL/release/README.md
15:36:53.052 [FXGL Background Thread 3 ] DEBUG Engine               - userAppClass: class com.lucenstuff.fxglgames.suikagame.SuikaGame
15:36:53.052 [FXGL Background Thread 3 ] DEBUG Engine               - version: 0.1
15:36:53.052 [FXGL Background Thread 3 ] DEBUG Engine               - versionCheckDays: 7
15:36:53.052 [FXGL Background Thread 3 ] DEBUG Engine               - width: 1280
15:36:53.052 [FXGL Background Thread 3 ] DEBUG Engine               - Logging services
15:36:53.052 [FXGL Background Thread 3 ] DEBUG Engine               - class com.almasb.fxgl.app.services.FXGLAssetLoaderService
15:36:53.052 [FXGL Background Thread 3 ] DEBUG Engine               - class com.almasb.fxgl.app.FXGLApplication$GameApplicationService
15:36:53.052 [FXGL Background Thread 3 ] DEBUG Engine               - class com.almasb.fxgl.app.services.FXGLDialogService
15:36:53.052 [FXGL Background Thread 3 ] DEBUG Engine               - class com.almasb.fxgl.app.services.IOTaskExecutorService
15:36:53.053 [FXGL Background Thread 3 ] DEBUG Engine               - class com.almasb.fxgl.io.FileSystemService
15:36:53.053 [FXGL Background Thread 3 ] DEBUG Engine               - class com.almasb.fxgl.localization.LocalizationService
15:36:53.053 [FXGL Background Thread 3 ] DEBUG Engine               - class com.almasb.fxgl.app.services.SystemBundleService
15:36:53.053 [FXGL Background Thread 3 ] DEBUG Engine               - class com.almasb.fxgl.profile.SaveLoadService
15:36:53.053 [FXGL Background Thread 3 ] DEBUG Engine               - class com.almasb.fxgl.ui.FXGLUIFactoryServiceProvider
15:36:53.053 [FXGL Background Thread 3 ] DEBUG Engine               - class com.almasb.fxgl.ui.FXGLDialogFactoryServiceProvider
15:36:53.053 [FXGL Background Thread 3 ] DEBUG Engine               - class com.almasb.fxgl.audio.AudioPlayer
15:36:53.053 [FXGL Background Thread 3 ] DEBUG Engine               - class com.almasb.fxgl.notification.impl.NotificationServiceProvider
15:36:53.053 [FXGL Background Thread 3 ] DEBUG Engine               - class com.almasb.fxgl.achievement.AchievementService
15:36:53.053 [FXGL Background Thread 3 ] DEBUG Engine               - class com.almasb.fxgl.cutscene.CutsceneService
15:36:53.053 [FXGL Background Thread 3 ] DEBUG Engine               - class com.almasb.fxgl.minigames.MiniGameService
15:36:53.053 [FXGL Background Thread 3 ] DEBUG Engine               - class com.almasb.fxgl.net.NetService
15:36:53.053 [FXGL Background Thread 3 ] DEBUG Engine               - class com.almasb.fxgl.app.services.UpdaterService
15:36:53.053 [FXGL Background Thread 3 ] DEBUG Engine               - class com.almasb.fxgl.dev.DevService
15:36:54.867 [JavaFX Application Thread] DEBUG FXGLAssetLoaderServi - Loading from file system: file:/D:/Intellij/Project/target/classes/assets/textures/orange_view.png
15:36:54.869 [JavaFX Application Thread] DEBUG FXGLAssetLoaderServi - Loading from file system: file:/D:/Intellij/Project/target/classes/assets/textures/grape_view.png
15:36:54.873 [JavaFX Application Thread] DEBUG FXGLAssetLoaderServi - Loading from file system: file:/D:/Intellij/Project/target/classes/assets/sounds/fruit_drop.wav
15:36:55.555 [JavaFX Application Thread] DEBUG FXGLAssetLoaderServi - Loading from file system: file:/D:/Intellij/Project/target/classes/assets/textures/cherry_view.png
15:36:58.704 [JavaFX Application Thread] DEBUG FXGLApplication      - Exiting FXGL
15:36:58.705 [JavaFX Application Thread] DEBUG LoopRunner           - Stopping loop
15:36:58.705 [JavaFX Application Thread] DEBUG SystemBundleService  - Saving FXGL system data
15:36:58.706 [JavaFX Application Thread] DEBUG FileSystemAccess     - Writing to: D:\Intellij\Project\system\fxgl.bundle
15:36:58.708 [JavaFX Application Thread] DEBUG Async                - Shutting down background threads
15:36:58.708 [JavaFX Application Thread] DEBUG PrimaryStageWindow   - Closing main window
15:36:58.717 [JavaFX Application Thread] DEBUG Logger               - Closing Logger
