21:42:47.320 [main                     ] DEBUG Logger               - Configured Logger
21:42:47.338 [main                     ] DEBUG GameApplication      - Logging settings
Title: Suika FXGL
Version: 0.1
Width: 1280
Height: 720
Fullscreen: false
Intro: false
Profiling: false
Single step:false
App Mode: DEVELOPER
Menu Key: ESCAPE
Stage Style: DECORATED
Scene Factory: class com.almasb.fxgl.app.scene.SceneFactory

21:42:47.729 [JavaFX Application Thread] DEBUG FXGLApplication      - Initializing FXGL
21:42:47.733 [JavaFX Application Thread] INFO  Engine               - FXGL-21 (28.12.2023 13.35) on WINDOWS (J:21.0.2 FX:21.0.1)
21:42:47.733 [JavaFX Application Thread] DEBUG Engine               - JRE Vendor Name: Oracle Corporation
21:42:47.733 [JavaFX Application Thread] DEBUG Engine               - Running on OS: Windows 10 version 10.0
21:42:47.733 [JavaFX Application Thread] DEBUG Engine               - Architecture: amd64
21:42:47.733 [JavaFX Application Thread] INFO  Engine               - Source code and latest versions at: https://github.com/AlmasB/FXGL
21:42:47.733 [JavaFX Application Thread] INFO  Engine               -       Ask questions and discuss at: https://github.com/AlmasB/FXGL/discussions
21:42:47.733 [JavaFX Application Thread] INFO  Engine               -              Join the FXGL chat at: https://gitter.im/AlmasB/FXGL
21:42:47.818 [JavaFX Application Thread] DEBUG PrimaryStageWindow   - Creating a JavaFX scene
21:42:47.857 [JavaFX Application Thread] DEBUG PrimaryStageWindow   - Target settings size: 1280.0 x 720.0
21:42:47.857 [JavaFX Application Thread] DEBUG PrimaryStageWindow   - Scaled scene size:    1280.0 x 720.0
21:42:47.857 [JavaFX Application Thread] DEBUG PrimaryStageWindow   - Scaled ratio: (1.0, 1.0)
21:42:47.858 [JavaFX Application Thread] DEBUG PrimaryStageWindow   - Set initial scene to FXGLStartupScene
21:42:47.861 [JavaFX Application Thread] DEBUG PrimaryStageWindow   - Opening main window
21:42:47.928 [JavaFX Application Thread] DEBUG PrimaryStageWindow   - Window border size: (16.0, 39.0)
21:42:47.929 [JavaFX Application Thread] DEBUG PrimaryStageWindow   - Scaled size: 1280.0 x 720.0
21:42:47.929 [JavaFX Application Thread] DEBUG PrimaryStageWindow   - Scaled ratio: (1.0, 1.0)
21:42:47.929 [JavaFX Application Thread] DEBUG PrimaryStageWindow   - Scene size: 1280.0 x 720.0
21:42:47.929 [JavaFX Application Thread] DEBUG PrimaryStageWindow   - Stage size: 1296.0 x 759.0
21:42:47.934 [FXGL Background Thread 1 ] DEBUG Engine               - Initializing environment variables
21:42:47.973 [FXGL Background Thread 1 ] DEBUG FXGLAssetLoaderServi - User app class for loading assets: class com.lucenstuff.fxglgames.suikagame.SuikaGame
21:42:47.973 [FXGL Background Thread 1 ] DEBUG GameApplicationServi - Applying CSS: fxgl_dark.css
21:42:47.973 [FXGL Background Thread 1 ] DEBUG FXGLAssetLoaderServi - Loading from file system: jar:file:/C:/Users/Fabrizio/.m2/repository/com/github/almasb/fxgl/21/fxgl-21.jar!/fxglassets/ui/css/fxgl_dark.css
21:42:48.005 [FXGL Background Thread 1 ] DEBUG GameApplicationServi - Initializing application scenes
21:42:48.030 [FXGL Background Thread 1 ] DEBUG GameWorld            - Game world initialized
21:42:48.080 [FXGL Background Thread 1 ] DEBUG PhysicsWorld         - Physics world initialized: appHeight=720, physics.ppm=50,0
21:42:48.080 [FXGL Background Thread 1 ] DEBUG PhysicsWorld         - Using strategy: BRUTE_FORCE
21:42:48.082 [FXGL Background Thread 1 ] DEBUG GameScene            - Game scene initialized: 1280x720
21:42:48.093 [FXGL Background Thread 1 ] DEBUG FXGL.DefaultMenu     - createMenuBodyGameMenu()
21:42:48.107 [FXGL Background Thread 1 ] DEBUG FXGL.DefaultMenu     - createOptionsMenu()
21:42:48.115 [FXGL Background Thread 1 ] DEBUG FXGLAssetLoaderServi - Loading from file system: jar:file:/C:/Users/Fabrizio/.m2/repository/com/github/almasb/fxgl/21/fxgl-21.jar!/fxglassets/textures/particles/smoke.png
21:42:48.197 [FXGL Background Thread 1 ] DEBUG FXGLAssetLoaderServi - Loading from file system: jar:file:/C:/Users/Fabrizio/.m2/repository/com/github/almasb/fxgl/21/fxgl-21.jar!/fxglassets/textures/particles/trace_horizontal.png
21:42:48.219 [FXGL Background Thread 1 ] DEBUG GameApplicationServi - Application scenes initialized
21:42:48.228 [FXGL Background Thread 1 ] DEBUG SystemBundleService  - Loading FXGL system data
21:42:48.232 [FXGL Background Thread 1 ] DEBUG FileSystemAccess     - Reading from: D:\Intellij\Project\system\fxgl.bundle
21:42:48.239 [FXGL Background Thread 1 ] DEBUG SystemBundleService  - Bundle FXGL: {}
21:42:48.239 [FXGL Background Thread 1 ] DEBUG UpdaterService       - Checking for updates
21:42:48.259 [FXGL Background Thread 4 ] DEBUG FXGLApplication      - Loading fonts
21:42:48.259 [FXGL Background Thread 4 ] DEBUG FXGLAssetLoaderServi - Loading from file system: jar:file:/C:/Users/Fabrizio/.m2/repository/com/github/almasb/fxgl/21/fxgl-21.jar!/fxglassets/ui/fonts/VarelaRound-Regular.ttf
21:42:48.259 [FXGL Background Thread 1 ] DEBUG FXGLApplication      - Loading default localization
21:42:48.260 [FXGL Background Thread 1 ] DEBUG FXGLAssetLoaderServi - Loading from file system: jar:file:/C:/Users/Fabrizio/.m2/repository/com/github/almasb/fxgl/21/fxgl-21.jar!/fxglassets/languages/english.lang
21:42:48.271 [FXGL Background Thread 1 ] INFO  FXGLApplication      - FXGL initialization took: 0,336 sec
21:42:48.272 [JavaFX Application Thread] DEBUG FXGLAssetLoaderServi - Loading from file system: file:/D:/Intellij/Project/target/classes/assets/textures/watermelon_view.png
21:42:48.285 [FXGL Background Thread 4 ] DEBUG FXGLAssetLoaderServi - Loading from file system: jar:file:/C:/Users/Fabrizio/.m2/repository/com/github/almasb/fxgl/21/fxgl-21.jar!/fxglassets/ui/fonts/Abel-Regular.ttf
21:42:48.285 [JavaFX Application Thread] DEBUG FXGLAssetLoaderServi - Loading from file system: jar:file:/C:/Users/Fabrizio/.m2/repository/com/github/almasb/fxgl/21/fxgl-21.jar!/fxglassets/textures/fxgl_default_cursor.png
21:42:48.293 [FXGL Background Thread 4 ] DEBUG FXGLAssetLoaderServi - Loading from file system: jar:file:/C:/Users/Fabrizio/.m2/repository/com/github/almasb/fxgl/21/fxgl-21.jar!/fxglassets/ui/fonts/TerminalLandMono-Regular.otf
21:42:48.294 [JavaFX Application Thread] DEBUG Input                - Registered new binding: Screenshot - CTRL+8
21:42:48.295 [JavaFX Application Thread] DEBUG Input                - Registered new binding: Dev Options - 1
21:42:48.295 [JavaFX Application Thread] DEBUG Input                - Registered new binding: Dev Console - 2
21:42:48.295 [JavaFX Application Thread] DEBUG Input                - Registered new binding: System info dump - CTRL+9
21:42:48.296 [JavaFX Application Thread] DEBUG Input                - Registered new binding: Restart - CTRL+R
21:42:48.296 [JavaFX Application Thread] DEBUG Input                - Registered new binding: Toggle Debug Camera - CTRL+7
21:42:48.299 [JavaFX Application Thread] DEBUG LoopRunner           - Starting loop
21:42:48.300 [FXGL Background Thread 4 ] DEBUG FXGLAssetLoaderServi - Loading from file system: jar:file:/C:/Users/Fabrizio/.m2/repository/com/github/almasb/fxgl/21/fxgl-21.jar!/fxglassets/ui/fonts/Courier-Prime.ttf
21:42:48.308 [JavaFX Application Thread] DEBUG LoopRunner           - Initializing JavaFX AnimationTimerLoop
21:42:48.309 [JavaFX Application Thread] DEBUG GameApplicationServi - Starting new game
21:42:48.310 [JavaFX Application Thread] DEBUG Input                - Clearing active input actions
21:42:48.317 [JavaFX Application Thread] DEBUG GameApplicationServi - Removing overlay from FXGLStartupScene and adding to FXGLLoadingScene
21:42:48.320 [JavaFX Application Thread] DEBUG PrimaryStageWindow   - FXGLStartupScene -> FXGLLoadingScene
21:42:48.320 [JavaFX Application Thread] DEBUG GameApplicationServi - Clearing previous game
21:42:48.320 [JavaFX Application Thread] DEBUG GameScene            - Clearing game scene
21:42:48.320 [JavaFX Application Thread] DEBUG GameWorld            - Clearing game world
21:42:48.320 [JavaFX Application Thread] DEBUG PhysicsWorld         - Clearing physics world
21:42:48.321 [FXGL Background Thread 4 ] DEBUG FXGLApplication      - Initializing game
21:42:48.326 [FXGL Background Thread 4 ] DEBUG FXGLAssetLoaderServi - Loading from file system: file:/D:/Intellij/Project/target/classes/assets/textures/background_view.png
21:42:48.354 [FXGL Background Thread 4 ] DEBUG FXGLAssetLoaderServi - Loading from file system: file:/D:/Intellij/Project/target/classes/assets/textures/container_view.png
21:42:48.379 [FXGL Background Thread 4 ] DEBUG FXGLAssetLoaderServi - Loading from file system: file:/D:/Intellij/Project/target/classes/assets/textures/ring_view.png
21:42:48.382 [FXGL Background Thread 4 ] DEBUG FXGLAssetLoaderServi - Loading from file system: file:/D:/Intellij/Project/target/classes/assets/textures/next_fruit_view.png
21:42:48.383 [FXGL Background Thread 4 ] DEBUG FXGLAssetLoaderServi - Loading from file system: file:/D:/Intellij/Project/target/classes/assets/textures/score_view.png
21:42:48.388 [FXGL Background Thread 4 ] DEBUG FXGLAssetLoaderServi - Loading from file system: file:/D:/Intellij/Project/target/classes/assets/textures/apple_view.png
21:42:48.389 [FXGL Background Thread 4 ] DEBUG FXGLAssetLoaderServi - Loading from file system: file:/D:/Intellij/Project/target/classes/assets/textures/grape_view.png
21:42:48.390 [FXGL Background Thread 4 ] DEBUG FXGLAssetLoaderServi - Loading from file system: file:/D:/Intellij/Project/target/classes/assets/textures/orange_view.png
21:42:48.393 [FXGL Background Thread 4 ] INFO  FXGLApplication      - Game initialization took: 0,071 sec
21:42:48.469 [JavaFX Application Thread] DEBUG FXGLApplication      - Registering font factories with UI factory
21:42:48.480 [JavaFX Application Thread] DEBUG Input                - Clearing active input actions
21:42:48.489 [JavaFX Application Thread] DEBUG GameApplicationServi - Removing overlay from FXGLLoadingScene and adding to GameScene
21:42:48.492 [JavaFX Application Thread] DEBUG PrimaryStageWindow   - FXGLLoadingScene -> GameScene
21:42:49.035 [JavaFX Application Thread] DEBUG FXGLAssetLoaderServi - Loading from file system: file:/D:/Intellij/Project/target/classes/assets/textures/cherry_view.png
21:42:49.037 [JavaFX Application Thread] DEBUG FXGLAssetLoaderServi - Loading from file system: file:/D:/Intellij/Project/target/classes/assets/sounds/fruit_drop.wav
21:42:49.121 [JavaFX Application Thread] DEBUG FXGLAssetLoaderServi - Loading from file system: file:/D:/Intellij/Project/target/classes/assets/textures/lemon_view.png
21:42:49.252 [JavaFX Application Thread] DEBUG FXGLAssetLoaderServi - Loading from file system: file:/D:/Intellij/Project/target/classes/assets/textures/strawberry_view.png
21:42:49.728 [JavaFX Application Thread] DEBUG FXGLAssetLoaderServi - Loading from file system: file:/D:/Intellij/Project/target/classes/assets/textures/pear_view.png
21:42:49.730 [JavaFX Application Thread] DEBUG FXGLAssetLoaderServi - Loading from file system: file:/D:/Intellij/Project/target/classes/assets/sounds/fruit_merge.wav
21:42:51.258 [FXGL Background Thread 3 ] DEBUG Engine               - Logging environment variables
21:42:51.259 [FXGL Background Thread 3 ] DEBUG Engine               - achievements: []
21:42:51.259 [FXGL Background Thread 3 ] DEBUG Engine               - actualHeight: 720.0
21:42:51.259 [FXGL Background Thread 3 ] DEBUG Engine               - actualHeightProperty: ReadOnlyDoubleProperty [value: 720.0]
21:42:51.259 [FXGL Background Thread 3 ] DEBUG Engine               - actualWidth: 1280.0
21:42:51.259 [FXGL Background Thread 3 ] DEBUG Engine               - actualWidthProperty: ReadOnlyDoubleProperty [value: 1280.0]
21:42:51.259 [FXGL Background Thread 3 ] DEBUG Engine               - appIcon: watermelon_view.png
21:42:51.259 [FXGL Background Thread 3 ] DEBUG Engine               - applicationMode: DEVELOPER
21:42:51.259 [FXGL Background Thread 3 ] DEBUG Engine               - cSSList: [fxgl_dark.css]
21:42:51.259 [FXGL Background Thread 3 ] DEBUG Engine               - collisionDetectionStrategy: BRUTE_FORCE
21:42:51.259 [FXGL Background Thread 3 ] DEBUG Engine               - configClass: Optional.empty
21:42:51.259 [FXGL Background Thread 3 ] DEBUG Engine               - credits: []
21:42:51.259 [FXGL Background Thread 3 ] DEBUG Engine               - defaultCursor: CursorInfo(imageName=fxgl_default_cursor.png, hotspotX=7.0, hotspotY=6.0)
21:42:51.260 [FXGL Background Thread 3 ] DEBUG Engine               - devBBoxColorProperty: ObjectProperty [value: 0xff0000ff]
21:42:51.260 [FXGL Background Thread 3 ] DEBUG Engine               - devEnableDebugCameraProperty: BooleanProperty [value: false]
21:42:51.260 [FXGL Background Thread 3 ] DEBUG Engine               - devSensorColorProperty: ObjectProperty [value: 0xffff00ff]
21:42:51.260 [FXGL Background Thread 3 ] DEBUG Engine               - devShowBBoxProperty: BooleanProperty [value: false]
21:42:51.260 [FXGL Background Thread 3 ] DEBUG Engine               - devShowPositionProperty: BooleanProperty [value: false]
21:42:51.260 [FXGL Background Thread 3 ] DEBUG Engine               - enabledMenuItems: []
21:42:51.260 [FXGL Background Thread 3 ] DEBUG Engine               - engineServices: [class com.almasb.fxgl.app.services.FXGLAssetLoaderService, class com.almasb.fxgl.app.FXGLApplication$GameApplicationService, class com.almasb.fxgl.app.services.FXGLDialogService, class com.almasb.fxgl.app.services.IOTaskExecutorService, class com.almasb.fxgl.io.FileSystemService, class com.almasb.fxgl.localization.LocalizationService, class com.almasb.fxgl.app.services.SystemBundleService, class com.almasb.fxgl.profile.SaveLoadService, class com.almasb.fxgl.ui.FXGLUIFactoryServiceProvider, class com.almasb.fxgl.ui.FXGLDialogFactoryServiceProvider, class com.almasb.fxgl.audio.AudioPlayer, class com.almasb.fxgl.notification.impl.NotificationServiceProvider, class com.almasb.fxgl.achievement.AchievementService, class com.almasb.fxgl.cutscene.CutsceneService, class com.almasb.fxgl.minigames.MiniGameService, class com.almasb.fxgl.net.NetService, class com.almasb.fxgl.app.services.UpdaterService, class com.almasb.fxgl.dev.DevService]
21:42:51.260 [FXGL Background Thread 3 ] DEBUG Engine               - fontGame: Abel-Regular.ttf
21:42:51.260 [FXGL Background Thread 3 ] DEBUG Engine               - fontMono: TerminalLandMono-Regular.otf
21:42:51.260 [FXGL Background Thread 3 ] DEBUG Engine               - fontSizeScaleUI: 1.0
21:42:51.260 [FXGL Background Thread 3 ] DEBUG Engine               - fontText: Courier-Prime.ttf
21:42:51.260 [FXGL Background Thread 3 ] DEBUG Engine               - fontUI: VarelaRound-Regular.ttf
21:42:51.260 [FXGL Background Thread 3 ] DEBUG Engine               - fullScreen: BooleanProperty [value: false]
21:42:51.260 [FXGL Background Thread 3 ] DEBUG Engine               - gameDifficulty: MEDIUM
21:42:51.260 [FXGL Background Thread 3 ] DEBUG Engine               - gameDifficultyProperty: ObjectProperty [value: MEDIUM]
21:42:51.260 [FXGL Background Thread 3 ] DEBUG Engine               - globalMusicVolume: 0.5
21:42:51.260 [FXGL Background Thread 3 ] DEBUG Engine               - globalMusicVolumeProperty: DoubleProperty [value: 0.5]
21:42:51.260 [FXGL Background Thread 3 ] DEBUG Engine               - globalSoundVolume: 0.5
21:42:51.261 [FXGL Background Thread 3 ] DEBUG Engine               - globalSoundVolumeProperty: DoubleProperty [value: 0.5]
21:42:51.261 [FXGL Background Thread 3 ] DEBUG Engine               - height: 720
21:42:51.261 [FXGL Background Thread 3 ] DEBUG Engine               - is3D: false
21:42:51.261 [FXGL Background Thread 3 ] DEBUG Engine               - isAndroid: false
21:42:51.261 [FXGL Background Thread 3 ] DEBUG Engine               - isBrowser: false
21:42:51.261 [FXGL Background Thread 3 ] DEBUG Engine               - isClickFeedbackEnabled: false
21:42:51.261 [FXGL Background Thread 3 ] DEBUG Engine               - isCloseConfirmation: false
21:42:51.261 [FXGL Background Thread 3 ] DEBUG Engine               - isDesktop: true
21:42:51.261 [FXGL Background Thread 3 ] DEBUG Engine               - isDeveloperMenuEnabled: true
21:42:51.261 [FXGL Background Thread 3 ] DEBUG Engine               - isEmbedded: false
21:42:51.261 [FXGL Background Thread 3 ] DEBUG Engine               - isEntityPreloadEnabled: true
21:42:51.261 [FXGL Background Thread 3 ] DEBUG Engine               - isExperimentalTiledLargeMap: false
21:42:51.261 [FXGL Background Thread 3 ] DEBUG Engine               - isFileSystemWriteAllowed: true
21:42:51.261 [FXGL Background Thread 3 ] DEBUG Engine               - isFullScreenAllowed: false
21:42:51.261 [FXGL Background Thread 3 ] DEBUG Engine               - isFullScreenFromStart: false
21:42:51.261 [FXGL Background Thread 3 ] DEBUG Engine               - isGameMenuEnabled: true
21:42:51.261 [FXGL Background Thread 3 ] DEBUG Engine               - isIOS: false
21:42:51.261 [FXGL Background Thread 3 ] DEBUG Engine               - isIntroEnabled: false
21:42:51.262 [FXGL Background Thread 3 ] DEBUG Engine               - isLinux: false
21:42:51.262 [FXGL Background Thread 3 ] DEBUG Engine               - isMac: false
21:42:51.262 [FXGL Background Thread 3 ] DEBUG Engine               - isMainMenuEnabled: false
21:42:51.262 [FXGL Background Thread 3 ] DEBUG Engine               - isManualResizeEnabled: false
21:42:51.262 [FXGL Background Thread 3 ] DEBUG Engine               - isMobile: false
21:42:51.262 [FXGL Background Thread 3 ] DEBUG Engine               - isNative: false
21:42:51.262 [FXGL Background Thread 3 ] DEBUG Engine               - isPauseMusicWhenMinimized: true
21:42:51.262 [FXGL Background Thread 3 ] DEBUG Engine               - isPreserveResizeRatio: false
21:42:51.262 [FXGL Background Thread 3 ] DEBUG Engine               - isProfilingEnabled: false
21:42:51.262 [FXGL Background Thread 3 ] DEBUG Engine               - isScaleAffectedOnResize: true
21:42:51.262 [FXGL Background Thread 3 ] DEBUG Engine               - isSingleStep: false
21:42:51.262 [FXGL Background Thread 3 ] DEBUG Engine               - isUserProfileEnabled: false
21:42:51.262 [FXGL Background Thread 3 ] DEBUG Engine               - isWindows: true
21:42:51.262 [FXGL Background Thread 3 ] DEBUG Engine               - language: ObjectProperty [value: ENGLISH]
21:42:51.262 [FXGL Background Thread 3 ] DEBUG Engine               - menuKey: ESCAPE
21:42:51.262 [FXGL Background Thread 3 ] DEBUG Engine               - mouseSensitivity: 0.2
21:42:51.262 [FXGL Background Thread 3 ] DEBUG Engine               - notificationViewClass: class com.almasb.fxgl.notification.view.XboxNotificationView
21:42:51.262 [FXGL Background Thread 3 ] DEBUG Engine               - pixelsPerMeter: 50.0
21:42:51.262 [FXGL Background Thread 3 ] DEBUG Engine               - platform: WINDOWS
21:42:51.262 [FXGL Background Thread 3 ] DEBUG Engine               - prefHeightProperty: ReadOnlyDoubleProperty [value: 720.0]
21:42:51.262 [FXGL Background Thread 3 ] DEBUG Engine               - prefWidthProperty: ReadOnlyDoubleProperty [value: 1280.0]
21:42:51.262 [FXGL Background Thread 3 ] DEBUG Engine               - profileDir: profiles/
21:42:51.263 [FXGL Background Thread 3 ] DEBUG Engine               - profileName: StringProperty [value: DEFAULT]
21:42:51.263 [FXGL Background Thread 3 ] DEBUG Engine               - randomSeed: -1
21:42:51.263 [FXGL Background Thread 3 ] DEBUG Engine               - runtimeInfo: RuntimeInfo(platform=WINDOWS, version=21, build=28.12.2023 13.35)
21:42:51.263 [FXGL Background Thread 3 ] DEBUG Engine               - saveFileExt: sav
21:42:51.263 [FXGL Background Thread 3 ] DEBUG Engine               - scaledHeightProp$fxgl: DoubleProperty [bound, value: 720.0]
21:42:51.263 [FXGL Background Thread 3 ] DEBUG Engine               - scaledWidthProp$fxgl: DoubleProperty [bound, value: 1280.0]
21:42:51.263 [FXGL Background Thread 3 ] DEBUG Engine               - sceneFactory: com.almasb.fxgl.app.scene.SceneFactory@674ea068
21:42:51.263 [FXGL Background Thread 3 ] DEBUG Engine               - secondsIn24h: 60
21:42:51.263 [FXGL Background Thread 3 ] DEBUG Engine               - soundMenuBack: menu/back.wav
21:42:51.263 [FXGL Background Thread 3 ] DEBUG Engine               - soundMenuPress: menu/press.wav
21:42:51.263 [FXGL Background Thread 3 ] DEBUG Engine               - soundMenuSelect: menu/select.wav
21:42:51.263 [FXGL Background Thread 3 ] DEBUG Engine               - soundNotification: core/notification.wav
21:42:51.263 [FXGL Background Thread 3 ] DEBUG Engine               - stageStyle: DECORATED
21:42:51.263 [FXGL Background Thread 3 ] DEBUG Engine               - supportedLanguages: [ENGLISH, FRENCH, GERMAN, HUNGARIAN, RUSSIAN]
21:42:51.263 [FXGL Background Thread 3 ] DEBUG Engine               - ticksPerSecond: -1
21:42:51.263 [FXGL Background Thread 3 ] DEBUG Engine               - title: Suika FXGL
21:42:51.264 [FXGL Background Thread 3 ] DEBUG Engine               - urlGithub: https://github.com/AlmasB/FXGL
21:42:51.264 [FXGL Background Thread 3 ] DEBUG Engine               - urlLeaderboard: http://fxgl-top.herokuapp.com/
21:42:51.264 [FXGL Background Thread 3 ] DEBUG Engine               - urlPOM: https://raw.githubusercontent.com/AlmasB/FXGL/release/README.md
21:42:51.264 [FXGL Background Thread 3 ] DEBUG Engine               - userAppClass: class com.lucenstuff.fxglgames.suikagame.SuikaGame
21:42:51.264 [FXGL Background Thread 3 ] DEBUG Engine               - version: 0.1
21:42:51.264 [FXGL Background Thread 3 ] DEBUG Engine               - versionCheckDays: 7
21:42:51.264 [FXGL Background Thread 3 ] DEBUG Engine               - width: 1280
21:42:51.264 [FXGL Background Thread 3 ] DEBUG Engine               - Logging services
21:42:51.264 [FXGL Background Thread 3 ] DEBUG Engine               - class com.almasb.fxgl.app.services.FXGLAssetLoaderService
21:42:51.264 [FXGL Background Thread 3 ] DEBUG Engine               - class com.almasb.fxgl.app.FXGLApplication$GameApplicationService
21:42:51.264 [FXGL Background Thread 3 ] DEBUG Engine               - class com.almasb.fxgl.app.services.FXGLDialogService
21:42:51.264 [FXGL Background Thread 3 ] DEBUG Engine               - class com.almasb.fxgl.app.services.IOTaskExecutorService
21:42:51.264 [FXGL Background Thread 3 ] DEBUG Engine               - class com.almasb.fxgl.io.FileSystemService
21:42:51.264 [FXGL Background Thread 3 ] DEBUG Engine               - class com.almasb.fxgl.localization.LocalizationService
21:42:51.264 [FXGL Background Thread 3 ] DEBUG Engine               - class com.almasb.fxgl.app.services.SystemBundleService
21:42:51.264 [FXGL Background Thread 3 ] DEBUG Engine               - class com.almasb.fxgl.profile.SaveLoadService
21:42:51.264 [FXGL Background Thread 3 ] DEBUG Engine               - class com.almasb.fxgl.ui.FXGLUIFactoryServiceProvider
21:42:51.264 [FXGL Background Thread 3 ] DEBUG Engine               - class com.almasb.fxgl.ui.FXGLDialogFactoryServiceProvider
21:42:51.264 [FXGL Background Thread 3 ] DEBUG Engine               - class com.almasb.fxgl.audio.AudioPlayer
21:42:51.265 [FXGL Background Thread 3 ] DEBUG Engine               - class com.almasb.fxgl.notification.impl.NotificationServiceProvider
21:42:51.265 [FXGL Background Thread 3 ] DEBUG Engine               - class com.almasb.fxgl.achievement.AchievementService
21:42:51.265 [FXGL Background Thread 3 ] DEBUG Engine               - class com.almasb.fxgl.cutscene.CutsceneService
21:42:51.265 [FXGL Background Thread 3 ] DEBUG Engine               - class com.almasb.fxgl.minigames.MiniGameService
21:42:51.265 [FXGL Background Thread 3 ] DEBUG Engine               - class com.almasb.fxgl.net.NetService
21:42:51.265 [FXGL Background Thread 3 ] DEBUG Engine               - class com.almasb.fxgl.app.services.UpdaterService
21:42:51.265 [FXGL Background Thread 3 ] DEBUG Engine               - class com.almasb.fxgl.dev.DevService
21:42:53.568 [JavaFX Application Thread] DEBUG FXGLAssetLoaderServi - Loading from file system: file:/D:/Intellij/Project/target/classes/assets/textures/peach_view.png
21:42:55.367 [JavaFX Application Thread] DEBUG FXGLAssetLoaderServi - Loading from file system: file:/D:/Intellij/Project/target/classes/assets/textures/pineapple_view.png
21:43:03.250 [JavaFX Application Thread] DEBUG PrimaryStageWindow   - Push state: DialogSubScene
21:43:03.251 [JavaFX Application Thread] DEBUG Input                - Clearing active input actions
21:43:03.251 [JavaFX Application Thread] DEBUG GameApplicationServi - Removing overlay from GameScene and adding to DialogSubScene
21:43:03.252 [JavaFX Application Thread] DEBUG PrimaryStageWindow   - GameScene -> DialogSubScene
21:43:04.444 [JavaFX Application Thread] DEBUG PrimaryStageWindow   - Pop state: DialogSubScene
21:43:04.444 [JavaFX Application Thread] DEBUG Input                - Clearing active input actions
21:43:04.445 [JavaFX Application Thread] DEBUG GameApplicationServi - Removing overlay from DialogSubScene and adding to GameScene
21:43:04.446 [JavaFX Application Thread] DEBUG PrimaryStageWindow   - GameScene <- DialogSubScene
21:43:13.514 [JavaFX Application Thread] DEBUG FXGLApplication      - Exiting FXGL
21:43:13.514 [JavaFX Application Thread] DEBUG LoopRunner           - Stopping loop
21:43:13.514 [JavaFX Application Thread] DEBUG SystemBundleService  - Saving FXGL system data
21:43:13.516 [JavaFX Application Thread] DEBUG FileSystemAccess     - Writing to: D:\Intellij\Project\system\fxgl.bundle
21:43:13.517 [JavaFX Application Thread] DEBUG Async                - Shutting down background threads
21:43:13.518 [JavaFX Application Thread] DEBUG PrimaryStageWindow   - Closing main window
21:43:13.525 [JavaFX Application Thread] DEBUG Logger               - Closing Logger
