13:40:38.518 [main                     ] DEBUG Logger               - Configured Logger
13:40:38.551 [main                     ] DEBUG GameApplication      - Logging settings
Title: Basic Game App
Version: 0.1
Width: 1280
Height: 720
Fullscreen: false
Intro: false
Profiling: false
Single step:false
App Mode: DEVELOPER
Menu Key: ESCAPE
Stage Style: DECORATED
Scene Factory: class com.almasb.fxgl.app.scene.SceneFactory

13:40:39.117 [JavaFX Application Thread] DEBUG FXGLApplication      - Initializing FXGL
13:40:39.124 [JavaFX Application Thread] INFO  Engine               - FXGL-21 (28.12.2023 13.35) on WINDOWS (J:21.0.1 FX:21.0.1)
13:40:39.124 [JavaFX Application Thread] DEBUG Engine               - JRE Vendor Name: Oracle Corporation
13:40:39.124 [JavaFX Application Thread] DEBUG Engine               - Running on OS: Windows 11 version 10.0
13:40:39.125 [JavaFX Application Thread] DEBUG Engine               - Architecture: amd64
13:40:39.125 [JavaFX Application Thread] INFO  Engine               - Source code and latest versions at: https://github.com/AlmasB/FXGL
13:40:39.125 [JavaFX Application Thread] INFO  Engine               -       Ask questions and discuss at: https://github.com/AlmasB/FXGL/discussions
13:40:39.126 [JavaFX Application Thread] INFO  Engine               -              Join the FXGL chat at: https://gitter.im/AlmasB/FXGL
13:40:39.267 [JavaFX Application Thread] DEBUG PrimaryStageWindow   - Creating a JavaFX scene
13:40:39.334 [JavaFX Application Thread] DEBUG PrimaryStageWindow   - Target settings size: 1280.0 x 720.0
13:40:39.335 [JavaFX Application Thread] DEBUG PrimaryStageWindow   - Scaled scene size:    1280.0 x 720.0
13:40:39.335 [JavaFX Application Thread] DEBUG PrimaryStageWindow   - Scaled ratio: (1.0, 1.0)
13:40:39.338 [JavaFX Application Thread] DEBUG PrimaryStageWindow   - Set initial scene to FXGLStartupScene
13:40:39.342 [JavaFX Application Thread] DEBUG PrimaryStageWindow   - Opening main window
13:40:39.473 [JavaFX Application Thread] DEBUG PrimaryStageWindow   - Window border size: (16.0, 39.0)
13:40:39.473 [JavaFX Application Thread] DEBUG PrimaryStageWindow   - Scaled size: 1280.0 x 720.0
13:40:39.474 [JavaFX Application Thread] DEBUG PrimaryStageWindow   - Scaled ratio: (1.0, 1.0)
13:40:39.474 [JavaFX Application Thread] DEBUG PrimaryStageWindow   - Scene size: 1280.0 x 720.0
13:40:39.474 [JavaFX Application Thread] DEBUG PrimaryStageWindow   - Stage size: 1296.0 x 759.0
13:40:39.483 [FXGL Background Thread 1 ] DEBUG Engine               - Initializing environment variables
13:40:39.562 [FXGL Background Thread 1 ] DEBUG FXGLAssetLoaderServi - User app class for loading assets: class com.lucenstuff.fxglgames.suikagame.SuikaGame
13:40:39.562 [FXGL Background Thread 1 ] DEBUG GameApplicationServi - Applying CSS: fxgl_dark.css
13:40:39.563 [FXGL Background Thread 1 ] DEBUG FXGLAssetLoaderServi - Loading from file system: jar:file:/C:/Users/agust/.m2/repository/com/github/almasb/fxgl/21/fxgl-21.jar!/fxglassets/ui/css/fxgl_dark.css
13:40:39.619 [FXGL Background Thread 1 ] DEBUG GameApplicationServi - Initializing application scenes
13:40:39.718 [FXGL Background Thread 1 ] DEBUG GameWorld            - Game world initialized
13:40:39.802 [FXGL Background Thread 1 ] DEBUG PhysicsWorld         - Physics world initialized: appHeight=720, physics.ppm=50,0
13:40:39.803 [FXGL Background Thread 1 ] DEBUG PhysicsWorld         - Using strategy: BRUTE_FORCE
13:40:39.809 [FXGL Background Thread 1 ] DEBUG GameScene            - Game scene initialized: 1280x720
13:40:39.827 [FXGL Background Thread 1 ] DEBUG FXGL.DefaultMenu     - createMenuBodyGameMenu()
13:40:39.847 [FXGL Background Thread 1 ] DEBUG FXGL.DefaultMenu     - createOptionsMenu()
13:40:39.863 [FXGL Background Thread 1 ] DEBUG FXGLAssetLoaderServi - Loading from file system: jar:file:/C:/Users/agust/.m2/repository/com/github/almasb/fxgl/21/fxgl-21.jar!/fxglassets/textures/particles/smoke.png
13:40:40.000 [FXGL Background Thread 1 ] DEBUG FXGLAssetLoaderServi - Loading from file system: jar:file:/C:/Users/agust/.m2/repository/com/github/almasb/fxgl/21/fxgl-21.jar!/fxglassets/textures/particles/trace_horizontal.png
13:40:40.046 [FXGL Background Thread 1 ] DEBUG GameApplicationServi - Application scenes initialized
13:40:40.065 [FXGL Background Thread 1 ] DEBUG SystemBundleService  - Loading FXGL system data
13:40:40.070 [FXGL Background Thread 1 ] DEBUG FileSystemAccess     - Reading from: D:\Programación\JAVA\SuikaGame\system\fxgl.bundle
13:40:40.084 [FXGL Background Thread 1 ] DEBUG SystemBundleService  - Bundle FXGL: {}
13:40:40.084 [FXGL Background Thread 1 ] DEBUG UpdaterService       - Checking for updates
13:40:40.122 [FXGL Background Thread 1 ] DEBUG FXGLApplication      - Loading default localization
13:40:40.122 [FXGL Background Thread 1 ] DEBUG FXGLAssetLoaderServi - Loading from file system: jar:file:/C:/Users/agust/.m2/repository/com/github/almasb/fxgl/21/fxgl-21.jar!/fxglassets/languages/english.lang
13:40:40.134 [FXGL Background Thread 4 ] DEBUG FXGLApplication      - Loading fonts
13:40:40.134 [FXGL Background Thread 4 ] DEBUG FXGLAssetLoaderServi - Loading from file system: jar:file:/C:/Users/agust/.m2/repository/com/github/almasb/fxgl/21/fxgl-21.jar!/fxglassets/ui/fonts/VarelaRound-Regular.ttf
13:40:40.176 [FXGL Background Thread 1 ] INFO  FXGLApplication      - FXGL initialization took: 0,694 sec
13:40:40.178 [JavaFX Application Thread] DEBUG FXGLAssetLoaderServi - Loading from file system: jar:file:/C:/Users/agust/.m2/repository/com/github/almasb/fxgl/21/fxgl-21.jar!/fxglassets/textures/fxgl_icon.png
13:40:40.205 [JavaFX Application Thread] DEBUG FXGLAssetLoaderServi - Loading from file system: jar:file:/C:/Users/agust/.m2/repository/com/github/almasb/fxgl/21/fxgl-21.jar!/fxglassets/textures/fxgl_default_cursor.png
13:40:40.216 [JavaFX Application Thread] DEBUG Input                - Registered new binding: Screenshot - CTRL+8
13:40:40.217 [JavaFX Application Thread] DEBUG Input                - Registered new binding: Dev Options - 1
13:40:40.217 [JavaFX Application Thread] DEBUG Input                - Registered new binding: Dev Console - 2
13:40:40.218 [JavaFX Application Thread] DEBUG Input                - Registered new binding: System info dump - CTRL+9
13:40:40.218 [JavaFX Application Thread] DEBUG Input                - Registered new binding: Restart - CTRL+R
13:40:40.219 [JavaFX Application Thread] DEBUG Input                - Registered new binding: Toggle Debug Camera - CTRL+7
13:40:40.225 [JavaFX Application Thread] DEBUG LoopRunner           - Starting loop
13:40:40.349 [FXGL Background Thread 4 ] DEBUG FXGLAssetLoaderServi - Loading from file system: jar:file:/C:/Users/agust/.m2/repository/com/github/almasb/fxgl/21/fxgl-21.jar!/fxglassets/ui/fonts/Abel-Regular.ttf
13:40:40.352 [JavaFX Application Thread] DEBUG LoopRunner           - Initializing JavaFX AnimationTimerLoop
13:40:40.353 [JavaFX Application Thread] DEBUG GameApplicationServi - Starting new game
13:40:40.354 [JavaFX Application Thread] DEBUG Input                - Clearing active input actions
13:40:40.372 [JavaFX Application Thread] DEBUG GameApplicationServi - Removing overlay from FXGLStartupScene and adding to FXGLLoadingScene
13:40:40.376 [JavaFX Application Thread] DEBUG PrimaryStageWindow   - FXGLStartupScene -> FXGLLoadingScene
13:40:40.376 [JavaFX Application Thread] DEBUG GameApplicationServi - Clearing previous game
13:40:40.376 [JavaFX Application Thread] DEBUG GameScene            - Clearing game scene
13:40:40.376 [JavaFX Application Thread] DEBUG GameWorld            - Clearing game world
13:40:40.377 [JavaFX Application Thread] DEBUG PhysicsWorld         - Clearing physics world
13:40:40.378 [FXGL Background Thread 1 ] DEBUG FXGLApplication      - Initializing game
13:40:40.387 [FXGL Background Thread 1 ] DEBUG FXGLAssetLoaderServi - Loading from file system: file:/D:/Programaci%c3%b3n/JAVA/SuikaGame/target/classes/assets/textures/background_view.png
13:40:40.417 [FXGL Background Thread 1 ] DEBUG FXGLAssetLoaderServi - Loading from file system: file:/D:/Programaci%c3%b3n/JAVA/SuikaGame/target/classes/assets/textures/container_view.png
13:40:40.545 [FXGL Background Thread 4 ] DEBUG FXGLAssetLoaderServi - Loading from file system: jar:file:/C:/Users/agust/.m2/repository/com/github/almasb/fxgl/21/fxgl-21.jar!/fxglassets/ui/fonts/TerminalLandMono-Regular.otf
13:40:40.561 [FXGL Background Thread 1 ] DEBUG FXGLAssetLoaderServi - Loading from file system: file:/D:/Programaci%c3%b3n/JAVA/SuikaGame/target/classes/assets/textures/ring_view.png
13:40:40.570 [FXGL Background Thread 1 ] DEBUG FXGLAssetLoaderServi - Loading from file system: file:/D:/Programaci%c3%b3n/JAVA/SuikaGame/target/classes/assets/textures/next_fruit_view.png
13:40:40.577 [FXGL Background Thread 1 ] DEBUG FXGLAssetLoaderServi - Loading from file system: file:/D:/Programaci%c3%b3n/JAVA/SuikaGame/target/classes/assets/textures/score_view.png
13:40:40.583 [FXGL Background Thread 1 ] INFO  FXGLApplication      - Game initialization took: 0,204 sec
13:40:40.750 [FXGL Background Thread 4 ] DEBUG FXGLAssetLoaderServi - Loading from file system: jar:file:/C:/Users/agust/.m2/repository/com/github/almasb/fxgl/21/fxgl-21.jar!/fxglassets/ui/fonts/Courier-Prime.ttf
13:40:40.811 [JavaFX Application Thread] DEBUG Input                - Clearing active input actions
13:40:40.824 [JavaFX Application Thread] DEBUG GameApplicationServi - Removing overlay from FXGLLoadingScene and adding to GameScene
13:40:40.831 [JavaFX Application Thread] DEBUG PrimaryStageWindow   - FXGLLoadingScene -> GameScene
13:40:40.837 [JavaFX Application Thread] DEBUG FXGLApplication      - Registering font factories with UI factory
13:40:41.729 [JavaFX Application Thread] DEBUG FXGLAssetLoaderServi - Loading from file system: file:/D:/Programaci%c3%b3n/JAVA/SuikaGame/target/classes/assets/textures/grape_view.png
13:40:41.730 [JavaFX Application Thread] DEBUG FXGLAssetLoaderServi - Loading from file system: file:/D:/Programaci%c3%b3n/JAVA/SuikaGame/target/classes/assets/textures/strawberry_view.png
13:40:42.730 [JavaFX Application Thread] DEBUG FXGLAssetLoaderServi - Loading from file system: file:/D:/Programaci%c3%b3n/JAVA/SuikaGame/target/classes/assets/textures/cherry_view.png
13:40:43.038 [JavaFX Application Thread] DEBUG FXGLApplication      - Exiting FXGL
13:40:43.038 [JavaFX Application Thread] DEBUG LoopRunner           - Stopping loop
13:40:43.039 [JavaFX Application Thread] DEBUG SystemBundleService  - Saving FXGL system data
13:40:43.041 [JavaFX Application Thread] DEBUG FileSystemAccess     - Writing to: D:\Programación\JAVA\SuikaGame\system\fxgl.bundle
13:40:43.043 [JavaFX Application Thread] DEBUG Async                - Shutting down background threads
13:40:43.044 [JavaFX Application Thread] DEBUG PrimaryStageWindow   - Closing main window
13:40:43.060 [JavaFX Application Thread] DEBUG Logger               - Closing Logger
